[2024-02-01 00:11:05,317 cli INFO] 
##############################################
#                                            #
#                 HADDOCK 3                  #
#                                            #
##############################################

Starting HADDOCK 3.0.0 on 2024-02-01 00:11:00

Python 3.9.18 (main, Sep 11 2023, 13:41:44) 
[GCC 11.2.0]

[2024-02-01 00:11:12,702 libworkflow INFO] Reading instructions step 0_topoaa
[2024-02-01 00:11:12,703 libworkflow INFO] Reading instructions step 1_rigidbody
[2024-02-01 00:11:12,705 libworkflow INFO] Reading instructions step 2_caprieval
[2024-02-01 00:11:12,705 libworkflow INFO] Reading instructions step 3_seletop
[2024-02-01 00:11:12,705 libworkflow INFO] Reading instructions step 4_caprieval
[2024-02-01 00:11:12,706 libworkflow INFO] Reading instructions step 5_flexref
[2024-02-01 00:11:12,708 libworkflow INFO] Reading instructions step 6_caprieval
[2024-02-01 00:11:12,708 libworkflow INFO] Reading instructions step 7_emref
[2024-02-01 00:11:12,710 libworkflow INFO] Reading instructions step 8_caprieval
[2024-02-01 00:11:12,711 libworkflow INFO] Reading instructions step 9_clustfcc
[2024-02-01 00:11:12,711 libworkflow INFO] Reading instructions step 10_seletopclusts
[2024-02-01 00:11:12,711 libworkflow INFO] Reading instructions step 11_caprieval
[2024-02-01 00:11:12,865 base_cns_module INFO] Running [topoaa] module
[2024-02-01 00:11:12,866 __init__ INFO] [topoaa] Molecule 1: 4G6K_fv.pdb
[2024-02-01 00:11:12,876 __init__ INFO] [topoaa] Sanitizing molecule 4G6K_fv.pdb
[2024-02-01 00:11:13,039 __init__ INFO] [topoaa] Topology CNS input created in 4G6K_fv.inp
[2024-02-01 00:11:13,040 __init__ INFO] [topoaa] Molecule 2: 4I1B-matched.pdb
[2024-02-01 00:11:13,049 __init__ INFO] [topoaa] Sanitizing molecule 4I1B-matched.pdb
[2024-02-01 00:11:13,238 __init__ INFO] [topoaa] Topology CNS input created in 4I1B-matched.inp
[2024-02-01 00:11:13,238 __init__ INFO] [topoaa] Running CNS Jobs n=2
[2024-02-01 00:11:13,238 libutil INFO] Selected 2 cores to process 2 jobs, with 32 maximum available cores.
[2024-02-01 00:11:13,239 libparallel INFO] Using 2 cores
[2024-02-01 00:11:18,583 libparallel INFO] >> /4G6K_fv.inp completed 50% 
[2024-02-01 00:11:18,585 libparallel INFO] >> /4I1B-matched.inp completed 100% 
[2024-02-01 00:11:18,585 libparallel INFO] 2 tasks finished
[2024-02-01 00:11:18,585 __init__ INFO] [topoaa] CNS jobs have finished
[2024-02-01 00:11:18,680 base_cns_module INFO] Module [topoaa] finished.
[2024-02-01 00:11:18,680 __init__ INFO] [topoaa] took 6 seconds
[2024-02-01 00:11:20,025 base_cns_module INFO] Running [rigidbody] module
[2024-02-01 00:11:20,027 __init__ INFO] [rigidbody] crossdock=true
[2024-02-01 00:11:20,027 __init__ INFO] [rigidbody] Preparing jobs...
