Linux 5.15.0-87-generic (gl6) 	01/31/2024 	_x86_64_	(32 CPU)

01:08:15 AM kbmemfree   kbavail kbmemused  %memused kbbuffers  kbcached  kbcommit   %commit  kbactive   kbinact   kbdirty  kbanonpg    kbslab  kbkstack   kbpgtbl  kbvmused
01:08:20 AM  54117148 389228120   1493992      0.38   4040916 321303012   3564644      0.88 146862580 178629612        20    176152  13904072      9328      4184    331252
01:08:25 AM  53887224 389002112   1716428      0.43   4040916 321306936  36309188      9.00 146863616 178966360       404    510272  13907636      9168     11728    330772
01:08:30 AM  54200292 389317164   1402792      0.36   4040916 321308852   3092804      0.77 146864876 178633668        32    176668  13906288      8352      4124    330580
01:08:35 AM  54196716 389316092   1404372      0.36   4040916 321311264   3092804      0.77 146864876 178636060        40    176676  13905872      8352      4124    330564
01:08:40 AM  54197912 389319168   1401268      0.35   4040916 321313076   3092804      0.77 146864912 178637872        32    176684  13905968      8352      4124    330548
01:08:45 AM  54197228 389320200   1400232      0.35   4040916 321314732   3092804      0.77 146864948 178639468        60    176684  13906032      8352      4124    330548
01:08:50 AM  54196836 389321600   1398824      0.35   4040916 321316452   3092804      0.77 146864948 178641224       208    176692  13906112      8352      4124    330516
01:08:55 AM  54196800 389323392   1397032      0.35   4040916 321318248   3092804      0.77 146864984 178642972        24    176688  13906144      8352      4120    330516
01:09:00 AM  54196224 389324656   1395784      0.35   4040916 321320024   3092804      0.77 146864984 178644760        20    176692  13906192      8352      4124    330516
01:09:05 AM  54195380 389325752   1394684      0.35   4040916 321321904   3092804      0.77 146865020 178646576        16    176688  13906256      8352      4124    330516
01:09:10 AM  54193992 389326228   1394188      0.35   4040916 321323676   3092804      0.77 146865056 178648320        20    176688  13906368      8352      4124    330516
01:09:15 AM  54193812 389327888   1392484      0.35   4040916 321325448   3092804      0.77 146865056 178650084        52    176692  13906480      8352      4124    330532
01:09:20 AM  54192712 389328456   1391972      0.35   4040916 321327052   3092804      0.77 146865092 178651656       180    176692  13906488      8368      4124    330532
01:09:25 AM  54192772 389330432   1389996      0.35   4040916 321328904   3092804      0.77 146865128 178653488        40    176708  13906552      8368      4120    330532
01:09:30 AM  54192136 389331664   1388752      0.35   4040916 321330704   3092804      0.77 146865128 178655352        24    176756  13906632      8368      4120    330516
01:09:35 AM  54191856 389333128   1387188      0.35   4040916 321332388   3092804      0.77 146865164 178657016        20    176780  13906792      8368      4120    330484
01:09:40 AM  54192088 389335312   1385112      0.35   4040916 321334248   3092804      0.77 146865200 178658876        24    176828  13906776      8368      4124    330500
01:09:45 AM  54191176 389336320   1384108      0.35   4040916 321336132   3092804      0.77 146865200 178660796        68    176860  13906808      8368      4120    330532
01:09:50 AM  53204840 388353312   2358740      0.60   4040916 321339228 172999932     42.90 146867192 179677248      2328   1192744  13915416      9408     30596    331188
01:09:55 AM  53148808 388301316   2410712      0.61   4040916 321343176 189874096     47.09 146867436 179730452      1032   1241128  13915528      9408     32336    331204
01:10:00 AM  53258620 388415784   2296520      0.58   4040916 321347836 161146328     39.96 146867596 179536216      3128   1043548  13915248      9344     28668    331156
01:10:05 AM  53257756 388414436   2298468      0.58   4040916 321347380 140401504     34.82 146868024 179505548      2796   1013560  13914620      9296     26040    331076
01:10:10 AM  53018300 388178660   2534048      0.64   4040916 321351060 189917228     47.10 146868524 179760012      6248   1263828  13914816      9408     32332    331188
01:10:15 AM  53110656 388274748   2437240      0.62   4040916 321354668 166621136     41.32 146868896 179631552      6252   1132996  13915660      9392     31468    331172
01:10:20 AM  53012580 388180000   2532736      0.64   4040916 321357764 189887980     47.09 146869448 179764040      5740   1263472  13915144      9408     31872    331124
01:10:25 AM  53094476 388265276   2447208      0.62   4040916 321361020 174037968     43.16 146869704 179667312      6172   1163820  13915520      9392     30848    331076
01:10:30 AM  53115668 388289752   2423132      0.61   4040916 321364092 169638292     42.07 146870240 179633712      4996   1127224  13915332      9392     29980    331188
01:10:35 AM  53019836 388197928   2515148      0.64   4040916 321367964 178781640     44.34 146870612 179684932      6112   1174548  13915276      9392     31184    331188
01:10:40 AM  53069648 388250804   2461864      0.62   4040916 321370736 167519564     41.54 146871056 179639616      5008   1127552  13915976      9376     30044    331124
01:10:45 AM  52932584 388116996   2596652      0.66   4040916 321373832 189885248     47.09 146871552 179779468      5968   1264840  13915156      9408     32272    331156
01:10:50 AM  52942992 388130460   2582700      0.65   4040916 321376884 174020572     43.15 146871856 179719912      5776   1202552  13915648      9376     30948    331188
01:10:55 AM  52975072 388166760   2546944      0.65   4040916 321380976 170341400     42.24 146872340 179686992      5540   1166512  13915232      9392     30920    331092
01:11:00 AM  52880480 388074716   2638432      0.67   4040916 321383404 184262356     45.69 146872748 179764196      5468   1240848  13915908      9392     31780    331124
01:11:05 AM  53056716 388255004   2457984      0.62   4040916 321387368 163792588     40.62 146873124 179648116      5480   1120936  13916156      9376     29820    331092
01:11:10 AM  52993692 388194676   2518116      0.64   4040916 321390460 179654572     44.55 146873604 179716420      5396   1186496  13915956      9392     30676    331076
01:11:15 AM  52966280 388169824   2544376      0.64   4040916 321392480 184014308     45.63 146874004 179761748      6064   1230964  13915088      9376     31076    331076
01:11:20 AM  53094552 388302236   2412488      0.61   4040916 321396528 159906892     39.65 146874360 179591488      4764   1056468  13914656      9264     27760    331076
01:11:25 AM  52995760 388205996   2508660      0.64   4040916 321399116 171893636     42.63 146874884 179711412      4860   1174768  13914688      9344     29936    331156
01:11:30 AM  52963616 388176684   2537472      0.64   4040916 321402004 178412116     44.24 146875256 179750484      5504   1210984  13915132      9344     30796    331108
01:11:35 AM  53033164 388249968   2463784      0.62   4040916 321405748 173827172     43.11 146875680 179705100      5332   1162688  13915528      9328     29772    331076
01:11:40 AM  53057824 388277636   2436032      0.62   4040916 321408760 168176264     41.71 146876008 179689024      5200   1143116  13915608      9296     29256    331028
01:11:45 AM  53034584 388257972   2455528      0.62   4040916 321412168 172939420     42.89 146876500 179684440      6048   1136000  13915944      9312     29988    331156
01:11:50 AM  53001960 388227892   2485428      0.63   4040916 321414824 171870124     42.62 146876876 179734424      5976   1184108  13916012      9312     29984    331124
01:11:55 AM  53063916 388293616   2420460      0.61   4040916 321418512 171016816     42.41 146877336 179694156      5104   1140800  13915336      9296     29060    331156
01:12:00 AM  52974776 388207352   2506928      0.63   4040916 321421324 184025884     45.64 146877764 179788344      6124   1232212  13915196      9344     31464    331204
01:12:05 AM  52974028 388210480   2504036      0.63   4040916 321425280 167316148     41.49 146878124 179697480      4984   1137520  13914880      9312     29192    331092
01:12:10 AM  52984916 388223768   2490704      0.63   4040916 321427536 171019844     42.41 146878596 179713476      5516   1152228  13915068      9344     29816    331108
01:12:15 AM  53008972 388251164   2462868      0.62   4040916 321430764 170998244     42.41 146878968 179726284      5676   1162780  13915620      9328     30648    331124
01:12:20 AM  53108352 388354752   2359244      0.60   4040916 321434644 159898344     39.65 146879400 179624048      5124   1056268  13915984      9264     28012    331076
01:12:25 AM  53114332 388364288   2349484      0.60   4040916 321438092 161840708     40.13 146879812 179617972      5644   1046168  13916316      9312     28784    331076
01:12:30 AM  52972156 388224580   2489220      0.63   4040916 321440688 176665516     43.81 146880280 179739108      5360   1165716  13916160      9328     30300    331140
01:12:35 AM  52939792 388195904   2517620      0.64   4040916 321444392 170122292     42.19 146880696 179716660      5504   1140240  13916420      9344     29856    331188
01:12:40 AM  52932152 388190380   2522648      0.64   4040916 321446844 169079192     41.93 146881076 179748660      4696   1170100  13916580      9328     29524    331172
01:12:45 AM  53008104 388269900   2443800      0.62   4040916 321450348 170134432     42.19 146881468 179707928      5592   1125764  13915972      9328     29344    331140
01:12:50 AM  52994260 388259400   2454232      0.62   4040916 321453604 155335456     38.52 146881880 179686292      5016   1102356  13916128      9312     28800    331124
01:12:55 AM  52960980 388228460   2484696      0.63   4040916 321455988 161668256     40.09 146882212 179721804      4928   1135064  13916560      9280     29240    331076
01:13:00 AM  52984648 388254992   2458252      0.62   4040916 321458768 165373244     41.01 146882652 179702044      4376   1113724  13916556      9328     28984    331076
01:13:05 AM  52920960 388194352   2518484      0.64   4040916 321461784 177526664     44.02 146883044 179778332      5468   1187328  13916996      9312     30128    331108
01:13:10 AM  53142524 388419528   2292952      0.58   4040916 321465436 151616692     37.60 146883324 179569740      5100    974264  13917312      9232     26844    331076
01:13:15 AM  53114836 388394836   2318360      0.59   4040916 321468344 135791268     33.67 146883700 179510272      3632    912140  13916684      9184     25956    330996
01:13:20 AM  52906544 388188728   2525368      0.64   4040916 321470492 176664140     43.81 146884256 179773020      5856   1173352  13915820      9328     31452    331060
01:13:25 AM  52932732 388217968   2494116      0.63   4040916 321473552 170982452     42.40 146884568 179748736      6224   1147284  13917824      9344     30400    331044
01:13:30 AM  53029248 388317300   2395824      0.61   4040916 321476740 153405292     38.04 146884896 179614524      4564   1010264  13916412      9248     27492    331044
01:13:35 AM  52952608 388243268   2471072      0.63   4040916 321479352 167301004     41.49 146885396 179739436      4764   1108292  13915192      9280     29636    331092
01:13:40 AM  52977992 388272056   2442204      0.62   4040916 321482716 167321600     41.49 146885792 179730544      6520   1119816  13915312      9328     30280    331076
01:13:45 AM  52934704 388232024   2481028      0.63   4040916 321485844 174702264     43.32 146886136 179810680      5656   1197836  13916648      9264     29496    331092
01:13:50 AM  53046104 388345480   2367228      0.60   4040916 321487784 154281792     38.26 146886444 179690300      5416   1076540  13917108      9264     28760    331044
01:13:55 AM  52955244 388258692   2455356      0.62   4040916 321491524 163621412     40.58 146886944 179720848      4744   1103388  13916100      9264     29432    331060
01:14:00 AM  52900488 388207104   2507428      0.64   4040916 321494564 177548460     44.03 146887340 179806184      5656   1186204  13915744      9280     30336    331076
01:14:05 AM  52948528 388258120   2456128      0.62   4040916 321497344 170143388     42.19 146887724 179756920      5188   1134964  13916224      9264     29332    331076
01:14:10 AM  52954500 388267392   2446620      0.62   4040916 321500560 163581732     40.57 146888068 179738768      5360   1114076  13916544      9280     28820    331092
01:14:15 AM  53065928 388381780   2332656      0.59   4040916 321503632 146871092     36.42 146888412 179639628      4024   1011344  13916008      9200     27148    331076
01:14:20 AM  52991244 388309788   2405252      0.61   4040916 321506336 157974676     39.18 146888852 179728296      4372   1097732  13915392      9264     28348    331044
01:14:25 AM  52851000 388171144   2543648      0.64   4040916 321507916 175592316     43.54 146889220 179856060      5580   1225080  13915660      9328     31360    331124
01:14:30 AM  53107364 388431992   2282512      0.58   4040916 321512300 145973100     36.20 146889492 179617484      4656    982088  13916048      9200     26748    331108
01:14:35 AM  53119008 388445504   2269092      0.57   4040916 321514092 141244492     35.03 146889896 179624044      3632    987176  13916032      9200     26556    331060
01:14:40 AM  52924492 388253496   2461308      0.62   4040916 321516596 168180868     41.71 146890320 179789176      5088   1149832  13915828      9280     30144    331076
01:14:45 AM  52942288 388274364   2440516      0.62   4040916 321519596 171028928     42.41 146890648 179780316      5800   1138108  13915824      9360     29620    331092
01:14:50 AM  53024276 388360072   2354732      0.60   4040916 321523400 150550328     37.33 146890996 179658528      5012   1013660  13915816      9248     27576    331044
01:14:55 AM  53040204 388378408   2336232      0.59   4040916 321525844 138405492     34.32 146891348 179611692      3960    964136  13915944      9248     26164    331028
01:15:00 AM  53051188 388391608   2322008      0.59   4040916 321528076 145822132     36.16 146891680 179647748      3768    999040  13916952      9216     26500    331028
01:15:05 AM  52883328 388226572   2488448      0.63   4040916 321530744 169056184     41.92 146892176 179824320      5072   1164888  13915704      9312     30252    331108
01:15:10 AM  52852840 388199300   2515460      0.64   4040916 321533936 167310400     41.49 146892456 179762504      5828   1108656  13915988      9312     29196    331108
01:15:15 AM  53086284 388436040   2278624      0.58   4040916 321537336 135758732     33.67 146892756 179566036      4120    908816  13915980      9168     25432    331028
01:15:20 AM  53005312 388357164   2357316      0.60   4040916 321539360 150569624     37.34 146893152 179691172      4504   1032544  13916236      9232     27568    331028
01:15:25 AM  52850284 388204496   2510388      0.64   4040916 321541668 174717744     43.33 146893600 179843536      4972   1183196  13915884      9328     29888    330996
01:15:30 AM  52889080 388245664   2467484      0.62   4040916 321544272 168890852     41.88 146893964 179815988      5580   1151836  13917388      9296     29932    331028
01:15:35 AM  53049940 388410368   2302952      0.58   4040916 321548116 147355172     36.54 146894332 179646924      4496    980696  13917216      9184     26664    331092
01:15:40 AM  53266084 388627552   2088812      0.53   4040916 321549128  95806996     23.76 146894496 179378464      3900    711160  13914200      8880     18620    330804
01:15:45 AM  53671508 389033424   1685316      0.43   4040916 321549540  26438260      6.56 146894588 178982644       768    314876  13911860      8512      8296    330500
01:15:50 AM  53801688 389163524   1556192      0.39   4040916 321549516   3092804      0.77 146894592 178845336       208    177440  13910828      8352      4128    330372
01:15:55 AM  53849816 389215092   1504800      0.38   4040916 321553244   3101108      0.77 146896608 178855292        80    185996  13910364      8336      4148    330356
01:16:00 AM  53597572 388963316   1749600      0.44   4040916 321553368  65317244     16.20 146912452 179115080       236    461156  13917684      8816     14776    330788
01:16:05 AM  53575236 388941128   1771760      0.45   4040916 321553520  65317244     16.20 146912616 179138088        80    484284  13917708      8816     14940    330772
01:16:10 AM  53602912 388969056   1744016      0.44   4040916 321553772  63171860     15.67 146912872 179131880        12    478008  13917524      8800     14564    330788
01:16:15 AM  53716436 389082992   1633392      0.41   4040916 321554052  22409564      5.56 146913132 178935652         8    281884  13914344      8544      8616    330580
01:16:20 AM  53752940 389119500   1600024      0.41   4040916 321554064   3101108      0.77 146913136 178839996       180    186056  13911196      8352      4152    330420
01:16:25 AM  53754736 389121064   1598472      0.40   4040916 321553820   3101108      0.77 146913136 178839748        40    186052  13911196      8352      4148    330420
01:16:30 AM  53756016 389122136   1597408      0.40   4040916 321553604   3101108      0.77 146913136 178839544       180    186056  13911196      8352      4148    330420
01:16:35 AM  53749888 389116824   1602684      0.41   4040916 321554408   3105716      0.77 146913136 178845084        60    190812  13911244      8368      4156    330436
01:16:40 AM  53749336 389117756   1601756      0.41   4040916 321555856   3105716      0.77 146913136 178846544        16    190812  13911276      8368      4156    330420
01:16:45 AM  53764176 389133644   1585936      0.40   4040916 321556900   3105716      0.77 146913136 178847552         8    190820  13911212      8384      4152    330436
01:16:50 AM  53763484 389134856   1584604      0.40   4040916 321558748   3105716      0.77 146913136 178849400        12    190820  13911388      8368      4156    330420
01:16:55 AM  53764676 389137652   1581880      0.40   4040916 321560312   3105716      0.77 146913140 178850996         4    190816  13911356      8352      4152    330404
01:17:00 AM  53764212 389138620   1580952      0.40   4040916 321561720   3105716      0.77 146913140 178852400       180    190820  13911340      8352      4156    330420
01:17:05 AM  52873628 388251908   2461256      0.62   4040916 321565568 172993020     42.90 146914136 179846544      2996   1182824  13917772      9296     30560    331140
01:17:10 AM  52551800 387930464   2782764      0.70   4040916 321566008 173151888     42.94 146914196 179888508       428   1224468  13917652      9296     32548    331108
01:17:15 AM  52552392 387931180   2782108      0.70   4040916 321566072 173154992     42.94 146914196 179890732       336   1226336  13917652      9296     32556    331092
01:17:20 AM  52558872 387937724   2775520      0.70   4040916 321566188 173156904     42.94 146914196 179893368       324   1229036  13917644      9296     32568    331092
01:17:25 AM  52595544 387974684   2738572      0.69   4040916 321566464 173157648     42.94 146914244 179907196       296   1242788  13917644      9296     32564    331108
01:17:30 AM  52607612 387987116   2726092      0.69   4040916 321566876 173157648     42.94 146914252 179912404       324   1247564  13917644      9296     32564    331108
01:17:35 AM  52633008 388012908   2700296      0.68   4040916 321567308 173268848     42.97 146914312 179952104       296   1287368  13917612      9296     32592    331092
01:17:40 AM  52734348 388114688   2598600      0.66   4040916 321567696 173341812     42.99 146914312 179981360       252   1315764  13917580      9296     32748    331108
01:17:45 AM  52770144 388150744   2562624      0.65   4040916 321567940 173277044     42.97 146914312 179960836       216   1294732  13917516      9312     32792    331140
01:17:50 AM  52786336 388167116   2546208      0.64   4040916 321568188 173277044     42.97 146914312 179963728       360   1297568  13917492      9312     32800    331172
01:17:55 AM  52781320 388162388   2551080      0.65   4040916 321568428 173277044     42.97 146914312 179965040       204   1298356  13917396      9312     32800    331204
01:18:00 AM  52739680 388120928   2592448      0.66   4040916 321568668 173281200     42.97 146914312 179967812       216   1301120  13917428      9312     32804    331172
01:18:05 AM  52772648 388154224   2559204      0.65   4040916 321568912 173311792     42.98 146914312 179981764       184   1314616  13917460      9312     32872    331172
01:18:10 AM  52739436 388121284   2592052      0.66   4040916 321569276 173375924     42.99 146914312 180009224       216   1342040  13917460      9312     32976    331172
01:18:15 AM  52717656 388099952   2613396      0.66   4040916 321569680 173409704     43.00 146914312 180026812       224   1358840  13917492      9312     33052    331204
01:18:20 AM  52738420 388120932   2592232      0.66   4040916 321570080 173414628     43.00 146914312 180029896       356   1361772  13917492      9312     33064    331220
01:18:25 AM  52746708 388129800   2583628      0.65   4040916 321570492 173414628     43.00 146914312 180031064       188   1362076  13917396      9312     33064    331204
01:18:30 AM  52752640 388135952   2577252      0.65   4040916 321570936 173414628     43.00 146914312 180032336       328   1363468  13917396      9312     33064    331204
01:18:35 AM  52769296 388153372   2559944      0.65   4040916 321571448 166828288     41.37 146914384 179977892       200   1308240  13917536      9248     31644    331172
01:18:40 AM  52676608 388060604   2653196      0.67   4040916 321571436 167623136     41.57 146914664 179971676      1380   1302484  13916984      9328     31960    331140
01:18:45 AM  52688764 388073620   2640748      0.67   4040916 321572196 165788660     41.11 146914964 179882032      2652   1212296  13916516      9296     31488    331124
01:18:50 AM  52629140 388014224   2699988      0.68   4040916 321572432 170372692     42.25 146915128 179924508        20   1255004  13916664      9328     32352    331124
01:18:55 AM  52638024 388023284   2690892      0.68   4040916 321572544 173202812     42.95 146915384 179944828      1080   1275028  13916764      9328     32244    331108
01:19:00 AM  52605204 387990736   2723384      0.69   4040916 321572872 173157832     42.94 146915388 179925324       532   1255636  13916764      9360     32600    331156
01:19:05 AM  52645412 388031244   2682964      0.68   4040916 321573180 173172480     42.94 146915436 179936964       472   1266912  13916668      9328     32624    331140
01:19:10 AM  52687180 388073328   2640876      0.67   4040916 321573496 173197692     42.95 146915436 179948600       464   1278888  13916672      9328     32600    331172
01:19:15 AM  52694184 388080704   2633508      0.67   4040916 321573860 173202368     42.95 146915472 179956096       480   1285240  13916672      9328     32620    331140
01:19:20 AM  52742460 388129264   2584932      0.65   4040916 321574192 173238532     42.96 146915472 179970828       444   1299892  13916640      9328     32688    331124
01:19:25 AM  52758236 388145420   2568972      0.65   4040916 321574488 173253444     42.96 146915472 179978968       380   1307220  13916528      9328     32712    331092
01:19:30 AM  52698000 388085348   2628960      0.67   4040916 321574768 173445388     43.01 146915472 180035428       520   1363904  13916496      9328     32748    331108
01:19:35 AM  52714892 388102648   2611776      0.66   4040916 321575060 173302480     42.98 146915472 180002496       372   1330012  13916496      9328     32816    331092
01:19:40 AM  52727112 388115000   2599256      0.66   4040916 321575360 173315312     42.98 146915472 180009372       544   1337248  13916496      9328     32844    331108
01:19:45 AM  52741888 388130196   2584268      0.65   4040916 321575668 173319672     42.98 146915476 180013500       404   1340632  13916400      9328     32848    331092
01:19:50 AM  52688868 388076920   2636916      0.67   4040916 321576040 173523344     43.03 146915476 180077464       608   1404536  13916400      9328     32908    331108
01:19:55 AM  52758336 388147264   2567312      0.65   4040916 321576432 173359984     42.99 146915512 180031660       548   1358280  13916144      9328     32952    331076
01:20:00 AM  52773204 388163116   2551744      0.65   4040916 321577360 166807592     41.37 146915548 179972696       592   1298412  13915916      9312     32152    331028
01:20:05 AM  52763336 388153008   2561268      0.65   4040916 321577224 164028996     40.68 146915640 179959568       596   1285492  13916396      9312     31948    331028
01:20:10 AM  52652700 388043104   2670804      0.68   4040916 321577876 173323084     42.98 146915804 180011664      1428   1337380  13916844      9328     32836    331044
01:20:15 AM  52616032 388006380   2707492      0.69   4040916 321577844 170553992     42.30 146915872 180023884       452   1348972  13916856      9328     32504    331044
01:20:20 AM  52646256 388037512   2676744      0.68   4040916 321578608 173266044     42.97 146915984 179984524       556   1309380  13916616      9312     31988    331060
01:20:25 AM  52624424 388015796   2698600      0.68   4040916 321578712 167565232     41.55 146916108 179952716       488   1277708  13916488      9312     31664    331092
01:20:30 AM  52614212 388006044   2707812      0.69   4040916 321578992 173346760     42.99 146916404 180004744      1796   1329780  13917208      9328     32372    331092
01:20:35 AM  52665288 388057424   2656860      0.67   4040916 321579292 173179480     42.95 146916480 179942964       524   1267908  13916784      9328     32560    331092
01:20:40 AM  52675092 388067468   2646828      0.67   4040916 321579528 173171120     42.94 146916572 179941232       368   1266140  13916776      9328     32388    331124
01:20:45 AM  52631812 388024468   2689840      0.68   4040916 321579812 173285880     42.97 146916576 179984428       232   1309032  13916760      9328     32600    331092
01:20:50 AM  52677496 388070436   2643832      0.67   4040916 321580104 173210108     42.95 146916612 179961000       232   1285396  13916792      9328     32628    331092
01:20:55 AM  52670560 388063792   2650452      0.67   4040916 321580420 173221340     42.96 146916612 179968112       288   1292156  13916792      9328     32640    331092
01:21:00 AM  52638984 388032508   2681720      0.68   4040916 321580728 173320428     42.98 146916632 180005092       392   1328652  13916792      9312     32668    331108
01:21:05 AM  52676956 388070792   2643448      0.67   4040916 321581028 173272932     42.97 146916632 179992752       248   1315572  13916792      9312     32816    331124
01:21:10 AM  52663656 388057800   2656576      0.67   4040916 321581320 173291020     42.97 146916636 180001380       264   1324392  13916672      9312     32768    331124
01:21:15 AM  52668168 388062556   2651740      0.67   4040916 321581628 173332796     42.98 146916636 180017832       224   1340768  13916688      9328     32860    331124
01:21:20 AM  52671920 388066636   2647688      0.67   4040916 321581928 173340620     42.99 146916636 180023384       176   1346000  13916688      9328     32864    331140
01:21:25 AM  52678584 388073484   2640712      0.67   4040916 321582240 173346860     42.99 146916636 180028896       196   1351088  13916688      9328     32892    331140
01:21:30 AM  52686868 388082216   2632116      0.67   4040916 321582552 173364600     42.99 146916636 180037600       356   1358960  13916688      9328     32924    331092
01:21:35 AM  52737364 388133180   2581168      0.65   4040916 321583172 169639464     42.07 146916668 179996540       296   1317616  13916520      9312     32096    331092
01:21:40 AM  52685576 388081604   2632300      0.67   4040916 321583240 173323148     42.98 146916772 180024116       480   1345156  13917108      9328     32536    331060
01:21:45 AM  52644840 388041172   2672748      0.68   4040916 321583592 173327780     42.98 146916852 180023692       176   1344652  13917044      9344     32552    331076
01:21:50 AM  52644308 388041620   2672192      0.68   4040916 321584448 170453912     42.27 146917020 180000232       488   1320096  13917276      9312     32112    331076
01:21:55 AM  52624608 388022056   2691680      0.68   4040916 321584664 169612448     42.06 146917068 179969140       208   1289100  13917272      9328     32280    331060
01:22:00 AM  52640168 388037896   2675552      0.68   4040916 321584832 167563092     41.55 146917236 179941668       292   1261368  13917672      9328     31668    331076
01:22:05 AM  52614504 388012792   2700716      0.68   4040916 321585476 169530140     42.04 146917300 179946972        88   1266476  13917528      9312     32048    331028
01:22:10 AM  52662736 388061400   2652284      0.67   4040916 321585732 166646000     41.33 146917496 179920048      1136   1239160  13917472      9328     31784    331076
01:22:15 AM  52646680 388045484   2668532      0.68   4040916 321585820 170360664     42.25 146917624 179948068      1676   1267684  13917192      9328     32336    331044
01:22:20 AM  52602512 388001636   2712372      0.69   4040916 321586116 173176196     42.95 146917740 179947176        64   1266220  13917224      9328     32420    331076
01:22:25 AM  52649380 388048788   2665196      0.67   4040916 321586424 173202416     42.95 146917744 179960516        52   1279148  13917224      9328     32616    331108
01:22:30 AM  52646360 388046080   2667908      0.68   4040916 321586732 173216672     42.96 146917776 179969292        16   1287716  13917224      9328     32656    331092
01:22:35 AM  52653864 388053804   2660120      0.67   4040916 321587016 173225420     42.96 146917780 179976040       428   1294472  13917224      9328     32676    331124
01:22:40 AM  52658152 388058476   2655480      0.67   4040916 321587336 173253760     42.96 146917792 179989740        12   1307668  13917256      9328     32724    331108
01:22:45 AM  52666040 388066612   2647280      0.67   4040916 321587648 173289848     42.97 146917796 180004236       468   1322212  13917256      9328     32800    331108
01:22:50 AM  52678376 388079352   2634812      0.67   4040916 321587972 173301696     42.98 146917800 180011668       596   1328720  13917064      9312     32824    331092
01:22:55 AM  52656328 388057460   2656564      0.67   4040916 321588264 173414092     43.00 146917800 180052324       432   1369608  13917068      9312     32944    331076
01:23:00 AM  52678332 388079940   2634228      0.67   4040916 321588596 173349480     42.99 146917800 180033940       444   1350264  13917068      9296     32920    331060
01:23:05 AM  52676640 388078372   2635544      0.67   4040916 321588940 173358788     42.99 146917800 180039516       424   1356148  13917100      9296     32932    331044
01:23:10 AM  52657408 388059748   2654084      0.67   4040916 321589260 173344928     42.99 146917872 180036084       692   1351932  13917472      9296     33384    331028
01:23:15 AM  52630736 388033328   2680560      0.68   4040916 321589664 173356724     42.99 146917944 180036604       632   1352540  13917264      9296     32912    331012
01:23:20 AM  52614332 388017412   2696660      0.68   4040916 321590060 173349404     42.99 146918016 180036272       816   1351740  13917172      9296     32944    330964
01:23:25 AM  52578200 387981604   2732640      0.69   4040916 321590388 173343720     42.99 146918084 180030868       620   1346196  13916996      9296     32728    330932
01:23:30 AM  52649340 388053720   2660948      0.67   4040916 321590804 170507984     42.28 146918164 179992536       740   1301820  13917132      9296     32688    330884
01:23:35 AM  52642064 388046372   2667576      0.68   4040916 321591136 173245324     42.96 146918384 179991500       964   1306204  13917448      9296     32700    330916
01:23:40 AM  52607756 388012340   2701596      0.68   4040916 321591444 173262396     42.97 146918432 179993868       472   1308196  13917428      9296     32724    330964
01:23:45 AM  52623684 388028492   2685468      0.68   4040916 321591572 167360164     41.50 146918536 179940536       484   1255140  13917500      9264     31436    330996
01:23:50 AM  52619272 388024444   2689492      0.68   4040916 321591892 167332804     41.50 146918656 179931192       592   1245672  13917568      9264     31516    330996
01:23:55 AM  52596820 388002464   2711572      0.69   4040916 321592276 167427672     41.52 146918760 179962640       568   1276752  13917556      9264     31628    331028
01:24:00 AM  52672668 388078688   2635200      0.67   4040916 321592580 167420408     41.52 146918832 179940568       568   1254532  13917776      9264     31704    331060
01:24:05 AM  52703076 388109392   2604644      0.66   4040916 321592860 167336404     41.50 146918880 179930648       396   1244460  13917644      9264     31652    331060
01:24:10 AM  52711260 388117848   2596188      0.66   4040916 321593132 167369504     41.51 146918884 179945636       284   1259076  13917644      9264     31708    331124
01:24:15 AM  52703664 388110528   2603508      0.66   4040916 321593404 167374072     41.51 146918904 179951732       256   1264828  13917648      9280     31724    331140
01:24:20 AM  52677956 388085100   2628852      0.67   4040916 321593736 167489384     41.54 146918908 179994836       260   1307188  13917680      9280     31772    331140
01:24:25 AM  52716288 388123780   2590200      0.66   4040916 321594056 167415024     41.52 146918916 179971812       272   1284380  13917680      9280     31804    331140
01:24:30 AM  52681192 388088984   2624936      0.66   4040916 321594384 167541264     41.55 146918920 180020124       440   1332336  13917712      9280     31876    331108
01:24:35 AM  52701152 388109272   2604620      0.66   4040916 321594736 167468032     41.53 146918920 179996112       288   1307788  13917716      9280     31908    331076
01:24:40 AM  52714352 388122828   2591016      0.66   4040916 321595140 167491756     41.54 146918920 180008496       496   1319964  13917716      9296     31944    331092
01:24:45 AM  52733564 388142428   2572100      0.65   4040916 321595428 167460904     41.53 146919028 179993208       364   1304236  13917132      9280     32040    331044
01:24:50 AM  52725568 388134732   2579784      0.65   4040916 321595804 167491444     41.54 146919028 180004436       260   1315292  13917068      9280     31972    331044
01:24:55 AM  52690536 388100136   2614572      0.66   4040916 321596160 167532756     41.55 146919132 180017300       320   1327732  13916956      9264     31872    331044
01:25:00 AM  52691744 388101808   2612796      0.66   4040916 321596636 167427164     41.52 146919236 179980264       436   1290388  13917048      9264     31812    330996
01:25:05 AM  52643852 388054100   2659972      0.67   4040916 321596744 167401196     41.51 146919396 179963996      1312   1274180  13917656      9264     31968    331012
01:25:10 AM  52642496 388053092   2661000      0.67   4040916 321597144 167396256     41.51 146919500 179957096       544   1267132  13917584      9264     31424    331028
01:25:15 AM  52669232 388080304   2633572      0.67   4040916 321597512 167374324     41.51 146919616 179950168       404   1259720  13917908      9264     31500    331044
01:25:20 AM  52672404 388083732   2630340      0.67   4040916 321597840 167354900     41.50 146919704 179946208       272   1255596  13917640      9264     31528    331044
01:25:25 AM  52612564 388024284   2690072      0.68   4040916 321598164 167446716     41.52 146919760 179976728       260   1285836  13917424      9264     31600    331060
01:25:30 AM  52643944 388056240   2658496      0.67   4040916 321598772 164534088     40.80 146919812 179943428       112   1252072  13917012      9248     31428    331076
01:25:35 AM  52657124 388069516   2645148      0.67   4040916 321598836 167362916     41.50 146919900 179949652        76   1258216  13917116      9264     31688    331092
01:25:40 AM  52662592 388075080   2639636      0.67   4040916 321599100 167354560     41.50 146919972 179941460       208   1249988  13916896      9296     31492    331092
01:25:45 AM  52674344 388087232   2627532      0.67   4040916 321599452 167385628     41.51 146919980 179960064        56   1268088  13916896      9280     31796    331076
01:25:50 AM  52673336 388086464   2628376      0.67   4040916 321599720 167390672     41.51 146920016 179961608        32   1269616  13916792      9280     31736    331092
01:25:55 AM  52675632 388089068   2625792      0.66   4040916 321600008 167407484     41.51 146920028 179970428        32   1277796  13916792      9280     31780    331076
01:26:00 AM  52705736 388119404   2595372      0.66   4040916 321600324 167417936     41.52 146920028 179977848        20   1285360  13916792      9280     31784    331076
01:26:05 AM  52707036 388121156   2593708      0.66   4040916 321600688 167447232     41.52 146920036 179992256        28   1299004  13916792      9280     31860    331060
01:26:10 AM  52697552 388111936   2602764      0.66   4040916 321601072 167536780     41.55 146920072 180025552         0   1332268  13916836      9280     31932    331092
01:26:15 AM  52713220 388128076   2586580      0.66   4040916 321601428 167463428     41.53 146920112 180001836         4   1307992  13916996      9280     31880    331092
01:26:20 AM  52680232 388095292   2618932      0.66   4040916 321601768 167470348     41.53 146920148 180002128       584   1308252  13917292      9264     31884    331124
01:26:25 AM  52665896 388081492   2632844      0.67   4040916 321602144 167444172     41.52 146920220 179994064       676   1299868  13917340      9264     31824    331124
01:26:30 AM  52615096 388031224   2683448      0.68   4040916 321602804 164693692     40.84 146920324 180011320       792   1316472  13916876      9264     31436    331124
01:26:35 AM  52629416 388045664   2668764      0.68   4040916 321602784 167394408     41.51 146920480 179967300       804   1272100  13917260      9280     31548    331124
01:26:40 AM  52652600 388069180   2644788      0.67   4040916 321603160 167365044     41.50 146920628 179953328       812   1258380  13917676      9280     31672    331140
01:26:45 AM  52669020 388086268   2627584      0.67   4040916 321603744 164543220     40.80 146920688 179950560       520   1255132  13917876      9296     31384    331108
01:26:50 AM  52649260 388066356   2647524      0.67   4040916 321603772 167372212     41.51 146920788 179951292       568   1255948  13917668      9264     31656    331108
01:26:55 AM  52662116 388079572   2634328      0.67   4040916 321604112 167372100     41.51 146920796 179958104       392   1262892  13917668      9264     31680    331124
01:27:00 AM  52641044 388058808   2655352      0.67   4040916 321604472 167380112     41.51 146920856 179961548       656   1265660  13917356      9248     31692    331140
01:27:05 AM  52659692 388077696   2636280      0.67   4040916 321604668 167347668     41.50 146920940 179951332       644   1255212  13917584      9264     31320    331108
01:27:10 AM  52680756 388099116   2615348      0.66   4040916 321605040 167356180     41.50 146921016 179952676       440   1256380  13917080      9248     31876    331108
01:27:15 AM  52658832 388077612   2637048      0.67   4040916 321605428 167377904     41.51 146921056 179961260       284   1264440  13916916      9248     31688    331124
01:27:20 AM  52659132 388078184   2636364      0.67   4040916 321605700 167470496     41.53 146921128 179991168       400   1294112  13917028      9248     31620    331108
01:27:25 AM  52682484 388101756   2612744      0.66   4040916 321605968 167394888     41.51 146921136 179968056       276   1270876  13917028      9232     31716    331076
01:27:30 AM  52682068 388101664   2612848      0.66   4040916 321606280 167413588     41.52 146921144 179979504       292   1281976  13917028      9232     31740    331092
01:27:35 AM  52690660 388110528   2603940      0.66   4040916 321606596 167429784     41.52 146921148 179987368       272   1289604  13917028      9232     31776    331108
01:27:40 AM  52722984 388143020   2571676      0.65   4040916 321606824 161583680     40.07 146921156 179959836       452   1261924  13916740      9216     30824    331092
01:27:45 AM  52753300 388173660   2541004      0.64   4040916 321607180 161602332     40.08 146921156 179967292       316   1268956  13916740      9216     30852    331108
01:27:50 AM  52867236 388287556   2427396      0.61   4040916 321607160 143996096     35.71 146921160 179849444       436   1150936  13916432      9152     27920    331060
01:27:55 AM  52891208 388311820   2403060      0.61   4040916 321607524 144010256     35.71 146921160 179856164       300   1157468  13916432      9152     27948    331092
01:28:00 AM  53013408 388434284   2281200      0.58   4040916 321607700 122670392     30.42 146921164 179696076       320    996988  13915916      9056     24460    331028
01:28:05 AM  53105292 388525708   2190552      0.55   4040916 321607288 103005816     25.54 146921160 179606124       472    907452  13915092      8928     21004    331012
01:28:10 AM  53321656 388741868   1975528      0.50   4040916 321607004  73572452     18.24 146921156 179377904       172    679420  13914036      8768     16084    330820
01:28:15 AM  53367560 388787756   1930068      0.49   4040916 321607004  61829308     15.33 146921160 179298764       112    600288  13913592      8704     14096    330804
01:28:20 AM  53438416 388858672   1859440      0.47   4040916 321606984  50086736     12.42 146921160 179218344       292    519640  13913384      8640     12116    330740
01:28:25 AM  53539488 388959888   1758660      0.45   4040916 321607168  32471796      8.05 146921160 179096896        80    398064  13912908      8560      9492    330660
01:28:30 AM  53622148 389042060   1677032      0.42   4040916 321606568  14850892      3.68 146921160 178972916       236    274556  13912476      8448      6152    330564
01:28:35 AM  53652292 389072136   1647160      0.42   4040916 321606492   8977732      2.23 146921160 178931432        68    233144  13912280      8416      5152    330548
01:28:40 AM  53624740 389045360   1666688      0.42   4040916 321607256  65455484     16.23 146938968 179029152        56    347896  13919540      8880     14196    330980
01:28:45 AM  53561764 388982620   1729576      0.44   4040916 321607456  65455484     16.23 146939164 179130348        32    449400  13919428      8880     15056    330964
01:28:50 AM  53573032 388994360   1717816      0.44   4040916 321607772  63305492     15.70 146939480 179123932        16    442644  13919604      8864     14680    330980
01:28:55 AM  53568768 388990388   1724664      0.44   4040916 321608028  26755628      6.64 146939700 178972684        12    291424  13916764      8608      8664    330788
01:29:00 AM  53631276 389052632   1665720      0.42   4040916 321607736   3105716      0.77 146939704 178872524         8    191476  13913492      8416      4156    330596
01:29:05 AM  53630380 389051736   1666604      0.42   4040916 321607748   3105716      0.77 146939704 178872512        52    191476  13913492      8416      4156    330580
01:29:10 AM  53627692 389050644   1667712      0.42   4040916 321609296   3106228      0.77 146939704 178874580       164    191980  13913524      8416      4156    330548
01:29:15 AM  53627244 389052052   1666220      0.42   4040916 321611092   3106228      0.77 146939704 178876376        20    191988  13913668      8416      4152    330548
01:29:20 AM  53628808 389054780   1663632      0.42   4040916 321612228   3106228      0.77 146939704 178877496       160    191960  13913556      8368      4116    330532
01:29:25 AM  53427796 388856384   1855596      0.47   4040916 321614784  75179880     18.64 146939904 179154036         8    466428  13920048      9072     17708    331044
01:29:30 AM  52752700 388187004   2525128      0.64   4040916 321620496 173030548     42.91 146940640 179894920       144   1202216  13919900      9328     32216    331204
01:29:35 AM  53064884 388505776   2207080      0.56   4040916 321627128 131151128     32.52 146940784 179610804      4000    912092  13919132      9216     26296    331092
01:29:40 AM  52930748 388369196   2345488      0.59   4040916 321624656 111917848     27.75 146941300 179737064      3392   1041096  13917332      9248     26280    331108
01:29:45 AM  52836724 388281172   2433184      0.62   4040916 321630616 162777792     40.37 146941736 179839536      6676   1137792  13917700      9296     30268    331140
01:29:50 AM  53329172 388778168   1936264      0.49   4040916 321635164 100612304     24.95 146941916 179323784      3536    617800  13917624      9056     20536    330980
01:29:55 AM  53085208 388534020   2179824      0.55   4040916 321634996 118960908     29.50 146942460 179571768      2584    866540  13918196      9184     24456    330964
01:30:00 AM  52753236 388205832   2507636      0.64   4040916 321638672 167402776     41.51 146942984 179925116      7640   1216856  13918680      9328     31492    331028
01:30:05 AM  53117096 388574720   2138940      0.54   4040916 321643600 117211948     29.07 146943304 179534956      4628    821796  13918588      9120     23780    331044
01:30:10 AM  53005636 388465364   2246924      0.57   4040916 321645676 124828356     30.96 146943756 179594336      4336    877036  13919988      9200     24828    331012
01:30:15 AM  52852888 388316016   2396816      0.61   4040916 321648932 152527184     37.82 146944268 179806056      6240   1088628  13919588      9280     29260    331092
01:30:20 AM  52953332 388419588   2294784      0.58   4040916 321651976 136432848     33.83 146944648 179703380      5912    983724  13918132      9232     26556    331044
01:30:25 AM  53180264 388648988   2065536      0.52   4040916 321654508 107644024     26.69 146944808 179462120      4260    739832  13917916      9088     22148    331028
01:30:30 AM  53063620 388532676   2180284      0.55   4040916 321654728 114877052     28.49 146945260 179623320      3856    901144  13919592      9168     24996    330964
01:30:35 AM  52902732 388376212   2337288      0.59   4040916 321658968 150386644     37.29 146945744 179791208      6228   1065136  13919236      9264     29124    331092
01:30:40 AM  53134608 388611600   2102364      0.53   4040916 321662528 110643456     27.44 146946104 179521908      4720    792616  13918724      9024     21904    331012
01:30:45 AM  53643728 389119076   1598748      0.40   4040916 321660896  11115976      2.76 146946116 178960484      1228    232812  13914852      8528      6392    330596
01:30:50 AM  53589424 389064592   1646680      0.42   4040916 321660704  65470844     16.24 146963948 179034044        60    324840  13921416      8864     14196    330932
01:30:55 AM  53488760 388964100   1747068      0.44   4040916 321660824  65470844     16.24 146964052 179172272        56    462588  13921572      8848     15056    330932
01:31:00 AM  53166848 388642352   2068928      0.52   4040916 321660988  65470844     16.24 146964216 179515344        56    805572  13921460      8848     15056    330900
01:31:05 AM  52893268 388368944   2342260      0.59   4040916 321661124  65470844     16.24 146964348 179792748         4   1082956  13921572      8848     15056    330900
01:31:10 AM  52950176 388426204   2285468      0.58   4040916 321661360  61169836     15.17 146964608 179731740        24   1022088  13921220      8832     14308    330852
01:31:15 AM  53641148 389117316   1601200      0.41   4040916 321661460   3106228      0.77 146964664 178901928        68    192152  13914416      8384      4156    330516
01:31:20 AM  53641468 389117140   1601356      0.41   4040916 321660968   3106228      0.77 146964664 178901412       168    192152  13914432      8384      4156    330500
01:31:25 AM  53642820 389119364   1599088      0.40   4040916 321661804   3111856      0.77 146964664 178908200        24    198056  13914512      8384      4160    330500
01:31:30 AM  53630388 389108204   1610244      0.41   4040916 321663008   3127540      0.78 146964744 178923576        28    212348  13914584      8384      4196    330484
01:31:35 AM  53626720 389106068   1612496      0.41   4040916 321664472   3130952      0.78 146964676 178929020        20    216208  13914536      8384      4204    330484
