Linux 5.15.30-2-pve (superserver2) 	01/27/2024 	_x86_64_	(32 CPU)

06:00:08 AM kbmemfree   kbavail kbmemused  %memused kbbuffers  kbcached  kbcommit   %commit  kbactive   kbinact   kbdirty  kbanonpg    kbslab  kbkstack   kbpgtbl  kbvmused
06:00:13 AM 323246912 389161456   2496324      0.63    857116  65433484   7092036      1.76  42728604  24431780       104   1035944   2839948     10704      9904    862956
06:00:18 AM 323076236 388993324   2663872      0.67    857116  65435968  24730060      6.13  42730408  24624988       776   1228404   2840592      9904     14884    862348
06:00:23 AM 323265004 389183428   2474084      0.63    857116  65437256   6619004      1.64  42731220  24433260        76   1036116   2840324      9648      9848    862140
06:00:28 AM 323267012 389187220   2469668      0.63    857116  65438908   6619004      1.64  42731220  24435092       208   1036256   2841080      9712      9864    862108
06:00:33 AM 323268376 389190340   2466540      0.62    857116  65440564   6619004      1.64  42731284  24437156        40   1036760   2841188      9712     10372    862140
06:00:38 AM 323266668 389190428   2466660      0.62    857116  65442244   6619004      1.64  42731284  24438360       228   1036256   2841096      9712      9864    862124
06:00:43 AM 323265112 389191024   2465600      0.62    857116  65444268   6619004      1.64  42731348  24440372        64   1036364   2841688      9776      9880    862124
06:00:48 AM 323264032 389192076   2464860      0.62    857116  65446264   6619004      1.64  42731412  24442260       104   1036260   2841512      9712      9864    862124
06:00:53 AM 323262792 389193284   2463532      0.62    857116  65448560   6631084      1.64  42731476  24448040        44   1039880   2841784      9728     10120    862124
06:00:58 AM 323260884 389193240   2463724      0.62    857116  65450364   6619004      1.64  42731476  24446292       120   1036260   2841696      9712      9868    862140
06:01:03 AM 323259188 389193152   2463784      0.62    857116  65451876   6619004      1.64  42731540  24447704        68   1036264   2841820      9712      9868    862124
06:01:08 AM 323254536 389191128   2465768      0.62    857116  65454316   6619004      1.64  42731600  24450128       340   1036264   2842048      9712      9868    862124
06:01:13 AM 323253944 389192404   2464312      0.62    857116  65456088   6619004      1.64  42731596  24451844        96   1036284   2842324      9712      9864    862124
06:01:18 AM 323251700 389192224   2464820      0.62    857116  65458052   6619004      1.64  42731668  24453840       180   1036312   2842096      9712      9864    862092
06:01:23 AM 323251008 389193536   2463400      0.62    857116  65459928   6619004      1.64  42731736  24456180        20   1036900   2842332      9744     10380    862108
06:01:28 AM 323249328 389194196   2462928      0.62    857116  65462172   6619004      1.64  42731732  24457984       208   1036400   2842240      9712      9868    862060
06:01:33 AM 323248368 389195096   2461584      0.62    857116  65463940   6619004      1.64  42731796  24459780        36   1036548   2842776      9776      9884    862044
06:01:38 AM 322995144 388944468   2709816      0.69    857116  65466408  53303568     13.22  42732304  24727448      1396   1302532   2845300      9968     17004    862204
06:01:43 AM 323059224 389010248   2643760      0.67    857116  65468100  42200944     10.46  42732412  24641020       380   1213448   2845584      9968     15036    862140
06:01:48 AM 322999560 388951440   2704048      0.68    857116  65468904  53309884     13.22  42733224  24734452      1804   1307824   2844156      9952     16684    862188
06:01:53 AM 322978300 388931424   2724108      0.69    857116  65470116  53321124     13.22  42733428  24738080      1636   1310516   2844144      9968     17524    862188
06:01:58 AM 322973668 388928080   2727916      0.69    857116  65471396  53308688     13.22  42733640  24735000      1392   1306412   2843688      9968     16884    862204
06:02:03 AM 323000328 388956120   2699296      0.68    857116  65472768  50483200     12.52  42733788  24714760       844   1284860   2844276      9952     15992    862252
06:02:08 AM 323009364 388966412   2688432      0.68    857120  65473992  46786428     11.60  42733916  24704412      1364   1273384   2844876      9952     15868    862268
06:02:13 AM 323030812 388989652   2665796      0.68    857120  65475780  46785848     11.60  42734092  24691748      1592   1259744   2844276      9920     16220    862204
06:02:18 AM 322960084 388920056   2735708      0.69    857120  65476852  53291536     13.22  42734324  24739272      1812   1305956   2844020      9968     17008    862220
06:02:23 AM 322978476 388940040   2716572      0.69    857120  65478408  49594804     12.30  42734520  24709764      1260   1275000   2843208      9920     16432    862236
06:02:28 AM 322953908 388916728   2739632      0.69    857120  65479652  53294256     13.22  42734688  24743884      1132   1307996   2843472      9984     17032    862204
06:02:33 AM 322980584 388945076   2711168      0.69    857120  65481256  50498236     12.52  42734852  24721364       552   1283448   2843656     10000     16296    862204
06:02:38 AM 323018304 388983876   2672420      0.68    857120  65482260  49595480     12.30  42735016  24714040      1256   1276528   2843680      9952     16092    862108
06:02:43 AM 323005356 388972540   2683708      0.68    857120  65483888  53318240     13.22  42735252  24753476      1712   1314028   2843712      9968     17044    862188
06:02:48 AM 323063696 389032596   2623832      0.66    857120  65485596  45898120     11.38  42735416  24685776      1232   1244256   2843540      9968     15876    862124
06:02:53 AM 323020940 388991208   2664932      0.67    857120  65486884  50484660     12.52  42735612  24745624      1496   1303524   2843908      9952     16916    862108
06:02:58 AM 323019508 388990956   2666224      0.68    857120  65488004  53308020     13.22  42735828  24748788      1624   1305784   2842928      9968     16860    862140
06:03:03 AM 323016284 388989064   2667876      0.68    857120  65489252  47668608     11.82  42735992  24744604      1100   1300552   2843252     10000     16144    862172
06:03:08 AM 323087880 389062480   2594808      0.66    857120  65491044  40268408      9.99  42736140  24652728       384   1206792   2842932      9968     14972    862204
06:03:13 AM 323020248 388996216   2660184      0.67    857120  65492340  49600452     12.30  42736360  24724740      1560   1277768   2843892     10048     16924    862252
06:03:18 AM 322999788 388976936   2680480      0.68    857120  65493468  50478764     12.52  42736548  24736360       488   1288732   2842928     10000     16556    862252
06:03:23 AM 322971432 388950320   2706836      0.69    857120  65495196  53300192     13.22  42736736  24760820      1676   1311448   2843200     10000     17524    862236
06:03:28 AM 323001456 388981516   2674856      0.68    857120  65496372  50479324     12.52  42736892  24744224      1436   1294352   2843980     10016     16152    862268
06:03:33 AM 323020136 389001848   2654268      0.67    857120  65497992  49620220     12.30  42737100  24733204      1432   1281436   2844268      9984     16476    862284
06:03:38 AM 322989696 388972332   2683220      0.68    857120  65498980  53307896     13.22  42737304  24758480       440   1305524   2844768      9984     16784    862332
06:03:43 AM 323052448 389037144   2618300      0.66    857120  65501000  45906564     11.38  42737464  24700276      1520   1245888   2844916      9968     15944    862300
06:03:48 AM 322999780 388985248   2670588      0.68    857120  65501808  50495524     12.52  42737672  24760040      1500   1304652   2844488      9984     16912    862300
06:03:53 AM 322997512 388984684   2671804      0.68    857120  65503428  50478856     12.52  42737828  24759480      1380   1303072   2843920     10000     16424    862268
06:03:58 AM 323043572 389032516   2624036      0.66    857120  65505168  46787176     11.60  42737992  24715832       404   1257852   2843888      9952     15584    862236
06:04:03 AM 322989256 388978928   2677848      0.68    857120  65505864  53297344     13.22  42738184  24765316      1576   1306860   2843696      9984     16980    862220
06:04:08 AM 323027588 389018816   2637560      0.67    857120  65507400  46795032     11.60  42738356  24716476      1420   1256696   2844116      9984     16228    862172
06:04:13 AM 323007388 388999904   2657064      0.67    857120  65508696  50483292     12.52  42738536  24750032       144   1288564   2843516      9968     16044    862188
06:04:18 AM 323013084 389006984   2650552      0.67    857120  65510064  49591424     12.30  42738836  24741036      1576   1279104   2842964      9984     16372    862236
06:04:23 AM 322989976 388985356   2671896      0.68    857120  65511444  53312108     13.22  42739140  24773236      1284   1310092   2843348      9968     16480    862236
06:04:28 AM 323009420 389006408   2651224      0.67    857120  65513052  47664540     11.82  42739320  24751420      1496   1286988   2842968      9984     16644    862156
06:04:33 AM 323038540 389037024   2620380      0.66    857120  65514552  46781020     11.60  42739504  24722908      1200   1256912   2843192      9984     16056    862140
06:04:38 AM 322953500 388953780   2703736      0.68    857120  65516292  53295236     13.22  42739688  24771204      1420   1303684   2843136      9952     16096    862156
06:04:43 AM 322970000 388971016   2686004      0.68    857120  65517020  50472732     12.52  42739848  24774112      1128   1306024   2843640     10016     16712    862188
06:04:48 AM 323016752 389019952   2637028      0.67    857120  65519136  46771748     11.60  42740052  24726076       180   1256080   2843748      9952     15864    862204
06:04:53 AM 323035612 389040036   2617228      0.66    857120  65520336  45896712     11.38  42740264  24719680      1300   1248608   2843488     10032     16248    862204
06:04:58 AM 322974628 388980232   2677108      0.68    857120  65521480  53299164     13.22  42740472  24778456      1560   1306572   2843448      9984     16880    862156
06:05:03 AM 323013720 389020892   2636228      0.67    857120  65523000  49595028     12.30  42740664  24749768      1456   1276544   2843716     10016     16936    862220
06:05:08 AM 322969368 388978132   2678784      0.68    857120  65524520  50479468     12.52  42740852  24780180      1280   1305704   2843992      9968     16440    862252
06:05:13 AM 322974452 388984768   2672104      0.68    857120  65526036  53311376     13.22  42741012  24788908      1492   1312868   2844072      9936     16200    862188
06:05:18 AM 323010120 389021512   2636144      0.67    857120  65527088  47669516     11.82  42741160  24745312       944   1268488   2843312      9952     15684    862172
06:05:23 AM 322974008 388986764   2670316      0.68    857120  65528432  53294144     13.22  42741380  24788232      1152   1310180   2843908      9968     17040    862188
06:05:28 AM 322980664 388994816   2662188      0.67    857120  65529792  53301400     13.22  42741592  24784676      1296   1305380   2844020      9968     16860    862220
06:05:33 AM 323000064 389015356   2641348      0.67    857120  65530932  49609268     12.30  42741736  24762516      1376   1282380   2844320      9968     16492    862220
06:05:38 AM 322997544 389014524   2642136      0.67    857120  65532576  49601148     12.30  42741900  24757924      1424   1276448   2844408      9952     16320    862236
06:05:43 AM 322993476 389011980   2645280      0.67    857120  65534096  50489180     12.52  42742060  24770116       820   1287300   2843812      9888     15984    862188
06:05:48 AM 322965896 388985492   2670944      0.68    857120  65535080  53310016     13.22  42742272  24792588      1744   1309068   2844744      9984     16988    862204
06:05:53 AM 322985280 389006480   2649548      0.67    857120  65536676  49623776     12.31  42742464  24766472      1152   1281380   2845160     10032     16688    862236
06:05:58 AM 322992228 389014520   2642316      0.67    857124  65537736  50490540     12.52  42742636  24774008       640   1287988   2844380      9968     15892    862188
06:06:03 AM 322998144 389022492   2634220      0.67    857124  65539760  49608784     12.30  42742780  24766608      1812   1278700   2844536      9968     16164    862188
06:06:08 AM 322969244 388994524   2663012      0.67    857124  65540624  53305920     13.22  42742984  24793120      1628   1304492   2843780      9968     16436    862156
06:06:13 AM 322959052 388985944   2670416      0.68    857124  65542240  53299156     13.22  42743176  24801704      1780   1311776   2844952     10016     17056    862156
06:06:18 AM 322967032 388995064   2661432      0.67    857124  65543356  53293804     13.22  42743388  24798768      1568   1308020   2844840      9984     16884    862188
06:06:23 AM 322969612 388999424   2656952      0.67    857124  65545060  50500752     12.52  42743568  24797564      1152   1305276   2845036     10016     16588    862236
06:06:28 AM 322992860 389024172   2632992      0.67    857124  65546532  49594676     12.30  42743760  24772464      1424   1278828   2844276      9968     16416    862236
06:06:33 AM 322990176 389022752   2633856      0.67    857124  65547792  49618560     12.30  42743904  24775268       560   1281048   2844836      9984     16192    862220
06:06:38 AM 323026728 389060908   2595892      0.66    857124  65549324  43967220     10.90  42744072  24741380      1116   1245176   2844716      9936     15516    862236
06:06:43 AM 322963256 388998552   2658196      0.67    857124  65550392  53319428     13.22  42744276  24809260      1676   1312380   2844816      9984     16992    862268
06:06:48 AM 322963084 388999852   2656684      0.67    857124  65551836  53308860     13.22  42744512  24807056      1572   1309060   2845056     10000     17024    862236
06:06:53 AM 323004108 389042172   2614624      0.66    857124  65553080  50487792     12.52  42744692  24784916       488   1284732   2844848      9968     16524    862252
06:06:58 AM 322976184 389015664   2641348      0.67    857124  65554436  50478976     12.52  42744836  24808244      1448   1307256   2844692     10032     16728    862236
06:07:03 AM 322977340 389018508   2638444      0.67    857124  65556100  50495804     12.52  42745016  24808364       428   1306408   2844776      9968     16392    862236
06:07:08 AM 322961408 389003904   2652688      0.67    857128  65557380  53288032     13.21  42745196  24814704       656   1311544   2845180      9968     17068    862284
06:07:13 AM 322952052 388995836   2661196      0.67    857128  65558620  53304876     13.22  42745392  24811980      1424   1307952   2844788     10048     17368    862252
06:07:18 AM 322960836 389006180   2651296      0.67    857128  65560156  53300600     13.22  42745592  24811408       516   1305924   2844368     10016     16508    862204
06:07:23 AM 322963956 389010072   2647296      0.67    857128  65560928  50480092     12.52  42745704  24813444      1192   1307444   2844476     10000     16832    862204
06:07:28 AM 322957792 389005372   2651612      0.67    857128  65562380  53310968     13.22  42745896  24817904       292   1310100   2844872     10000     17024    862188
06:07:33 AM 322964488 389013684   2643532      0.67    857128  65563996  53297048     13.22  42746116  24816824      1532   1308348   2844640     10032     17048    862172
06:07:38 AM 322988624 389039232   2617340      0.66    857128  65565372  49590240     12.30  42746260  24789212       512   1279156   2845320      9984     16348    862172
06:07:43 AM 322956664 389008444   2649284      0.67    857128  65566584  53299228     13.22  42746404  24822992       332   1312020   2844124      9936     17200    862204
06:07:48 AM 322988684 389041840   2615012      0.66    857128  65567836  50477700     12.52  42746588  24796220       184   1283888   2845124      9936     16296    862236
06:07:53 AM 322987352 389042088   2615352      0.66    857128  65569384  49602088     12.30  42746780  24791772       592   1278248   2844568      9920     16396    862252
06:07:58 AM 322951304 389007296   2649356      0.67    857128  65570636  53307840     13.22  42747012  24822728       128   1308248   2845360      9920     16892    862236
06:08:03 AM 323018772 389076560   2579524      0.65    857128  65572356  45912332     11.39  42747164  24765440        32   1249320   2846004     10000     16372    862188
06:08:08 AM 323011680 389070508   2585880      0.65    857128  65573392  45900300     11.38  42747316  24765888       352   1248820   2845704      9952     15856    862220
06:08:13 AM 322942188 389002088   2654740      0.67    857128  65574444  53294200     13.22  42747484  24828076       496   1309772   2845284      9968     16700    862236
06:08:18 AM 322936140 388997468   2659364      0.67    857128  65575808  53304760     13.22  42747708  24828272      1384   1309280   2845344      9984     16948    862172
06:08:23 AM 322953768 389016812   2640100      0.67    857128  65577476  50490608     12.52  42747856  24822800      1256   1302472   2845312      9968     15800    862156
06:08:28 AM 323004276 389069000   2587832      0.66    857128  65579152  45915092     11.39  42748052  24769712      1640   1247544   2845396      9936     15964    862156
06:08:33 AM 322949700 389015332   2641124      0.67    857128  65580056  53309028     13.22  42748264  24832576      1432   1309432   2845776     10000     17408    862124
06:08:38 AM 322973012 389040524   2616284      0.66    857128  65581808  49598156     12.30  42748460  24800492      1224   1276184   2845552      9936     16332    862188
06:08:43 AM 322961544 389030292   2626500      0.67    857128  65583076  53292120     13.22  42748628  24835488      1684   1310372   2845536      9936     17052    862188
06:08:48 AM 322953416 389023648   2632660      0.67    857128  65584496  53313500     13.22  42748824  24834616      1364   1308116   2846084      9936     16736    862172
06:08:53 AM 323010248 389082432   2573684      0.65    857128  65586432  43975068     10.90  42748968  24775056       904   1246780   2846292      9872     15556    862172
06:08:58 AM 322971120 389044552   2611528      0.66    857128  65587684  49614688     12.30  42749172  24809904      1688   1280368   2846324      9920     16468    862140
06:09:03 AM 322966380 389040948   2615412      0.66    857128  65588768  49606356     12.30  42749356  24807976      1236   1277228   2846096      9920     16344    862156
06:09:08 AM 322953700 389029656   2626820      0.67    857128  65590028  49617740     12.30  42749560  24810456      1492   1279148   2846108      9936     16540    862188
06:09:13 AM 322972880 389050196   2606800      0.66    857128  65591368  46787760     11.60  42749680  24810648      1132   1278160   2845608      9952     16164    862156
06:09:18 AM 322922840 389001196   2655812      0.67    857128  65592408  53297588     13.22  42749852  24843072      1452   1309720   2845596      9936     16652    862268
06:09:23 AM 322944756 389024764   2632444      0.67    857128  65593964  50503364     12.52  42750084  24833732      1264   1299456   2845492      9856     16496    862236
06:09:28 AM 322937212 389018784   2638272      0.67    857128  65595496  53297900     13.22  42750284  24846036      1212   1309876   2845676      9920     16968    862188
06:09:33 AM 322998168 389081276   2575752      0.65    857128  65596980  46785116     11.60  42750448  24795876      1232   1258512   2845756      9904     16140    862172
06:09:38 AM 322949396 389034052   2622620      0.66    857128  65598512  53298064     13.22  42750596  24847180      1216   1308280   2846128      9904     15532    862172
06:09:43 AM 322971152 389057120   2599620      0.66    857128  65599812  49620012     12.30  42750768  24821712       588   1282404   2846072      9904     16472    862140
06:09:48 AM 322960496 389047684   2608960      0.66    857128  65600988  49605732     12.30  42750964  24820324      1048   1279164   2846212      9936     16592    862108
06:09:53 AM 322938180 389026688   2629576      0.67    857128  65602300  53286864     13.21  42751164  24848864      1508   1306884   2846600      9904     16452    862124
06:09:58 AM 322931272 389021256   2634860      0.67    857128  65603784  53319988     13.22  42751320  24853208      1716   1309976   2846740      9904     16464    862140
06:10:03 AM 322940940 389032200   2623880      0.66    857128  65605024  53293080     13.22  42751548  24855108      1568   1310832   2846812      9936     17292    862172
06:10:08 AM 323000964 389094036   2562560      0.65    857128  65606768  45900248     11.38  42751676  24794672      1520   1248760   2846364      9904     15880    862172
06:10:13 AM 322961216 389055416   2601084      0.66    857128  65607888  49587696     12.30  42751856  24827472      1632   1280632   2846468      9872     16948    862204
06:10:18 AM 322931748 389026968   2629200      0.67    857128  65608848  53298764     13.22  42752064  24857060       456   1309504   2846860      9920     16868    862188
06:10:23 AM 322925584 389022220   2634392      0.67    857128  65610264  53294152     13.22  42752240  24859680      1568   1310208   2846416      9888     16872    862172
06:10:28 AM 322953592 389051812   2604232      0.66    857128  65611824  49602384     12.30  42752416  24826976      1364   1276384   2847008      9920     16200    862188
06:10:33 AM 322939692 389039208   2617196      0.66    857128  65613116  50489968     12.52  42752604  24844220      1172   1292848   2846652      9904     16844    862156
06:10:38 AM 322954328 389055112   2601456      0.66    857128  65614344  46789152     11.60  42752720  24831808       396   1278788   2846528      9920     16084    862140
06:10:43 AM 322963676 389066008   2590408      0.66    857128  65615900  49602884     12.30  42752940  24835156      1424   1281296   2846672      9920     16364    862172
06:10:48 AM 322983188 389086232   2570192      0.65    857128  65616636  41157376     10.21  42753028  24809860       332   1255516   2846640      9904     15308    862172
06:10:53 AM 322920576 389024768   2631560      0.67    857128  65617728  53294652     13.22  42753204  24868672       176   1313340   2846792      9952     18028    862220
06:10:58 AM 322929464 389034780   2621032      0.66    857128  65618788  53301620     13.22  42753416  24865032       468   1309204   2847372      9952     16864    862188
06:11:03 AM 322990868 389097800   2558008      0.65    857128  65620380  39389792      9.77  42753496  24775876       288   1217984   2847400      9920     15520    862172
06:11:08 AM 322922904 389030812   2625380      0.66    857128  65621324  46787152     11.60  42753660  24836420       464   1277784   2847048      9952     16412    862188
06:11:13 AM 322923108 389032540   2623900      0.66    857128  65622836  49605156     12.30  42753868  24839276        64   1278852   2846812      9936     16672    862220
06:11:18 AM 322947964 389058524   2597536      0.66    857128  65623924  43968740     10.90  42754004  24821352      1260   1260612   2847232      9952     16040    862236
06:11:23 AM 322948420 389059008   2596660      0.66    857128  65623916  38348660      9.51  42754068  24818256        52   1256820   2847660      9968     15584    862252
06:11:28 AM 322891764 389004392   2651624      0.67    857128  65625964  50493668     12.52  42754204  24868880        80   1306224   2847304      9936     15880    862236
06:11:33 AM 322897724 389011204   2644324      0.67    857128  65626812  53303100     13.22  42754432  24871616       632   1308248   2847796      9968     16988    862268
06:11:38 AM 322888532 389003568   2652652      0.67    857128  65628300  53302840     13.22  42754656  24873324        88   1308888   2847172      9968     16952    862204
06:11:43 AM 322892176 389008768   2647516      0.67    857128  65629784  50474800     12.52  42754796  24876452         0   1310436   2847180      9984     16428    862236
06:11:48 AM 322892972 389010580   2645960      0.67    857128  65630884  53297040     13.22  42754952  24877900      1540   1311236   2846840      9968     17064    862220
06:11:53 AM 322904420 389023144   2633932      0.67    857128  65631996  50484768     12.52  42755112  24860064      1196   1292256   2846308      9968     16676    862236
06:11:58 AM 322918688 389038612   2618168      0.66    857128  65633200  43967848     10.90  42755240  24844084      1176   1275872   2846600      9952     16416    862236
06:12:03 AM 322886788 389007836   2648940      0.67    857128  65634320  53293564     13.22  42755436  24880388      1204   1310596   2846608      9984     16928    862204
06:12:08 AM 322912548 389035464   2620356      0.66    857128  65636140  49601244     12.30  42755600  24851436      1596   1280060   2847612      9968     16096    862236
06:12:13 AM 322909092 389033264   2622940      0.66    857128  65637328  50511228     12.53  42755796  24865820      1220   1292900   2847296      9968     16268    862188
06:12:18 AM 322919568 389045316   2611100      0.66    857128  65638832  51735900     12.83  42755964  24852272       984   1278096   2847156      9952     15996    862220
06:12:23 AM 322924988 389051904   2604936      0.66    857128  65639964  49595240     12.30  42756140  24854132      1092   1279312   2846768      9984     16444    862220
06:12:28 AM 322897116 389025052   2632268      0.67    857128  65640968  53292548     13.22  42756340  24885264      1264   1310428   2846304      9984     16796    862220
06:12:33 AM 322922272 389051940   2605384      0.66    857128  65642660  46780108     11.60  42756508  24851644       964   1274532   2846340      9904     15956    862236
06:12:38 AM 322906268 389037412   2619268      0.66    857128  65644132  49600944     12.30  42756704  24859420      1860   1281220   2846988      9984     16512    862284
06:12:43 AM 322886220 389018444   2637376      0.67    857128  65645184  53313604     13.22  42756904  24889988       784   1310728   2847876     10032     17028    862236
06:12:48 AM 322944784 389078888   2577280      0.65    857128  65647032  45903820     11.38  42757040  24830352      1112   1249024   2847560      9968     15932    862252
06:12:53 AM 322916388 389051344   2605144      0.66    857128  65647840  49606548     12.30  42757208  24860596      1176   1279024   2847284      9952     16564    862236
06:12:58 AM 322894276 389030404   2626540      0.67    857128  65648936  50474316     12.52  42757368  24891108      1036   1308796   2846904      9984     16764    862188
06:13:03 AM 322945576 389083448   2573240      0.65    857128  65650640  43301300     10.74  42757532  24829988      1076   1245800   2847200      9968     15772    862204
06:13:08 AM 322884648 389024176   2633068      0.67    857128  65652200  50484308     12.52  42757728  24876352      1604   1290988   2846740      9952     16140    862172
06:13:13 AM 322870808 389011028   2646412      0.67    857128  65652892  53288388     13.21  42757892  24897344       840   1311512   2846544     10000     16964    862204
06:13:18 AM 322874208 389015952   2640836      0.67    857128  65654400  47676320     11.82  42758072  24887988       708   1300828   2847212     10000     16504    862220
06:13:23 AM 322874020 389016876   2640032      0.67    857128  65655488  50490600     12.52  42758240  24882060       864   1293292   2847116      9936     16560    862252
06:13:28 AM 322879028 389023268   2632296      0.67    857128  65656876  49601656     12.30  42758360  24869576       608   1280228   2848456     10000     16300    862188
06:13:33 AM 322863992 389009716   2646152      0.67    857128  65658332  53296728     13.22  42758564  24899616      1512   1309108   2848180      9952     17128    862188
06:13:38 AM 322864448 389011060   2644176      0.67    857128  65659176  53304200     13.22  42758728  24901740      1332   1310412   2848856     10000     16588    862252
06:13:43 AM 322864092 389012104   2643420      0.67    857128  65660568  53303488     13.22  42758932  24901796       632   1309212   2848576     10000     17248    862204
06:13:48 AM 322861148 389010344   2645124      0.67    857128  65661752  53296772     13.22  42759072  24903396       572   1309780   2848632     10000     16860    862268
06:13:53 AM 322862544 389013148   2642416      0.67    857128  65663144  53377332     13.24  42759248  24904184       488   1309452   2848552     10000     16760    862300
06:13:58 AM 322871436 389023688   2632020      0.67    857128  65664736  50484300     12.52  42759408  24887140      1248   1290876   2848464      9984     16212    862204
06:14:03 AM 322915516 389069344   2586444      0.66    857128  65666280  43088744     10.69  42759592  24843016      1116   1245360   2848416      9952     15584    862172
06:14:08 AM 322879300 389034652   2621564      0.66    857128  65667792  47669124     11.82  42759788  24886224      1612   1287392   2848000     10032     16096    862204
06:14:13 AM 322871024 389027452   2628312      0.67    857128  65668944  50496592     12.52  42759960  24892940      1480   1293028   2848376      9984     16692    862204
06:14:18 AM 322852692 389010124   2645884      0.67    857128  65669868  50479152     12.52  42760144  24907520      1300   1307384   2848212      9984     16472    862268
06:14:23 AM 322878540 389037676   2618632      0.66    857128  65671576  49601532     12.30  42760280  24883380       308   1281148   2847908      9968     16940    862284
06:14:28 AM 322887668 389047900   2607624      0.66    857128  65672580  46780840     11.60  42760472  24879888      1408   1276876   2848784     10000     16336    862268
06:14:33 AM 322878136 389039504   2615708      0.66    857128  65673664  47458248     11.77  42760648  24879936      1364   1276172   2849148      9984     16336    862268
06:14:38 AM 322906348 389068808   2586912      0.66    857128  65674724  41631024     10.32  42760808  24846376      1004   1241608   2848672      9936     15120    862252
06:14:43 AM 322936252 389099492   2556028      0.65    857128  65675508  35800048      8.88  42760872  24818964        48   1213360   2848868      9936     14400    862204
06:14:48 AM 323020172 389184136   2471940      0.63    857128  65676224  18296524      4.54  42760944  24711108       104   1104668   2848320      9824     12028    862156
06:14:53 AM 323076956 389241076   2415036      0.61    857128  65676384   8755836      2.17  42760956  24646948       260   1040376   2848280      9760     10212    862108
06:14:58 AM 323055872 389222380   2433772      0.62    857128  65678504   6624252      1.64  42763476  24649000       196   1042916   2848508      9744      9896    862108
06:15:03 AM 322853504 389020264   2633836      0.67    857128  65678628  23750332      5.89  42794456  24834932       240   1259664   2850688      9920     13128    862268
06:15:08 AM 322846440 389013392   2640612      0.67    857128  65678784  23750332      5.89  42794884  24835976       320   1260956   2850820      9872     12868    862220
06:15:13 AM 322842084 389009356   2645008      0.67    857128  65678984  23750332      5.89  42795464  24836684        36   1262084   2850580      9872     12868    862236
06:15:18 AM 322841740 389009248   2645300      0.67    857128  65679144  23750332      5.89  42795944  24837308        76   1262960   2850472      9872     12864    862204
06:15:23 AM 322948060 389115736   2539876      0.64    857128  65679316  13046532      3.24  42796412  24700292        20   1126268   2849404      9824     11752    862220
06:15:28 AM 323038224 389205640   2450720      0.62    857128  65679056   6624252      1.64  42796436  24616696       192   1042920   2848656      9744      9888    862156
06:15:33 AM 323037012 389204020   2452336      0.62    857128  65678652   6624252      1.64  42796432  24616816        16   1043468   2848656      9728     10644    862172
06:15:38 AM 323031060 389199332   2457132      0.62    857128  65679896   6627836      1.64  42796436  24621256       192   1046640   2848568      9744      9888    862140
06:15:43 AM 323029360 389199248   2457216      0.62    857128  65681500   6639892      1.65  42796436  24626356        16   1050168   2848580      9744      9888    862172
06:15:48 AM 323025956 389197548   2458748      0.62    857128  65683100   6627836      1.64  42796436  24624464       228   1046640   2848852      9744      9888    862108
06:15:53 AM 323022984 389196328   2460468      0.62    857128  65684828   6627836      1.64  42796436  24626044        32   1046524   2848376      9728      9636    862108
06:15:58 AM 323022008 389197156   2459992      0.62    857128  65686596   6627836      1.64  42796436  24627960       104   1046644   2848060      9744      9892    862124
06:16:03 AM 322678084 388854800   2800668      0.71    857128  65688124  53491048     13.26  42796736  24913584      1080   1330952   2849780      9984     17932    862284
06:16:08 AM 322667780 388844580   2810992      0.71    857128  65688192  53493276     13.27  42796736  24913936       152   1331492   2849692     10000     17712    862236
06:16:13 AM 322658216 388835144   2820436      0.71    857128  65688336  53493276     13.27  42796736  24919412       172   1336984   2849668      9968     17960    862252
06:16:18 AM 322667380 388844548   2811176      0.71    857128  65688568  53507640     13.27  42796756  24925644       344   1342868   2849532      9984     17748    862284
06:16:23 AM 322681796 388859088   2796620      0.71    857128  65688700  53739272     13.33  42796772  24931364       136   1348504   2849540      9984     18276    862300
06:16:28 AM 322678824 388856208   2799580      0.71    857128  65688828  53521352     13.27  42796768  24931356       292   1348480   2849424      9984     17772    862332
06:16:33 AM 322682304 388859816   2795964      0.71    857128  65688956  53527708     13.27  42796772  24935848       120   1352836   2849432      9984     17780    862300
06:16:38 AM 322671172 388848916   2807104      0.71    857128  65689164  53553564     13.28  42796768  24947848       228   1364668   2849216      9984     17836    862300
06:16:43 AM 322669000 388846836   2808860      0.71    857128  65689384  53553564     13.28  42796772  24948428       148   1364968   2849412      9984     17832    862316
06:16:48 AM 322668676 388846696   2808344      0.71    857128  65689592  53553564     13.28  42796772  24948964       228   1365304   2850044     10032     17836    862348
06:16:53 AM 322646768 388825364   2829752      0.72    857128  65689976  50666000     12.56  42796940  24908172       544   1324100   2850160     10032     17004    862284
06:16:58 AM 322598476 388777012   2878616      0.73    857128  65689904  53492192     13.26  42797056  24920080       232   1336420   2849660     10048     17708    862284
06:17:03 AM 322590444 388769076   2887036      0.73    857128  65690000  53492692     13.26  42797060  24923632       300   1339776   2849176      9984     17700    862252
06:17:08 AM 322607248 388786040   2869536      0.73    857128  65690192  53495968     13.27  42797060  24929064       448   1345068   2849680     10048     17728    862284
06:17:13 AM 322644084 388823092   2832508      0.72    857128  65690384  53521596     13.27  42797088  24939212        96   1354948   2849680     10032     18276    862284
06:17:18 AM 322671648 388850764   2804712      0.71    857128  65690520  53524580     13.27  42797088  24941092       260   1356788   2849776     10032     17780    862268
06:17:23 AM 322670860 388850092   2805376      0.71    857128  65690636  53532380     13.27  42797092  24947416        96   1362908   2849784     10032     17800    862284
06:17:28 AM 322666704 388846076   2809276      0.71    857128  65690800  53546400     13.28  42797092  24951524       160   1366928   2849876     10032     17880    862300
06:17:33 AM 322665264 388844852   2810512      0.71    857128  65691004  53563220     13.28  42797092  24958836        96   1373956   2849876     10032     17856    862268
06:17:38 AM 322661072 388840800   2813924      0.71    857128  65691208  53563220     13.28  42797088  24959256       140   1374240   2850452     10032     17864    862284
06:17:43 AM 322672896 388853004   2802324      0.71    857128  65691480  50712264     12.58  42797164  24941588       272   1356380   2849956     10032     17820    862332
06:17:48 AM 322638936 388819428   2835332      0.72    857128  65691872  53520404     13.27  42797272  24938088       332   1352820   2850516     10016     17768    862332
06:17:53 AM 322610436 388790792   2863436      0.73    857128  65691700  53492172     13.26  42797384  24923016       136   1337696   2851084     10080     18240    862268
06:17:58 AM 322612136 388792620   2862100      0.72    857128  65691852  53497440     13.27  42797384  24927756       240   1342484   2850568     10016     17724    862316
06:18:03 AM 322638912 388819616   2834984      0.72    857128  65692044  53525752     13.27  42797432  24939704        48   1354188   2850716     10080     17804    862380
06:18:08 AM 322657608 388838440   2815756      0.71    857128  65692188  53521644     13.27  42797404  24939516       372   1354004   2851104     10032     17756    862396
06:18:13 AM 322669420 388850408   2803816      0.71    857128  65692316  53530364     13.27  42797408  24944832        84   1359008   2851104     10032     17780    862396
06:18:18 AM 322678548 388859628   2794440      0.71    857128  65692452  53534104     13.28  42797412  24947124       112   1361276   2851216     10032     17796    862364
06:18:23 AM 322669412 388850684   2803388      0.71    857128  65692628  53556572     13.28  42797412  24957328        20   1371076   2851228     10000     18084    862380
06:18:28 AM 322663316 388844680   2809432      0.71    857128  65692828  53560780     13.28  42797412  24959100        64   1372920   2851080     10016     17844    862348
06:18:33 AM 322682884 388864804   2789648      0.71    857128  65693280  51981096     12.89  42797444  24919788        24   1332880   2850844      9936     17240    862332
06:18:38 AM 322655372 388837436   2817400      0.71    857128  65693472  50710748     12.58  42797488  24935340       516   1348444   2850412     10000     17024    862396
06:18:43 AM 322627856 388809912   2844940      0.72    857128  65693384  53504340     13.27  42797632  24933444       704   1346708   2850476     10080     17812    862364
06:18:48 AM 322632156 388814320   2841020      0.72    857128  65693452  50663312     12.56  42797692  24917224       484   1330700   2850028     10048     17532    862364
06:18:53 AM 322650004 388832348   2822972      0.71    857128  65693644  53501052     13.27  42797720  24931168       228   1344208   2850036     10032     17976    862396
06:18:58 AM 322631052 388813512   2841600      0.72    857128  65693800  53535236     13.28  42797720  24958112       356   1349084   2850204     10048     17744    862380
06:19:03 AM 322662044 388844692   2810412      0.71    857128  65693956  53595220     13.29  42797732  24940140       196   1352976   2850244     10048     17764    862380
06:19:08 AM 322677052 388859824   2795516      0.71    857128  65694100  53537676     13.28  42797728  24948676       376   1361416   2849988     10048     17800    862380
06:19:13 AM 322677980 388860928   2793948      0.71    857128  65694264  53541996     13.28  42797728  24952096       172   1364488   2850464     10112     18076    862428
06:19:18 AM 322678164 388861188   2793868      0.71    857128  65694436  53554228     13.28  42797732  24957748       364   1370180   2850188     10064     17840    862412
06:19:23 AM 322668796 388852104   2803196      0.71    857128  65694612  53571408     13.28  42797736  24962688       220   1374756   2850052     10032     17912    862412
06:19:28 AM 322653068 388836548   2818684      0.71    857128  65694812  53551920     13.28  42832348  24919116       484   1365908   2850092     10080     17844    862428
06:19:33 AM 322643736 388827448   2828288      0.72    857128  65694952  53530956     13.27  42832416  24908816       276   1355156   2849680     10032     17872    862412
06:19:38 AM 322654140 388838188   2817328      0.71    857128  65695352  49799248     12.35  42832460  24868700       376   1314884   2849836     10080     17284    862412
06:19:43 AM 322648528 388832564   2823184      0.71    857128  65695284  53497872     13.27  42832572  24895296       364   1341472   2849660     10080     18232    862412
06:19:48 AM 322629996 388814148   2841544      0.72    857128  65695404  53500352     13.27  42832576  24897572       156   1343848   2849712     10096     17744    862428
06:19:53 AM 322625904 388810212   2845576      0.72    857128  65695560  53503508     13.27  42832580  24901256       164   1347468   2849616     10064     17748    862476
06:19:58 AM 322645992 388830436   2825084      0.72    857128  65695728  53516564     13.27  42832596  24907000       312   1353048   2849852     10096     17780    862460
06:20:03 AM 322660800 388845412   2810076      0.71    857128  65695880  53535552     13.28  42832596  24914396       116   1360128   2849900     10096     17816    862460
06:20:08 AM 322657608 388842340   2812964      0.71    857128  65696024  53539232     13.28  42832592  24916156       400   1361876   2850060     10096     17816    862428
06:20:13 AM 322653312 388838204   2817092      0.71    857128  65696192  53549316     13.28  42832592  24921744       164   1367204   2850060     10096     18352    862460
06:20:18 AM 322689252 388874596   2780656      0.70    857128  65696592  49827348     12.36  42832632  24884544       308   1329576   2850156     10080     17184    862444
06:20:23 AM 322642408 388827648   2827664      0.72    857128  65696516  53558336     13.28  42832672  24924008       104   1365740   2850068     10096     18356    862476
06:20:28 AM 322638588 388823944   2831324      0.72    857128  65696688  53546256     13.28  42832668  24921300       312   1366388   2850056     10096     17832    862428
06:20:33 AM 322621044 388806608   2848384      0.72    857128  65696888  53524432     13.27  42832736  24912464       280   1357428   2850340     10096     17780    862428
06:20:38 AM 322582132 388767904   2887484      0.73    857128  65697032  53510444     13.27  42832856  24901928       428   1346908   2850008     10096     17744    862412
06:20:43 AM 322576328 388762224   2893324      0.73    857128  65697136  53501548     13.27  42832892  24898428       136   1343396   2849868     10112     17988    862396
06:20:48 AM 322574168 388760180   2895300      0.73    857128  65697272  53502084     13.27  42832900  24901292       172   1345996   2849916     10096     17732    862412
06:20:53 AM 322610960 388797192   2858328      0.72    857128  65697452  53516500     13.27  42832904  24909444       104   1353964   2849916     10096     17832    862412
06:20:58 AM 322609524 388795892   2859500      0.72    857128  65697620  53532096     13.27  42832916  24914752       140   1359096   2850012     10096     17792    862412
06:21:03 AM 322609980 388796460   2858800      0.72    857128  65697772  53536500     13.28  42832916  24917156        76   1361484   2850104     10128     17812    862412
06:21:08 AM 322611628 388798512   2856804      0.72    857128  65698144  53536284     13.28  42832916  24916688       372   1360540   2850080     10080     17528    862396
06:21:13 AM 322618908 388806060   2849124      0.72    857128  65698464  53531616     13.27  42832988  24916064       252   1359764   2850160     10080     17764    862364
06:21:18 AM 322607248 388794232   2860928      0.72    857128  65698276  53543132     13.28  42832988  24920248       260   1364036   2850204     10096     17812    862364
06:21:23 AM 322608284 388795296   2859700      0.72    857128  65698468  53547040     13.28  42832988  24922716       112   1366480   2850204     10096     18320    862396
06:21:28 AM 322646424 388834052   2821112      0.71    857128  65698876  51939580     12.88  42833100  24872060       228   1315296   2850244     10080     16956    862380
06:21:33 AM 322608644 388796160   2858900      0.72    857128  65698788  53510896     13.27  42833176  24903416        60   1346908   2850324     10096     17752    862364
06:21:38 AM 322628084 388815620   2839428      0.72    857128  65698760  50672124     12.57  42833176  24892900       132   1336244   2850384     10096     17436    862348
06:21:43 AM 322604536 388792336   2863016      0.73    857128  65699048  53506224     13.27  42833212  24905300        52   1348504   2850056     10096     17736    862348
06:21:48 AM 322643716 388831668   2824148      0.72    857128  65699208  53523556     13.27  42833232  24912520       188   1355676   2849584     10096     17836    862332
06:21:53 AM 322660912 388848992   2806796      0.71    857128  65699364  53532312     13.27  42833232  24917312        48   1360252   2849584     10096     17800    862364
06:21:58 AM 322673888 388862160   2793676      0.71    857128  65699536  53536416     13.28  42833236  24919460       420   1362116   2849556     10096     17800    862380
06:22:03 AM 322685072 388873448   2782016      0.70    857128  65699680  53537140     13.28  42833272  24918400       352   1361112   2849888     10096     17792    862412
06:22:08 AM 322691476 388880072   2774912      0.70    857128  65699856  53553660     13.28  42833268  24926912       528   1369364   2850412     10080     17836    862380
06:22:13 AM 322679724 388868412   2786732      0.71    857128  65700048  53562012     13.28  42833304  24928560       392   1371092   2850152     10080     18340    862396
06:22:18 AM 322681604 388870544   2785128      0.71    857128  65700228  53549932     13.28  42833312  24925868        88   1368032   2849696     10080     17840    862396
06:22:23 AM 322683744 388872900   2782732      0.70    857128  65700412  53529224     13.27  42833384  24917420       444   1359460   2849768     10080     17796    862428
06:22:28 AM 322673152 388862512   2793108      0.71    857128  65700548  53509736     13.27  42833496  24904416       676   1346264   2849848     10080     17712    862364
06:22:33 AM 322663920 388853364   2801580      0.71    857128  65700644  53503948     13.27  42833532  24902912       216   1344928   2850512     10176     18348    862436
06:22:38 AM 322661280 388850868   2804336      0.71    857128  65700792  53509172     13.27  42833552  24907132       468   1348956   2850248     10112     17832    862388
06:22:43 AM 322635556 388825300   2829536      0.72    857128  65700980  53693984     13.31  42833552  24974072       380   1415252   2850584     10176     18372    862404
06:22:48 AM 322700592 388890536   2764796      0.70    857128  65701148  53535320     13.28  42833556  24920260       392   1361732   2850120     10112     17884    862388
06:22:53 AM 322697708 388887756   2767612      0.70    857128  65701288  53537016     13.28  42833556  24920980       344   1362392   2850048     10080     17788    862332
06:22:58 AM 322700904 388891144   2764324      0.70    857128  65701432  53540516     13.28  42833592  24920908       344   1362036   2849996     10080     17792    862348
06:23:03 AM 322729216 388919816   2735356      0.69    857128  65701832  49847276     12.36  42833592  24893956       152   1334940   2850252     10112     17500    862300
06:23:08 AM 322697852 388888436   2766808      0.70    857128  65701764  53553392     13.28  42833628  24926664       476   1367464   2850232     10080     17812    862316
06:23:13 AM 322699084 388889688   2765384      0.70    857128  65701956  53553664     13.28  42833628  24927192       228   1368044   2850232     10080     17820    862316
06:23:18 AM 322716004 388906824   2748228      0.70    857128  65701996  53509408     13.27  42833704  24911076       552   1351768   2850428     10080     17288    862332
06:23:23 AM 322717964 388909016   2746424      0.70    857128  65702268  53503376     13.27  42833812  24905436       224   1346256   2850000     10144     17592    862348
06:23:28 AM 322709456 388900688   2755196      0.70    857128  65702400  53494776     13.27  42833852  24902192       280   1342632   2849604     10080     17732    862316
06:23:33 AM 322699764 388891136   2764416      0.70    857128  65702568  53507056     13.27  42833864  24907816       140   1348272   2849908     10144     17760    862332
06:23:38 AM 322714540 388906076   2749888      0.70    857128  65702732  53523528     13.27  42833868  24915776       164   1355940   2849496     10080     17776    862332
06:23:43 AM 322714012 388905704   2750236      0.70    857128  65702912  53532808     13.27  42833876  24921156       168   1361220   2849496     10080     18304    862316
06:23:48 AM 322709896 388901748   2754372      0.70    857128  65703060  53536712     13.28  42833876  24922648       288   1362480   2849328     10032     17812    862332
06:23:53 AM 322687084 388879116   2776916      0.70    857128  65703216  53558156     13.28  42833912  24928696       172   1368040   2849440     10032     18100    862364
06:23:58 AM 322690428 388882972   2773024      0.70    857128  65703708  53529804     13.27  42833944  24920268       388   1359544   2849496     10016     17292    862316
06:24:03 AM 322688420 388880752   2774980      0.70    857128  65703560  53541884     13.28  42833948  24924724       152   1364224   2849696     10032     17808    862284
06:24:08 AM 322699560 388892424   2763320      0.70    857128  65704060  53528680     13.27  42833976  24918724       468   1357720   2849716     10016     17296    862316
06:24:13 AM 322688520 388881172   2774332      0.70    857128  65703804  53507080     13.27  42834060  24909320       116   1349156   2850000     10032     17960    862316
06:24:18 AM 322719136 388912044   2743828      0.69    857128  65704060  49794548     12.35  42834100  24874820       144   1314036   2849632     10032     17264    862300
06:24:23 AM 322682072 388875140   2780440      0.70    857128  65704188  53508656     13.27  42834140  24910464        88   1349496   2849956     10032     17740    862348
06:24:28 AM 322699632 388892880   2762400      0.70    857128  65704372  53516680     13.27  42834180  24911524       252   1350452   2850252     10032     17760    862316
06:24:33 AM 322714744 388908124   2747108      0.70    857128  65704520  53526848     13.27  42834192  24917452        88   1356156   2850284     10048     18288    862316
06:24:38 AM 322719472 388912992   2742280      0.69    857128  65704676  53530084     13.27  42834192  24919436       268   1358156   2850228     10048     17792    862332
06:24:43 AM 322718836 388912520   2742752      0.69    857128  65704840  53546196     13.28  42834196  24925820       124   1364216   2850228     10048     17804    862348
06:24:48 AM 322755464 388949588   2705592      0.69    857128  65705264  50693664     12.57  42834232  24915104       392   1353244   2850336     10032     17156    862348
06:24:53 AM 322724860 388918876   2736424      0.69    857128  65705184  53531516     13.27  42834268  24921464       104   1359676   2850188     10016     17792    862332
06:24:58 AM 322736080 388930192   2725468      0.69    857128  65705344  53534800     13.28  42834268  24924688       148   1362316   2849764     10016     17796    862332
06:25:03 AM 322750532 388944976   2711128      0.69    857128  65705568  53517528     13.27  42835124  24917424       612   1356100   2849428      9952     17588    862268
06:25:08 AM 322733828 388928476   2727104      0.69    857128  65705712  53510296     13.27  42835188  24910964       340   1349676   2850012     10016     17756    862220
06:25:13 AM 322728824 388923584   2732156      0.69    857128  65705808  50678980     12.57  42835232  24905408       164   1343824   2849868     10000     17832    862220
06:25:18 AM 322721740 388916632   2739200      0.69    857128  65705988  53509280     13.27  42835236  24913016       116   1351428   2849728     10016     17760    862188
06:25:23 AM 322719408 388914512   2741356      0.69    857128  65706164  53524500     13.27  42835288  24917052        32   1355248   2849728     10016     18276    862188
06:25:28 AM 322717128 388912344   2743160      0.69    857128  65706320  53528396     13.27  42835288  24919272       400   1357492   2850048     10032     17788    862220
06:25:33 AM 322728816 388924212   2731308      0.69    857128  65706480  53531848     13.27  42835296  24922840       276   1360708   2850052     10032     18300    862220
06:25:38 AM 322722304 388917800   2737696      0.69    857128  65706660  53542572     13.28  42835296  24927856       432   1365784   2849996     10032     17808    862252
06:25:43 AM 322745984 388941728   2713480      0.69    857128  65706824  53751232     13.33  42835368  24923512        36   1361120   2850368     10032     17788    862268
06:25:48 AM 322714084 388909884   2744640      0.70    857128  65706964  53627788     13.30  42835368  24955136       108   1392812   2850968     10032     17800    862284
06:25:53 AM 322737504 388933596   2720812      0.69    857128  65707160  53544416     13.28  42835372  24928712        24   1365956   2851180     10032     17812    862268
06:25:58 AM 322769076 388965564   2688696      0.68    857128  65707576  49799976     12.35  42835440  24882080       464   1319016   2851308     10032     17128    862284
06:26:03 AM 322722068 388918512   2735832      0.69    857128  65707496  53516504     13.27  42835516  24913836       432   1350808   2851260      9968     17756    862316
06:26:08 AM 322728020 388924664   2729660      0.69    857128  65707724  53502528     13.27  42835548  24910160       536   1347068   2851252     10032     17572    862316
06:26:13 AM 322704204 388901076   2753376      0.70    857128  65707924  53516632     13.27  42835568  24916816       196   1353400   2851152     10016     18012    862332
06:26:18 AM 322688080 388885148   2769368      0.70    857128  65708104  53608208     13.29  42835608  24947432       484   1384000   2851104     10032     17756    862284
06:26:23 AM 322704632 388901852   2752428      0.70    857128  65708252  53525344     13.27  42835612  24920676       180   1356976   2851344     10080     18548    862268
06:26:28 AM 322712192 388909524   2745440      0.70    857128  65708408  53520352     13.27  42835648  24919284       344   1355652   2850616     10032     17776    862188
06:26:33 AM 322679612 388877152   2777872      0.70    857128  65708556  53836664     13.35  42835652  24953892       164   1389884   2850616     10032     18300    862220
06:26:38 AM 322690996 388888664   2766576      0.70    857128  65708736  53539568     13.28  42835688  24925260       336   1361340   2850348     10032     17820    862220
06:26:43 AM 322695176 388893052   2761980      0.70    857128  65708904  53544544     13.28  42835692  24928200       168   1363996   2850596     10080     18088    862236
06:26:48 AM 322690196 388888176   2767264      0.70    857128  65709076  53539912     13.28  42835728  24925276       448   1361072   2850120     10032     17816    862252
06:26:53 AM 322696180 388894696   2760484      0.70    857128  65709536  50692936     12.57  42835768  24913744       300   1348896   2850456     10048     17252    862300
06:26:58 AM 322714636 388913264   2741780      0.69    857128  65709668  49802796     12.35  42835800  24882844       280   1317996   2850572     10032     17132    862316
06:27:03 AM 322696744 388895240   2759832      0.70    857128  65709556  53510768     13.27  42835868  24912652       236   1348064   2850524     10016     17724    862332
06:27:08 AM 322715380 388914076   2741436      0.69    857128  65709716  53512980     13.27  42835916  24913296       588   1348724   2850124     10048     17736    862300
06:27:13 AM 322718420 388917300   2738244      0.69    857128  65709868  53522288     13.27  42835920  24920004       156   1355176   2850124     10048     18276    862316
06:27:18 AM 322711904 388910884   2744460      0.70    857128  65710052  53530820     13.27  42835928  24923944       224   1359040   2850240     10048     17784    862332
06:27:23 AM 322730184 388929568   2725760      0.69    857128  65710460  53541880     13.28  42835936  24926628       132   1361192   2850252     10032     17520    862348
06:27:28 AM 322712704 388912044   2742812      0.69    857128  65710384  53533960     13.28  42835968  24926340       136   1361024   2850756     10048     17812    862332
06:27:33 AM 322710768 388910324   2744664      0.70    857128  65710552  53539156     13.28  42836004  24927900       128   1362456   2850672     10048     17872    862332
06:27:38 AM 322702628 388902520   2752388      0.70    857128  65710972  53539660     13.28  42836016  24930900       360   1365084   2850668     10048     17816    862316
06:27:43 AM 322698532 388898380   2756196      0.70    857128  65710916  53530700     13.27  42836080  24924168       260   1358684   2851012     10096     18048    862316
06:27:48 AM 322707060 388907016   2747396      0.70    857128  65710960  50690384     12.57  42836088  24915316       264   1349548   2851240     10048     17480    862332
06:27:53 AM 322693760 388894056   2761312      0.70    857128  65711248  53507424     13.27  42836196  24913424       156   1347632   2850336     10016     17752    862316
06:27:58 AM 322699008 388899396   2756080      0.70    857128  65711376  53516388     13.27  42836204  24917236       224   1351104   2850192     10048     17768    862332
06:28:03 AM 322724484 388925020   2730832      0.69    857128  65711520  53506908     13.27  42836240  24916468       256   1349892   2849820     10000     17840    862332
06:28:08 AM 322727092 388927828   2728464      0.69    857128  65711712  53532452     13.27  42836248  24924536       312   1358556   2849388     10096     17972    862292
06:28:13 AM 322720972 388921824   2734444      0.69    857132  65711840  53549232     13.28  42836252  24932640       196   1366272   2849396     10112     18480    862356
06:28:18 AM 322723060 388924112   2731756      0.69    857132  65712028  53527500     13.27  42836300  24926528       248   1360008   2849808     10096     17956    862324
06:28:23 AM 322714040 388915220   2740612      0.69    857132  65712192  53539628     13.28  42836292  24929876       196   1363188   2849808     10032     17780    862332
06:28:28 AM 322713240 388914616   2741472      0.69    857132  65712368  53541056     13.28  42836332  24930312       252   1363284   2849572     10064     17844    862332
06:28:33 AM 322728668 388930176   2725656      0.69    857132  65712516  53525976     13.27  42836364  24925408        72   1358488   2849812     10112     17924    862316
06:28:38 AM 322715180 388916940   2739224      0.69    857132  65712712  53533436     13.28  42836408  24925580       244   1358276   2849536     10048     17868    862300
06:28:43 AM 322755212 388957172   2698308      0.68    857132  65712908  46962520     11.65  42836472  24875560       220   1308180   2850224     10048     17236    862284
06:28:48 AM 322702028 388904108   2751428      0.70    857132  65713032  53511448     13.27  42836524  24916368       232   1348840   2850164     10000     17672    862332
06:28:53 AM 322710188 388912400   2742972      0.69    857132  65713184  53525076     13.27  42836528  24923144        52   1355648   2850308     10048     18020    862332
06:28:58 AM 322715132 388917524   2737380      0.69    857132  65713356  53517928     13.27  42836580  24919900       112   1352208   2850784     10032     17776    862316
06:29:03 AM 322734676 388937192   2717692      0.69    857132  65713500  53543856     13.28  42836580  24930332        24   1362704   2850784     10032     17812    862332
06:29:08 AM 322729136 388931844   2723396      0.69    857132  65713644  53535992     13.28  42836568  24930920       528   1362856   2850476     10048     17776    862316
06:29:13 AM 322713444 388916300   2738932      0.69    857132  65713824  53535212     13.28  42836608  24928612        92   1360540   2850452     10048     17904    862316
06:29:18 AM 322721300 388924332   2730744      0.69    857132  65713996  53537016     13.28  42836616  24932780       216   1364436   2850612     10064     17816    862332
06:29:23 AM 322737452 388940680   2714172      0.69    857132  65714176  53531568     13.27  42836648  24930972        40   1362540   2850852     10144     17848    862316
06:29:28 AM 322719300 388922688   2732904      0.69    857132  65714356  53529808     13.27  42836692  24927984       400   1359272   2850092     10064     17824    862316
06:29:33 AM 322692716 388896292   2759552      0.70    857132  65714504  53520048     13.27  42836768  24922776         0   1354080   2849880     10032     18252    862284
06:29:38 AM 322687184 388890936   2764696      0.70    857132  65714656  53507252     13.27  42836808  24918644       364   1349776   2850116     10048     17744    862268
06:29:43 AM 322679652 388883520   2772128      0.70    857132  65714800  53510544     13.27  42836844  24918352       300   1349536   2850072     10080     18036    862268
06:29:48 AM 322673960 388877992   2777812      0.70    857132  65714940  53514736     13.27  42836848  24921016       316   1351864   2849940     10032     17720    862252
06:29:53 AM 322696584 388900736   2754932      0.70    857132  65715092  53521588     13.27  42836888  24924144       280   1355032   2850044     10080     17648    862284
06:29:58 AM 322670980 388875368   2780548      0.70    857132  65715280  53528064     13.27  42836892  24927796       332   1358312   2849844     10064     17808    862284
06:30:03 AM 322671992 388876460   2779424      0.70    857132  65715424  53531616     13.27  42836892  24929688       180   1360204   2849812     10016     17756    862284
06:30:08 AM 322665184 388869880   2785704      0.71    857132  65715588  53528128     13.27  42836932  24928124       540   1358424   2850176     10016     17760    862252
06:30:13 AM 322675620 388880452   2774672      0.70    857132  65715760  53526028     13.27  42836972  24928520       296   1358856   2850600     10112     18112    862268
06:30:18 AM 322660916 388865940   2789904      0.71    857132  65715916  53532608     13.27  42837012  24930244       308   1360232   2849916     10016     17792    862284
06:30:23 AM 322658972 388864052   2791276      0.71    857132  65716076  53533132     13.28  42837012  24931620       132   1361716   2850328     10096     17808    862252
06:30:28 AM 322673592 388878900   2776288      0.70    857132  65716256  53521292     13.27  42837044  24927604       424   1357500   2850516     10032     17696    862268
06:30:33 AM 322655108 388860664   2794452      0.71    857132  65716432  53532024     13.27  42837092  24929756       296   1359600   2850660     10048     17788    862300
06:30:38 AM 322677160 388882808   2771932      0.70    857132  65716564  53603664     13.29  42837164  24925796       396   1355532   2850996     10032     17752    862268
06:30:43 AM 322665680 388871480   2783284      0.70    857132  65716688  53535224     13.28  42837168  24928636       116   1358204   2851000     10032     17780    862284
06:30:48 AM 322646908 388852872   2801988      0.71    857132  65716868  53622952     13.30  42837172  24960840       356   1390256   2850888     10032     17800    862300
06:30:53 AM 322667116 388873288   2781760      0.70    857132  65717064  53537316     13.28  42837216  24929948       152   1359280   2850712     10032     17804    862268
06:30:58 AM 322669348 388875624   2779344      0.70    857132  65717192  53523440     13.27  42837248  24926204       260   1355364   2850768     10032     17612    862316
06:31:03 AM 322675432 388882188   2772824      0.70    857132  65717616  49809444     12.35  42837248  24893148        80   1321792   2850780      9952     17140    862268
06:31:08 AM 322632448 388839108   2816472      0.71    857132  65717516  53525732     13.27  42837280  24927784       396   1356624   2850216     10032     17784    862268
06:31:13 AM 322613968 388820756   2834752      0.72    857132  65717688  53613216     13.29  42837328  24957888       156   1386600   2850244     10016     18028    862268
06:31:18 AM 322652512 388859464   2795852      0.71    857132  65717848  53533308     13.28  42837324  24931440       280   1360120   2850440     10032     17804    862300
06:31:23 AM 322673060 388880472   2774752      0.70    857132  65718284  50691268     12.57  42837372  24905668       112   1333796   2850556     10016     17148    862268
06:31:28 AM 322648584 388855908   2798616      0.71    857132  65718196  53531200     13.27  42837408  24930376       276   1358828   2851256     10032     17792    862268
06:31:33 AM 322681268 388888972   2765620      0.70    857132  65718556  49811244     12.35  42837460  24894104       156   1322024   2851208     10032     17284    862284
06:31:38 AM 322649852 388857444   2797340      0.71    857132  65718484  53523048     13.27  42837484  24927340       132   1355380   2850976     10032     17772    862300
06:31:43 AM 322640636 388848416   2806008      0.71    857132  65718644  53539460     13.28  42837496  24935208       224   1363224   2851364     10080     18160    862372
06:31:48 AM 322649288 388857276   2797280      0.71    857132  65718896  53530164     13.27  42837532  24930944       328   1358900   2851188     10032     17776    862348
06:31:53 AM 322663168 388871244   2782772      0.70    857132  65718932  50694200     12.57  42837536  24924312        56   1351996   2851780     10080     17496    862316
06:31:58 AM 322659160 388867464   2786956      0.71    857132  65719216  53530124     13.27  42837572  24931960       252   1359524   2851320     10016     17792    862300
06:32:03 AM 322662988 388871508   2783108      0.70    857132  65719372  53521236     13.27  42837644  24926112       100   1353436   2851184      9984     17764    862284
06:32:08 AM 322669848 388878516   2775848      0.70    857132  65719532  53528788     13.27  42837644  24930064       384   1357232   2851424     10016     17780    862284
06:32:13 AM 322679776 388888612   2765720      0.70    857132  65719676  53517232     13.27  42837684  24928420       220   1355516   2851480     10080     18120    862252
06:32:18 AM 322675872 388884796   2770092      0.70    857132  65719872  53528136     13.27  42837684  24930868       136   1357880   2850816     10016     17788    862268
06:32:23 AM 322676396 388885600   2769368      0.70    857132  65720024  53531832     13.27  42837768  24930212        32   1356996   2850864     10016     17736    862268
06:32:28 AM 322676276 388885632   2769424      0.70    857132  65720172  53511536     13.27  42837804  24924452        64   1351332   2850780     10016     17732    862300
06:32:33 AM 322664708 388874220   2780852      0.70    857132  65720312  53526588     13.27  42837808  24930976        44   1357504   2850780     10016     17764    862300
06:32:38 AM 322659284 388868924   2786012      0.71    857132  65720500  53530800     13.27  42837804  24934472       436   1360980   2850856     10016     17780    862316
06:32:43 AM 322678964 388888852   2765904      0.70    857132  65720696  53524964     13.27  42837856  24933404       380   1359520   2851088     10064     18040    862316
06:32:48 AM 322673368 388883412   2771432      0.70    857132  65720856  53528884     13.27  42837892  24932300       188   1358476   2850996     10016     17780    862300
06:32:53 AM 322700160 388910496   2744588      0.70    857132  65721112  49799208     12.35  42837924  24891524       420   1317388   2850792     10000     17700    862284
06:32:58 AM 322669920 388880116   2775084      0.70    857132  65721012  53516720     13.27  42837956  24926664       132   1352884   2850636     10016     17760    862284
06:33:03 AM 322691416 388902148   2752920      0.70    857132  65721512  53514992     13.27  42838008  24927304         0   1352816   2850804     10000     17756    862284
06:33:08 AM 322693372 388903908   2751252      0.70    857132  65721360  53526480     13.27  42838008  24931648       476   1357360   2850668     10016     17768    862316
06:33:13 AM 322714056 388924784   2730412      0.69    857132  65721512  53546460     13.28  42838012  24938844       196   1364308   2850672     10016     18288    862300
06:33:18 AM 322712068 388922956   2732440      0.69    857132  65721688  53525116     13.27  42838044  24933732       476   1359196   2850456     10016     17772    862236
06:33:23 AM 322677564 388888688   2767176      0.70    857132  65721856  53523360     13.27  42838128  24929612       400   1354816   2850056     10016     17756    862236
06:33:28 AM 322673036 388884240   2771532      0.70    857132  65721980  53532844     13.27  42838128  24934152       336   1359496   2850104     10016     17784    862220
06:33:33 AM 322672564 388883996   2771812      0.70    857132  65722172  53532844     13.27  42838140  24936760       220   1361700   2850104     10016     18292    862268
06:33:38 AM 322710920 388922516   2733052      0.69    857132  65722348  53524172     13.27  42838168  24932892       440   1357936   2850332     10016     17608    862268
06:33:43 AM 322714832 388926876   2728724      0.69    857132  65722764  53514912     13.27  42838212  24926972       276   1351300   2850332      9968     17136    862348
06:33:48 AM 322682820 388894732   2760152      0.70    857132  65722648  53523620     13.27  42838284  24940096       300   1362848   2851032     10016     17752    862316
06:33:53 AM 322695472 388907564   2746984      0.70    857132  65722800  53526276     13.27  42838296  24931616       136   1356036   2851396     10080     18280    862316
06:33:58 AM 322713220 388925484   2729568      0.69    857132  65723016  53539524     13.28  42838292  24937644       260   1362048   2850848     10016     17804    862332
06:34:03 AM 322700304 388912704   2741976      0.69    857132  65723188  53545800     13.28  42838332  24938800       264   1363096   2851184     10048     18300    862300
06:34:08 AM 322724604 388937356   2717656      0.69    857132  65723540  50697128     12.57  42838336  24910820       412   1334644   2850852     10000     17164    862316
06:34:13 AM 322721756 388934724   2720444      0.69    857132  65723724  49995180     12.40  42838404  24892940       264   1316684   2850728     10016     17108    862300
06:34:18 AM 322698076 388910968   2744380      0.70    857132  65723644  53526368     13.27  42838440  24932204       200   1356236   2850552     10016     17768    862268
06:34:23 AM 322707044 388920120   2735328      0.69    857132  65723808  53531828     13.27  42838444  24936788       140   1359996   2850472     10000     18028    862252
06:34:28 AM 322711792 388925020   2730316      0.69    857132  65724012  53538924     13.28  42838456  24940232       212   1363760   2850532     10016     17792    862268
06:34:33 AM 322709736 388923136   2732184      0.69    857132  65724192  53539948     13.28  42838496  24939316       244   1362760   2850540     10048     17812    862268
06:34:38 AM 322699272 388912844   2742272      0.69    857132  65724356  53516312     13.27  42838568  24928740       264   1352024   2850752     10016     17764    862236
06:34:43 AM 322683260 388897020   2758088      0.70    857132  65724480  53601456     13.29  42838600  24932896       132   1356188   2850824     10016     17764    862268
06:34:48 AM 322689332 388903248   2751744      0.70    857132  65724644  53522312     13.27  42838608  24932172       296   1355292   2850932     10016     17776    862284
06:34:53 AM 322698428 388912528   2742396      0.69    857132  65724828  53524764     13.27  42838644  24934516       100   1357580   2851000     10000     18020    862252
06:34:58 AM 322698584 388912860   2741956      0.69    857132  65725004  53529576     13.27  42838656  24937028       272   1359696   2851108     10016     17788    862268
06:35:03 AM 322722632 388937320   2717564      0.69    857132  65725412  49815972     12.35  42838696  24900892       412   1323264   2851044     10000     17168    862236
06:35:08 AM 322696984 388911932   2743392      0.69    857132  65725640  50688512     12.57  42838760  24925936       464   1348088   2850636     10000     17280    862220
06:35:13 AM 322673308 388888092   2766928      0.70    857132  65725460  53529328     13.27  42838764  24936552       112   1359032   2850956     10064     18076    862268
06:35:18 AM 322670128 388885020   2769904      0.70    857132  65725624  53533556     13.28  42838776  24939556       156   1361852   2850996     10016     17816    862220
06:35:23 AM 322686844 388901944   2753080      0.70    857132  65725828  53545748     13.28  42838776  24946016        84   1368104   2850900      9984     18336    862284
06:35:28 AM 322683796 388899092   2755732      0.70    857132  65726012  53538740     13.28  42838816  24941420       236   1363412   2851112     10016     17808    862236
06:35:33 AM 322689236 388904724   2750056      0.70    857132  65726156  53520356     13.27  42838888  24931996        76   1353996   2851204     10000     18020    862252
06:35:38 AM 322708016 388923668   2731420      0.69    857132  65726296  53507600     13.27  42838956  24927164       264   1348860   2850920     10016     17728    862284
06:35:43 AM 322688716 388904480   2750504      0.70    857132  65726444  53514992     13.27  42838960  24931104        96   1352768   2850988     10080     18292    862300
06:35:48 AM 322705900 388921852   2733492      0.69    857132  65726632  53526728     13.27  42838976  24937380       124   1358780   2850628     10016     17796    862300
06:35:53 AM 322703768 388919800   2735496      0.69    857132  65726808  53543316     13.28  42838972  24942768        72   1364096   2850580     10000     17548    862332
06:35:58 AM 322713364 388929592   2725672      0.69    857132  65726896  53507592     13.27  42839020  24930364       192   1351540   2850720     10016     17572    862332
06:36:03 AM 322738444 388955136   2700340      0.68    857132  65727344  49807548     12.35  42839048  24899652        32   1320484   2850524     10016     17144    862332
06:36:08 AM 322683568 388900152   2755340      0.70    857132  65727232  53525988     13.27  42839084  24936480       628   1357268   2850512     10016     17784    862316
06:36:13 AM 322680356 388897016   2758396      0.70    857132  65727388  53530864     13.27  42839084  24938664       268   1359556   2850512     10016     17792    862332
06:36:18 AM 322671264 388888160   2767432      0.70    857132  65727556  53543872     13.28  42839100  24944628       420   1365200   2850400     10016     17804    862348
06:36:23 AM 322699628 388916820   2738552      0.69    857132  65727820  50704168     12.57  42839104  24921104       296   1341420   2850652     10016     18012    862364
06:36:28 AM 322691016 388908440   2747136      0.70    857132  65728032  50694424     12.57  42839172  24934524        76   1354640   2850468     10016     17604    862364
06:36:33 AM 322678900 388896280   2759700      0.70    857132  65727972  53519384     13.27  42839208  24934824         4   1355308   2850080      9984     17764    862332
06:36:38 AM 322730948 388948536   2706928      0.69    857132  65728160  46971392     11.65  42839212  24875384        36   1295404   2850616     10000     16700    862332
06:36:43 AM 322674100 388891648   2763712      0.70    857132  65728148  50702188     12.57  42839276  24931636       384   1351952   2850692     10016     18100    862316
06:36:48 AM 322665136 388882880   2772572      0.70    857132  65728332  53529320     13.27  42839292  24936752       360   1356704   2850612     10016     17792    862332
06:36:53 AM 322674440 388892216   2762900      0.70    857132  65728412  50690988     12.57  42839316  24930624       244   1350580   2850900     10016     17608    862332
06:36:58 AM 322649404 388867504   2787276      0.71    857136  65728684  53528104     13.27  42839340  24938484       388   1358124   2851284     10016     17800    862364
06:37:03 AM 322700552 388919008   2736220      0.69    857136  65729096  49812624     12.35  42839340  24904272       232   1323628   2850780      9936     17144    862316
06:37:08 AM 322680996 388899412   2755640      0.70    857136  65728992  50699596     12.57  42839348  24919780       376   1339108   2851020     10016     17360    862348
06:37:13 AM 322713048 388931600   2723384      0.69    857136  65729180  47179800     11.70  42839364  24885804       212   1305124   2851036     10000     16940    862332
06:37:18 AM 322690796 388909164   2746128      0.70    857136  65728932  47871068     11.87  42839380  24913680       148   1332972   2850792     10032     17188    862380
06:37:23 AM 322687912 388906416   2748820      0.70    857136  65729092  50695032     12.57  42839400  24919912        96   1339204   2850824     10016     17648    862364
06:37:28 AM 322673688 388892480   2762784      0.70    857136  65729356  50709704     12.57  42839416  24941200       308   1360152   2850820     10048     17676    862396
06:37:33 AM 322665640 388884976   2770240      0.70    857136  65729916  49818192     12.35  42839420  24908676        60   1327172   2850852     10032     17716    862380
06:37:38 AM 322663492 388882384   2772300      0.70    857136  65729412  46983392     11.65  42839456  24901072       296   1320040   2851444     10016     16992    862316
06:37:43 AM 322675228 388894468   2760452      0.70    857136  65729752  46969936     11.65  42839496  24877836        32   1296492   2851216     10016     16680    862300
06:37:48 AM 322615948 388835276   2819360      0.71    857136  65729832  50683880     12.57  42839568  24929124        80   1347804   2851508     10032     17596    862300
06:37:53 AM 322635708 388854936   2799812      0.71    857136  65729776  50679736     12.57  42839572  24907976       168   1326896   2851352     10032     17320    862300
06:37:58 AM 322598496 388817992   2837020      0.72    857136  65730016  53510704     13.27  42839608  24931872       348   1350436   2851116     10032     17760    862316
06:38:03 AM 322611352 388830960   2823852      0.72    857136  65730144  53510388     13.27  42839652  24930896       264   1349584   2851300     10064     17740    862332
06:38:08 AM 322615568 388835304   2819400      0.71    857136  65730288  53520476     13.27  42839644  24936356       452   1354948   2851392     10032     17780    862364
06:38:13 AM 322638280 388858200   2796528      0.71    857136  65730448  53535208     13.28  42839656  24943252       228   1361464   2851392     10048     18312    862332
06:38:18 AM 322635468 388855492   2799448      0.71    857136  65730600  53535208     13.28  42839652  24943324       336   1361560   2851132     10048     17808    862332
06:38:23 AM 322628868 388849120   2805944      0.71    857136  65730768  53552728     13.28  42839664  24951972       188   1369940   2851068     10032     18092    862348
06:38:28 AM 322610592 388831016   2824236      0.72    857136  65730932  53547240     13.28  42839700  24948944       332   1366824   2850888     10048     17816    862332
06:38:33 AM 322601352 388821920   2833284      0.72    857136  65731100  53554580     13.28  42839736  24951324       260   1368988   2850912     10032     18068    862316
06:38:38 AM 322631044 388851972   2803688      0.71    857136  65731508  49822372     12.35  42839736  24911220       184   1328512   2850408     10048     17176    862316
06:38:43 AM 322648092 388868768   2787156      0.71    857136  65731168  41805104     10.37  42839776  24863908       240   1281540   2850232      9984     15804    862316
06:38:48 AM 322709876 388930432   2725000      0.69    857136  65731056  30073004      7.46  42839776  24783148       140   1200956   2850716      9920     13828    862284
06:38:53 AM 322705976 388926624   2728416      0.69    857136  65731140  30077652      7.46  42839780  24786380        64   1204044   2851116      9968     14100    862332
06:38:58 AM 322713488 388934460   2720884      0.69    857136  65731468  30082484      7.46  42839780  24789236       168   1206596   2850808      9920     13840    862348
06:39:03 AM 322755612 388976296   2679276      0.68    857136  65731172  24218792      6.01  42839784  24749336        88   1166932   2850588      9936     13124    862316
06:39:08 AM 322750612 388971368   2684512      0.68    857136  65731244  24223116      6.01  42839780  24751500       348   1168956   2850280      9888     12868    862332
06:39:13 AM 322749460 388970272   2685592      0.68    857136  65731316  24227884      6.01  42839780  24753624       104   1170988   2850280      9888     12868    862316
06:39:18 AM 322746200 388967148   2688976      0.68    857136  65731472  24227884      6.01  42839780  24754908       192   1172220   2850000      9888     12884    862300
06:39:23 AM 322774808 388995672   2660488      0.67    857136  65731336  18362308      4.55  42839784  24714028        44   1131340   2850016      9856     12392    862300
06:39:28 AM 322807620 389028432   2628768      0.67    857136  65731316  12495428      3.10  42839780  24671496        68   1088940   2848944      9824     10888    862220
06:39:33 AM 322821484 389042692   2612460      0.66    857136  65731592  23794668      5.90  42872860  24634592        16   1084716   2851112      9920     13076    862300
06:39:38 AM 322672676 388894104   2760968      0.70    857136  65731756  23782588      5.90  42873308  24820972       184   1271488   2851248      9920     12864    862268
06:39:43 AM 322674660 388896208   2758840      0.70    857136  65731868  23782588      5.90  42873652  24821804        60   1272524   2851280      9920     12864    862268
06:39:48 AM 322670064 388891836   2762340      0.70    857136  65732000  23782588      5.90  42873988  24822056       192   1272964   2852244      9920     12868    862300
06:39:53 AM 322665280 388887064   2766892      0.70    857136  65732004  23782588      5.90  42874012  24822644        40   1273528   2852472      9952     13376    862284
06:39:58 AM 322665816 388887608   2766812      0.70    857136  65732012  23782588      5.90  42874036  24822032        80   1273000   2852008      9920     12868    862252
06:40:03 AM 322662804 388884604   2769444      0.70    857136  65732020  23782588      5.90  42874060  24822268         8   1273200   2852380      9968     13132    862220
06:40:08 AM 322658588 388880644   2773836      0.70    857136  65732248  23782588      5.90  42874364  24822308       112   1273364   2851976      9936     12868    862220
06:40:13 AM 322651132 388873332   2780648      0.70    857136  65732392  23782588      5.90  42874760  24823040        20   1274260   2852476      9920     12864    862284
06:40:18 AM 322657012 388879484   2774688      0.70    857136  65732544  23782588      5.90  42875200  24823328       180   1274860   2852404      9920     12864    862284
06:40:23 AM 322888608 389110892   2544848      0.64    857136  65732344   6627836      1.64  42875264  24595184        20   1046996   2850848      9856      9908    862172
06:40:28 AM 322889632 389111544   2545024      0.64    857136  65731972   6627836      1.64  42875260  24594732       184   1046900   2850020      9792      9892    862172
06:40:33 AM 322885152 389107564   2549000      0.65    857136  65732476   6640428      1.65  42875264  24599396        52   1051020   2850020      9792     10392    862204
06:40:38 AM 322884680 389107940   2548400      0.65    857136  65733312   6628348      1.64  42875260  24596624       192   1047488   2850256      9792      9892    862220
06:40:43 AM 322884688 389108996   2547348      0.65    857136  65734340   6628348      1.64  42875264  24597728        44   1047488   2850272      9792      9892    862204
06:40:48 AM 322885760 389110824   2545520      0.64    857136  65735080   6628348      1.64  42875260  24598400       120   1047488   2850288      9792      9892    862236
06:40:53 AM 322884804 389111208   2545568      0.64    857136  65736328   6628348      1.64  42875260  24599708        20   1047484   2849948      9792      9888    862252
06:40:58 AM 322885576 389113208   2543552      0.64    857136  65737488   6628348      1.64  42875260  24600860        96   1047492   2850032      9792      9892    862252
06:41:03 AM 322884588 389113336   2543204      0.64    857136  65738548   6628348      1.64  42875264  24602384        20   1047964   2850308      9808     10140    862236
06:41:08 AM 322661284 388892424   2762356      0.70    857136  65740884  53467820     13.26  42875524  24882288      2068   1326192   2852124     10048     17676    862332
06:41:13 AM 322639628 388871508   2782860      0.70    857136  65741584  53461840     13.26  42875772  24887516      1068   1330564   2852576     10048     17324    862284
06:41:18 AM 322661756 388895956   2759036      0.70    857136  65743904  49742584     12.34  42875820  24865632      1168   1306616   2851952     10032     17116    862252
06:41:23 AM 322650272 388884600   2770628      0.70    857136  65744004  53456264     13.26  42876040  24889604      1624   1330552   2851744      9984     17884    862236
06:41:28 AM 322642840 388878592   2777136      0.70    857136  65745408  53461872     13.26  42876292  24890436      1252   1330384   2851264     10032     17272    862172
06:41:33 AM 322739724 388977776   2677640      0.68    857136  65747696  34756904      8.62  42876400  24782404       492   1220348   2851588      9968     14736    862188
06:41:38 AM 322707876 388947992   2707164      0.69    857136  65749756  42332212     10.50  42876624  24799808      1548   1235704   2851852     10000     15756    862204
06:41:43 AM 322653868 388894768   2760280      0.70    857136  65750532  49765432     12.34  42876872  24863808      1584   1299272   2851968     10016     16864    862252
06:41:48 AM 322633292 388875648   2778520      0.70    857136  65751964  53450524     13.25  42877132  24897992      1836   1332320   2852872     10032     17464    862188
06:41:53 AM 322689568 388933444   2721348      0.69    857136  65753460  41267636     10.23  42877316  24840356      1156   1273348   2852272     10032     16348    862172
06:41:58 AM 322727496 388974036   2679632      0.68    857136  65756064  39703396      9.85  42877516  24801612      1304   1232060   2853456     10000     15448    862204
06:42:03 AM 322643864 388891160   2763156      0.70    857136  65756800  50632568     12.56  42877720  24900760      2260   1330824   2852828      9968     17344    862252
06:42:08 AM 322671756 388920644   2734304      0.69    857136  65758396  53450548     13.25  42877956  24903700      2392   1332376   2852192     10032     17284    862172
06:42:13 AM 322656992 388907456   2748568      0.70    857136  65759956  53461856     13.26  42878240  24903628      1404   1331524   2851132      9936     17248    862124
06:42:18 AM 322736560 388989160   2665672      0.68    857136  65762084  40381152     10.01  42878412  24815576       844   1240820   2852332      9936     15080    862156
06:42:23 AM 322709676 388963832   2690460      0.68    857136  65763576  43218920     10.72  42878580  24842820       564   1266952   2852936     10000     15768    862188
06:42:28 AM 322674620 388930016   2724952      0.69    857136  65764796  47803944     11.85  42878800  24889276      1956   1312384   2852280     10016     16756    862188
06:42:33 AM 322721572 388978072   2676768      0.68    857136  65765892  47805476     11.85  42879080  24869032      1592   1291336   2852416     10064     16812    862124
06:42:38 AM 322742700 389001380   2653092      0.67    857136  65768028  46037752     11.42  42879312  24843568      1652   1264440   2852828     10000     16344    862124
06:42:43 AM 322833196 389094088   2559868      0.65    857136  65770244  32091468      7.96  42879464  24748108       540   1166332   2853340     10000     14360    862172
06:42:48 AM 322743228 389005436   2648836      0.67    857136  65771496  46024576     11.41  42879676  24848936      2028   1266136   2853088     10032     16180    862156
06:42:53 AM 322726664 388990776   2663984      0.67    857136  65773356  49743600     12.34  42879928  24883764      2132   1299424   2852644      9920     16356    862172
06:42:58 AM 322722080 388987364   2667644      0.68    857136  65774520  49749184     12.34  42880212  24886340      2368   1300916   2852404     10016     16984    862220
06:43:03 AM 322708872 388976184   2678460      0.68    857136  65776528  49755632     12.34  42880476  24886740      2000   1299772   2852788     10000     16956    862220
06:43:08 AM 322691752 388960908   2693764      0.68    857136  65778304  50638196     12.56  42880736  24902868      2188   1313880   2852828     10016     16932    862204
06:43:13 AM 322673088 388943588   2711272      0.69    857136  65779580  53464248     13.26  42880944  24918772      2076   1329236   2852708     10032     17044    862188
06:43:18 AM 322674412 388946840   2707668      0.69    857136  65781464  53451216     13.25  42881260  24923252      1868   1332060   2853104     10000     17480    862220
06:43:23 AM 322677444 388951676   2702984      0.68    857136  65783256  53452004     13.25  42881508  24924600      1808   1331960   2852964      9936     17468    862220
06:43:28 AM 322761852 389037308   2617224      0.66    857140  65784456  35897940      8.90  42881680  24819264      1316   1225472   2853112      9888     14660    862156
06:43:33 AM 322892272 389168188   2485148      0.63    857140  65784852  23787196      5.90  42914752  24637764       148   1076644   2854372      9840     12872    862220
06:43:38 AM 322860380 389136604   2517204      0.64    857140  65785032  23787196      5.90  42915320  24677492       164   1116700   2854028      9856     12864    862156
06:43:43 AM 322862188 389138600   2515216      0.64    857140  65785228  23787196      5.90  42915896  24678848        60   1118380   2854012      9856     13368    862172
06:43:48 AM 322859788 389136412   2516784      0.64    857140  65785404  23787196      5.90  42916376  24678816       168   1118648   2854668      9840     12864    862140
06:43:53 AM 322859848 389136748   2516436      0.64    857140  65785612  23787196      5.90  42917056  24679172        56   1119480   2854748      9856     12864    862188
06:43:58 AM 322865160 389141844   2513312      0.64    857140  65785396   6628348      1.64  42917164  24607020       168   1047616   2852776      9728      9888    862092
06:44:03 AM 322866764 389143052   2512164      0.64    857140  65785004   6628348      1.64  42917164  24606572        64   1047616   2852712      9728      9888    862044
06:44:08 AM 322854012 389131280   2523944      0.64    857140  65785980   6642128      1.65  42917200  24620952        84   1061032   2852708      9728      9916    862044
06:44:13 AM 322848272 389126660   2528572      0.64    857140  65787056   6660916      1.65  42917204  24631424        64   1070428   2852744      9744     10440    862092
06:44:18 AM 322843528 389123084   2532404      0.64    857140  65788176   6649604      1.65  42917292  24630124       220   1068096   2852536      9744      9936    862076
