Linux 5.15.30-2-pve (superserver2) 	01/27/2024 	_x86_64_	(32 CPU)

03:38:31 AM kbmemfree   kbavail kbmemused  %memused kbbuffers  kbcached  kbcommit   %commit  kbactive   kbinact   kbdirty  kbanonpg    kbslab  kbkstack   kbpgtbl  kbvmused
03:38:36 AM 324296460 389105040   2555956      0.65    857072  64359524   7093180      1.76  42303208  23781788       356   1034496   2804772     10608      9868    862408
03:38:41 AM 324223072 389034588   2625784      0.66    857072  64362424  21710064      5.38  42305388  23924992       648   1177040   2805432      9824     13324    861704
03:38:46 AM 324336984 389149844   2511288      0.64    857072  64363720   6618724      1.64  42305820  23783716       388   1034796   2804720      9664      9816    861496
03:38:51 AM 324336388 389151376   2509768      0.64    857072  64365736   6618724      1.64  42305820  23785816       244   1034796   2804820      9664      9812    861480
03:38:56 AM 324334116 389151188   2510228      0.64    857072  64367728   6618724      1.64  42305880  23787668       272   1034796   2804640      9680      9812    861528
03:39:01 AM 324333016 389152340   2508996      0.64    857072  64369836   6618724      1.64  42305948  23789776        52   1034800   2804864      9680      9808    861512
03:39:06 AM 324329872 389151028   2509804      0.64    857072  64371584   6618724      1.64  42306008  23791400       272   1034804   2805452      9680      9812    861496
03:39:11 AM 324328612 389151700   2509140      0.64    857072  64373408   6618724      1.64  42306008  23793300       296   1034800   2805552      9680      9808    861512
03:39:16 AM 324325892 389150896   2509884      0.64    857072  64375172   6618724      1.64  42306068  23794940       356   1034800   2805764      9680      9808    861480
03:39:21 AM 324324688 389151740   2509036      0.64    857072  64377108   6618724      1.64  42306136  23796872       308   1034800   2805880      9680      9808    861512
03:39:26 AM 324319500 389148196   2513012      0.64    857072  64378652   6618724      1.64  42306136  23798336       272   1034800   2805548      9680      9808    861496
03:39:31 AM 324319048 389149368   2511832      0.64    857072  64380164   6618724      1.64  42306204  23799868       220   1034804   2805668      9680      9812    861464
03:39:36 AM 324317976 389149688   2511244      0.64    857072  64381460   6618724      1.64  42306204  23801096       288   1034808   2806032      9680      9808    861480
03:39:41 AM 324317488 389150836   2510116      0.64    857072  64382980   6618724      1.64  42306268  23802640        32   1034828   2806128      9664      9812    861464
03:39:46 AM 324314308 389149392   2511464      0.64    857072  64384604   6618724      1.64  42306268  23804220       208   1034880   2806336      9664      9808    861496
03:39:51 AM 324314064 389150824   2510020      0.64    857072  64386176   6618724      1.64  42306332  23805844       172   1034900   2806452      9664      9808    861496
03:39:56 AM 324306396 389145076   2515628      0.64    857072  64388028   6618724      1.64  42306328  23807612       312   1034936   2806660      9664      9808    861448
03:40:01 AM 324305588 389146024   2514844      0.64    857072  64389680   6637960      1.65  42306396  23816252       244   1041940   2806600      9712      9908    861456
03:40:06 AM 324090380 388933632   2726164      0.69    857072  64392404  53316080     13.22  42306852  24077948      1344   1301548   2807764      9936     16784    861592
03:40:11 AM 324146960 388991868   2668104      0.68    857072  64393948  43085576     10.68  42307108  24001520       672   1223680   2807700      9920     15312    861592
03:40:16 AM 324061592 388907388   2753024      0.70    857072  64394792  53304716     13.22  42307800  24085864      2140   1307532   2807304      9952     16944    861640
03:40:21 AM 324073544 388920720   2740204      0.69    857072  64396176  53315124     13.22  42308024  24084008      1516   1304924   2806788      9968     16876    861608
03:40:26 AM 324104836 388953384   2707308      0.69    857072  64397528  53300632     13.22  42308240  24083024      1404   1303096   2807040      9968     16804    861640
03:40:31 AM 324204512 389054304   2606568      0.66    857072  64398772  40270020      9.99  42308324  24004536       956   1223224   2806860      9968     15356    861608
03:40:36 AM 324168328 389019488   2641160      0.67    857072  64400144  46784652     11.60  42308476  24038116      1572   1255584   2807080      9968     15984    861720
03:40:41 AM 324158456 389010800   2650196      0.67    857072  64401328  53296516     13.22  42308696  24088360      1780   1304956   2806732      9984     16932    861752
03:40:46 AM 324139336 388993236   2666552      0.68    857072  64402876  53308184     13.22  42308912  24090108      1684   1305000   2807948      9984     16884    861704
03:40:51 AM 324143816 388999020   2661316      0.67    857072  64404172  53298756     13.22  42309108  24089024      1300   1303180   2807408      9984     16800    861656
03:40:56 AM 324153656 389010248   2649512      0.67    857072  64405556  50483028     12.52  42309224  24073604      1656   1285988   2807988      9984     16612    861704
03:41:01 AM 324138372 388996172   2663304      0.67    857072  64406764  53304556     13.22  42309416  24092880      1588   1304604   2808272      9984     16792    861736
03:41:06 AM 324141028 389000408   2660488      0.67    857072  64408296  53292996     13.22  42309616  24095624      1848   1306328   2806900      9984     16904    861704
03:41:11 AM 324160924 389021840   2639108      0.67    857072  64409820  53288688     13.21  42309836  24098228      1664   1306820   2806860      9984     16840    861736
03:41:16 AM 324197492 389060108   2600636      0.66    857072  64411516  49603852     12.30  42310024  24065480      1372   1273320   2807068      9968     16228    861688
03:41:21 AM 324231536 389095760   2564772      0.65    857072  64413112  46797644     11.60  42310204  24048704      1348   1254832   2807292      9968     15768    861688
03:41:26 AM 324171356 389036636   2623292      0.66    857072  64414164  53298364     13.22  42310368  24101696      1984   1306676   2807900      9984     16940    861672
03:41:31 AM 324173120 389039592   2620088      0.66    857072  64415340  50481728     12.52  42310572  24081400       660   1285208   2808164      9968     16348    861720
03:41:36 AM 324175228 389043312   2616964      0.66    857072  64416948  49605696     12.30  42310764  24071364       848   1274328   2807572      9984     16316    861720
03:41:41 AM 324139552 389009152   2650836      0.67    857072  64418424  53304188     13.22  42310960  24106796       948   1308368   2807900      9984     16832    861704
03:41:46 AM 324180244 389051228   2608908      0.66    857072  64419756  43980428     10.91  42311096  24067896       724   1268312   2807804      9968     15888    861736
03:41:51 AM 324150008 389022092   2637800      0.67    857072  64420856  53293448     13.22  42311276  24110144       700   1309636   2808048      9984     16928    861704
03:41:56 AM 324179712 389053480   2606724      0.66    857072  64422480  49594416     12.30  42311464  24076852      1576   1274532   2807796      9984     16340    861736
03:42:01 AM 324158004 389032912   2627256      0.67    857072  64423568  53292692     13.22  42311684  24108448      1356   1305276   2807884      9984     16792    861688
03:42:06 AM 324177328 389053868   2606812      0.66    857072  64425156  49612864     12.30  42311864  24079248      1520   1275252   2807416      9984     16320    861704
03:42:11 AM 324168932 389046660   2613892      0.66    857072  64426284  50480404     12.52  42312020  24093672      1388   1288696   2807604      9984     16632    861704
03:42:16 AM 324173060 389052440   2608072      0.66    857072  64427896  44851880     11.12  42312148  24073048       228   1250820   2807684      9968     15880    861768
03:42:21 AM 324142576 389023040   2637484      0.67    857072  64428896  53309604     13.22  42312360  24113552       412   1305788   2807756      9984     16904    861736
03:42:26 AM 324171668 389053704   2605960      0.66    857072  64430456  49600008     12.30  42312560  24083708       396   1275188   2808628      9968     16332    861672
03:42:31 AM 324185068 389067992   2591840      0.66    857072  64431336  49604168     12.30  42312704  24080404       484   1270612   2808468     10000     16152    861704
03:42:36 AM 324184500 389068920   2591620      0.66    857072  64432820  49797808     12.35  42312840  24088016       340   1277208   2807772      9984     16436    861736
03:42:41 AM 324190432 389076256   2583976      0.65    857072  64434192  49610876     12.30  42313036  24086568       368   1274832   2808112      9984     16452    861704
03:42:46 AM 324160320 389047348   2612752      0.66    857072  64435360  53303128     13.22  42313268  24117916      1492   1305004   2808280      9984     16804    861688
03:42:51 AM 324165200 389053856   2606140      0.66    857072  64436964  53294976     13.22  42313652  24118148      1340   1304236   2808408      9984     16800    861704
03:42:56 AM 324164456 389054664   2605220      0.66    857072  64438416  50478012     12.52  42313844  24117828      1260   1302208   2808620      9984     16564    861656
03:43:01 AM 324157504 389049032   2610764      0.66    857072  64439704  53299732     13.22  42313980  24125020      1768   1308600   2808740      9984     16868    861592
03:43:06 AM 324151592 389044616   2616452      0.66    857072  64441164  53304476     13.22  42314196  24123748      1648   1306004   2807504      9984     16892    861656
03:43:11 AM 324191208 389085612   2574772      0.65    857072  64442504  43963180     10.90  42314352  24082176      1136   1262696   2808228      9984     15972    861656
03:43:16 AM 324145344 389041280   2618876      0.66    857072  64444028  53290620     13.21  42314564  24126148       220   1305776   2808464      9984     16876    861640
03:43:21 AM 324150516 389047772   2612892      0.66    857072  64445352  53292388     13.22  42314756  24126412      1320   1305136   2807952      9984     16788    861640
03:43:26 AM 324167444 389066540   2593508      0.66    857072  64447180  50492364     12.52  42314956  24102572      1484   1279036   2808580      9968     16348    861640
03:43:31 AM 324211652 389112236   2547816      0.65    857072  64448644  45902528     11.38  42315100  24070092      1056   1245184   2808600      9952     15664    861624
03:43:36 AM 324149680 389051324   2608536      0.66    857072  64449700  53293180     13.22  42315324  24134216      1460   1309080   2808796      9968     16904    861672
03:43:41 AM 324139588 389042580   2617432      0.66    857072  64451032  50481952     12.52  42315536  24128288      1248   1301520   2808660      9968     16664    861736
03:43:46 AM 324177408 389082224   2578240      0.65    857072  64452836  49596952     12.30  42315672  24106920      1352   1278868   2808228      9968     16460    861720
03:43:51 AM 324146240 389051964   2608844      0.66    857072  64453732  53303776     13.22  42315880  24133644      1308   1305176   2807896      9968     16792    861752
03:43:56 AM 324137440 389044624   2615528      0.66    857072  64455184  53306360     13.22  42316076  24134928      1388   1304632   2808560      9968     16780    861672
03:44:01 AM 324151728 389060300   2600668      0.66    857072  64456560  53300580     13.22  42316252  24136824      1516   1305852   2807756      9968     16888    861624
03:44:06 AM 324149616 389059484   2600408      0.66    857072  64457784  50478276     12.52  42316408  24119760      1300   1288176   2808904      9968     16596    861624
03:44:11 AM 324135368 389046536   2613704      0.66    857072  64459004  53292232     13.22  42316576  24139156       796   1306044   2808636      9968     16816    861640
03:44:16 AM 324156732 389069668   2590360      0.66    857072  64460700  49601440     12.30  42316752  24111036      1552   1276376   2808920      9968     16340    861624
03:44:21 AM 324127560 389041476   2618388      0.66    857072  64461688  53307044     13.22  42316936  24141704      1040   1305716   2809076      9968     16856    861656
03:44:26 AM 324154800 389070036   2590424      0.66    857072  64463004  49601292     12.30  42317100  24112692      1044   1275868   2808484      9968     16124    861656
03:44:31 AM 324097940 389014672   2645216      0.67    857072  64464432  53302296     13.22  42317280  24144236      1620   1305812   2809124      9968     16804    861672
03:44:36 AM 324122636 389040752   2617660      0.66    857072  64465820  49792548     12.35  42317460  24116320      1876   1277200   2810596     10096     16772    861704
03:44:41 AM 324103380 389022780   2636472      0.67    857072  64467056  50488696     12.52  42317648  24142532      1276   1302344   2809804      9968     16404    861736
03:44:46 AM 324114920 389036124   2623632      0.66    857072  64468808  50484896     12.52  42317812  24129712      1588   1287840   2809352      9952     16344    861752
03:44:51 AM 324101840 389024136   2635976      0.67    857072  64469884  53297632     13.22  42318020  24147320      1336   1304724   2809012      9968     16668    861736
03:44:56 AM 324124056 389048184   2612288      0.66    857072  64471696  49603028     12.30  42318216  24122996      1872   1278628   2808672      9968     16436    861688
03:45:01 AM 324097236 389022612   2637368      0.67    857072  64472848  53304060     13.22  42318428  24152428       940   1307340   2809260      9968     16784    861656
03:45:06 AM 324112152 389039580   2620376      0.66    857072  64474884  49602696     12.30  42318572  24127076      1780   1279748   2809300      9968     16320    861704
03:45:11 AM 324093676 389021876   2638624      0.67    857072  64475724  53293924     13.22  42318768  24157588      1888   1309820   2808688      9968     16880    861736
03:45:16 AM 324118808 389048348   2612632      0.66    857072  64477056  53293816     13.22  42318940  24157132       972   1308104   2808216      9968     16888    861688
03:45:21 AM 324122456 389053432   2607392      0.66    857072  64478516  53298436     13.22  42319164  24157900      1772   1307920   2808348      9968     16920    861608
03:45:26 AM 324129956 389062392   2598196      0.66    857072  64479876  50478336     12.52  42319352  24156548      1724   1305064   2808684      9952     16776    861624
03:45:31 AM 324129972 389063716   2596760      0.66    857072  64481172  53286060     13.21  42319516  24158980      1100   1306596   2808808      9952     16780    861608
03:45:36 AM 324166580 389101576   2557968      0.65    857072  64482428  46105540     11.43  42319612  24121620       532   1267996   2809736     10016     15960    861656
03:45:41 AM 324136736 389073140   2587208      0.66    857072  64483804  53291564     13.22  42319828  24161424      1932   1306336   2808964      9936     16880    861640
03:45:46 AM 324136052 389073760   2587100      0.66    857072  64485088  53292812     13.22  42320032  24162376      1504   1306632   2808472      9936     16788    861640
03:45:51 AM 324187768 389127208   2533408      0.64    857072  64486800  43975568     10.90  42320200  24111264       688   1253904   2808736      9920     15572    861656
03:45:56 AM 324158756 389099196   2561336      0.65    857072  64487804  46793144     11.60  42320344  24133336       696   1275180   2808816      9936     16308    861640
03:46:01 AM 324130276 389071992   2588948      0.66    857072  64489072  53304908     13.22  42320532  24167556       532   1308092   2808416      9952     16932    861672
03:46:06 AM 324107900 389050844   2609740      0.66    857072  64490300  53302792     13.22  42320712  24168140       412   1307888   2808772      9952     16880    861704
03:46:11 AM 324113964 389058508   2601796      0.66    857072  64491828  53298464     13.22  42320944  24168152       604   1306128   2809124      9952     16812    861672
03:46:16 AM 324143004 389089052   2571396      0.65    857072  64493376  49605296     12.30  42321072  24138976      1532   1275952   2808936      9936     16272    861656
03:46:21 AM 324122584 389069924   2589896      0.66    857072  64494628  53299316     13.22  42321272  24175896      1812   1311636   2809604      9952     16948    861720
03:46:26 AM 324156936 389106112   2553772      0.65    857072  64496392  45898668     11.38  42321436  24113612      1480   1247724   2809612      9936     15812    861736
03:46:31 AM 324096076 389046160   2614092      0.66    857072  64497216  53297708     13.22  42321648  24173500      1464   1306668   2809328      9936     16788    861688
03:46:36 AM 324125900 389077672   2583044      0.65    857072  64498828  49601384     12.30  42321856  24144128      1756   1276956   2808940      9968     16392    861624
03:46:41 AM 324103824 389057052   2602996      0.66    857072  64500264  49605408     12.30  42322024  24145776        44   1276648   2809628      9952     16424    861656
03:46:46 AM 324099100 389053880   2605836      0.66    857072  64501680  49607968     12.30  42322188  24147940       204   1277564   2810096      9952     16440    861608
03:46:51 AM 324109448 389065276   2594960      0.66    857072  64502668  50477764     12.52  42322364  24159456      1324   1287848   2809636      9984     16576    861640
03:46:56 AM 324087848 389044988   2615160      0.66    857072  64503968  47674072     11.82  42322560  24174388      1236   1302220   2809736     10016     16576    861656
03:47:01 AM 324101940 389060540   2599924      0.66    857072  64505420  47672180     11.82  42322740  24169796      1272   1296284   2809428      9920     16372    861640
03:47:06 AM 324097180 389057500   2603420      0.66    857072  64507092  50471812     12.52  42322912  24164888      1684   1289940   2809020      9968     16556    861608
03:47:11 AM 324118548 389080404   2580008      0.65    857072  64508580  49591112     12.30  42323108  24154284      1392   1277952   2809576      9936     16344    861640
03:47:16 AM 324093400 389056728   2603028      0.66    857072  64510052  49596752     12.30  42323252  24157968      2160   1280336   2810232      9952     16460    861720
03:47:21 AM 324071384 389035804   2623984      0.66    857072  64511112  53291108     13.21  42323476  24186572      1660   1307068   2810232      9952     16880    861704
03:47:26 AM 324080952 389047008   2612944      0.66    857072  64512752  49599464     12.30  42323648  24158532      1400   1278624   2810064      9952     16360    861640
03:47:31 AM 324080408 389047640   2612836      0.66    857072  64513876  46782088     11.60  42323832  24156088      1196   1275124   2809592      9952     16240    861688
03:47:36 AM 324095080 389063748   2596628      0.66    857072  64515292  45910896     11.38  42323984  24129276      1672   1246620   2809712      9968     15880    861688
03:47:41 AM 324070316 389040340   2620440      0.66    857072  64516604  50482672     12.52  42324168  24172136      1356   1288384   2809352      9936     16332    861720
03:47:46 AM 324041116 389012284   2648556      0.67    857072  64517692  53292408     13.22  42324372  24191804      1488   1307320   2809348      9952     16784    861656
03:47:51 AM 324036876 389009404   2651056      0.67    857072  64518996  53291764     13.22  42324532  24192640      1028   1306784   2809784      9952     16792    861672
03:47:56 AM 324056940 389030664   2629760      0.67    857072  64520156  50491360     12.52  42324696  24177164      1148   1290568   2809856      9952     16408    861592
03:48:01 AM 324072524 389047872   2612824      0.66    857072  64521768  46787096     11.60  42324868  24162532      1268   1274664   2809596      9936     16220    861592
03:48:06 AM 324033576 389010244   2650152      0.67    857072  64523004  53308988     13.22  42325064  24196212      1740   1307180   2809980      9952     16916    861624
03:48:11 AM 324064908 389043088   2617072      0.66    857072  64524516  49595548     12.30  42325208  24169892       948   1279632   2810216      9936     16312    861656
03:48:16 AM 324024808 389003872   2656096      0.67    857072  64525344  53296992     13.22  42325408  24197644       820   1306924   2810464      9968     16588    861640
03:48:21 AM 324063024 389043748   2616384      0.66    857072  64526916  49604504     12.30  42325576  24166008       944   1273736   2810388      9968     16032    861704
03:48:26 AM 324036412 389018576   2641372      0.67    857072  64528348  53320636     13.22  42325764  24202784       896   1309468   2810580      9968     16892    861688
03:48:31 AM 324044196 389027808   2632640      0.67    857072  64529788  53305060     13.22  42325964  24203448      1552   1308748   2810088      9968     16936    861688
03:48:36 AM 324087596 389072756   2588248      0.66    857072  64531324  46784856     11.60  42326140  24154512      1324   1257936   2809544      9968     15964    861720
03:48:41 AM 324043464 389029696   2630780      0.67    857072  64532400  53290332     13.21  42326320  24206080      1452   1309028   2810068      9984     16708    861800
03:48:46 AM 324028372 389015952   2643948      0.67    857072  64533752  53295272     13.22  42326496  24209500       848   1311460   2810640      9984     16816    861832
03:48:51 AM 324042992 389031992   2628288      0.67    857072  64535128  53301680     13.22  42326688  24208192      1468   1308876   2810304      9984     16784    861784
03:48:56 AM 324039628 389030288   2630576      0.67    857072  64536784  53302680     13.22  42326912  24207384      1600   1306868   2809724      9984     16904    861768
03:49:01 AM 324074124 389066480   2594240      0.66    857072  64538464  49597880     12.30  42327064  24180800      1384   1279020   2809884      9968     16412    861704
03:49:06 AM 324034772 389028120   2632220      0.67    857072  64539420  53302768     13.22  42327252  24210448       972   1307584   2810300      9984     16896    861608
03:49:11 AM 324074948 389069920   2589612      0.66    857072  64541048  43085264     10.68  42327384  24149484      1044   1244952   2811104      9952     15704    861624
03:49:16 AM 324008000 389003944   2655276      0.67    857072  64542016  53298736     13.22  42327588  24214276      1788   1308932   2811420      9984     16888    861736
03:49:21 AM 324038588 389036148   2623980      0.66    857072  64543592  50672540     12.57  42327780  24184032       484   1277472   2810552      9968     16240    861720
03:49:26 AM 324089412 389088492   2571768      0.65    857072  64545088  43284324     10.73  42327928  24134408       528   1226504   2810444      9968     15508    861736
03:49:31 AM 324027600 389027756   2631980      0.67    857072  64546100  53302992     13.22  42328136  24216712      1468   1307480   2811032      9984     16896    861688
03:49:36 AM 324050624 389051972   2607688      0.66    857072  64547268  47669600     11.82  42328272  24198892       384   1288992   2811132      9984     16208    861720
03:49:41 AM 324032268 389035208   2624440      0.66    857072  64548824  53298440     13.22  42328492  24221932       244   1310988   2811180     10000     16944    861688
03:49:46 AM 324025020 389029112   2630636      0.67    857072  64549936  47662680     11.82  42328664  24213004      1112   1300868   2811120      9984     16344    861704
03:49:51 AM 324076296 389082316   2577216      0.65    857072  64551872  45894732     11.38  42328792  24163740       340   1249792   2811328      9984     15860    861704
03:49:56 AM 323999272 389006128   2653256      0.67    857072  64552680  53311236     13.22  42328988  24224764      1816   1310352   2811504      9984     16892    861720
03:50:01 AM 324037564 389045736   2614024      0.66    857072  64553948  50479004     12.52  42329192  24204392      1268   1288884   2811176      9984     16536    861704
03:50:06 AM 324047720 389057456   2601580      0.66    857076  64555496  49599368     12.30  42329360  24195004      1232   1277552   2811912      9968     16132    861624
03:50:11 AM 324114144 389125352   2533584      0.64    857076  64556928  40273660      9.99  42329484  24144788       972   1226540   2812052      9968     15328    861656
03:50:16 AM 324020800 389033036   2626708      0.67    857076  64557948  53304352     13.22  42329688  24228544       228   1309572   2811252      9984     16908    861688
03:50:21 AM 324024860 389038544   2621124      0.66    857076  64559336  53291916     13.22  42329908  24227020      1404   1306940   2811388      9984     16800    861672
03:50:26 AM 324059016 389074200   2586096      0.65    857076  64560828  46785676     11.60  42330060  24181564      1264   1259952   2810768      9984     15888    861752
03:50:31 AM 324032360 389049216   2611340      0.66    857076  64562380  49588940     12.30  42330280  24200708      1536   1277800   2810628      9984     16328    861720
03:50:36 AM 324006888 389024804   2635228      0.67    857076  64563396  53299680     13.22  42330432  24234804      1480   1310992   2811196      9984     16684    861704
03:50:41 AM 324007024 389026488   2633376      0.67    857076  64564900  53292520     13.22  42330620  24236800      1708   1311216   2811408     10000     16892    861704
03:50:46 AM 324032604 389053420   2606332      0.66    857076  64566168  50476896     12.52  42330812  24207288      1308   1281208   2811604      9984     16648    861704
03:50:51 AM 324014052 389036388   2623372      0.66    857076  64567628  50499736     12.52  42330980  24234772      1164   1307336   2811656     10000     16712    861720
03:50:56 AM 324009420 389033196   2627172      0.67    857076  64569100  53293668     13.22  42331176  24239192      1804   1309656   2811016     10000     16968    861768
03:51:01 AM 324042056 389067308   2593748      0.66    857076  64570532  49599172     12.30  42331360  24205724      1024   1275796   2810372      9984     16168    861704
03:51:06 AM 323994380 389020988   2639328      0.67    857076  64571788  53298420     13.22  42331516  24240536      1312   1309452   2811212     10000     16940    861704
03:51:11 AM 324016236 389044072   2616784      0.66    857076  64573016  49606692     12.30  42331672  24211160      1348   1279068   2810672      9984     16220    861672
03:51:16 AM 324031672 389061096   2600244      0.66    857076  64574604  49596580     12.30  42331872  24210480      1208   1276892   2810188      9968     16336    861672
03:51:21 AM 324009416 389039604   2621304      0.66    857076  64575368  50477152     12.52  42332020  24240848       880   1306616   2810620      9984     16452    861656
03:51:26 AM 324030016 389061828   2597944      0.66    857076  64576932  46787888     11.60  42332212  24193780      1000   1258116   2811816      9968     15856    861720
03:51:31 AM 324008148 389041560   2618268      0.66    857076  64578532  50478900     12.52  42332372  24228700      1476   1291256   2811760      9968     16372    861704
03:51:36 AM 324018384 389053172   2606792      0.66    857076  64579852  49605720     12.30  42332584  24216524      1836   1277868   2811680      9984     16392    861704
03:51:41 AM 324032472 389068700   2591144      0.66    857076  64581288  46791388     11.60  42332756  24214400      1084   1275204   2811804      9968     16024    861704
03:51:46 AM 324052380 389089968   2569436      0.65    857076  64582600  43088856     10.69  42332900  24185824       872   1245200   2812292      9984     15960    861736
03:51:51 AM 323991748 389030364   2629032      0.67    857076  64583576  53293820     13.22  42333088  24252188      1788   1310968   2812352      9968     16908    861736
03:51:56 AM 324008768 389048592   2611016      0.66    857076  64584744  50493124     12.52  42333276  24231908      1448   1289600   2812180      9968     16432    861736
03:52:01 AM 324021968 389063428   2595328      0.66    857076  64586384  46780972     11.60  42333452  24219124       964   1275276   2813028      9952     15964    861720
03:52:06 AM 324016364 389059432   2598964      0.66    857076  64587952  49611160     12.30  42333648  24225212      1648   1279976   2813428      9968     16396    861800
03:52:11 AM 323991384 389035744   2623884      0.66    857076  64589160  53302980     13.22  42333864  24254884      1036   1308864   2812280      9968     16888    861752
03:52:16 AM 324052092 389098284   2561740      0.65    857076  64590964  45895580     11.38  42334008  24196308       940   1248408   2811912      9968     15800    861656
03:52:21 AM 323995780 389042908   2616440      0.66    857076  64591892  53301952     13.22  42334232  24257328       964   1308984   2812596      9968     16900    861672
03:52:26 AM 323990540 389039116   2619520      0.66    857076  64593296  53316752     13.22  42334436  24255064      1384   1304728   2813352      9968     16700    861688
03:52:31 AM 323983228 389033132   2626416      0.67    857076  64594628  53294608     13.22  42334572  24262700       876   1311316   2812436      9968     16936    861704
03:52:36 AM 324009728 389060980   2598636      0.66    857076  64595976  49601532     12.30  42334724  24231100       516   1278812   2812368      9952     16184    861688
03:52:41 AM 323985412 389037908   2621600      0.66    857076  64597184  53298408     13.22  42334904  24263804      1700   1310760   2812512      9968     16900    861672
03:52:46 AM 323976496 389030380   2629248      0.67    857076  64598552  53308344     13.22  42335128  24263428       896   1308852   2812412      9984     16908    861704
03:52:51 AM 324063608 389119164   2540876      0.64    857076  64600188  43087308     10.68  42335268  24182596       612   1226888   2812036      9968     15404    861672
03:52:56 AM 324015968 389072332   2588304      0.66    857076  64600988  47476008     11.77  42335432  24231032       728   1274280   2811448      9952     16036    861688
03:53:01 AM 324134500 389191696   2469424      0.63    857076  64601824  26261236      6.51  42335496  24099228       944   1141932   2810960      9856     12888    861608
03:53:06 AM 324186312 389243804   2417488      0.61    857076  64602116  12452536      3.09  42335516  24027388       292   1069840   2810792      9808     11100    861544
03:53:11 AM 324187000 389244420   2416940      0.61    857076  64601988  12452228      3.09  42335544  24027068        28   1069600   2810780      9760     10696    861528
03:53:16 AM 324210576 389268316   2392856      0.61    857076  64602168   6618856      1.64  42335544  23993588       224   1035996   2811108      9728      9816    861560
03:53:21 AM 324015524 389075904   2583468      0.65    857076  64604476  23750052      5.89  42368872  24183972        48   1257344   2813240      9856     12732    861656
03:53:26 AM 324004524 389065196   2593772      0.66    857076  64604656  23750052      5.89  42369440  24185264       208   1259088   2813756      9856     12740    861688
03:53:31 AM 324006636 389067556   2591408      0.66    857076  64604844  23750052      5.89  42369992  24186308        36   1260412   2813820      9856     12736    861688
03:53:36 AM 323998724 389059856   2599232      0.66    857076  64605060  23750052      5.89  42370632  24187260       180   1261844   2813692      9856     12736    861688
03:53:41 AM 324179192 389240548   2420184      0.61    857076  64605212   6623972      1.64  42371028  23966756        48   1041480   2812120      9728      9824    861592
03:53:46 AM 324167636 389228524   2432988      0.62    857076  64604748   6623972      1.64  42371028  23966696        60   1041464   2811336      9712      9800    861592
03:53:51 AM 324163728 389226260   2434828      0.62    857076  64606380   6627556      1.64  42371028  23971612        12   1045188   2811772      9728      9828    861576
03:53:56 AM 324158504 389223368   2437788      0.62    857076  64608704   6627556      1.64  42371028  23973904       180   1045192   2811712      9728      9828    861592
03:54:01 AM 324160568 389228528   2432632      0.62    857076  64611708   6627556      1.64  42371028  23976924        44   1045192   2811800      9728      9832    861576
03:54:06 AM 323868756 388939116   2720268      0.69    857076  64614004  53490772     13.26  42371324  24262384      1280   1328948   2813680      9984     17640    861704
03:54:11 AM 323868144 388938548   2720820      0.69    857076  64614064  53492992     13.27  42371328  24263572       168   1329824   2813680     10000     17644    861720
03:54:16 AM 323858092 388928636   2730980      0.69    857076  64614208  53492992     13.27  42371324  24268756       372   1335080   2813428     10000     17640    861768
03:54:21 AM 323871364 388942136   2717488      0.69    857076  64614428  53506644     13.27  42371364  24274104       276   1340180   2813428     10016     17660    861768
03:54:26 AM 323859220 388930108   2729520      0.69    857076  64614580  53521192     13.27  42371364  24280580       320   1346636   2813388     10016     17700    861736
03:54:31 AM 323862588 388933596   2726012      0.69    857076  64614712  53521192     13.27  42371364  24281508       156   1347136   2813396     10016     17696    861720
03:54:36 AM 323846444 388917520   2741960      0.69    857076  64614836  53617416     13.30  42371360  24314796       316   1380516   2813468     10016     17704    861768
03:54:41 AM 323869264 388940604   2718940      0.69    857076  64615040  53553212     13.28  42371364  24297312       208   1362712   2813464     10016     17752    861752
03:54:46 AM 323864516 388935980   2723744      0.69    857076  64615252  53553212     13.28  42371364  24297932       392   1363248   2813196     10032     17756    861736
03:54:51 AM 323866744 388938496   2721676      0.69    857076  64615460  53553212     13.28  42371364  24298536       232   1363472   2812828     10048     17756    861752
03:54:56 AM 323846616 388918504   2741612      0.69    857076  64615556  50677724     12.57  42371512  24258636       788   1323836   2812924     10048     17212    861752
03:55:01 AM 323793888 388866040   2794036      0.71    857076  64615788  53579140     13.29  42371652  24300172       360   1365132   2812996     10048     17612    861752
03:55:06 AM 323789848 388862232   2797404      0.71    857080  64616012  53492152     13.26  42371652  24273264       388   1338048   2813440     10048     17624    861752
03:55:11 AM 323810408 388883000   2776644      0.70    857080  64616212  53501144     13.27  42371684  24279636       188   1344148   2813440     10048     17640    861736
03:55:16 AM 323834160 388906900   2752908      0.70    857080  64616400  53517752     13.27  42371684  24287256       344   1351736   2813236     10048     17672    861736
03:55:21 AM 323850736 388923660   2736192      0.69    857080  64616532  53524324     13.27  42371688  24290740       192   1354948   2813244     10048     17692    861752
03:55:26 AM 323855748 388928744   2731344      0.69    857080  64616664  53528548     13.27  42371684  24293292       272   1357636   2812948     10048     17696    861816
03:55:31 AM 323858504 388931724   2728432      0.69    857080  64616840  53551288     13.28  42371688  24303904       232   1367772   2812928     10048     17740    861816
03:55:36 AM 323851776 388925060   2734528      0.69    857080  64617036  53563020     13.28  42371684  24308600       196   1372452   2813364     10048     17760    861768
03:55:41 AM 323852832 388926468   2733272      0.69    857080  64617240  53563020     13.28  42371688  24309368       196   1372724   2813360     10048     17760    861768
03:55:46 AM 323846508 388920308   2739428      0.69    857080  64617484  53522900     13.27  42371792  24293284       428   1356748   2813284     10064     17524    861816
03:55:51 AM 323844208 388918472   2741468      0.69    857080  64617848  49796532     12.35  42371872  24247908       208   1310844   2813180     10048     17172    861768
03:55:56 AM 323803104 388877240   2782668      0.70    857080  64617720  53494412     13.27  42371972  24273484       340   1337012   2813212     10080     17708    861744
03:56:01 AM 323794824 388869104   2790824      0.71    857080  64617872  53499964     13.27  42371992  24279796       268   1342940   2813184     10080     17740    861792
03:56:06 AM 323808552 388883012   2776928      0.70    857080  64618040  53516256     13.27  42371992  24287520       152   1350732   2813184     10080     17780    861808
03:56:11 AM 323815464 388890064   2769856      0.70    857080  64618200  53520108     13.27  42371996  24289916       380   1352820   2813184     10080     17784    861824
03:56:16 AM 323817020 388891740   2767572      0.70    857080  64618328  53528776     13.27  42372000  24293664       404   1356560   2813784     10080     17816    861792
03:56:21 AM 323801516 388876388   2782912      0.70    857080  64618476  53545860     13.28  42372008  24301736       248   1364444   2813800     10080     17904    861808
03:56:26 AM 323794712 388869720   2789444      0.71    857080  64618656  53559148     13.28  42372004  24307912       336   1370536   2813892     10080     17860    861824
03:56:31 AM 323788916 388864080   2795192      0.71    857084  64618852  53568208     13.28  42372012  24312244       112   1374564   2813740     10080     17924    861840
03:56:36 AM 323756912 388832336   2826692      0.72    857084  64619060  53647400     13.30  42372044  24338980       388   1401112   2814036     10080     17856    861824
03:56:41 AM 323753224 388828852   2830636      0.72    857084  64619216  50681044     12.57  42372188  24282428       464   1344564   2813624     10080     17612    861808
03:56:46 AM 323725660 388801412   2858280      0.72    857084  64619332  53506684     13.27  42372224  24283148       220   1345172   2813428     10080     17608    861776
03:56:51 AM 323721716 388797684   2862256      0.72    857084  64619512  53487168     13.26  42372300  24274944       304   1336984   2813216     10064     17716    861736
03:56:56 AM 323711856 388787980   2872476      0.73    857084  64619676  53503608     13.27  42372320  24282352       372   1344164   2812692     10080     17752    861744
03:57:01 AM 323742360 388818612   2841728      0.72    857084  64619816  53516484     13.27  42372324  24288860       244   1350524   2812796     10080     17752    861712
03:57:06 AM 323744924 388821324   2838568      0.72    857084  64619980  53520464     13.27  42372328  24291156       312   1352700   2813228     10080     17796    861712
03:57:11 AM 323759684 388836220   2823800      0.72    857084  64620116  53533688     13.28  42372328  24296828       196   1358348   2813100     10064     17768    861656
03:57:16 AM 323752808 388829500   2830284      0.72    857084  64620284  53552148     13.28  42372328  24304712       276   1365916   2813324     10080     17852    861696
03:57:21 AM 323747272 388824092   2835704      0.72    857084  64620460  53562452     13.28  42372332  24309308        40   1370408   2813264     10080     17888    861696
03:57:26 AM 323732028 388809108   2851328      0.72    857084  64620660  53572300     13.28  42372324  24313660       332   1374432   2812684     10064     17840    861720
03:57:31 AM 323719528 388796820   2863476      0.73    857084  64620872  53617484     13.30  42372432  24326868         8   1387632   2812824     10048     17768    861704
03:57:36 AM 323688548 388766004   2894556      0.73    857084  64621028  53531464     13.27  42372480  24294400       204   1354940   2812568     10048     17708    861752
03:57:41 AM 323660300 388737884   2922844      0.74    857084  64621172  53512476     13.27  42372548  24285316       388   1346016   2812384     10000     17668    861768
03:57:46 AM 323683160 388760952   2899140      0.73    857084  64621332  53485540     13.26  42372628  24275448       596   1335916   2813068     10016     17584    861768
03:57:51 AM 323683816 388761708   2898356      0.73    857084  64621460  53503220     13.27  42372632  24283116       180   1343556   2813068     10048     17656    861768
03:57:56 AM 323689628 388767700   2892896      0.73    857084  64621600  53507964     13.27  42372644  24287292       336   1347424   2812576     10064     17660    861784
03:58:01 AM 323702740 388780936   2879684      0.73    857084  64621764  53516316     13.27  42372644  24291340       212   1351308   2812512     10064     17672    861784
03:58:06 AM 323716540 388794920   2864984      0.73    857084  64621924  53535332     13.28  42372648  24299080       256   1358920   2813252     10064     17740    861832
03:58:11 AM 323725644 388804156   2855732      0.72    857084  64622072  53545892     13.28  42372648  24303336       168   1362988   2813252     10048     17728    861848
03:58:16 AM 323718252 388796912   2862928      0.73    857084  64622220  53549100     13.28  42372648  24305824       348   1365364   2813300     10048     17740    861848
03:58:21 AM 323742336 388821368   2838240      0.72    857084  64622648  49827388     12.36  42372692  24268908       372   1328140   2813476     10048     17228    861816
03:58:26 AM 323718880 388797904   2861856      0.72    857084  64622584  53545948     13.28  42372724  24304696       320   1363884   2813380     10048     17728    861848
03:58:31 AM 323761924 388841276   2818368      0.71    857084  64622956  49813500     12.35  42372760  24262552       316   1321520   2813452     10048     17040    861848
03:58:36 AM 323727004 388806404   2853248      0.72    857084  64622948  53517708     13.27  42372836  24293340       460   1352444   2813500     10048     17680    861832
03:58:41 AM 323736428 388815968   2843684      0.72    857084  64623080  53510452     13.27  42372908  24287324       268   1346424   2813508     10048     17640    861816
03:58:46 AM 323717084 388796760   2863136      0.73    857084  64623204  53501816     13.27  42372956  24283544       160   1342332   2813276     10048     17620    861768
03:58:51 AM 323726956 388806768   2853108      0.72    857084  64623360  53508856     13.27  42372956  24288100       172   1346868   2813276     10048     17636    861784
03:58:56 AM 323736428 388816408   2843812      0.72    857084  64623520  53527236     13.27  42372972  24296640       312   1355176   2812940     10048     17664    861800
03:59:01 AM 323747844 388827940   2832180      0.72    857084  64623696  53536168     13.28  42372972  24300252       160   1358972   2812980     10048     17684    861752
03:59:06 AM 323750788 388831112   2828336      0.72    857084  64623844  53543440     13.28  42372968  24305000       324   1363144   2813732     10048     17708    861768
03:59:11 AM 323786396 388866884   2792792      0.71    857084  64624012  53629856     13.30  42373004  24307364       296   1365496   2813500     10048     17700    861768
03:59:16 AM 323787860 388868560   2791444      0.71    857084  64624200  53531252     13.27  42373044  24300564       424   1358356   2813196     10048     17684    861720
03:59:21 AM 323776372 388857196   2802752      0.71    857084  64624376  53543200     13.28  42373044  24305208       136   1363004   2813200     10048     17708    861736
03:59:26 AM 323771732 388852876   2806776      0.71    857084  64624568  53521864     13.27  42373120  24296368       448   1353884   2813624     10032     17672    861736
03:59:31 AM 323739828 388821144   2838416      0.72    857084  64624728  53508508     13.27  42373196  24289064       376   1346636   2813728     10032     17636    861720
03:59:36 AM 323730348 388811808   2847156      0.72    857084  64624864  53510636     13.27  42373236  24289644       280   1347088   2814332     10032     17660    861736
03:59:41 AM 323748792 388830360   2828300      0.72    857084  64624980  53498876     13.27  42373276  24286092       200   1343608   2814628     10032     17652    861752
03:59:46 AM 323741284 388823008   2835488      0.72    857084  64625148  53514708     13.27  42373276  24293000       260   1350344   2814780     10032     17672    861800
03:59:51 AM 323724480 388806356   2852148      0.72    857084  64625304  53615500     13.30  42373288  24329648       116   1386752   2814768     10032     17752    861800
03:59:56 AM 323755604 388837576   2820772      0.71    857084  64625456  53531964     13.27  42373284  24301916       264   1358860   2814868     10000     17704    861784
04:00:01 AM 323764164 388846320   2812024      0.71    857084  64625608  53541312     13.28  42373292  24306172       108   1362972   2814904     10000     17728    861752
04:00:06 AM 323762104 388844416   2814188      0.71    857084  64625784  53542440     13.28  42373320  24305720       280   1362504   2814624     10000     17728    861736
04:00:11 AM 323783276 388865696   2793180      0.71    857084  64625824  50713456     12.58  42373328  24286132        60   1342724   2814420     10000     17300    861736
04:00:16 AM 323743912 388826616   2831892      0.72    857084  64626108  53549652     13.28  42373356  24309360       244   1365736   2814788     10000     17752    861768
04:00:21 AM 323738012 388820924   2837700      0.72    857084  64626276  53530260     13.27  42373436  24298992       180   1355212   2814712     10000     17548    861768
04:00:26 AM 323722880 388805976   2851904      0.72    857084  64626456  53612096     13.29  42373472  24327128       212   1383360   2815460     10000     17700    861768
04:00:31 AM 323744016 388827292   2830756      0.72    857084  64626612  53509912     13.27  42373552  24290004        88   1345964   2815316     10000     17672    861736
04:00:36 AM 323714940 388798344   2860660      0.72    857084  64626736  53588972     13.29  42373584  24317248       204   1373404   2814364     10000     17652    861784
04:00:41 AM 323759384 388842956   2816048      0.71    857084  64626896  53514964     13.27  42373608  24294172        36   1349932   2814372     10000     17672    861768
04:00:46 AM 323747664 388831396   2827368      0.72    857084  64627064  53615468     13.30  42373608  24330648       208   1386464   2814604     10016     17768    861768
04:00:51 AM 323777756 388861620   2797144      0.71    857084  64627196  53532232     13.27  42373612  24303360         0   1358784   2814604     10016     17720    861752
04:00:56 AM 323794460 388878436   2780508      0.70    857084  64627348  53541892     13.28  42373608  24307552       364   1363020   2814384     10016     17740    861752
04:01:01 AM 323790788 388874988   2784100      0.71    857084  64627508  53540176     13.28  42373648  24305580       300   1360796   2814304     10016     17728    861768
04:01:06 AM 323790748 388875128   2784188      0.71    857084  64627688  53541880     13.28  42373676  24306520       512   1361660   2814076     10016     17724    861752
04:01:11 AM 323786656 388871196   2788148      0.71    857084  64627860  53553072     13.28  42373684  24310520       188   1365412   2814036     10016     17744    861736
04:01:16 AM 323794820 388879472   2780000      0.70    857084  64628044  53547784     13.28  42373716  24307520       496   1362424   2813836     10016     17732    861784
04:01:21 AM 323812112 388897040   2762912      0.70    857084  64628220  53494196     13.27  42373836  24290764       512   1345488   2813456     10016     17636    861752
04:01:26 AM 323767144 388852240   2807260      0.71    857084  64628360  53510468     13.27  42373868  24291724       324   1346448   2813936     10016     17676    861768
04:01:31 AM 323767820 388853052   2806236      0.71    857084  64628480  53495028     13.27  42373912  24287440       244   1341976   2814164     10016     17652    861768
04:01:36 AM 323765036 388850408   2809296      0.71    857084  64628668  53510660     13.27  42373908  24294204       388   1348728   2813700     10016     17676    861768
04:01:41 AM 323805616 388891180   2768556      0.70    857084  64628828  53532536     13.27  42373928  24303616       164   1357820   2813700     10032     17724    861784
04:01:46 AM 323802336 388888012   2771336      0.70    857084  64628976  53532536     13.27  42373932  24304776       304   1358888   2814052     10016     17720    861768
04:01:51 AM 323808896 388894828   2764532      0.70    857084  64629188  53542960     13.28  42373936  24309740       196   1363440   2814084     10016     17740    861784
04:01:56 AM 323823696 388909688   2750152      0.70    857084  64629292  53545752     13.28  42373964  24309976       320   1363896   2813560     10016     17748    861736
04:02:01 AM 323809112 388895324   2764996      0.70    857084  64629484  53541444     13.28  42374004  24308072       412   1361712   2813108     10016     17764    861704
04:02:06 AM 323795872 388882188   2777276      0.70    857084  64629652  53541716     13.28  42374000  24309100       356   1362720   2813900     10016     17736    861688
04:02:11 AM 323798484 388885344   2774208      0.70    857084  64630100  49798184     12.35  42374080  24264432       380   1317496   2813908     10016     17036    861704
04:02:16 AM 323760428 388847240   2812684      0.71    857084  64630004  53497976     13.27  42374184  24288376       428   1341792   2813584     10016     17628    861688
04:02:21 AM 323753836 388840772   2819168      0.71    857084  64630112  53508356     13.27  42374196  24292728       112   1346272   2813584     10016     17652    861704
04:02:26 AM 323774156 388861456   2798476      0.71    857084  64630488  49790660     12.35  42374196  24259720       320   1312660   2813580     10016     17156    861720
04:02:31 AM 323771188 388858464   2801332      0.71    857084  64630448  53520680     13.27  42374248  24299032       248   1351812   2813732     10016     17676    861736
04:02:36 AM 323765684 388853056   2806564      0.71    857084  64630588  53529940     13.27  42374248  24303416       280   1356304   2813864     10016     17684    861784
04:02:41 AM 323759852 388847404   2812212      0.71    857084  64630728  53529940     13.27  42374252  24304804       100   1357300   2813908     10016     17688    861768
04:02:46 AM 323756888 388844560   2814768      0.71    857084  64630908  53542568     13.28  42374248  24310680       324   1363212   2814136     10016     17712    861720
04:02:51 AM 323751664 388839652   2819744      0.71    857084  64631156  53553104     13.28  42374256  24318596       228   1370628   2814136     10016     17732    861704
04:02:56 AM 323733488 388821492   2837812      0.72    857084  64631276  53534552     13.28  42374320  24307292       296   1359620   2814124     10016     17696    861768
04:03:01 AM 323763704 388851976   2807588      0.71    857084  64631440  53519252     13.27  42374356  24301820       232   1353656   2813968     10016     17616    861768
04:03:06 AM 323772352 388861072   2798632      0.71    857084  64631884  49787328     12.35  42374428  24259376       388   1311116   2813832     10016     17024    861720
04:03:11 AM 323694628 388783308   2876448      0.73    857084  64631768  53509700     13.27  42374504  24293176        76   1344972   2813856     10016     17724    861720
04:03:16 AM 323704688 388793436   2866404      0.73    857084  64631876  53509700     13.27  42374512  24296052       256   1347884   2813732     10048     17908    861736
04:03:21 AM 323711316 388800228   2859592      0.72    857084  64632056  53513616     13.27  42374512  24298736        80   1350524   2813736     10032     17664    861768
04:03:26 AM 323731476 388820588   2839008      0.72    857084  64632224  53519204     13.27  42374560  24300220       260   1351716   2813992     10032     17668    861736
04:03:31 AM 323718920 388808156   2851412      0.72    857084  64632364  53531480     13.27  42374560  24306444       112   1357808   2814004     10032     17700    861720
04:03:36 AM 323714060 388803436   2856040      0.72    857084  64632512  53535124     13.28  42374560  24309272       356   1360472   2814088     10032     17708    861688
04:03:41 AM 323717928 388807436   2851992      0.72    857084  64632692  53551312     13.28  42374560  24316528       116   1367580   2814088     10032     17732    861672
04:03:46 AM 323706480 388796180   2863452      0.73    857084  64632852  53550172     13.28  42374600  24314412       340   1365288   2813916     10032     17556    861672
04:03:51 AM 323696632 388786468   2873228      0.73    857084  64633044  53543716     13.28  42374640  24311768        80   1362628   2813796     10032     17716    861656
04:03:56 AM 323681636 388771684   2888284      0.73    857084  64633204  53536476     13.28  42374680  24308596       104   1359280   2813576     10032     17704    861672
04:04:01 AM 323694352 388784560   2875400      0.73    857084  64633312  53495896     13.27  42374780  24292300       172   1342964   2813636     10032     17296    861688
04:04:06 AM 323656900 388747344   2912744      0.74    857084  64633516  53508684     13.27  42374828  24294556       248   1345016   2813540     10032     17780    861672
04:04:11 AM 323656804 388747356   2912704      0.74    857088  64633640  53508920     13.27  42374836  24296720       212   1347160   2813548     10032     17656    861672
04:04:16 AM 323689768 388780476   2878944      0.73    857088  64633812  53513480     13.27  42374848  24300392       188   1350608   2814172     10032     17668    861672
04:04:21 AM 323725412 388816296   2842820      0.72    857088  64633996  53512852     13.27  42374888  24301124       356   1351196   2814468     10032     17672    861672
04:04:26 AM 323715220 388806284   2853244      0.72    857088  64634140  53528640     13.27  42374888  24306460       356   1356320   2814092     10032     17696    861656
04:04:31 AM 323713660 388804868   2854652      0.72    857088  64634292  53536704     13.28  42374888  24310032       216   1359860   2814092     10032     17716    861704
04:04:36 AM 323723028 388814448   2845300      0.72    857088  64634484  53538452     13.28  42374924  24311560       376   1361224   2813884     10032     17736    861688
04:04:41 AM 323727400 388818992   2840736      0.72    857088  64634668  53552792     13.28  42374924  24316500       212   1365916   2813892     10048     17756    861688
04:04:46 AM 323758868 388850604   2809576      0.71    857088  64634844  53544288     13.28  42374968  24312572       492   1361860   2813408     10048     17740    861656
04:04:51 AM 323770816 388862980   2797104      0.71    857088  64635252  49803140     12.35  42375008  24269152       388   1318152   2813524     10048     17196    861656
04:04:56 AM 323701216 388793364   2866800      0.73    857088  64635180  53598236     13.29  42375112  24322120       588   1371356   2813500     10048     17652    861720
04:05:01 AM 323721916 388814164   2845916      0.72    857088  64635316  53590432     13.29  42375156  24324056       172   1373116   2813548     10048     17644    861768
04:05:06 AM 323744972 388837408   2823216      0.71    857088  64635472  53595256     13.29  42375164  24304716       416   1353600   2813036     10048     17656    861768
04:05:11 AM 323753376 388845988   2814604      0.71    857088  64635668  53509072     13.27  42375200  24298644       312   1347464   2813048     10048     17656    861752
04:05:16 AM 323745056 388837808   2822164      0.71    857088  64635804  53525692     13.27  42375208  24306080       328   1354604   2813672     10048     17688    861784
04:05:21 AM 323725508 388818348   2841672      0.72    857088  64635940  53618456     13.30  42375208  24340076       168   1388612   2813576     10048     17696    861784
04:05:26 AM 323752376 388845424   2814260      0.71    857088  64636120  53535876     13.28  42375216  24312224       340   1360348   2813940     10048     17712    861768
04:05:31 AM 323755300 388848552   2811188      0.71    857088  64636296  53541452     13.28  42375248  24315656       272   1363800   2813912     10048     17564    861752
04:05:36 AM 323768468 388862188   2797812      0.71    857088  64636732  49825116     12.36  42375256  24280180       396   1327680   2813684     10048     17236    861784
04:05:41 AM 323729892 388823484   2836424      0.72    857088  64636696  53529044     13.27  42375324  24308568       264   1356440   2813684     10032     17712    861752
04:05:46 AM 323740268 388834056   2825492      0.72    857088  64636776  50672220     12.57  42375412  24279016       572   1326888   2814160     10032     17232    861720
04:05:51 AM 323713964 388807960   2851620      0.72    857088  64637004  53503144     13.27  42375464  24294948       268   1342716   2814108     10048     17640    861736
04:05:56 AM 323715508 388809668   2850144      0.72    857088  64637140  53511664     13.27  42375484  24300552       284   1347948   2813904     10048     17668    861736
04:06:01 AM 323709544 388803816   2855944      0.72    857088  64637312  53511664     13.27  42375484  24302328       132   1349620   2813896     10048     17668    861784
04:06:06 AM 323702436 388796904   2863044      0.73    857088  64637452  53512260     13.27  42375524  24305464       408   1352652   2813764     10048     17596    861800
04:06:11 AM 323697372 388791988   2867936      0.73    857088  64637616  53524528     13.27  42375528  24307340       160   1354372   2813772     10048     17692    861816
04:06:16 AM 323699104 388794028   2865796      0.73    857088  64637892  53533860     13.28  42375536  24312868       292   1359500   2813904     10048     17708    861752
04:06:21 AM 323695672 388790708   2869036      0.73    857088  64638076  53543540     13.28  42375536  24317524       156   1364076   2813912     10048     17728    861752
04:06:26 AM 323709872 388805144   2854788      0.72    857088  64638244  53543408     13.28  42375568  24318212       400   1364544   2813792     10048     17556    861736
04:06:31 AM 323691644 388787012   2872856      0.73    857088  64638424  50695020     12.57  42375640  24304696       316   1351060   2813772     10048     17512    861720
04:06:36 AM 323674604 388770260   2889900      0.73    857088  64638604  53533324     13.28  42375648  24311428       260   1357360   2813588     10048     17692    861720
04:06:41 AM 323706700 388802364   2857764      0.72    857088  64638620  50680876     12.57  42375720  24278584        84   1324872   2813612     10032     17016    861704
04:06:46 AM 323662904 388758856   2901532      0.73    857088  64638932  53507584     13.27  42375796  24298536       260   1344560   2813328     10048     17652    861688
04:06:51 AM 323655100 388751184   2909196      0.74    857088  64639068  53599752     13.29  42375800  24332852       116   1378696   2813332     10048     17660    861704
04:06:56 AM 323692672 388788920   2871144      0.73    857088  64639236  53519780     13.27  42375800  24306332       264   1352044   2813644     10048     17664    861720
04:07:01 AM 323695876 388792316   2867908      0.73    857088  64639404  53526272     13.27  42375852  24309516       104   1355120   2813508     10048     17668    861768
04:07:06 AM 323709024 388805552   2854524      0.72    857088  64639528  53530828     13.27  42375844  24311936       304   1357528   2813620     10048     17688    861736
04:07:11 AM 323701388 388798056   2862048      0.72    857088  64639688  53535768     13.28  42375848  24315252        96   1360488   2813572     10048     17704    861720
04:07:16 AM 323735744 388832556   2828072      0.72    857088  64639876  53543388     13.28  42375844  24319924       120   1365148   2813004     10048     17712    861720
04:07:21 AM 323719276 388816336   2844376      0.72    857088  64640072  53532120     13.27  42375928  24315032        80   1360024   2812972     10048     17676    861672
04:07:26 AM 323703136 388800280   2859536      0.72    857088  64640232  53539408     13.28  42375924  24316868       228   1361936   2813792     10048     17700    861752
04:07:31 AM 323704808 388802292   2857688      0.72    857088  64640460  53521692     13.27  42376004  24309732        44   1354476   2813740     10048     17656    861720
04:07:36 AM 323685324 388782860   2877000      0.73    857088  64640556  53518332     13.27  42376032  24306476       260   1351304   2813816     10048     17672    861720
04:07:41 AM 323698712 388796488   2863672      0.73    857088  64640728  53508584     13.27  42376116  24301724        64   1346204   2813584     10048     17652    861704
04:07:46 AM 323721972 388819864   2840080      0.72    857088  64640880  53514840     13.27  42376124  24305052       216   1349508   2813764     10048     17664    861736
04:07:51 AM 323723732 388821820   2838176      0.72    857088  64641024  53519080     13.27  42376128  24308716       224   1352864   2813764     10048     17668    861704
04:07:56 AM 323742036 388840276   2819700      0.71    857088  64641188  53513328     13.27  42376164  24308172       196   1352276   2813772     10048     17660    861736
04:08:01 AM 323720492 388818852   2841088      0.72    857088  64641320  53621296     13.30  42376172  24345276       176   1389248   2813796     10048     17704    861704
04:08:06 AM 323748356 388846804   2813168      0.71    857088  64641488  53537172     13.28  42376164  24317688       420   1361572   2813684     10048     17708    861720
04:08:11 AM 323753732 388852420   2807612      0.71    857088  64641676  53546536     13.28  42376172  24322304       400   1365964   2813676     10048     17716    861736
04:08:16 AM 323726936 388825868   2833944      0.72    857088  64641916  53547128     13.28  42376208  24323020       556   1366408   2813900     10048     17728    861752
04:08:21 AM 323713236 388812348   2847348      0.72    857088  64642032  53522304     13.27  42376320  24308792       420   1352192   2814080     10048     17680    861752
04:08:26 AM 323712204 388811452   2847768      0.72    857088  64642172  53522808     13.27  42376316  24310488       340   1353848   2814552     10048     17684    861768
04:08:31 AM 323651848 388751312   2905224      0.74    857088  64645468  53737984     13.33  42376368  24390004       440   1430080   2814156     10064     17960    861752
04:08:36 AM 323720096 388820032   2839804      0.72    857088  64642772  50678752     12.57  42342072  24316964      1448   1325512   2814024     10080     16884    861816
04:08:41 AM 323709736 388809588   2850104      0.72    857092  64642652  53519184     13.27  42342112  24343444       200   1351916   2814200     10096     17672    861800
04:08:46 AM 323711260 388811232   2848808      0.72    857092  64642796  53519184     13.27  42342112  24344932       312   1353468   2813828     10096     17672    861800
04:08:51 AM 323708408 388808572   2851492      0.72    857092  64642964  53522680     13.27  42342160  24344300       160   1352556   2813828     10096     17676    861816
04:08:56 AM 323722096 388822380   2837468      0.72    857092  64643132  53543900     13.28  42342156  24352248       340   1360472   2813996     10096     17720    861832
04:09:01 AM 323726156 388826656   2833236      0.72    857092  64643312  53544924     13.28  42342164  24353768       276   1361636   2813988     10096     17732    861784
04:09:06 AM 323763896 388864868   2795240      0.71    857092  64643840  49817156     12.35  42342196  24316852       456   1324360   2813716     10096     17076    861800
04:09:11 AM 323765532 388866488   2793524      0.71    857092  64643748  53545868     13.28  42342232  24354608       140   1362124   2813888     10096     17792    861816
04:09:16 AM 323738316 388839400   2820280      0.71    857092  64643904  53523892     13.27  42342304  24345492       480   1353076   2814192     10096     17684    861880
04:09:21 AM 323740536 388841796   2817896      0.71    857092  64644060  53524180     13.27  42342316  24347080       160   1354340   2814200     10096     17688    861880
04:09:26 AM 323778872 388880284   2779196      0.70    857092  64644252  53527856     13.27  42342352  24348516       200   1355904   2814372     10096     17688    861848
04:09:31 AM 323780692 388882320   2777460      0.70    857092  64644404  53514308     13.27  42342432  24340864       372   1347844   2814136     10096     17732    861848
04:09:36 AM 323778164 388879888   2779792      0.70    857092  64644536  53518580     13.27  42342432  24343804       280   1350828   2814200     10096     17672    861864
04:09:41 AM 323776016 388877980   2781736      0.70    857092  64644748  53526780     13.27  42342448  24350132       184   1356844   2814192     10096     17684    861848
04:09:46 AM 323758904 388860944   2798584      0.71    857092  64644856  53526584     13.27  42342476  24348784       380   1355632   2814348     10096     17692    861848
04:09:51 AM 323779760 388882004   2777576      0.70    857092  64645008  53539996     13.28  42342476  24354780       128   1361168   2814348     10096     17720    861800
04:09:56 AM 323774424 388876748   2783164      0.70    857092  64645180  53543168     13.28  42342476  24356800       300   1363392   2813924     10096     17788    861784
04:10:01 AM 323806052 388908896   2751212      0.70    857092  64645608  49814388     12.35  42342520  24316132       148   1321972   2813820     10064     17088    861720
04:10:06 AM 323761920 388864648   2795904      0.71    857092  64645540  53528668     13.27  42342584  24348280       356   1354640   2813328     10080     17712    861736
04:10:11 AM 323771728 388874664   2785992      0.71    857092  64645692  53513256     13.27  42342628  24344000       220   1349820   2813280     10080     17688    861704
04:10:16 AM 323771060 388874124   2786596      0.71    857092  64645864  53510272     13.27  42342660  24343804       412   1349796   2813172     10080     17684    861704
04:10:21 AM 323786000 388889224   2771484      0.70    857092  64646036  53531124     13.27  42342672  24351088       116   1356812   2813172     10080     17712    861704
04:10:26 AM 323765700 388869128   2791824      0.71    857092  64646192  53508012     13.27  42342752  24342960       264   1348696   2812976     10080     17672    861784
04:10:31 AM 323777928 388881456   2779456      0.70    857092  64646320  53518976     13.27  42342752  24345880        96   1351420   2812988     10080     17696    861784
04:10:36 AM 323783864 388887560   2772804      0.70    857092  64646480  53520100     13.27  42342792  24346864       116   1352296   2813544     10080     17676    861784
04:10:41 AM 323790480 388894332   2766028      0.70    857092  64646640  53533164     13.28  42342796  24353496       112   1358776   2813544     10080     17716    861752
04:10:46 AM 323795064 388899060   2761412      0.70    857092  64646808  53541588     13.28  42342800  24358552       212   1363728   2813408     10096     17728    861784
04:10:51 AM 323796188 388900316   2760120      0.70    857092  64646976  53541588     13.28  42342800  24359436       124   1364364   2813408     10080     17732    861768
04:10:56 AM 323800784 388905148   2755640      0.70    857092  64647164  53525404     13.27  42342876  24352684       184   1357616   2813104     10080     17692    861768
04:11:01 AM 323788020 388892492   2768192      0.70    857092  64647320  53522244     13.27  42342912  24351888        84   1356692   2813160     10080     17688    861752
04:11:06 AM 323766352 388871028   2789672      0.71    857092  64647484  53520724     13.27  42342948  24349508       248   1354108   2813184     10080     17688    861816
04:11:11 AM 323775136 388879920   2780712      0.70    857092  64647660  53530152     13.27  42342948  24355324        92   1359828   2813184     10080     17708    861800
04:11:16 AM 323765724 388870780   2789716      0.71    857092  64647824  53513108     13.27  42343024  24348028       228   1352388   2813428     10080     17508    861800
04:11:21 AM 323757844 388863044   2797492      0.71    857092  64647984  53515880     13.27  42343064  24346412         4   1350616   2813372     10080     17668    861832
04:11:26 AM 323761272 388866616   2793240      0.71    857092  64648124  53520048     13.27  42343076  24349860       184   1353980   2814056     10080     17680    861896
04:11:31 AM 323766476 388872028   2787736      0.71    857092  64648308  53609980     13.29  42343112  24356888        32   1360768   2814172     10080     17676    861880
04:11:36 AM 323767484 388873152   2785996      0.71    857092  64648468  53531916     13.27  42343120  24354976       380   1358848   2814744     10080     17708    861864
04:11:41 AM 323765604 388871376   2787716      0.71    857092  64648636  53541212     13.28  42343120  24359768       196   1363540   2814736     10080     17720    861864
04:11:46 AM 323777960 388884000   2775888      0.70    857092  64648820  53531088     13.27  42343160  24356492       492   1359940   2814024     10080     17708    861848
04:11:51 AM 323801352 388907604   2752304      0.70    857092  64648988  53529184     13.27  42343232  24351260       428   1354760   2814048     10080     17688    861832
04:11:56 AM 323793528 388899916   2759928      0.70    857092  64649128  53535644     13.28  42343228  24355552       344   1358720   2814108     10080     17708    861880
04:12:01 AM 323785252 388891768   2768032      0.70    857092  64649288  53526748     13.27  42343264  24352268       324   1355472   2814120     10080     17688    861896
04:12:06 AM 323773596 388880348   2779348      0.70    857092  64649472  53524948     13.27  42343312  24350912       376   1354472   2814276     10080     17668    861848
04:12:11 AM 323773964 388880840   2778676      0.70    857092  64649624  53524268     13.27  42343348  24351480       344   1354372   2814428     10064     17692    861848
04:12:16 AM 323810268 388917548   2741808      0.69    857092  64649996  49804936     12.35  42343356  24317024       396   1319532   2814620     10064     17192    861848
04:12:21 AM 323775728 388882916   2776316      0.70    857092  64649940  53522712     13.27  42343388  24352692       160   1355308   2814708     10064     17688    861848
04:12:26 AM 323819732 388927344   2731608      0.69    857092  64650336  49816884     12.35  42343396  24323132       332   1325280   2815016     10064     17068    861848
04:12:31 AM 323782264 388889796   2769300      0.70    857092  64650276  53530352     13.27  42343432  24356952       180   1359272   2814852     10064     17692    861864
04:12:36 AM 323796812 388904404   2755388      0.70    857092  64650328  50699112     12.57  42343444  24352168       304   1354368   2814164     10064     17244    861864
04:12:41 AM 323801788 388909680   2750248      0.70    857092  64650624  53522260     13.27  42343512  24354696       276   1356848   2814032     10064     17684    861880
04:12:46 AM 323782996 388891124   2768968      0.70    857092  64650788  53526316     13.27  42343552  24354712       184   1356576   2813940     10064     17684    861864
04:12:51 AM 323782012 388890240   2769696      0.70    857092  64650920  50693320     12.57  42343584  24348240       288   1349980   2814064     10064     17508    861864
04:12:56 AM 323768880 388877344   2782896      0.70    857092  64651132  53529000     13.27  42343600  24355840       312   1357388   2813784     10064     17692    861864
04:13:01 AM 323755516 388864160   2796200      0.71    857092  64651300  53525764     13.27  42343672  24352796       332   1354420   2813676     10064     17692    861912
04:13:06 AM 323752856 388861676   2797900      0.71    857092  64651432  53526032     13.27  42343672  24353904       288   1355072   2814504     10064     17692    861912
04:13:11 AM 323755968 388864916   2794640      0.71    857092  64651604  53519928     13.27  42343708  24352568       304   1353828   2814480     10064     17680    861928
04:13:16 AM 323755624 388864776   2795144      0.71    857092  64651776  53535472     13.28  42343720  24359880       328   1360904   2814148     10064     17736    861912
04:13:21 AM 323766464 388875748   2784044      0.71    857092  64651940  53533796     13.28  42343756  24359640       156   1360628   2814244     10064     17712    861912
04:13:26 AM 323761516 388871000   2788472      0.71    857092  64652096  53534068     13.28  42343760  24360476       156   1361080   2814608     10064     17712    861928
04:13:31 AM 323776464 388886056   2773196      0.70    857092  64652276  53524636     13.27  42343796  24357640       256   1358332   2814756     10064     17688    861912
04:13:36 AM 323773052 388882908   2776480      0.70    857092  64652452  53520712     13.27  42343872  24353372       488   1353668   2814708     10048     17684    861896
04:13:41 AM 323744992 388854924   2804412      0.71    857092  64652592  53528408     13.27  42343872  24356672        88   1357052   2814696     10048     17688    861880
04:13:46 AM 323740632 388850740   2808432      0.71    857092  64652760  53531548     13.27  42343880  24360008       276   1360136   2814868     10048     17700    861864
04:13:51 AM 323774956 388885496   2773824      0.70    857092  64653184  49809196     12.35  42343920  24322068        88   1321868   2814728      9984     17056    861784
04:13:56 AM 323762400 388872880   2786004      0.71    857092  64653112  53520380     13.27  42343992  24352432       260   1352476   2815176     10000     17672    861768
04:14:01 AM 323782056 388892668   2766292      0.70    857092  64653244  53507724     13.27  42344024  24348960       144   1348888   2815100     10016     17648    861784
04:14:06 AM 323772312 388883112   2776108      0.70    857092  64653396  53522948     13.27  42344016  24355272       308   1355096   2814876     10016     17676    861784
04:14:11 AM 323773884 388884824   2774312      0.70    857092  64653564  53521448     13.27  42344072  24354436        96   1354076   2814932     10016     17680    861800
04:14:16 AM 323778664 388889696   2769168      0.70    857092  64653744  53531240     13.27  42344068  24358836       264   1358484   2815116     10032     17704    861784
04:14:21 AM 323778016 388889276   2769668      0.70    857092  64653892  53535608     13.28  42344080  24361828        92   1361076   2815116     10032     17708    861784
04:14:26 AM 323771144 388882616   2776520      0.70    857092  64654076  53622188     13.30  42344116  24391964       252   1391192   2814952     10032     17704    861800
04:14:31 AM 323785012 388896720   2762640      0.70    857092  64654288  53538552     13.28  42344160  24362340        96   1361296   2814752     10032     17720    861752
04:14:36 AM 323772628 388884452   2775112      0.70    857092  64654384  53530604     13.27  42344188  24357988       236   1357048   2814568     10032     17712    861736
04:14:41 AM 323780340 388892328   2767276      0.70    857092  64654560  53520364     13.27  42344232  24356216        72   1355024   2814516     10032     17708    861720
04:14:46 AM 323775708 388887852   2771552      0.70    857092  64654744  53537248     13.28  42344268  24359304       208   1358056   2814688     10032     17732    861736
04:14:51 AM 323809128 388921428   2738228      0.69    857092  64654892  53521564     13.27  42344312  24355900        56   1354484   2814444     10032     17712    861736
04:14:56 AM 323801752 388914236   2745484      0.70    857092  64655096  53528432     13.27  42344312  24359424       176   1357820   2814360     10016     17724    861720
04:15:01 AM 323791928 388904580   2755236      0.70    857092  64655208  53531252     13.27  42344356  24359420        12   1357716   2814320     10016     17724    861736
04:15:06 AM 323771992 388884788   2775016      0.70    857092  64655360  53528400     13.27  42344388  24358988       656   1357176   2814324     10016     17724    861736
04:15:11 AM 323771668 388884620   2775176      0.70    857092  64655524  53533840     13.28  42344396  24362296       356   1360284   2814324     10016     17740    861736
04:15:16 AM 323784860 388897988   2762024      0.70    857092  64655704  53526960     13.27  42344424  24358556       504   1356436   2814104     10016     17708    861720
04:15:21 AM 323790972 388904296   2755644      0.70    857092  64655868  53525248     13.27  42344476  24360096       308   1357816   2814208     10000     17732    861736
04:15:26 AM 323754648 388868060   2791436      0.71    857092  64656004  53610528     13.29  42344512  24387344       452   1385032   2814604     10016     17712    861720
04:15:31 AM 323777076 388890656   2768868      0.70    857092  64656144  53531648     13.27  42344512  24362356       184   1359764   2814604     10048     17808    861736
04:15:36 AM 323780112 388893884   2765536      0.70    857092  64656396  53541236     13.28  42344520  24368620       452   1365940   2814648      9984     17716    861736
04:15:41 AM 323779120 388893084   2766512      0.70    857092  64656528  53528048     13.27  42344596  24360716       300   1357936   2814532     10064     17808    861752
04:15:46 AM 323783076 388897080   2762612      0.70    857092  64656660  53533364     13.28  42344596  24362552       324   1359732   2814344     10048     17792    861720
04:15:51 AM 323778292 388892584   2767504      0.70    857092  64656836  53510712     13.27  42344680  24353892       424   1350860   2814060     10080     17832    861704
04:15:56 AM 323776860 388891296   2768476      0.70    857092  64656984  53516252     13.27  42344708  24353828       428   1350788   2814372     10032     17688    861736
04:16:01 AM 323778788 388893376   2766364      0.70    857092  64657120  53530556     13.27  42344724  24362192       136   1358936   2814420     10048     17788    861736
04:16:06 AM 323776384 388891060   2768744      0.70    857092  64657304  53530016     13.27  42344712  24363444       372   1360108   2814260     10016     17712    861688
04:16:11 AM 323809156 388924140   2735784      0.69    857092  64657484  53546168     13.28  42344720  24370492       212   1366748   2814268     10016     17748    861704
04:16:16 AM 323869196 388984104   2676000      0.68    857092  64657404  41815072     10.37  42344720  24290676       308   1287128   2814092      9952     15768    861704
04:16:21 AM 323903344 389018232   2641884      0.67    857092  64657380  35948192      8.91  42344724  24249456       108   1245756   2814084      9920     14772    861704
04:16:26 AM 323893888 389008956   2650684      0.67    857092  64657584  35961636      8.92  42344724  24256788       236   1253056   2814536      9920     14800    861672
04:16:31 AM 323922816 389037824   2621844      0.66    857092  64657504  30096900      7.46  42344724  24215776       116   1211944   2814528      9888     13812    861672
04:16:36 AM 323949264 389064176   2595596      0.66    857092  64657480  24229620      6.01  42344724  24174164       244   1170508   2814352      9856     12820    861624
04:16:41 AM 323977684 389092652   2567208      0.65    857092  64657448  18362024      4.55  42344724  24133212        52   1129388   2814352      9824     11828    861656
04:16:46 AM 324005712 389121012   2537724      0.64    857092  64657644  23783480      5.90  42377944  24082288       192   1112040   2815612      9888     12732    861704
04:16:51 AM 323872904 388988436   2670316      0.68    857092  64657844  23783480      5.90  42378548  24242464        44   1272056   2815628      9888     12788    861688
04:16:56 AM 323867352 388983064   2675996      0.68    857092  64657992  23783480      5.90  42378956  24243044       204   1272932   2815352      9904     12784    861688
04:17:01 AM 323866424 388982344   2676712      0.68    857092  64658164  23783480      5.90  42379484  24243920        44   1274116   2815392      9904     12792    861688
04:17:06 AM 323858800 388975008   2684052      0.68    857092  64658364  23783480      5.90  42380032  24244368       100   1274960   2815476      9904     12792    861736
04:17:11 AM 324061444 389177428   2483032      0.63    857092  64658136   6628728      1.64  42380200  24015776       224   1046720   2814080      9776      9844    861624
04:17:16 AM 324058856 389174804   2485788      0.63    857092  64658100   6628728      1.64  42380200  24015660       212   1046720   2813948      9776      9844    861656
04:17:21 AM 324057136 389174936   2485644      0.63    857092  64659904   6629240      1.64  42380204  24018116        12   1047296   2814008      9776      9844    861672
04:17:26 AM 324057244 389176904   2483784      0.63    857092  64661704   6629240      1.64  42380204  24019868       228   1047300   2813960      9776      9844    861640
04:17:31 AM 324055772 389177624   2483068      0.63    857092  64663784   6629240      1.64  42380204  24021976        52   1047304   2814068      9776      9844    861640
04:17:36 AM 323807544 388932444   2726296      0.69    857092  64666704  53457220     13.26  42380476  24302420       740   1325156   2816148     10032     17548    861720
04:17:41 AM 323807260 388933700   2725288      0.69    857092  64668260  53468644     13.26  42380724  24309096      1900   1330688   2815884     10032     17600    861736
04:17:46 AM 323830880 388958808   2700340      0.68    857092  64669700  53475096     13.26  42380988  24309900      1696   1330220   2815772     10032     17548    861720
04:17:51 AM 323838892 388968492   2690308      0.68    857092  64671364  53462632     13.26  42381232  24311760      1384   1330696   2816128     10032     17068    861688
04:17:56 AM 323972568 389105096   2553892      0.65    857092  64674252  39507896      9.80  42381368  24196708       972   1212980   2815980      9984     14852    861752
04:18:01 AM 323960788 389094980   2564360      0.65    857092  64675912  43210064     10.72  42381632  24231816      1580   1246596   2815632     10016     16028    861704
04:18:06 AM 323921276 389057092   2602600      0.66    857092  64677472  46918520     11.63  42381912  24265284      2276   1278880   2815344     10032     16464    861672
04:18:11 AM 323885284 389022684   2636544      0.67    857092  64679028  50639868     12.56  42382164  24299516      2168   1311916   2815836     10032     17268    861720
04:18:16 AM 323910688 389050472   2608528      0.66    857092  64681396  46041308     11.42  42382432  24257556       220   1267588   2816080     10032     16424    861768
04:18:21 AM 323961524 389103064   2556484      0.65    857092  64683112  44473312     11.03  42382684  24225816      1364   1234536   2815572     10032     16044    861768
04:18:26 AM 323937512 389081292   2578688      0.65    857092  64685332  42335416     10.50  42382936  24227532      1508   1234140   2815160     10000     15536    861784
04:18:31 AM 323870048 389014824   2644612      0.67    857092  64686312  53459548     13.26  42383196  24325740      2404   1331740   2815720     10048     17568    861800
04:18:36 AM 323864460 389011068   2648304      0.67    857092  64688052  53452892     13.26  42383448  24328148      2328   1332588   2815876     10048     17552    861704
04:18:41 AM 323882836 389031080   2628040      0.67    857092  64689688  53457920     13.26  42383696  24330304      2088   1333572   2816128     10048     17564    861688
04:18:46 AM 323895504 389045992   2613056      0.66    857092  64691796  49755636     12.34  42383968  24299200      2196   1300336   2816336     10048     16912    861768
04:18:51 AM 323893056 389045076   2614076      0.66    857092  64693308  49747048     12.34  42384240  24295944      1212   1295948   2816252     10048     16616    861704
04:18:56 AM 323881396 389035148   2624624      0.66    857092  64695000  46918236     11.63  42384472  24296524      1288   1295052   2815672     10032     16176    861688
04:19:01 AM 323888904 389044904   2615544      0.66    857092  64697172  46919000     11.63  42384704  24299840      1900   1296448   2815072     10048     16812    861704
04:19:06 AM 323914532 389072332   2587324      0.66    857092  64698944  40385228     10.01  42384948  24248472      1244   1243504   2815892     10016     15720    861688
04:19:11 AM 323858616 389018288   2642256      0.67    857092  64700808  49744284     12.34  42385208  24307540      1912   1301052   2815012     10016     16800    861688
04:19:16 AM 323836632 388998084   2661460      0.67    857092  64702548  49744236     12.34  42385460  24307588      1996   1299640   2816052     10032     16904    861672
04:19:21 AM 323816824 388979840   2679636      0.68    857092  64704080  50637644     12.56  42385752  24338136      1860   1328944   2816152     10016     17244    861720
04:19:26 AM 323794316 388959100   2700552      0.68    857092  64705816  53470140     13.26  42386008  24342188      1976   1331428   2816008     10016     17376    861688
04:19:31 AM 323798280 388965012   2693964      0.68    857092  64707752  53463544     13.26  42386272  24344896      1880   1332564   2816696     10016     17584    861720
04:19:36 AM 323825316 388994212   2664940      0.67    857092  64709884  49749980     12.34  42386524  24313624      1728   1299364   2816552     10000     16960    861720
04:19:41 AM 323976228 389145396   2514988      0.64    857092  64710160  18340524      4.55  42386620  24133188       464   1118612   2815316      9824     11776    861672
04:19:46 AM 324012376 389182092   2476744      0.63    857092  64710616  23788088      5.90  42419772  24058440       236   1076688   2816956      9888     12564    861768
04:19:51 AM 323992740 389162652   2496276      0.63    857092  64710784  23788088      5.90  42420264  24096584        36   1114980   2816892      9888     12792    861752
04:19:56 AM 323983516 389153680   2505284      0.63    857092  64710972  23788088      5.90  42420768  24097460       200   1116140   2816920      9888     12788    861768
04:20:01 AM 323986376 389156752   2502164      0.63    857092  64711120  23788088      5.90  42421248  24098124        40   1117236   2817032      9904     12780    861704
04:20:06 AM 323967792 389138448   2520336      0.64    857092  64711280  23788088      5.90  42421724  24098480        96   1117864   2817284      9904     12788    861720
04:20:11 AM 323996832 389167564   2493304      0.63    857092  64711332   6629240      1.64  42422100  24027700        40   1047424   2815224      9760      9840    861608
04:20:16 AM 323988792 389159304   2502120      0.63    857092  64711092   6629240      1.64  42422100  24027524       204   1047424   2814688      9760      9848    861560
04:20:21 AM 323976776 389148764   2512688      0.64    857092  64712544   6647876      1.65  42422144  24046748        56   1065308   2814684      9760      9884    861560
04:20:26 AM 323972056 389145440   2515940      0.64    857092  64713928   6649284      1.65  42422188  24049684       216   1066856   2814768      9760      9880    861624
