Linux 5.15.30-2-pve (superserver2) 	01/31/2024 	_x86_64_	(32 CPU)

02:08:32 AM kbmemfree   kbavail kbmemused  %memused kbbuffers  kbcached  kbcommit   %commit  kbactive   kbinact   kbdirty  kbanonpg    kbslab  kbkstack   kbpgtbl  kbvmused
02:08:37 AM 312405536 389072988   2559104      0.65    858372  75934044   7087508      1.76  50893032  26764720      1032   1031392   3116728     10720      9992    863568
02:08:42 AM 312146344 388815732   2813868      0.71    858372  75935924  39817216      9.87  50894024  27109072       464   1374888   3119276     10336     15748    863040
02:08:47 AM 312459040 389130412   2500868      0.63    858372  75937892   6614472      1.64  50895456  26766544       120   1031712   3117612      9744      9940    862768
02:08:52 AM 312462316 389135692   2495812      0.63    858372  75939828   6614472      1.64  50895644  26768256       112   1031668   3117456      9680      9936    862704
02:08:57 AM 312463416 389138540   2493136      0.63    858372  75941488   6614472      1.64  50895708  26769836        68   1031716   3117372      9728      9940    862672
02:09:02 AM 312463516 389140600   2490596      0.63    858372  75943316   6617344      1.64  50895712  26773740       276   1033744   3117984      9792     10316    862712
02:09:07 AM 312467300 389146384   2485164      0.63    858372  75945200   6614472      1.64  50895764  26773520       220   1031716   3117748      9728      9940    862672
02:09:12 AM 312467440 389148384   2482960      0.63    858372  75946968   6617312      1.64  50895836  26776796       124   1033320   3118044      9776     10308    862696
02:09:17 AM 312469152 389151840   2479660      0.63    858372  75948648   6614472      1.64  50895836  26776884        60   1031720   3117952      9744      9940    862672
02:09:22 AM 312469540 389153880   2477716      0.63    858372  75950220   6832392      1.69  50895900  26778488        88   1031768   3117936      9712     10192    862688
02:09:27 AM 312468836 389155252   2476280      0.63    858372  75952156   6614472      1.64  50895964  26780212       152   1031720   3118140      9728      9940    862624
02:09:32 AM 312467416 389155616   2475924      0.63    858372  75953836   6614472      1.64  50895968  26781996        64   1031724   3118236      9728      9940    862656
02:09:37 AM 312465708 389155928   2475512      0.63    858372  75955752   6614472      1.64  50896032  26783768       136   1031720   3118440      9728      9940    862656
02:09:42 AM 312464760 389156904   2474784      0.63    858372  75957548   6614472      1.64  50896028  26785644       228   1031736   3118320      9728      9944    862672
02:09:47 AM 312463260 389157340   2474244      0.63    858372  75959368   6614472      1.64  50896092  26787448        52   1031784   3118540      9744      9940    862672
02:09:52 AM 312461800 389157688   2473888      0.63    858372  75961080   6614472      1.64  50896156  26789636       104   1032312   3118644      9728     10448    862672
02:09:57 AM 312460868 389159312   2471912      0.63    858372  75963492   6614472      1.64  50896220  26791488        52   1031864   3119140      9728      9940    862640
02:10:02 AM 312460740 389160740   2470196      0.63    858372  75964948   6614472      1.64  50896216  26793228       108   1032100   3119528      9776     10208    862656
02:10:07 AM 312032028 388733300   2888228      0.73    858372  75966128  88207612     21.87  50896560  27231544       316   1470160   3129028     10352     23712    863216
02:10:12 AM 311407824 388114808   3506984      0.89    858372  75971592 193317552     47.94  50898264  27861136       268   2096520   3129012     10816     38484    863520
02:10:17 AM 311376404 388085228   3537256      0.90    858372  75973424 193334584     47.94  50898272  27867072      2032   2100276   3128328     10832     38464    863496
02:10:22 AM 311951784 388664840   2957612      0.75    858372  75977780 105254876     26.10  50898488  27234624      1616   1462828   3128236     10464     26260    863248
02:10:27 AM 311337536 388051432   3572200      0.90    858372  75978688 193321060     47.94  50899228  27881528      5256   2109940   3126988     10800     38160    863488
02:10:32 AM 311488092 388205532   3417912      0.87    858372  75982232 174845520     43.36  50899336  27738600      6112   1963964   3127176     10768     36108    863440
02:10:37 AM 311661856 388381936   3240752      0.82    858372  75984816 126423796     31.35  50899692  27509116      3184   1732004   3127988     10624     30992    863368
02:10:42 AM 311314512 388037824   3585384      0.91    858372  75987860 190534196     47.25  50900380  27888380      5840   2108924   3127656     10752     38184    863456
02:10:47 AM 311400192 388126540   3495964      0.89    858372  75990868 173805296     43.10  50900568  27786520      5684   2003560   3128388     10752     35832    863488
02:10:52 AM 311527160 388255992   3367368      0.85    858372  75993184 155316384     38.51  50901024  27654024      4468   1870044   3127700     10720     33724    863392
02:10:57 AM 311321184 388054160   3569836      0.90    858372  75997228 185935104     46.11  50901592  27843168      5612   2055952   3127164     10816     37084    863424
02:11:02 AM 311306308 388042844   3581088      0.91    858372  76000748 185946688     46.11  50901928  27848392      6632   2057384   3127268     10816     37940    863440
02:11:07 AM 311432132 388172748   3450804      0.87    858372  76004628 156370820     38.78  50902284  27675564      4204   1880856   3127848     10704     33448    863456
02:11:12 AM 311326372 388068708   3554800      0.90    858372  76006044 174018360     43.15  50902784  27814744      4408   2019132   3128196     10720     36072    863408
02:11:17 AM 311239308 387985188   3637468      0.92    858372  76009520 187740076     46.56  50903204  27894264      5488   2095764   3129116     10800     37164    863488
02:11:22 AM 311443204 388193748   3429436      0.87    858372  76014108 155305916     38.51  50903508  27657012      4816   1853408   3128664     10752     33612    863304
02:11:27 AM 311426936 388179512   3444044      0.87    858372  76015924 162703884     40.35  50904016  27723716      3924   1920488   3128508     10720     34444    863296
02:11:32 AM 311282312 388038232   3584892      0.91    858372  76019196 189656268     47.03  50904448  27893436      6264   2086620   3129012     10784     37572    863328
02:11:37 AM 311464236 388223856   3399704      0.86    858372  76022876 163361620     40.51  50904816  27740084      4756   1930212   3128596     10688     33976    863296
02:11:42 AM 311425664 388188376   3435708      0.87    858372  76025856 160549836     39.81  50905260  27738684      4148   1926316   3128184     10656     33652    863296
02:11:47 AM 311264300 388029360   3594344      0.91    858372  76028160 184712220     45.80  50905736  27896472      6068   2082064   3128608     10768     36892    863440
02:11:52 AM 311482376 388251124   3372940      0.85    858372  76031736 150343908     37.28  50905964  27668460      4492   1850772   3128360     10608     32984    863280
02:11:57 AM 311306308 388077624   3545720      0.90    858372  76034208 181908060     45.11  50906552  27887520      5044   2068112   3129176     10768     36656    863456
02:12:02 AM 311274808 388049340   3573744      0.91    858372  76037428 187524128     46.50  50906880  27910152      6332   2088084   3129432     10768     37380    863440
02:12:07 AM 311589156 388367832   3255644      0.82    858372  76041524 144876900     35.93  50907184  27591724      4752   1764496   3129088     10624     31616    863328
02:12:12 AM 311418416 388198908   3424760      0.87    858372  76043192 161442264     40.03  50907632  27779352      4216   1951584   3129044     10720     34280    863264
02:12:17 AM 311355748 388139256   3484380      0.88    858372  76046184 180990148     44.88  50908056  27863340      6408   2033736   3129100     10800     36028    863376
02:12:22 AM 311415152 388202020   3422088      0.87    858372  76049508 170788832     42.35  50908476  27812852      5632   1980172   3128664     10688     35616    863344
02:12:27 AM 311326068 388116488   3507900      0.89    858372  76052892 178195948     44.19  50908936  27873016      6140   2037360   3128552     10800     36372    863512
02:12:32 AM 311301488 388095192   3529160      0.89    858372  76056012 187592044     46.52  50909388  27924072      6100   2084320   3128752     10784     37556    863456
02:12:37 AM 311425164 388221556   3402388      0.86    858372  76058784 164242132     40.73  50909668  27783848      4980   1942992   3129076     10704     34524    863408
02:12:42 AM 311304516 388103572   3520752      0.89    858372  76061412 181868688     45.10  50910220  27904260      4880   2060508   3128732     10768     36308    863456
02:12:47 AM 311340484 388143636   3480752      0.88    858372  76065460 171674028     42.57  50910528  27846232      5004   1999380   3128716     10720     34864    863520
02:12:52 AM 311601872 388409468   3214520      0.81    858372  76069932 137488188     34.09  50910852  27566504      4552   1714936   3129088     10608     31268    863392
02:12:57 AM 311540592 388348892   3275680      0.83    858372  76070560 132576416     32.88  50911144  27620408      2644   1768564   3128580     10640     30436    863360
02:13:02 AM 311252728 388064360   3560576      0.90    858372  76073764 183835500     45.59  50911728  27912444      5556   2057800   3128344     10784     36980    863344
02:13:07 AM 311264708 388078884   3546116      0.90    858372  76076452 183795372     45.58  50912060  27912224      6372   2055684   3128136     10768     37448    863296
02:13:12 AM 311484960 388302288   3321152      0.84    858372  76079628 146656240     36.37  50912352  27666368      4632   1807292   3129672     10672     32036    863344
02:13:17 AM 311315028 388134608   3488824      0.88    858372  76081880 166908600     41.39  50912824  27867072      4596   2005788   3129680     10736     34276    863360
02:13:22 AM 311245608 388068940   3554532      0.90    858372  76085640 179062844     44.40  50913260  27920612      5932   2056144   3129632     10736     36828    863424
02:13:27 AM 311360416 388187360   3436668      0.87    858372  76089192 158608904     39.33  50913644  27815780      4752   1948636   3129136     10752     34336    863352
02:13:32 AM 311433084 388262852   3359776      0.85    858372  76091988 158866512     39.40  50914036  27716792      4192   1847512   3130564     10704     33124    863328
02:13:37 AM 311334604 388167840   3455372      0.88    858372  76095352 167964524     41.65  50914492  27828332      5108   1955268   3130084     10720     34876    863376
02:13:42 AM 311251368 388087448   3536320      0.90    858372  76098100 174487788     43.27  50914908  27888468      6212   2013396   3129624     10768     36720    863328
02:13:47 AM 311410432 388250668   3372984      0.85    858372  76102140 153155420     37.98  50915264  27747888      4368   1869088   3129856     10640     33272    863344
02:13:52 AM 311412912 388255040   3368352      0.85    858372  76104000 158832172     39.39  50915620  27752568      5096   1872732   3130148     10688     33680    863336
02:13:57 AM 311250888 388096172   3526380      0.89    858372  76107116 180975376     44.88  50916184  27934496      5484   2051780   3131028     10736     36388    863408
02:14:02 AM 311227732 388075400   3548120      0.90    858372  76109264 178178980     44.18  50916468  27941564      5856   2056616   3130296     10720     36500    863424
02:14:07 AM 311410728 388263056   3360824      0.85    858372  76114020 153159176     37.98  50916804  27745436      4940   1856196   3129840     10656     32944    863424
02:14:12 AM 311476352 388330708   3293948      0.83    858372  76115840 133431168     33.09  50917112  27674052      3440   1783516   3129272     10576     30844    863360
02:14:17 AM 311298504 388154740   3469624      0.88    858372  76117536 167090704     41.43  50917596  27850252      4844   1957540   3129748     10752     34640    863360
02:14:22 AM 311199712 388059340   3564656      0.90    858372  76120796 178182128     44.19  50917940  27939648      5744   2044692   3130248     10768     36852    863392
02:14:27 AM 311321740 388185448   3438484      0.87    858372  76124672 156854924     38.90  50918316  27787272      5228   1888656   3130516     10672     33944    863344
02:14:32 AM 311318004 388183976   3439800      0.87    858372  76126692 148413220     36.80  50918668  27776260      4152   1876344   3130916     10688     33180    863400
02:14:37 AM 311219652 388088708   3534856      0.90    858372  76129732 171842804     42.61  50919116  27886380      5016   1984124   3131172     10704     35424    863408
02:14:42 AM 311216776 388088464   3535832      0.90    858372  76132300 175578908     43.54  50919528  27920808      5168   2016472   3130504     10768     35268    863376
02:14:47 AM 311218916 388093648   3530220      0.89    858372  76135228 181883512     45.10  50919904  27974548      5388   2067020   3131048     10720     36872    863424
02:14:52 AM 311295384 388173828   3449952      0.87    858372  76138816 165150920     40.95  50920308  27884392      4736   1973980   3131260     10704     34980    863360
02:14:57 AM 311341852 388223668   3400324      0.86    858372  76142220 154055272     38.20  50920616  27808540      4636   1895604   3131016     10656     33608    863392
02:15:02 AM 311308620 388192484   3431340      0.87    858372  76144724 152112036     37.72  50921028  27812400      4688   1897368   3130728     10608     33912    863424
02:15:07 AM 311165308 388051576   3571848      0.90    858372  76146764 168849512     41.87  50921456  27929916      5172   2011948   3131492     10736     35932    863440
02:15:12 AM 311252824 388143372   3480056      0.88    858372  76150860 173786180     43.10  50921900  27892404      5032   1971896   3131672     10768     35960    863344
02:15:17 AM 311365260 388259020   3364912      0.85    858372  76153980 159655292     39.59  50922200  27813128      5308   1889496   3131260     10672     33840    863232
02:15:22 AM 311456080 388352616   3270616      0.83    858372  76156740 139257924     34.53  50922580  27700084      3484   1773968   3131976     10576     31628    863232
02:15:27 AM 311364244 388264004   3360032      0.85    858372  76159928 159890040     39.65  50923012  27827688      4572   1898436   3131208     10640     33612    863344
02:15:32 AM 311224424 388125584   3498332      0.89    858372  76161364 168857800     41.87  50923448  27916704      5028   1986508   3131292     10720     35372    863392
02:15:37 AM 311149252 388054376   3569208      0.90    858372  76165248 178166072     44.18  50923780  27969112      5584   2036400   3131704     10656     35712    863312
02:15:42 AM 311292560 388200484   3423752      0.87    858372  76168076 157961880     39.17  50924188  27848960      4564   1912300   3131024     10592     33500    863296
02:15:47 AM 311313312 388224092   3399848      0.86    858372  76170872 157741184     39.12  50924592  27847552      4188   1908500   3131380     10640     34004    863344
02:15:52 AM 311285616 388199580   3425056      0.87    858372  76173960 156281000     38.75  50925020  27843432      3980   1901648   3130780     10592     33076    863312
02:15:57 AM 311395640 388311364   3314660      0.84    858372  76175628 129152136     32.03  50925260  27696848      4340   1754684   3129484     10416     28480    863136
02:16:02 AM 311879416 388797392   2830700      0.72    858372  76177880  45982840     11.40  50925292  27152096      1052   1206780   3127416      9968     16388    862784
02:16:07 AM 311908240 388824864   2805236      0.71    858372  76176480  29948660      7.43  50925372  27112980       912   1169664   3125456      9872     13492    862688
02:16:12 AM 312037764 388954572   2675940      0.68    858372  76176632   6626552      1.64  50925372  26979212       116   1035664   3125076      9744     10440    862624
02:16:17 AM 311934284 388853748   2768784      0.70    858372  76178888  68702608     17.04  50958736  27084728        76   1172012   3133456     10240     19724    863056
02:16:22 AM 311422716 388342448   3279904      0.83    858372  76179088  68702608     17.04  50959364  27692080       152   1780008   3133704     10240     20508    863056
02:16:27 AM 311380828 388300832   3321096      0.84    858372  76179332  68702608     17.04  50960084  27731412         8   1819888   3134156     10224     20516    863056
02:16:32 AM 311461600 388381964   3240236      0.82    858372  76179592  60142280     14.91  50960840  27626752       216   1715708   3133984     10240     19424    863048
02:16:37 AM 312050908 388971228   2657428      0.67    858372  76179548   6619756      1.64  50960852  26949516       176   1038496   3127528      9760      9956    862736
02:16:42 AM 312048920 388968936   2659844      0.67    858372  76179244   6619756      1.64  50960848  26949196        24   1038396   3127404      9696      9940    862768
02:16:47 AM 312046220 388966352   2662500      0.67    858372  76179364   6620524      1.64  50960852  26949884        84   1039004   3127328      9760      9956    862720
02:16:52 AM 312047644 388969304   2659592      0.67    858372  76180844   6635420      1.65  50960872  26957832        56   1045460   3127332      9712     10204    862752
02:16:57 AM 312049692 388972784   2656128      0.67    858372  76182224   6623340      1.64  50960852  26955600        68   1041908   3127368      9744      9964    862688
02:17:02 AM 312047148 388971732   2657064      0.67    858372  76183636   6623340      1.64  50960856  26957704       296   1042024   3127564      9760     10276    862720
02:17:07 AM 312045196 388971448   2657352      0.67    858372  76185236   6626180      1.64  50960844  26960096        92   1043408   3127628      9792     10080    862696
02:17:12 AM 312046304 388974048   2654396      0.67    858372  76186680   6623340      1.64  50960844  26960104        44   1041916   3128032      9760      9964    862736
02:17:17 AM 311219412 388150520   3471808      0.88    858372  76190036  97225280     24.11  50961752  27868436       148   1948012   3134156     10720     33108    863408
02:17:22 AM 310997256 387929668   3692800      0.94    858372  76191288 176807332     43.84  50961936  28100236       204   2178808   3134068     10736     38176    863392
02:17:27 AM 310858184 387790756   3832116      0.97    858372  76191476 176507848     43.77  50961912  27995572        36   2074312   3133636     10704     38336    863408
02:17:32 AM 310875312 387807952   3814848      0.97    858372  76191568 176524664     43.77  50961912  28001452        44   2079948   3133684     10736     38456    863480
02:17:37 AM 310954260 387887084   3735796      0.95    858372  76191712 176511152     43.77  50961916  28007480       480   2086360   3133644     10704     38348    863392
02:17:42 AM 310963728 387896948   3725968      0.94    858372  76192144 176511152     43.77  50961960  28017416       576   2095384   3133572     10736     38352    863328
02:17:47 AM 310973152 387906676   3716308      0.94    858372  76192584 176518588     43.77  50962028  28022720       512   2100596   3133368     10704     38348    863296
02:17:52 AM 311076100 388010136   3612864      0.91    858372  76193008 176672288     43.81  50962032  28078624       500   2155468   3133440     10752     38788    863280
02:17:57 AM 311148304 388082656   3540628      0.90    858372  76193304 176630696     43.80  50962028  28067336       348   2144336   3133176     10704     38576    863296
02:18:02 AM 311135332 388069868   3553360      0.90    858372  76193544 176642752     43.80  50962028  28073564       492   2150416   3133176     10704     39080    863360
02:18:07 AM 311150664 388085436   3538036      0.90    858372  76193788 176630696     43.80  50962028  28070988       372   2147296   3132924     10704     38576    863360
02:18:12 AM 311155852 388090756   3532536      0.89    858372  76194052 176635508     43.80  50962024  28073640       604   2149940   3132972     10704     38592    863408
02:18:17 AM 311066576 388001920   3622044      0.92    858372  76194300 176925364     43.87  50962028  28165960       312   2241840   3132492     10704     38628    863376
02:18:22 AM 311130120 388065688   3558084      0.90    858372  76194652 176720932     43.82  50962028  28111992       520   2188200   3132556     10720     38708    863376
02:18:27 AM 311087644 388023676   3600396      0.91    858372  76195056 176841100     43.85  50962032  28158228       400   2233408   3132316     10736     38852    863344
02:18:32 AM 311128032 388064312   3559600      0.90    858372  76195464 176771184     43.84  50962028  28138448       588   2213316   3132316     10720     39100    863360
02:18:37 AM 311122840 388059632   3564128      0.90    858372  76195868 176770244     43.84  50962028  28137984       712   2212200   3132576     10736     38948    863480
02:18:42 AM 311131432 388068388   3554980      0.90    858372  76196152 173929360     43.13  50962032  28112320       568   2186360   3132848     10736     38472    863432
02:18:47 AM 311126096 388064016   3559464      0.90    858372  76196880 164522396     40.80  50962144  28075024       776   2148384   3132972     10720     37544    863344
02:18:52 AM 311189224 388128460   3495480      0.89    858372  76198224 156122916     38.71  50962380  27928152       788   2000556   3132484     10640     35588    863264
02:18:57 AM 311001340 387940144   3683820      0.93    858372  76197680 172943712     42.89  50962712  28052788       736   2125904   3132572     10688     37796    863392
02:19:02 AM 310999172 387938128   3685372      0.93    858372  76197812 166427204     41.27  50962948  27999472      1408   2072864   3133056     10720     36596    863360
02:19:07 AM 310937880 387876984   3746800      0.95    858372  76197936 176502688     43.77  50963092  28025072       276   2098364   3132796     10704     38392    863408
02:19:12 AM 310939624 387878960   3744764      0.95    858372  76198188 176513836     43.77  50963088  28035128       288   2108376   3132836     10688     38376    863376
02:19:17 AM 310987288 387926952   3696696      0.94    858372  76198524 176533764     43.78  50963148  28046692       408   2119504   3132904     10688     38392    863360
02:19:22 AM 311018804 387958764   3664848      0.93    858372  76198876 176543488     43.78  50963152  28055516       328   2128124   3132884     10688     38420    863360
02:19:27 AM 311048440 387988800   3634668      0.92    858372  76199232 176569460     43.79  50963192  28067436       388   2139596   3133072     10704     38512    863360
02:19:32 AM 311101040 388041724   3581552      0.91    858372  76199548 176612080     43.80  50963188  28084016       272   2156016   3133272     10752     38540    863312
02:19:37 AM 311112832 388053820   3569456      0.90    858372  76199852 176613440     43.80  50963188  28087912       344   2159416   3133272     10688     38560    863328
02:19:42 AM 311135960 388077168   3546060      0.90    858372  76200116 176638624     43.80  50963188  28100076       524   2171444   3133276     10720     38700    863352
02:19:47 AM 311125644 388067208   3556264      0.90    858372  76200388 176645464     43.80  50963184  28104112       244   2174692   3133116     10688     38628    863344
02:19:52 AM 311139012 388080788   3542428      0.90    858372  76200716 176675188     43.81  50963184  28117904       272   2188732   3133256     10752     39212    863328
02:19:57 AM 311120312 388062528   3560704      0.90    858372  76201080 176694648     43.82  50963188  28128028       328   2198108   3133316     10688     38728    863360
02:20:02 AM 311094792 388037208   3585780      0.91    858372  76201376 173901400     43.12  50963204  28138844       492   2208952   3133464     10704     39208    863376
02:20:07 AM 311073400 388016376   3606804      0.91    858372  76201776 176732816     43.83  50963224  28144972       300   2214216   3133432     10688     38852    863360
02:20:12 AM 311099428 388042712   3580292      0.91    858372  76202316 176727332     43.82  50963260  28144504       380   2213600   3133376     10688     38772    863328
02:20:17 AM 311056488 388000400   3622956      0.92    858372  76202712 176799628     43.84  50963328  28166372       432   2234812   3133256     10688     38568    863392
02:20:22 AM 311020272 387964580   3658804      0.93    858372  76203092 173826848     43.11  50963504  28109376       340   2177804   3133244     10704     38312    863392
02:20:27 AM 311007012 387951700   3671576      0.93    858372  76203444 173802188     43.10  50963652  28094644       176   2162792   3133380     10688     38172    863328
02:20:32 AM 311108808 388054304   3568712      0.90    858372  76204260 160874012     39.89  50963788  27983332       120   2050908   3133632     10720     37128    863328
02:20:37 AM 310990804 387936460   3686348      0.93    858372  76204404 172816728     42.85  50964080  28013800       200   2081412   3133856     10720     37820    863360
02:20:42 AM 310963164 387908696   3714032      0.94    858372  76204276 172811144     42.85  50964144  28012952        64   2081092   3133940     10704     37844    863384
02:20:47 AM 310963552 387909504   3713172      0.94    858372  76204672 176528484     43.78  50964240  28048584       920   2116020   3134016     10672     38460    863368
02:20:52 AM 310951536 387897732   3724920      0.94    858372  76204952 176640012     43.80  50964248  28090084       488   2157880   3134004     10688     38420    863328
02:20:57 AM 310999868 387946392   3676512      0.93    858372  76205268 176548172     43.78  50964316  28062212       664   2129400   3133764     10704     38388    863312
02:21:02 AM 311018392 387965172   3657772      0.93    858372  76205404 176568128     43.78  50964328  28072432       488   2139808   3133844     10704     38692    863376
02:21:07 AM 311026224 387973388   3649724      0.92    858372  76205940 176599116     43.79  50964336  28084672       684   2151400   3133524     10688     38476    863376
02:21:12 AM 311025656 387973060   3650012      0.92    858372  76206220 176831260     43.85  50964344  28091260       416   2157760   3133524     10688     38528    863360
02:21:17 AM 311045016 387992728   3630568      0.92    858372  76206528 176642636     43.80  50964344  28104896       544   2171092   3133300     10672     38572    863328
02:21:22 AM 310995760 387943760   3679516      0.93    858372  76206812 176743288     43.83  50964344  28143168       424   2208900   3133324     10688     38616    863312
02:21:27 AM 311039960 387988184   3635064      0.92    858372  76207152 176681216     43.81  50964352  28124708       568   2190264   3133236     10688     38668    863296
02:21:32 AM 311057268 388005884   3617388      0.92    858372  76207488 176690736     43.82  50964348  28130684       416   2195808   3133268     10752     39200    863280
02:21:37 AM 311048040 387997008   3626396      0.92    858372  76207880 176718440     43.82  50964352  28142992       420   2207760   3133096     10688     38732    863296
02:21:42 AM 311039664 387989044   3634284      0.92    858372  76208224 176716564     43.82  50964420  28144516       568   2209028   3133240     10704     38736    863328
02:21:47 AM 311037760 387987448   3635784      0.92    858372  76208620 176726392     43.82  50964456  28147480       572   2211620   3133248     10704     38740    863360
02:21:52 AM 311047860 387998272   3625344      0.92    858372  76209176 170992756     42.40  50964604  28092720      1044   2156580   3133032     10736     37816    863352
02:21:57 AM 310945128 387895756   3728004      0.94    858372  76209404 176641972     43.80  50964768  28106572       756   2170148   3132876     10704     38532    863392
02:22:02 AM 310918088 387869092   3754672      0.95    858372  76209904 176661056     43.81  50964780  28114112       348   2177108   3132748     10704     38572    863392
02:22:07 AM 310993292 387944916   3679128      0.93    858372  76210280 172896512     42.87  50964900  28061340       680   2124068   3132712     10688     37876    863424
02:22:12 AM 310920920 387872844   3750864      0.95    858372  76210472 176547684     43.78  50965164  28069320      1056   2132292   3133156     10688     38312    863408
02:22:17 AM 310912976 387865104   3758144      0.95    858372  76210724 176566868     43.78  50965240  28069964       296   2132688   3133568     10672     38408    863488
02:22:22 AM 310926404 387879144   3743964      0.95    858372  76211300 173692560     43.07  50965392  28047884       592   2110616   3133744     10704     38072    863504
02:22:27 AM 310933272 387885988   3737040      0.95    858372  76211300 176555560     43.78  50965404  28067380       468   2130040   3133800     10704     38444    863552
02:22:32 AM 310937788 387890820   3732104      0.95    858372  76211604 176553852     43.78  50965468  28069304       340   2131416   3133916     10736     38668    863440
02:22:37 AM 310963132 387916456   3706808      0.94    858372  76211912 176572908     43.79  50965480  28077028       388   2138968   3133560     10688     38436    863424
02:22:42 AM 310969864 387923484   3699772      0.94    858372  76212216 176594464     43.79  50965496  28089136       268   2150680   3133560     10688     38468    863440
02:22:47 AM 310989520 387943436   3679988      0.93    858372  76212520 176718744     43.82  50965500  28134172       412   2195564   3133384     10704     38620    863440
02:22:52 AM 311030768 387985012   3638356      0.92    858372  76212840 176644796     43.80  50965500  28111804       276   2172640   3133448     10752     38600    863440
02:22:57 AM 311032048 387986596   3637204      0.92    858372  76213168 176676144     43.81  50965508  28125612       368   2186336   3132992     10704     38692    863440
02:23:02 AM 311023432 387978352   3645956      0.92    858372  76213312 176696404     43.82  50965496  28134708       284   2194400   3132712     10608     38344    863408
02:23:07 AM 311033588 387988724   3635128      0.92    858372  76213856 176713208     43.82  50965496  28144304       252   2204372   3132840     10688     38724    863392
02:23:12 AM 311038160 387993784   3630056      0.92    858372  76214216 176701476     43.82  50965576  28139628       452   2199000   3132980     10704     38628    863456
02:23:17 AM 311015964 387971776   3651944      0.92    858372  76214552 176698128     43.82  50965644  28138388       464   2197792   3132952     10736     38480    863440
02:23:22 AM 310986296 387942712   3680996      0.93    858372  76214968 176788088     43.84  50965716  28147908       240   2206600   3133152     10720     38700    863408
02:23:27 AM 310994164 387950764   3672316      0.93    858372  76215308 176696708     43.82  50965796  28134876       324   2193396   3133624     10736     38728    863432
02:23:32 AM 311060076 388017348   3605772      0.91    858372  76215772 170121428     42.19  50965852  28069324       400   2127268   3133792     10736     37216    863408
02:23:37 AM 311030448 387987596   3635336      0.92    858372  76215872 170765032     42.35  50966024  28069420       228   2127820   3133756     10720     37628    863408
02:23:42 AM 311010272 387968128   3654956      0.93    858372  76216480 167949096     41.65  50966072  28050016       332   2107540   3133704     10720     37544    863392
02:23:47 AM 310986244 387944144   3679080      0.93    858372  76216604 170757680     42.34  50966180  28063076       380   2120824   3133484     10704     37616    863424
02:23:52 AM 311022296 387980468   3642424      0.92    858372  76216760 167908576     41.64  50966312  28039516       300   2097712   3133932     10704     37236    863408
02:23:57 AM 310993524 387952076   3671172      0.93    858372  76217148 170704172     42.33  50966460  28038688       116   2096116   3133568     10688     37448    863440
02:24:02 AM 310990324 387949472   3674176      0.93    858372  76217692 166999032     41.41  50966460  28009388       316   2065876   3133220     10736     37204    863480
02:24:07 AM 311011844 387970960   3652496      0.92    858372  76217728 170726224     42.34  50966504  28050584       336   2107928   3133344     10704     37496    863488
02:24:12 AM 310993228 387952748   3670928      0.93    858372  76218064 170822360     42.36  50966632  28084356       220   2140728   3133192     10720     37812    863504
02:24:17 AM 311022536 387982208   3641176      0.92    858372  76218344 170736180     42.34  50966612  28058056       508   2114668   3133356     10704     37512    863488
02:24:22 AM 311041340 388001468   3622020      0.92    858372  76218688 170761440     42.34  50966620  28070072       192   2125788   3133364     10704     37568    863472
02:24:27 AM 311082920 388043240   3580052      0.91    858372  76218988 170786148     42.35  50966616  28082308         0   2138240   3133452     10720     37656    863472
02:24:32 AM 311114116 388074812   3548440      0.90    858372  76219316 170804600     42.36  50966624  28091872        12   2147188   3133540     10704     37660    863456
02:24:37 AM 311111920 388073176   3550212      0.90    858372  76219944 170808776     42.36  50966632  28094864       508   2149644   3133336     10688     37436    863456
02:24:42 AM 311103860 388065152   3558224      0.90    858372  76220028 171026988     42.41  50966700  28095424       600   2150316   3133300     10720     37920    863424
02:24:47 AM 311105576 388067508   3556412      0.90    858372  76220604 170789752     42.35  50966740  28086148       472   2140544   3132820     10688     37348    863424
02:24:52 AM 311070852 388032860   3591208      0.91    858372  76220676 170812768     42.36  50966836  28093488       664   2147960   3132676     10704     37580    863424
02:24:57 AM 311066700 388029032   3594872      0.91    858372  76220972 170785212     42.35  50966908  28085816       688   2139788   3132868     10704     37312    863456
02:25:02 AM 311036568 387999244   3624028      0.92    858372  76221396 170794496     42.35  50966984  28085672       848   2139464   3133420     10720     37488    863520
02:25:07 AM 311049812 388012932   3609916      0.91    858372  76221756 170775204     42.35  50967076  28080068       784   2133512   3133928     10752     37812    863568
02:25:12 AM 311060744 388024180   3598560      0.91    858372  76222088 167938152     41.64  50967192  28053916       784   2107340   3134020     10752     37492    863488
02:25:17 AM 311025812 387989684   3633572      0.92    858372  76222476 170763744     42.35  50967264  28068116       680   2121216   3133552     10704     37528    863440
02:25:22 AM 311031480 387995548   3627664      0.92    858372  76222640 167900172     41.64  50967372  28048748       500   2101752   3133628     10704     37064    863440
02:25:27 AM 311047000 388011496   3611768      0.91    858372  76223028 170681312     42.33  50967536  28037024       728   2089684   3133616     10704     36960    863424
02:25:32 AM 311028528 387993388   3629672      0.92    858372  76223392 170722660     42.34  50967572  28049572       564   2102140   3133820     10752     37716    863472
02:25:37 AM 311039056 388004232   3618620      0.92    858372  76223676 170709352     42.33  50967628  28049620       568   2101680   3134060     10688     37460    863472
02:25:42 AM 311055568 388020904   3601772      0.91    858372  76223980 170721940     42.34  50967664  28054408       488   2106504   3134092     10704     37472    863472
02:25:47 AM 311088704 388054416   3568588      0.90    858372  76224320 170722808     42.34  50967728  28058340       556   2109924   3133800     10704     37468    863472
02:25:52 AM 311081916 388047928   3574868      0.91    858372  76224656 170752252     42.34  50967736  28069744       484   2121332   3133972     10720     37596    863472
02:25:57 AM 311081156 388047520   3575004      0.91    858372  76224948 170765360     42.35  50967744  28078300       284   2129288   3134304     10704     37544    863456
02:26:02 AM 311161364 388128196   3494324      0.88    858372  76225496 169213256     41.96  50967740  28052216       340   2102576   3134228     10736     37452    863424
02:26:07 AM 311125376 388092368   3530548      0.89    858372  76225596 170795776     42.35  50967784  28091176       416   2141404   3133892     10656     37604    863448
02:26:12 AM 311117712 388084956   3537792      0.90    858372  76225928 170798656     42.35  50967812  28094228       724   2144312   3133980     10688     37616    863392
02:26:17 AM 311084792 388052452   3570612      0.90    858372  76226272 170813884     42.36  50967852  28100588       584   2150384   3133736     10688     37592    863424
02:26:22 AM 311060352 388028224   3594844      0.91    858372  76226636 170818732     42.36  50967924  28100184       424   2149796   3133580     10704     38132    863456
02:26:27 AM 311067452 388035856   3586928      0.91    858372  76227028 170822820     42.36  50967936  28104228       384   2153076   3134004     10704     37684    863408
02:26:32 AM 311044920 388013520   3609492      0.91    858372  76227340 170800756     42.35  50968044  28094856       420   2143828   3133660     10672     37616    863424
02:26:37 AM 311024276 387993352   3630400      0.92    858372  76227704 170777220     42.35  50968156  28086912       488   2135256   3133032     10656     37576    863408
02:26:42 AM 311043296 388012148   3611196      0.91    858372  76227572 162272808     40.24  50968212  28043452       476   2092256   3133348     10736     36876    863416
02:26:47 AM 311041444 388011420   3612856      0.91    858372  76228640 167911836     41.64  50968380  28043220       332   2091020   3132472     10656     36880    863328
02:26:52 AM 311039332 388009272   3615028      0.92    858372  76228636 167893228     41.63  50968544  28036576       388   2084732   3132416     10672     36820    863344
02:26:57 AM 311002260 387972640   3651528      0.92    858376  76228988 170717044     42.33  50968584  28054860       416   2102384   3132632     10640     37280    863264
02:27:02 AM 310993812 387964364   3659272      0.93    858376  76229212 167901572     41.64  50968584  28056300       212   2103840   3133112     10656     37024    863280
02:27:07 AM 311018512 387989568   3634492      0.92    858376  76229676 170702884     42.33  50968760  28051212       212   2098216   3132728     10640     37496    863264
02:27:12 AM 311010624 387981952   3641996      0.92    858376  76230000 170731992     42.34  50968796  28060524       436   2107596   3132788     10704     37580    863272
02:27:17 AM 311035164 388006804   3616840      0.92    858376  76230220 167903428     41.64  50968836  28041096       268   2087448   3133184     10656     37072    863296
02:27:22 AM 311023684 387995576   3627900      0.92    858376  76230568 170745480     42.34  50968852  28069044       192   2115452   3133256     10688     37548    863328
02:27:27 AM 311038860 388011164   3612236      0.91    858376  76230888 170762228     42.35  50968868  28079384       196   2125188   3133424     10656     37636    863312
02:27:32 AM 311073616 388045984   3577392      0.91    858376  76231088 164908840     40.89  50968856  28046812        88   2092812   3133312     10624     36600    863312
02:27:37 AM 311099700 388072536   3551156      0.90    858376  76231440 164928416     40.90  50968860  28054428         0   2099600   3133112     10672     36676    863312
02:27:42 AM 311104976 388077940   3545616      0.90    858376  76231656 159183172     39.47  50968880  28058940       500   2104440   3133160     10560     36104    863296
02:27:47 AM 311201744 388174892   3449096      0.87    858376  76231740 147381756     36.55  50968872  27955428       520   2000448   3132828     10576     33804    863264
02:27:52 AM 311215648 388188900   3435172      0.87    858376  76231952 141749404     35.15  50968868  27922580        16   1967548   3132636     10544     33308    863232
02:27:57 AM 311233972 388207512   3417532      0.87    858376  76232168 135670308     33.64  50968872  27885248       508   1929860   3131736     10480     31820    863232
02:28:02 AM 311293028 388266436   3358844      0.85    858376  76232128 118085092     29.28  50968872  27771580       372   1816448   3131408     10384     29064    863232
02:28:07 AM 311428172 388401892   3223948      0.82    858376  76232344  94619148     23.46  50968864  27610624       340   1654960   3130944     10272     25204    863120
02:28:12 AM 311620468 388593504   3033576      0.77    858376  76231652  65299068     16.19  50968864  27411760       264   1457300   3129712     10080     20280    862968
02:28:17 AM 311688824 388662108   2965388      0.75    858376  76231960  53563572     13.28  50968876  27329892       320   1374664   3129236     10096     18412    862888
02:28:22 AM 311773224 388746080   2882268      0.73    858376  76231412  35957128      8.92  50968868  27204908       112   1250104   3128504      9872     15112    862800
02:28:27 AM 311888976 388861692   2767840      0.70    858376  76231272  18358508      4.55  50968872  27080964       156   1126236   3127320      9824     11944    862752
02:28:32 AM 311816860 388790016   2832204      0.72    858376  76231516  68822208     17.07  51002432  27173836        68   1252436   3134828     10224     21248    863168
02:28:37 AM 311549708 388523316   3098608      0.78    858376  76231836  68810128     17.06  51003408  27535700         0   1614988   3135256     10240     20748    863152
02:28:42 AM 311349764 388323692   3298492      0.84    858376  76232088  66665756     16.53  51004160  27744792       100   1824704   3135064     10224     20372    863152
02:28:47 AM 311970252 388944320   2682864      0.68    858376  76232172   6623340      1.64  51004348  26962256       104   1042112   3130120      9808      9984    862800
02:28:52 AM 311971816 388945592   2681596      0.68    858376  76231876   6623340      1.64  51004352  26962504        36   1042584   3130120      9728     10408    862784
02:28:57 AM 311968568 388941972   2685936      0.68    858376  76231504   6623340      1.64  51004352  26961652       136   1042104   3129400      9760      9932    862816
02:29:02 AM 311960808 388935604   2692300      0.68    858376  76232884   6623852      1.64  51004352  26964904       100   1043968   3129416      9776     10728    862768
02:29:07 AM 311961864 388938424   2690020      0.68    858376  76234584   6623852      1.64  51004348  26965588         0   1042948   3128940      9776      9948    862768
02:29:12 AM 311959908 388938588   2689844      0.68    858376  76236604   6623852      1.64  51004352  26968608       308   1043964   3129052      9776     11016    862752
02:29:17 AM 311949664 388930152   2695148      0.68    858376  76238340  34543196      8.57  51004340  26988944        28   1062540   3132256      9888     13944    862960
02:29:22 AM 311065528 388051164   3570544      0.90    858376  76243496 176429916     43.75  51005292  27987120      2468   2056236   3135840     10704     38564    863392
02:29:27 AM 311075092 388066596   3555236      0.90    858376  76249364 164175992     40.71  51005424  27947068      2736   2011248   3135716     10720     36812    863312
02:29:32 AM 311150300 388141084   3481288      0.88    858376  76248568 124613100     30.90  51005984  27812704      3076   1878136   3135252     10688     33040    863360
02:29:37 AM 310980372 387977304   3645532      0.92    858376  76254696 176372028     43.74  51006352  28017368      8804   2076984   3134808     10704     38068    863376
02:29:42 AM 311622560 388626272   2996508      0.76    858376  76261520  92844916     23.02  51006596  27334416      1904   1387208   3134820     10368     25088    863184
02:29:47 AM 311071212 388072332   3550132      0.90    858376  76258964 169853268     42.12  51007420  27976972      4976   2033692   3135100     10704     36212    863280
02:29:52 AM 311238680 388246812   3375840      0.85    858376  76265924 150422512     37.30  51007700  27808268      7632   1858068   3134964     10640     33956    863288
02:29:57 AM 311593272 388602476   3020308      0.76    858376  76266888  98309224     24.38  51007940  27427776      2692   1477008   3134940     10416     26216    863168
02:30:02 AM 311099036 388110980   3512744      0.89    858376  76269740 172676964     42.82  51008720  27999660      6552   2045988   3133888     10704     37464    863312
02:30:07 AM 311398292 388416992   3207464      0.81    858376  76276148 124953828     30.99  51008968  27674448      5844   1715172   3133504     10512     30408    863152
02:30:12 AM 311370832 388387756   3236080      0.82    858376  76274356 114534272     28.40  51009384  27672444      3356   1715472   3134140     10560     30036    863176
02:30:17 AM 311139040 388160668   3464068      0.88    858376  76278916 157474520     39.05  51009924  27922324      6596   1960884   3133384     10656     35380    863184
02:30:22 AM 311276720 388303476   3320976      0.84    858376  76283996 141702620     35.14  51010180  27762120      6528   1796164   3133716     10496     31880    863216
02:30:27 AM 311583372 388611568   3012280      0.76    858376  76285380  89063100     22.09  51010352  27417252      2352   1449984   3134376     10400     24380    863184
02:30:32 AM 311442672 388469468   3157140      0.80    858376  76283980 100277268     24.87  51010756  27576812      3480   1611308   3131616     10304     25168    863040
02:30:37 AM 311968624 388996184   2632344      0.67    858376  76284716   6623852      1.64  51010768  27010056       144   1043800   3129724      9808     10660    862784
02:30:42 AM 311849064 388876352   2745196      0.70    858376  76284444  68837568     17.07  51044236  27152400       112   1219956   3136704     10288     20276    863216
02:30:47 AM 311789564 388817092   2804172      0.71    858376  76284656  68825488     17.07  51044848  27221760       140   1289580   3137016     10256     20748    863200
02:30:52 AM 311790688 388818416   2802816      0.71    858376  76284824  68825488     17.07  51045340  27223460        80   1291576   3137080     10256     20744    863200
02:30:57 AM 311775740 388803708   2817956      0.71    858376  76285000  66680604     16.54  51045844  27215776       116   1284224   3136712     10256     20372    863152
02:31:02 AM 311769044 388797164   2826356      0.72    858376  76285120  53811300     13.34  51046132  27165456       192   1233596   3134888     10128     18316    863104
02:31:07 AM 311943812 388971996   2657740      0.67    858376  76285116   6623852      1.64  51046244  26974316       120   1043124   3128740      9792      9956    862736
02:31:12 AM 311946344 388974292   2655540      0.67    858376  76284848   6623852      1.64  51046240  26974092       212   1043076   3128676      9760      9944    862736
02:31:17 AM 311946144 388973704   2656332      0.67    858376  76284468   6626724      1.64  51046248  26974884       340   1044304   3128464      9824     10060    862776
02:31:22 AM 311941688 388970388   2659588      0.67    858376  76285592   6653340      1.65  51046280  26993216        92   1061496   3128540      9792      9728    862752
02:31:27 AM 311941304 388971196   2658800      0.67    858376  76286740   6643616      1.65  51046332  26995208      1580   1062552   3128564      9872     10144    862688
