Linux 5.15.0-91-generic (gl5) 	01/27/2024 	_x86_64_	(32 CPU)

11:37:00 AM kbmemfree   kbavail kbmemused  %memused kbbuffers  kbcached  kbcommit   %commit  kbactive   kbinact   kbdirty  kbanonpg    kbslab  kbkstack   kbpgtbl  kbvmused
11:37:05 AM 315911336 389910964   1828320      0.46   1555012  72430076   4765232      1.18  31939224  42644984         0    627552   3133804     10720      6384    279176
11:37:10 AM 315866756 389870048   1868680      0.47   1555012  72433628  16369860      4.06  31939708  42704184       408    683544   3134472     10256      7644    278408
11:37:15 AM 315837900 389842852   1895336      0.48   1555016  72435276  13356280      3.31  31940904  42748072      1604    727240   3135020      9888      8400    278304
11:37:20 AM 315916264 389922656   1815836      0.46   1555016  72436680   4292520      1.06  31941240  42650480       424    628304   3134752      9728      6348    278200
11:37:25 AM 315920504 389929184   1809428      0.46   1555020  72438892   4292520      1.06  31941272  42652472      1460    628132   3134704      9728      6344    278216
11:37:30 AM 315921908 389932324   1806408      0.46   1555020  72440512   4292520      1.06  31941284  42654136       392    628188   3134700      9744      6380    278232
11:37:35 AM 315921024 389933700   1804896      0.46   1555020  72442676   4296924      1.07  31941324  42658412      1448    630444   3134932      9760      6476    278224
11:37:40 AM 315921960 389936832   1801756      0.46   1555020  72444728   4292652      1.06  31941324  42658436       456    628260   3135084      9728      6348    278200
11:37:45 AM 315919832 389936620   1801968      0.46   1555020  72446540   4292652      1.06  31941360  42660192      1192    628288   3135188      9696      6312    278232
11:37:50 AM 315917604 389936248   1802452      0.46   1555020  72448284   4292784      1.06  31941392  42661828       356    628208   3135188      9680      6280    278200
11:37:55 AM 315909380 389930784   1807948      0.46   1555020  72450908   4292784      1.06  31941432  42664600      1156    628396   3135292      9712      6340    278264
11:38:00 AM 315910260 389933272   1805536      0.46   1555020  72452460   4292784      1.06  31941436  42666220       280    628432   3135272      9712      6348    278216
11:38:05 AM 315907052 389932212   1806484      0.46   1555020  72454644   4297188      1.07  31941480  42670496      1164    630688   3135348      9760      6452    278256
11:38:10 AM 315906672 389934256   1804376      0.46   1555020  72456900   4292916      1.06  31941508  42670692       188    628524   3135580      9728      6340    278200
11:38:15 AM 315902608 389932652   1806232      0.46   1555020  72459256   4297188      1.07  31941516  42675236      1300    630832   3135432      9760      6460    278256
11:38:20 AM 315903824 389935764   1803224      0.46   1555024  72461028   4293048      1.06  31941548  42674924       184    628728   3135448      9728      6340    278168
11:38:25 AM 315900132 389934384   1804508      0.46   1555024  72463224   4293048      1.06  31941580  42677084      1136    628756   3135660      9936      6464    278248
11:38:30 AM 315803752 389840208   1898000      0.48   1555024  72465380  27652988      6.86  31941680  42807692       408    757460   3136392      9840      8292    278232
11:38:35 AM 315810284 389847876   1890240      0.48   1555024  72466452  24824680      6.16  31941956  42795932      1448    744776   3136548     10336      9280    278344
11:38:40 AM 315784588 389822480   1915700      0.49   1555024  72466912  27639336      6.85  31942476  42815044       868    764020   3136324      9872      9804    278344
11:38:45 AM 315774256 389812972   1925060      0.49   1555024  72467668  27649180      6.86  31942628  42818044      1144    766432   3136540      9920      9964    278320
11:38:50 AM 315771760 389810976   1926940      0.49   1555024  72468464  27638500      6.85  31942708  42815708      2088    763492   3136360      9872      9708    278296
11:38:55 AM 315789220 389829376   1908940      0.48   1555024  72469408  24818248      6.15  31942812  42813408       672    759772   3135956      9872      9304    278312
11:39:00 AM 315824524 389865700   1872844      0.47   1555024  72470444  21121516      5.24  31942892  42784036      1792    729872   3135712      9840      8880    278376
11:39:05 AM 315821956 389863632   1874456      0.47   1555024  72470916  23937040      5.94  31942968  42789008       964    734348   3136196      9888      9352    278392
11:39:10 AM 315787000 389829372   1908880      0.48   1555024  72471624  27633188      6.85  31943080  42819000      2228    763892   3136020      9888      9884    278328
11:39:15 AM 315798712 389841980   1895976      0.48   1555024  72472492  27652100      6.86  31943188  42820556      1300    765152   3136344      9872      9796    278304
11:39:20 AM 315791284 389835284   1903132      0.48   1555024  72473188  27645140      6.86  31943300  42821052      2116    764552   3135920      9888      9740    278344
11:39:25 AM 315820288 389865076   1873520      0.47   1555028  72473936  23942936      5.94  31943364  42790784       740    733576   3135776      9872      8716    278296
11:39:30 AM 315816164 389862152   1876752      0.48   1555028  72475140  24823888      6.16  31943476  42819000      1992    760780   3135464      9888      9284    278344
11:39:35 AM 315810712 389857300   1881860      0.48   1555028  72475732  27634276      6.85  31943592  42824376      1136    765636   3135216      9904      9856    278344
11:39:40 AM 315806396 389853820   1885524      0.48   1555028  72476592  27643660      6.86  31943708  42823904      2032    764468   3135008      9888      9856    278376
11:39:45 AM 315805848 389854124   1885104      0.48   1555028  72477400  27656488      6.86  31943816  42825784       992    765588   3135168      9904      9868    278344
11:39:50 AM 315812308 389861284   1877776      0.48   1555028  72478136  24829644      6.16  31943904  42810936      1864    749624   3135300      9952      9752    278432
11:39:55 AM 315785396 389834908   1904048      0.48   1555028  72478676  27638332      6.85  31943988  42827548       636    766220   3135400      9920      9652    278400
11:40:00 AM 315829316 389880112   1859024      0.47   1555028  72479956  23942692      5.94  31944092  42795968      1928    733428   3135224      9904      9200    278408
11:40:05 AM 315796664 389848188   1891176      0.48   1555028  72480716  27640152      6.85  31944196  42829940      1224    766336   3134964      9904      9884    278392
11:40:10 AM 315789876 389842388   1896976      0.48   1555028  72481636  27637892      6.85  31944292  42826928      1584    762832   3135032     10048      9472    278392
11:40:15 AM 315794296 389847308   1892160      0.48   1555028  72482128  27638372      6.85  31944376  42828224      1148    763848   3134936      9856      9816    278280
11:40:20 AM 315780668 389834324   1904904      0.48   1555032  72482776  27644072      6.86  31944472  42832892      1400    768064   3135168     10272      9936    278336
11:40:25 AM 315775272 389830188   1909080      0.48   1555032  72483992  27654236      6.86  31944592  42832664      1648    766652   3135172      9872      9672    278288
11:40:30 AM 315806624 389862252   1877188      0.48   1555032  72484712  23937764      5.94  31944672  42800828      1108    734180   3134992      9872      9292    278248
11:40:35 AM 315773064 389829244   1910040      0.48   1555032  72485248  27648524      6.86  31944792  42831984      1368    764920   3135164      9808      9784    278328
11:40:40 AM 315769204 389826128   1913084      0.48   1555032  72485992  27644044      6.86  31944900  42832476       968    764816   3135236      9856      9828    278280
11:40:45 AM 315766816 389824704   1914816      0.48   1555032  72486916  27631404      6.85  31944972  42831280      1188    762168   3134968      9840      9340    278216
11:40:50 AM 315789696 389848412   1891392      0.48   1555032  72487744  23941592      5.94  31945056  42806672      1068    736884   3134684      9888      9444    278208
11:40:55 AM 315771128 389830552   1907916      0.48   1555032  72488400  23946472      5.94  31945136  42803632      1536    733704   3136072      9824      9248    278248
11:41:00 AM 315750480 389810516   1928056      0.49   1555032  72489028  27637920      6.85  31945248  42838484      1368    768140   3135952      9872      9920    278256
11:41:05 AM 315759332 389820200   1918892      0.49   1555032  72489824  27634268      6.85  31945360  42836188      2264    765020   3135468      9888      9824    278296
11:41:10 AM 315769644 389831272   1907792      0.48   1555032  72490596  27639392      6.85  31945476  42836768      1104    765100   3135484      9920      9900    278360
11:41:15 AM 315757044 389819500   1919720      0.49   1555032  72491408  27643988      6.86  31945576  42837104      2036    764680   3135344      9952      9876    278360
11:41:20 AM 315770988 389834576   1905148      0.48   1555032  72492544  27637960      6.85  31945696  42837444      1008    764020   3134836      9904      9524    278328
11:41:25 AM 315765768 389830044   1909228      0.48   1555032  72493188  24819464      6.15  31945788  42835328      1980    761268   3135332      9904      9240    278392
11:41:30 AM 315782912 389848208   1891024      0.48   1555032  72494208  27653232      6.86  31945904  42844204      1052    769440   3135372      9968      9728    278424
11:41:35 AM 315799976 389865884   1872828      0.47   1555032  72494788  24824520      6.16  31945980  42820420      1812    744940   3135924      9904      9424    278344
11:41:40 AM 315806104 389872812   1865984      0.47   1555032  72495596  24821556      6.16  31946072  42824436       916    748332   3135832      9904      9508    278344
11:41:45 AM 315816364 389884084   1854760      0.47   1555032  72496612  24823744      6.16  31946152  42823420      1848    746440   3135780      9888      9388    278328
11:41:50 AM 315800188 389868824   1869868      0.47   1555032  72497512  27643788      6.86  31946292  42842452       728    764592   3135948      9888      9560    278360
11:41:55 AM 315828720 389897808   1840396      0.47   1555032  72497944  23951400      5.94  31946356  42814064      1180    735984   3136456     10000      9232    278400
11:42:00 AM 315791504 389861380   1876972      0.48   1555032  72498716  27642972      6.86  31946484  42845336       880    766944   3136324      9888      9784    278416
11:42:05 AM 315803068 389874000   1864672      0.47   1555032  72499772  27641188      6.85  31946576  42846320       800    765636   3136004     10272     10032    278368
11:42:10 AM 315812284 389883944   1854580      0.47   1555032  72500572  24830848      6.16  31946672  42830924      2204    750608   3136080      9904      9504    278352
11:42:15 AM 315792064 389864208   1874256      0.47   1555032  72501048  27644956      6.86  31946772  42846068      1120    765176   3136148      9904      9860    278328
11:42:20 AM 315783816 389856544   1882096      0.48   1555032  72501780  27639808      6.85  31946864  42847324      1948    765368   3135824      9888      9848    278312
11:42:25 AM 315779628 389853240   1885556      0.48   1555032  72502660  27650568      6.86  31946952  42847872       832    765648   3135672      9856      9332    278328
11:42:30 AM 315783224 389857796   1880768      0.48   1555032  72503628  22011812      5.46  31947060  42840024      1832    756852   3135896      9840      9080    278280
11:42:35 AM 315787040 389862484   1875996      0.48   1555032  72504504  23946104      5.94  31947152  42820864       976    736956   3135976      9888      9400    278288
11:42:40 AM 315755824 389831968   1906516      0.48   1555032  72505128  27640040      6.85  31947268  42851188      2068    766788   3136048      9888      9920    278312
11:42:45 AM 315753752 389830636   1907748      0.48   1555032  72505868  27647344      6.86  31947352  42851180      1028    766188   3136148      9904      9868    278368
11:42:50 AM 315746508 389824192   1914452      0.48   1555032  72506648  24820700      6.16  31947436  42849808      2112    764080   3135908      9888      9516    278312
11:42:55 AM 315741444 389820144   1918252      0.49   1555032  72507668  24827068      6.16  31947520  42849236       756    762484   3136152      9872      9180    278344
11:43:00 AM 315762744 389842584   1895960      0.48   1555032  72508776  23942940      5.94  31947656  42822240      1888    734032   3136036      9872      9272    278312
11:43:05 AM 315742712 389823292   1915612      0.49   1555032  72509484  24830468      6.16  31947756  42851552      1188    763256   3135708      9904      9324    278304
11:43:10 AM 315752864 389834064   1904764      0.48   1555032  72510032  27639044      6.85  31947848  42853680      2108    764864   3135856      9872      9832    278328
11:43:15 AM 315750312 389832360   1906464      0.48   1555036  72510812  27653464      6.86  31947972  42856768      1112    767420   3135924      9904      9972    278336
11:43:20 AM 315765376 389848312   1890188      0.48   1555040  72511780  27639244      6.85  31948100  42855568      1980    765276   3136164      9872      9852    278312
11:43:25 AM 315792988 389876872   1861656      0.47   1555040  72512728  23941600      5.94  31948400  42825456       708    734424   3136136      9888      9328    278360
11:43:30 AM 315751392 389835692   1903332      0.48   1555040  72513136  27630432      6.85  31948508  42852188      1380    760940   3135648      9904      9672    278328
11:43:35 AM 315755912 389841280   1897916      0.48   1555044  72514212  27636052      6.85  31948588  42853980       820    762264   3135464      9840      9308    278280
11:43:40 AM 315775364 389861420   1877168      0.48   1555044  72514896  23941736      5.94  31948676  42830236      1720    737440   3136076      9968      9540    278312
11:43:45 AM 315757552 389844204   1894624      0.48   1555044  72515500  27637956      6.85  31948784  42858628      1060    765424   3135828      9856      9800    278264
11:43:50 AM 315750444 389838024   1900968      0.48   1555044  72516416  24823708      6.16  31948872  42856288      1008    761940   3135676     10272      9564    278280
11:43:55 AM 315768440 389856664   1882188      0.48   1555044  72517076  27643376      6.86  31948984  42863172       804    768512   3135800      9872      9900    278272
11:44:00 AM 315769720 389858712   1880356      0.48   1555044  72517820  27636956      6.85  31949092  42860128       696    764680   3135608      9856      9852    278280
11:44:05 AM 315760180 389849840   1889100      0.48   1555048  72518500  24824244      6.16  31949184  42858544      1508    762584   3135720      9824      9572    278296
11:44:10 AM 315784156 389875044   1864220      0.47   1555048  72519692  23937924      5.94  31949280  42834104      1392    737008   3135432      9872      9396    278296
11:44:15 AM 315749360 389840788   1898484      0.48   1555048  72520188  27638456      6.85  31949376  42862904      2156    765552   3135468      9920      9880    278344
11:44:20 AM 315745680 389837896   1901348      0.48   1555048  72520976  27633208      6.85  31949500  42863832      1108    765748   3135496      9904      9852    278312
11:44:25 AM 315748956 389842080   1896888      0.48   1555048  72521912  27646188      6.86  31949584  42863440      2240    765108   3135744      9856      9824    278368
11:44:30 AM 315774232 389868564   1870880      0.47   1555048  72523104  23947200      5.94  31949684  42834624       988    734480   3135284      9856      9036    278312
11:44:35 AM 315749592 389844204   1895752      0.48   1555048  72523332  27645468      6.86  31949784  42867044      2092    766884   3134824      9872      9856    278216
11:44:40 AM 315752692 389848224   1891352      0.48   1555048  72524164  27638992      6.85  31949888  42866820      1112    765880   3135292      9856      9836    278216
11:44:45 AM 315774168 389870656   1868224      0.47   1555048  72525084  24823848      6.16  31949980  42847756      1928    745956   3136024      9904      9516    278344
11:44:50 AM 315771984 389869308   1869620      0.47   1555048  72525888  24823540      6.16  31950060  42851228      1084    749364   3136008      9888      9640    278304
11:44:55 AM 315770108 389868468   1870756      0.47   1555048  72526920  23937072      5.94  31950180  42838272      2032    734860   3135716      9872      9288    278312
11:45:00 AM 315769660 389868644   1871036      0.47   1555048  72527508  27638912      6.85  31950292  42869640      1176    765232   3135296      9888      9884    278296
11:45:05 AM 315771340 389871000   1868188      0.47   1555048  72528156  27652408      6.86  31950372  42870500      1668    765704   3135816      9920      9688    278352
11:45:10 AM 315797516 389898284   1841392      0.47   1555048  72529256  23937192      5.94  31950468  42840856      1236    735408   3135336      9856      9388    278312
11:45:15 AM 315751840 389853136   1886448      0.48   1555048  72529772  27634372      6.85  31950572  42872188      1580    766336   3135440      9920      9856    278312
11:45:20 AM 315744196 389846152   1892792      0.48   1555048  72530380  27639308      6.85  31950396  42871524       904    765064   3136132      9888      9940    278264
11:45:25 AM 315766216 389868816   1870672      0.47   1555048  72531032  27655376      6.86  31950464  42873964      1236    766264   3135580      9936      9460    278328
11:45:30 AM 315793412 389897232   1842744      0.47   1555048  72532220  23951912      5.94  31950560  42845148       740    736444   3135124      9904      9116    278336
11:45:35 AM 315769364 389873664   1865840      0.47   1555048  72532572  24830924      6.16  31950656  42859724      1548    751060   3135724     10240      9668    278384
11:45:40 AM 315748404 389853496   1886004      0.48   1555048  72533368  27632564      6.85  31950760  42874260       904    765040   3135724      9904      9864    278360
11:45:45 AM 315748420 389854376   1885336      0.48   1555048  72534232  24817916      6.15  31950848  42873032       484    762960   3135512      9840      9364    278328
11:45:50 AM 315758488 389865280   1874352      0.47   1555048  72535032  23937600      5.94  31950928  42846124      1856    735400   3135628      9904      9248    278328
11:45:55 AM 315746200 389853900   1885920      0.48   1555048  72535940  23952240      5.94  31950988  42849140       832    737456   3135440      9888      8828    278304
11:46:00 AM 315715480 389823636   1915460      0.49   1555048  72536336  27650148      6.86  31951088  42878256      2200    766256   3136224      9872     10032    278376
11:46:05 AM 315712324 389821348   1917688      0.49   1555048  72537200  27644724      6.86  31951212  42879436      1160    766348   3136288      9904      9900    278344
11:46:10 AM 315716396 389826140   1912800      0.48   1555048  72537920  27644704      6.86  31951324  42879328      2132    766112   3136384      9840      9884    278344
11:46:15 AM 315704476 389815188   1923888      0.49   1555048  72538876  27647656      6.86  31951440  42880956      1084    766992   3136260      9904      9996    278416
11:46:20 AM 315700184 389811584   1927552      0.49   1555048  72539572  24824760      6.16  31951540  42878700      1900    763968   3136192      9856      9724    278392
11:46:25 AM 315695992 389808124   1931352      0.49   1555048  72540300  27634160      6.85  31951612  42883352      1088    768012   3135856      9920      9912    278328
11:46:30 AM 315697104 389810100   1929392      0.49   1555052  72541212  27643480      6.86  31951720  42881644      2088    765532   3135788      9840      9756    278312
11:46:35 AM 315700352 389814536   1924900      0.49   1555052  72542404  27653152      6.86  31951844  42881740      1144    764568   3135840      9872      9648    278296
11:46:40 AM 315685704 389800532   1938808      0.49   1555052  72543032  27638156      6.85  31951912  42882932      2156    765112   3135952      9824      9460    278360
11:46:45 AM 315694316 389809744   1929356      0.49   1555052  72543624  27643644      6.86  31952004  42884616      1112    765880   3136200      9840      9876    278360
11:46:50 AM 315694056 389810324   1928792      0.49   1555052  72544528  27638960      6.85  31952120  42885464      2088    766600   3136120      9856      9884    278312
11:46:55 AM 315698092 389815048   1924172      0.49   1555052  72545136  27637804      6.85  31952204  42883800      1068    764668   3136096      9840      9776    278280
11:47:00 AM 315708232 389826040   1912700      0.48   1555052  72545964  27651592      6.86  31952300  42888016      2160    767708   3136600      9856      9920    278296
11:47:05 AM 315707072 389825948   1912884      0.48   1555052  72547028  27641868      6.85  31952412  42887644       892    766416   3136512      9904      9648    278288
11:47:10 AM 315694116 389813460   1925436      0.49   1555052  72547416  27638804      6.85  31952488  42886924      1952    765312   3136528      9872      9392    278312
11:47:15 AM 315688840 389809184   1929076      0.49   1555052  72548392  27640384      6.85  31952612  42889724       964    767212   3137188      9856      9876    278312
11:47:20 AM 315725092 389846488   1891560      0.48   1555052  72549420  23947524      5.94  31952688  42858276      1468    734860   3137424      9856      9252    278280
11:47:25 AM 315709848 389831920   1906476      0.48   1555056  72550032  24823444      6.16  31952792  42884832       528    760920   3137136      9840      9444    278248
11:47:30 AM 315747724 389870412   1868180      0.47   1555056  72550600  23941476      5.94  31952864  42859416      1232    734520   3136988      9824      9336    278232
11:47:35 AM 315715020 389838524   1900060      0.48   1555056  72551308  27649012      6.86  31952960  42893012       888    768088   3137104      9872      9944    278256
11:47:40 AM 315696028 389820288   1918456      0.49   1555056  72552076  27644340      6.86  31953072  42891200      1380    765640   3136932      9872      9848    278232
11:47:45 AM 315688492 389814872   1923988      0.49   1555056  72554096  27637964      6.85  31953168  42891488      2324    763804   3136916      9808      9376    278376
11:47:50 AM 315682468 389809432   1929512      0.49   1555056  72554660  27645680      6.86  31953272  42895720      1240    767244   3136852      9856      9924    278344
11:47:55 AM 315680120 389808892   1929872      0.49   1555060  72556388  24824560      6.16  31953360  42892760      2112    763028   3137108      9840      9336    278296
11:48:00 AM 315677656 389807296   1931880      0.49   1555064  72557224  27643516      6.86  31953472  42895116      1144    764784   3136724      9840      9592    278296
11:48:05 AM 315682092 389812320   1926636      0.49   1555064  72557784  27636520      6.85  31953544  42894664      1504    763736   3136972      9824      9844    278264
11:48:10 AM 315712936 389844280   1894880      0.48   1555068  72558908  23945960      5.94  31953644  42868596      1140    736732   3136756      9840      9364    278304
11:48:15 AM 315690308 389822652   1916452      0.49   1555072  72559780  27638392      6.85  31953768  42898640      2300    765912   3136936      9904      9924    278248
11:48:20 AM 315685144 389818332   1920936      0.49   1555072  72560592  24830972      6.16  31953980  42896544       812    763212   3136804      9856      9392    278232
11:48:25 AM 315712240 389846188   1892932      0.48   1555072  72561288  23936988      5.94  31954152  42870208      1864    736316   3137016      9824      9204    278344
11:48:30 AM 315694552 389829036   1909772      0.48   1555072  72561828  27633228      6.85  31954248  42899928       420    765688   3137324      9872      9864    278312
11:48:35 AM 315692756 389828116   1910344      0.48   1555072  72562668  27632320      6.85  31954368  42899896      2036    764880   3137708      9872      9864    278296
11:48:40 AM 315696340 389832472   1906020      0.48   1555072  72563444  27641924      6.85  31954488  42902632       968    767188   3137672      9888      9984    278288
11:48:45 AM 315691364 389828104   1910484      0.48   1555072  72564048  27650156      6.86  31954560  42902252      1804    766100   3137580      9872      9776    278376
11:48:50 AM 315694808 389832812   1906260      0.48   1555072  72565284  24818396      6.15  31954644  42898788       652    761424   3137124      9824      8816    278360
11:48:55 AM 315690804 389829204   1909208      0.48   1555072  72565600  27644500      6.86  31954720  42905080      1668    767472   3137864      9984      9948    278376
11:49:00 AM 315702756 389842136   1896208      0.48   1555072  72566564  24820544      6.16  31954828  42897480       580    759088   3137948      9872      9188    278344
11:49:05 AM 315697184 389837144   1900724      0.48   1555072  72567124  27648136      6.86  31954932  42904908      1328    765612   3138444      9968      9604    278328
11:49:10 AM 315697792 389838780   1899172      0.48   1555072  72568156  24828020      6.16  31955020  42903944      1216    764264   3138356      9936      9508    278352
11:49:15 AM 315737612 389879224   1858812      0.47   1555072  72568780  23940044      5.94  31955096  42874836       984    734432   3138272      9856      9744    278296
11:49:20 AM 315725748 389868320   1869560      0.47   1555072  72569664  23937152      5.94  31955220  42876128       544    734948   3138504      9888      9316    278344
11:49:25 AM 315697508 389840520   1897496      0.48   1555072  72570120  27643660      6.86  31955328  42906888       960    765068   3138352      9888      9872    278360
11:49:30 AM 315700952 389844928   1892876      0.48   1555072  72571080  24825776      6.16  31955408  42900592      1856    758176   3138568      9888      9212    278360
11:49:35 AM 315728992 389874072   1863532      0.47   1555072  72572160  23937604      5.94  31955484  42882164      1440    738480   3138792      9872      9792    278392
11:49:40 AM 315693992 389839336   1898228      0.48   1555072  72572360  27638800      6.85  31955588  42910484      2292    767132   3138896      9936      9916    278312
11:49:45 AM 315688300 389834656   1903416      0.48   1555072  72573372  27633296      6.85  31955696  42908916       976    764636   3138388      9904      9512    278328
11:49:50 AM 315681048 389828128   1909568      0.48   1555072  72574200  27641608      6.85  31955816  42909052      2260    763976   3138660      9904      9520    278344
11:49:55 AM 315702860 389850552   1887116      0.48   1555072  72574812  24823740      6.16  31955908  42892500       880    746916   3138688      9888      9552    278360
11:50:00 AM 315672076 389820804   1916584      0.49   1555072  72575784  27638580      6.85  31956016  42912584      1912    766180   3139032      9856      9800    278328
11:50:05 AM 315672060 389821764   1915648      0.49   1555072  72576748  27639108      6.85  31956132  42913448      1076    766300   3139020      9888      9864    278312
11:50:10 AM 315663876 389814060   1923060      0.49   1555072  72577364  27638420      6.85  31956200  42913684      2288    765880   3139176      9920      9792    278312
11:50:15 AM 315670136 389821460   1916256      0.49   1555072  72578520  27654244      6.86  31956332  42916852      1148    767996   3138564      9936      9728    278384
11:50:20 AM 315693280 389845580   1892368      0.48   1555072  72579492  23946864      5.94  31956408  42885352      2188    735652   3138336      9904      9336    278296
11:50:25 AM 315672344 389825148   1913004      0.48   1555072  72579984  24835644      6.16  31956488  42913772       868    763720   3138144      9920      9620    278296
11:50:30 AM 315659636 389813412   1924216      0.49   1555072  72581004  27644652      6.86  31956584  42916968      1336    765908   3138620      9904      9316    278392
11:50:35 AM 315688796 389843384   1893752      0.48   1555072  72581772  23936728      5.94  31956696  42886776       756    735580   3139156      9904      9280    278328
11:50:40 AM 315652508 389807836   1929808      0.49   1555072  72582480  27633784      6.85  31956808  42918168      1108    765824   3138680      9904      9860    278328
11:50:45 AM 315684508 389840752   1896896      0.48   1555072  72583396  23941552      5.94  31956896  42888700       984    735604   3138676      9888      9316    278248
11:50:50 AM 315646200 389803024   1934584      0.49   1555072  72583948  27645004      6.86  31957012  42921904       996    767844   3138744     10016      9868    278376
11:50:55 AM 315667036 389825112   1912948      0.48   1555072  72585208  24835284      6.16  31957092  42903940       608    749260   3138284      9888      9480    278320
11:51:00 AM 315668932 389827412   1909824      0.48   1555072  72585584  23938448      5.94  31957156  42893524      1300    737412   3139136     10320      9400    278312
11:51:05 AM 315654688 389813752   1923360      0.49   1555072  72586120  27633788      6.85  31957268  42923408      2220    767936   3139308      9888      9876    278344
11:51:10 AM 315651244 389811136   1925960      0.49   1555072  72586944  27633656      6.85  31957384  42922736      1184    766556   3139328      9904      9900    278296
11:51:15 AM 315642832 389803744   1934212      0.49   1555072  72587868  27636976      6.85  31957496  42922924      1388    765948   3138564      9904      9872    278328
11:51:20 AM 315642328 389804244   1933740      0.49   1555076  72588852  27637600      6.85  31957604  42921924      1124    764100   3138552      9872      9548    278216
11:51:25 AM 315661160 389823580   1914372      0.48   1555076  72589308  23948096      5.94  31957668  42894776      2192    736588   3138632      9872      9360    278264
11:51:30 AM 315633452 389796344   1941408      0.49   1555076  72589740  27643728      6.86  31957732  42925108       816    766400   3138872      9856      9904    278264
11:51:35 AM 315654752 389819224   1918012      0.49   1555076  72591160  23942724      5.94  31957844  42897616      1720    737676   3139548      9856      9308    278328
11:51:40 AM 315629372 389794332   1943056      0.49   1555080  72591564  27643392      6.86  31957964  42926724       352    766448   3139476      9888      9964    278344
11:51:45 AM 315614952 389780772   1956944      0.50   1555080  72592392  27637964      6.85  31958064  42927304      2180    766392   3139180      9872      9880    278296
11:51:50 AM 315623336 389790360   1947776      0.49   1555080  72593592  27638524      6.85  31958184  42928204      1112    766116   3138764      9888      9592    278344
11:51:55 AM 315659748 389827552   1910344      0.48   1555080  72594320  23942216      5.94  31958276  42898136      1388    735492   3139056      9888      9392    278312
11:52:00 AM 315634612 389802884   1934964      0.49   1555080  72594700  24825768      6.16  31958376  42927420       768    764424   3139192      9936      9704    278328
11:52:05 AM 315622496 389791876   1946428      0.49   1555080  72595732  27634320      6.85  31958480  42931172      1956    767252   3138812      9856      9788    278280
11:52:10 AM 315658544 389829028   1909232      0.48   1555080  72596788  23947484      5.94  31958584  42900664       928    735616   3138904      9856      9312    278232
11:52:15 AM 315676968 389848708   1889540      0.48   1555080  72597980  21120744      5.24  31958680  42896660      1456    730672   3138980      9872      8656    278280
11:52:20 AM 315666200 389838284   1899844      0.48   1555084  72598320  23946780      5.94  31958764  42905964       968    739708   3139100      9920      9540    278368
11:52:25 AM 315641084 389813712   1924212      0.49   1555088  72598856  27634172      6.85  31958868  42932860      1952    766280   3139308      9888      9876    278328
11:52:30 AM 315637556 389810980   1926864      0.49   1555088  72599616  27644008      6.86  31958980  42933608       724    766356   3139424      9872      9868    278248
11:52:35 AM 315629292 389803400   1934028      0.49   1555088  72600288  27638144      6.85  31959068  42935228      1696    767340   3139852      9952      9828    278280
11:52:40 AM 315629940 389804512   1933240      0.49   1555088  72600764  27636572      6.85  31959152  42933232      1272    764976   3139516      9824      9576    278296
11:52:45 AM 315628192 389803876   1933840      0.49   1555088  72601880  27633764      6.85  31959268  42935460       956    765776   3139548     10096      9912    278376
11:52:50 AM 315647084 389823812   1914944      0.48   1555088  72602940  27638016      6.85  31959376  42934720      2112    764476   3138492      9808      9456    278376
11:52:55 AM 315695956 389873160   1865632      0.47   1555088  72603376  21122216      5.24  31959436  42886180       516    715980   3138496      9824      8504    278360
11:53:00 AM 315643580 389821504   1916712      0.49   1555088  72604148  27643788      6.86  31959556  42937636      1156    766520   3139020      9904      9908    278344
11:53:05 AM 315643892 389822556   1915864      0.49   1555088  72604812  27651228      6.86  31959772  42939168       812    766984   3138892      9936      9856    278328
11:53:10 AM 315667764 389847668   1891028      0.48   1555088  72606068  23947940      5.94  31959960  42908008      2024    735216   3138600      9856      9304    278344
11:53:15 AM 315640128 389820464   1918140      0.49   1555088  72606480  27644720      6.86  31960068  42939800      1152    766668   3138712      9888      9856    278328
11:53:20 AM 315641760 389822956   1916144      0.49   1555088  72607344  27650412      6.86  31960184  42940840      1892    767024   3138212      9856      9864    278312
11:53:25 AM 315658352 389840372   1899140      0.48   1555088  72608184  27637636      6.85  31960300  42942420       844    767968   3137784      9840      9900    278320
11:53:30 AM 315639004 389821744   1917440      0.49   1555088  72608888  27643476      6.86  31960392  42943344      2148    768192   3138128      9888      9748    278320
11:53:35 AM 315662684 389846588   1892880      0.48   1555088  72610028  23946372      5.94  31960500  42913988       876    737800   3137868      9856      9460    278320
11:53:40 AM 315624104 389809040   1930520      0.49   1555088  72611048  24819884      6.16  31960576  42942936      1820    765732   3137788      9792      9464    278360
11:53:45 AM 315619540 389804652   1935140      0.49   1555092  72611216  27649736      6.86  31960668  42944088       576    766856   3137560      9856      9916    278296
11:53:50 AM 315624408 389810380   1929636      0.49   1555092  72612016  27638724      6.85  31960784  42944212      2124    766400   3137396      9824      9872    278360
11:53:55 AM 315627228 389814356   1925732      0.49   1555092  72613144  27639052      6.85  31960888  42944348       548    765416   3137352      9808      9456    278328
11:54:00 AM 315665448 389853368   1886100      0.48   1555092  72613936  24142836      5.99  31960980  42915464      1688    735852   3137972      9840      9332    278312
11:54:05 AM 315638732 389827368   1912364      0.48   1555096  72614636  27643376      6.86  31961064  42946768       752    766428   3137720      9808      9824    278296
11:54:10 AM 315631792 389820884   1918304      0.49   1555096  72615276  27641560      6.85  31961192  42943036      1552    762376   3138080      9840      9668    278264
11:54:15 AM 315659716 389849912   1889300      0.48   1555096  72616356  21132972      5.24  31961268  42915296       644    732944   3138080      9856      8996    278280
11:54:20 AM 315618088 389808560   1930060      0.49   1555096  72616644  27639144      6.85  31961360  42951548      1684    769712   3138660     10048      9664    278344
11:54:25 AM 315620244 389811480   1927472      0.49   1555096  72617384  27639412      6.85  31961464  42949780       336    767092   3138352      9840      9868    278232
11:54:30 AM 315641792 389833980   1904584      0.48   1555096  72618344  23942768      5.94  31961548  42919340       768    736224   3138732     10112      9204    278344
11:54:35 AM 315609344 389802400   1936228      0.49   1555096  72619164  27643696      6.86  31961680  42954296      2328    770268   3138716      9888     10052    278288
11:54:40 AM 315611264 389804932   1933472      0.49   1555096  72619772  27637224      6.85  31961756  42949604      1188    764964   3138944      9840     10136    278264
11:54:45 AM 315615332 389810072   1928340      0.49   1555096  72620872  27635416      6.85  31961816  42955492      1604    769664   3138908      9792      9880    278296
11:54:50 AM 315628596 389823840   1914480      0.48   1555096  72621356  27638844      6.85  31961928  42953032       452    766380   3139020      9840      9860    278376
11:54:55 AM 315621116 389817244   1921160      0.49   1555096  72622144  27644052      6.86  31962032  42953080      2072    766324   3139032      9840      9864    278328
11:55:00 AM 315611184 389808024   1930352      0.49   1555100  72622840  27637372      6.85  31962144  42952212       476    764764   3139072      9840      9756    278312
11:55:05 AM 315614044 389811812   1926276      0.49   1555100  72623756  27638896      6.85  31962224  42959880      1576    771700   3139372      9888     10044    278336
11:55:10 AM 315617676 389816124   1921848      0.49   1555100  72624440  27638968      6.85  31962332  42955832       544    767044   3139484      9904      9924    278280
11:55:15 AM 315612204 389811472   1926292      0.49   1555100  72625260  27650256      6.86  31962440  42956296      2192    766832   3139692      9840      9868    278296
11:55:20 AM 315609620 389809628   1928628      0.49   1555100  72625960  27644572      6.86  31962548  42955920       940    765884   3139240      9840      9748    278248
11:55:25 AM 315617036 389817684   1920324      0.49   1555104  72626600  24832476      6.16  31962616  42955708      1632    765000   3139484      9872      9456    278328
11:55:30 AM 315695916 389898348   1840376      0.47   1555104  72628388  17423624      4.32  31962688  42892324       396    699808   3138764      9776      7772    278328
11:55:35 AM 315633064 389835248   1903396      0.48   1555104  72628136  27633736      6.85  31962788  42959656      1284    767504   3138848      9840      9864    278392
11:55:40 AM 315750120 389833588   1905136      0.48   1555112  72510384  27650684      6.86  31962056  42843028       876    768212   3137796      9872      9484    278320
11:55:45 AM 315747552 389832008   1906540      0.48   1555112  72511368  27652452      6.86  31962176  42842984      2076    766564   3137976      9888      9432    278360
11:55:50 AM 315747304 389832852   1905940      0.48   1555112  72512468  27647816      6.86  31962232  42844832      2180    767864   3137724      9824      9332    278280
11:55:55 AM 315767564 389853560   1884940      0.48   1555112  72512904  24832084      6.16  31962356  42841580      1084    764292   3138028      9840      9272    278376
11:56:00 AM 315766604 389853252   1884992      0.48   1555112  72513564  24826312      6.16  31962448  42842256       616    764468   3138276      9840      9272    278296
11:56:05 AM 315760328 389848004   1889648      0.48   1555116  72514568  27646804      6.86  31962528  42845224      1388    767064   3138888     10112      8656    278392
11:56:10 AM 315753372 389841532   1896468      0.48   1555120  72515036  27646896      6.86  31962628  42846360       968    767212   3138552      9856      9348    278328
11:56:15 AM 315746048 389835108   1902124      0.48   1555120  72515900  27639952      6.85  31962728  42844732       884    764904   3139356      9888      9264    278376
11:56:20 AM 315793184 389883468   1854300      0.47   1555120  72516932  23945236      5.94  31962808  42817228       772    736388   3139012      9824      8804    278360
11:56:25 AM 315762216 389852908   1884748      0.48   1555120  72517348  27646016      6.86  31962908  42847980       968    766764   3139116      9856      9260    278360
11:56:30 AM 315753428 389844964   1893068      0.48   1555120  72518296  27641204      6.85  31963024  42847768      1504    765848   3138636      9824      9304    278344
11:56:35 AM 315752284 389844888   1893144      0.48   1555120  72519352  27646624      6.86  31963116  42849444       876    766620   3138648      9840      9084    278328
11:56:40 AM 315771296 389864524   1873432      0.47   1555120  72519976  24842040      6.16  31963208  42834188      1416    750716   3138724      9856      8920    278368
11:56:45 AM 315756288 389850048   1886952      0.48   1555120  72520472  27640028      6.85  31963284  42848808       576    764876   3139716      9824      8720    278344
11:56:50 AM 315760804 389855860   1881484      0.48   1555124  72521760  23947944      5.94  31963388  42822412      1076    737232   3139376      9872      8460    278368
11:56:55 AM 315764276 389860148   1877340      0.48   1555124  72522580  23956904      5.94  31963464  42824200       548    738352   3139228      9840      8868    278328
11:57:00 AM 315742236 389838380   1899572      0.48   1555124  72522892  27652360      6.86  31963580  42853052      1764    767020   3138724      9840      9348    278280
11:57:05 AM 315743372 389840360   1897696      0.48   1555124  72523716  27657300      6.86  31963684  42852716      1060    766000   3138640      9856      9348    278312
11:57:10 AM 315735564 389833436   1904556      0.48   1555124  72524756  27652488      6.86  31963808  42855852      1332    767768   3138548      9888      9428    278264
11:57:15 AM 315770860 389869416   1868268      0.47   1555124  72525388  27640636      6.85  31963884  42852796       648    764632   3138908      9872      9156    278248
11:57:20 AM 315790520 389890292   1847484      0.47   1555124  72526560  21136264      5.24  31963984  42822392       932    733024   3138860      9824      8308    278264
11:57:25 AM 315786888 389887008   1850908      0.47   1555124  72526880  21132048      5.24  31964044  42825340       500    735872   3138748      9808      8392    278248
11:57:30 AM 315763668 389864628   1873380      0.47   1555124  72527692  24839016      6.16  31964148  42852972      1392    762700   3138684      9824      9176    278296
11:57:35 AM 315752668 389854472   1883340      0.48   1555124  72528536  27647700      6.86  31964264  42859296      1056    768320   3138880      9856      9476    278280
11:57:40 AM 315741544 389844216   1894156      0.48   1555124  72529396  27642620      6.86  31964368  42857968      1000    766232   3138328      9824      9388    278344
11:57:45 AM 315747332 389851096   1887736      0.48   1555124  72530488  27646436      6.86  31964476  42858144       544    765372   3137868      9808      9048    278280
11:57:50 AM 315769084 389873660   1865088      0.47   1555124  72531292  23953740      5.94  31964556  42828648       816    734980   3137960      9904      8516    278296
11:57:55 AM 315801840 389906984   1831804      0.46   1555124  72531944  20257556      5.02  31964624  42800544       212    706492   3137836      9824      7864    278240
11:58:00 AM 315743292 389849136   1889860      0.48   1555124  72532564  24836492      6.16  31964712  42860104       308    765060   3137708      9920      8736    278328
11:58:05 AM 315735564 389842016   1896440      0.48   1555124  72533108  27649576      6.86  31964824  42861512       124    766512   3138312      9856      9364    278312
11:58:10 AM 315739744 389846928   1891608      0.48   1555124  72533832  27675320      6.86  31964936  42865448      1124    769736   3138240      9888      9472    278304
11:58:15 AM 315750148 389858272   1880496      0.48   1555124  72534780  27654496      6.86  31965048  42862616      1700    766212   3138000      9856      9380    278280
11:58:20 AM 315747356 389856376   1882752      0.48   1555124  72535696  27660308      6.86  31965152  42862084       668    764388   3137620      9840      9100    278248
11:58:25 AM 315736688 389846296   1892308      0.48   1555124  72536244  27651128      6.86  31965224  42866092      1636    768416   3138184      9856      9320    278296
11:58:30 AM 315788872 389899364   1838952      0.47   1555124  72537128  22193216      5.50  31965284  42815320       376    716716   3138472      9840      8432    278296
11:58:35 AM 315734468 389845408   1892656      0.48   1555124  72537676  27665980      6.86  31965392  42866400      1320    767364   3138624      9856      9364    278376
11:58:40 AM 315733952 389845688   1892676      0.48   1555124  72538432  27660012      6.86  31965508  42866072      1092    766368   3138364      9872      9356    278344
11:58:45 AM 315747912 389860440   1877932      0.48   1555124  72539240  27660416      6.86  31965608  42866384      1460    766080   3138340      9856      9348    278328
11:58:50 AM 315772900 389886588   1851648      0.47   1555124  72540360  23952836      5.94  31965708  42837676       868    736284   3138516      9840      8848    278328
11:58:55 AM 315728764 389843000   1895344      0.48   1555124  72540912  27655948      6.86  31965824  42869208       928    767504   3138404      9904      9408    278280
11:59:00 AM 315715632 389830680   1907800      0.48   1555124  72541684  27650116      6.86  31965916  42871200      1096    768760   3138308      9888      9484    278296
11:59:05 AM 315744288 389860380   1877528      0.48   1555124  72542704  24147540      5.99  31965992  42839896       876    736356   3138904      9840      8804    278280
11:59:10 AM 315708740 389825364   1912492      0.48   1555124  72543224  27647532      6.86  31966108  42870128       292    766144   3138968      9856      9356    278344
11:59:15 AM 315718276 389835660   1902364      0.48   1555124  72544208  24840116      6.16  31966208  42869476      1400    764876   3138576      9872      9256    278344
11:59:20 AM 315718212 389836488   1901836      0.48   1555124  72545104  27660448      6.86  31966300  42872168      1076    766128   3138272      9840      9384    278264
11:59:25 AM 315705640 389825080   1913396      0.48   1555124  72546248  27659200      6.86  31966408  42871680      1348    765172   3138140      9824      9040    278312
11:59:30 AM 315733764 389854000   1884260      0.48   1555124  72546996  23982568      5.95  31966492  42842168       664    734872   3138404      9840      8812    278264
11:59:35 AM 315695336 389816376   1921816      0.49   1555124  72547796  24848656      6.16  31966572  42872176      1040    765248   3138476     10016      8680    278344
11:59:40 AM 315699756 389821592   1916180      0.49   1555124  72548588  23953784      5.94  31966672  42846068      1408    737392   3138900      9840      8812    278264
11:59:45 AM 315657296 389780028   1957596      0.50   1555124  72549468  27666136      6.86  31966784  42875448      1312    766440   3139064     10096      9384    278360
11:59:50 AM 315680276 389803912   1933984      0.49   1555124  72550376  27660592      6.86  31966896  42876400       660    765752   3138788      9824      8952    278296
11:59:55 AM 315679056 389803220   1934468      0.49   1555124  72550920  27655312      6.86  31966992  42880068       832    769380   3138980      9808      9344    278296
12:00:00 PM 315682212 389807184   1930124      0.49   1555124  72551692  27650324      6.86  31967100  42879644      1692    768316   3139396      9872      9356    278344
12:00:05 PM 315719696 389845512   1892216      0.48   1555124  72552528  21142200      5.24  31967172  42847724      1032    735696   3138984      9888      8928    278352
12:00:10 PM 315685256 389811796   1925132      0.49   1555124  72553252  27666064      6.86  31967244  42880024      1532    766816   3139784      9856      9260    278376
12:00:15 PM 315707956 389835532   1901212      0.48   1555124  72554288  24835704      6.16  31967356  42858808       892    745184   3139968      9776      8724    278376
12:00:20 PM 315674432 389802676   1934572      0.49   1555124  72554888  27666064      6.86  31967476  42881636      1560    767556   3139532      9888      9496    278328
12:00:25 PM 315674292 389803256   1933964      0.49   1555124  72555572  27655644      6.86  31967560  42883948       784    768700   3139596      9856      9408    278344
12:00:30 PM 315686344 389816384   1921008      0.49   1555124  72556536  27660652      6.86  31967660  42883204      1752    767692   3139536      9840      9360    278312
12:00:35 PM 315691056 389821808   1916000      0.49   1555124  72557204  27648316      6.86  31967760  42882048       880    765916   3139164      9840      9216    278296
12:00:40 PM 315698640 389830332   1907408      0.48   1555124  72558152  27655100      6.86  31967860  42884888      1412    767440   3139224      9840      9328    278328
12:00:45 PM 315695572 389827792   1909668      0.48   1555124  72558692  27655080      6.86  31967956  42883548       556    766072   3139492      9808      9172    278296
12:00:50 PM 315723856 389857460   1879576      0.48   1555124  72560036  24841160      6.16  31968048  42855184      1336    736444   3139956      9824      8584    278264
12:00:55 PM 315717156 389851016   1885976      0.48   1555124  72560284  24846232      6.16  31968120  42869156       388    750244   3140008      9840      9164    278344
12:01:00 PM 315698868 389833576   1903488      0.48   1555124  72561204  27656024      6.86  31968236  42889140      1680    769376   3139864      9824      9400    278328
12:01:05 PM 315703268 389838840   1898288      0.48   1555124  72562064  27651488      6.86  31968348  42888096       600    767612   3139804      9776      9212    278312
12:01:10 PM 315697804 389834012   1903364      0.48   1555124  72562836  27674296      6.86  31968468  42892300      1448    771272   3139420      9904      9600    278440
12:01:15 PM 315755696 389892696   1845124      0.47   1555124  72563624  20261872      5.02  31968484  42827516       396    705636   3138980      9808      8216    278296
12:01:20 PM 315727164 389864864   1872968      0.47   1555124  72564336  23958980      5.94  31968568  42860504      1808    738508   3138956     10048      8980    278232
12:01:25 PM 315696728 389834832   1903280      0.48   1555124  72564860  27660264      6.86  31968684  42889480      1436    766556   3138556      9872      9368    278216
12:01:30 PM 315689216 389828080   1909532      0.48   1555124  72565624  27649768      6.86  31968800  42891264       392    767820   3139052     10240      9344    278264
12:01:35 PM 315682488 389822208   1915268      0.49   1555124  72566456  27666036      6.86  31968896  42891192       544    766900   3139212      9888      9740    278200
12:01:40 PM 315700548 389841312   1896908      0.48   1555124  72567504  24840016      6.16  31968996  42872988       804    747772   3138464      9856      8744    278200
12:01:45 PM 315692040 389833600   1903932      0.48   1555124  72568296  24836720      6.16  31969104  42890716      1184    764820   3139156      9840      8964    278296
12:01:50 PM 315696108 389838440   1898976      0.48   1555124  72569044  27659720      6.86  31969196  42893684       652    766672   3139296      9840      9060    278264
12:01:55 PM 315705836 389848548   1889064      0.48   1555124  72569424  27652172      6.86  31969260  42897260      1732    769840   3139100      9856      9408    278280
12:02:00 PM 315724668 389868344   1869324      0.47   1555124  72570396  24840692      6.16  31969340  42875496       364    747772   3139036      9840      8852    278280
12:02:05 PM 315732692 389877176   1860932      0.47   1555124  72571316  23964680      5.94  31969464  42866064       520    737428   3138484      9856      8804    278312
12:02:10 PM 315735216 389880388   1857616      0.47   1555124  72572020  23963360      5.94  31969536  42867860       308    739248   3138572      9840      8832    278288
12:02:15 PM 315696212 389841988   1896080      0.48   1555124  72572580  27649896      6.86  31969656  42896916      1888    766800   3138552      9840      9384    278296
12:02:20 PM 315700448 389846776   1890860      0.48   1555124  72573132  27649644      6.86  31969744  42897464       208    767396   3138984      9840      9004    278264
12:02:25 PM 315683944 389831120   1906336      0.48   1555124  72573980  27656284      6.86  31969860  42900408      1072    769564   3139164      9840      9344    278296
12:02:30 PM 315693704 389842160   1895804      0.48   1555124  72575260  27654152      6.86  31969960  42896432       888    764348   3138656      9808      8624    278280
12:02:35 PM 315677880 389827012   1910152      0.48   1555124  72575936  27656192      6.86  31970032  42902216      1016    769472   3139456      9840      9408    278280
12:02:40 PM 315673744 389823324   1913752      0.48   1555128  72576352  27659692      6.86  31970112  42901788      1004    768988   3139572      9872      9256    278272
12:02:45 PM 315657444 389807964   1929184      0.49   1555132  72577276  27655604      6.86  31970240  42903264      1424    769452   3139512      9856      9460    278328
12:02:50 PM 315666876 389818060   1918988      0.49   1555132  72577980  27665196      6.86  31970320  42901212       784    766832   3139572      9840      9116    278312
12:02:55 PM 315773152 389924900   1812984      0.46   1555132  72578480   6447508      1.60  31970348  42768176       836    633160   3138800      9744      6208    278200
12:03:00 PM 315744600 389898280   1839428      0.47   1555132  72580232   4307412      1.07  31970352  42772216        20    635584   3139156      9712      5900    278200
12:03:05 PM 315705732 389861624   1874760      0.47   1555136  72582296  12891292      3.20  31988112  42800664       612    680124   3140624      9984      7384    278184
12:03:10 PM 315705132 389860960   1875956      0.48   1555136  72582164  12891292      3.20  31988024  42801140       324    680184   3140160      9760      7368    278184
12:03:15 PM 315700604 389856592   1879500      0.48   1555136  72582304  12890912      3.20  31988144  42801644       172    681208   3141004      9920      7428    278264
12:03:20 PM 315698884 389855136   1881528      0.48   1555136  72582448  12895564      3.20  31988292  42804632      1100    683624   3140552      9792      7492    278256
12:03:25 PM 315698192 389854564   1882288      0.48   1555136  72582572  12891292      3.20  31988404  42803064       352    682036   3140360      9760      7372    278232
12:03:30 PM 315692300 389848956   1887892      0.48   1555136  72582860  12891292      3.20  31988544  42803864       880    682704   3140360      9776      7396    278184
12:03:35 PM 315720344 389876792   1860912      0.47   1555136  72582632   4309868      1.07  31988616  42759180       300    638360   3139524      9696      5944    278168
12:03:40 PM 315719012 389875664   1862104      0.47   1555136  72582764   4314220      1.07  31988612  42763872      1060    642848   3139532      9680      5904    278200
12:03:45 PM 315718364 389877768   1860024      0.47   1555136  72585412   4314220      1.07  31988612  42766484       276    642844   3139612      9680      5916    278168
12:03:50 PM 315711944 389874396   1863460      0.47   1555136  72588364   4314220      1.07  31988616  42769532       956    642972   3139644      9680      5944    278184
12:03:55 PM 315693520 389858540   1878804      0.48   1555136  72590808  16443660      4.08  31988612  42829204       288    700220   3140280      9712      7356    278216
12:04:00 PM 315572744 389738484   1998872      0.51   1555136  72591516  27768236      6.89  31988768  42914672      1620    785316   3140280      9808      9788    278248
12:04:05 PM 315575560 389741332   1996024      0.51   1555136  72591548  27768524      6.89  31988768  42915292       264    785840   3140280      9808      9788    278280
12:04:10 PM 315562924 389728924   2007528      0.51   1555140  72591668  27772744      6.89  31988788  42919892       960    790300   3141288      9968      9916    278304
12:04:15 PM 315587320 389753552   1982924      0.50   1555140  72591916  27781992      6.89  31988788  42923076       316    793240   3141248      9920      9824    278296
12:04:20 PM 315582348 389748740   1988260      0.50   1555144  72591996  27781992      6.89  31988796  42923672      1064    793744   3140800      9936      9820    278344
12:04:25 PM 315593060 389759508   1977608      0.50   1555144  72592068  27786212      6.89  31988800  42926184       332    796332   3140668      9968      9944    278352
12:04:30 PM 315581828 389748524   1988420      0.50   1555144  72592300  27796908      6.89  31988800  42931272       908    801028   3140856      9920      9876    278328
12:04:35 PM 315584372 389751132   1985772      0.50   1555144  72592432  27796908      6.89  31988800  42931856        72    801512   3140828      9936      9856    278280
12:04:40 PM 315594556 389761524   1975612      0.50   1555148  72592580  27797176      6.89  31988796  42932168       856    801636   3140652      9920      9852    278376
12:04:45 PM 315597456 389764392   1972460      0.50   1555148  72592560  24952588      6.19  31988840  42912316        40    781976   3140924      9920      9532    278328
12:04:50 PM 315540624 389708076   2029608      0.51   1555148  72592912  27768016      6.89  31988964  42918732      1084    788000   3140256     10016      9584    278408
12:04:55 PM 315540780 389708264   2029392      0.51   1555152  72592976  27768288      6.89  31988960  42920292       628    789560   3140248      9872      9728    278408
12:05:00 PM 315561588 389729184   2007976      0.51   1555152  72593080  27772588      6.89  31988976  42923076       268    792808   3140752     10224      9816    278408
12:05:05 PM 315585188 389753096   1984400      0.50   1555152  72593320  27781800      6.89  31988980  42927716      1132    796652   3140488      9952      9816    278344
12:05:10 PM 315588396 389756404   1981120      0.50   1555152  72593392  27785308      6.89  31988980  42929324       372    797976   3140488      9952      9788    278360
12:05:15 PM 315584616 389752708   1983780      0.50   1555152  72593480  27789468      6.89  31988984  42931848       904    800628   3141520      9936      9832    278344
12:05:20 PM 315585300 389753524   1983068      0.50   1555152  72593572  27794868      6.89  31988988  42934708       424    803268   3141456      9920      9844    278296
12:05:25 PM 315579256 389747724   1988980      0.50   1555156  72593820  27806184      6.90  31988984  42939636       996    808040   3141336      9936      9872    278408
12:05:30 PM 315610864 389779740   1957040      0.50   1555156  72594176  24088064      5.97  31988996  42904068       324    772032   3141312      9952      9312    278400
12:05:35 PM 315578780 389747604   1989336      0.50   1555156  72594064  27781064      6.89  31989072  42929392      1076    797628   3141212      9936      9876    278376
12:05:40 PM 315572996 389742196   1995172      0.51   1555156  72594376  27775616      6.89  31989080  42926456       512    794336   3140848      9984      9240    278320
12:05:45 PM 315548256 389717540   2020048      0.51   1555156  72594380  27768476      6.89  31989144  42921632      1364    789672   3140708      9920      9784    278424
12:05:50 PM 315560964 389730336   2007264      0.51   1555156  72594464  27772664      6.89  31989152  42924104       744    791988   3140700      9936      9804    278392
12:05:55 PM 315564624 389734368   2003160      0.51   1555156  72594684  27776764      6.89  31989152  42926944      1440    794596   3140924      9936      9816    278440
12:06:00 PM 315581596 389751460   1986068      0.50   1555156  72594796  27785712      6.89  31989160  42930744       936    798332   3140932      9936      9836    278392
12:06:05 PM 315588556 389758508   1978888      0.50   1555156  72594876  27789640      6.89  31989160  42933232      1384    800788   3141072      9920      9844    278440
12:06:10 PM 315589416 389759504   1977932      0.50   1555156  72594972  27794900      6.89  31989164  42935832       776    803212   3141072      9920      9852    278408
12:06:15 PM 315597188 389767892   1969620      0.50   1555156  72595600  27802848      6.89  31989160  42938800       876    805504   3140984      9920      9844    278424
12:06:20 PM 315590492 389761348   1976028      0.50   1555156  72595716  27799760      6.89  31989204  42936792       416    803436   3141156      9920      9864    278392
12:06:25 PM 315584012 389755324   1982012      0.50   1555156  72596212  27800048      6.89  31989200  42937796      1140    804004   3141156      9920      9864    278392
12:06:30 PM 315568168 389739736   1997868      0.51   1555156  72596444  27778292      6.89  31989276  42927640       676    794104   3140912      9920      9812    278344
12:06:35 PM 315558200 389729884   2007640      0.51   1555156  72596528  27761572      6.88  31989324  42921724      1076    787844   3141024     10000      9576    278376
12:06:40 PM 315554896 389726940   2010928      0.51   1555156  72596864  27776300      6.89  31989320  42928200       840    793960   3140704      9952      9936    278352
12:06:45 PM 315556828 389729048   2008848      0.51   1555156  72597028  27777644      6.89  31989328  42929200       936    794828   3140688     10480      9832    278424
12:06:50 PM 315576492 389749064   1988912      0.50   1555156  72597376  27780412      6.89  31989332  42931324      1384    796544   3140612      9920      9820    278376
12:06:55 PM 315589068 389761728   1976260      0.50   1555156  72597460  27790628      6.89  31989336  42935528       936    800692   3140604      9920      9844    278376
12:07:00 PM 315581520 389754260   1983564      0.50   1555156  72597548  27790628      6.89  31989332  42935460      1156    800404   3140760      9936      9812    278360
12:07:05 PM 315575988 389748872   1988940      0.50   1555156  72597704  27800992      6.89  31989332  42940072       376    804924   3140760      9936      9828    278408
12:07:10 PM 315575788 389749092   1988680      0.50   1555156  72598028  27801448      6.89  31989380  42938840      1340    803556   3140896     10000      9968    278368
12:07:15 PM 315562496 389735896   2001812      0.51   1555156  72598116  27798320      6.89  31989380  42938304       432    802756   3140968      9968      9860    278344
12:07:20 PM 315564648 389738476   1998936      0.51   1555156  72598492  27798320      6.89  31989376  42939400      1120    803544   3141316      9968      9856    278328
12:07:25 PM 315536484 389710408   2026864      0.51   1555156  72598600  27779012      6.89  31989456  42929616       524    793704   3141444      9968      9824    278344
12:07:30 PM 315533224 389707272   2030116      0.51   1555156  72598680  27771752      6.89  31989496  42926476      1400    790520   3141372      9952      9804    278392
12:07:35 PM 315535788 389709948   2027496      0.51   1555156  72598816  27772024      6.89  31989500  42928012       312    791956   3141292      9952      9808    278424
12:07:40 PM 315526180 389700732   2036640      0.52   1555156  72599180  27864140      6.91  31989496  42959540      1104    823164   3141392      9968      9824    278424
12:07:45 PM 315565824 389740624   1996736      0.51   1555156  72599416  27791124      6.89  31989516  42936616       312    800008   3141416      9984      9908    278424
12:07:50 PM 315557568 389732680   2004524      0.51   1555156  72599636  27795396      6.89  31989516  42939264      1120    802408   3141664      9984      9976    278432
12:07:55 PM 315559572 389734788   2002560      0.51   1555156  72599716  27795140      6.89  31989512  42939484       308    802452   3141544      9952      9876    278376
12:08:00 PM 315545504 389721092   2016092      0.51   1555156  72600088  27790076      6.89  31989552  42937812      1016    800516   3141708      9904      9788    278344
12:08:05 PM 315545576 389721356   2015832      0.51   1555156  72600308  27795104      6.89  31989552  42940456       240    803004   3141676      9968      9856    278360
12:08:10 PM 315538568 389714540   2022872      0.51   1555156  72600412  27795104      6.89  31989552  42941284       868    803680   3141540      9952      9860    278424
12:08:15 PM 315547928 389724080   2013484      0.51   1555156  72600552  27784336      6.89  31989596  42937372       344    799620   3141428      9952      9840    278424
12:08:20 PM 315544024 389720208   2017316      0.51   1555156  72600620  27781672      6.89  31989632  42933728       312    796020   3141432      9920      9484    278360
12:08:25 PM 315533940 389710376   2027152      0.51   1555156  72600824  27772820      6.89  31989668  42929532       196    791524   3141476      9952      9792    278344
12:08:30 PM 315547492 389723996   2013064      0.51   1555156  72600912  27778820      6.89  31989676  42932912       456    795032   3141924     10064      9948    278472
12:08:35 PM 315562584 389739252   1998444      0.51   1555156  72601028  27785504      6.89  31989684  42936284        44    798168   3141336      9984      9844    278440
12:08:40 PM 315574020 389750760   1986912      0.50   1555156  72601132  27789892      6.89  31989688  42938148       392    799972   3141328      9984      9860    278408
12:08:45 PM 315567236 389744208   1993608      0.50   1555156  72601348  27789892      6.89  31989684  42938656      1044    800244   3141200      9968      9848    278424
12:08:50 PM 315548956 389726044   2011636      0.51   1555156  72601448  27789696      6.89  31989728  42937752       520    799312   3141352      9968      9852    278424
12:08:55 PM 315542320 389719524   2018232      0.51   1555156  72601548  27794960      6.89  31989728  42939672      1024    801564   3141292      9968      9860    278456
12:09:00 PM 315532780 389710160   2027524      0.51   1555156  72601772  27799180      6.89  31989736  42943744       404    805036   3141316     10016     10064    278464
12:09:05 PM 315511984 389689632   2048280      0.52   1555156  72602144  27780484      6.89  31989736  42935832      1088    796588   3140984      9984      9292    278424
12:09:10 PM 315494700 389672220   2065804      0.52   1555156  72602000  27781788      6.89  31989808  42934516       348    795600   3140888      9952      9904    278376
12:09:15 PM 315476752 389654492   2083340      0.53   1555156  72602216  27766016      6.89  31989848  42929788      1100    790664   3141084      9920      9884    278360
12:09:20 PM 315479596 389657364   2080444      0.53   1555156  72602292  27772716      6.89  31989848  42931700       448    792552   3141060      9920      9824    278360
12:09:25 PM 315483152 389660952   2076660      0.53   1555156  72602400  27781360      6.89  31989860  42936284      1072    796896   3141180      9872      9776    278408
12:09:30 PM 315506840 389684748   2052888      0.52   1555156  72602500  27789920      6.89  31989860  42940068       340    800668   3141164      9936      9856    278456
12:09:35 PM 315500592 389678668   2059008      0.52   1555160  72602720  27789920      6.89  31989868  42940756      1024    800988   3141068      9920      9848    278488
12:09:40 PM 315500556 389678672   2058992      0.52   1555164  72602816  27794388      6.89  31989872  42942864       316    803156   3141020      9920      9860    278472
12:09:45 PM 315487856 389666148   2071416      0.52   1555164  72602932  27797396      6.89  31989908  42942720       976    802876   3141180      9920      9872    278424
12:09:50 PM 315489920 389668268   2069272      0.52   1555168  72603044  27797396      6.89  31989904  42943168       440    803228   3141144      9904      9804    278424
12:09:55 PM 315490408 389669068   2068480      0.52   1555172  72603288  27788532      6.89  31989952  42939644      1140    799388   3141200      9920      9848    278456
12:10:00 PM 315505464 389684204   2053288      0.52   1555172  72603392  27792948      6.89  31989960  42941532       280    801332   3141232      9920      9860    278440
12:10:05 PM 315505208 389684148   2053188      0.52   1555172  72603540  27776532      6.89  31990020  42934728      1232    793792   3141440     10144     10148    278496
12:10:10 PM 315506784 389685912   2051452      0.52   1555172  72603740  27772872      6.89  31990036  42932556       236    792000   3141400      9936      9832    278424
12:10:15 PM 315515356 389694712   2042492      0.52   1555172  72603968  27782172      6.89  31990036  42939068       412    798460   3141560     10000      9864    278472
12:10:20 PM 315526684 389706232   2030820      0.51   1555172  72604120  27794904      6.89  31990056  42943616       520    802768   3141752      9936      9976    278416
12:10:25 PM 315530212 389709800   2027216      0.51   1555172  72604196  27790684      6.89  31990052  42942096       492    801216   3141752      9920      9900    278376
12:10:30 PM 315541208 389721104   2016068      0.51   1555172  72604476  27798360      6.89  31990056  42945252      1136    804056   3141624      9920      9920    278424
12:10:35 PM 315538640 389718636   2018592      0.51   1555172  72604560  27798028      6.89  31990096  42943904       524    802684   3141584      9872      9832    278408
12:10:40 PM 315533256 389713388   2023924      0.51   1555176  72604736  27798316      6.89  31990088  42944788      1148    803432   3141456      9904      9876    278360
12:10:45 PM 315536532 389716792   2020604      0.51   1555176  72604852  27798316      6.89  31990088  42945720       372    804228   3141384      9920      9908    278392
12:10:50 PM 315532196 389712736   2024480      0.51   1555176  72605104  27790588      6.89  31990136  42942520      1228    800788   3141592      9936      9856    278408
12:10:55 PM 315510560 389691208   2046060      0.52   1555176  72605188  27771992      6.89  31990212  42932468       560    790756   3141564      9872      9748    278344
12:11:00 PM 315505428 389686168   2051008      0.52   1555176  72605284  27772804      6.89  31990220  42933788      1176    791952   3141652      9920      9824    278392
12:11:05 PM 315514944 389695788   2041464      0.52   1555176  72605360  27782024      6.89  31990220  42938780       316    796840   3141604      9920      9848    278408
12:11:10 PM 315521892 389702952   2034188      0.52   1555176  72605612  27786160      6.89  31990224  42941188      1080    799040   3141680      9920      9848    278392
12:11:15 PM 315529552 389710672   2026412      0.51   1555176  72605696  27794316      6.89  31990228  42945184       412    803004   3141712      9984     10008    278432
12:11:20 PM 315539760 389721136   2016116      0.51   1555176  72605928  27794140      6.89  31990232  42945828      1100    803308   3141568      9936      9864    278424
12:11:25 PM 315530452 389711900   2025392      0.51   1555176  72606040  27788560      6.89  31990268  42942740       440    800212   3141488      9936      9856    278408
12:11:30 PM 315519488 389701084   2036336      0.52   1555176  72606148  27792640      6.89  31990272  42945288      1152    802632   3141400      9952      9868    278440
12:11:35 PM 315518120 389699784   2037656      0.52   1555176  72606216  27777804      6.89  31990304  42940020       412    797320   3141380      9952      9676    278408
12:11:40 PM 315525688 389707964   2029808      0.51   1555176  72606816  27761444      6.88  31990332  42933548       916    790284   3141060      9936      9268    278472
12:11:45 PM 315520116 389702128   2035448      0.52   1555176  72606588  27779860      6.89  31990352  42938728       220    795812   3141220      9952      9840    278424
12:11:50 PM 315515520 389697676   2039376      0.52   1555176  72606680  27772032      6.89  31990400  42936104       600    792596   3141796     10144      9672    278504
12:11:55 PM 315528168 389710476   2027008      0.51   1555176  72606848  27781692      6.89  31990392  42939092       240    795900   3141348      9952      9848    278488
12:12:00 PM 315534064 389716468   2020996      0.51   1555176  72606944  27785444      6.89  31990400  42941908      1004    798632   3141368     10416      9912    278504
12:12:05 PM 315545000 389727748   2009896      0.51   1555176  72607308  27789740      6.89  31990404  42944088       572    800400   3141168      9936      9864    278424
12:12:10 PM 315561324 389744068   1993716      0.50   1555176  72607276  24954184      6.19  31990408  42929792       368    786104   3141056      9936      9404    278408
12:12:15 PM 315543464 389726212   2011576      0.51   1555176  72607508  27787904      6.89  31990444  42943528      1072    799672   3140824      9888      9784    278488
12:12:20 PM 315542604 389725536   2012428      0.51   1555176  72607668  27792660      6.89  31990436  42946056       500    801956   3140672      9936      9828    278488
12:12:25 PM 315517892 389701180   2036588      0.52   1555176  72608064  27785168      6.89  31990484  42942816      1100    798436   3140828      9920      9836    278424
12:12:30 PM 315539520 389723188   2014628      0.51   1555176  72608396  27774368      6.89  31990488  42938304       368    793580   3140828      9872      9184    278424
12:12:35 PM 315517152 389700732   2036860      0.52   1555176  72608256  27781208      6.89  31990520  42940656      1028    796104   3141104      9936      9840    278456
12:12:40 PM 315511260 389694936   2042720      0.52   1555176  72608348  27771756      6.89  31990568  42936528       368    791984   3141044      9920      9824    278440
12:12:45 PM 315515292 389699264   2037808      0.52   1555176  72608572  27780800      6.89  31990576  42940736      1120    795992   3141700      9952      9916    278424
12:12:50 PM 315527512 389711588   2025460      0.51   1555176  72608668  27785740      6.89  31990580  42943776       352    798892   3141732      9936      9896    278424
12:12:55 PM 315534696 389718892   2018420      0.51   1555176  72608772  27790420      6.89  31990584  42946484      1136    801576   3141484      9952      9912    278424
12:13:00 PM 315539496 389724176   2013436      0.51   1555176  72609236  27781620      6.89  31990620  42943792       424    798352   3141204      9984      9628    278392
12:13:05 PM 315524292 389708804   2028364      0.51   1555176  72609088  27793860      6.89  31990620  42947300       992    802132   3141628      9968      9908    278392
12:13:10 PM 315523912 389708544   2028780      0.51   1555176  72609188  27798444      6.89  31990632  42949924       296    804524   3141492      9968      9932    278424
12:13:15 PM 315533008 389717508   2020044      0.51   1555176  72609280  24961044      6.19  31990660  42942608       436    797204   3141040      9952      9856    278320
12:13:20 PM 315546220 389730992   2006604      0.51   1555176  72609540  27791724      6.89  31990664  42947036       444    801352   3141008      9920      9960    278360
12:13:25 PM 315535376 389720220   2017084      0.51   1555176  72609624  27785532      6.89  31990696  42944348      1016    798632   3141288      9904      9908    278432
12:13:30 PM 315529452 389714412   2022964      0.51   1555176  72609712  27771656      6.89  31990736  42937208       192    791356   3141244      9920      9824    278360
12:13:35 PM 315522640 389707872   2029452      0.51   1555176  72609964  27781136      6.89  31990732  42943600       908    797656   3141316     10096      9648    278392
12:13:40 PM 315533204 389718548   2019152      0.51   1555176  72610060  27785440      6.89  31990740  42944800       120    798608   3140956      9856      9788    278376
12:13:45 PM 315546664 389732072   2005424      0.51   1555176  72610152  27789340      6.89  31990740  42947452       288    800824   3141132     10288     10312    278408
12:13:50 PM 315573828 389759620   1978192      0.50   1555180  72610528  24073392      5.97  31990760  42911428      1108    764836   3140820      9872      9296    278344
12:13:55 PM 315535212 389720788   2017124      0.51   1555180  72610352  27791456      6.89  31990796  42946744       344    800432   3140680      9904      9960    278360
12:14:00 PM 315536404 389722176   2015772      0.51   1555180  72610600  27795420      6.89  31990792  42948736       872    802120   3140592      9872      9824    278360
12:14:05 PM 315537652 389723620   2014388      0.51   1555180  72610720  27795420      6.89  31990804  42949388       372    802672   3140608      9888      9896    278312
12:14:10 PM 315557024 389743172   1994764      0.51   1555184  72610928  27773088      6.89  31990876  42940360      1264    793512   3140648      9888      9828    278344
12:14:15 PM 315542664 389728932   2009060      0.51   1555184  72611012  27772744      6.89  31990920  42938192       404    791388   3140628      9904      9876    278344
12:14:20 PM 315554668 389740944   1997088      0.51   1555184  72611092  27773032      6.89  31990912  42939600       828    792620   3140516      9872      9796    278360
12:14:25 PM 315554104 389740472   1997536      0.51   1555184  72611192  27782044      6.89  31990936  42944504       332    797512   3140532      9920      9956    278344
12:14:30 PM 315576784 389763272   1974736      0.50   1555184  72611308  27789784      6.89  31990932  42948044      1172    800960   3140536      9904      9984    278368
12:14:35 PM 315588832 389775400   1962896      0.50   1555184  72611388  27788840      6.89  31990940  42947748       304    800468   3140248      9920      9988    278312
12:14:40 PM 315595120 389782248   1955836      0.50   1555184  72611988  27761140      6.88  31990968  42938628       904    790840   3140420      9760      9272    278312
12:14:45 PM 315575032 389761972   1975848      0.50   1555184  72611760  27788480      6.89  31990968  42947300       288    799736   3140724      9872      9876    278296
12:14:50 PM 315561780 389748936   1988608      0.50   1555184  72612000  27796632      6.89  31990976  42951560      1148    803796   3140976      9840      9908    278288
12:14:55 PM 315563476 389750756   1986800      0.50   1555184  72612120  27792360      6.89  31990980  42950576       328    802632   3140968      9872      9908    278280
12:15:00 PM 315569784 389757248   1980492      0.50   1555184  72612260  27781116      6.89  31991016  42946988       856    798940   3140828      9840      9868    278296
12:15:05 PM 315559156 389747160   1990956      0.50   1555184  72612812  27765652      6.89  31991084  42937736       372    789152   3140440      9840      9456    278248
12:15:10 PM 315552140 389739796   1998372      0.51   1555184  72612536  27772484      6.89  31991084  42940124       864    791904   3140316      9840      9828    278248
12:15:15 PM 315552204 389739948   1998320      0.51   1555184  72612636  27777628      6.89  31991096  42943896       608    795548   3140204      9856      9824    278232
12:15:20 PM 315568852 389756856   1980948      0.50   1555184  72612896  27785016      6.89  31991104  42947760       496    800248   3140668      9856      9592    278280
12:15:25 PM 315580452 389768556   1969928      0.50   1555184  72612968  27789096      6.89  31991108  42949216       384    800576   3140016      9808      9836    278296
12:15:30 PM 315587636 389775784   1962532      0.50   1555184  72613056  27790532      6.89  31991108  42951940       244    802808   3140140     10304      9896    278344
12:15:35 PM 315576268 389764564   1973628      0.50   1555184  72613156  27794088      6.89  31991152  42950860       620    802060   3140312      9872     10004    278320
12:15:40 PM 315575128 389763468   1974784      0.50   1555184  72613268  27795640      6.89  31991152  42951444       440    802572   3140184      9840      9916    278248
12:15:45 PM 315568100 389756504   1981844      0.50   1555188  72613520  27795640      6.89  31991152  42952444      1084    803244   3139896      9856      9908    278392
12:15:50 PM 315560640 389749140   1989256      0.50   1555192  72613648  27790512      6.89  31991188  42949476       380    800140   3139812      9776      9804    278392
12:15:55 PM 315555564 389744264   1994356      0.51   1555192  72613868  27765816      6.89  31991272  42939508      1172    790108   3139568      9824      9824    278296
12:16:00 PM 315544532 389733288   2005456      0.51   1555192  72613912  27772660      6.89  31991280  42941996       332    792592   3139456      9808      9840    278312
12:16:05 PM 315550456 389739340   1999684      0.51   1555192  72614024  27772660      6.89  31991288  42943152      1008    793628   3139192      9808      9844    278312
12:16:10 PM 315566876 389755824   1983160      0.50   1555192  72614128  27785792      6.89  31991288  42948596       316    799056   3139192      9824      9872    278296
12:16:15 PM 315569044 389758396   1980596      0.50   1555192  72614492  27789672      6.89  31991292  42950760      1160    800704   3139224      9808      9872    278248
12:16:20 PM 315570020 389759400   1979596      0.50   1555192  72614568  27793944      6.89  31991300  42953204       436    803216   3139172      9872     10064    278288
12:16:25 PM 315616280 389806284   1932772      0.49   1555192  72615032  24075744      5.97  31991288  42918168      1276    767528   3139272      9808      9236    278328
12:16:30 PM 315571260 389761088   1977672      0.50   1555192  72614928  27792784      6.89  31991332  42952748       572    802352   3139496      9840      9896    278344
12:16:35 PM 315581480 389771552   1967240      0.50   1555192  72615044  27793448      6.89  31991336  42953700      1164    803124   3139592      9840      9944    278328
12:16:40 PM 315618076 389808240   1930488      0.49   1555192  72615176  24059020      5.97  31991372  42911556       312    761452   3139616      9808      9348    278288
12:16:45 PM 315553936 389744376   1994400      0.51   1555192  72615404  27763672      6.89  31991440  42939892      1216    789048   3139616      9760      9744    278280
12:16:50 PM 315541684 389732172   2006608      0.51   1555192  72615464  27771252      6.89  31991448  42942968       256    792148   3139600      9824      9920    278264
12:16:55 PM 315539424 389730148   2008532      0.51   1555192  72615704  27771252      6.89  31991452  42944308      1152    793176   3139696      9792      9836    278280
12:17:00 PM 315561696 389752512   1986192      0.50   1555192  72615812  27781484      6.89  31991464  42948672       284    797524   3139656      9792      9848    278312
12:17:05 PM 315569100 389760000   1978780      0.50   1555192  72615896  27786648      6.89  31991448  42951648       976    800264   3139580     10176      9924    278296
12:17:10 PM 315567184 389758156   1980476      0.50   1555192  72615996  27791100      6.89  31991460  42952488       456    801124   3139700      9824      9860    278296
12:17:15 PM 315558628 389749760   1988828      0.50   1555192  72616112  27797056      6.89  31991500  42954080       424    801672   3139788     10512      9852    278360
12:17:20 PM 315556332 389747668   1990928      0.50   1555192  72616348  27794152      6.89  31991504  42954800       324    803180   3139748      9792      9884    278312
12:17:25 PM 315558112 389749512   1988968      0.50   1555192  72616464  27794404      6.89  31991504  42955460       404    803848   3139812      9808      9880    278328
12:17:30 PM 315583904 389775592   1962868      0.50   1555192  72616584  27790596      6.89  31991548  42952924      1392    801116   3140000      9760      9844    278296
12:17:35 PM 315598692 389790968   1947636      0.49   1555192  72617160  27771556      6.89  31991620  42942040       596    789732   3139868      9808      9544    278296
12:17:40 PM 315582044 389774092   1964416      0.50   1555192  72616876  27772688      6.89  31991624  42944064      1220    792000   3140020      9808      9840    278296
12:17:45 PM 315590160 389782292   1956220      0.50   1555192  72616968  27788680      6.89  31991624  42950160       368    798624   3140008      9824      9892    278320
12:17:50 PM 315593512 389785988   1952504      0.49   1555192  72617208  27792888      6.89  31991640  42952940      1396    800660   3140132      9808      9920    278320
12:17:55 PM 315604964 389797512   1940988      0.49   1555192  72617304  27792620      6.89  31991636  42952708       404    800232   3140100      9840      9916    278328
12:18:00 PM 315564904 389757716   1980756      0.50   1555192  72617444  27880680      6.91  31991640  42984936       448    832348   3140252      9840      9876    278376
12:18:05 PM 315586724 389779568   1958908      0.50   1555192  72617484  27785812      6.89  31991676  42950988       248    798368   3140240      9840      9872    278344
12:18:10 PM 315575100 389768172   1970416      0.50   1555192  72617712  27794668      6.89  31991680  42955368      1288    802488   3140128      9872      9944    278312
12:18:15 PM 315576372 389769504   1969304      0.50   1555192  72617832  27794668      6.89  31991676  42956172       280    803288   3139848      9840      9880    278296
12:18:20 PM 315592196 389785588   1953128      0.49   1555192  72617952  27782196      6.89  31991720  42951784      1320    798756   3140080      9824      9856    278344
12:18:25 PM 315583892 389777412   1961284      0.50   1555192  72618052  27774468      6.89  31991756  42947884       408    794784   3140128      9808      9840    278328
12:18:30 PM 315561680 389755524   1982708      0.50   1555192  72618256  27772256      6.89  31991792  42945112      1132    791856   3140712      9856      9888    278328
12:18:35 PM 315560948 389754872   1983368      0.50   1555192  72618340  27781220      6.89  31991800  42949432       236    796136   3140700      9840      9872    278328
12:18:40 PM 315573168 389767180   1971468      0.50   1555192  72618460  27782148      6.89  31991808  42950516      1208    797092   3140260      9840      9856    278392
12:18:45 PM 315585964 389780220   1958448      0.50   1555192  72618692  27788912      6.89  31991808  42953908       296    800188   3140252      9840      9888    278424
12:18:50 PM 315579320 389773628   1964548      0.50   1555196  72618784  27791184      6.89  31991820  42959124      1204    805980   3140700      9968     10428    278432
12:18:55 PM 315573464 389767856   1970560      0.50   1555196  72618876  27783276      6.89  31991856  42951472       204    797696   3140452      9856      9876    278344
12:19:00 PM 315572896 389767436   1971000      0.50   1555196  72618980  27791704      6.89  31991844  42956488       116    801716   3140476     10272      9860    278344
12:19:05 PM 315572916 389767728   1970860      0.50   1555196  72619220  27790004      6.89  31991860  42955516       620    801352   3140356      9840      9884    278360
12:19:10 PM 315588804 389783780   1954828      0.50   1555196  72619348  27786404      6.89  31991896  42952820       520    798504   3140372      9808      9808    278312
12:19:15 PM 315571616 389766720   1971692      0.50   1555196  72619444  27779424      6.89  31991932  42949320      1076    795036   3140600      9856      9848    278360
12:19:20 PM 315549972 389745164   1993416      0.50   1555196  72619528  27776560      6.89  31991984  42948316       420    793920   3140436      9872      9952    278384
12:19:25 PM 315555376 389750760   1987756      0.50   1555196  72619752  27780708      6.89  31991980  42950684      1096    796200   3140468      9840      9852    278376
12:19:30 PM 315557692 389753192   1985392      0.50   1555196  72619856  27780708      6.89  31991988  42952240       436    797580   3140412      9840      9864    278344
12:19:35 PM 315568016 389763612   1974808      0.50   1555196  72619964  27788596      6.89  31991988  42954988      1220    800248   3140564      9840      9880    278392
12:19:40 PM 315594484 389790228   1948160      0.49   1555196  72620060  24950916      6.19  31991996  42931392       372    776452   3140648      9840      9428    278360
12:19:45 PM 315560600 389756536   1982048      0.50   1555196  72620256  27784276      6.89  31992028  42953564      1132    798516   3140448      9840      9872    278376
12:19:50 PM 315574308 389770364   1968268      0.50   1555196  72620360  27787824      6.89  31992036  42956176       408    800960   3140416      9840      9876    278376
12:19:55 PM 315573512 389769876   1968932      0.50   1555196  72620608  27796536      6.89  31992040  42960668      1040    805416   3140300      9872     10000    278432
12:20:00 PM 315594308 389790864   1947836      0.49   1555196  72620736  27791856      6.89  31992076  42957136       552    801612   3140472      9888      9980    278368
12:20:05 PM 315572784 389769660   1969028      0.50   1555196  72621088  27775292      6.89  31992076  42951136      1076    795348   3140452      9824      9232    278408
12:20:10 PM 315559308 389756052   1982592      0.50   1555196  72620928  27782156      6.89  31992112  42953256       288    797540   3140524      9856      9860    278408
12:20:15 PM 315576092 389773040   1965548      0.50   1555200  72621164  27777684      6.89  31992148  42950828      1148    795080   3140544      9856      9856    278328
12:20:20 PM 315564404 389761456   1977176      0.50   1555200  72621248  27869056      6.91  31992152  42982992       300    827036   3140520      9856      9864    278328
12:20:25 PM 315587740 389784888   1953592      0.49   1555200  72621360  27784804      6.89  31992156  42954896      1280    798888   3140656      9856      9856    278328
12:20:30 PM 315591508 389788884   1949672      0.49   1555200  72621588  27779312      6.89  31992196  42951016       388    794852   3140580      9840      9812    278280
12:20:35 PM 315582964 389780416   1957656      0.50   1555200  72621652  27789112      6.89  31992196  42954752       692    798448   3141076     10128      9624    278360
12:20:40 PM 315582712 389780360   1958072      0.50   1555200  72621776  27789112      6.89  31992212  42956768      1156    800308   3140788      9856      9880    278360
12:20:45 PM 315591776 389789484   1948484      0.49   1555200  72621884  27793280      6.89  31992204  42959280       436    802704   3141204      9968      9820    278312
12:20:50 PM 315632556 389830636   1907508      0.48   1555200  72622240  27789604      6.89  31992244  42956596      1104    799724   3141044      9856      9644    278280
12:20:55 PM 315616648 389814764   1923320      0.49   1555200  72622280  27781492      6.89  31992288  42953788       872    797028   3141100      9888      9948    278296
12:21:00 PM 315608464 389806468   1931524      0.49   1555204  72622192  27785668      6.89  31991988  42956056      1212    799048   3141164      9856      9864    278312
12:21:05 PM 315610264 389808392   1929628      0.49   1555204  72622320  27785668      6.89  31992000  42957252       356    800164   3141132      9840      9860    278280
12:21:10 PM 315631712 389830116   1907892      0.48   1555204  72622572  27784448      6.89  31992040  42955688      1312    798288   3141168      9856      9860    278328
12:21:15 PM 315631236 389829740   1908256      0.48   1555204  72622652  27784720      6.89  31992040  42956184       500    798704   3141200      9872      9852    278344
12:21:20 PM 315618536 389817120   1920688      0.49   1555204  72622744  27776392      6.89  31992080  42952020      1200    794584   3141376      9840      9772    278392
12:21:25 PM 315638584 389837260   1900732      0.48   1555204  72622828  27790456      6.89  31992084  42958468       340    800844   3141200      9888      9888    278344
12:21:30 PM 315635336 389834208   1903716      0.48   1555204  72623092  27790456      6.89  31992088  42959688      1220    801904   3141200      9872      9876    278376
12:21:35 PM 315648280 389847288   1890744      0.48   1555204  72623192  27794460      6.89  31992092  42961376       332    803436   3141128      9888      9888    278360
12:21:40 PM 315630092 389829264   1908944      0.48   1555204  72623308  27791032      6.89  31992124  42959488      1464    801536   3141000      9888      9896    278360
12:21:45 PM 315608328 389807556   1930608      0.49   1555204  72623384  27781616      6.89  31992160  42954356       312    796236   3141024      9840      9812    278344
12:21:50 PM 315597596 389796976   1941324      0.49   1555204  72623588  27786644      6.89  31992168  42956896      1084    798740   3140836      9856      9844    278392
12:21:55 PM 315597052 389796848   1941388      0.49   1555204  72623960  27776220      6.89  31992172  42951852       320    793288   3140944      9856      9208    278344
12:22:00 PM 315602224 389801908   1936656      0.49   1555204  72623824  27786420      6.89  31992216  42957376      1168    798996   3140640      9856      9848    278328
12:22:05 PM 315605436 389805196   1933436      0.49   1555204  72623904  27786692      6.89  31992216  42958532       236    800056   3140568      9872      9852    278312
12:22:10 PM 315583696 389783696   1955016      0.50   1555204  72624148  27778592      6.89  31992252  42954204      1132    795584   3140484      9856      9808    278408
12:22:15 PM 315580000 389780088   1958636      0.50   1555204  72624208  27787292      6.89  31992260  42958856       200    800000   3140500      9856      9848    278392
12:22:20 PM 315573088 389773096   1965636      0.50   1555208  72624300  27791768      6.89  31992248  42963140      1132    804256   3140316     10144     10000    278360
12:22:25 PM 315583824 389784176   1954504      0.49   1555208  72624560  27796084      6.89  31992272  42963732       816    804672   3140452      9904      9916    278392
12:22:30 PM 315606644 389807256   1931328      0.49   1555208  72624892  27787860      6.89  31992268  42961932       508    802652   3140476     10304      9332    278432
12:22:35 PM 315610584 389811096   1927412      0.49   1555208  72624776  27780968      6.89  31992344  42954540       740    795284   3140568      9888      9836    278360
12:22:40 PM 315589344 389789932   1948660      0.49   1555212  72624860  27785848      6.89  31992340  42957764       364    798412   3140472      9904      9824    278328
12:22:45 PM 315581724 389782456   1955768      0.50   1555212  72624976  27770084      6.89  31992348  42952980      1228    793492   3140868      9920     10052    278344
12:22:50 PM 315579580 389780528   1957884      0.50   1555212  72625204  27781888      6.89  31992388  42956400       388    796788   3140668      9920      9884    278360
12:22:55 PM 315592180 389793624   1944812      0.49   1555212  72625664  27770296      6.89  31992436  42952688      1280    792636   3140680      9888      9516    278376
12:23:00 PM 315579328 389780480   1957848      0.50   1555212  72625388  27777144      6.89  31992432  42954588       264    794796   3140772      9888      9812    278376
12:23:05 PM 315579924 389781196   1956924      0.50   1555212  72625604  27789736      6.89  31992440  42959384      1116    799376   3140884      9920      9912    278328
12:23:10 PM 315572188 389773528   1964600      0.50   1555212  72625696  27794372      6.89  31992440  42961344       312    801320   3140852      9888      9936    278360
12:23:15 PM 315586776 389788248   1949856      0.49   1555212  72625804  27798520      6.89  31992448  42963628      1184    803408   3140900      9888      9888    278344
12:23:20 PM 315598552 389800224   1938244      0.49   1555212  72626024  27806248      6.90  31992448  42966244       340    805832   3140516      9888      9908    278344
12:23:25 PM 315574088 389775884   1962180      0.50   1555212  72626140  27786692      6.89  31992492  42961032      1416    800512   3140928      9936     10016    278360
12:23:30 PM 315580200 389782408   1955800      0.50   1555216  72626588  27788480      6.89  31992524  42957940       632    797060   3140744      9872      9536    278360
12:23:35 PM 315558372 389760536   1977396      0.50   1555216  72626464  27789404      6.89  31992532  42960452      1096    799652   3141100      9904      9872    278408
12:23:40 PM 315541780 389744032   1993824      0.50   1555216  72626556  27776928      6.89  31992572  42955832       492    795032   3141172      9904      9848    278376
12:23:45 PM 315539724 389742068   1995948      0.51   1555216  72626716  27782132      6.89  31992576  42959732      1252    798688   3140944      9920      9860    278392
12:23:50 PM 315545104 389747460   1990492      0.50   1555216  72626760  27777224      6.89  31992616  42955912       564    795004   3140976      9920      9864    278344
12:23:55 PM 315565656 389768228   1969744      0.50   1555216  72626956  27783292      6.89  31992608  42958992      1152    797788   3140976      9920      9884    278424
12:24:00 PM 315575856 389778520   1959512      0.50   1555216  72627052  27791592      6.89  31992624  42963816       264    802624   3140912      9936      9996    278416
12:24:05 PM 315577812 389780564   1957492      0.50   1555216  72627148  27795244      6.89  31992624  42966368      1180    804512   3140880     10144      9792    278408
12:24:10 PM 315576132 389778960   1959124      0.50   1555216  72627268  27800168      6.89  31992628  42967764      1132    806364   3140808      9920      9896    278392
12:24:15 PM 315582344 389785280   1952344      0.49   1555216  72627372  27800168      6.89  31992620  42968568       712    806876   3141272     10256      9776    278440
12:24:20 PM 315596664 389799860   1938404      0.49   1555216  72627592  24954816      6.19  31992688  42940864      1608    779212   3140672      9904      9640    278376
12:24:25 PM 315593888 389797256   1941092      0.49   1555216  72627728  27768164      6.89  31992736  42952948       796    791148   3140624      9872      9792    278360
12:24:30 PM 315578248 389781848   1956352      0.50   1555220  72627948  27775916      6.89  31992744  42955888      1304    793908   3140780      9936      9900    278392
12:24:35 PM 315566992 389770704   1967372      0.50   1555224  72628072  27772840      6.89  31992784  42954652       912    792632   3140888      9936      9884    278392
12:24:40 PM 315557704 389761376   1976704      0.50   1555224  72628156  27777996      6.89  31992800  42956756      1296    794576   3140760      9904      9860    278424
12:24:45 PM 315581664 389785408   1952764      0.49   1555224  72628248  27782724      6.89  31992800  42959932       320    797700   3140648      9904      9876    278456
12:24:50 PM 315584692 389788680   1949548      0.49   1555224  72628468  27786528      6.89  31992808  42961772       676    799288   3140616      9856      9816    278408
12:24:55 PM 315581384 389785436   1952820      0.49   1555224  72628560  27795204      6.89  31992812  42966304       272    803768   3140560      9920      9932    278424
