Linux 5.15.0-91-generic (gl5) 	01/24/2024 	_x86_64_	(32 CPU)

01:09:40 PM kbmemfree   kbavail kbmemused  %memused kbbuffers  kbcached  kbcommit   %commit  kbactive   kbinact   kbdirty  kbanonpg    kbslab  kbkstack   kbpgtbl  kbvmused
01:09:45 PM 341302972 390123572   1702380      0.43   1470984  47968432   4701184      1.17  21630976  28362856       200    582668   2413780     10688      5940    275300
01:09:50 PM 341293468 390117552   1708320      0.43   1470984  47971840   4703208      1.17  21631448  28366176       804    583068   2413936     10656      5944    275380
01:09:55 PM 341323812 390150100   1674276      0.42   1470984  47973972   4228072      1.05  21632896  28366868       320    583092   2415504      9696      5876    274436
01:10:00 PM 341315068 390143200   1681116      0.43   1470988  47975664   4228476      1.05  21632984  28369348       812    583844   2415712      9984      6088    274420
01:10:05 PM 341316408 390146660   1677996      0.42   1470988  47977672   4228476      1.05  21633036  28370880       200    583536   2415484      9680      5876    274388
01:10:10 PM 341310444 390142560   1682052      0.43   1470988  47979480   4346992      1.08  21633028  28378548       264    589488   2415584      9776      5832    274420
01:10:15 PM 341309480 390143756   1681200      0.43   1470992  47981444   4228608      1.05  21633072  28374660        44    583564   2415432      9712      5900    274388
01:10:20 PM 341310064 390146528   1678416      0.43   1470992  47983564   4228608      1.05  21633112  28376836       304    583680   2415512      9680      5872    274388
01:10:25 PM 341316584 390155184   1670024      0.42   1470996  47985516   4228740      1.05  21633120  28378860       980    583720   2415428      9696      5872    274436
01:10:30 PM 341316688 390157196   1668076      0.42   1471000  47987344   4228740      1.05  21633156  28380576       308    583644   2415440      9696      5840    274388
01:10:35 PM 341314036 390156908   1668072      0.42   1471004  47989492   4228740      1.05  21633192  28382772      1024    583668   2415944      9696      5868    274372
01:10:40 PM 341311500 390156448   1668504      0.42   1471004  47991460   4228740      1.05  21633196  28384736       336    583756   2416080      9712      5868    274404
01:10:45 PM 341306564 390153596   1671436      0.42   1471008  47993412   4228876      1.05  21633240  28386756      1000    583904   2416128      9712      5912    274404
01:10:50 PM 341304972 390154172   1671028      0.42   1471008  47995408   4228876      1.05  21633284  28388772       300    583932   2416132      9696      5872    274388
01:10:55 PM 341294284 390145588   1679260      0.43   1471008  47997344   4228876      1.05  21633284  28390776       952    584008   2416652      9712      5868    274468
01:11:00 PM 341294380 390147528   1677500      0.42   1471008  47999088   4229008      1.05  21633324  28392552       296    584060   2416572      9712      5876    274452
01:11:05 PM 341286480 390142012   1683000      0.43   1471008  48001364   4229008      1.05  21633360  28394832       932    584136   2416696      9680      5836    274404
01:11:10 PM 341287548 390144988   1680080      0.43   1471008  48003108   4229008      1.05  21633356  28396652       260    584172   2416804      9728      5868    274420
01:11:15 PM 340303728 389164368   2651348      0.67   1471012  48006184 176950108     43.88  21635384  29416380      3124   1603316   2426276     10736     32952    275316
01:11:20 PM 340251384 389116008   2699836      0.68   1471016  48010064 191014196     47.37  21635644  29465672      1332   1648824   2426248     10784     34348    275284
01:11:25 PM 340397652 389266600   2549072      0.65   1471020  48014252 159446812     39.54  21635768  29271816      3852   1451104   2426552     10720     30608    275236
01:11:30 PM 340707592 389577440   2239008      0.57   1471020  48015104 109270080     27.10  21635980  28955780      1848   1134552   2425824     10544     24388    275012
01:11:35 PM 340169692 389041992   2775148      0.70   1471020  48017468 191025788     47.37  21636672  29483040      6208   1660468   2425220     10720     34348    275284
01:11:40 PM 340266900 389142268   2675176      0.68   1471024  48020476 180818484     44.84  21636848  29412216      6392   1585284   2424972     10784     32976    275300
01:11:45 PM 340607120 389486832   2331308      0.59   1471024  48025152 124239052     30.81  21637084  29028828      3416   1198432   2423944     10496     25660    275044
01:11:50 PM 340438000 389318016   2498828      0.63   1471024  48025564 141695740     35.14  21637568  29224524      3756   1394136   2425132     10672     29804    275076
01:11:55 PM 340221412 389104052   2712104      0.69   1471024  48028080 188175548     46.67  21638000  29475128      6400   1643164   2425928     10800     33960    275124
01:12:00 PM 340304112 389190396   2625812      0.67   1471024  48031644 173378780     43.00  21638320  29361124      6272   1525760   2425956     10768     31888    275156
01:12:05 PM 340252344 389141296   2675260      0.68   1471024  48034216 168654056     41.82  21638848  29398032      5184   1560220   2425704     10800     32712    275172
01:12:10 PM 340150656 389043408   2772440      0.70   1471024  48037988 185391148     45.97  21639252  29482460      6588   1642288   2426440     10784     33404    275252
01:12:15 PM 340337484 389234764   2581656      0.65   1471024  48042488 165976176     41.16  21639536  29312100      5884   1466508   2425896     10688     30476    275140
01:12:20 PM 340382452 389282036   2534536      0.64   1471024  48044752 141875908     35.18  21639940  29247924      4816   1400780   2425784     10656     28892    275124
01:12:25 PM 340121668 389023428   2794048      0.71   1471024  48046880 191025656     47.37  21640444  29510072      6252   1661848   2424928     10832     34252    275252
01:12:30 PM 340212580 389116908   2699712      0.68   1471024  48049988 177997168     44.14  21640672  29444308      7264   1592684   2425244     10832     32576    275236
01:12:35 PM 340523492 389431480   2384804      0.60   1471024  48053652 122287544     30.33  21640876  29056300      3000   1201096   2425576     10608     25732    275140
01:12:40 PM 340191604 389101028   2715240      0.69   1471028  48055076 189459496     46.98  21641588  29481104      5624   1625544   2425600     10816     33572    275300
01:12:45 PM 340202664 389114688   2701348      0.68   1471032  48057664 184484100     45.75  21641752  29473132      6340   1615088   2425840     10816     33324    275300
01:12:50 PM 340467444 389384012   2432632      0.62   1471032  48062188 123190200     30.55  21642004  29123444      6100   1260236   2425252     10720     27712    275252
01:12:55 PM 340280164 389196244   2620884      0.66   1471032  48061700 158428520     39.29  21642452  29326976      3436   1465500   2424768     10720     30112    275236
01:13:00 PM 340245288 389164920   2651576      0.67   1471032  48065192 169315588     41.99  21642796  29408768      5744   1544292   2425460     10768     31524    275220
01:13:05 PM 340408488 389332668   2483788      0.63   1471032  48069964 146239924     36.27  21643156  29224420      5484   1355296   2425276     10704     29036    275172
01:13:10 PM 340285084 389211036   2605564      0.66   1471036  48071732 159976552     39.67  21643652  29369156      4940   1497948   2425132     10848     31152    275300
01:13:15 PM 340211008 389140088   2677128      0.68   1471036  48074796 181460752     45.00  21644060  29472480      6456   1599892   2424580     10768     32988    275300
01:13:20 PM 340244152 389177896   2639188      0.67   1471036  48079420 164739892     40.85  21644440  29391136      6704   1513376   2424752     10960     31704    275188
01:13:25 PM 340337380 389273532   2544448      0.64   1471036  48081804 147972724     36.70  21644756  29293636      5272   1414192   2423880     10752     29472    275188
01:13:30 PM 340109620 389047080   2771156      0.70   1471036  48083108 185148752     45.91  21645228  29505408      5316   1624888   2423628     10832     33396    275172
01:13:35 PM 340129732 389071496   2746924      0.70   1471036  48087208 182329884     45.22  21645660  29509724      6852   1625632   2423648     10832     33356    275124
01:13:40 PM 340371316 389316688   2501748      0.63   1471036  48090660 147319796     36.53  21645876  29280192      4680   1393052   2423788     10704     29776    275124
01:13:45 PM 340247320 389194208   2624504      0.66   1471036  48092068 148729000     36.88  21646376  29386840      4816   1498132   2423620     10768     30456    275252
01:13:50 PM 340098156 389049356   2769584      0.70   1471036  48096324 181460856     45.00  21646844  29488532      6004   1596056   2423448     10800     33028    275220
01:13:55 PM 340272484 389227652   2590572      0.66   1471036  48100160 157313796     39.01  21647128  29340256      6096   1445116   2424296     10752     29928    275204
01:14:00 PM 340312648 389270476   2547828      0.65   1471040  48102848 147971172     36.69  21647500  29286648      4452   1388868   2424184     10736     29520    275188
01:14:05 PM 340246296 389206696   2611824      0.66   1471040  48105588 156265936     38.75  21647984  29377536      5356   1477408   2423800     10816     30188    275396
01:14:10 PM 340122044 389084868   2733488      0.69   1471044  48107996 185139528     45.91  21648408  29529872      6360   1627216   2423976     10832     33412    275348
01:14:15 PM 340302204 389269496   2548216      0.65   1471048  48112368 152569904     37.84  21648752  29337268      5652   1431516   2424712     10784     29096    275332
01:14:20 PM 340132036 389101676   2716612      0.69   1471048  48114648 182344848     45.22  21649276  29508800      5492   1601448   2424204     10816     32772    275316
01:14:25 PM 340185492 389157588   2659468      0.67   1471048  48117128 167380608     41.51  21649560  29449236      5804   1538580   2425412     10816     31236    275284
01:14:30 PM 340313944 389290356   2526992      0.64   1471052  48121348 151692688     37.62  21649944  29331808      4464   1417672   2425212     10768     29364    275284
01:14:35 PM 340215232 389194836   2622508      0.66   1471052  48124364 159109656     39.46  21650440  29417452      5444   1501168   2425392     10816     30344    275300
01:14:40 PM 340238916 389221704   2595252      0.66   1471060  48127320 157171140     38.98  21650840  29380500      4632   1461892   2426000     10784     30064    275188
01:14:45 PM 340088872 389075240   2742112      0.69   1471060  48130544 175826000     43.60  21651300  29516784      5852   1594928   2425960     10832     32812    275252
01:14:50 PM 340108556 389098020   2719260      0.69   1471060  48133588 174960836     43.39  21651668  29493632      5948   1569124   2426084     10832     32328    275188
01:14:55 PM 340240664 389233576   2583536      0.65   1471064  48136848 157328036     39.02  21652040  29364416      5240   1437012   2426436     10736     29896    275220
01:15:00 PM 340150044 389146656   2671124      0.68   1471072  48140344 168418316     41.77  21652568  29449984      5032   1519132   2425964     10816     31308    275252
01:15:05 PM 340215260 389215248   2602520      0.66   1471072  48143592 160141660     39.71  21652620  29378708      5036   1445764   2426104     10768     29368    275300
01:15:10 PM 340228756 389232436   2584884      0.65   1471072  48147180 161225116     39.98  21653056  29390636      4772   1454260   2426656     10768     30012    275220
01:15:15 PM 340060236 389066168   2750744      0.70   1471072  48149424 185152712     45.92  21653536  29581664      7064   1643600   2427072     10864     33748    275300
01:15:20 PM 340033168 389042288   2774508      0.70   1471076  48152428 185150604     45.91  21653964  29573416      6876   1631948   2427368     10896     33428    275300
01:15:25 PM 340099076 389110988   2706144      0.69   1471076  48155204 163647320     40.58  21654244  29492184      6104   1548528   2427048     10816     31864    275268
01:15:30 PM 340330256 389345960   2471948      0.63   1471080  48158936 132158540     32.77  21654480  29267492      4308   1320684   2426328     10736     26832    275268
01:15:35 PM 340107116 389125056   2693156      0.68   1471084  48161024 172094860     42.68  21655080  29492672      5320   1544284   2426168     10832     32112    275268
01:15:40 PM 340164464 389186212   2632024      0.67   1471084  48164768 166656308     41.33  21655364  29436828      6836   1485332   2426208     10864     31504    275156
01:15:45 PM 340308800 389334060   2483940      0.63   1471084  48168064 139722164     34.65  21655700  29263552      4700   1307820   2426660     10752     28288    275204
01:15:50 PM 340078384 389105496   2712208      0.69   1471084  48169748 173023404     42.91  21656232  29529964      5608   1574416   2427124     10832     31592    275332
01:15:55 PM 340054224 389084292   2733988      0.69   1471084  48172580 185148724     45.91  21656592  29594516      6556   1637552   2426672     10864     33536    275300
01:16:00 PM 340256752 389291948   2525960      0.64   1471084  48177616 147081316     36.47  21656920  29352060      5752   1388780   2427136     10752     28884    275252
01:16:05 PM 340051052 389087396   2730276      0.69   1471092  48178732 182339960     45.22  21657432  29597716      5516   1634272   2427396     10864     32572    275300
01:16:10 PM 340024856 389064156   2753088      0.70   1471092  48181468 185143364     45.91  21657792  29599992      6776   1634048   2428044     10864     33452    275396
01:16:15 PM 340355432 389399632   2418252      0.61   1471092  48186468 138822516     34.43  21657992  29272744      4960   1301816   2427304     10736     28056    275300
01:16:20 PM 340238552 389283060   2534560      0.64   1471096  48186684 141303556     35.04  21658444  29416460      4472   1445984   2427656     10768     28648    275252
01:16:25 PM 340075816 389124268   2693696      0.68   1471096  48190424 181451720     45.00  21658968  29572824      5504   1599208   2427516     10816     32632    275364
01:16:30 PM 340206756 389259264   2558540      0.65   1471096  48194364 164042904     40.68  21659212  29446420      6380   1468524   2427792     10864     30948    275332
01:16:35 PM 340132240 389187116   2630368      0.67   1471100  48196544 153462644     38.06  21659640  29438532      4072   1458748   2428296     10768     29480    275300
01:16:40 PM 340057108 389115196   2702304      0.68   1471104  48199696 177773896     44.09  21660100  29554924      6388   1572368   2428336     10816     32236    275284
01:16:45 PM 340106416 389168076   2649532      0.67   1471108  48203136 169328144     41.99  21660468  29539756      6180   1554488   2428356     10816     31644    275268
01:16:50 PM 340115324 389180396   2637604      0.67   1471108  48206320 165581604     41.06  21661000  29523524      5220   1534940   2428192     11024     31892    275220
01:16:55 PM 340085248 389153312   2665084      0.67   1471108  48209072 175826520     43.60  21661372  29585100      5764   1594668   2428036     10864     32500    275156
01:17:00 PM 340171948 389243724   2574260      0.65   1471108  48212796 164508780     40.80  21661800  29475020      5380   1481792   2428436     10752     30372    275076
01:17:05 PM 340224952 389299564   2519612      0.64   1471108  48215692 145746868     36.14  21662156  29401088      5876   1405384   2427184     10608     27728    275060
01:17:10 PM 340364108 389440812   2379032      0.60   1471108  48217660 118353164     29.35  21662424  29279532      5196   1281920   2426640     10528     24548    275012
01:17:15 PM 340603108 389681216   2140424      0.54   1471108  48219076  74260692     18.42  21662652  28990704      3324    991248   2424832     10240     16936    274884
01:17:20 PM 340979832 390058148   1764756      0.45   1471108  48219436   4220816      1.05  21662652  28584384       420    584876   2423416      9808      5924    274564
01:17:25 PM 340993400 390076456   1746536      0.44   1471108  48223652   4225244      1.05  21662652  28593248      1164    589380   2423852      9808      5940    274468
01:17:30 PM 340767964 389851348   1963812      0.50   1471108  48223948  66445000     16.48  21680720  28877028       348    890956   2431716     10256     16936    274884
01:17:35 PM 340759908 389843892   1971656      0.50   1471108  48224524  64299636     15.95  21680900  28869796      1128    883440   2431352     10320     16600    274868
01:17:40 PM 340821252 389905580   1912100      0.48   1471112  48224868  42845996     10.63  21681200  28769288       292    782776   2429216     10096     13828    274756
01:17:45 PM 340960156 390044232   1777292      0.45   1471112  48224648   4229444      1.05  21681208  28579648      1068    593452   2425340      9824      5944    274548
01:17:50 PM 340961388 390046296   1775244      0.45   1471112  48225448   4233796      1.05  21681208  28585208       316    598168   2425356      9808      5916    274516
01:17:55 PM 340955956 390043492   1778236      0.45   1471116  48227996   4233796      1.05  21681216  28587724       900    598164   2425244      9824      5920    274548
01:18:00 PM 340956548 390046780   1775052      0.45   1471116  48230572   4233796      1.05  21681216  28590404       368    598216   2425260      9824      5924    274516
01:18:05 PM 340946324 390039204   1782700      0.45   1471120  48233136   4233796      1.05  21681212  28592808       920    598068   2425268      9808      5888    274516
01:18:10 PM 340040832 389137816   2678176      0.68   1471120  48237072 174102012     43.18  21682276  29595224      3932   1598368   2431348     10736     34204    275172
01:18:15 PM 339754256 388851720   2964268      0.75   1471120  48237556 174273380     43.22  21682284  29630524      1072   1633136   2431348     10736     34512    275236
01:18:20 PM 339759136 388856680   2959340      0.75   1471124  48237640 174276196     43.22  21682288  29632612       368   1634800   2431308     10720     34572    275188
01:18:25 PM 339794736 388892496   2923208      0.74   1471124  48237780 174277480     43.22  21682292  29639088      1064   1641388   2431700     10736     34564    275220
01:18:30 PM 339815740 388913904   2901888      0.73   1471128  48238180 174277736     43.22  21682392  29651296       540   1653340   2431612     10736     34556    275188
01:18:35 PM 339829468 388928304   2884196      0.73   1471128  48238948 174277736     43.22  21682392  29655412      1240   1656588   2434808     10848     34692    275188
01:18:40 PM 339907432 389006976   2808788      0.71   1471128  48239512 174341860     43.23  21682412  29678436       332   1678932   2431688     10736     34672    275092
01:18:45 PM 339921636 389021508   2794368      0.71   1471128  48239840 174480416     43.27  21682412  29729412       668   1729928   2431576     10736     34800    275092
01:18:50 PM 339934240 389034544   2781028      0.70   1471128  48240192 174396992     43.25  21682416  29703912       252   1703900   2431960     10736     34808    275172
01:18:55 PM 339924760 389025408   2790128      0.71   1471132  48240560 174396992     43.25  21682416  29705620       576   1705296   2431968     10736     34804    275188
01:19:00 PM 339909632 389010860   2804832      0.71   1471132  48241076 174401936     43.25  21682424  29709124      1272   1708152   2431876     10752     34860    275204
01:19:05 PM 339921568 389023040   2792648      0.71   1471132  48241340 174422300     43.25  21682420  29718740       620   1717644   2431860     10720     34920    275140
01:19:10 PM 339908192 389010356   2805104      0.71   1471136  48241948 174467220     43.27  21682420  29740940      1268   1738900   2432168     10736     34944    275156
01:19:15 PM 339884384 388986808   2828512      0.72   1471140  48242336 174510084     43.28  21682428  29758664       596   1756472   2432176     10736     35100    275044
01:19:20 PM 339873464 388976520   2839040      0.72   1471144  48242780 174533992     43.28  21682432  29772016      1320   1768564   2432120     10752     35084    275092
01:19:25 PM 339872276 388975544   2839868      0.72   1471144  48243188 174533992     43.28  21682436  29772540       508   1769468   2432072     10720     35088    275108
01:19:30 PM 339878732 388982760   2832840      0.72   1471144  48243768 174533992     43.28  21682436  29774352      1260   1770476   2432064     10752     35084    275060
01:19:35 PM 339940408 389044724   2770816      0.70   1471148  48244144 171669932     42.57  21682512  29731700       544   1728316   2432032     10736     34392    275044
01:19:40 PM 339928744 389034172   2780552      0.70   1471148  48244964 167833676     41.62  21682904  29658356      2748   1653748   2433140     10736     33968    275060
01:19:45 PM 339819920 388925816   2889744      0.73   1471148  48245484 174358060     43.24  21683100  29702756       612   1698176   2432252     10736     34408    275044
01:19:50 PM 339788892 388894840   2921044      0.74   1471148  48245408 174315744     43.23  21683284  29683696      2004   1678560   2432056     10720     34572    275092
01:19:55 PM 339776048 388882204   2933428      0.74   1471148  48245552 171518256     42.53  21683476  29682772      1940   1678064   2432372     10768     34128    275060
01:20:00 PM 339739492 388846256   2969400      0.75   1471148  48246100 174277044     43.22  21683572  29671576       988   1666508   2432408     10720     34560    275236
01:20:05 PM 339768432 388875468   2940164      0.74   1471148  48246428 174292708     43.22  21683572  29681636       328   1676192   2432376     10736     34604    275252
01:20:10 PM 339788388 388895880   2919796      0.74   1471148  48246772 174307880     43.23  21683596  29691924       888   1685320   2432444     10880     34768    275268
01:20:15 PM 339841888 388949680   2865988      0.73   1471148  48247128 174338540     43.23  21683592  29704512       248   1698920   2432396     10720     34680    275172
01:20:20 PM 339856400 388964588   2851112      0.72   1471148  48247452 174358948     43.24  21683624  29715532       320   1708620   2432436     10768     34840    275204
01:20:25 PM 339894428 389002980   2812748      0.71   1471148  48247884 174366860     43.24  21683624  29719020       772   1712676   2432340     10720     34724    275140
01:20:30 PM 339934324 389043288   2772664      0.70   1471152  48248180 174406188     43.25  21683624  29737572       700   1730232   2432228     10704     34816    275140
01:20:35 PM 339942760 389051984   2763880      0.70   1471156  48248512 174418852     43.25  21683628  29744652      1544   1737552   2432240     10672     34852    275188
01:20:40 PM 339952836 389062504   2753500      0.70   1471156  48248840 174440688     43.26  21683632  29755972       340   1748052   2432216     10672     34848    275220
01:20:45 PM 339925580 389035568   2780324      0.70   1471156  48249312 174464072     43.26  21683632  29766560      1484   1758364   2432176     10720     34968    275172
01:20:50 PM 339944924 389055308   2760616      0.70   1471156  48249684 174477536     43.27  21683636  29774224       752   1765580   2432168     10704     34952    275140
01:20:55 PM 339935048 389045924   2769948      0.70   1471156  48250208 174484148     43.27  21683672  29775956      1648   1767140   2432188     10720     34984    275092
01:21:00 PM 339870228 388981532   2834584      0.72   1471156  48250624 174480944     43.27  21683744  29776188       940   1766748   2431956     10688     34952    275060
01:21:05 PM 339869368 388980816   2835248      0.72   1471156  48250764 171606776     42.56  21683900  29750068      2020   1740724   2432012     10720     34700    275092
01:21:10 PM 339842160 388954236   2861480      0.72   1471156  48251424 174426960     43.26  21683988  29748676      1804   1739052   2432328     10720     34884    275044
01:21:15 PM 339833120 388945724   2870228      0.73   1471156  48251880 174387260     43.25  21684112  29727360      1724   1717320   2432164     10736     34500    275108
01:21:20 PM 339817248 388930220   2885644      0.73   1471156  48252360 174351724     43.24  21684292  29715124      1824   1704348   2432140     10752     34712    275124
01:21:25 PM 339847520 388961188   2854656      0.72   1471156  48252912 171525416     42.54  21684348  29694188      2940   1682932   2432304     10736     34220    275140
01:21:30 PM 339854920 388968784   2847000      0.72   1471156  48253276 171484620     42.53  21684500  29690276      2900   1679328   2432196     10752     34356    275188
01:21:35 PM 339798140 388912300   2903244      0.74   1471156  48253564 174399496     43.25  21684672  29724480      1488   1713588   2432444     10720     34576    275172
01:21:40 PM 339872428 388986880   2828376      0.72   1471156  48253836 171478064     42.52  21684708  29671716      1096   1660312   2432752     10736     34284    275108
01:21:45 PM 339838964 388953852   2861552      0.72   1471160  48254272 174329108     43.23  21684760  29703500      1092   1691816   2432600     10736     34672    275124
01:21:50 PM 339867752 388982944   2832596      0.72   1471164  48254580 174342396     43.23  21684784  29713024       488   1700900   2432456     10704     34624    275076
01:21:55 PM 339840372 388955984   2859684      0.72   1471164  48255048 174443044     43.26  21684804  29751024      1168   1738276   2432280     10688     34384    275060
01:22:00 PM 339913172 389029112   2786832      0.71   1471164  48255380 174393804     43.25  21684816  29737200       492   1724332   2432000     10736     34764    275124
01:22:05 PM 339932064 389048332   2766640      0.70   1471164  48255696 174401936     43.25  21684816  29744344       304   1731180   2432984     10880     35276    275124
01:22:10 PM 339955532 389071920   2743876      0.69   1471164  48256024 174438276     43.26  21684824  29757232       288   1743804   2431952     10752     34840    275172
01:22:15 PM 339969240 389086000   2729768      0.69   1471164  48256380 174438516     43.26  21684864  29757044       424   1743104   2431996     10752     34852    275124
01:22:20 PM 339933532 389050720   2764912      0.70   1471168  48256844 174452700     43.26  21684868  29766204      1340   1751984   2432092     10752     34896    275108
01:22:25 PM 339930216 389048040   2767840      0.70   1471172  48257444 174465748     43.27  21684872  29775840       732   1760840   2431876     10752     34920    275124
01:22:30 PM 339883368 389001328   2814220      0.71   1471176  48257564 174449308     43.26  21684980  29765732      1396   1750844   2432220     10752     34852    275092
01:22:35 PM 339892540 389010960   2804380      0.71   1471176  48257916 174456104     43.26  21685028  29769056       640   1753688   2432536     10752     34912    275044
01:22:40 PM 339894668 389013744   2801540      0.71   1471176  48258548 171582812     42.55  21685176  29727408      1824   1711672   2432616     10736     34364    275060
01:22:45 PM 339810068 388929468   2886052      0.73   1471176  48258848 174423376     43.25  21685252  29755428       604   1738952   2432404     10736     34836    275124
01:22:50 PM 339798832 388918636   2896520      0.73   1471184  48259268 174410224     43.25  21685360  29744300      1944   1728096   2432744     10752     34784    275204
01:22:55 PM 339838568 388958776   2856684      0.72   1471184  48259608 174399084     43.25  21685420  29743456       512   1726828   2432504     10736     34756    275252
01:23:00 PM 339819940 388940796   2874992      0.73   1471184  48260240 174370156     43.24  21685520  29733684      1400   1716576   2432192     10784     34724    275268
01:23:05 PM 339792396 388913496   2902652      0.74   1471184  48260544 174304248     43.23  21685764  29706652       740   1689404   2431772     10768     34492    275220
01:23:10 PM 339791408 388912836   2903580      0.74   1471184  48260900 171568032     42.55  21685860  29723644      2160   1705908   2431476     10784     34384    275156
01:23:15 PM 339809836 388931796   2884444      0.73   1471188  48261356 174326224     43.23  21685936  29709480       632   1691268   2431724     10816     34688    275124
01:23:20 PM 339797076 388919372   2896624      0.73   1471188  48261720 174335472     43.23  21685980  29709884      1012   1691796   2431940     10784     34680    275172
01:23:25 PM 339802664 388925420   2890636      0.73   1471192  48262148 174353564     43.24  21686012  29721948       364   1703192   2431908     10800     34736    275156
01:23:30 PM 339785380 388908412   2907348      0.74   1471196  48262460 174454960     43.26  21686008  29759640       988   1740568   2432164     10768     34664    275252
01:23:35 PM 339815300 388938712   2877316      0.73   1471196  48262804 174378380     43.24  21686048  29738516       328   1719208   2431932     10800     34780    275268
01:23:40 PM 339879652 389003468   2812516      0.71   1471196  48263292 174420812     43.25  21686032  29755776       964   1736300   2431892     10896     34688    275236
01:23:45 PM 339857524 388981744   2834248      0.72   1471200  48263620 174528696     43.28  21686048  29796072       112   1775676   2431956     10800     34780    275236
01:23:50 PM 339873760 388998200   2817232      0.71   1471204  48263948 174466016     43.27  21686048  29776796       228   1756440   2432404     10928     34632    275204
01:23:55 PM 339870308 388995240   2820336      0.71   1471208  48264332 174472112     43.27  21686088  29778812        96   1757808   2432364     10832     34884    275252
01:24:00 PM 339837188 388962440   2852776      0.72   1471208  48264804 174559880     43.29  21686128  29810836       348   1789768   2432572     10816     34852    275348
01:24:05 PM 339832200 388958080   2857168      0.72   1471212  48265224 174464392     43.26  21686172  29780644      1776   1758824   2432744     10832     34868    275332
01:24:10 PM 339817704 388943696   2871260      0.73   1471212  48265492 174456612     43.26  21686256  29776420       352   1754612   2432880     10880     34952    275316
01:24:15 PM 339801520 388928200   2886684      0.73   1471212  48266004 174415184     43.25  21686432  29757728      2112   1735588   2433128     10848     34784    275268
01:24:20 PM 339766112 388892928   2921996      0.74   1471212  48266248 171608932     42.56  21686436  29755892       184   1734188   2432980     10832     34556    275284
01:24:25 PM 339773300 388900692   2913868      0.74   1471212  48266800 174405352     43.25  21686604  29755156      1476   1732272   2433368     10848     34824    275252
01:24:30 PM 339767888 388895496   2919084      0.74   1471216  48267240 164886196     40.89  21686680  29699316       976   1675900   2433120     10752     33212    275284
01:24:35 PM 339794160 388922112   2892688      0.73   1471224  48267520 168527472     41.79  21686736  29709500      1580   1686176   2432956     10816     33856    275300
01:24:40 PM 339782436 388910640   2904300      0.74   1471224  48267820 168590056     41.81  21686852  29728540      1000   1704816   2432768     10752     33704    275316
01:24:45 PM 339840484 388969132   2846268      0.72   1471224  48268172 168482396     41.78  21686964  29689276      1696   1665784   2432400     10784     33764    275268
01:24:50 PM 339838224 388967088   2848724      0.72   1471228  48268384 165623808     41.07  21687068  29659000       828   1635328   2431988     10800     33296    275172
01:24:55 PM 339794540 388923848   2891900      0.73   1471232  48268920 168470388     41.78  21687172  29680984      2060   1657336   2431956     10752     33656    275188
01:25:00 PM 339818188 388947724   2868004      0.73   1471236  48269180 168484472     41.78  21687192  29690752       484   1666036   2431940     10752     33700    275172
01:25:05 PM 339821472 388951444   2864064      0.73   1471236  48269612 168498148     41.79  21687200  29697912      1156   1673236   2432164     10720     33696    275204
01:25:10 PM 339884936 389015268   2800436      0.71   1471236  48269936 168521656     41.79  21687220  29711936       536   1686976   2432004     10736     33768    275108
01:25:15 PM 339915732 389046360   2769176      0.70   1471236  48270328 168537532     41.80  21687212  29719804      1268   1694392   2432076     10752     33772    275092
01:25:20 PM 339953232 389084140   2731548      0.69   1471236  48270560 165719128     41.10  21687228  29718424       488   1692868   2431972     10768     33552    275076
01:25:25 PM 339910580 389042076   2773716      0.70   1471240  48271176 168658492     41.83  21687268  29763708      1116   1737496   2431836     10752     33648    275108
01:25:30 PM 339948320 389080176   2736048      0.69   1471240  48271456 168555600     41.80  21687332  29727480       492   1700924   2431484     10768     33680    275156
01:25:35 PM 339933348 389065768   2750324      0.70   1471244  48272064 164848720     40.88  21687388  29695920       780   1668828   2431568     10912     33324    275156
01:25:40 PM 339853592 388986492   2829752      0.72   1471252  48272464 165871828     41.13  21687504  29756808       776   1729308   2431488     10752     33184    275204
01:25:45 PM 339877992 389010816   2805348      0.71   1471260  48272560 168550552     41.80  21687592  29722440      1432   1695244   2431388     10768     33844    275156
01:25:50 PM 339841432 388974768   2841684      0.72   1471260  48272856 168655852     41.82  21687596  29761084      1020   1733332   2431316     10768     33884    275204
01:25:55 PM 339862300 388995924   2820664      0.71   1471260  48273204 168555300     41.80  21687668  29728324       800   1700428   2431120     10736     33668    275172
01:26:00 PM 339900436 389035100   2781444      0.70   1471260  48274096 161109624     39.95  21687720  29653600      1472   1624836   2431312     10800     32624    275236
01:26:05 PM 339790152 388924720   2890832      0.73   1471260  48274072 168511604     41.79  21687900  29707572      1644   1679092   2432232     10768     33764    275236
01:26:10 PM 339788724 388923904   2891060      0.73   1471260  48274696 168522220     41.79  21687952  29710876      1376   1681668   2432808     10736     33712    275220
01:26:15 PM 339799240 388934604   2880816      0.73   1471264  48274992 168618856     41.82  21687996  29743636       576   1714348   2432236     10768     33856    275284
01:26:20 PM 339874500 389010144   2805020      0.71   1471264  48275248 168461188     41.78  21688184  29691560      1628   1662148   2432516     10768     33132    275252
01:26:25 PM 339867660 389003512   2812116      0.71   1471264  48275476 165625552     41.07  21688272  29662380       544   1632308   2432032     10768     33188    275332
01:26:30 PM 339866060 389002784   2812872      0.71   1471264  48276328 165628116     41.07  21688328  29662588      1176   1632132   2432024     10752     32872    275268
01:26:35 PM 339859232 388995964   2820024      0.71   1471268  48276360 168493384     41.78  21688364  29698548       460   1668228   2431664     10752     33716    275204
01:26:40 PM 339872460 389009524   2806408      0.71   1471272  48276660 168510096     41.79  21688384  29709556      1184   1678680   2431748     10752     33748    275236
01:26:45 PM 339865884 389003244   2812820      0.71   1471272  48277024 168523340     41.79  21688388  29718336       420   1686808   2431548     10752     33776    275284
01:26:50 PM 339878612 389016428   2799316      0.71   1471272  48277528 168525276     41.79  21688432  29720816      1048   1689236   2431820     10736     33672    275284
01:26:55 PM 339871552 389009660   2806020      0.71   1471272  48277876 168544300     41.80  21688436  29728464       352   1696716   2431828     10768     33828    275220
01:27:00 PM 339887172 389025824   2789784      0.71   1471272  48278348 168574544     41.80  21688448  29741792       816   1709756   2431972     10752     33940    275316
01:27:05 PM 339875052 389013936   2801640      0.71   1471280  48278640 165737960     41.10  21688512  29734684       436   1702304   2431936     10800     33672    275348
01:27:10 PM 339848628 388988232   2826856      0.72   1471284  48279292 168566112     41.80  21688608  29737132      1240   1703200   2432488     11008     34092    275348
01:27:15 PM 339858944 388998868   2816640      0.71   1471284  48279648 168530636     41.79  21688724  29724852       276   1691524   2432032     10784     33800    275268
01:27:20 PM 339893804 389034404   2780348      0.70   1471284  48280208 164829276     40.88  21688764  29694476       972   1659852   2432904     10800     33244    275268
01:27:25 PM 339922188 389063092   2752292      0.70   1471284  48280600 161114360     39.95  21688808  29659664       364   1625396   2432184     10752     32716    275332
01:27:30 PM 339826544 388967620   2848104      0.72   1471284  48280688 168554848     41.80  21688896  29735260       440   1700824   2431928     10768     33852    275300
01:27:35 PM 339816508 388958024   2857068      0.72   1471284  48281196 168522264     41.79  21689012  29722312      1664   1687864   2432492     10800     33828    275316
01:27:40 PM 339807120 388949140   2866276      0.73   1471284  48281580 168516612     41.79  21689084  29718016       356   1682760   2432288     10768     33704    275284
01:27:45 PM 339793964 388935912   2879072      0.73   1471284  48281928 168514552     41.79  21689156  29715964      1280   1680460   2432300     10784     33740    275268
01:27:50 PM 339840136 388982508   2832564      0.72   1471284  48282236 165670568     41.08  21689216  29688692       824   1652940   2432328     10736     33288    275252
01:27:55 PM 339803912 388946728   2868648      0.73   1471288  48282720 168455516     41.77  21689404  29694428      1104   1658736   2431980     10768     33756    275172
01:28:00 PM 339806172 388949688   2866036      0.73   1471288  48283404 168466568     41.78  21689488  29694880       204   1658244   2431648     10720     33384    275124
01:28:05 PM 339771304 388914836   2900412      0.73   1471288  48283476 168566908     41.80  21689524  29714684      1628   1678392   2432068     10768     33688    275044
01:28:10 PM 339808512 388952364   2863028      0.73   1471292  48283768 168499008     41.79  21689548  29707760       616   1670944   2431948     10736     33732    275092
01:28:15 PM 339807096 388951212   2864096      0.73   1471292  48284100 168521280     41.79  21689556  29720652      1568   1683776   2431964     10784     33860    275076
01:28:20 PM 339873248 389017564   2797780      0.71   1471296  48284316 162655696     40.34  21689560  29684996       592   1647800   2431908     10720     32788    275156
01:28:25 PM 339858392 389003476   2811860      0.71   1471300  48285056 159034856     39.44  21689588  29687436      1444   1649576   2431940     10672     32348    275220
01:28:30 PM 339918252 389063272   2752240      0.70   1471304  48285032 156817996     38.89  21689584  29661696       588   1623896   2431720     10608     31788    275204
01:28:35 PM 339946240 389091752   2723760      0.69   1471304  48285488 147347440     36.54  21689596  29626176      1408   1588304   2431756     10608     30372    275236
01:28:40 PM 340096712 389241780   2574684      0.65   1471304  48285080 127511292     31.62  21689596  29476664       464   1438688   2430768     10480     26980    275108
01:28:45 PM 340162344 389307796   2509112      0.64   1471304  48285404 121656140     30.17  21689596  29444348      1248   1405932   2430384     10464     25964    275124
01:28:50 PM 340178052 389323764   2493036      0.63   1471304  48285772 121656288     30.17  21689600  29446256       524   1407548   2430384     10464     26044    275076
01:28:55 PM 340250272 389396908   2420364      0.61   1471304  48286532 106287928     26.36  21689592  29364736      1264   1325056   2430076     10720     23764    275108
01:29:00 PM 340451040 389596572   2222348      0.56   1471304  48285548  74702776     18.53  21689596  29132384       652   1093876   2428308     10224     18120    274972
01:29:05 PM 340507032 389652876   2165652      0.55   1471304  48285744  65104604     16.15  21689600  29052704      1172   1013548   2428816     10336     16244    274820
01:29:10 PM 340591708 389737196   2082560      0.53   1471304  48285404  45338968     11.24  21689588  28925228       436    886640   2427572     10032     12956    274724
01:29:15 PM 340693220 389838908   1981588      0.50   1471304  48285476  27723428      6.88  21689600  28803620       400    764776   2426960      9904      9944    274644
01:29:20 PM 340799020 389944600   1876544      0.48   1471308  48285332  15978420      3.96  21689608  28722848      1436    684196   2426344      9872      7964    274612
