Linux 5.15.30-2-pve (superserver2) 	01/27/2024 	_x86_64_	(32 CPU)

04:25:31 AM kbmemfree   kbavail kbmemused  %memused kbbuffers  kbcached  kbcommit   %commit  kbactive   kbinact   kbdirty  kbanonpg    kbslab  kbkstack   kbpgtbl  kbvmused
04:25:36 AM 323974592 389150632   2510128      0.64    857096  64716488   7092928      1.76  42422124  24021172       244   1035756   2815480     10672      9888    862504
04:25:41 AM 323831596 389010056   2649408      0.67    857096  64718852  24729932      6.13  42423912  24213676       764   1227824   2816832      9872     14832    861848
04:25:46 AM 324026180 389206204   2453568      0.62    857096  64720408   6618876      1.64  42424732  24022828       108   1036052   2816532      9680      9844    861640
04:25:51 AM 324026216 389207632   2452124      0.62    857096  64721756   6618876      1.64  42424732  24024152        36   1036056   2816592      9680      9844    861624
04:25:56 AM 324023476 389206816   2453540      0.62    857096  64723548   6618876      1.64  42424792  24025880       220   1036060   2816124      9680      9848    861592
04:26:01 AM 324023352 389208744   2451612      0.62    857096  64725484   6618876      1.64  42424792  24027760        40   1036068   2816240      9680      9840    861560
04:26:06 AM 324007336 389194872   2465644      0.62    857096  64727480   6618876      1.64  42424856  24029716       212   1036064   2816228      9680      9844    861576
04:26:11 AM 324007124 389196412   2464084      0.62    857096  64729104   6618876      1.64  42424920  24031268        72   1036068   2816376      9680      9844    861544
04:26:16 AM 323999424 389190556   2470016      0.63    857096  64730848   6618876      1.64  42424924  24033068       196   1036064   2816400      9680      9844    861560
04:26:21 AM 323998672 389191672   2468928      0.63    857096  64732612   6618876      1.64  42424988  24034748        60   1036068   2816476      9680      9840    861560
04:26:26 AM 323995548 389190632   2470296      0.63    857096  64734608   6618876      1.64  42425052  24036712        76   1036064   2816236      9680      9844    861560
04:26:31 AM 323993864 389191176   2469756      0.63    857096  64736680   6618876      1.64  42425052  24038780        28   1036068   2816388      9680      9840    861544
04:26:36 AM 323991096 389189688   2471428      0.63    857096  64737888   6618876      1.64  42425116  24039904       200   1036068   2816276      9680      9844    861560
04:26:41 AM 323990976 389191704   2469376      0.63    857096  64739880   6618876      1.64  42425116  24041924         8   1036088   2816456      9696      9844    861560
04:26:46 AM 323987516 389190368   2470992      0.63    857096  64741900   6618876      1.64  42425180  24043936       200   1036136   2816280      9696      9840    861576
04:26:51 AM 323987840 389192644   2468712      0.63    857096  64743692   6618876      1.64  42425244  24045668        44   1036164   2816444      9696      9840    861512
04:26:56 AM 323983116 389189572   2471592      0.63    857096  64745244   6618876      1.64  42425244  24047300       204   1036196   2816736      9696      9840    861544
04:27:01 AM 323983516 389191592   2469596      0.63    857096  64746784   6618876      1.64  42425308  24048760        64   1036224   2816792      9696      9848    861512
04:27:06 AM 323738472 388949232   2709976      0.69    857096  64749284  53293740     13.22  42425780  24316304       980   1301804   2818956      9952     16604    861688
04:27:11 AM 323783428 388995900   2663100      0.67    857096  64750996  45893876     11.38  42425824  24262476       560   1245952   2819164      9936     15760    861688
04:27:16 AM 323710216 388923596   2736328      0.69    857096  64751840  53309604     13.22  42426716  24324616      1936   1308624   2818304      9952     16960    861656
04:27:21 AM 323747736 388962484   2696840      0.68    857096  64753188  53314932     13.22  42426936  24325500      1412   1308332   2818924      9952     16924    861672
04:27:26 AM 323832652 389049096   2609636      0.66    857096  64754900  42208404     10.47  42427060  24234424      1004   1215680   2819500      9904     15252    861640
04:27:31 AM 323762336 388979272   2680232      0.68    857096  64755368  47662812     11.82  42427208  24301736      1092   1282744   2818752      9936     15644    861624
04:27:36 AM 323725664 388944340   2714964      0.69    857096  64757092  53300268     13.22  42427392  24333116      2108   1312440   2818968      9952     17040    861672
04:27:41 AM 323760736 388980716   2679716      0.68    857096  64758392  53313964     13.22  42427608  24328604      1528   1306948   2817844      9952     16916    861624
04:27:46 AM 323783684 389005004   2655516      0.67    857096  64759688  53302972     13.22  42427816  24329500      1348   1306732   2817800      9952     16720    861656
04:27:51 AM 323851324 389074212   2586028      0.65    857096  64761248  43967172     10.90  42427948  24281608       728   1257416   2818088      9920     15516    861608
04:27:56 AM 323858040 389082468   2577940      0.65    857096  64762752  45910060     11.38  42428104  24272376      1208   1246760   2817956      9936     15728    861656
04:28:01 AM 323800648 389026036   2634004      0.67    857096  64763708  53302660     13.22  42428308  24334956      1640   1308824   2818328      9952     16924    861672
04:28:06 AM 323806212 389032940   2626536      0.67    857096  64764952  50486064     12.52  42428512  24331164      1336   1303780   2818988      9968     16716    861688
04:28:11 AM 323826772 389054952   2604100      0.66    857096  64766380  53296548     13.22  42428700  24333720       516   1305168   2819436      9968     16620    861688
04:28:16 AM 323859084 389089388   2570304      0.65    857096  64768496  46787528     11.60  42428840  24290308      1392   1259292   2818804      9936     15804    861656
04:28:21 AM 323819836 389051012   2608676      0.66    857096  64769372  53311544     13.22  42429060  24337852      1600   1306780   2818804      9968     16932    861640
04:28:26 AM 323811972 389044420   2614528      0.66    857096  64770524  53314704     13.22  42429240  24339424      1204   1307180   2819664      9968     16480    861704
04:28:31 AM 323804716 389038776   2620448      0.66    857096  64772072  50496232     12.52  42429448  24330652      1120   1297160   2819452      9968     16644    861752
04:28:36 AM 323894304 389129912   2528532      0.64    857096  64773616  42203576     10.47  42429568  24251600      1496   1216592   2820236      9936     15340    861736
04:28:41 AM 323831996 389068988   2590656      0.66    857096  64775020  50477812     12.52  42429788  24322748      1272   1286888   2819016      9952     16216    861688
04:28:46 AM 323842420 389081188   2577972      0.65    857096  64776792  46782796     11.60  42429956  24313352      1652   1275832   2819504      9952     15960    861720
04:28:51 AM 323816144 389056060   2603144      0.66    857096  64777924  53298944     13.22  42430156  24346692      1368   1308064   2819476      9952     16424    861720
04:28:56 AM 323817956 389058980   2600516      0.66    857096  64779032  53293240     13.22  42430340  24346384      1732   1307016   2819184      9984     16920    861720
04:29:01 AM 323822200 389064208   2595484      0.66    857096  64779968  50477316     12.52  42430532  24342668       112   1302404   2819036      9984     16480    861720
04:29:06 AM 323841972 389086072   2573828      0.65    857096  64782008  50483696     12.52  42430728  24330652      1320   1288552   2818880      9968     16084    861640
04:29:11 AM 323820848 389066100   2593508      0.66    857096  64783128  53310132     13.22  42430884  24353052      1496   1309516   2819204      9984     16776    861704
04:29:16 AM 323869596 389116560   2543192      0.64    857096  64784852  45891144     11.38  42431040  24289976       188   1245328   2819048      9984     15892    861688
04:29:21 AM 323810984 389058836   2600740      0.66    857096  64785688  53301156     13.22  42431204  24355276      1432   1310040   2819276      9984     16932    861720
04:29:26 AM 323814136 389063428   2596444      0.66    857096  64787084  53313692     13.22  42431428  24353880      1588   1307504   2819024      9984     16900    861688
04:29:31 AM 323846700 389097104   2561932      0.65    857096  64788196  49603984     12.30  42431580  24323452       576   1275900   2819860      9984     15740    861704
04:29:36 AM 323801780 389053920   2605484      0.66    857096  64789936  53286168     13.21  42431780  24357704       896   1308764   2819488      9984     17000    861688
04:29:41 AM 323810612 389063980   2595448      0.66    857096  64791184  53290948     13.21  42431936  24358208      1236   1307636   2819444      9984     16876    861672
04:29:46 AM 323803204 389057920   2602232      0.66    857096  64792468  53303372     13.22  42432164  24358800      1704   1307248   2818784      9984     16936    861704
04:29:51 AM 323801520 389057840   2602440      0.66    857096  64794044  53298092     13.22  42432556  24360444      1420   1308064   2818684      9984     16928    861752
04:29:56 AM 323857888 389115468   2544252      0.64    857096  64795304  38338048      9.51  42432648  24299960       504   1246372   2819244      9968     15236    861736
04:30:01 AM 323803436 389061972   2598272      0.66    857096  64796224  53310244     13.22  42432808  24364348      1692   1310000   2818756      9984     16868    861704
04:30:06 AM 323804388 389064460   2595388      0.66    857096  64797684  53298868     13.22  42433004  24365672      1668   1310088   2819228      9984     16956    861720
04:30:11 AM 323813116 389074520   2585044      0.65    857096  64798988  53293112     13.22  42433204  24364340      1256   1307724   2819540      9968     16704    861720
04:30:16 AM 323807056 389069968   2589368      0.66    857096  64800500  50485932     12.52  42433416  24362856      1264   1305092   2819764      9968     16560    861624
04:30:21 AM 323881480 389146064   2513412      0.64    857096  64802068  45910360     11.38  42433552  24303272       644   1243776   2819728      9936     15360    861624
04:30:26 AM 323824264 389089980   2568880      0.65    857096  64803196  50479512     12.52  42433688  24352152      1720   1291852   2820348      9968     16416    861704
04:30:31 AM 323803476 389070432   2588668      0.66    857096  64804440  53295576     13.22  42433924  24369464      1512   1308052   2820104      9968     16788    861720
04:30:36 AM 323803176 389071708   2587756      0.66    857096  64805972  53293988     13.22  42434140  24370616      1516   1307548   2819784      9968     16828    861768
04:30:41 AM 323821380 389091480   2568448      0.65    857096  64807452  53298700     13.22  42434348  24374092      1180   1310164   2819408      9968     16924    861752
04:30:46 AM 323855140 389126684   2533144      0.64    857096  64808832  43969052     10.90  42434452  24327944       736   1262692   2819572      9936     15708    861704
04:30:51 AM 323838260 389111060   2548552      0.65    857096  64810028  46783796     11.60  42434604  24343632      1636   1277268   2819848      9952     16116    861752
04:30:56 AM 323776064 389050132   2609204      0.66    857096  64811304  53291324     13.22  42434824  24375572      1788   1308272   2820116      9984     16896    861736
04:31:01 AM 323774708 389050368   2609296      0.66    857096  64812772  53300552     13.22  42435052  24377004      1408   1307924   2819912      9968     16956    861704
04:31:06 AM 323759864 389037008   2622288      0.66    857096  64814228  50485008     12.52  42435208  24378608      1016   1308684   2820308      9952     16508    861672
04:31:11 AM 323826420 389104548   2554568      0.65    857096  64815204  43958568     10.90  42435316  24326104       876   1255228   2820496      9952     15576    861656
04:31:16 AM 323749804 389029304   2629492      0.67    857096  64816580  53293744     13.22  42435520  24381484      1840   1309580   2820812      9968     16904    861736
04:31:21 AM 323753056 389033996   2625272      0.66    857096  64817972  53304484     13.22  42435744  24381400      1376   1308236   2820388      9968     16816    861720
04:31:26 AM 323822004 389104616   2554384      0.65    857096  64819616  43079108     10.68  42435844  24305268       752   1230524   2820684      9936     15656    861656
04:31:31 AM 323759568 389042772   2615904      0.66    857096  64820204  50495620     12.52  42436020  24381020       444   1305436   2821012      9968     16536    861688
04:31:36 AM 323780852 389065472   2594404      0.66    857096  64821608  47664504     11.82  42436216  24363856       536   1287708   2819824      9968     16428    861624
04:31:41 AM 323788036 389074512   2584876      0.65    857096  64823432  43967844     10.90  42436380  24351640       880   1273672   2820344      9952     15652    861624
04:31:46 AM 323747536 389035200   2623932      0.66    857096  64824600  53294052     13.22  42436564  24389544       732   1310744   2820620      9968     16964    861736
04:31:51 AM 323780892 389070000   2589972      0.66    857096  64826032  49595340     12.30  42436728  24359788       280   1279580   2819792      9952     16296    861704
04:31:56 AM 323771984 389062340   2597348      0.66    857096  64827228  49586880     12.30  42436908  24357336       500   1275588   2820128      9952     16268    861688
04:32:01 AM 323740804 389032408   2627140      0.67    857096  64828436  53294260     13.22  42437100  24392896      1472   1310632   2820308     10000     16832    861752
04:32:06 AM 323780968 389074480   2585288      0.65    857096  64830276  46796036     11.60  42437284  24343144      1264   1259292   2820156      9936     15592    861688
04:32:11 AM 323761056 389055848   2603488      0.66    857096  64831560  49607336     12.30  42437508  24363772      1132   1278900   2820584      9952     16296    861672
04:32:16 AM 323757016 389053116   2605116      0.66    857096  64832844  49611684     12.30  42437676  24363060      1448   1277000   2821712      9968     16032    861688
04:32:21 AM 323735752 389033208   2625776      0.66    857096  64834196  53300536     13.22  42437856  24399172      1724   1312048   2820964      9952     16944    861640
04:32:26 AM 323760816 389059828   2599788      0.66    857096  64835724  47669456     11.82  42438032  24375900      1436   1287492   2820360      9952     16132    861640
04:32:31 AM 323731000 389031424   2628256      0.67    857096  64837004  53297940     13.22  42438240  24399440      1588   1309940   2820428      9984     16968    861640
04:32:36 AM 323732156 389033836   2624720      0.66    857096  64838220  53292072     13.22  42438428  24398484      1264   1307364   2821592      9936     16524    861704
04:32:41 AM 323731972 389035416   2623568      0.66    857096  64839980  50489424     12.52  42438592  24399308      1500   1307024   2821168      9968     16544    861656
04:32:46 AM 323728096 389032568   2626148      0.67    857096  64840992  47659408     11.82  42438748  24398504       256   1305404   2821452      9984     16216    861576
04:32:51 AM 323753524 389059392   2599804      0.66    857096  64842360  49599640     12.30  42438948  24372260      1580   1277924   2821000      9984     16448    861640
04:32:56 AM 323722928 389030072   2628640      0.67    857096  64843668  53299688     13.22  42439152  24405920      1324   1310108   2821452     10016     16928    861696
04:33:01 AM 323746728 389055200   2603844      0.66    857096  64844976  50491916     12.52  42439340  24389244      2028   1292344   2821140     10048     16640    861616
04:33:06 AM 323820308 389130952   2528932      0.64    857096  64847040  39393544      9.77  42439444  24297984      1052   1199540   2820408      9968     14920    861648
04:33:11 AM 323721064 389033132   2627244      0.67    857096  64848444  50476144     12.52  42439648  24411456       964   1311764   2819936      9984     16696    861696
04:33:16 AM 323724604 389037276   2622516      0.66    857096  64849016  53299832     13.22  42439848  24410912      1744   1310948   2820552      9984     16780    861712
04:33:21 AM 323727084 389041080   2619244      0.66    857096  64850292  53300532     13.22  42440028  24412804      1176   1311784   2820068      9968     16820    861656
04:33:26 AM 323737804 389053428   2606108      0.66    857096  64851936  50494528     12.52  42440208  24410044      1268   1307496   2820840      9952     16436    861672
04:33:31 AM 323721972 389038360   2620440      0.66    857096  64852660  53302244     13.22  42440360  24409900       796   1306276   2821616      9968     16276    861656
04:33:36 AM 323745772 389064024   2594272      0.66    857096  64854476  49598008     12.30  42440508  24387812      1480   1282512   2822168      9984     16180    861720
04:33:41 AM 323725172 389044620   2614692      0.66    857096  64855640  53303356     13.22  42440712  24416376      1348   1310660   2821184      9968     16988    861704
04:33:46 AM 323726720 389047664   2611296      0.66    857096  64857052  53304500     13.22  42440920  24417784      1416   1310840   2821620      9984     16904    861736
04:33:51 AM 323734112 389056212   2603264      0.66    857096  64858140  50499092     12.52  42441104  24413292       824   1304824   2821172      9984     16376    861688
04:33:56 AM 323726928 389050452   2608108      0.66    857096  64859560  53290420     13.21  42441252  24418664       792   1309420   2822092      9984     16876    861720
04:34:01 AM 323768116 389093052   2565900      0.65    857096  64860964  49615632     12.30  42441416  24386840      1548   1276492   2821708     10016     15708    861656
04:34:06 AM 323744484 389071264   2588448      0.66    857096  64862776  49596328     12.30  42441608  24395112      2112   1283068   2820980      9984     16500    861688
04:34:11 AM 323714708 389042664   2617140      0.66    857096  64863920  53298720     13.22  42441824  24423660      1540   1309936   2820920      9984     16964    861624
04:34:16 AM 323718116 389047580   2612928      0.66    857096  64865384  53297628     13.22  42441996  24423588      1220   1308820   2820260      9968     16684    861640
04:34:21 AM 323711584 389042368   2618252      0.66    857096  64866696  50483484     12.52  42442164  24424608      1296   1309240   2820156      9968     16676    861624
04:34:26 AM 323701124 389033184   2626736      0.67    857096  64867952  50485532     12.52  42442352  24426928      1744   1310448   2820876      9984     17032    861624
04:34:31 AM 323727624 389061200   2598524      0.66    857096  64869468  49593908     12.30  42442496  24398804       920   1280520   2821072     10000     16516    861624
04:34:36 AM 323677856 389012432   2646572      0.67    857096  64870444  53307428     13.22  42442692  24428572      1032   1309988   2821816     10016     16924    861656
04:34:41 AM 323677180 389013228   2646416      0.67    857096  64871900  53304728     13.22  42442868  24431672       900   1311732   2821192     10000     16716    861640
04:34:46 AM 323706804 389044036   2615548      0.66    857096  64873000  49600884     12.30  42443012  24399156       636   1278320   2821336     10000     16160    861688
04:34:51 AM 323732132 389070872   2588484      0.66    857096  64874508  49611336     12.30  42443164  24402264       472   1280052   2821564     10000     16476    861640
04:34:56 AM 323696496 389036432   2622828      0.66    857096  64875676  53301248     13.22  42443396  24434064      1744   1310972   2821688     10032     17040    861696
04:35:01 AM 323711812 389053380   2605380      0.66    857096  64877252  50488000     12.52  42443560  24419492      1008   1295060   2822244     10048     16472    861760
04:35:06 AM 323740968 389084028   2575260      0.65    857096  64878692  45901772     11.38  42443720  24373920       848   1247980   2821768     10000     15836    861664
04:35:11 AM 323685132 389029248   2630272      0.67    857096  64879724  53302036     13.22  42443912  24436536       772   1309944   2821560      9984     16936    861640
04:35:16 AM 323713152 389059016   2599980      0.66    857096  64881464  49601512     12.30  42444088  24407660       544   1279316   2822092      9952     15960    861640
04:35:21 AM 323689076 389035840   2622768      0.66    857096  64882312  53314940     13.22  42444264  24440088       784   1311336   2822532      9984     16960    861688
04:35:26 AM 323728352 389076388   2582200      0.65    857096  64883580  46778020     11.60  42444396  24389808       520   1259636   2822556      9968     16116    861736
04:35:31 AM 323720704 389070324   2589104      0.66    857096  64885156  49605784     12.30  42444592  24411532      1396   1280112   2821724      9968     16384    861752
04:35:36 AM 323683248 389034044   2625776      0.66    857096  64886332  53287136     13.21  42444796  24443944       748   1311376   2821332      9984     16956    861704
04:35:41 AM 323723888 389076132   2584276      0.65    857096  64887712  49605940     12.30  42444972  24412228       424   1278628   2820812      9984     16184    861688
04:35:46 AM 323749220 389103124   2556928      0.65    857096  64889304  45902032     11.38  42445124  24383608       372   1248636   2821236      9968     15744    861752
04:35:51 AM 323711536 389066388   2592404      0.66    857096  64890180  50477652     12.52  42445304  24426200       120   1290472   2822568      9984     16528    861704
04:35:56 AM 323681156 389037552   2621588      0.66    857096  64891664  53296212     13.22  42445516  24445608       436   1308744   2822280      9984     16924    861704
04:36:01 AM 323737968 389095664   2564200      0.65    857096  64892928  45902004     11.38  42445660  24387380      1332   1249344   2821592      9984     15832    861640
04:36:06 AM 323708144 389067216   2591848      0.66    857096  64894296  47666428     11.82  42445844  24409260       300   1269524   2822400      9968     15808    861672
04:36:11 AM 323690784 389051464   2607760      0.66    857096  64895852  49594572     12.30  42446028  24419712        80   1278932   2822292      9968     16356    861672
04:36:16 AM 323715864 389078044   2581124      0.65    857096  64897372  45902904     11.38  42446200  24391736       268   1249184   2822328      9968     15892    861656
04:36:21 AM 323645664 389008824   2650556      0.67    857096  64898300  53297652     13.22  42446392  24453596       448   1310704   2822168      9984     16900    861672
04:36:26 AM 323679652 389044268   2614224      0.66    857096  64899716  43963652     10.90  42446544  24420704       420   1276508   2823096      9984     16292    861656
04:36:31 AM 323665580 389031476   2627288      0.67    857096  64900984  50479432     12.52  42446704  24454060       488   1308904   2822836      9984     16708    861640
04:36:36 AM 323660616 389027808   2631628      0.67    857096  64902220  53303232     13.22  42446900  24457596       192   1311428   2822224      9984     16932    861688
04:36:41 AM 323698440 389066884   2592960      0.66    857096  64903436  50482704     12.52  42447044  24429252       884   1281984   2821852      9968     16024    861688
04:36:46 AM 323712088 389082404   2577352      0.65    857096  64905260  46774540     11.60  42447232  24410388       524   1261444   2821988      9984     16152    861736
04:36:51 AM 323666324 389037560   2622504      0.66    857096  64906176  53308564     13.22  42447448  24460496      1440   1310396   2821684      9984     16916    861720
04:36:56 AM 323662308 389035252   2624304      0.66    857096  64907816  53297780     13.22  42447628  24461584      1476   1310052   2822260      9968     16756    861704
04:37:01 AM 323683928 389057664   2602008      0.66    857096  64908600  50487256     12.52  42447780  24441820       804   1290088   2822152      9984     16372    861704
04:37:06 AM 323651236 389026668   2633084      0.67    857096  64910288  50490840     12.52  42447932  24461076      1116   1307932   2822080      9968     16864    861672
04:37:11 AM 323676400 389053312   2606328      0.66    857096  64911764  46786740     11.60  42448124  24430712      1276   1276144   2822196      9968     16304    861720
04:37:16 AM 323647084 389025308   2634368      0.67    857096  64913064  50496456     12.52  42448320  24459412      1468   1303784   2822172      9968     16360    861704
04:37:21 AM 323645020 389024624   2634544      0.67    857096  64914448  50484436     12.52  42448484  24448552      1060   1291720   2822676      9968     16364    861640
04:37:26 AM 323610284 388990832   2667552      0.68    857096  64915296  53298804     13.22  42448668  24468768      1088   1311204   2823556      9984     16668    861704
04:37:31 AM 323639248 389021512   2637204      0.67    857096  64916968  49598300     12.30  42448808  24442704      1044   1283656   2823268      9984     16528    861672
04:37:36 AM 323624716 389008136   2651012      0.67    857096  64918124  53309312     13.22  42449024  24471216      1688   1310820   2822836      9984     16944    861672
04:37:41 AM 323636344 389021052   2637300      0.67    857096  64919396  53298632     13.22  42449192  24471652      1128   1310632   2823648      9984     16708    861688
04:37:46 AM 323668724 389054672   2603512      0.66    857096  64920636  46782000     11.60  42449400  24439232      1056   1277040   2823816     10000     16252    861688
04:37:51 AM 323673136 389060580   2597968      0.66    857096  64922132  46781172     11.60  42449524  24440164       716   1276084   2823452      9952     15800    861688
04:37:56 AM 323632716 389021440   2637340      0.67    857096  64923380  53300724     13.22  42449688  24478184       968   1313824   2823252      9984     16964    861688
04:38:01 AM 323632940 389022864   2636324      0.67    857096  64924536  53303256     13.22  42449884  24475904       864   1310320   2822888      9984     16576    861656
04:38:06 AM 323598112 388989560   2669008      0.68    857096  64925948  50476656     12.52  42450060  24475472      1188   1307804   2823620     10016     16060    861720
04:38:11 AM 323629548 389022732   2635748      0.67    857096  64927648  46784144     11.60  42450216  24444996       732   1276704   2823744      9968     15968    861704
04:38:16 AM 323591364 388985468   2673244      0.68    857096  64928524  53295864     13.22  42450396  24477276       884   1308452   2823556     10000     16948    861672
04:38:21 AM 323616028 389011368   2648576      0.67    857096  64929744  53298112     13.22  42450584  24481240       900   1311164   2822340     10000     16828    861672
04:38:26 AM 323667140 389064188   2595628      0.66    857096  64931416  45906184     11.38  42450720  24419532       744   1247968   2822504     10000     15720    861656
04:38:31 AM 323607448 389005276   2654684      0.67    857096  64932200  53292508     13.22  42450888  24484008       468   1311832   2822356     10016     16860    861640
04:38:36 AM 323633828 389033424   2626000      0.67    857096  64933932  51738152     12.83  42451060  24455316      1588   1281648   2822928     10000     16368    861608
04:38:41 AM 323612004 389012704   2645796      0.67    857096  64935032  53293580     13.22  42451276  24485744      1376   1311048   2823856     10016     16804    861624
04:38:46 AM 323619428 389022144   2637100      0.67    857096  64937020  50490100     12.52  42451464  24482952      1168   1306044   2823140      9984     15748    861688
04:38:51 AM 323677380 389081064   2577172      0.65    857096  64937940  43970104     10.90  42451580  24434344       248   1257032   2824196      9984     15428    861656
04:38:56 AM 323642248 389047236   2611712      0.66    857096  64939244  49595856     12.30  42451768  24458660       632   1280292   2823484     10000     16500    861736
04:39:01 AM 323622524 389028820   2630720      0.67    857096  64940500  53298444     13.22  42451992  24490464      1604   1310520   2822944     10000     16932    861720
04:39:06 AM 323613384 389020984   2637724      0.67    857096  64941768  53293728     13.22  42452176  24492564      1552   1311704   2823812     10016     16904    861768
04:39:11 AM 323673608 389082624   2576208      0.65    857096  64943176  41148716     10.20  42452284  24453668       292   1271792   2823696      9968     15224    861720
04:39:16 AM 323686228 389097480   2562176      0.65    857096  64945280  40271332      9.99  42452484  24427616       320   1243904   2823004      9936     15192    861640
04:39:21 AM 323619748 389031384   2628168      0.67    857096  64945656  53304920     13.22  42452668  24494944       168   1311344   2823116      9984     16832    861640
04:39:26 AM 323619596 389032616   2627064      0.67    857096  64947000  53290416     13.21  42452872  24494032       260   1308600   2823028      9984     16736    861608
04:39:31 AM 323620572 389035272   2623408      0.66    857096  64948640  50494260     12.52  42453072  24494040      1008   1307568   2824068      9968     16528    861640
04:39:36 AM 323634932 389051260   2607368      0.66    857096  64950228  49602120     12.30  42453252  24470212      1808   1281816   2824160      9984     16420    861608
04:39:41 AM 323669572 389087416   2571388      0.65    857096  64951680  45899304     11.38  42453396  24438656       132   1249476   2824048     10000     15884    861624
04:39:46 AM 323607232 389025908   2633712      0.67    857096  64952524  50489120     12.52  42453608  24498620       272   1308916   2823220     10000     16824    861688
04:39:51 AM 323616012 389036076   2623880      0.66    857096  64953920  53309544     13.22  42453796  24501672      1316   1310716   2822876     10000     16828    861704
04:39:56 AM 323633424 389055280   2604416      0.66    857096  64955692  47463664     11.77  42453940  24469608       240   1276880   2823156      9952     15668    861672
04:40:01 AM 323667196 389089580   2569940      0.65    857096  64956188  44655224     11.07  42454076  24449964       180   1256480   2823364      9968     15556    861656
04:40:06 AM 323630288 389054100   2605192      0.66    857096  64957588  47470172     11.77  42454228  24471248        92   1276936   2823620      9968     16064    861688
04:40:11 AM 323663072 389087832   2571896      0.65    857096  64958472  41635988     10.32  42454360  24437812         4   1242764   2823248      9952     15140    861704
04:40:16 AM 323766820 389191992   2468324      0.63    857096  64958880  18286108      4.53  42454424  24301232       552   1105788   2822664      9824     11616    861640
04:40:21 AM 323794364 389219752   2440428      0.62    857096  64959104  12458204      3.09  42454452  24267152       200   1071484   2822792      9792     10724    861640
04:40:26 AM 323812160 389237612   2422592      0.61    857096  64959160   6618876      1.64  42454452  24232584       192   1036856   2822776      9760      9844    861608
04:40:31 AM 323772168 389200296   2457440      0.62    857096  64961552  23750200      5.89  42487556  24245148        56   1080284   2825528      9888     12536    861704
04:40:36 AM 323598940 389027484   2630608      0.67    857096  64961776  23750200      5.89  42488244  24424544       200   1259948   2825364      9888     12840    861736
04:40:41 AM 323601532 389030300   2627808      0.67    857096  64961968  23750200      5.89  42488808  24425488        24   1261292   2825380      9888     12844    861736
04:40:46 AM 323591780 389020784   2637200      0.67    857096  64962140  23750200      5.89  42489348  24426084       116   1262248   2825568      9888     12840    861736
04:40:51 AM 323593088 389022312   2635668      0.67    857096  64962300  23750200      5.89  42489816  24426528        12   1262996   2825632      9888     12840    861752
04:40:56 AM 323786872 389215884   2444264      0.62    857096  64962080   6624120      1.64  42489932  24205960       208   1042732   2823472      9760      9864    861656
04:41:01 AM 323787180 389216140   2443996      0.62    857096  64962028   6627192      1.64  42489936  24209432        12   1046264   2823484      9760      9860    861640
04:41:06 AM 323764300 389195676   2464200      0.62    857096  64964368   6627704      1.64  42489932  24211920       228   1046440   2823820      9760      9860    861624
04:41:11 AM 323762156 389195900   2463956      0.62    857096  64966652   6627704      1.64  42489932  24214212        60   1046444   2823924      9760      9860    861624
04:41:16 AM 323752892 389189728   2470800      0.63    857096  64969616   6627704      1.64  42489936  24217216       204   1046444   2823380      9760      9864    861560
04:41:21 AM 323440336 388878796   2779216      0.70    857096  64971164  53491752     13.26  42490236  24503204       664   1331372   2825972     10016     17656    861688
04:41:26 AM 323430172 388868684   2789704      0.71    857096  64971220  53493144     13.27  42490240  24503588       164   1331640   2825592     10000     17660    861640
04:41:31 AM 323430428 388869096   2789288      0.71    857096  64971380  53493144     13.27  42490240  24508896       184   1336840   2825592     10000     17660    861656
04:41:36 AM 323446160 388885072   2773108      0.70    857096  64971612  53517324     13.27  42490272  24518092       248   1345828   2825808     10000     17692    861672
04:41:41 AM 323444140 388883140   2774988      0.70    857096  64971752  53523856     13.27  42490272  24521684       108   1349392   2825808     10032     17828    861680
04:41:46 AM 323440636 388879800   2778456      0.70    857096  64971868  53521320     13.27  42490268  24521392       464   1348748   2825728     10000     17716    861656
04:41:51 AM 323433228 388872472   2785720      0.71    857096  64972012  53539876     13.28  42490272  24529740       264   1357148   2825728     10032     17840    861680
04:41:56 AM 323432696 388872212   2786336      0.71    857096  64972208  53553384     13.28  42490272  24537356       384   1364384   2825448     10000     17772    861688
04:42:01 AM 323435004 388874596   2783724      0.70    857096  64972428  53553384     13.28  42490272  24537632       164   1364624   2825532     10000     17776    861688
04:42:06 AM 323459612 388899832   2758344      0.70    857096  64972900  49833208     12.36  42490268  24502376       352   1328712   2825832     10032     17164    861704
04:42:11 AM 323434176 388874180   2783992      0.71    857096  64972676  50748712     12.58  42490484  24519652       548   1346592   2825844     10064     17028    861752
04:42:16 AM 323388208 388828548   2829924      0.72    857096  64972948  53492080     13.26  42490560  24509824       112   1336404   2825608     10080     17728    861752
04:42:21 AM 323389372 388829776   2828664      0.72    857096  64973044  53492776     13.27  42490560  24513980        88   1340644   2825608     10080     17664    861752
04:42:26 AM 323382988 388823608   2834940      0.72    857096  64973264  53505836     13.27  42490572  24520700       184   1347080   2825496     10080     17672    861752
04:42:31 AM 323416156 388856928   2801596      0.71    857096  64973440  53521508     13.27  42490592  24528276        80   1354556   2825496     10048     17684    861736
04:42:36 AM 323421464 388862420   2796456      0.71    857096  64973580  53524496     13.27  42490588  24531296       396   1357320   2825188     10080     17720    861736
04:42:41 AM 323433232 388874252   2784568      0.71    857096  64973700  53534040     13.28  42490584  24535504       116   1361444   2825188     10080     17664    861736
04:42:46 AM 323426364 388867552   2791116      0.71    857096  64973884  53551364     13.28  42490584  24544128       264   1369884   2825324     10064     17744    861736
04:42:51 AM 323439172 388880524   2778120      0.70    857096  64974072  53563116     13.28  42490592  24548568        96   1374096   2825324     10112     17796    861752
04:42:56 AM 323440724 388882176   2776488      0.70    857096  64974284  53563116     13.28  42490592  24549028       276   1374556   2825192     10096     17796    861784
04:43:01 AM 323410624 388852436   2805988      0.71    857096  64974496  53521892     13.27  42490736  24529104        80   1354396   2825580     10112     17700    861784
04:43:06 AM 323366656 388808592   2849712      0.72    857096  64974628  53510816     13.27  42490804  24519816       136   1345328   2825692     10080     17748    861800
04:43:11 AM 323356108 388798128   2859980      0.72    857096  64974632  53492028     13.26  42490848  24513556        32   1338840   2825968     10096     17376    861832
04:43:16 AM 323357900 388800196   2857968      0.72    857096  64974920  53493124     13.27  42490884  24516824       200   1341892   2825900     10096     17928    861896
04:43:21 AM 323394780 388837248   2820984      0.71    857096  64975080  53517656     13.27  42490908  24526584         4   1351508   2825844     10048     17668    861896
04:43:26 AM 323386884 388829480   2828708      0.72    857096  64975240  53517656     13.27  42490904  24528744       228   1353488   2825856     10048     17652    861880
04:43:31 AM 323412800 388855540   2802660      0.71    857096  64975372  53526292     13.27  42490912  24532328       184   1356884   2825856     10096     17756    861864
04:43:36 AM 323404064 388846952   2811204      0.71    857096  64975528  53544740     13.28  42490912  24541640       180   1366120   2825892     10064     17732    861864
04:43:41 AM 323401488 388844524   2813580      0.71    857096  64975728  53556408     13.28  42490912  24546688       272   1370904   2825892     10080     17776    861880
04:43:46 AM 323399872 388842988   2815180      0.71    857096  64975904  53560576     13.28  42490908  24548816       432   1373060   2825732     10080     17784    861880
04:43:51 AM 323397200 388840696   2817664      0.71    857096  64976132  53550892     13.28  42490948  24546016         0   1369792   2825692     10080     17760    861848
04:43:56 AM 323351896 388795608   2863280      0.73    857096  64976308  53503204     13.27  42491128  24521048       816   1345068   2825204     10112     17736    861768
04:44:01 AM 323342440 388786256   2872580      0.73    857096  64976408  53511164     13.27  42491128  24523732       124   1347492   2825260     10080     17684    861752
04:44:06 AM 323340336 388784344   2874824      0.73    857096  64976572  53496184     13.27  42491160  24521540       504   1345220   2824956     10096     17684    861800
04:44:11 AM 323356152 388800304   2858784      0.72    857096  64976748  53501176     13.27  42491220  24521092       356   1344716   2825004     10096     17688    861784
04:44:16 AM 323398440 388842704   2816744      0.71    857096  64976872  53518000     13.27  42491224  24528284       300   1351840   2824632     10080     17696    861800
04:44:21 AM 323400744 388845176   2814296      0.71    857096  64977024  53518000     13.27  42491232  24530060       176   1353284   2824624     10080     17700    861800
04:44:26 AM 323422948 388867476   2792084      0.71    857096  64977164  53536892     13.28  42491232  24537620       320   1360876   2824492     10080     17724    861784
04:44:31 AM 323429660 388874416   2785208      0.71    857096  64977328  53559876     13.28  42491232  24547716       184   1370764   2824492     10080     17776    861768
04:44:36 AM 323430964 388875920   2783240      0.70    857096  64977636  53559876     13.28  42491232  24548532       240   1371304   2824848     10080     17772    861816
04:44:41 AM 323493520 388939012   2720244      0.69    857096  64978068  49842416     12.36  42491232  24513392       132   1335560   2824856     10080     17132    861768
04:44:46 AM 323455856 388901260   2758016      0.70    857096  64977992  53546784     13.28  42491300  24543412       416   1365912   2824824     10080     17596    861752
04:44:51 AM 323422548 388868208   2790708      0.71    857096  64978168  53505588     13.27  42491444  24523100       588   1345416   2825264     10080     17516    861704
04:44:56 AM 323403340 388849080   2809376      0.71    857096  64978304  53513296     13.27  42491448  24525876       272   1348204   2825668     10064     17700    861704
04:45:01 AM 323442084 388888256   2770180      0.70    857096  64978692  49793360     12.35  42491468  24492260       156   1314144   2825732     10064     17088    861656
04:45:06 AM 323423240 388869360   2789104      0.71    857096  64978648  53507224     13.27  42491532  24524896       404   1347000   2825696     10064     17664    861704
04:45:11 AM 323445152 388891432   2767040      0.70    857096  64978776  53516460     13.27  42491540  24529956       112   1351736   2825720     10064     17696    861704
04:45:16 AM 323443492 388889828   2768584      0.70    857096  64978920  53516460     13.27  42491540  24531368       324   1353328   2825692     10032     17696    861672
04:45:21 AM 323461412 388907968   2750516      0.70    857096  64979060  53539108     13.28  42491552  24539764       152   1361212   2825700     10032     17724    861640
04:45:26 AM 323455056 388901708   2756384      0.70    857096  64979236  53548048     13.28  42491548  24544780       272   1366240   2826012     10032     17752    861672
04:45:31 AM 323464704 388911612   2746564      0.70    857096  64979408  53554100     13.28  42491552  24548380        96   1369448   2826012     10032     17780    861656
04:45:36 AM 323463008 388909964   2748168      0.70    857096  64979588  53554100     13.28  42491552  24548516       276   1369656   2825924     10048     17780    861704
04:45:41 AM 323477460 388925120   2733816      0.69    857096  64980116  53512244     13.27  42491692  24531384       396   1351892   2825296     10032     17268    861656
04:45:46 AM 323458136 388905504   2753016      0.70    857096  64979904  53520672     13.27  42491728  24529884       392   1350852   2825632     10048     17532    861736
04:45:51 AM 323437272 388884856   2773784      0.70    857096  64980064  53510600     13.27  42491772  24527912        96   1348608   2825568     10048     17688    861752
04:45:56 AM 323439360 388887084   2771284      0.70    857096  64980236  53509396     13.27  42491780  24530748       276   1351460   2825808     10048     17756    861800
04:46:01 AM 323448492 388896424   2762208      0.70    857096  64980416  53509404     13.27  42491856  24527404       116   1347964   2825572     10048     17688    861736
04:46:06 AM 323461244 388909308   2748300      0.70    857100  64980548  53516436     13.27  42491856  24530600       276   1351092   2826592     10048     17708    861800
04:46:11 AM 323460620 388908808   2748808      0.70    857100  64980664  53516436     13.27  42491860  24532476       116   1352780   2826592     10048     17716    861816
04:46:16 AM 323456616 388904976   2752620      0.70    857100  64980836  53540412     13.28  42491872  24542764       252   1363000   2826612     10048     17764    861800
04:46:21 AM 323465412 388913932   2743648      0.69    857100  64981020  53550604     13.28  42491876  24547896        68   1367832   2826604     10048     17792    861784
04:46:26 AM 323458728 388907388   2750532      0.70    857100  64981204  53553340     13.28  42491872  24549912       136   1369764   2826220     10048     17792    861848
04:46:31 AM 323523504 388972836   2685080      0.68    857100  64981864  46990544     11.65  42491876  24503536       112   1322648   2826236     10032     17152    861816
04:46:36 AM 323459600 388908684   2749532      0.70    857100  64981564  53526212     13.27  42492016  24535400       212   1354988   2825988     10048     17724    861816
04:46:41 AM 323450276 388899500   2758416      0.70    857100  64981696  53505064     13.27  42492084  24526760        72   1346320   2826296     10048     17712    861816
04:46:46 AM 323436584 388885940   2772092      0.70    857100  64981824  53512064     13.27  42492096  24530752       236   1350192   2826184     10048     17712    861832
04:46:51 AM 323458144 388907668   2750352      0.70    857100  64982008  53520860     13.27  42492096  24535736        64   1354988   2826180     10048     17732    861816
04:46:56 AM 323465980 388915700   2742296      0.69    857100  64982188  53524016     13.27  42492148  24536384       176   1355536   2826220     10048     17716    861784
04:47:01 AM 323453084 388902924   2755172      0.70    857100  64982308  53518788     13.27  42492184  24533712         8   1352780   2826120     10048     17708    861768
04:47:06 AM 323445132 388895064   2762468      0.70    857100  64982416  53519056     13.27  42492180  24534880       364   1353828   2826668     10048     17712    861816
04:47:11 AM 323442512 388892636   2764908      0.70    857100  64982588  53538012     13.28  42492180  24544824       244   1363488   2826676     10048     17748    861816
04:47:16 AM 323448380 388898632   2759048      0.70    857100  64982784  53553096     13.28  42492188  24551148       448   1369692   2826472     10048     17780    861832
04:47:21 AM 323446484 388896792   2760852      0.70    857100  64982972  53558476     13.28  42492188  24553396        28   1371956   2826376     10048     17792    861800
04:47:26 AM 323446160 388897188   2761024      0.70    857100  64983516  53543304     13.28  42492228  24548492       184   1366296   2825984     10000     17424    861768
04:47:31 AM 323424108 388874928   2782948      0.70    857100  64983304  53526408     13.27  42492340  24535896       508   1354144   2826324     10016     17700    861736
04:47:36 AM 323420100 388870972   2787124      0.71    857100  64983320  50678396     12.57  42492376  24506664       412   1324776   2826140     10016     17232    861672
04:47:41 AM 323383040 388834144   2823928      0.72    857100  64983576  53510252     13.27  42492412  24531192       216   1349100   2826140     10016     17676    861720
04:47:46 AM 323399392 388850692   2807712      0.71    857100  64983772  53518772     13.27  42492432  24536092       376   1353796   2825808     10016     17696    861720
04:47:51 AM 323421900 388873332   2785176      0.71    857100  64983944  53521524     13.27  42492468  24536984       316   1354864   2825664     10016     17704    861688
04:47:56 AM 323411740 388863372   2795504      0.71    857100  64984068  53517868     13.27  42492508  24534780       304   1352300   2825372     10000     17700    861688
04:48:01 AM 323413924 388865660   2793152      0.71    857100  64984180  53518156     13.27  42492508  24535812       144   1353216   2825428     10000     17712    861656
04:48:06 AM 323420488 388872384   2786568      0.71    857100  64984340  53539960     13.28  42492512  24545116       380   1362384   2825288     10000     17808    861672
04:48:11 AM 323440208 388892228   2766648      0.70    857100  64984540  53558540     13.28  42492512  24554144       360   1371364   2825288     10000     17796    861656
04:48:16 AM 323437004 388889256   2769816      0.70    857100  64984732  53558540     13.28  42492516  24554896       344   1371748   2825132     10000     17796    861656
04:48:21 AM 323447144 388899700   2759296      0.70    857100  64985128  50718368     12.58  42492516  24545392       128   1362060   2825116      9984     17152    861640
04:48:26 AM 323492820 388945728   2713360      0.69    857100  64985316  46973896     11.65  42492648  24497632       604   1314008   2825188      9984     16904    861656
04:48:31 AM 323429900 388882676   2776528      0.70    857100  64985212  53514836     13.27  42492728  24531500       256   1348248   2825044     10000     17704    861688
04:48:36 AM 323428236 388881184   2778108      0.70    857100  64985352  53515088     13.27  42492744  24533444       304   1349868   2824988     10000     17704    861736
04:48:41 AM 323451780 388904880   2754352      0.70    857100  64985564  53523632     13.27  42492744  24538900       200   1355288   2824988     10000     17716    861768
04:48:46 AM 323489864 388943224   2715772      0.69    857100  64985740  53511176     13.27  42492828  24534768       360   1350944   2825308     10000     17704    861784
04:48:51 AM 323476592 388929984   2728932      0.69    857100  64985852  53517888     13.27  42492828  24536808        88   1353012   2825308     10000     17704    861784
04:48:56 AM 323471644 388925228   2733488      0.69    857100  64985960  53526928     13.27  42492836  24542676       264   1358540   2825592     10000     17712    861800
04:49:01 AM 323468320 388922036   2736596      0.69    857100  64986144  53536508     13.28  42492836  24547708       152   1363484   2825624     10000     17736    861784
04:49:06 AM 323481904 388935860   2722224      0.69    857100  64986348  53556628     13.28  42492832  24555136       320   1370556   2826208     10000     17772    861816
04:49:11 AM 323482916 388936936   2721032      0.69    857100  64986528  53556628     13.28  42492832  24555528       164   1370956   2826208     10000     17772    861816
04:49:16 AM 323516800 388971356   2686924      0.68    857100  64986932  49808724     12.35  42492908  24507368       384   1322324   2826028      9984     17080    861768
04:49:21 AM 323479740 388934480   2724232      0.69    857100  64987112  49805216     12.35  42492980  24503860        72   1318856   2825600     10000     17076    861768
04:49:26 AM 323412176 388866784   2792068      0.71    857100  64987000  53509484     13.27  42493056  24533520       164   1348604   2825440     10000     17688    861800
04:49:31 AM 323414208 388868908   2789880      0.71    857100  64987156  53513440     13.27  42493060  24536336       116   1351424   2825440     10000     17692    861784
04:49:36 AM 323429216 388884112   2774148      0.70    857100  64987352  53523812     13.27  42493072  24541940       268   1356776   2825968     10000     17712    861784
04:49:41 AM 323439212 388894360   2764160      0.70    857100  64987508  53510632     13.27  42493148  24534504        96   1349256   2825804     10000     17684    861768
04:49:46 AM 323439624 388894872   2763200      0.70    857100  64987632  53515168     13.27  42493148  24537172       236   1351676   2826228     10000     17708    861800
04:49:51 AM 323456572 388911936   2746120      0.70    857100  64987764  53527948     13.27  42493148  24543696        96   1358276   2826228     10000     17788    861816
04:49:56 AM 323470720 388926252   2732128      0.69    857100  64987952  53536180     13.28  42493152  24548232       252   1362656   2825884     10016     17748    861768
04:50:01 AM 323476108 388931800   2726564      0.69    857100  64988144  53549384     13.28  42493156  24553584        56   1367656   2825868     10016     17760    861752
04:50:06 AM 323478472 388934324   2723496      0.69    857100  64988352  53518984     13.27  42493220  24542936       564   1357072   2826364     10016     17720    861816
04:50:11 AM 323449712 388905776   2752096      0.70    857100  64988468  50687264     12.57  42493292  24533044       124   1346972   2826408     10016     17516    861736
04:50:16 AM 323437344 388893576   2764016      0.70    857100  64988652  53518176     13.27  42493332  24538388       596   1352316   2826672     10016     17704    861800
04:50:21 AM 323437964 388894564   2763032      0.70    857100  64989024  50678676     12.57  42493348  24530484        60   1343936   2826664     10048     17200    861768
04:50:26 AM 323435736 388892256   2765636      0.70    857100  64988984  53518156     13.27  42493376  24539928       220   1353592   2826328     10032     17704    861784
04:50:31 AM 323443284 388900032   2757924      0.70    857100  64989140  53524416     13.27  42493392  24544456       240   1357820   2826336     10032     17724    861768
04:50:36 AM 323413520 388870436   2787332      0.71    857100  64989296  53512912     13.27  42493456  24536528       168   1349880   2826536     10032     17764    861816
04:50:41 AM 323432364 388889400   2768364      0.70    857100  64989420  53527124     13.27  42493468  24543416       180   1356552   2826536     10032     17720    861816
04:50:46 AM 323423816 388880996   2776524      0.70    857100  64989572  53531544     13.27  42493468  24547120       224   1360232   2826772     10032     17732    861848
04:50:51 AM 323446784 388904164   2753348      0.70    857100  64989780  53545248     13.28  42493476  24553716       260   1366484   2826772     10032     17756    861816
04:50:56 AM 323456072 388913636   2743632      0.69    857100  64989936  53555208     13.28  42493472  24558276        24   1370868   2827044     10032     17776    861848
04:51:01 AM 323442792 388900508   2756920      0.70    857100  64990120  53530856     13.27  42493544  24547896       412   1360444   2826852     10032     17732    861848
04:51:06 AM 323440940 388898656   2758800      0.70    857100  64990144  53515420     13.27  42493576  24539868       472   1352584   2826800     10032     17416    861864
04:51:11 AM 323428004 388886040   2771604      0.70    857100  64990400  53521768     13.27  42493652  24541936       452   1354240   2826676     10032     17700    861848
04:51:16 AM 323419780 388877928   2780008      0.70    857100  64990568  53512524     13.27  42493684  24538112       464   1350344   2826328     10032     17668    861864
04:51:21 AM 323429676 388888044   2769920      0.70    857100  64990752  53525212     13.27  42493712  24544736       180   1356724   2826336     10032     17704    861848
04:51:26 AM 323478084 388936836   2720748      0.69    857100  64991144  49810544     12.35  42493716  24510928       404   1322636   2826708     10064     17224    861864
04:51:31 AM 323452108 388910784   2746664      0.70    857100  64991036  53515712     13.27  42493784  24538836       212   1350568   2826876     10064     17524    861848
04:51:36 AM 323435848 388894696   2762884      0.70    857100  64991196  53534436     13.28  42493784  24546928       312   1358716   2826756     10064     17736    861848
04:51:41 AM 323435744 388894732   2762824      0.70    857100  64991360  53538592     13.28  42493792  24550412       144   1361928   2826756     10048     17736    861816
04:51:46 AM 323452796 388911932   2745456      0.70    857100  64991564  53552276     13.28  42493788  24556376       336   1367992   2826868     10048     17760    861848
04:51:51 AM 323460236 388919624   2737812      0.69    857100  64991768  53556116     13.28  42493796  24558736       188   1369760   2826868     10048     17776    861832
04:51:56 AM 323450700 388910192   2747096      0.70    857100  64991952  53519468     13.27  42493904  24543268       660   1354500   2826936     10048     17712    861848
04:52:01 AM 323448068 388908032   2749340      0.70    857100  64992324  53521316     13.27  42493944  24542612       316   1353220   2826952     10064     17708    861832
04:52:06 AM 323430432 388890348   2767280      0.70    857100  64992264  53505992     13.27  42494008  24536196       412   1347140   2826708     10048     17684    861816
04:52:11 AM 323422040 388882112   2775508      0.70    857100  64992428  53598208     13.29  42494024  24569960       124   1380488   2826708     10048     17688    861832
04:52:16 AM 323440752 388901028   2756412      0.70    857100  64992616  53512808     13.27  42494060  24540532       408   1351176   2826904     10048     17688    861784
04:52:21 AM 323460464 388920880   2736560      0.69    857100  64992756  53521084     13.27  42494072  24544508       104   1354732   2826904     10048     17708    861784
04:52:26 AM 323449272 388909800   2748092      0.70    857100  64992900  53521960     13.27  42494104  24544180       404   1354552   2826420     10048     17768    861816
04:52:31 AM 323447868 388908576   2749356      0.70    857100  64993052  53526968     13.27  42494112  24547588       120   1357548   2826408     10048     17716    861816
04:52:36 AM 323442260 388903072   2755024      0.70    857100  64993216  53544612     13.28  42494112  24555612       296   1365740   2826184     10048     17736    861864
04:52:41 AM 323472880 388933928   2724456      0.69    857100  64993388  53537360     13.28  42494148  24553444       228   1363128   2825960     10048     17564    861848
04:52:46 AM 323485460 388946888   2711348      0.69    857100  64993808  49821112     12.35  42494152  24518160       272   1327548   2826068     10048     17096    861832
04:52:51 AM 323443740 388905204   2753224      0.70    857100  64993760  53521812     13.27  42494228  24547348       248   1356748   2825960     10048     17696    861848
04:52:56 AM 323426900 388888460   2770420      0.70    857100  64993880  53505400     13.27  42494292  24538528       404   1348156   2825484     10048     17508    861832
04:53:01 AM 323419864 388881600   2777360      0.70    857100  64994032  53508364     13.27  42494332  24540664       320   1350112   2825428     10080     17628    861808
04:53:06 AM 323419452 388881344   2776964      0.70    857100  64994232  53516368     13.27  42494332  24543560       368   1352876   2826036     10048     17692    861832
04:53:11 AM 323424688 388886812   2771684      0.70    857100  64994400  53516284     13.27  42494380  24543584       148   1352560   2825912     10048     17696    861816
04:53:16 AM 323434736 388896972   2761540      0.70    857100  64994532  53511064     13.27  42494424  24541644       324   1350572   2825876     10048     17544    861832
04:53:21 AM 323420356 388882772   2775752      0.70    857100  64994700  53521072     13.27  42494428  24545840        60   1354576   2825876     10048     17716    861832
04:53:26 AM 323408092 388870636   2787924      0.71    857100  64994860  53539896     13.28  42494432  24553512       244   1362240   2825808     10064     17736    861816
04:53:31 AM 323404836 388867572   2790996      0.71    857100  64995044  53544364     13.28  42494432  24556768       108   1365356   2825808     10048     17760    861800
04:53:36 AM 323391788 388854692   2804012      0.71    857100  64995220  53539544     13.28  42494472  24554360       248   1362808   2825664     10048     17760    861800
04:53:41 AM 323433616 388897280   2761452      0.70    857100  64995968  46981996     11.65  42494508  24511012       244   1318568   2825648     10032     16740    861752
04:53:46 AM 323404320 388867620   2790692      0.71    857100  64995584  53516608     13.27  42494584  24545416       108   1353592   2826088     10048     17708    861768
04:53:51 AM 323424116 388887512   2770724      0.70    857100  64995692  53511608     13.27  42494616  24542776       164   1350936   2826152     10048     17540    861752
04:53:56 AM 323405536 388869188   2788984      0.71    857100  64995948  53523552     13.27  42494632  24549200       284   1357056   2826216     10048     17724    861768
04:54:01 AM 323425676 388889760   2768492      0.70    857100  64996380  53506620     13.27  42494696  24541404       116   1348872   2826136     10032     17212    861816
04:54:06 AM 323412512 388876456   2781176      0.70    857100  64996208  53521424     13.27  42494704  24547324       216   1354932   2826788     10048     17736    861832
04:54:11 AM 323451136 388915468   2742168      0.69    857100  64996592  49802100     12.35  42494704  24512660       324   1319884   2826788     10032     17096    861848
04:54:16 AM 323426348 388890588   2767032      0.70    857100  64996528  53524632     13.27  42494748  24549356       196   1356644   2826776     10048     17800    861880
04:54:21 AM 323434424 388898820   2758812      0.70    857100  64996676  53533724     13.28  42494748  24553696       220   1360920   2826772     10048     17756    861912
04:54:26 AM 323417784 388882368   2775280      0.70    857100  64996864  53535580     13.28  42494788  24554876       392   1361988   2826756     10048     17768    861864
04:54:31 AM 323431256 388895980   2761668      0.70    857100  64997016  53525500     13.27  42494824  24551564         0   1358580   2826744     10048     17736    861848
04:54:36 AM 323412512 388877404   2780688      0.70    857100  64997176  53540976     13.28  42494832  24557844       360   1364684   2826308     10048     17784    861880
04:54:41 AM 323421276 388886268   2771764      0.70    857100  64997352  53535548     13.28  42494868  24554668       336   1361420   2826292     10048     17760    861832
04:54:46 AM 323412112 388877348   2780660      0.70    857100  64997508  53517960     13.27  42494940  24545960       568   1352548   2826404     10048     17732    861848
04:54:51 AM 323416472 388881832   2776216      0.70    857100  64997664  53527840     13.27  42494940  24550864       204   1357364   2826332     10048     17748    861800
04:54:56 AM 323420996 388886584   2772156      0.70    857100  64997832  53513212     13.27  42495028  24544528       580   1350848   2825700     10048     17704    861784
04:55:01 AM 323429184 388894900   2763872      0.70    857100  64997976  53521444     13.27  42495028  24548712       164   1355004   2825652     10064     17748    861752
04:55:06 AM 323433196 388899048   2759968      0.70    857100  64998116  53524996     13.27  42495028  24551568       212   1357564   2825404     10048     17716    861816
04:55:11 AM 323436636 388902648   2756408      0.70    857100  64998304  53529152     13.27  42495064  24552464       508   1358540   2825336     10064     17708    861768
04:55:16 AM 323469296 388935744   2723284      0.69    857100  64998692  49815568     12.35  42495072  24519248       312   1324676   2825412     10064     17072    861800
04:55:21 AM 323428764 388895100   2764144      0.70    857100  64998628  53533380     13.28  42495108  24555788       184   1361356   2825148     10064     17724    861784
04:55:26 AM 323424040 388890580   2768932      0.70    857100  64998788  53533888     13.28  42495112  24557548       308   1362968   2824924     10064     17724    861816
04:55:31 AM 323406252 388872940   2786328      0.71    857100  64998968  53530980     13.27  42495184  24553908       132   1359260   2825136     10064     17716    861800
04:55:36 AM 323419640 388886524   2771968      0.70    857100  64999124  53520504     13.27  42495224  24550620       424   1355688   2825952     10064     17708    861864
04:55:41 AM 323389152 388856144   2802148      0.71    857100  64999288  53519728     13.27  42495260  24548936       296   1354024   2826096     10048     17704    861832
04:55:46 AM 323407256 388874472   2783980      0.71    857100  64999440  53530572     13.27  42495268  24554540       460   1359420   2826008     10080     17824    861824
04:55:51 AM 323408504 388876188   2782492      0.70    857100  64999916  53518012     13.27  42495324  24547744       228   1352292   2825772     10032     17200    861768
04:55:56 AM 323403240 388870804   2787524      0.71    857100  64999756  53523768     13.27  42495348  24550872       164   1355432   2826164     10048     17716    861800
04:56:01 AM 323409084 388876752   2781612      0.70    857100  64999904  53538088     13.28  42495348  24556984       116   1361584   2826084     10048     17736    861768
04:56:06 AM 323402360 388870244   2787536      0.71    857100  65000072  53538088     13.28  42495352  24558480       320   1362720   2826716     10048     17748    861832
04:56:11 AM 323412136 388880120   2778012      0.70    857100  65000260  53532332     13.27  42495420  24553316       300   1357736   2826276     10048     17724    861832
04:56:16 AM 323409612 388877828   2781036      0.70    857100  65000404  53536568     13.28  42495428  24556608       280   1360600   2825632     10048     17740    861800
04:56:21 AM 323406964 388875312   2783644      0.70    857100  65000568  53518488     13.27  42495500  24549284       256   1353424   2825508     10048     17700    861784
04:56:26 AM 323371804 388840356   2818528      0.71    857100  65000732  53622100     13.30  42495508  24586124       292   1389796   2825620     10048     17720    861832
04:56:31 AM 323406592 388875208   2783624      0.70    857100  65000864  53520544     13.27  42495540  24551924       192   1355708   2825604     10048     17540    861832
04:56:36 AM 323383428 388852280   2806848      0.71    857100  65001068  53611084     13.29  42495576  24580676       392   1384280   2825340     10048     17688    861816
04:56:41 AM 323406328 388875292   2783824      0.70    857100  65001192  53527892     13.27  42495588  24552904        60   1356376   2825340     10048     17704    861832
04:56:46 AM 323410412 388879576   2779012      0.70    857100  65001364  53509824     13.27  42495656  24547316       376   1350732   2825896     10048     17668    861832
04:56:51 AM 323407288 388876592   2781984      0.70    857100  65001512  53519824     13.27  42495668  24550640       112   1353904   2825900     10048     17688    861832
04:56:56 AM 323410400 388879832   2778360      0.70    857100  65001664  53533776     13.28  42495668  24557560       248   1360728   2826260     10048     17720    861880
04:57:01 AM 323425276 388894944   2763464      0.70    857100  65001868  53524972     13.27  42495712  24555076       112   1358056   2826076     10048     17720    861848
04:57:06 AM 323424448 388894236   2764336      0.70    857100  65002008  53530520     13.27  42495744  24554952       308   1357872   2825892     10048     17716    861816
04:57:11 AM 323422564 388892488   2766072      0.70    857100  65002156  53533932     13.28  42495744  24557976        92   1360680   2825892     10048     17732    861816
04:57:16 AM 323388972 388859088   2799208      0.71    857100  65002340  53602092     13.29  42495812  24579288       132   1382108   2826164     10048     17688    861816
04:57:21 AM 323423708 388894004   2764312      0.70    857100  65002492  53526608     13.27  42495828  24554408        44   1356900   2826172     10048     17700    861832
04:57:26 AM 323398508 388868992   2789468      0.71    857100  65002668  53524052     13.27  42495864  24553512       232   1355948   2826040     10048     17688    861864
04:57:31 AM 323395120 388865780   2792540      0.71    857100  65002836  53517072     13.27  42495908  24550756        52   1352940   2826188     10048     17684    861864
04:57:36 AM 323422240 388892944   2765464      0.70    857100  65002856  53515860     13.27  42495904  24550804       200   1353088   2826124     10048     17420    861832
04:57:41 AM 323405208 388876200   2782208      0.70    857100  65003144  53527536     13.27  42495948  24556440       352   1358412   2826124     10048     17732    861832
04:57:46 AM 323391476 388862584   2795428      0.71    857100  65003296  53522776     13.27  42495976  24553488       176   1355296   2826484     10048     17720    861800
04:57:51 AM 323368888 388840172   2817860      0.71    857100  65003452  53618044     13.30  42495992  24588236         8   1389788   2826484     10048     17732    861800
04:57:56 AM 323401104 388872576   2785248      0.71    857100  65003660  53533024     13.27  42496028  24558772        84   1360420   2826672     10048     17732    861800
04:58:01 AM 323396428 388868088   2789696      0.71    857100  65003796  53527740     13.27  42496068  24556624         0   1357952   2826764     10048     17724    861800
04:58:06 AM 323401988 388873788   2783580      0.70    857100  65003948  53524012     13.27  42496100  24556744        68   1358120   2827168     10080     17868    861840
04:58:11 AM 323405028 388877004   2780544      0.70    857100  65004116  53534000     13.28  42496108  24560540       532   1361500   2826996     10048     17784    861856
04:58:16 AM 323398596 388870824   2787244      0.71    857100  65004412  53529772     13.27  42496148  24558848       564   1359772   2826432     10016     17708    861784
04:58:21 AM 323387812 388860228   2797920      0.71    857100  65004572  53526840     13.27  42496188  24556932       312   1357596   2826380     10064     17720    861768
04:58:26 AM 323389656 388862212   2796024      0.71    857100  65004740  53524532     13.27  42496220  24555916       460   1356524   2826264     10032     17700    861768
04:58:31 AM 323425040 388897696   2760392      0.70    857100  65004780  53522692     13.27  42496232  24556004       136   1356564   2826472     10032     17444    861768
04:58:36 AM 323406720 388879600   2778384      0.70    857100  65005072  53532636     13.27  42496268  24560428       468   1360904   2826508     10096     17868    861792
04:58:41 AM 323453776 388926892   2731208      0.69    857100  65005252  53531636     13.27  42496308  24558476       312   1358540   2826448     10032     17736    861768
04:58:46 AM 323461876 388935100   2722772      0.69    857100  65005404  53520588     13.27  42496344  24555964       416   1356036   2826632     10000     17644    861736
04:58:51 AM 323437336 388910828   2747252      0.70    857100  65005584  53522744     13.27  42496384  24555004       292   1354980   2826512     10048     17700    861752
04:58:56 AM 323445944 388919552   2738120      0.69    857100  65005740  53536904     13.28  42496384  24561220       220   1361140   2826880     10064     17772    861768
04:59:01 AM 323426852 388900668   2757132      0.70    857100  65005912  53528028     13.27  42496432  24557848       280   1357460   2826788     10032     17744    861784
04:59:06 AM 323441984 388916064   2742052      0.69    857100  65006208  53521556     13.27  42496456  24554416       388   1353792   2826440     10048     17696    861752
04:59:11 AM 323451088 388925392   2732796      0.69    857100  65006368  53530864     13.27  42496468  24559528       136   1358728   2826432     10080     17764    861752
04:59:16 AM 323422412 388898020   2760800      0.70    857100  65007692  53522564     13.27  42496540  24557124       480   1355200   2825780     10032     17736    861736
04:59:21 AM 323402272 388878048   2780796      0.70    857100  65007832  53527420     13.27  42496548  24559816       128   1357572   2825784     10096     17796    861736
04:59:26 AM 323405212 388881108   2777628      0.70    857100  65007988  53536252     13.28  42496536  24564992       308   1362692   2825856     10064     17776    861752
04:59:31 AM 323421880 388898344   2760868      0.70    857100  65008520  50684052     12.57  42496624  24551952       320   1349016   2825416     10048     17208    861736
04:59:36 AM 323395556 388871828   2787012      0.71    857100  65008332  53530296     13.27  42496624  24561800       284   1359280   2825784     10032     17716    861736
04:59:41 AM 323376916 388853368   2805460      0.71    857100  65008504  53526088     13.27  42496664  24560804       180   1357884   2825804     10032     17668    861736
04:59:46 AM 323363236 388840004   2818668      0.71    857100  65008892  53513936     13.27  42496664  24556696       272   1353664   2825888     10048     17128    861704
04:59:51 AM 323373772 388850588   2808028      0.71    857100  65008864  53519300     13.27  42496748  24558336       228   1355212   2826020     10048     17720    861704
04:59:56 AM 323381612 388858736   2799332      0.71    857100  65009248  50692200     12.57  42496744  24553352       276   1350076   2826492     10032     17572    861704
05:00:01 AM 323369620 388846760   2811272      0.71    857100  65009188  53523184     13.27  42496792  24559584       124   1356196   2826604     10016     17676    861816
05:00:06 AM 323356224 388833504   2824520      0.72    857104  65009344  53528052     13.27  42496828  24560896       356   1357532   2826592     10032     17708    861784
05:00:11 AM 323339428 388816880   2840928      0.72    857104  65009508  53522372     13.27  42496864  24559184        84   1355552   2826816     10096     17784    861784
05:00:16 AM 323357300 388834920   2822840      0.71    857104  65009676  53529992     13.27  42496872  24563212       300   1359516   2826864     10032     17712    861800
05:00:21 AM 323393964 388872032   2785736      0.71    857104  65010084  49818088     12.35  42496880  24529908       176   1325668   2826896     10032     17236    861784
05:00:26 AM 323344020 388821996   2835884      0.72    857104  65010028  53527972     13.27  42496952  24560452       248   1356572   2826748     10080     17788    861816
05:00:31 AM 323356904 388835336   2822844      0.71    857104  65010396  50697840     12.57  42496956  24556016        56   1351664   2826536     10032     16956    861832
05:00:36 AM 323334316 388812632   2845356      0.72    857104  65010320  53511808     13.27  42497020  24556580       340   1352400   2826688     10096     17712    861768
05:00:41 AM 323332320 388810776   2847188      0.72    857104  65010484  53529400     13.27  42497028  24563196        52   1358856   2826688     10048     17740    861800
05:00:46 AM 323347452 388826112   2832260      0.72    857104  65010660  53615528     13.30  42497068  24565932       256   1361496   2826308     10048     17728    861768
05:00:51 AM 323342944 388821736   2836464      0.72    857104  65010840  53523520     13.27  42497104  24560756        44   1356188   2826432     10048     17728    861768
05:00:56 AM 323360764 388839772   2818456      0.71    857104  65010984  53527248     13.27  42497112  24563180       252   1358456   2826476     10048     17740    861752
05:01:01 AM 323347164 388826296   2831832      0.72    857104  65011156  53615704     13.30  42497148  24594464        36   1389640   2826528     10048     17752    861800
05:01:06 AM 323382380 388861728   2796428      0.71    857104  65011328  53519948     13.27  42497184  24561752       232   1356864   2826544     10048     17740    861816
05:01:11 AM 323381500 388860936   2797136      0.71    857108  65011496  53533644     13.28  42497188  24566828        20   1361696   2826544     10048     17764    861800
05:01:16 AM 323390252 388869944   2788456      0.71    857108  65011684  53517864     13.27  42497232  24561480       200   1356224   2826284     10048     17732    861832
05:01:21 AM 323345040 388824908   2833692      0.72    857108  65011856  53519052     13.27  42497308  24558956       164   1353576   2826088     10080     17828    861872
05:01:26 AM 323374440 388854484   2803876      0.71    857108  65012012  53512252     13.27  42497348  24557104       204   1351544   2826348     10048     17724    861880
05:01:31 AM 323361132 388841300   2817024      0.71    857108  65012172  53519140     13.27  42497348  24560236       216   1354536   2826348     10048     17736    861864
05:01:36 AM 323371668 388852048   2806028      0.71    857108  65012332  53529620     13.27  42497396  24563140       588   1357296   2826648     10080     17852    861920
05:01:41 AM 323414264 388895008   2763192      0.70    857112  65012712  49808452     12.35  42497396  24526668       248   1320480   2826504     10064     17228    861864
05:01:46 AM 323378924 388859596   2798848      0.71    857112  65012616  53530556     13.27  42497432  24563952       516   1357884   2826284     10048     17760    861848
05:01:51 AM 323356868 388837636   2820712      0.71    857112  65012756  53618800     13.30  42497440  24595824       152   1389708   2826336     10048     17760    861880
05:01:56 AM 323400860 388881844   2776464      0.70    857112  65012920  53533752     13.28  42497480  24567716       444   1361292   2826428     10080     17696    861904
05:02:01 AM 323397180 388878400   2779776      0.70    857112  65013240  53542328     13.28  42497484  24571040       380   1364432   2826476     10064     17828    861928
05:02:06 AM 323387544 388868956   2788156      0.71    857112  65013368  53532492     13.27  42497512  24567780       428   1361044   2827604     10048     17592    861928
05:02:11 AM 323442564 388924604   2732476      0.69    857112  65014020  46096284     11.43  42497516  24496724       396   1289344   2827612     10032     16488    861880
05:02:16 AM 323370616 388852456   2805792      0.71    857112  65013744  53520268     13.27  42497632  24560864       448   1353784   2826520     10048     17732    861864
05:02:21 AM 323381376 388863284   2794908      0.71    857112  65013880  53525752     13.27  42497632  24563264       132   1356168   2826508     10048     17732    861832
05:02:26 AM 323373412 388855568   2802624      0.71    857112  65014072  53520128     13.27  42497680  24562252       464   1354984   2826564     10048     17724    861848
05:02:31 AM 323388108 388870396   2787760      0.71    857112  65014208  53519936     13.27  42497716  24560964       280   1353628   2826596     10048     17728    861832
05:02:36 AM 323376716 388859192   2798824      0.71    857112  65014348  53519700     13.27  42497764  24561436       512   1353444   2826784     10064     17844    861848
05:02:41 AM 323397728 388880300   2777644      0.70    857112  65014508  53527464     13.27  42497760  24564612       132   1357080   2826792     10048     17712    861832
05:02:46 AM 323398920 388881708   2776120      0.70    857112  65014656  53540308     13.28  42497768  24572564       200   1364588   2826976     10048     17756    861816
05:02:51 AM 323396540 388879432   2778320      0.70    857112  65014844  53545164     13.28  42497768  24575652       368   1367736   2826968     10048     17764    861832
05:02:56 AM 323435508 388918884   2739508      0.69    857112  65015244  50710804     12.58  42497772  24552348       176   1343900   2826412     10032     16984    861816
05:03:01 AM 323423292 388906572   2751724      0.70    857112  65015192  53530060     13.27  42497836  24570040       268   1361800   2826464     10048     17588    861800
05:03:06 AM 323398616 388882156   2776276      0.70    857112  65015372  53518232     13.27  42497908  24561860       420   1353396   2826408     10048     17728    861832
05:03:11 AM 323424356 388907852   2750444      0.70    857112  65015384  47658348     11.82  42497908  24525392       236   1316952   2826488     10048     16864    861808
05:03:16 AM 323442908 388926960   2731320      0.69    857112  65015812  43933420     10.89  42497964  24486496       376   1277620   2826632     10000     16096    861784
05:03:21 AM 323477936 388961716   2696728      0.68    857112  65015580  41803300     10.37  42497964  24488724        80   1280248   2826428      9984     15772    861784
05:03:26 AM 323474224 388958160   2700168      0.68    857112  65015688  41803300     10.37  42497968  24490216       260   1281372   2826592      9984     15784    861784
05:03:31 AM 323508676 388992552   2666072      0.68    857112  65015676  35936420      8.91  42497968  24449044        76   1240336   2826248      9952     14792    861768
05:03:36 AM 323512092 388996096   2662608      0.67    857112  65015784  35955120      8.92  42497968  24457476       376   1248604   2826188     10000     14984    861816
05:03:41 AM 323508040 388992248   2666464      0.68    857112  65016044  35959624      8.92  42497964  24460152       116   1251088   2826124      9952     14832    861784
05:03:46 AM 323501284 388985572   2673064      0.68    857112  65016160  35959624      8.92  42497968  24460436       124   1251284   2826164      9952     14836    861816
05:03:51 AM 323560456 389044684   2614080      0.66    857112  65016044  24230960      6.01  42497968  24380652        36   1171608   2826092      9904     12860    861736
05:03:56 AM 323611656 389095924   2562852      0.65    857112  65016048  12498252      3.10  42497968  24299932       376   1090848   2826116      9904     11476    861744
05:04:01 AM 323612592 389096748   2562212      0.65    857112  65015932  12495412      3.10  42497964  24297796        48   1088740   2825936      9840     10872    861688
05:04:06 AM 323603832 389087988   2570928      0.65    857112  65015960  12495412      3.10  42497956  24297784       240   1088740   2825952      9840     10876    861720
05:04:11 AM 323593580 389078240   2578920      0.65    857112  65016304  23782456      5.90  42531196  24290484        60   1114356   2827868      9936     12852    861784
05:04:16 AM 323466240 388951216   2705892      0.69    857112  65016500  23782456      5.90  42531768  24447872       188   1272056   2828040      9936     12856    861768
05:04:21 AM 323467728 388953016   2704132      0.68    857112  65016684  23782456      5.90  42532412  24448760       196   1273412   2828128      9952     12904    861768
05:04:26 AM 323467688 388953168   2703980      0.68    857112  65016844  23782456      5.90  42532912  24448808        56   1273872   2828160      9936     12852    861768
05:04:31 AM 323484956 388970712   2686620      0.68    857112  65017024  21638112      5.37  42533400  24420808        20   1246064   2828072      9920     12480    861768
05:04:36 AM 323657212 389142508   2516132      0.64    857112  65016568   6630544      1.64  42533448  24222368       324   1048192   2826760      9840      9984    861680
05:04:41 AM 323657820 389143960   2514676      0.64    857112  65017392   6628216      1.64  42533444  24222340       152   1047272   2826784      9808      9880    861656
05:04:46 AM 323659220 389147284   2511832      0.64    857112  65019252   6628216      1.64  42533444  24224144       172   1047276   2826368      9808      9876    861608
05:04:51 AM 323660924 389151004   2508112      0.64    857112  65021172   6628216      1.64  42533448  24226120         0   1047276   2826464      9808      9876    861640
05:04:56 AM 323428948 388922084   2735052      0.69    857112  65024116  53450652     13.25  42533704  24500012       356   1318640   2828556     10064     17204    861784
05:05:01 AM 323596868 389092196   2564848      0.65    857112  65026260  26439380      6.56  42533752  24325892       448   1142420   2828696     10032     13728    861840
05:05:06 AM 323506840 389004644   2653460      0.67    857112  65028720  42327048     10.50  42534016  24423908      2364   1238284   2827652     10032     15684    861768
05:05:11 AM 323431884 388930496   2727172      0.69    857112  65029524  53455120     13.26  42534252  24519772      2512   1333484   2828092     10064     17412    861736
05:05:16 AM 323432380 388932772   2725192      0.69    857112  65031284  53468464     13.26  42534520  24519332      2624   1331608   2827816     10064     17600    861784
05:05:21 AM 323425420 388927168   2731056      0.69    857112  65032636  53479044     13.26  42534776  24520116      1992   1331384   2827560     10064     17612    861768
05:05:26 AM 323424012 388927020   2731132      0.69    857112  65033892  53455980     13.26  42535020  24520628      1548   1330848   2827636     10064     17332    861736
05:05:31 AM 323439332 388944456   2713824      0.69    857112  65035988  53452124     13.25  42535280  24520084      1476   1328504   2827528     10064     17056    861744
05:05:36 AM 323520664 389027168   2630248      0.67    857112  65037360  38442948      9.53  42535436  24460028      1140   1267072   2828400     10032     15752    861752
05:05:41 AM 323578320 389087688   2570252      0.65    857112  65040184  39507668      9.80  42535640  24408888       756   1213300   2827916     10000     14692    861752
05:05:46 AM 323598344 389109500   2548984      0.65    857112  65041948  35988520      8.92  42535920  24377404      1148   1180404   2827396     10000     14568    861768
05:05:51 AM 323576504 389089760   2568144      0.65    857112  65043988  38618708      9.58  42536180  24401972      1028   1203128   2828036     10000     15140    861704
05:05:56 AM 323546980 389062128   2595928      0.66    857112  65045868  43220968     10.72  42536448  24447652      1516   1247176   2827896     10016     15588    861752
05:06:01 AM 323530800 389047512   2611268      0.66    857112  65047432  43217864     10.72  42536728  24468684      1444   1267012   2827172     10048     16132    861712
05:06:06 AM 323531296 389049580   2608484      0.66    857112  65048984  46038960     11.42  42536948  24466988      1668   1264040   2827908     10032     15916    861736
05:06:11 AM 323513292 389033464   2625284      0.66    857112  65050860  46917912     11.63  42537264  24484324      1272   1279648   2827236     10016     16056    861688
05:06:16 AM 323485068 389006860   2650732      0.67    857112  65052516  49740580     12.33  42537556  24502544      1500   1297208   2828356     10032     16848    861656
05:06:21 AM 323468928 388992316   2665140      0.67    857112  65054048  50643160     12.56  42537836  24535040      1436   1327848   2828556     10048     17300    861704
05:06:26 AM 323492992 389018236   2639520      0.67    857112  65055832  50637900     12.56  42538060  24519004      1560   1310276   2828328     10048     16808    861688
05:06:31 AM 323500260 389027984   2630364      0.67    857112  65058264  49744176     12.34  42538288  24509092      1408   1298068   2827784     10032     15924    861680
05:06:36 AM 323493812 389022888   2635088      0.67    857112  65059588  44974644     11.15  42538580  24517644      1580   1305648   2828184     10032     16868    861688
05:06:41 AM 323499268 389030604   2627744      0.67    857112  65061844  47811972     11.86  42538828  24521360      1600   1307308   2827816     10016     16716    861688
05:06:46 AM 323487852 389020932   2638232      0.67    857112  65063540  50640004     12.56  42539072  24527420      2556   1312076   2827048     10080     17060    861664
05:06:51 AM 323484968 389019820   2639300      0.67    857112  65065264  50637412     12.56  42539324  24545392      1960   1328340   2827140     10000     16800    861656
05:06:56 AM 323502412 389039496   2620120      0.66    857112  65067384  49753916     12.34  42539596  24519276      1720   1300520   2826756      9968     16636    861672
05:07:01 AM 323542800 389081984   2578040      0.65    857112  65069468  41069528     10.18  42539804  24474288      1672   1253620   2826364      9952     15352    861696
05:07:06 AM 323696444 389234980   2425532      0.61    857112  65068864   6628216      1.64  42539860  24267428       128   1047404   2825832      9728      9876    861480
05:07:11 AM 323660896 389200100   2458268      0.62    857112  65069364  23787064      5.90  42573280  24301636       260   1114440   2828144      9856     12852    861592
05:07:16 AM 323659296 389198676   2459668      0.62    857112  65069536  23787064      5.90  42573788  24303400       184   1116616   2828172      9872     12852    861560
05:07:21 AM 323659292 389199000   2459320      0.62    857112  65069740  23787064      5.90  42574388  24304532        36   1118108   2828320      9872     12852    861560
05:07:26 AM 323653776 389193660   2464700      0.62    857112  65069920  23789600      5.90  42574940  24306224       180   1120236   2828276      9904     12956    861616
05:07:31 AM 323661944 389202064   2456960      0.62    857112  65070084   6628216      1.64  42575340  24233240        40   1047408   2827684      9744      9872    861512
05:07:36 AM 323658972 389198488   2460764      0.62    857112  65069484   6630752      1.64  42575344  24233744       212   1048580   2827452      9776      9988    861536
05:07:41 AM 323647716 389188240   2471032      0.63    857112  65070452   6648544      1.65  42575384  24250024       300   1063880   2827472      9776     10004    861536
05:07:46 AM 323637600 389179672   2479412      0.63    857112  65072016   6648436      1.65  42575432  24255244       328   1067588   2827644      9760      9912    861512
