[2024-01-22 09:01:53,410 cli INFO] 
##############################################
#                                            #
#                 HADDOCK 3                  #
#                                            #
##############################################

Starting HADDOCK 3.0.0 on 2024-01-22 09:01:00

Python 3.9.18 (main, Sep 11 2023, 13:41:44) 
[GCC 11.2.0]

[2024-01-22 09:02:00,757 libworkflow INFO] Reading instructions step 0_topoaa
[2024-01-22 09:02:00,757 libworkflow INFO] Reading instructions step 1_rigidbody
[2024-01-22 09:02:00,758 libworkflow INFO] Reading instructions step 2_caprieval
[2024-01-22 09:02:00,758 libworkflow INFO] Reading instructions step 3_seletop
[2024-01-22 09:02:00,758 libworkflow INFO] Reading instructions step 4_caprieval
[2024-01-22 09:02:00,758 libworkflow INFO] Reading instructions step 5_flexref
[2024-01-22 09:02:00,759 libworkflow INFO] Reading instructions step 6_caprieval
[2024-01-22 09:02:00,759 libworkflow INFO] Reading instructions step 7_emref
[2024-01-22 09:02:00,759 libworkflow INFO] Reading instructions step 8_caprieval
[2024-01-22 09:02:00,759 libworkflow INFO] Reading instructions step 9_clustfcc
[2024-01-22 09:02:00,760 libworkflow INFO] Reading instructions step 10_seletopclusts
[2024-01-22 09:02:00,760 libworkflow INFO] Reading instructions step 11_caprieval
[2024-01-22 09:02:00,923 base_cns_module INFO] Running [topoaa] module
[2024-01-22 09:02:00,924 __init__ INFO] [topoaa] Molecule 1: 4G6K_fv.pdb
[2024-01-22 09:02:00,931 __init__ INFO] [topoaa] Sanitizing molecule 4G6K_fv.pdb
[2024-01-22 09:02:01,060 __init__ INFO] [topoaa] Topology CNS input created in 4G6K_fv.inp
[2024-01-22 09:02:01,060 __init__ INFO] [topoaa] Molecule 2: 4I1B-matched.pdb
[2024-01-22 09:02:01,066 __init__ INFO] [topoaa] Sanitizing molecule 4I1B-matched.pdb
[2024-01-22 09:02:01,173 __init__ INFO] [topoaa] Topology CNS input created in 4I1B-matched.inp
[2024-01-22 09:02:01,174 __init__ INFO] [topoaa] Running CNS Jobs n=2
[2024-01-22 09:02:01,174 libutil INFO] Selected 2 cores to process 2 jobs, with 32 maximum available cores.
{0: (PosixPath('4G6K_fv.inp'), 11), 1: (PosixPath('4I1B-matched.inp'), 16)}
[2024-01-22 09:02:01,174 libparallel INFO] Using 2 cores
[2024-01-22 09:02:06,406 libparallel INFO] >> /4G6K_fv.inp completed 50% 
[2024-01-22 09:02:06,408 libparallel INFO] >> /4I1B-matched.inp completed 100% 
[2024-01-22 09:02:06,408 libparallel INFO] 2 tasks finished
[2024-01-22 09:02:06,408 __init__ INFO] [topoaa] CNS jobs have finished
[2024-01-22 09:02:06,489 base_cns_module INFO] Module [topoaa] finished.
[2024-01-22 09:02:06,489 __init__ INFO] [topoaa] took 6 seconds
[2024-01-22 09:02:07,644 base_cns_module INFO] Running [rigidbody] module
[2024-01-22 09:02:07,645 __init__ INFO] [rigidbody] crossdock=true
[2024-01-22 09:02:07,645 __init__ INFO] [rigidbody] Preparing jobs...
[2024-01-22 09:02:17,559 libutil ERROR] [Errno 28] No space left on device
Traceback (most recent call last):
  File "/home/greenBeans/haddock3/src/haddock/libs/libutil.py", line 310, in log_error_and_exit
    yield
  File "/home/greenBeans/haddock3/src/haddock/clis/cli.py", line 178, in main
    workflow.run()
  File "/home/greenBeans/haddock3/src/haddock/libs/libworkflow.py", line 39, in run
    step.execute()
  File "/home/greenBeans/haddock3/src/haddock/libs/libworkflow.py", line 143, in execute
    self.module.run()
  File "/home/greenBeans/haddock3/src/haddock/modules/base_cns_module.py", line 59, in run
    self._run()
  File "/home/greenBeans/haddock3/src/haddock/modules/sampling/rigidbody/__init__.py", line 108, in _run
    inp_file = prepare_cns_input(
  File "/home/greenBeans/haddock3/src/haddock/libs/libcns.py", line 350, in prepare_cns_input
    inp_file.write_text(inp)
  File "/home/greenBeans/anaconda3/envs/haddock3/lib/python3.9/pathlib.py", line 1286, in write_text
    return f.write(data)
OSError: [Errno 28] No space left on device
[2024-01-22 09:02:17,561 libutil ERROR] [Errno 28] No space left on device
[2024-01-22 09:02:17,561 libutil ERROR] An error has occurred, see log file. And contact t