[2024-01-22 08:42:39,559 cli INFO] 
##############################################
#                                            #
#                 HADDOCK 3                  #
#                                            #
##############################################

Starting HADDOCK 3.0.0 on 2024-01-22 08:42:00

Python 3.9.18 (main, Sep 11 2023, 13:41:44) 
[GCC 11.2.0]

[2024-01-22 08:42:44,121 libworkflow INFO] Reading instructions step 0_topoaa
[2024-01-22 08:42:44,121 libworkflow INFO] Reading instructions step 1_rigidbody
[2024-01-22 08:42:44,121 libworkflow INFO] Reading instructions step 2_caprieval
[2024-01-22 08:42:44,121 libworkflow INFO] Reading instructions step 3_seletop
[2024-01-22 08:42:44,121 libworkflow INFO] Reading instructions step 4_caprieval
[2024-01-22 08:42:44,122 libworkflow INFO] Reading instructions step 5_flexref
[2024-01-22 08:42:44,122 libworkflow INFO] Reading instructions step 6_caprieval
[2024-01-22 08:42:44,122 libworkflow INFO] Reading instructions step 7_emref
[2024-01-22 08:42:44,122 libworkflow INFO] Reading instructions step 8_caprieval
[2024-01-22 08:42:44,122 libworkflow INFO] Reading instructions step 9_clustfcc
[2024-01-22 08:42:44,122 libworkflow INFO] Reading instructions step 10_seletopclusts
[2024-01-22 08:42:44,122 libworkflow INFO] Reading instructions step 11_caprieval
[2024-01-22 08:42:44,223 base_cns_module INFO] Running [topoaa] module
[2024-01-22 08:42:44,223 __init__ INFO] [topoaa] Molecule 1: 4G6K_fv.pdb
[2024-01-22 08:42:44,229 __init__ INFO] [topoaa] Sanitizing molecule 4G6K_fv.pdb
[2024-01-22 08:42:44,400 __init__ INFO] [topoaa] Topology CNS input created in 4G6K_fv.inp
[2024-01-22 08:42:44,401 __init__ INFO] [topoaa] Molecule 2: 4I1B-matched.pdb
[2024-01-22 08:42:44,405 __init__ INFO] [topoaa] Sanitizing molecule 4I1B-matched.pdb
[2024-01-22 08:42:44,505 __init__ INFO] [topoaa] Topology CNS input created in 4I1B-matched.inp
[2024-01-22 08:42:44,505 __init__ INFO] [topoaa] Running CNS Jobs n=2
[2024-01-22 08:42:44,505 libutil INFO] Selected 2 cores to process 2 jobs, with 32 maximum available cores.
[2024-01-22 08:42:44,506 libparallel INFO] Using 2 cores
[2024-01-22 08:42:49,555 libparallel INFO] >> /4G6K_fv.inp completed 50% 
[2024-01-22 08:42:49,556 libparallel INFO] >> /4I1B-matched.inp completed 100% 
[2024-01-22 08:42:49,556 libparallel INFO] 2 tasks finished
[2024-01-22 08:42:49,556 __init__ INFO] [topoaa] CNS jobs have finished
[2024-01-22 08:42:49,605 base_cns_module INFO] Module [topoaa] finished.
[2024-01-22 08:42:49,605 __init__ INFO] [topoaa] took 5 seconds
[2024-01-22 08:42:50,639 base_cns_module INFO] Running [rigidbody] module
[2024-01-22 08:42:50,640 __init__ INFO] [rigidbody] crossdock=true
[2024-01-22 08:42:50,641 __init__ INFO] [rigidbody] Preparing jobs...
[2024-01-22 08:54:13,754 libutil ERROR] [Errno 28] No space left on device
Traceback (most recent call last):
  File "/home/greenBeans/haddock3/src/haddock/libs/libutil.py", line 310, in log_error_and_exit
    yield
  File "/home/greenBeans/haddock3/src/haddock/clis/cli.py", line 178, in main
    workflow.run()
  File "/home/greenBeans/haddock3/src/haddock/libs/libworkflow.py", line 38, in run
    step.execute()
  File "/home/greenBeans/haddock3/src/haddock/libs/libworkflow.py", line 140, in execute
    self.module.run()
  File "/home/greenBeans/haddock3/src/haddock/modules/base_cns_module.py", line 59, in run
    self._run()
  File "/home/greenBeans/haddock3/src/haddock/modules/sampling/rigidbody/__init__.py", line 108, in _run
    inp_file = prepare_cns_input(
  File "/home/greenBeans/haddock3/src/haddock/libs/libcns.py", line 350, in prepare_cns_input
    inp_file.write_text(inp)
  File "/home/greenBeans/anaconda3/envs/haddock3/lib/python3.9/pathlib.py", line 1286, in write_text
    return f.write(data)
OSError: [Errno 28] No space left on device
[2024-01-22 08:54:13,755 libutil ERROR] [Errno 28] No space left on device
[2024-01-22 08:54:13,756 libutil ERROR] An error has occurred, see log file. And contact the developers if needed.
[2024-01-22 08:54:13,756 libutil INFO] Finished at 