Linux 5.15.30-2-pve (superserver2) 	01/27/2024 	_x86_64_	(32 CPU)

05:12:57 AM kbmemfree   kbavail kbmemused  %memused kbbuffers  kbcached  kbcommit   %commit  kbactive   kbinact   kbdirty  kbanonpg    kbslab  kbkstack   kbpgtbl  kbvmused
05:13:02 AM 323626948 389171668   2488088      0.63    857112  65074524   7089876      1.76  42575384  24225848       172   1035600   2827112     10704      9956    862408
05:13:07 AM 323618472 389165512   2493100      0.63    857112  65076812  25836180      6.41  42576324  24240168       440   1048616   2828288     10480     11792    861824
05:13:12 AM 323610172 389159424   2499896      0.63    857112  65078940   6616840      1.64  42577808  24227152        36   1034912   2827664      9664      9796    861656
05:13:17 AM 323609980 389160784   2499244      0.63    857112  65080400   6620692      1.64  42577992  24230388       296   1036892   2827048      9696      9912    861600
05:13:22 AM 323612936 389165896   2494132      0.63    857112  65082452   6617868      1.64  42578052  24230952        40   1035408   2827152      9664      9804    861576
05:13:27 AM 323614140 389168436   2491588      0.63    857112  65083696   6617868      1.64  42578060  24232548       416   1035888   2827248      9696      9920    861560
05:13:32 AM 323612928 389169352   2490696      0.63    857112  65085716   6617868      1.64  42578116  24234152        44   1035412   2827332      9664      9812    861544
05:13:37 AM 323609224 389167484   2492452      0.63    857112  65087404   6617868      1.64  42578120  24235828       212   1035416   2827592      9664      9812    861576
05:13:42 AM 323608040 389168376   2491560      0.63    857112  65089364   6617868      1.64  42578184  24237732        56   1035408   2827708      9664      9808    861544
05:13:47 AM 323606656 389168812   2490996      0.63    857112  65091080   6617868      1.64  42578248  24239360       216   1035416   2827940      9664      9808    861560
05:13:52 AM 323604840 389168620   2491180      0.63    857112  65092592   6618872      1.64  42578252  24241556        60   1036072   2828060      9680      9868    861560
05:13:57 AM 323602684 389168196   2491456      0.63    857112  65094220   6618872      1.64  42578316  24243084       104   1036068   2828312      9680      9868    861560
05:14:02 AM 323601344 389168512   2491192      0.63    857112  65095764   6621712      1.64  42578316  24246108         0   1037560   2828372      9712      9992    861536
05:14:07 AM 323595384 389164700   2494604      0.63    857112  65097764   6621696      1.64  42578376  24248028       460   1037556   2828920      9712      9980    861568
05:14:12 AM 323595912 389167036   2492276      0.63    857112  65099444   6618872      1.64  42578436  24248252       224   1036100   2829040      9680      9876    861512
05:14:17 AM 323593736 389166844   2492512      0.63    857112  65101328   6621408      1.64  42578444  24251056       212   1037136   2829096      9712      9976    861552
05:14:22 AM 323592244 389167732   2491608      0.63    857112  65103548   6618872      1.64  42578508  24252876       216   1036696   2829272      9712      9988    861496
05:14:27 AM 323591584 389168636   2490900      0.63    857112  65105004   6618872      1.64  42578572  24253752        68   1036228   2829184      9664      9872    861544
05:14:32 AM 323589616 389168732   2490800      0.63    857112  65106940   6618872      1.64  42578572  24255780        52   1036268   2829316      9664      9868    861528
05:14:37 AM 323347740 388928824   2729168      0.69    857112  65108848  53316316     13.22  42579076  24525112      1916   1304168   2830916      9968     17056    861664
05:14:42 AM 323343308 388925844   2732768      0.69    857112  65110256  53312600     13.22  42579972  24526960      1444   1305772   2830340      9936     16908    861608
05:14:47 AM 323380244 388963756   2694560      0.68    857112  65111228  53320124     13.22  42580120  24526908       792   1304420   2830640      9936     16368    861576
05:14:52 AM 323416848 389002260   2656588      0.67    857112  65113100  43968556     10.90  42580236  24495544      1740   1271652   2830136      9920     16276    861560
05:14:57 AM 323381968 388968236   2690312      0.68    857112  65113960  53305192     13.22  42580424  24532180      1952   1307448   2830432      9952     16912    861528
05:15:02 AM 323378324 388966064   2692308      0.68    857112  65115412  53306556     13.22  42580648  24533460      1776   1307336   2830628      9968     16988    861632
05:15:07 AM 323379224 388968292   2689512      0.68    857112  65116688  53296328     13.22  42580848  24532744      1452   1305972   2831248      9968     16764    861624
05:15:12 AM 323430072 389021008   2637188      0.67    857112  65118516  49594176     12.30  42580976  24504828       708   1276308   2830896      9936     16228    861608
05:15:17 AM 323411928 389003948   2654024      0.67    857112  65119580  49597348     12.30  42581116  24508424      1828   1279060   2831140      9968     16400    861640
05:15:22 AM 323389292 388982512   2675688      0.68    857112  65120712  53316872     13.22  42581348  24539200      1716   1308828   2830980     10000     17032    861680
05:15:27 AM 323406080 389000704   2657712      0.67    857112  65122108  53301668     13.22  42581548  24538200      1516   1306812   2830772      9968     16576    861624
05:15:32 AM 323377632 388973844   2685072      0.68    857112  65123672  53296348     13.22  42581704  24537076       824   1304200   2830296      9952     16312    861688
05:15:37 AM 323422724 389020448   2637924      0.67    857112  65125108  43962376     10.90  42581888  24485836       904   1251636   2830916      9936     15360    861672
05:15:42 AM 323366732 388965952   2692644      0.68    857112  65126564  50485620     12.52  42582064  24535556      1324   1300216   2830732      9936     15776    861672
05:15:47 AM 323371700 388971804   2685924      0.68    857112  65127488  50479356     12.52  42582260  24540880       504   1304788   2831560      9968     16760    861608
05:15:52 AM 323379268 388980876   2677128      0.68    857112  65128996  53317400     13.22  42582440  24545940      1664   1308216   2831280     10000     17024    861648
05:15:57 AM 323389780 388993296   2664948      0.67    857112  65130868  53291468     13.22  42582628  24543660      1256   1304592   2831076      9936     16004    861672
05:16:02 AM 323443120 389047576   2610160      0.66    857112  65131776  46784388     11.60  42582800  24493900       760   1253896   2831616      9936     15188    861640
05:16:07 AM 323430028 389036096   2620780      0.66    857112  65133376  46794296     11.60  42582988  24508824      1716   1267428   2832488     10032     16032    861720
05:16:12 AM 323386188 388993496   2663504      0.67    857112  65134560  50486056     12.52  42583180  24549320      1744   1306984   2832420      9952     16792    861656
05:16:17 AM 323455932 389065328   2591996      0.66    857112  65136620  43089108     10.69  42583336  24488164       272   1243908   2832124      9904     15784    861608
05:16:22 AM 323394380 389004516   2653208      0.67    857112  65137308  53309220     13.22  42583560  24552160        76   1307580   2831776      9952     16912    861624
05:16:27 AM 323386348 388998072   2659944      0.67    857112  65138828  50496764     12.52  42583740  24552120      1404   1306112   2831552      9968     16560    861632
05:16:32 AM 323398556 389011852   2646504      0.67    857112  65140280  53284756     13.21  42583912  24552120       364   1304804   2831332      9936     16492    861656
05:16:37 AM 323453884 389068640   2589104      0.66    857112  65141732  45904508     11.38  42584060  24495604       244   1247124   2831952      9968     15816    861656
05:16:42 AM 323407800 389023660   2634992      0.67    857112  65142776  50488828     12.52  42584252  24553292      1252   1303524   2831104      9952     16156    861608
05:16:47 AM 323428152 389045488   2613292      0.66    857112  65144216  49601636     12.30  42584432  24529660       116   1278576   2831012      9968     16444    861640
05:16:52 AM 323406488 389025180   2633888      0.67    857112  65145548  50495748     12.52  42584628  24540500        68   1288776   2830748      9968     16240    861640
05:16:57 AM 323396912 389016460   2641472      0.67    857112  65146480  50470860     12.52  42584760  24539264       684   1286464   2831808     10000     16632    861672
05:17:02 AM 323368652 388989556   2667872      0.68    857112  65147752  53287856     13.21  42584932  24560712       136   1306956   2832396     10016     16752    861664
05:17:07 AM 323394216 389016848   2640260      0.67    857112  65149460  49596092     12.30  42585124  24531964      1524   1276760   2832736     10000     16508    861680
05:17:12 AM 323392320 389015792   2641620      0.67    857112  65150260  47674412     11.82  42585316  24539920       980   1283996   2832472      9984     16344    861624
05:17:17 AM 323424116 389049424   2608128      0.66    857112  65152096  49595532     12.30  42585576  24534788      1520   1276868   2832332      9984     16432    861640
05:17:22 AM 323405252 389031920   2625556      0.66    857112  65153452  53302496     13.22  42585840  24565392      1588   1306860   2832412      9968     16852    861624
05:17:27 AM 323424728 389052884   2605524      0.66    857112  65154924  49596088     12.30  42586048  24538652      1392   1278856   2831496      9968     16356    861608
05:17:32 AM 323436424 389065868   2592084      0.66    857112  65156228  47672644     11.82  42586220  24533680      1228   1272832   2831936     10000     16128    861632
05:17:37 AM 323393468 389024336   2633880      0.67    857112  65157568  53298304     13.22  42586436  24568008      1364   1306576   2831756      9984     16580    861608
05:17:42 AM 323391124 389023320   2635244      0.67    857112  65158892  47663720     11.82  42586572  24564792      1012   1301132   2831412      9968     16272    861608
05:17:47 AM 323380348 389013700   2644304      0.67    857112  65160016  53289420     13.21  42586752  24571864      1212   1307704   2832004      9984     16704    861640
05:17:52 AM 323412828 389047972   2609972      0.66    857112  65161792  49596340     12.30  42586940  24543428       972   1277568   2832080      9968     16312    861624
05:17:57 AM 323371544 389007860   2650032      0.67    857112  65162932  53304512     13.22  42587140  24574452      1840   1307812   2832164      9984     16928    861592
05:18:02 AM 323373516 389011080   2647264      0.67    857112  65164140  53301224     13.22  42587328  24573048      1260   1305428   2831752      9968     16560    861624
05:18:07 AM 323416444 389056000   2603112      0.66    857112  65166084  43087088     10.68  42587496  24516924      1260   1247400   2831032      9984     15852    861696
05:18:12 AM 323361092 389001524   2657568      0.67    857112  65166948  53312400     13.22  42587684  24576896      1468   1306796   2831064      9968     16828    861640
05:18:17 AM 323376576 389018804   2639728      0.67    857112  65168732  49617688     12.30  42587900  24549876      1544   1277648   2831636      9984     16496    861632
05:18:22 AM 323347900 388991312   2667968      0.68    857112  65169916  53303752     13.22  42588052  24580052       768   1307316   2830888      9952     16504    861608
05:18:27 AM 323378032 389022796   2635940      0.67    857112  65171236  49603512     12.30  42588244  24552292      1212   1277876   2831464      9984     16288    861600
05:18:32 AM 323369908 389015928   2642988      0.67    857112  65172484  50477268     12.52  42588392  24562820      1068   1287828   2831292      9952     16012    861592
05:18:37 AM 323341188 388988600   2670492      0.68    857112  65173864  53304268     13.22  42588604  24586500      2016   1310292   2831128     10000     17096    861624
05:18:42 AM 323375812 389024400   2634080      0.67    857112  65175004  50476624     12.52  42588768  24566436       820   1289368   2831776      9968     16576    861608
05:18:47 AM 323372240 389022456   2635848      0.67    857112  65176568  50483888     12.52  42588956  24566696       812   1288156   2832016      9952     16156    861624
05:18:52 AM 323422472 389074256   2583920      0.65    857112  65178096  45895708     11.38  42589096  24526836       508   1246836   2832184      9952     15796    861608
05:18:57 AM 323356228 389008948   2649688      0.67    857112  65179032  53293320     13.22  42589296  24589676       708   1308596   2831724      9968     16900    861656
05:19:02 AM 323359640 389013440   2645508      0.67    857112  65180080  53299056     13.22  42589448  24588964       440   1307512   2831444      9984     16464    861640
05:19:07 AM 323347264 389002884   2655752      0.67    857112  65181788  53300104     13.22  42589624  24592616       948   1309548   2831868      9968     16648    861656
05:19:12 AM 323370072 389027380   2631396      0.67    857112  65183424  47673428     11.82  42589808  24586984       512   1302412   2831780      9952     16628    861624
05:19:17 AM 323377180 389036032   2621812      0.66    857112  65185020  50487256     12.52  42589964  24587476       768   1301564   2832660      9952     16484    861656
05:19:22 AM 323410780 389070840   2586288      0.65    857112  65186180  49596432     12.30  42590160  24565508      1604   1278192   2833424      9968     16352    861656
05:19:27 AM 323391860 389053540   2604284      0.66    857112  65187816  49598756     12.30  42590364  24568452      1680   1279712   2832712     10016     16624    861704
05:19:32 AM 323365604 389028476   2629384      0.67    857112  65188952  53298760     13.22  42590572  24597748      1376   1307952   2832732      9968     16812    861688
05:19:37 AM 323417824 389082564   2574936      0.65    857112  65190800  45900580     11.38  42590748  24539548      1544   1248704   2833112      9984     15944    861696
05:19:42 AM 323372272 389038028   2620604      0.66    857112  65191740  53295632     13.22  42590952  24596760      1288   1305164   2832056      9968     16748    861672
05:19:47 AM 323430848 389098408   2559940      0.65    857112  65193532  43083180     10.68  42591084  24537532       260   1244288   2832352      9952     15820    861672
05:19:52 AM 323379132 389047732   2610584      0.66    857112  65194532  53304732     13.22  42591280  24604692       356   1310564   2832424      9984     16912    861720
05:19:57 AM 323390144 389060172   2598248      0.66    857112  65195932  53298552     13.22  42591460  24602824      1744   1307680   2832348      9968     16920    861672
05:20:02 AM 323392396 389063868   2594144      0.66    857112  65197404  50482912     12.52  42591660  24594372      1208   1297792   2832728      9984     16380    861664
05:20:07 AM 323398924 389071820   2586856      0.66    857112  65198700  50484596     12.52  42591776  24586648       164   1288928   2832192      9936     16368    861608
05:20:12 AM 323371260 389045448   2613036      0.66    857112  65199932  53304332     13.22  42592008  24607612      1564   1308880   2832444      9952     16924    861624
05:20:17 AM 323372588 389048488   2609252      0.66    857112  65201604  49595076     12.30  42592188  24575508      1020   1275812   2833228      9968     15892    861672
05:20:22 AM 323344200 389021188   2637348      0.67    857112  65202636  50491140     12.52  42592328  24607876      1208   1306964   2832488      9984     15792    861656
05:20:27 AM 323350108 389028972   2630004      0.67    857112  65204484  49603844     12.30  42592500  24584408       364   1281480   2832076      9952     16588    861632
05:20:32 AM 323327384 389007156   2652228      0.67    857112  65205384  50485544     12.52  42592696  24612576         4   1308804   2831676      9952     16812    861624
05:20:37 AM 323332104 389013216   2645944      0.67    857112  65206672  53291380     13.22  42592904  24616196       700   1311452   2831952      9968     16928    861704
05:20:42 AM 323393932 389076756   2581884      0.65    857112  65208372  45910336     11.38  42593040  24554908      1152   1248580   2832484      9936     15744    861624
05:20:47 AM 323372240 389056180   2602724      0.66    857112  65209408  44857876     11.12  42593164  24582052      1136   1274844   2832300      9920     15172    861624
05:20:52 AM 323339288 389024412   2634416      0.67    857112  65210600  53299320     13.22  42593392  24619836      1672   1311684   2832368      9968     17040    861656
05:20:57 AM 323327852 389014540   2643720      0.67    857112  65212124  53300224     13.22  42593600  24618152      1568   1308900   2832976     10000     16656    861696
05:21:02 AM 323385788 389073588   2584080      0.65    857112  65213236  46786756     11.60  42593756  24565092      1164   1254224   2833568     10032     15872    861704
05:21:07 AM 323311056 389000320   2657968      0.67    857112  65214648  53305308     13.22  42593936  24620952      1392   1309280   2833000      9968     16228    861704
05:21:12 AM 323385580 389076688   2581024      0.65    857112  65216528  43087780     10.68  42594088  24541448      1384   1227544   2833540      9984     15436    861688
05:21:17 AM 323303448 388995440   2662768      0.67    857112  65217272  53305156     13.22  42594284  24624300      1800   1309968   2833184      9984     16980    861640
05:21:22 AM 323319392 389012816   2645504      0.67    857112  65218688  53301028     13.22  42594496  24624488      1416   1309496   2833088     10016     17040    861648
05:21:27 AM 323332248 389026816   2631396      0.67    857112  65219832  46785520     11.60  42594644  24592128      1720   1275624   2833196      9968     15944    861656
05:21:32 AM 323292104 388988296   2669364      0.68    857112  65221436  53303196     13.22  42594844  24628184      1732   1310752   2833768      9984     16968    861720
05:21:37 AM 323307560 389004956   2652820      0.67    857112  65222576  53305916     13.22  42595028  24625940      1008   1307596   2833716     10016     16688    861728
05:21:42 AM 323366692 389066364   2591724      0.66    857112  65224772  45897644     11.38  42595204  24568652      1296   1248044   2833484      9952     15852    861688
05:21:47 AM 323308012 389008460   2649452      0.67    857112  65225548  53305320     13.22  42595372  24631396      1756   1310396   2833660     10016     16968    861744
05:21:52 AM 323342224 389044008   2613628      0.66    857112  65226888  50477536     12.52  42595564  24623132      1504   1300396   2833932      9984     16588    861664
05:21:57 AM 323375000 389078212   2579928      0.65    857112  65228284  46784624     11.60  42595704  24583920       804   1259980   2833460      9952     16252    861624
05:22:02 AM 323358776 389063492   2595456      0.66    857112  65229780  49596368     12.30  42595904  24602680      1388   1277828   2832660      9952     16344    861608
05:22:07 AM 323342092 389047952   2610612      0.66    857112  65230904  53296820     13.22  42596072  24632580      1996   1306876   2833064      9952     16468    861592
05:22:12 AM 323357472 389064740   2593748      0.66    857112  65232264  50490240     12.52  42596256  24616504       636   1289588   2833188      9936     16284    861560
05:22:17 AM 323374056 389082848   2575184      0.65    857112  65233756  46785344     11.60  42596416  24584100      1064   1255872   2833676      9920     15600    861560
05:22:22 AM 323330464 389040484   2617544      0.66    857112  65234956  53293216     13.22  42596592  24638236       592   1309004   2833708      9936     16496    861560
05:22:27 AM 323347436 389058820   2599484      0.66    857112  65236308  50493412     12.52  42596772  24620820       712   1290444   2833444      9952     16260    861592
05:22:32 AM 323362756 389075260   2583312      0.65    857112  65237428  50482616     12.52  42596952  24612612      1016   1281152   2833176      9952     16172    861640
05:22:37 AM 323331892 389045820   2611980      0.66    857112  65238812  53293360     13.22  42597124  24641964      1428   1309384   2833988      9968     16568    861688
05:22:42 AM 323348180 389063548   2595380      0.66    857112  65240184  47671828     11.82  42597272  24634224      1292   1300808   2832928      9952     16136    861656
05:22:47 AM 323335648 389052028   2606796      0.66    857112  65241196  53297980     13.22  42597484  24641536       412   1306408   2833032      9968     16744    861672
05:22:52 AM 323332092 389049856   2609328      0.66    857112  65242584  53299384     13.22  42597668  24646856      1372   1311156   2832668     10000     16796    861704
05:22:57 AM 323346316 389065944   2592876      0.66    857112  65244352  50496148     12.52  42597852  24629148      1420   1291720   2833128      9984     16412    861744
05:23:02 AM 323326948 389048164   2610984      0.66    857112  65245900  53306116     13.22  42598052  24650512      1668   1311800   2832840      9984     16660    861744
05:23:07 AM 323400884 389123464   2534432      0.64    857112  65247208  42207360     10.47  42598168  24557716      1284   1217672   2834148      9936     15280    861672
05:23:12 AM 323345428 389069416   2588068      0.66    857112  65248568  49601892     12.30  42598392  24620272      1636   1279308   2834608      9968     16400    861656
05:23:17 AM 323325580 389051040   2607224      0.66    857112  65250012  49601108     12.30  42598584  24621664      1536   1279008   2833856      9968     16400    861608
05:23:22 AM 323306552 389033596   2624148      0.66    857112  65251512  53287644     13.21  42598768  24653380      1420   1309756   2834460      9952     16476    861688
05:23:27 AM 323327356 389055512   2602288      0.66    857112  65252560  50477172     12.52  42598884  24632372       244   1288280   2834468      9936     15724    861672
05:23:32 AM 323306460 389035656   2622528      0.66    857112  65253568  53293420     13.22  42599088  24654828       100   1309672   2834116      9968     16940    861656
05:23:37 AM 323301568 389032388   2625916      0.67    857112  65255120  53316880     13.22  42599320  24658128       420   1310948   2834068     10000     17040    861728
05:23:42 AM 323306652 389038780   2619228      0.66    857112  65256376  53296252     13.22  42599516  24655052      1080   1307396   2834416      9968     16820    861672
05:23:47 AM 323387836 389121620   2536172      0.64    857112  65258036  37453044      9.29  42599592  24558272      1260   1208916   2834628      9968     14808    861648
05:23:52 AM 323296088 389030896   2626712      0.67    857112  65259056  53296092     13.22  42599776  24657776       768   1307132   2834816      9952     16492    861640
05:23:57 AM 323319012 389055332   2602448      0.66    857112  65260524  49600368     12.30  42599992  24629080       880   1277696   2834688      9968     16332    861688
05:24:02 AM 323301772 389039188   2619320      0.66    857112  65261592  53314096     13.22  42600208  24661212      1252   1309064   2833988      9968     16828    861672
05:24:07 AM 323378632 389117612   2540224      0.64    857112  65263100  40268088      9.99  42600276  24580632      1164   1226896   2834716      9984     14892    861736
05:24:12 AM 323329592 389069968   2587828      0.66    857112  65264480  49607376     12.30  42600468  24636860      1924   1281800   2834772      9952     16448    861704
05:24:17 AM 323301068 389042540   2617112      0.66    857112  65265576  53302720     13.22  42600692  24665432      1652   1309672   2832916      9968     16932    861656
05:24:22 AM 323298512 389041352   2617668      0.66    857112  65266912  50486944     12.52  42600856  24661332      1080   1304420   2833580      9984     16144    861624
05:24:27 AM 323318380 389062684   2596756      0.66    857112  65268372  49600472     12.30  42601024  24638336      1560   1280152   2833164      9952     16388    861624
05:24:32 AM 323300368 389046400   2613672      0.66    857112  65270100  53309296     13.22  42601228  24666944      1364   1307304   2832532      9936     16148    861608
05:24:37 AM 323290656 389037788   2621804      0.66    857112  65271168  53289236     13.21  42601420  24673972      1596   1313268   2833044      9968     16908    861592
05:24:42 AM 323327156 389075648   2583792      0.65    857112  65272448  49619480     12.30  42601600  24641008      1256   1279316   2833276      9984     16296    861632
05:24:47 AM 323344052 389094048   2564156      0.65    857112  65273952  44849848     11.12  42601728  24603976      1016   1240776   2834512      9952     15272    861704
05:24:52 AM 323276800 389027916   2629812      0.67    857112  65275084  53300976     13.22  42601892  24670708       744   1306632   2834976      9952     16376    861688
05:24:57 AM 323282300 389034592   2623840      0.66    857112  65276200  53308924     13.22  42602120  24674816      1476   1309836   2834332      9984     16940    861720
05:25:02 AM 323294332 389047968   2609992      0.66    857112  65277516  53314576     13.22  42602316  24675684      1144   1309172   2834832      9984     16744    861688
05:25:07 AM 323278052 389033460   2624256      0.66    857112  65279276  53292340     13.22  42602456  24680276      1312   1312528   2835088     10032     16512    861760
05:25:12 AM 323280552 389037100   2621172      0.66    857112  65280360  53297356     13.22  42602632  24677012      1108   1308340   2834588      9968     16572    861736
05:25:17 AM 323305100 389063564   2594528      0.66    857112  65282276  46780652     11.60  42602816  24645176       756   1274756   2834768      9936     15268    861720
05:25:22 AM 323289344 389048772   2609208      0.66    857112  65283224  49614320     12.30  42602984  24651720       792   1280164   2834896     10000     16476    861760
05:25:27 AM 323294240 389054944   2602776      0.66    857112  65284408  47669344     11.82  42603152  24660168      1048   1287936   2835248      9968     16152    861768
05:25:32 AM 323280900 389042988   2616020      0.66    857112  65285764  53293488     13.22  42603356  24685740      1192   1312656   2833988      9984     16980    861736
05:25:37 AM 323254152 389017460   2641392      0.67    857112  65286948  53299956     13.22  42603528  24684604       872   1310236   2834180      9968     16764    861624
05:25:42 AM 323275964 389040856   2617836      0.66    857112  65288572  46988556     11.65  42603692  24656608       800   1280984   2834300     10016     16332    861640
05:25:47 AM 323250348 389016200   2641908      0.67    857112  65289456  53302644     13.22  42603840  24685744      1648   1309280   2834960      9968     16732    861656
05:25:52 AM 323282692 389050372   2608448      0.66    857112  65291256  49596264     12.30  42604048  24656416      1332   1278348   2834276      9952     15820    861656
05:25:57 AM 323240496 389009032   2649660      0.67    857112  65292052  53304232     13.22  42604232  24689536       788   1310332   2834464      9984     16736    861704
05:26:02 AM 323320872 389091564   2567388      0.65    857112  65294168  43966444     10.90  42604384  24620132       824   1239828   2834244      9936     15036    861672
05:26:07 AM 323291692 389063504   2594912      0.66    857112  65295200  46971720     11.65  42604580  24642412      1732   1260332   2834868     10000     15968    861768
05:26:12 AM 323261680 389034580   2623556      0.66    857112  65296248  53303288     13.22  42604748  24693692      1484   1311368   2835188      9968     16728    861752
05:26:17 AM 323260428 389034812   2623368      0.66    857112  65297696  53301904     13.22  42604952  24691432       712   1307784   2835180      9968     16472    861736
05:26:22 AM 323294680 389070680   2587304      0.66    857112  65299312  49595208     12.30  42605112  24666064      1536   1280924   2835376      9952     16416    861704
05:26:27 AM 323326160 389102876   2555144      0.65    857112  65300000  46783904     11.60  42605280  24640008       492   1254376   2835368      9952     15904    861816
05:26:32 AM 323271652 389050052   2608408      0.66    857112  65301656  53306440     13.22  42605484  24700164       560   1313116   2834956     10016     17076    861808
05:26:37 AM 323307940 389088244   2570056      0.65    857112  65303524  46777028     11.60  42605648  24666416      1472   1277652   2835152      9968     15928    861768
05:26:42 AM 323242304 389023200   2634984      0.67    857112  65304100  53294772     13.22  42605832  24699884       552   1310732   2835284     10048     16932    861744
05:26:47 AM 323278016 389060580   2597564      0.66    857112  65305740  49601072     12.30  42606024  24668760       284   1278080   2835352      9984     16184    861720
05:26:52 AM 323305636 389089804   2568152      0.65    857112  65307200  47665540     11.82  42606184  24669464       108   1277540   2835684      9984     16012    861704
05:26:57 AM 323274236 389059656   2597904      0.66    857112  65308428  53287368     13.21  42606360  24703720       484   1310872   2836104     10000     16584    861768
05:27:02 AM 323299068 389086020   2571672      0.65    857112  65309912  49596868     12.30  42606560  24674508       320   1280740   2836020     10000     16208    861720
05:27:07 AM 323284180 389072852   2585136      0.65    857112  65311568  49600148     12.30  42606688  24678624       524   1282880   2835788      9984     16468    861720
05:27:12 AM 323255508 389045144   2612744      0.66    857112  65312504  53294948     13.22  42606904  24707808       788   1311488   2835916     10064     17092    861744
05:27:17 AM 323249080 389040352   2617788      0.66    857112  65314064  53308332     13.22  42607112  24707092      1252   1309284   2835740     10000     16524    861768
05:27:22 AM 323251284 389043668   2614440      0.66    857112  65315140  53299284     13.22  42607272  24708772       140   1309948   2835808     10016     16788    861752
05:27:27 AM 323278984 389072628   2585792      0.65    857112  65316328  47472808     11.77  42607368  24672300       544   1272480   2835568      9952     15392    861752
05:27:32 AM 323308244 389102856   2555112      0.65    857112  65317296  41625836     10.32  42607524  24642688       768   1241848   2836020      9936     15164    861768
05:27:37 AM 323331816 389127344   2531120      0.64    857112  65318192  35800500      8.88  42607664  24610448       640   1208988   2835544      9936     14372    861728
05:27:42 AM 323413268 389209380   2449152      0.62    857112  65318692  18285580      4.53  42607716  24508096       548   1106096   2835560      9808     11636    861656
05:27:47 AM 323453920 389250436   2407672      0.61    857112  65319184   6621696      1.64  42607720  24441216       356   1038804   2835896      9792     10320    861728
05:27:52 AM 323418264 389217200   2438932      0.62    857112  65321100  23750200      5.89  42640776  24443684        32   1072344   2838376      9872     12536    861784
05:27:57 AM 323248184 389047360   2608980      0.66    857112  65321288  23750200      5.89  42641420  24630344       212   1259468   2838220      9872     12776    861752
05:28:02 AM 323248200 389047564   2608792      0.66    857112  65321444  23750200      5.89  42641904  24631092        44   1260444   2838236      9872     12776    861736
05:28:07 AM 323238680 389038208   2618372      0.66    857112  65321608  23753072      5.89  42642368  24632812       176   1262568   2838012      9904     12896    861728
05:28:12 AM 323240064 389039812   2616808      0.66    857112  65321764  23753040      5.89  42642824  24633760       236   1263784   2838036      9920     12880    861712
05:28:17 AM 323406636 389206488   2452404      0.62    857112  65321840   6624120      1.64  42643200  24412456       120   1042728   2835792      9744      9892    861560
05:28:22 AM 323403356 389202948   2455948      0.62    857112  65321576   6627448      1.64  42643200  24415404        12   1045940   2835792      9744      9896    861560
05:28:27 AM 323395680 389197556   2461216      0.62    857112  65323832   6627704      1.64  42643200  24418132        60   1046440   2835944      9744      9896    861592
05:28:32 AM 323393708 389197536   2461252      0.62    857112  65325680   6627704      1.64  42643200  24420040        40   1046444   2836032      9744      9896    861608
05:28:37 AM 323384488 389190668   2468032      0.63    857112  65327924   6630528      1.64  42643200  24423724       240   1047916   2836228      9776     10004    861632
05:28:42 AM 323141364 388950292   2706256      0.69    857112  65330592  53438892     13.25  42643488  24698104      1092   1320060   2838460     10000     17260    861800
05:28:47 AM 323067820 388876880   2779480      0.70    857112  65330736  53495688     13.27  42643504  24709856       124   1331920   2838636     10032     17780    861808
05:28:52 AM 323057012 388866204   2790172      0.71    857112  65330852  53493152     13.27  42643528  24713636       300   1335360   2838636      9968     17612    861816
05:28:57 AM 323055188 388864532   2792408      0.71    857112  65331076  53493152     13.27  42643532  24715156       376   1336780   2838000     10016     17668    861800
05:29:02 AM 323095712 388905296   2751732      0.70    857112  65331252  53521316     13.27  42643536  24726072       164   1347360   2837976     10032     17756    861784
05:29:07 AM 323093776 388903448   2753588      0.70    857112  65331376  53521316     13.27  42643536  24726956       188   1348296   2837932     10016     17764    861752
05:29:12 AM 323096576 388906412   2750668      0.70    857112  65331496  53521316     13.27  42643532  24727916       244   1348840   2837932     10048     17756    861752
05:29:17 AM 323112864 388922836   2733604      0.69    857112  65331672  53553336     13.28  42643528  24742148       456   1363140   2838532     10080     17784    861736
05:29:22 AM 323108412 388918608   2737836      0.69    857112  65331908  53556160     13.28  42643536  24744792       320   1365384   2838516     10112     17928    861744
05:29:27 AM 323111184 388921468   2735208      0.69    857112  65332116  53553336     13.28  42643536  24743636       220   1364200   2838164     10016     17764    861704
05:29:32 AM 323078020 388888640   2767996      0.70    857112  65332272  53517244     13.27  42643608  24733060       404   1353364   2838384     10032     17412    861704
05:29:37 AM 322994220 388805088   2852076      0.72    857112  65332472  53493800     13.27  42643824  24715444       524   1335960   2837904     10080     17736    861728
05:29:42 AM 322997892 388808832   2848332      0.72    857112  65332544  53492108     13.26  42643832  24717700       312   1337976   2837904     10064     17676    861736
05:29:47 AM 322990988 388802104   2854880      0.72    857112  65332744  53580908     13.29  42643836  24752704       324   1372960   2838060     10080     17676    861752
05:29:52 AM 323024916 388836232   2820692      0.71    857112  65332940  53520404     13.27  42643848  24732892       104   1352884   2838124     10096     17780    861760
05:29:57 AM 323037568 388849016   2807740      0.71    857112  65333084  53527280     13.27  42643868  24737432       416   1357388   2838280     10112     17856    861856
05:30:02 AM 323039660 388851220   2805524      0.71    857112  65333200  53524440     13.27  42643856  24736704       120   1356440   2838288     10048     17708    861832
05:30:07 AM 323036376 388848116   2808892      0.71    857112  65333368  53546288     13.28  42643852  24747280       220   1366816   2838036     10032     17720    861768
05:30:12 AM 323032184 388844048   2812896      0.71    857112  65333556  53563144     13.28  42643852  24754092        84   1373496   2838036     10064     17784    861816
05:30:17 AM 323034792 388846804   2809836      0.71    857112  65333740  53565968     13.28  42643860  24755912       324   1375152   2838304     10128     17976    861824
05:30:22 AM 323036760 388848956   2807808      0.71    857112  65333968  53548096     13.28  42643888  24748848       376   1367952   2838136     10032     17724    861816
05:30:27 AM 323020056 388832584   2823720      0.72    857112  65334136  53520076     13.27  42644028  24731452       244   1350468   2838760     10032     17640    861768
05:30:32 AM 322983000 388795696   2860900      0.72    857112  65334304  53502840     13.27  42644108  24723484       100   1342548   2838468     10048     17676    861752
05:30:37 AM 322980716 388793508   2863140      0.73    857112  65334380  53498472     13.27  42644156  24723324       340   1342132   2838436     10096     17844    861752
05:30:42 AM 322988372 388801296   2855540      0.72    857112  65334564  53503880     13.27  42644152  24729016       208   1347816   2838196     10080     17764    861720
05:30:47 AM 323009124 388822252   2834988      0.72    857112  65334744  53517680     13.27  42644180  24734072       288   1352628   2837816     10080     17776    861704
05:30:52 AM 323019156 388832444   2824800      0.72    857112  65334880  53526348     13.27  42644176  24737896       212   1356432   2837836     10048     17732    861672
05:30:57 AM 323010856 388824272   2832588      0.72    857112  65335008  53536488     13.28  42644180  24743236       216   1361544   2838220     10096     17912    861680
05:31:02 AM 323027708 388841260   2815452      0.71    857112  65335188  53556340     13.28  42644176  24752140       192   1370260   2838324     10112     17920    861720
05:31:07 AM 323018616 388832384   2824124      0.72    857112  65335396  53565688     13.28  42644172  24756548       148   1374536   2838536     10032     17768    861688
05:31:12 AM 323020472 388834376   2822072      0.71    857112  65335592  53565688     13.28  42644172  24756876       244   1374644   2838536     10080     17852    861704
05:31:17 AM 323011808 388826008   2830892      0.72    857112  65335784  53535480     13.28  42644288  24743204       716   1360764   2838188     10080     17816    861712
05:31:22 AM 323017364 388831676   2824848      0.72    857112  65335944  53503564     13.27  42644388  24727196       740   1344752   2838516     10080     17716    861752
05:31:27 AM 323011960 388826484   2830556      0.72    857112  65336076  53486060     13.26  42644472  24719644       540   1337164   2838080     10048     17648    861720
05:31:32 AM 323015280 388829920   2827088      0.72    857112  65336224  53580908     13.29  42644476  24734480       180   1351912   2838080     10080     17728    861704
05:31:37 AM 323022268 388837056   2819636      0.71    857112  65336380  53512484     13.27  42644488  24732576       412   1349920   2838388     10096     17792    861728
05:31:42 AM 323021948 388836876   2819920      0.71    857112  65336536  53518024     13.27  42644484  24735440       304   1352604   2838268     10048     17680    861704
05:31:47 AM 323033508 388848592   2808264      0.71    857112  65336660  53526616     13.27  42644496  24739436       300   1356284   2838240     10080     17724    861736
05:31:52 AM 323031548 388846740   2810068      0.71    857112  65336812  53542600     13.28  42644492  24746664       324   1363468   2838244     10080     17804    861736
05:31:57 AM 323029336 388844728   2812172      0.71    857112  65336976  53554828     13.28  42644492  24751444       200   1367900   2838188     10048     17780    861720
05:32:02 AM 323030620 388846096   2810752      0.71    857112  65337164  53569428     13.28  42644496  24757232       372   1373752   2838136     10080     17892    861744
05:32:07 AM 323043468 388859116   2797868      0.71    857112  65337232  50715284     12.58  42644520  24725532       512   1341860   2838104     10048     17376    861688
05:32:12 AM 323022200 388838388   2818592      0.71    857112  65337784  49818220     12.35  42644596  24706924       240   1322828   2838096     10032     17084    861656
05:32:17 AM 322963368 388779560   2878080      0.73    857112  65337728  53524888     13.27  42644680  24737524       432   1353460   2837496     10064     17812    861744
05:32:22 AM 322970892 388787184   2870612      0.73    857112  65337824  53501176     13.27  42644744  24726980       384   1342984   2837344     10032     17488    861688
05:32:27 AM 322908084 388724548   2933244      0.74    857112  65338004  53672288     13.31  42644804  24787152       224   1402852   2837340     10032     17656    861688
05:32:32 AM 322969168 388785756   2872024      0.73    857112  65338144  53507488     13.27  42644804  24731888       168   1347668   2837336     10032     17676    861672
05:32:37 AM 322998788 388815552   2842156      0.72    857112  65338312  53516376     13.27  42644816  24736956       376   1352524   2837416     10032     17696    861704
05:32:42 AM 323019984 388836856   2820816      0.71    857112  65338456  53529092     13.27  42644816  24741988       120   1357576   2837416     10032     17716    861672
05:32:47 AM 323023948 388841136   2816380      0.71    857112  65338732  53539096     13.28  42644816  24746580       176   1361564   2837612     10016     17748    861704
05:32:52 AM 323035908 388853056   2804412      0.71    857112  65338752  53549176     13.28  42644816  24751512       272   1366652   2837600     10016     17768    861672
05:32:57 AM 323052816 388870172   2787448      0.71    857112  65338940  53550728     13.28  42644852  24752064       512   1367120   2837468     10016     17772    861736
05:33:02 AM 323049420 388866940   2790728      0.71    857112  65339112  53558708     13.28  42644856  24756944       468   1371836   2837412     10080     18000    861776
05:33:07 AM 323040552 388858312   2799116      0.71    857112  65339308  53532456     13.27  42644924  24746320       600   1360940   2837696     10016     17744    861736
05:33:12 AM 323051724 388869660   2788008      0.71    857112  65339468  53517852     13.27  42644996  24738272       236   1352900   2837472     10016     17720    861704
05:33:17 AM 323035368 388853680   2803704      0.71    857112  65339808  53501748     13.27  42645028  24729660       400   1344020   2837792     10048     17172    861728
05:33:22 AM 323036880 388855148   2802256      0.71    857112  65339748  53501708     13.27  42645112  24728740       128   1343320   2837788     10032     17676    861688
05:33:27 AM 323029380 388847764   2809448      0.71    857112  65339888  53594260     13.29  42645116  24733880       276   1348248   2837956     10032     17692    861672
05:33:32 AM 323058556 388877120   2780180      0.70    857112  65340064  53522164     13.27  42645128  24740084       336   1354264   2837872     10032     17720    861688
05:33:37 AM 323072268 388890960   2766124      0.70    857112  65340220  53526568     13.27  42645132  24742276       240   1356388   2838060     10048     17732    861736
05:33:42 AM 323077636 388896488   2760612      0.70    857112  65340364  53540840     13.28  42645136  24748896        80   1362712   2838060     10048     17760    861720
05:33:47 AM 323055860 388874880   2781920      0.70    857112  65340544  53630008     13.30  42645172  24770648       276   1384472   2838348     10048     17752    861688
05:33:52 AM 323067984 388887136   2769780      0.70    857112  65340704  53543056     13.28  42645172  24750136        76   1363656   2838204     10048     17764    861688
05:33:57 AM 323065288 388884552   2772448      0.70    857112  65340916  53552964     13.28  42645172  24755580       276   1369048   2838020     10048     17780    861720
05:34:02 AM 323021788 388841408   2815144      0.71    857112  65341112  53531092     13.27  42645284  24743768       228   1357104   2838628     10080     17832    861760
05:34:07 AM 323012080 388831828   2824780      0.72    857112  65341252  53516132     13.27  42645352  24735368       268   1348708   2838560     10048     17700    861768
05:34:12 AM 323013892 388833800   2822884      0.71    857112  65341380  53516416     13.27  42645352  24738552       396   1351580   2838516     10080     17824    861752
05:34:17 AM 323003404 388823536   2833544      0.72    857112  65341544  53497072     13.27  42645424  24729492       396   1342544   2838180     10048     17720    861752
05:34:22 AM 323033544 388853816   2803256      0.71    857112  65341684  53519020     13.27  42645444  24738860        60   1351672   2838188     10048     17708    861752
05:34:27 AM 323042644 388863024   2794464      0.71    857112  65341800  53525984     13.27  42645448  24743768       184   1356576   2837764     10048     17836    861760
05:34:32 AM 323045968 388866476   2790960      0.71    857112  65341960  53523448     13.27  42645452  24743784       412   1356280   2837784     10016     17720    861736
05:34:37 AM 323066596 388887248   2770468      0.70    857112  65342124  53536996     13.28  42645456  24749540       396   1361592   2837484     10016     17744    861704
05:34:42 AM 323068416 388889256   2768456      0.70    857112  65342300  53549336     13.28  42645492  24753292        56   1365524   2837500     10016     17768    861688
05:34:47 AM 323063944 388884940   2772340      0.70    857112  65342464  53549620     13.28  42645492  24754060        48   1366248   2837924     10016     17776    861704
05:34:52 AM 323055988 388877180   2780112      0.70    857112  65342648  53554560     13.28  42645496  24757512       216   1369392   2837924     10016     17784    861704
05:34:57 AM 323063456 388884840   2772592      0.70    857112  65342832  53537340     13.28  42645568  24750496       592   1362300   2837792     10016     17744    861720
05:35:02 AM 323015320 388836884   2820252      0.71    857112  65342980  53512376     13.27  42645680  24737900       728   1349672   2838120     10080     17932    861768
05:35:07 AM 323007752 388829376   2827552      0.72    857112  65343100  53514000     13.27  42645668  24737560       280   1349216   2838268     10000     17712    861720
05:35:12 AM 323018880 388840724   2816124      0.71    857112  65343264  53511948     13.27  42645720  24738044       292   1349588   2838404     10032     17756    861728
05:35:17 AM 323032616 388854628   2802236      0.71    857112  65343436  53517424     13.27  42645760  24739132       600   1350584   2838384     10032     17720    861760
05:35:22 AM 323039256 388861424   2795452      0.71    857112  65343580  53523212     13.27  42645768  24743284       352   1354544   2838384     10016     17736    861736
05:35:27 AM 323031020 388853296   2803408      0.71    857112  65343708  53531228     13.27  42645772  24748080       472   1359244   2838536     10048     17836    861760
05:35:32 AM 323044772 388867228   2789484      0.71    857112  65343872  53532940     13.27  42645772  24749296       144   1360172   2838544     10016     17752    861736
05:35:37 AM 323044032 388866652   2789816      0.71    857112  65344064  53549156     13.28  42645812  24755108       472   1365944   2838760     10016     17784    861720
05:35:42 AM 323045900 388868676   2787788      0.71    857112  65344224  53549444     13.28  42645812  24755744       192   1366372   2838760     10032     17788    861752
05:35:47 AM 323044620 388867540   2788964      0.71    857112  65344400  53537856     13.28  42645844  24751888       484   1362516   2838688     10032     17772    861768
05:35:52 AM 323044060 388867608   2789048      0.71    857112  65344952  53542444     13.28  42645888  24751036       316   1360936   2838612     10016     17440    861768
05:35:57 AM 323025288 388848560   2807936      0.71    857112  65344736  53511808     13.27  42645996  24738164       384   1348512   2838712     10032     17736    861816
05:36:02 AM 323012784 388836256   2820260      0.71    857112  65344876  53519368     13.27  42646000  24740840       120   1350968   2838752     10032     17744    861864
05:36:07 AM 323000396 388824028   2832504      0.72    857112  65345048  53517032     13.27  42646036  24741472       700   1351508   2838724     10064     17828    861840
05:36:12 AM 323044096 388867920   2788636      0.71    857112  65345228  53519076     13.27  42646080  24742600       352   1352516   2838712     10032     17732    861832
05:36:17 AM 323046516 388870428   2786224      0.71    857112  65345352  53526100     13.27  42646080  24746788       408   1356768   2838580     10080     17848    861840
05:36:22 AM 323043928 388868020   2788800      0.71    857112  65345508  53529832     13.27  42646092  24748356       116   1357844   2838436     10048     17752    861800
05:36:27 AM 323040360 388864656   2792128      0.71    857112  65345740  53547432     13.28  42646096  24756828       492   1366340   2838444     10064     17840    861784
05:36:32 AM 323055704 388880136   2776628      0.70    857112  65345848  53549768     13.28  42646132  24756960       276   1366220   2838492     10080     17880    861792
05:36:37 AM 323058544 388883072   2773640      0.70    857112  65346028  53546944     13.28  42646128  24756436       296   1365712   2838460     10032     17772    861784
05:36:42 AM 323032044 388856984   2799768      0.71    857112  65346420  53536352     13.28  42646168  24754128       192   1362928   2838440     10032     17744    861784
05:36:47 AM 322981432 388806384   2850884      0.72    857112  65346376  53687288     13.31  42646280  24802044       404   1411088   2837980     10032     17728    861768
05:36:52 AM 323026664 388851768   2805400      0.71    857112  65346528  53513556     13.27  42646320  24741280       204   1350108   2838080     10032     17684    861768
05:36:57 AM 323029468 388854700   2802676      0.71    857112  65346692  53517860     13.27  42646324  24744724       268   1353508   2837836     10032     17704    861736
05:37:02 AM 323041700 388867100   2790184      0.71    857112  65346860  53505960     13.27  42646360  24741388       200   1350180   2837928     10032     17700    861704
05:37:07 AM 323032720 388858332   2798800      0.71    857112  65347016  53520088     13.27  42646404  24744148       420   1352732   2838136     10064     17828    861776
05:37:12 AM 323032744 388858456   2798660      0.71    857112  65347132  53524748     13.27  42646400  24746960       264   1355428   2838136     10032     17728    861784
05:37:17 AM 323029476 388855308   2801968      0.71    857112  65347296  53531620     13.27  42646408  24751720       392   1359904   2837932     10064     17852    861728
05:37:22 AM 323051540 388877568   2779716      0.70    857112  65347492  53546352     13.28  42646408  24757816       252   1365788   2837924     10032     17828    861736
05:37:27 AM 323058504 388884684   2772356      0.70    857112  65347668  53533636     13.28  42646452  24753892       264   1361776   2838144     10032     17752    861752
05:37:32 AM 323038648 388865012   2791780      0.71    857112  65347852  53531948     13.27  42646488  24751292        64   1359112   2838392     10032     17752    861720
05:37:37 AM 323000352 388826928   2829880      0.72    857112  65347992  53601488     13.29  42646560  24773112       236   1380744   2838448     10032     17712    861704
05:37:42 AM 322998208 388824900   2831952      0.72    857112  65348160  53518740     13.27  42646596  24745256       116   1352752   2838352     10064     17828    861728
05:37:47 AM 323000896 388827768   2828836      0.72    857112  65348320  53514080     13.27  42646640  24743840        68   1351332   2838620     10064     17816    861784
05:37:52 AM 323011824 388838832   2817748      0.71    857112  65348480  53517800     13.27  42646632  24746184       112   1353460   2838620     10048     17720    861768
05:37:57 AM 323032104 388859328   2797480      0.71    857112  65348652  53526432     13.27  42646652  24750964       412   1358028   2838436     10032     17740    861768
05:38:02 AM 323035952 388863304   2793452      0.71    857112  65348804  53519068     13.27  42646720  24745692       532   1352744   2838464     10032     17732    861800
05:38:07 AM 323027712 388855320   2800972      0.71    857112  65349068  53528956     13.27  42646724  24750348       572   1357136   2838920     10048     17788    861824
05:38:12 AM 323030700 388858408   2797736      0.71    857112  65349244  53535696     13.28  42646720  24755620       436   1362368   2838992     10064     17808    861864
05:38:17 AM 323042816 388870808   2786340      0.71    857112  65349432  53532776     13.27  42646772  24754836        80   1361236   2838084     10048     17816    861808
05:38:22 AM 323056588 388884544   2772372      0.70    857112  65349468  53532108     13.27  42646768  24753256         0   1359712   2838244     10032     17468    861816
05:38:27 AM 323056904 388885252   2771464      0.70    857112  65349764  53538964     13.28  42646804  24756536       252   1362652   2838540     10032     17768    861784
05:38:32 AM 323057380 388885820   2770592      0.70    857112  65349908  53523968     13.27  42646880  24747836       400   1353536   2838792     10032     17712    861800
05:38:37 AM 323024588 388853204   2803476      0.71    857112  65350044  53610956     13.29  42646924  24778784       436   1384764   2838564     10032     17720    861816
05:38:42 AM 323049576 388878332   2778412      0.70    857112  65350236  53513940     13.27  42646960  24746068       336   1351976   2838448     10032     17704    861864
05:38:47 AM 323043128 388872112   2783840      0.70    857112  65350400  53531620     13.27  42646968  24753644       372   1359292   2839304     10048     17740    861880
05:38:52 AM 323044172 388873248   2782652      0.70    857112  65350544  53534324     13.28  42646968  24755096       184   1360600   2839304     10048     17740    861872
05:38:57 AM 323028892 388858204   2798056      0.71    857112  65350736  53509280     13.27  42647052  24746384       664   1351756   2838988     10080     17816    861848
05:39:02 AM 323036552 388866012   2790272      0.71    857112  65350892  53531996     13.27  42647044  24752612       196   1357940   2838956     10048     17748    861848
05:39:07 AM 323028068 388857680   2799000      0.71    857112  65351036  53530916     13.27  42647088  24752144       540   1357220   2838568     10048     17748    861800
05:39:12 AM 323048892 388878616   2777956      0.70    857112  65351224  53544368     13.28  42647088  24757488       208   1362492   2838600     10080     17908    861792
05:39:17 AM 323084340 388914552   2742200      0.69    857112  65351620  49827008     12.36  42647096  24724704       476   1329216   2838512     10064     17232    861792
05:39:22 AM 323030152 388860320   2795828      0.71    857112  65351572  53518076     13.27  42647200  24747280       504   1352040   2839120     10048     17712    861800
05:39:27 AM 322990952 388821292   2834864      0.72    857112  65351692  53612852     13.29  42647200  24778524       300   1382952   2839164     10048     17728    861768
05:39:32 AM 323027376 388857868   2798000      0.71    857112  65351888  53512380     13.27  42647236  24747992       324   1352452   2839408     10048     17696    861784
05:39:37 AM 323021812 388852524   2803348      0.71    857112  65352072  53517960     13.27  42647288  24747816       440   1351996   2839440     10048     17700    861768
05:39:42 AM 323031348 388862180   2793696      0.71    857112  65352220  53526916     13.27  42647288  24752516       132   1356580   2839408     10048     17724    861784
05:39:47 AM 323040044 388871120   2784888      0.71    857112  65352392  53520732     13.27  42647332  24750124       448   1353980   2839348     10048     17696    861784
05:39:52 AM 323057404 388888612   2767368      0.70    857112  65352552  53527132     13.27  42647368  24752016       160   1355464   2839348     10048     17716    861800
05:39:57 AM 323049848 388881232   2774872      0.70    857112  65352708  53536504     13.28  42647372  24757588       316   1361296   2839244     10048     17748    861816
05:40:02 AM 323053312 388884812   2771468      0.70    857112  65352892  53528160     13.27  42647408  24754328       156   1357956   2839000     10048     17728    861784
05:40:07 AM 323062956 388894724   2761864      0.70    857112  65353072  53523516     13.27  42647444  24753408       608   1356748   2838780     10080     17772    861752
05:40:12 AM 323052884 388884784   2771772      0.70    857112  65353236  53523248     13.27  42647480  24753316       280   1356696   2838780     10096     17824    861792
05:40:17 AM 323035852 388867940   2788928      0.71    857112  65353388  53524008     13.27  42647528  24751168       472   1354308   2838504     10080     17776    861808
05:40:22 AM 323040404 388872616   2784292      0.71    857112  65353536  53529236     13.27  42647524  24754680       280   1357760   2838440     10064     17792    861752
05:40:27 AM 323047904 388880304   2776980      0.70    857112  65353724  53524136     13.27  42647572  24752800       296   1355744   2838064     10064     17708    861752
05:40:32 AM 323043000 388875520   2781588      0.70    857112  65353884  53523756     13.27  42647608  24751596        88   1354408   2838200     10064     17720    861736
05:40:37 AM 323040152 388872872   2784516      0.71    857112  65354044  53527932     13.27  42647608  24755904       260   1358672   2837960     10064     17744    861736
05:40:42 AM 323054456 388887348   2770064      0.70    857112  65354192  53509860     13.27  42647680  24748196       192   1350852   2837960     10064     17544    861736
05:40:47 AM 323034528 388867600   2789644      0.71    857112  65354392  53528776     13.27  42647684  24754400       308   1356992   2838108     10064     17744    861800
05:40:52 AM 323052132 388885588   2771664      0.70    857112  65354768  50695180     12.57  42647688  24749280        64   1351252   2838108     10048     17108    861768
05:40:57 AM 323044996 388878420   2778664      0.70    857112  65354732  53511228     13.27  42647760  24749536       380   1351732   2838280     10064     17712    861736
05:41:02 AM 323044240 388877848   2779292      0.70    857112  65354876  53537776     13.28  42647768  24758528        84   1360540   2838264     10064     17756    861784
05:41:07 AM 323029336 388863088   2793752      0.71    857112  65355040  53529328     13.27  42647800  24756164       272   1358112   2838544     10064     17748    861736
05:41:12 AM 323035936 388869832   2786944      0.71    857112  65355204  53524972     13.27  42647844  24752996        52   1354772   2838588     10064     17728    861768
05:41:17 AM 323042200 388876256   2780968      0.70    857112  65355356  53544336     13.28  42647848  24762452       352   1364192   2838148     10112     17900    861784
05:41:22 AM 323031728 388866020   2791304      0.71    857112  65355544  53527008     13.27  42647928  24754668       180   1356036   2838096     10096     17824    861760
05:41:27 AM 323046492 388880856   2776244      0.70    857112  65355684  53533648     13.28  42647928  24757132       244   1358532   2838252     10064     17736    861720
05:41:32 AM 323052280 388886880   2770396      0.70    857112  65355864  53537968     13.28  42647932  24761328        68   1362480   2838132     10032     17752    861704
05:41:37 AM 323060344 388895120   2762116      0.70    857112  65356060  53519512     13.27  42648004  24753540       220   1354756   2838152     10032     17776    861704
05:41:42 AM 323061288 388896280   2761020      0.70    857112  65356212  53533740     13.28  42648008  24759080       432   1359908   2838152     10064     17844    861744
05:41:47 AM 323064484 388899636   2757552      0.70    857112  65356380  53516808     13.27  42648076  24749996       204   1350840   2838256     10032     17696    861720
05:41:52 AM 323050924 388886240   2770968      0.70    857112  65356516  53518224     13.27  42648088  24752700       212   1353380   2838264     10032     17724    861720
05:41:57 AM 323059884 388895320   2761672      0.70    857112  65356696  53526324     13.27  42648124  24756088        80   1356772   2838420     10032     17736    861720
05:42:02 AM 323060156 388895784   2761180      0.70    857112  65356852  53526612     13.27  42648132  24757152       196   1357520   2838484     10048     17736    861720
05:42:07 AM 323100748 388936512   2720280      0.69    857112  65357024  53525772     13.27  42648164  24756500       524   1356832   2838620     10048     17728    861752
05:42:12 AM 323119220 388955196   2701536      0.68    857112  65357188  53530180     13.27  42648204  24756452       340   1356472   2838728     10048     17716    861768
05:42:17 AM 323113888 388949992   2706452      0.69    857112  65357336  53515064     13.27  42648240  24752824       448   1352880   2838996     10048     17708    861768
05:42:22 AM 323103488 388939764   2716664      0.69    857112  65357488  53533848     13.28  42648248  24760272       372   1360096   2839032     10080     17844    861784
05:42:27 AM 323097740 388934148   2722348      0.69    857112  65357664  53538624     13.28  42648248  24763552       344   1363364   2838920     10048     17752    861768
05:42:32 AM 323096944 388933596   2723004      0.69    857112  65357868  53525344     13.27  42648328  24756640       412   1356104   2838856     10048     17716    861784
05:42:37 AM 323110872 388947684   2709084      0.69    857112  65358020  53532648     13.27  42648324  24760464       332   1359940   2838696     10048     17740    861752
05:42:42 AM 323110800 388948128   2708772      0.69    857112  65358452  50683060     12.57  42648376  24730760       292   1329708   2838648     10032     17096    861752
05:42:47 AM 323069636 388906808   2750020      0.70    857112  65358340  53510376     13.27  42648444  24749912       208   1349132   2838676     10048     17692    861720
05:42:52 AM 323087136 388924528   2732364      0.69    857112  65358496  53524332     13.27  42648448  24758068       192   1356568   2838676     10048     17740    861720
05:42:57 AM 323084016 388921528   2735176      0.69    857112  65358672  53525192     13.27  42648484  24758240       368   1357248   2838808     10080     17852    861776
05:43:02 AM 323107044 388944740   2711920      0.69    857112  65358820  53529700     13.27  42648488  24760056       152   1358744   2838888     10048     17760    861752
05:43:07 AM 323120716 388958496   2698100      0.68    857112  65358944  53519980     13.27  42648520  24757284       224   1355936   2838912     10048     17576    861720
05:43:12 AM 323134508 388972492   2684016      0.68    857112  65359104  53527188     13.27  42648560  24757524       272   1355920   2839044     10048     17572    861720
05:43:17 AM 323109076 388947192   2709076      0.69    857112  65359272  53538312     13.28  42648568  24762724       284   1361140   2839248     10048     17768    861784
05:43:22 AM 323106432 388944772   2711524      0.69    857112  65359468  53543628     13.28  42648576  24766860       144   1364860   2839248     10048     17772    861736
05:43:27 AM 323098552 388937056   2718920      0.69    857112  65359684  53545184     13.28  42648612  24765368       464   1363408   2839516     10048     17768    861736
05:43:32 AM 323129828 388968852   2687768      0.68    857112  65360136  50685212     12.57  42648688  24731264       236   1328796   2838940     10032     16940    861736
05:43:37 AM 323081168 388920352   2736412      0.69    857112  65360344  53506728     13.27  42648752  24748540       400   1346096   2838748     10032     17356    861720
05:43:42 AM 323065228 388904196   2752352      0.70    857112  65360108  53518696     13.27  42648764  24753760       128   1351904   2838984     10048     17696    861720
05:43:47 AM 323078572 388917732   2738952      0.69    857112  65360300  53508868     13.27  42648800  24751800       216   1349544   2838848     10048     17692    861736
05:43:52 AM 323104556 388943900   2712808      0.69    857112  65360460  53527040     13.27  42648812  24759476       120   1356704   2838848     10048     17728    861736
05:43:57 AM 323114168 388953612   2703132      0.68    857112  65360608  53531024     13.27  42648812  24762112       156   1359452   2838764     10048     17732    861720
05:44:02 AM 323120380 388959908   2696768      0.68    857112  65360712  53524856     13.27  42648848  24757752       168   1354960   2838812     10048     17552    861720
05:44:07 AM 323094616 388934448   2722084      0.69    857112  65360952  53539784     13.28  42648852  24767164       448   1364152   2839020     10048     17760    861736
05:44:12 AM 323087476 388927360   2729308      0.69    857112  65361072  53540700     13.28  42648884  24766452       164   1363444   2838816     10048     17760    861736
05:44:17 AM 323090280 388930364   2726192      0.69    857112  65361248  53540992     13.28  42648892  24767500       252   1364224   2838952     10048     17752    861768
05:44:22 AM 323123336 388963444   2693292      0.68    857112  65361320  50708880     12.57  42648896  24762020       112   1358692   2838724     10048     17316    861752
05:44:27 AM 323110048 388950888   2706076      0.69    857112  65361952  50683840     12.57  42649036  24748020       360   1344164   2838596     10032     17196    861784
05:44:32 AM 323069032 388909624   2747332      0.70    857112  65361732  53511420     13.27  42649076  24751184       180   1347640   2838576     10080     17816    861792
05:44:37 AM 323070720 388911448   2745028      0.70    857112  65361860  53512040     13.27  42649080  24753384       112   1349660   2839064     10048     17708    861752
05:44:42 AM 323075664 388916580   2740172      0.69    857112  65362068  53511052     13.27  42649120  24753500       108   1349620   2838768     10048     17684    861736
05:44:47 AM 323103936 388945032   2711760      0.69    857112  65362236  53528236     13.27  42649132  24760644       220   1356624   2838740     10032     17736    861736
05:44:52 AM 323102740 388943976   2712800      0.69    857112  65362384  53528236     13.27  42649132  24762240        40   1358032   2838748     10048     17740    861752
05:44:57 AM 323102060 388943420   2713444      0.69    857112  65362540  53526172     13.27  42649172  24760304       552   1356096   2838628     10032     17736    861720
05:45:02 AM 323136948 388978420   2678408      0.68    857112  65362672  53529776     13.27  42649208  24764028       228   1359756   2838644     10032     17728    861720
05:45:07 AM 323114948 388956640   2700176      0.68    857112  65362868  53542060     13.28  42649208  24769196       268   1364652   2838680     10032     17764    861752
05:45:12 AM 323121688 388963488   2693256      0.68    857112  65363048  53545724     13.28  42649208  24771472        28   1366816   2838680     10032     17768    861720
05:45:17 AM 323147084 388989460   2667176      0.68    857112  65363532  49828812     12.36  42649220  24737808        76   1332496   2838880     10032     17276    861688
05:45:22 AM 323117028 388959260   2697576      0.68    857112  65363420  53511144     13.27  42649360  24755004       696   1350172   2838648     10016     17712    861688
05:45:27 AM 323104672 388947060   2709400      0.69    857112  65363532  53500984     13.27  42649396  24750168       176   1345084   2839068     10016     17696    861736
05:45:32 AM 323079780 388922336   2734120      0.69    857112  65363676  53590568     13.29  42649432  24781320        16   1376092   2839096     10016     17688    861736
05:45:37 AM 323113432 388956164   2700540      0.68    857112  65363852  53515632     13.27  42649448  24757580       392   1352260   2838848     10016     17712    861704
05:45:42 AM 323134776 388977612   2679016      0.68    857112  65364032  53523972     13.27  42649448  24761912       224   1356432   2838848     10016     17744    861720
05:45:47 AM 323143060 388986088   2670576      0.68    857112  65364180  53531220     13.27  42649460  24765396       384   1359680   2838856     10032     17872    861776
05:45:52 AM 323150984 388994172   2662492      0.67    857112  65364316  53529220     13.27  42649488  24764224       256   1358556   2838880     10016     17744    861736
05:45:57 AM 323145728 388989108   2667320      0.68    857112  65364492  53529304     13.27  42649528  24766280       364   1360312   2839132     10016     17752    861784
05:46:02 AM 323128712 388972192   2684100      0.68    857112  65364660  53541532     13.28  42649528  24770516       180   1364568   2839200     10016     17768    861784
05:46:07 AM 323126724 388970464   2685752      0.68    857112  65364856  53550264     13.28  42649532  24774456       500   1368224   2839340     10016     17836    861784
05:46:12 AM 323131420 388975348   2681028      0.68    857112  65365060  53534836     13.28  42649568  24769684       352   1363292   2839164      9968     17704    861768
05:46:17 AM 323101060 388945264   2710864      0.69    857112  65365280  53518804     13.27  42649680  24758752       584   1352192   2839468     10000     17676    861768
05:46:22 AM 323126188 388970492   2685676      0.68    857112  65365380  49786520     12.35  42649724  24716196       184   1309660   2839428     10048     17260    861784
05:46:27 AM 323089500 388934040   2721548      0.69    857112  65365600  53506608     13.27  42649764  24753612       332   1346828   2840024     10032     17720    861816
05:46:32 AM 323108108 388952816   2702748      0.68    857112  65365780  53524676     13.27  42649768  24761648       172   1354712   2840036     10048     17792    861816
05:46:37 AM 323123604 388968500   2687792      0.68    857112  65365960  53532188     13.27  42649776  24765860       224   1358664   2839316     10048     17776    861816
05:46:42 AM 323160364 389005556   2650664      0.67    857112  65366312  51957124     12.88  42649776  24730596       100   1323160   2839332     10064     17164    861816
05:46:47 AM 323100436 388945668   2710832      0.69    857112  65366240  50690796     12.57  42649840  24757416       360   1349908   2839164     10048     17572    861768
05:46:52 AM 323080160 388925476   2731024      0.69    857112  65366412  53536148     13.28  42649844  24768112       144   1360612   2839076     10016     17716    861768
05:46:57 AM 323063560 388909100   2747596      0.70    857112  65366584  53545132     13.28  42649848  24773784       456   1366012   2838932     10080     17848    861784
05:47:02 AM 323073836 388919520   2737088      0.69    857112  65366800  53548612     13.28  42649848  24776100       144   1368304   2838948     10032     17776    861768
05:47:07 AM 323068268 388914532   2742036      0.69    857112  65367324  53527404     13.27  42649928  24767424       448   1358996   2839044     10016     17448    861768
05:47:12 AM 323043784 388889828   2766864      0.70    857112  65367128  53516680     13.27  42649996  24759368       388   1351408   2838896     10048     17700    861800
05:47:17 AM 323018732 388864956   2791504      0.71    857112  65367272  53499876     13.27  42650080  24751524       380   1343456   2839164     10064     17692    861832
05:47:22 AM 323038544 388884920   2771552      0.70    857116  65367408  53513748     13.27  42650084  24759288       124   1351008   2839164     10032     17740    861832
05:47:27 AM 323048244 388894780   2761708      0.70    857116  65367588  53521620     13.27  42650084  24764280       188   1355896   2839128     10016     17720    861832
05:47:32 AM 323045708 388892368   2764048      0.70    857116  65367784  53525500     13.27  42650100  24766368        96   1357852   2839128     10000     17740    861816
05:47:37 AM 323049828 388896628   2759976      0.70    857116  65367820  50680396     12.57  42650136  24755532       364   1346852   2839044     10000     17380    861800
05:47:42 AM 323021452 388868468   2788288      0.71    857116  65368068  53534196     13.28  42650172  24767872        64   1359020   2838860      9984     17712    861800
05:47:47 AM 323014812 388861892   2794448      0.71    857116  65368224  53538272     13.28  42650168  24771396       252   1362564   2839184     10032     17796    861816
05:47:52 AM 323017816 388865140   2791228      0.71    857116  65368436  53547900     13.28  42650180  24776624       136   1367472   2839188      9984     17752    861816
05:47:57 AM 323021288 388868828   2787804      0.71    857116  65368684  53557168     13.28  42650180  24781632       304   1372304   2838892     10016     17820    861832
05:48:02 AM 323000664 388848380   2808440      0.71    857116  65368812  53527604     13.27  42650288  24766164       560   1356796   2838752     10032     17760    861768
05:48:07 AM 323028856 388876928   2779660      0.70    857116  65369168  49797048     12.35  42650324  24724008       472   1314428   2838984      9984     17196    861768
05:48:12 AM 322990600 388838656   2818064      0.71    857116  65369088  53592804     13.29  42650392  24786296       124   1376660   2838916      9984     17608    861768
05:48:17 AM 323023636 388871844   2784664      0.71    857116  65369260  53517876     13.27  42650400  24763164       144   1353440   2839108     10064     17772    861768
05:48:22 AM 323024592 388872972   2783528      0.70    857116  65369440  53521756     13.27  42650416  24766124        92   1356224   2839108     10048     17780    861752
05:48:27 AM 323054904 388903660   2752460      0.70    857116  65369852  49813364     12.35  42650416  24734184        96   1323824   2839452     10032     17164    861720
05:48:32 AM 323022212 388870912   2785140      0.71    857116  65369736  53518328     13.27  42650492  24761368        96   1351184   2839580     10000     17688    861704
05:48:37 AM 323011776 388860568   2795796      0.71    857116  65369888  53528132     13.27  42650492  24767940       440   1357852   2839208     10080     17804    861688
05:48:42 AM 323006220 388855216   2801168      0.71    857116  65370072  53537580     13.28  42650492  24773068       260   1363060   2839208     10016     17736    861704
05:48:47 AM 323010700 388859736   2796768      0.71    857116  65370140  50707636     12.57  42650496  24768560       440   1358160   2839060     10032     17308    861752
05:48:52 AM 323050144 388899828   2756676      0.70    857116  65370708  49822212     12.35  42650536  24738648       432   1327504   2839140     10032     17148    861784
05:48:57 AM 323014204 388864136   2791856      0.71    857116  65370956  50696544     12.57  42650600  24763016       212   1351836   2839652     10048     17284    861832
05:49:02 AM 322977780 388827596   2828628      0.72    857116  65370796  53503580     13.27  42650720  24755632         0   1344740   2839464     10016     17708    861832
05:49:07 AM 322976380 388826324   2830472      0.72    857116  65370928  53508768     13.27  42650716  24758944       480   1348088   2838888     10064     17824    861736
05:49:12 AM 322985144 388835276   2821532      0.71    857116  65371104  53521856     13.27  42650732  24765256       260   1353952   2838888     10032     17780    861736
05:49:17 AM 323008576 388858880   2797672      0.71    857116  65371300  53520748     13.27  42650764  24765472       388   1354256   2839120     10000     17732    861720
05:49:22 AM 323007156 388857612   2799000      0.71    857116  65371424  53531912     13.27  42650776  24769584       148   1357996   2839088     10000     17748    861752
05:49:27 AM 323026088 388876876   2779632      0.70    857116  65371788  50697444     12.57  42650780  24764916       172   1353200   2839160      9984     16972    861784
05:49:32 AM 323009076 388859816   2796580      0.71    857116  65371724  53532712     13.27  42650816  24772480       184   1360500   2839288     10000     17756    861784
05:49:37 AM 323026400 388877240   2778768      0.70    857116  65371912  53554216     13.28  42650816  24780252       352   1368488   2839588     10000     17800    861784
05:49:42 AM 323065780 388917120   2738948      0.69    857116  65372336  49831028     12.36  42650824  24744440       268   1331952   2839604     10000     17296    861768
05:49:47 AM 323025780 388877080   2779192      0.70    857116  65372292  53540728     13.28  42650892  24774328       472   1362232   2839404     10000     17772    861720
05:49:52 AM 323021080 388872500   2783852      0.70    857116  65372316  50678388     12.57  42650968  24756044       340   1343644   2839420     10000     17264    861704
05:49:57 AM 322979884 388831588   2825064      0.72    857116  65372580  53506292     13.27  42651036  24759124       292   1346724   2839140     10000     17708    861736
05:50:02 AM 322989256 388841092   2815692      0.71    857116  65372708  53509080     13.27  42651048  24761988       156   1349324   2839012     10000     17716    861736
05:50:07 AM 322997828 388849812   2806896      0.71    857116  65372896  53524048     13.27  42651044  24769492       432   1356904   2839048     10000     17756    861736
05:50:12 AM 323022728 388874800   2781696      0.70    857116  65372948  53521124     13.27  42651056  24768664       116   1355728   2839296     10000     17452    861736
05:50:17 AM 323020812 388873108   2783820      0.70    857116  65373212  53530692     13.27  42651088  24772560       316   1359520   2838824     10000     17748    861784
05:50:22 AM 323013800 388866280   2790700      0.71    857116  65373344  53536000     13.28  42651096  24775772       160   1362404   2838824     10000     17756    861752
05:50:27 AM 323023412 388875848   2780472      0.70    857116  65373380  53532076     13.27  42651096  24775688       304   1362584   2839404     10000     17456    861800
05:50:32 AM 323017512 388870368   2786292      0.71    857116  65373728  53547496     13.28  42651136  24781688       156   1367968   2839136     10000     17768    861784
05:50:37 AM 322990784 388843724   2812640      0.71    857116  65373904  53541944     13.28  42651168  24778336       280   1365260   2839340     10016     17764    861832
05:50:42 AM 323048564 388901512   2755108      0.70    857116  65373828  41806036     10.37  42651172  24696536       104   1282916   2839168      9952     15780    861768
05:50:47 AM 323099572 388952556   2704784      0.68    857116  65373844  35939912      8.91  42651208  24655732       304   1242160   2838468      9920     14788    861720
05:50:52 AM 323142540 388995492   2661856      0.67    857116  65373804  30077884      7.46  42651212  24616028        76   1202464   2838468      9888     13868    861704
05:50:57 AM 323136168 388989200   2668264      0.68    857116  65373912  30077884      7.46  42651216  24616732       116   1203212   2838324      9888     13808    861704
05:51:02 AM 323144956 388998100   2659388      0.67    857116  65373992  30086292      7.46  42651220  24620992        84   1207192   2838332      9888     13820    861736
05:51:07 AM 323171984 389025072   2632364      0.67    857116  65373936  24219028      6.01  42651212  24579980       336   1166280   2838384      9856     12844    861704
05:51:12 AM 323169736 389022868   2634596      0.67    857116  65374012  24223936      6.01  42651212  24582512        88   1168696   2838324      9856     12848    861704
05:51:17 AM 323161020 389014216   2642984      0.67    857116  65374096  24228704      6.01  42651216  24584860       212   1170932   2838568      9856     12856    861736
05:51:22 AM 323189668 389042816   2614412      0.66    857116  65374052  18363120      4.55  42651220  24544076        52   1130216   2838536      9824     11876    861720
05:51:27 AM 323211492 389064612   2592444      0.66    857116  65373984  12495428      3.10  42651216  24502696        96   1088876   2838748      9808     10888    861704
05:51:32 AM 323234400 389087896   2567332      0.65    857116  65374260  23782588      5.90  42684252  24466312        12   1085348   2840676      9904     12536    861768
05:51:37 AM 323085200 388939004   2716080      0.69    857116  65374484  23782588      5.90  42684996  24652216        52   1271692   2840904      9904     12816    861736
05:51:42 AM 323086476 388940628   2714488      0.69    857116  65374696  23782588      5.90  42685584  24652960        40   1272720   2841008      9904     12816    861736
05:51:47 AM 323079004 388933408   2721696      0.69    857116  65374880  23782588      5.90  42686144  24653872       180   1274060   2841088      9904     12816    861720
05:51:52 AM 323235432 389090096   2565644      0.65    857116  65375112   8772180      2.18  42686696  24454964        32   1075452   2840480      9808     10268    861656
05:51:57 AM 323260028 389113944   2542688      0.64    857116  65374356   6627836      1.64  42686696  24425644       192   1046888   2839596      9776      9900    861640
05:52:02 AM 323260852 389116360   2540316      0.64    857116  65375940   6628348      1.64  42686696  24427800        32   1047476   2839560      9776      9908    861608
05:52:07 AM 323251588 389109188   2546936      0.65    857116  65377936   6628348      1.64  42686696  24429852       308   1047480   2840208      9776      9904    861592
05:52:12 AM 323252384 389112696   2543552      0.64    857116  65380528   6628348      1.64  42686696  24432428        20   1047476   2840204      9776      9904    861592
05:52:17 AM 323009132 388872552   2782300      0.70    857116  65383608  53467820     13.26  42686964  24713084       480   1325364   2841628     10032     17612    861752
05:52:22 AM 322991832 388856748   2797952      0.71    857116  65385104  53462104     13.26  42687228  24719876      2136   1330936   2841780     10032     17612    861720
05:52:27 AM 322979448 388845916   2809276      0.71    857116  65386636  53456284     13.26  42687484  24720700      1976   1330552   2841308     10032     17640    861736
05:52:32 AM 322992524 388860724   2794008      0.71    857116  65388372  53468492     13.26  42687736  24722540      1744   1330956   2841764     10032     17616    861688
05:52:37 AM 323012640 388882428   2773072      0.70    857116  65389964  53467668     13.26  42687992  24724028      1672   1331172   2840992     10032     17308    861704
05:52:42 AM 323052156 388923916   2732276      0.69    857116  65391984  49753928     12.34  42688216  24692520      1108   1297808   2840252     10016     16592    861704
05:52:47 AM 323047384 388920956   2735756      0.69    857116  65393744  50626712     12.55  42688504  24708012      1464   1311804   2839784     10032     17192    861688
05:52:52 AM 323035184 388910900   2745232      0.70    857116  65395880  53456224     13.26  42688764  24728472      1896   1330400   2840372     10032     16972    861688
05:52:57 AM 323041660 388919216   2737900      0.69    857116  65397648  53461908     13.26  42689040  24730916      1664   1331212   2839460     10032     17120    861768
05:53:02 AM 323056692 388936520   2720108      0.69    857116  65399868  53456824     13.26  42689324  24732388      1424   1330848   2840000     10016     16752    861704
05:53:07 AM 323052516 388933988   2722580      0.69    857116  65401420  53457000     13.26  42689548  24733476      1732   1330596   2840152     10032     17272    861704
05:53:12 AM 323042396 388926364   2730408      0.69    857116  65403856  53474172     13.26  42689812  24736100      1760   1331080   2840008     10016     16860    861704
05:53:17 AM 323091144 388977244   2679256      0.68    857116  65405960  49754068     12.34  42690092  24705384      1580   1298464   2840308     10016     16132    861784
05:53:22 AM 323075736 388963456   2692956      0.68    857116  65407532  50626676     12.55  42690348  24726276      1628   1318204   2840444     10016     16592    861800
05:53:27 AM 323066860 388956428   2699924      0.68    857116  65409376  50642656     12.56  42690588  24736780      1772   1326884   2840508     10016     16516    861816
05:53:32 AM 323055916 388946928   2709532      0.69    857116  65410788  53474292     13.26  42690840  24741808      1560   1330848   2840432     10064     17000    861784
05:53:37 AM 323056596 388950024   2706224      0.69    857116  65413188  53467648     13.26  42691164  24744516      2012   1331492   2840660     10048     17324    861816
05:53:42 AM 323076132 388970720   2685660      0.68    857116  65414312  50630780     12.56  42691384  24723964      1396   1309988   2840564     10048     17016    861864
05:53:47 AM 323044360 388941060   2716356      0.69    857116  65416392  53451180     13.25  42691672  24747120      1732   1331324   2839560     10048     17476    861720
05:53:52 AM 323046304 388945024   2712604      0.69    857116  65418376  53450440     13.25  42691916  24748820      1808   1331352   2839384     10048     17444    861720
05:53:57 AM 323039508 388940068   2716748      0.69    857116  65420136  53467736     13.26  42692180  24750712      1784   1331712   2840276     10048     17400    861736
05:54:02 AM 323054748 388957432   2700192      0.68    857116  65422248  53451304     13.25  42692440  24752592      2056   1331792   2839480     10048     17464    861704
05:54:07 AM 323048536 388953036   2704376      0.68    857116  65424008  53470524     13.26  42692696  24755616      2172   1333264   2839748     10080     17748    861728
05:54:12 AM 323055144 388961500   2695848      0.68    857116  65425816  53467660     13.26  42692940  24756224      2028   1332352   2839860     10048     17620    861752
05:54:17 AM 323164972 389073004   2584584      0.65    857116  65427456  30046720      7.45  42693112  24615892      1324   1190584   2839656      9936     14128    861672
05:54:22 AM 323248268 389156120   2500188      0.63    857116  65427260  23787196      5.90  42726080  24503588        48   1111388   2840952      9920     12644    861704
05:54:27 AM 323239200 389147456   2508656      0.64    857116  65427484  23787196      5.90  42726916  24507680       212   1116008   2841328      9920     12852    861752
05:54:32 AM 323241124 389149636   2506536      0.63    857116  65427680  23787196      5.90  42727480  24508408        12   1117132   2841328      9920     12848    861720
05:54:37 AM 323236536 389145312   2510808      0.64    857116  65427876  23787196      5.90  42728056  24508992        56   1118104   2841448      9936     12848    861784
05:54:42 AM 323237884 389146864   2509144      0.64    857116  65428052  15207772      3.77  42728584  24475028        32   1084500   2841588      9936     12848    861768
05:54:47 AM 323242500 389150964   2506372      0.63    857116  65427532   6628348      1.64  42728600  24437668       180   1047600   2840264      9792      9908    861672
05:54:52 AM 323237788 389147156   2510148      0.64    857116  65428428   6642640      1.65  42728636  24452380         8   1061504   2840304      9792      9936    861672
05:54:57 AM 323230312 389140880   2516292      0.64    857116  65429588   6648552      1.65  42728680  24458876       184   1066920   2840476      9792      9952    861672
