Linux 5.15.0-91-generic (gl5) 	01/22/2024 	_x86_64_	(32 CPU)

01:37:07 PM kbmemfree   kbavail kbmemused  %memused kbbuffers  kbcached  kbcommit   %commit  kbactive   kbinact   kbdirty  kbanonpg    kbslab  kbkstack   kbpgtbl  kbvmused
01:37:12 PM 357177156 390225936   1652200      0.42   1419272  32596984   4664776      1.16  14823044  19742296       300    576532   2012936     10736      5832    273100
01:37:17 PM 357161648 390213772   1663836      0.42   1419276  32600368   4662528      1.16  14823492  19743692       312    574976   2013420     10672      5716    273188
01:37:22 PM 357060796 390116280   1758816      0.45   1419276  32603580  30337524      7.52  14824972  19865316       760    694936   2016080     10000     10772    272508
01:37:27 PM 357138600 390194076   1682600      0.43   1419280  32603588   4192068      1.04  14825056  19747792       184    577300   2014480      9728      5756    272332
01:37:32 PM 357140228 390197372   1679408      0.43   1419280  32605200   4192068      1.04  14825060  19749320       188    577332   2014432      9728      5756    272268
01:37:37 PM 357140464 390199420   1677400      0.42   1419280  32606884   4191700      1.04  14825096  19750628        44    576912   2014520      9744      5788    272316
01:37:42 PM 357142040 390202772   1674120      0.42   1419280  32608572   4187928      1.04  14825096  19750612       200    575208   2014536      9712      5668    272276
01:37:47 PM 357166028 390228408   1648824      0.42   1419280  32610176   4187928      1.04  14825136  19752172         8    575212   2014240      9696      5628    272260
01:37:52 PM 357166696 390230736   1646484      0.42   1419280  32611744   4192200      1.04  14825180  19755884       504    577468   2014344      9728      5736    272284
01:37:57 PM 357163028 390228632   1648684      0.42   1419280  32613228   4187928      1.04  14825172  19754652      1220    574740   2014328      9840      5224    272260
01:38:02 PM 357162640 390229896   1647752      0.42   1419284  32614804   4196604      1.04  14825220  19761156       620    579768   2014068      9760      5864    272276
01:38:07 PM 357161064 390230092   1647864      0.42   1419288  32616436   4195820      1.04  14825220  19762676       732    579572   2013896      9728      5804    272244
01:38:12 PM 357153228 390224060   1653828      0.42   1419296  32618100   4191964      1.04  14825256  19762016       472    577264   2014096      9728      5748    272300
01:38:17 PM 357154492 390226928   1650960      0.42   1419300  32619604   4192332      1.04  14825272  19763940       432    577612   2014192      9728      5744    272284
01:38:22 PM 357153844 390227992   1649708      0.42   1419304  32621188   4196368      1.04  14825316  19767152       348    579372   2014504      9712      5776    272244
01:38:27 PM 357138528 390218404   1659032      0.42   1419316  32626748   4224584      1.05  14872448  19733144       352    586892   2014924      9776      6080    272300
01:38:32 PM 357137436 390218984   1658540      0.42   1419316  32628308   4224216      1.05  14872480  19734580       212    586832   2014948      9776      6076    272284
01:38:37 PM 357135872 390219004   1658384      0.42   1419320  32629784   4228488      1.05  14872492  19738272       368    589048   2015188      9792      6124    272372
01:38:42 PM 357136928 390221832   1655184      0.42   1419320  32631412   4220444      1.05  14872524  19735932       316    585068   2015704      9712      5892    272324
01:38:47 PM 357136308 390222700   1654268      0.42   1419328  32632800   4224348      1.05  14872540  19739236       180    587032   2015844      9760      6052    272300
01:38:52 PM 357132144 390220124   1656824      0.42   1419328  32634248   4220444      1.05  14872576  19739584       292    585936   2016004      9792      6092    272356
01:38:57 PM 357131124 390220684   1656332      0.42   1419332  32635728   4220444      1.05  14872576  19740476       220    585296   2016032      9760      5956    272356
01:39:02 PM 356643664 389736136   2135800      0.54   1419336  32638656  97616356     24.21  14873928  20273184      2448   1116408   2021092     10320     20144    272740
01:39:07 PM 356818012 389912972   1959172      0.50   1419336  32641112  71038576     17.62  14874132  20054724       836    896036   2020916     10272     16288    272780
01:39:12 PM 356617980 389714352   2158364      0.55   1419340  32642468  94802436     23.51  14874540  20282872      3256   1123248   2020396     10272     19888    272676
01:39:17 PM 356651008 389749388   2123500      0.54   1419344  32644436  77884496     19.31  14874852  20264468      2100   1103152   2020260     10240     18700    272700
01:39:22 PM 356628212 389729000   2144820      0.54   1419344  32646816  97581744     24.20  14875108  20280172      3332   1116412   2019356     10240     19668    272740
01:39:27 PM 356673824 389776736   2097300      0.53   1419344  32648924  91079044     22.59  14875428  20242892      1956   1077184   2019156     10208     18536    272580
01:39:32 PM 356647408 389752900   2120188      0.54   1419344  32651404  91951184     22.80  14875704  20262280      2576   1094904   2020204     10256     19076    272620
01:39:37 PM 356618088 389725768   2146592      0.54   1419344  32653516  97573484     24.20  14876028  20289044      3448   1119840   2021008     10272     19652    272668
01:39:42 PM 356700396 389810900   2061956      0.52   1419344  32656344  84554340     20.97  14876296  20196612      3100   1024304   2020508     10288     17844    272660
01:39:47 PM 356660632 389773120   2099684      0.53   1419352  32658312  91930300     22.80  14876672  20266680      3024   1093008   2020568     10192     19236    272548
01:39:52 PM 356619468 389734296   2137968      0.54   1419356  32660488  94759704     23.50  14876944  20288708      3040   1113396   2021268     10224     19264    272580
01:39:57 PM 356619900 389737648   2135160      0.54   1419356  32663256  94759428     23.50  14877264  20285700      3100   1107432   2020876     10240     18868    272660
01:40:02 PM 356664956 389785528   2088144      0.53   1419360  32666048  87363760     21.67  14877608  20217212      3312   1036552   2020040     10288     18464    272668
01:40:07 PM 356644728 389767232   2106656      0.53   1419360  32667992  81745788     20.27  14877836  20219900      2696   1037624   2019812     10320     17888    272668
01:40:12 PM 356603952 389728888   2145216      0.54   1419360  32670360  93889784     23.28  14878180  20272720      3728   1088868   2019660     10288     19356    272620
01:40:17 PM 356620696 389748320   2124392      0.54   1419360  32673140  87370088     21.67  14878540  20247804      2672   1061628   2020960     10384     18896    272756
01:40:22 PM 356595864 389725512   2148352      0.54   1419364  32675228  91957176     22.80  14878792  20284164      3332   1096116   2019740     10256     19088    272644
01:40:27 PM 356612864 389744428   2129412      0.54   1419364  32677348  94754256     23.50  14879116  20293120      3324   1103292   2019560     10272     19408    272580
01:40:32 PM 356636208 389770052   2102728      0.53   1419368  32679580  89140884     22.11  14879404  20286348      2712   1094080   2020664     10320     19292    272620
01:40:37 PM 356654388 389791012   2082232      0.53   1419368  32682316  91938840     22.80  14879720  20310976      2932   1116248   2020244     10336     19268    272660
01:40:42 PM 356671304 389810044   2063232      0.52   1419368  32684436  93889148     23.28  14880020  20283628      2944   1086544   2020208     10288     19080    272612
01:40:47 PM 356754148 389895564   1977484      0.50   1419368  32687104  79949544     19.83  14880268  20175356      2308    975676   2020444     10288     17120    272724
01:40:52 PM 356619480 389762748   2111164      0.53   1419368  32688856  97602580     24.20  14880636  20314724      2740   1113948   2019680     10320     19536    272692
01:40:57 PM 356659516 389806240   2067104      0.52   1419372  32692248  88261808     21.89  14880976  20259912      2544   1057032   2020308     10288     18104    272732
01:41:02 PM 356638700 389787596   2085424      0.53   1419372  32694320  84555192     20.97  14881200  20248752      2672   1043004   2020732     10304     18364    272716
01:41:07 PM 356570296 389720828   2152012      0.55   1419372  32695868  91950864     22.80  14881564  20286032      3692   1080092   2021000     10320     18888    272740
01:41:12 PM 356607668 389761104   2112560      0.54   1419372  32698736  87356448     21.66  14881784  20253932      3008   1044444   2020212     10336     18332    272732
01:41:17 PM 356546496 389702004   2170556      0.55   1419372  32700824  89136272     22.10  14882116  20304656      3624   1094268   2021300     10320     18912    272652
01:41:22 PM 356537592 389695548   2177848      0.55   1419372  32703252  94748820     23.50  14882452  20327488      2940   1114516   2020484     10304     19408    272668
01:41:27 PM 356582956 389743296   2129912      0.54   1419376  32705576  93888000     23.28  14882760  20307196      4152   1092216   2020728     10304     19396    272772
01:41:32 PM 356623932 389787256   2085472      0.53   1419376  32708360  90169732     22.36  14883048  20277436      3172   1060604   2021408     10272     18740    272668
01:41:37 PM 356577048 389742116   2130156      0.54   1419376  32710060  93868344     23.28  14883376  20303028      3156   1085336   2021908     10528     18944    272684
01:41:42 PM 356542696 389710768   2162316      0.55   1419376  32713036  97572380     24.20  14883676  20337740      3400   1116772   2021124     10272     20040    272628
01:41:47 PM 356556504 389727016   2145264      0.54   1419376  32715432  93891204     23.28  14884016  20313840      3416   1090400   2021972     10304     19336    272580
01:41:52 PM 356578196 389751148   2122116      0.54   1419380  32717684  88231664     21.88  14884280  20301096      3084   1075980   2021172     10256     18500    272660
01:41:57 PM 356520860 389696204   2176960      0.55   1419384  32720080  97570804     24.20  14884632  20347500      3324   1120440   2021264     10288     19796    272612
01:42:02 PM 356626872 389805316   2068072      0.52   1419388  32723024  87366760     21.67  14884932  20270384      2560   1040580   2021192     10288     18268    272676
01:42:07 PM 356630948 389811976   2061488      0.52   1419392  32725596  90187216     22.37  14885244  20291576      2852   1060104   2021124     10272     18720    272628
01:42:12 PM 356552000 389734824   2137192      0.54   1419404  32727264  94772952     23.50  14885620  20333656      2940   1100468   2022688     10336     19556    272636
01:42:17 PM 356544032 389729392   2143424      0.54   1419412  32729696  91046208     22.58  14885892  20324112      3092   1087436   2021984     10304     19400    272604
01:42:22 PM 356547340 389735236   2137372      0.54   1419420  32732048  91941352     22.80  14886232  20334200      4028   1096208   2022368     10288     19120    272628
01:42:27 PM 356576048 389766628   2106220      0.53   1419420  32734672  93870908     23.28  14886508  20326692      3252   1086740   2022188     10272     19264    272644
01:42:32 PM 356561340 389754752   2117872      0.54   1419420  32737516  91076920     22.59  14886876  20328964      3992   1086984   2022400     10288     18508    272684
01:42:37 PM 356532436 389728240   2145080      0.54   1419420  32739856  93881792     23.28  14887184  20328480      2932   1084136   2021756     10256     18932    272564
01:42:42 PM 356500452 389698612   2174276      0.55   1419428  32742244  97595484     24.20  14887528  20368760      4176   1121968   2022148     10304     19868    272636
01:42:47 PM 356556364 389756856   2116432      0.54   1419428  32744576  86312300     21.40  14887828  20307720      2520   1059248   2021748     10272     18428    272644
01:42:52 PM 356522528 389725740   2146816      0.54   1419428  32747184  91061236     22.58  14888112  20341544      4104   1090680   2022592     10304     19292    272724
01:42:57 PM 356508916 389714124   2158752      0.55   1419428  32749168  94754520     23.50  14888412  20353288      3664   1100432   2022284     10288     19680    272636
01:43:02 PM 356475260 389682868   2190616      0.55   1419428  32751568  97580768     24.20  14888768  20374264      3688   1119324   2021676     10272     19536    272580
01:43:07 PM 356524384 389734196   2138424      0.54   1419436  32754028  90180544     22.36  14889028  20314192      2876   1056936   2022276     10224     18476    272564
01:43:12 PM 356471556 389683600   2187960      0.55   1419440  32756184  97579728     24.20  14889340  20377440      4096   1117308   2023408     10256     19632    272628
01:43:17 PM 356539340 389754080   2118472      0.54   1419440  32758792  90168964     22.36  14889652  20314796      2912   1053852   2022504     10240     18536    272564
01:43:22 PM 356510176 389727320   2145208      0.54   1419440  32761124  90181756     22.36  14889952  20321616      3784   1058696   2022600     10432     18708    272708
01:43:27 PM 356453960 389673224   2200192      0.56   1419444  32763460  97556336     24.19  14890268  20387588      3292   1122956   2021492     10272     19852    272700
01:43:32 PM 356493064 389714532   2158448      0.55   1419448  32765632  91074656     22.59  14890584  20358888      2760   1092124   2021956     10352     19404    272652
01:43:37 PM 356498936 389723420   2149636      0.54   1419456  32768680  91059684     22.58  14890856  20342784      2496   1072752   2021840     10272     18612    272684
01:43:42 PM 356432928 389659308   2214308      0.56   1419460  32770464  97592288     24.20  14891176  20391544      2912   1120128   2021388     10240     19636    272660
01:43:47 PM 356476764 389705720   2167080      0.55   1419464  32772996  97570136     24.20  14891528  20394512      4180   1121460   2022244     10272     19808    272708
01:43:52 PM 356509004 389740172   2132872      0.54   1419464  32775312  85437452     21.19  14891732  20342728      2748   1067360   2021896     10288     18312    272652
01:43:57 PM 356416316 389649876   2223612      0.56   1419468  32777676  97569620     24.20  14892060  20402508      4596   1124580   2021476     10272     19840    272716
01:44:02 PM 356521012 389757196   2116500      0.54   1419472  32780196  83658052     20.75  14892344  20303832      2772   1024624   2021368     10192     17836    272612
01:44:07 PM 356475780 389713608   2160360      0.55   1419480  32781820  87375084     21.67  14892592  20343140      4232   1062340   2021108     10288     18696    272652
01:44:12 PM 356482400 389721968   2150816      0.54   1419484  32783632  82616656     20.49  14892908  20331048      2404   1048084   2022216     10272     18564    272620
01:44:17 PM 356417148 389658924   2214148      0.56   1419492  32785792  94753228     23.50  14893172  20403192      4000   1117896   2021968     10240     19304    272612
01:44:22 PM 356593724 389838468   2034668      0.52   1419492  32788644  69747116     17.30  14893260  20225600      2316    938184   2022020     10144     15956    272548
01:44:27 PM 356673928 389919456   1954384      0.49   1419492  32789444  58643192     14.54  14893352  20131064      2144    843028   2021300     10112     14700    272628
01:44:32 PM 356468164 389713808   2160360      0.55   1419492  32789536  91070720     22.58  14893700  20372908      2320   1085468   2020996     10256     19088    272572
01:44:37 PM 356517972 389765984   2107728      0.53   1419496  32791916  86472552     21.44  14893768  20326608      4464   1036624   2021436     10192     18756    272708
01:44:42 PM 356784380 390034436   1839324      0.47   1419496  32793944  47551692     11.79  14893832  20039876      1144    741156   2021404     10032     13632    272548
01:44:47 PM 356465840 389714544   2160044      0.55   1419496  32792572  75040260     18.61  14894104  20376628      2240   1084824   2020596     10256     18496    272676
01:44:52 PM 356505540 389756364   2118468      0.54   1419496  32794672  84548324     20.97  14894240  20349812      2776   1057564   2020372     10224     18308    272612
01:44:57 PM 356580752 389834048   2040860      0.52   1419496  32797104  73447880     18.21  14894336  20269048      2780    974260   2020336     10144     17060    272692
01:45:02 PM 356760512 390014728   1860256      0.47   1419496  32798016  57768304     14.33  14894352  20096956      1644    801232   2020268     10080     13836    272604
01:45:07 PM 356737632 389991264   1883808      0.48   1419496  32797416  46507432     11.53  14894432  20099792      1032    804824   2020196     10016     13716    272604
01:45:12 PM 356524160 389777332   2097372      0.53   1419496  32796964  70469236     17.48  14894656  20338108      2232   1043944   2020556     10224     18044    272652
01:45:17 PM 356599112 389855144   2019548      0.51   1419496  32799816  79083560     19.61  14894772  20265464      1356    968604   2020576     10144     17156    272556
01:45:22 PM 356549804 389806028   2068056      0.52   1419500  32799916  76088340     18.87  14894852  20320588      2800   1023640   2021272     10160     17412    272516
01:45:27 PM 356610760 389868352   2006040      0.51   1419500  32801284  67812508     16.82  14894932  20262184       472    963764   2020964     10128     16764    272500
01:45:32 PM 356756768 390014996   1859584      0.47   1419504  32801992  57767676     14.33  14894972  20112012      2272    813032   2020700     10096     14176    272588
01:45:37 PM 356697764 389955100   1919396      0.49   1419508  32801104  61296428     15.20  14895028  20179840       628    881744   2020776     10128     15360    272532
01:45:42 PM 356551568 389809800   2064252      0.52   1419508  32801920  66763568     16.56  14895188  20315644      1504   1016384   2021300     10208     17628    272620
01:45:47 PM 356615124 389874860   1999284      0.51   1419508  32803436  73446456     18.21  14895256  20263084      1216    963056   2021196     10144     16888    272596
01:45:52 PM 356489452 389750140   2123468      0.54   1419516  32804304  91066052     22.58  14895504  20393624      2892   1093084   2021808     10240     19348    272668
01:45:57 PM 356588448 389850948   2022804      0.51   1419516  32806200  78030508     19.35  14895616  20315712      2924   1013200   2021580     10176     17848    272564
01:46:02 PM 356739456 390004104   1869968      0.47   1419520  32808304  58647800     14.54  14895700  20146380      2068    841632   2021300     10128     14668    272580
01:46:07 PM 356683560 389947832   1926292      0.49   1419520  32807924  61308356     15.20  14895808  20218396      1748    914312   2021252     10160     15884    272588
01:46:12 PM 356616272 389881088   1992420      0.50   1419520  32808608  71521944     17.74  14895968  20279592      2040    975048   2021728     10256     16824    272644
01:46:17 PM 356522896 389789204   2084392      0.53   1419524  32810084  81727024     20.27  14896124  20367748      2824   1061808   2021652     10160     18536    272628
01:46:22 PM 356638456 389906016   1967532      0.50   1419528  32811292  66932368     16.60  14896200  20225040      2916    917892   2021740     10144     16152    272644
01:46:27 PM 356677744 389946384   1927360      0.49   1419528  32812364  59523524     14.76  14896328  20170760       972    862644   2021552     10112     14804    272532
01:46:32 PM 356521104 389789456   2083876      0.53   1419528  32812112  76975876     19.09  14896488  20337984      2956   1030560   2021928     10224     17680    272716
01:46:37 PM 356524124 389794072   2079712      0.53   1419528  32813684  84541136     20.97  14896696  20328272      2548   1020084   2021500     10224     17976    272628
01:46:42 PM 356695476 389968892   1904596      0.48   1419528  32817136  64288832     15.94  14896820  20155836      2180    843572   2021812     10128     14916    272612
01:46:47 PM 356603208 389875668   1996916      0.51   1419528  32816112  56570512     14.03  14896996  20252220       880    941276   2022784     10240     16296    272612
01:46:52 PM 356419244 389693264   2178988      0.55   1419528  32817664  91954816     22.80  14897248  20427980      3104   1115772   2023124     10320     19372    272620
01:46:57 PM 356471780 389748280   2124796      0.54   1419528  32820100  94788428     23.51  14897500  20419532      2616   1104192   2022344     10224     19020    272556
01:47:02 PM 356636736 389916280   1956180      0.50   1419528  32823128  66930464     16.60  14897612  20235288      2516    917840   2022976     10144     15908    272500
01:47:07 PM 356579960 389859680   2013384      0.51   1419532  32823204  67820972     16.82  14897852  20274448      2420    956636   2022468     10176     16568    272644
01:47:12 PM 356416520 389697632   2175244      0.55   1419532  32824664  97589472     24.20  14898116  20442176      3568   1123432   2022588     10304     19928    272724
01:47:17 PM 356615176 389899348   1974144      0.50   1419532  32827708  62348324     15.46  14898184  20203068      3184    881388   2021988     10176     15456    272636
01:47:22 PM 356579220 389862400   2011384      0.51   1419532  32826744  62183508     15.42  14898328  20255668      1184    935336   2021668     10160     16116    272548
01:47:27 PM 356484628 389770508   2103388      0.53   1419540  32829324  86485716     21.45  14898608  20353880      3640   1031248   2021668     10224     18172    272580
01:47:32 PM 356577960 389865760   2008768      0.51   1419540  32831216  79095104     19.61  14898832  20291696      2724    967472   2021064     10176     16992    272532
01:47:37 PM 356473184 389762392   2111748      0.53   1419544  32832580  91061216     22.58  14899140  20406504      3716   1081224   2021492     10256     18892    272572
01:47:42 PM 356539508 389831608   2043400      0.52   1419544  32835512  80641736     20.00  14899292  20336108      3616   1007908   2020584     10208     17544    272596
01:47:47 PM 356538240 389830548   2042664      0.52   1419552  32835640  63732360     15.80  14899500  20306064      2164    977752   2022452     10176     16356    272580
01:47:52 PM 356427144 389720848   2151972      0.54   1419556  32836980  91730088     22.75  14899692  20421916       372   1092876   2022896     10256     19084    272684
01:47:57 PM 356532076 389828300   2044564      0.52   1419556  32839472  77824832     19.30  14899900  20310936      2804    978940   2022880     10208     16976    272644
01:48:02 PM 356452508 389750136   2122632      0.54   1419560  32840880  91741468     22.75  14900160  20428912      3572   1096312   2022968     10240     19004    272676
01:48:07 PM 356666028 389965816   1907676      0.48   1419560  32843048  50884608     12.62  14900216  20154956      2308    820076   2022236     10176     14180    272628
01:48:12 PM 356443340 389743684   2130544      0.54   1419560  32843584  91724868     22.75  14900588  20426532       704   1091600   2021520     10320     19136    272644
01:48:17 PM 356688680 389992400   1881624      0.48   1419560  32847064  59332976     14.71  14900696  20176800      1808    838044   2021620     10176     14236    272700
01:48:22 PM 356451712 389756052   2116940      0.54   1419568  32847560  91745228     22.75  14901020  20438960      3452   1099772   2022768     10336     19424    272780
01:48:27 PM 356709104 390015916   1857608      0.47   1419572  32850020  59332808     14.71  14901128  20165372      2624    823972   2022244     10128     14228    272676
01:48:32 PM 356491824 389799176   2075644      0.53   1419576  32850536  86122364     21.36  14901528  20422764      2472   1081484   2020968     10224     18604    272612
01:48:37 PM 356612308 389922528   1951656      0.49   1419576  32853400  68488632     16.98  14901648  20287796      2708    944028   2021608     10208     16120    272660
01:48:42 PM 356528596 389839620   2034348      0.52   1419576  32854176  80061516     19.85  14901924  20368468      2916   1024276   2021852     10224     17332    272652
01:48:47 PM 356800620 390112716   1762420      0.45   1419576  32855200  26856304      6.66  14901988  20058968       636    713564   2020732      9888      9680    272356
01:48:52 PM 356826156 390138404   1736736      0.44   1419576  32855320  18879656      4.68  14902048  20023204       416    677704   2020760      9856      8256    272372
01:48:57 PM 356852064 390164516   1710828      0.43   1419584  32855520  15869736      3.94  14902076  19995288       968    649180   2020552      9856      7596    272332
01:49:02 PM 356906368 390219108   1655588      0.42   1419584  32855672   4192992      1.04  14902076  19924476      1500    578752   2021336      9840      5872    272300
01:49:07 PM 356900828 390213808   1661364      0.42   1419584  32855680   4188852      1.04  14902072  19922620       260    576828   2021092      9760      5676    272228
01:49:12 PM 356851476 390168548   1702644      0.43   1419588  32859520  38522780      9.55  14919868  19989024      1324    657368   2025320     10000     11140    272532
01:49:17 PM 356772700 390089940   1781288      0.45   1419588  32859692  38522780      9.55  14920036  20078588       464    746648   2025280     10000     11584    272500
01:49:22 PM 356791464 390108948   1762184      0.45   1419588  32859828  38522780      9.55  14920152  20079812      1228    747888   2025484     10016     11616    272564
01:49:27 PM 356795632 390113236   1758124      0.45   1419588  32859920  36381688      9.02  14920248  20072608       432    740696   2025284      9968     11272    272588
01:49:32 PM 356783824 390101996   1769380      0.45   1419588  32860344  36385960      9.02  14920452  20076120      1484    744028   2025412     10064     11448    272596
01:49:37 PM 356778516 390096820   1774620      0.45   1419588  32860476  36377416      9.02  14920580  20072304       348    740216   2025348     10016     11220    272548
01:49:42 PM 356789448 390107980   1765280      0.45   1419588  32860728  14928048      3.70  14920636  19971404      1300    639216   2023504      9904      7664    272476
01:49:47 PM 356788660 390107064   1767484      0.45   1419588  32860600   4196956      1.04  14920632  19917276       348    585156   2022216      9776      5700    272404
01:49:52 PM 356787468 390105556   1768856      0.45   1419588  32860360   4200860      1.04  14920636  19918948      1208    587036   2022276      9808      5820    272428
01:49:57 PM 356790408 390108308   1766360      0.45   1419588  32860184   4196956      1.04  14920636  19916908       356    585164   2022008      9776      5704    272356
01:50:02 PM 356782856 390101700   1773184      0.45   1419588  32861120   4205580      1.04  14920644  19924840      1116    592124   2021800      9824      5812    272412
01:50:07 PM 356782660 390102492   1772384      0.45   1419592  32862044   4205580      1.04  14920640  19925680       296    592120   2021868      9824      5820    272380
01:50:12 PM 356779728 390101512   1773500      0.45   1419592  32863872   4205212      1.04  14920644  19927116       960    591676   2021856      9808      5764    272348
01:50:17 PM 356781164 390104068   1770952      0.45   1419596  32864964   4201308      1.04  14920652  19927188       296    590624   2021872      9824      5832    272340
01:50:22 PM 356790504 390114536   1760500      0.45   1419600  32865984   4201308      1.04  14920640  19927552      1048    589768   2021960     10032      5844    272356
01:50:27 PM 356791172 390116496   1758600      0.45   1419600  32867244   4201308      1.04  14920652  19928756       180    589904   2021932      9760      5704    272292
01:50:32 PM 356790348 390117020   1758284      0.45   1419600  32868488   4204796      1.04  14920652  19932048       232    591888   2021828      9760      5752    272220
01:50:37 PM 356310304 389639520   2231356      0.57   1419604  32870988  97926128     24.28  14921196  20476984       432   1136088   2026296     10272     20132    272612
01:50:42 PM 356132064 389461636   2409348      0.61   1419608  32871284  98015296     24.31  14921256  20501184       440   1158960   2026244     10272     21280    272548
01:50:47 PM 356140304 389470052   2400980      0.61   1419616  32871488  98017584     24.31  14921256  20501988      1204   1159692   2026160     10272     21280    272676
01:50:52 PM 356143620 389473628   2397536      0.61   1419620  32871708  98018636     24.31  14921332  20512256       432   1169616   2026064     10304     21356    272692
01:50:57 PM 356167148 389497612   2373396      0.60   1419628  32872212  98027180     24.31  14921344  20518924      1412   1176224   2026164     10336     21508    272788
01:51:02 PM 356268348 389599244   2272124      0.58   1419632  32872544  98077524     24.32  14921344  20537312       536   1193900   2025900     10272     21312    272724
01:51:07 PM 356257576 389588884   2282348      0.58   1419636  32873000  98086660     24.32  14921360  20543136      1388   1199556   2025988     10272     21448    272764
01:51:12 PM 356257188 389588764   2282476      0.58   1419636  32873228  98086660     24.32  14921360  20544608       540   1200568   2026020     10288     21488    272748
01:51:17 PM 356261012 389592960   2278024      0.58   1419640  32873556  98181840     24.35  14921360  20579436      1304   1235400   2026316     10320     21588    272764
01:51:22 PM 356286044 389618300   2252620      0.57   1419648  32873880  98150020     24.34  14921380  20573368       424   1228844   2026356     10304     21628    272828
01:51:27 PM 356278196 389610924   2259880      0.57   1419652  32874372  98161444     24.34  14921384  20578696      1256   1233784   2026448     10320     21664    272860
01:51:32 PM 356275084 389608024   2262596      0.57   1419656  32874748  98157172     24.34  14921376  20577136       316   1231992   2026464     10304     21548    272772
01:51:37 PM 356298076 389632044   2238580      0.57   1419660  32875468  94440624     23.42  14921384  20544840      1656   1198800   2026764     10336     21028    272844
01:51:42 PM 356439044 389774216   2097048      0.53   1419660  32876572  77561296     19.23  14921548  20388540      1244   1041620   2026224     10208     18424    272676
01:51:47 PM 356281024 389615292   2256208      0.57   1419660  32875592  95160664     23.60  14921840  20511052      2260   1165352   2026064     10336     20408    272684
01:51:52 PM 356210736 389545644   2325904      0.59   1419668  32876228  94297000     23.38  14921920  20483916       696   1138072   2026012     10256     20656    272724
01:51:57 PM 356158704 389493572   2377608      0.60   1419668  32876152  98018308     24.31  14921984  20521904      1372   1175680   2026416     10272     21292    272740
01:52:02 PM 356190416 389525496   2345700      0.59   1419668  32876404  98023132     24.31  14922000  20529408       636   1183272   2026360     10272     21308    272756
01:52:07 PM 356216196 389552148   2319080      0.59   1419668  32877252  98041192     24.31  14922028  20541736      1020   1193744   2026352     10448     21444    272740
01:52:12 PM 356263432 389599304   2271728      0.58   1419676  32877152  98079688     24.32  14922048  20556044       532   1209144   2026560     10352     21668    272788
01:52:17 PM 356277456 389613548   2258036      0.57   1419676  32877356  98092812     24.33  14922056  20562772       480   1214988   2026024     10320     21620    272788
01:52:22 PM 356268360 389604864   2266760      0.57   1419676  32877764  98088272     24.32  14922056  20560992       376   1213464   2025988     10256     21416    272740
01:52:27 PM 356254700 389591428   2280276      0.58   1419676  32877972  98108404     24.33  14922056  20568784       208   1220700   2025924     10256     21452    272708
01:52:32 PM 356268924 389605988   2265676      0.57   1419676  32878288  98142016     24.34  14922060  20585860       356   1237640   2025984     10256     21536    272756
01:52:37 PM 356254544 389591920   2279732      0.58   1419680  32878616  98151076     24.34  14922068  20591560       652   1243080   2025976     10304     21668    272828
01:52:42 PM 356265196 389603352   2268052      0.57   1419684  32879384  94415600     23.41  14922096  20549264      1704   1200020   2026232     10240     20812    272724
01:52:47 PM 356214544 389553072   2318472      0.59   1419688  32879620  98135768     24.34  14922140  20585752       692   1236188   2026224     10256     21528    272740
01:52:52 PM 356187356 389526348   2344928      0.59   1419688  32880096  98097736     24.33  14922256  20574456      1824   1224680   2026480     10272     21436    272756
01:52:57 PM 356159048 389498248   2372848      0.60   1419692  32880292  95175012     23.60  14922580  20502896      1724   1153108   2026668     10240     20668    272676
01:53:02 PM 356127660 389466860   2404304      0.61   1419700  32880284  95191580     23.61  14922668  20521340      3160   1171808   2026600     10320     21252    272780
01:53:07 PM 356143716 389483304   2387848      0.60   1419704  32880644  98027036     24.31  14922700  20532188       436   1182304   2026636     10288     21316    272740
01:53:12 PM 356153544 389493560   2377536      0.60   1419708  32881072  98031328     24.31  14922720  20538384      1268   1188036   2026688     10272     21332    272692
01:53:17 PM 356215692 389556052   2315096      0.59   1419716  32881392  98066840     24.32  14922748  20552920       396   1202248   2026652     10320     21540    272700
01:53:22 PM 356252792 389593364   2277828      0.58   1419724  32881640  98087468     24.32  14922752  20562668      1396   1212012   2026564     10336     21660    272740
01:53:27 PM 356275940 389616792   2254388      0.57   1419724  32881860  98092620     24.33  14922760  20565288       372   1213980   2026636     10272     21456    272724
01:53:32 PM 356267296 389608480   2262128      0.57   1419724  32882208  98107424     24.33  14922760  20572924      1192   1221060   2027192     10304     21556    272804
01:53:37 PM 356269104 389610596   2260040      0.57   1419724  32882504  98144164     24.34  14922760  20589556       420   1237756   2027176     10320     21612    272828
01:53:42 PM 356260684 389602528   2268048      0.57   1419724  32882988  98155112     24.34  14922756  20595336      1152   1243180   2027104     10288     21564    272788
01:53:47 PM 356243864 389586152   2284592      0.58   1419728  32883296  98158992     24.34  14922768  20598040       252   1245204   2027068     10272     21568    272772
01:53:52 PM 356224760 389567336   2303412      0.58   1419728  32883664  98141004     24.34  14922844  20591932      1116   1239172   2026984     10352     21752    272852
01:53:57 PM 356227984 389571356   2299816      0.58   1419728  32884296  94355412     23.40  14923052  20522004      1148   1168548   2026724     10352     20764    272796
01:54:02 PM 356148948 389492288   2378160      0.60   1419728  32884256  98100436     24.33  14923260  20560660      2180   1207300   2027456     10416     21120    272868
01:54:07 PM 356158260 389501968   2369096      0.60   1419728  32884580  97992964     24.30  14923364  20523612       172   1170220   2026884     10288     21104    272804
01:54:12 PM 356175972 389519904   2351308      0.60   1419728  32884848  98021424     24.31  14923376  20533652       840   1180284   2026692     10288     21296    272788
01:54:17 PM 356227592 389571836   2299692      0.58   1419736  32885140  98041276     24.31  14923416  20544664      1220   1190544   2026388     10320     21364    272788
01:54:22 PM 356238904 389583500   2287892      0.58   1419736  32885556  98057176     24.32  14923428  20553628       528   1199604   2026460     10352     21524    272796
01:54:27 PM 356249476 389594364   2277076      0.58   1419736  32885808  98080124     24.32  14923436  20564260      1336   1209476   2026452     10304     21508    272812
01:54:32 PM 356287432 389632468   2239004      0.57   1419744  32886036  98095536     24.33  14923432  20570980       440   1216424   2026332     10352     21532    272756
01:54:37 PM 356237252 389582776   2288992      0.58   1419752  32886440  98197876     24.35  14923448  20609108      1656   1253792   2026112     10352     21648    272884
01:54:42 PM 356280048 389625760   2245892      0.57   1419756  32886744  98130052     24.33  14923452  20585656       384   1230340   2026108     10288     21520    272820
01:54:47 PM 356262128 389608536   2262936      0.57   1419760  32887296  98159116     24.34  14923460  20598928      1516   1242660   2026428     10304     21592    272900
01:54:52 PM 356299436 389646272   2225084      0.56   1419764  32887840  94431608     23.42  14923496  20558544       600   1202136   2026424     10272     20772    272788
01:54:57 PM 356280720 389627928   2243000      0.57   1419764  32888160  94423680     23.42  14923580  20554492      1468   1197596   2026904     10304     21056    272804
01:55:02 PM 356221428 389568732   2301984      0.58   1419764  32888288  98093276     24.33  14923752  20569700      1136   1213036   2027084     10320     21344    272772
01:55:07 PM 356231820 389580260   2290576      0.58   1419768  32889272  90654340     22.48  14923772  20499252      2396   1141780   2027112     10304     20608    272748
01:55:12 PM 356187620 389535624   2335600      0.59   1419768  32888968  95172380     23.60  14924028  20510160      1044   1153204   2026592     10272     20972    272644
01:55:17 PM 356164792 389513152   2357684      0.60   1419768  32889336  98032232     24.31  14924076  20540748      1028   1183432   2026968     10272     21332    272692
01:55:22 PM 356198156 389546760   2324052      0.59   1419772  32889548  98044784     24.31  14924088  20549256       504   1191704   2027020     10288     21348    272756
01:55:27 PM 356205424 389554980   2315924      0.59   1419776  32890556  98052300     24.32  14924120  20556268      1564   1197904   2026868     10272     21364    272836
01:55:32 PM 356227320 389577108   2293832      0.58   1419780  32890808  98073908     24.32  14924136  20565192       368   1206572   2026808     10304     21504    272828
01:55:37 PM 356222800 389572692   2298432      0.58   1419780  32891072  98102112     24.33  14924128  20578140       984   1219128   2026464     10288     21468    272852
01:55:42 PM 356231360 389581572   2289616      0.58   1419780  32891420  98111412     24.33  14924136  20583128       192   1223788   2026372     10288     21516    272788
01:55:47 PM 356231624 389581980   2288648      0.58   1419780  32891692  98124108     24.33  14924128  20590616       496   1231192   2026804     10384     21580    272756
01:55:52 PM 356228876 389579568   2291560      0.58   1419784  32891952  98136540     24.34  14924136  20596212      1376   1236260   2026376     10304     21532    272772
01:55:57 PM 356232464 389583420   2287604      0.58   1419784  32892288  98159868     24.34  14924144  20607568       436   1247448   2026408     10304     21572    272788
01:56:02 PM 356288620 389639956   2231324      0.57   1419784  32892612  92240108     22.87  14924252  20549312      1680   1188840   2026208     10320     20628    272780
01:56:07 PM 356291256 389643012   2227996      0.56   1419784  32893140  85686312     21.25  14924324  20502988       904   1142316   2026372     10320     19820    272812
01:56:12 PM 356244040 389596192   2275420      0.58   1419788  32893352  92195472     22.86  14924436  20527072      2072   1166020   2025948     10288     20436    272740
01:56:17 PM 356215096 389567420   2304260      0.58   1419788  32893592  92196644     22.86  14924508  20524316       700   1163516   2025812     10320     20520    272716
01:56:22 PM 356221920 389574480   2297120      0.58   1419788  32893724  92120844     22.84  14924696  20494748      1376   1133092   2025996     10304     19952    272724
01:56:27 PM 356243716 389596544   2275176      0.58   1419788  32894008  92172060     22.86  14924708  20510212       588   1148896   2025860     10288     20436    272676
01:56:32 PM 356256716 389609916   2261764      0.57   1419788  32894376  92187648     22.86  14924736  20517832      1416   1156032   2025904     10320     20428    272732
01:56:37 PM 356276444 389629876   2241772      0.57   1419792  32894612  92196268     22.86  14924740  20524516       480   1162896   2025928     10304     20416    272724
01:56:42 PM 356269444 389623104   2248444      0.57   1419792  32894884  92209360     22.87  14924764  20532096      1228   1169964   2025984     10352     20544    272780
01:56:47 PM 356295468 389649460   2222132      0.56   1419796  32895256  92236448     22.87  14924760  20542784       372   1180416   2025896     10336     20492    272708
01:56:52 PM 356302860 389657144   2214152      0.56   1419800  32895520  92261700     22.88  14924776  20556408      1512   1193576   2026216     10400     20760    272836
01:56:57 PM 356302100 389656536   2214772      0.56   1419800  32895824  92262140     22.88  14924772  20556868       364   1193964   2026052     10336     20544    272756
01:57:02 PM 356283244 389637996   2233644      0.57   1419804  32895944  92270720     22.88  14924476  20561660       848   1197852   2025912     10352     20556    272708
01:57:07 PM 356293844 389648836   2222860      0.56   1419804  32896324  89441984     22.18  14924552  20557440       628   1193496   2025716     10368     20500    272748
01:57:12 PM 356278220 389633628   2238268      0.57   1419804  32896608  92233904     22.87  14924660  20544504      1200   1180268   2025648     10368     20504    272836
01:57:17 PM 356183920 389539544   2332272      0.59   1419804  32896852  92446584     22.93  14924840  20595892       264   1231816   2025700     10336     20404    272756
01:57:22 PM 356211088 389567172   2304348      0.58   1419804  32897216  92191168     22.86  14924888  20521740      1088   1157180   2026092     10336     20428    272788
01:57:27 PM 356158164 389514452   2356668      0.60   1419804  32897452  92144788     22.85  14925036  20503444       780   1138872   2026460     10336     20312    272756
01:57:32 PM 356161588 389518152   2351992      0.60   1419804  32897696  92165708     22.86  14925060  20513052       736   1148200   2027468     10480     20380    272788
01:57:37 PM 356205812 389562720   2308172      0.58   1419804  32898072  92196984     22.86  14925076  20527084      1536   1162296   2026688     10400     20616    272836
01:57:42 PM 356207192 389564396   2306620      0.58   1419804  32898316  92196860     22.86  14925092  20529268       468   1163676   2026616     10336     20432    272772
01:57:47 PM 356227108 389584544   2286440      0.58   1419804  32898576  92219548     22.87  14925096  20539836      1316   1174268   2026620     10368     20600    272860
01:57:52 PM 356255992 389613752   2257320      0.57   1419804  32898788  92229028     22.87  14925096  20544320       384   1178180   2026644     10320     20488    272788
01:57:57 PM 356272500 389630504   2240368      0.57   1419812  32899144  92245848     22.88  14925092  20551548      1156   1185548   2026724     10336     20532    272820
01:58:02 PM 356282684 389641100   2229968      0.56   1419816  32899448  92271832     22.88  14925112  20563828       816   1197088   2026632     10368     20676    272812
01:58:07 PM 356276208 389635036   2235608      0.57   1419816  32899988  92279024     22.88  14925116  20568680      1068   1201756   2026928     10320     20588    272836
01:58:12 PM 356269196 389628324   2242464      0.57   1419820  32900188  92281872     22.88  14925192  20568696       336   1201344   2026880     10368     20796    272820
01:58:17 PM 356241412 389600732   2270012      0.57   1419820  32900512  92351140     22.90  14925224  20584764      1884   1217368   2026792     10320     20536    272772
01:58:22 PM 356281096 389640764   2230640      0.56   1419824  32900736  92190344     22.86  14925436  20527320      1088   1159864   2026252     10304     20300    272724
01:58:27 PM 356214604 389574720   2296896      0.58   1419832  32901140  92178968     22.86  14925524  20522048      1736   1154360   2026076     10304     20392    272788
01:58:32 PM 356238476 389598892   2272940      0.58   1419832  32901332  92168216     22.86  14925652  20517492       896   1149644   2025968     10352     20448    272732
01:58:37 PM 356218704 389579396   2292492      0.58   1419832  32901620  92166748     22.86  14925700  20516020      1528   1147968   2025900     10320     20348    272740
01:58:42 PM 356225648 389586528   2285360      0.58   1419836  32901864  92188620     22.86  14925712  20526656       476   1158576   2025840     10352     20500    272764
01:58:47 PM 356253000 389614296   2257660      0.57   1419840  32902272  92196088     22.86  14925736  20532392      1640   1163648   2025776     10336     20400    272788
01:58:52 PM 356294164 389655744   2216316      0.56   1419840  32902524  92220520     22.87  14925744  20542856       468   1174000   2025704     10320     20480    272708
01:58:57 PM 356321268 389683056   2188852      0.55   1419840  32902760  92234532     22.87  14925740  20549320      1444   1180164   2025828     10320     20480    272692
01:59:02 PM 356317496 389679596   2192456      0.56   1419840  32903120  92243588     22.88  14925744  20555324       412   1185980   2025636     10320     20504    272724
01:59:07 PM 356309000 389671396   2200564      0.56   1419844  32903412  92270456     22.88  14925748  20566380      1624   1196644   2025728     10368     20664    272844
01:59:12 PM 356287508 389650216   2221596      0.56   1419844  32903732  92284684     22.89  14925796  20571384       644   1201436   2025868     10368     20684    272876
01:59:17 PM 356298080 389660828   2209684      0.56   1419848  32903712  89441640     22.18  14925836  20561532       964   1191132   2027224     10640     20632    272884
01:59:22 PM 356266648 389629936   2241340      0.57   1419856  32904384  92254252     22.88  14925904  20556500       424   1185876   2026320     10336     20352    272820
01:59:27 PM 356308920 389672908   2198228      0.56   1419856  32904876  85643676     21.24  14926036  20494936       580   1123852   2026668     10320     19500    272820
01:59:32 PM 356244480 389608864   2262452      0.57   1419860  32905220  88475284     21.94  14926140  20495480      2548   1124204   2026536     10320     19764    272852
01:59:37 PM 356247236 389611708   2259296      0.57   1419860  32905232  92160900     22.85  14926288  20515340       860   1144304   2026924     10336     20068    272780
01:59:42 PM 356206936 389571848   2299208      0.58   1419860  32905536  92166420     22.86  14926340  20519144      2308   1148000   2027008     10336     20360    272756
01:59:47 PM 356235056 389600164   2270928      0.58   1419864  32905756  92174184     22.86  14926364  20523748       424   1152172   2026944     10336     20368    272788
01:59:52 PM 356249288 389614780   2256108      0.57   1419868  32906148  92195184     22.86  14926372  20535140      1416   1163416   2027136     10352     20412    272740
01:59:57 PM 356257476 389623220   2247812      0.57   1419872  32906340  92203528     22.87  14926396  20540128       388   1167876   2027048     10336     20424    272772
02:00:02 PM 356260076 389626156   2244660      0.57   1419880  32906608  92223664     22.87  14926400  20547956      1484   1175616   2027324     10352     20464    272772
02:00:07 PM 356281884 389648252   2222792      0.56   1419884  32906820  92235204     22.87  14926412  20554916       524   1182416   2027168     10384     20608    272700
02:00:12 PM 356263112 389629768   2240920      0.57   1419884  32907208  92248740     22.88  14926412  20561056      1476   1188228   2027424     10352     20580    272740
02:00:17 PM 356274568 389641476   2229392      0.56   1419884  32907388  89422220     22.18  14926424  20558352       360   1185564   2027316     10368     20528    272740
02:00:22 PM 356246680 389613860   2256920      0.57   1419888  32907800  92254844     22.88  14926488  20565908       576   1192604   2027260     10416     20580    272780
02:00:27 PM 356263188 389630876   2240236      0.57   1419888  32908192  92256100     22.88  14926536  20566908       584   1193116   2027044     10448     20596    272868
02:00:32 PM 356223516 389591536   2279368      0.58   1419896  32908556  92243324     22.88  14926608  20559808      1612   1185580   2027212     10432     20608    272860
02:00:37 PM 356250064 389618948   2252192      0.57   1419896  32909300  89366104     22.16  14926732  20516576       416   1141688   2027096     10384     19800    272740
02:00:42 PM 356194708 389563488   2307472      0.58   1419896  32909188  92177012     22.86  14926900  20523608      2124   1149036   2027284     10400     20200    272932
02:00:47 PM 356202808 389571848   2299364      0.58   1419896  32909416  92175416     22.86  14926964  20526000       312   1151268   2027064     10432     20504    272908
02:00:52 PM 356205424 389574728   2296580      0.58   1419896  32909676  92166744     22.86  14927000  20525972      1712   1151000   2026972     10368     20380    272900
02:00:57 PM 356227144 389596716   2274684      0.58   1419896  32909948  92185412     22.86  14927036  20534248       244   1158468   2026876     10384     20424    272852
02:01:02 PM 356257608 389627524   2242464      0.57   1419900  32910332  92214300     22.87  14927040  20547324       788   1171944   2028244     10576     20572    272972
02:01:07 PM 356273476 389643664   2227792      0.56   1419900  32910580  92221692     22.87  14927048  20551656        20   1175632   2026800     10352     20476    272836
02:01:12 PM 356253492 389623820   2247504      0.57   1419908  32910844  92318060     22.89  14927048  20587192       680   1211120   2026800     10352     20504    272852
02:01:17 PM 356313528 389684400   2187188      0.55   1419916  32911244  92236372     22.87  14927092  20560848      1320   1184272   2026672     10368     20520    272884
02:01:22 PM 356311952 389683008   2188580      0.55   1419920  32911544  92247776     22.88  14927124  20566112       316   1189528   2026552     10368     20540    272884
02:01:27 PM 356270340 389641848   2229448      0.56   1419928  32911852  92311900     22.89  14927148  20580160      1568   1203472   2026980     10512     20768    273132
02:01:32 PM 356283840 389655712   2215732      0.56   1419928  32912364  88574172     21.97  14927228  20533356       796   1155964   2026684     10512     20152    273084
02:01:37 PM 356244020 389616376   2255136      0.57   1419932  32912752  89448196     22.18  14927320  20543740      1808   1165820   2026708     10528     20028    273172
02:01:42 PM 356260232 389632800   2238608      0.57   1419936  32913024  88538856     21.96  14927372  20518840       724   1140956   2026748     10464     19972    273068
02:01:47 PM 356203944 389576500   2294432      0.58   1419936  32912884  92226256     22.87  14927556  20539756      2344   1161956   2027352     10528     20944    273108
02:01:52 PM 356187652 389560492   2310872      0.59   1419936  32913228  92225220     22.87  14927628  20537168       636   1159444   2026860     10480     20576    272972
02:01:57 PM 356221956 389595092   2276288      0.58   1419936  32913488  92226256     22.87  14927664  20540476      1652   1162372   2026880     10464     20472    273004
02:02:02 PM 356213788 389587184   2284372      0.58   1419940  32913760  92237376     22.87  14927688  20547044       436   1168724   2026688     10448     20596    272988
02:02:07 PM 356220596 389594596   2276928      0.58   1419948  32914368  92263392     22.88  14927712  20557912      1548   1178996   2026708     10464     20652    272972
02:02:12 PM 356244180 389618376   2253212      0.57   1419952  32914592  92276500     22.88  14927712  20565972       452   1186904   2026612     10464     20684    272956
02:02:17 PM 356260260 389634724   2236964      0.57   1419952  32914904  92290308     22.89  14927716  20573532      1564   1194112   2026468     10480     20704    273004
02:02:22 PM 356274772 389649464   2222340      0.56   1419952  32915176  92298888     22.89  14927760  20575748       512   1196564   2026308     10512     20856    272972
02:02:27 PM 356261412 389636380   2235184      0.57   1419952  32915576  92310188     22.89  14927752  20581952      1628   1201976   2026424     10480     20764    272940
02:02:32 PM 356299280 389674592   2197200      0.56   1419952  32915752  92314192     22.89  14927800  20582404       568   1202076   2026364     10480     20652    272940
02:02:37 PM 356279028 389654776   2216560      0.56   1419952  32916204  92287044     22.89  14927864  20574296      1752   1193540   2026804     10464     20540    273036
02:02:42 PM 356253812 389629784   2241788      0.57   1419952  32916364  92264832     22.88  14927960  20560016       372   1179400   2026632     10496     20156    273004
02:02:47 PM 356225684 389602004   2268568      0.57   1419956  32916772  92280820     22.88  14927976  20566740       516   1185308   2027568     10544     20688    273052
02:02:52 PM 356232800 389609440   2261744      0.57   1419960  32916928  92235880     22.87  14928136  20544872       580   1163760   2027116     10480     20292    272988
02:02:57 PM 356206796 389583720   2287556      0.58   1419960  32917264  92212904     22.87  14928260  20535356       412   1154324   2026972     10464     20556    272972
02:03:02 PM 356195208 389572516   2298860      0.58   1419972  32917600  92234616     22.87  14928280  20545400      1636   1163328   2026908     10512     20752    273012
02:03:07 PM 356203424 389580928   2290496      0.58   1419972  32917844  92232816     22.87  14928324  20546296       456   1164664   2026812     10496     20648    272956
02:03:12 PM 356202464 389580236   2291208      0.58   1419976  32918088  92237484     22.87  14928352  20550740      1440   1168700   2026812     10464     20620    273004
02:03:17 PM 356226664 389604768   2266644      0.57   1419984  32918484  92345252     22.90  14928368  20574588       400   1192336   2026772     10448     20656    273020
02:03:22 PM 356243860 389622344   2249040      0.57   1419988  32918744  92363584     22.90  14928416  20597516      1832   1214948   2026916     10528     20820    273092
02:03:27 PM 356269980 389648628   2222652      0.56   1419988  32919024  92285340     22.89  14928408  20572024       500   1189272   2026904     10496     20732    273084
02:03:32 PM 356286200 389665304   2205992      0.56   1419988  32919388  92293996     22.89  14928416  20577128      1388   1193744   2026980     10448     20656    273116
02:03:37 PM 356296428 389675756   2195452      0.56   1419988  32919660  92309348     22.89  14928444  20581784       368   1198264   2027020     10464     20672    273084
02:03:42 PM 356310188 389690168   2180928      0.55   1419988  32920244  88598184     21.97  14928460  20551324      1480   1167132   2027200     10496     20292    273052
02:03:47 PM 356238280 389618272   2252384      0.57   1419988  32920300  92269044     22.88  14928640  20565220       596   1181424   2027596     10512     20820    273060
02:03:52 PM 356222224 389602644   2267636      0.57   1419992  32920684  92267636     22.88  14928676  20562984      1840   1178680   2028012     10448     20668    273036
02:03:57 PM 356247288 389627828   2242552      0.57   1419996  32920784  89422420     22.18  14928724  20537168       428   1152876   2027928     10480     20392    273044
02:04:02 PM 356204128 389585408   2284904      0.58   1419996  32921444  88505948     21.95  14928888  20510276      1516   1125428   2028076     10448     19944    272972
02:04:07 PM 356182916 389564184   2306408      0.58   1420004  32921436  92243340     22.88  14928932  20551236       272   1166492   2027784     10448     20664    273004
02:04:12 PM 356194040 389575976   2294564      0.58   1420004  32922008  88524276     21.95  14928948  20519672      1440   1133768   2027932     10384     19900    273004
02:04:17 PM 356183456 389565340   2304924      0.58   1420004  32922028  92242152     22.87  14928992  20555444       264   1170220   2028136     10448     20628    273020
02:04:22 PM 356257392 389639728   2230616      0.56   1420008  32922300  86390984     21.42  14929000  20525188      1348   1139388   2028232     10464     19888    273020
02:04:27 PM 356271392 389653940   2216484      0.56   1420008  32922504  86420200     21.43  14929012  20536460       188   1150700   2028160     10464     19948    273020
02:04:32 PM 356270008 389652816   2217912      0.56   1420008  32922748  86421476     21.43  14929008  20539404       412   1153128   2027872     10832     19808    273020
02:04:37 PM 356261184 389644240   2226664      0.56   1420012  32922980  86427192     21.43  14929016  20541628       164   1155428   2027708     10400     19748    273036
02:04:42 PM 356277316 389660748   2210268      0.56   1420012  32923244  86439384     21.44  14929024  20548288       468   1161520   2027708     10400     19772    272988
02:04:47 PM 356293452 389677172   2193572      0.56   1420012  32923516  80579240     19.98  14929024  20513744      1548   1126944   2027996     10368     18804    273036
02:04:52 PM 356420528 389804200   2067164      0.52   1420012  32923300  57096328     14.16  14929020  20352216       392    965312   2027544     10240     14852    272892
02:04:57 PM 356416324 389800096   2071792      0.52   1420012  32923444  51309912     12.72  14929032  20342596      1268    955672   2026976     10192     13920    272860
02:05:02 PM 356537656 389921408   1950796      0.49   1420012  32923276  33611252      8.34  14929028  20190688       592    803732   2026808     10096     10896    272764
02:05:07 PM 356628952 390012884   1859824      0.47   1420012  32923388  15995156      3.97  14929028  20067476      1376    680456   2026372     10016      8260    272652
02:05:12 PM 356653796 390037332   1835724      0.46   1420012  32922972  10122480      2.51  14929032  20025952       504    639344   2026044      9968      6924    272620
02:05:17 PM 356713224 390096840   1776480      0.45   1420012  32923028   4249516      1.05  14929032  19983792      1132    597232   2025804      9936      5932    272652
02:05:22 PM 356627020 390011700   1857948      0.47   1420012  32923936  38644972      9.58  14946940  20107804       264    738100   2029632     10192     11876    272796
02:05:27 PM 356623552 390008640   1861432      0.47   1420012  32924216  36495256      9.05  14947216  20101388      1228    731680   2029336     10176     11520    272844
02:05:32 PM 356618744 390004168   1865896      0.47   1420012  32924448  36499160      9.05  14947484  20104624       248    734936   2029448     10176     11568    272820
02:05:37 PM 356642672 390028488   1844588      0.47   1420012  32924784   4253788      1.05  14947584  19969236      1384    599456   2026492      9968      6040    272628
02:05:42 PM 356645376 390030724   1842816      0.47   1420012  32924300   4249516      1.05  14947584  19966668       176    597244   2026044      9936      5928    272572
02:05:47 PM 356643724 390029752   1843824      0.47   1420012  32924964   4253932      1.05  14947588  19969660      1304    599616   2026024      9968      6036    272612
02:05:52 PM 356645012 390033480   1840264      0.47   1420016  32927320   4250028      1.05  14947588  19970144       360    597732   2025936      9936      5932    272604
02:05:57 PM 356641180 390032196   1841624      0.47   1420020  32929732   4250028      1.05  14947588  19972596      1296    597732   2025992      9936      5928    272604
02:06:02 PM 356174708 389569176   2300356      0.58   1420020  32933124  97992116     24.30  14948088  20529916      2260   1152480   2030340     10432     21040    272892
02:06:07 PM 356540660 389942020   1927556      0.49   1420020  32940076  53485776     13.26  14948136  20155024      3844    770540   2030236     10272     14196    272908
02:06:12 PM 356208272 389606656   2261888      0.57   1420020  32937088  98015040     24.31  14948612  20544652      2740   1164032   2031280     10432     20996    272908
02:06:17 PM 356562084 389967560   1901212      0.48   1420020  32944136  53490652     13.26  14948680  20167272      2860    779648   2031096     10560     14828    272908
02:06:22 PM 356234756 389637360   2232056      0.57   1420020  32941292  95167696     23.60  14949140  20545188      2504   1160212   2030424     10416     20564    272908
02:06:27 PM 356565308 389974284   1895276      0.48   1420020  32947652  57197256     14.18  14949292  20203344      1880    812440   2030292     10304     14628    272836
02:06:32 PM 356324848 389732248   2137972      0.54   1420028  32946044  75559092     18.74  14949632  20438796      3024   1049952   2029656     10368     18240    272860
02:06:37 PM 356405208 389817024   2053160      0.52   1420032  32950416  76615528     19.00  14949880  20395548      4076   1002524   2029732     10320     18112    272860
02:06:42 PM 356534916 389946636   1923440      0.49   1420032  32950296  57021272     14.14  14950060  20270092      2504    877320   2029864     10288     15616    272804
02:06:47 PM 356267568 389681312   2189536      0.55   1420032  32952260  97998884     24.30  14950476  20560592      4324   1166392   2029152     10384     21416    272812
02:06:52 PM 356270508 389686572   2184676      0.55   1420032  32954416  92170880     22.86  14950928  20524596      3612   1128784   2028916     10384     19584    272820
02:06:57 PM 356512488 389933252   1937908      0.49   1420032  32959052  62458088     15.49  14951120  20269812      2468    869260   2029068     10240     15324    272812
02:07:02 PM 356304672 389726776   2144528      0.54   1420032  32960388  89318512     22.15  14951588  20525748      5112   1124900   2028928     10384     19776    272876
02:07:07 PM 356317312 389741712   2129664      0.54   1420036  32962644  71476588     17.73  14951920  20481316      3352   1078036   2028892     10384     18816    272900
02:07:12 PM 356280260 389706472   2164456      0.55   1420036  32964412  92147016     22.85  14952188  20532880      4736   1128168   2029384     10384     19996    272828
02:07:17 PM 356473348 389904184   1967048      0.50   1420040  32969040  69874508     17.33  14952428  20347528      3528    938344   2029072     10304     16812    272796
02:07:22 PM 356300824 389731516   2139828      0.54   1420040  32968888  92156912     22.85  14952892  20541020      3976   1132068   2028968     10352     20388    272860
02:07:27 PM 356500524 389934424   1936312      0.49   1420044  32972076  55755924     13.83  14953016  20297840       572    886096   2029592     10272     14268    272780
02:07:32 PM 356274428 389711652   2159212      0.55   1420044  32975240  88416036     21.93  14953412  20515976      6384   1101700   2029624     10352     19800    272956
02:07:37 PM 356613936 390052068   1818712      0.46   1420044  32976024  40034100      9.93  14953472  20143120       488    727888   2029832     10192     12620    272780
02:07:42 PM 356232856 389672568   2197992      0.56   1420044  32977616  92145892     22.85  14953864  20547900      5796   1131664   2030040     10368     20428    272892
02:07:47 PM 356682000 390125444   1745452      0.44   1420044  32981328  32202992      7.99  14953872  20059680        96    639476   2029724     10096     10452    272780
02:07:52 PM 356498272 389939160   1932924      0.49   1420044  32978776  39397016      9.77  14954060  20228700      2948    811400   2028532     10080     11724    272716
02:07:57 PM 356697700 390138588   1734060      0.44   1420044  32978700   4253932      1.05  14962304  20008844        92    599832   2028044      9920      6056    272612
02:08:02 PM 356309276 389750440   2118244      0.54   1420044  32978916  38653924      9.59  14972036  20451932       408   1051012   2032068     10736     11944    272796
02:08:07 PM 356260748 389701972   2166520      0.55   1420044  32979024  38653676      9.59  14972132  20486856      1404   1087208   2032212     10144     11876    272796
02:08:12 PM 356293572 389735180   2133484      0.54   1420044  32979412  36503448      9.05  14972200  20456924       372   1056984   2032036     10128     11508    272732
02:08:17 PM 356276504 389718620   2150004      0.54   1420048  32979856  36503448      9.05  14972444  20458024      1020   1057876   2032136     10128     11512    272748
02:08:22 PM 356702576 390145040   1726712      0.44   1420048  32980240   4250028      1.05  14972632  19998476       528    598228   2028972      9936      6024    272540
02:08:27 PM 356694996 390137100   1734960      0.44   1420052  32979824   4250028      1.05  14972632  19997880      1348    597956   2028716      9888      5928    272540
02:08:32 PM 356694860 390137640   1734576      0.44   1420052  32980504   4253228      1.05  14972640  19999916       348    599328   2028556      9856      5936    272524
02:08:37 PM 356676980 390121136   1751204      0.44   1420052  32981812   4270956      1.06  14972724  20019472       952    617692   2028500      9872      5988    272540
02:08:42 PM 356677388 390122744   1749660      0.44   1420052  32982936   4275180      1.06  14972764  20024980       448    622132   2028512      9888      6004    272524
