Linux 5.15.0-91-generic (gl5) 	01/28/2024 	_x86_64_	(32 CPU)

05:25:15 PM kbmemfree   kbavail kbmemused  %memused kbbuffers  kbcached  kbcommit   %commit  kbactive   kbinact   kbdirty  kbanonpg    kbslab  kbkstack   kbpgtbl  kbvmused
05:25:20 PM 306868788 389906172   1809152      0.46   1562024  81269880   4669964      1.16  36078344  47299488       936    574344   3348704     10560      5800    279460
05:25:25 PM 306865860 389905540   1810000      0.46   1562024  81272128   4673208      1.16  36078384  47302592       236    575108   3348536     10560      5804    279460
05:25:30 PM 306545588 389588136   2124424      0.54   1562024  81274848  37416992      9.28  36080276  47654728      2268    926812   3351664      9936     14808    278852
05:25:35 PM 306894592 389938308   1775692      0.45   1562024  81275964   4197240      1.04  36080352  47304192       216    574820   3350276      9600      5668    278612
05:25:40 PM 306891128 389936228   1777988      0.45   1562024  81277212   4197240      1.04  36080360  47305872       976    575328   3350196      9904      5424    278548
05:25:45 PM 306906916 389953256   1761056      0.45   1562024  81278404   4197240      1.04  36080364  47306908       192    575144   3350148      9648      5772    278532
05:25:50 PM 306906576 389954500   1759772      0.45   1562024  81279900   4196988      1.04  36080388  47308428       312    574700   3350276      9808      5736    278468
05:25:55 PM 306904444 389954456   1760100      0.45   1562024  81281728   4197372      1.04  36080436  47310132        12    575096   3350252      9616      5704    278532
05:26:00 PM 306903304 389955392   1759132      0.45   1562024  81283696   4197372      1.04  36080436  47312160       372    575160   3350392      9632      5740    278516
05:26:05 PM 306897348 389951380   1763008      0.45   1562024  81285380   4197372      1.04  36080472  47313828      1256    575160   3350788      9616      5700    278548
05:26:10 PM 306895932 389951900   1762344      0.45   1562024  81287216   4197504      1.04  36080468  47315644       384    575176   3351032      9600      5668    278532
05:26:15 PM 306891812 389949624   1764716      0.45   1562024  81288852   4197504      1.04  36080512  47317368      1272    575248   3351144      9632      5704    278628
05:26:20 PM 306890376 389949716   1764696      0.45   1562024  81290292   4197504      1.04  36080544  47318664       416    575164   3351160      9632      5668    278564
05:26:25 PM 306882680 389944268   1770492      0.45   1562024  81292320   4197636      1.04  36080544  47320780      1164    575276   3351032      9664      5756    278564
05:26:30 PM 306879912 389943696   1771048      0.45   1562024  81294372   4197636      1.04  36080588  47322832       352    575336   3351192      9600      5676    278532
05:26:35 PM 306881592 389947812   1766732      0.45   1562024  81296516   4197636      1.04  36080624  47325096      1220    575440   3351684      9648      5716    278548
05:26:40 PM 306879944 389948072   1766456      0.45   1562024  81298320   4197776      1.04  36080624  47326956       328    575536   3351804      9680      5756    278564
05:26:45 PM 306878204 389948548   1765984      0.45   1562024  81300316   4197776      1.04  36080664  47328984      1192    575608   3352020      9664      5740    278644
05:26:50 PM 306878044 389950292   1764484      0.45   1562024  81302120   4197776      1.04  36080700  47330836       340    575704   3351876      9680      5776    278612
05:26:55 PM 306870972 389945808   1768776      0.45   1562024  81304536   4197908      1.04  36080704  47333348      1088    575800   3352240      9664      5704    278596
05:27:00 PM 306404612 389482952   2228184      0.56   1562024  81308004  97601180     24.20  36082060  47865964      3468   1106148   3355724     10176     19840    278900
05:27:05 PM 306583584 389664128   2046112      0.52   1562024  81310172  62192256     15.42  36082460  47687964      1952    926792   3356656     10128     16120    278916
05:27:10 PM 306400972 389483432   2227064      0.56   1562024  81312036  97595660     24.20  36083000  47875892      3020   1113536   3356452     10240     19572    278964
05:27:15 PM 306365432 389450500   2260500      0.57   1562024  81314616  97594756     24.20  36083428  47881904      3884   1117424   3355976     10192     19824    279012
05:27:20 PM 306434764 389522148   2188312      0.55   1562024  81316996  87374744     21.67  36083632  47815140      2764   1048500   3356452     10192     18548    278980
05:27:25 PM 306384884 389474136   2237144      0.57   1562024  81319236  97580648     24.20  36084000  47885772      4100   1117072   3355260     10224     19732    279076
05:27:30 PM 306432820 389524364   2186296      0.55   1562024  81321600  91937036     22.80  36084268  47849616      2468   1078608   3355808     10240     19940    278900
05:27:35 PM 306390760 389484928   2225352      0.56   1562024  81324148  94757708     23.50  36084636  47866356      3272   1093740   3356264     10320     18732    279108
05:27:40 PM 306458052 389555232   2155532      0.55   1562024  81327248  83683660     20.75  36084920  47801560      2868   1025416   3355692     10192     18004    279012
05:27:45 PM 306366276 389464788   2245108      0.57   1562024  81328920  94778348     23.50  36085284  47881588      3092   1104840   3356220     10240     19516    279012
05:27:50 PM 306344120 389444488   2265888      0.57   1562024  81330788  97578480     24.20  36085576  47888580      3400   1110012   3355728     10240     19736    278996
05:27:55 PM 306322432 389425520   2285372      0.58   1562024  81333500  97596164     24.20  36085840  47900260      3628   1119324   3355220     10256     19840    278932
05:28:00 PM 306347736 389453792   2256224      0.57   1562024  81336408  91945672     22.80  36086220  47877432      4188   1079832   3356156     10224     19356    278996
05:28:05 PM 306381700 389489652   2221144      0.56   1562024  81338240  84566844     20.97  36086440  47819376      2384   1034140   3355440     10208     18100    278964
05:28:10 PM 306369812 389480932   2230112      0.56   1562024  81341404  87387028     21.67  36086760  47841128      3844   1052656   3355196     10160     18012    279012
05:28:15 PM 306328296 389441520   2268972      0.57   1562024  81343484  97580280     24.20  36087176  47906196      3280   1116640   3355772     10240     19800    278948
05:28:20 PM 306336692 389452508   2257548      0.57   1562024  81346104  93887416     23.28  36087480  47875804      4076   1083552   3356180     10256     19160    278996
05:28:25 PM 306289864 389407852   2302872      0.58   1562024  81348260  97582648     24.20  36087764  47913788      3516   1120152   3355528     10256     19888    279044
05:28:30 PM 306320636 389441304   2269940      0.57   1562024  81350868  94755712     23.50  36088084  47881140      4388   1085052   3355080     10272     19416    279092
05:28:35 PM 306330016 389452644   2257804      0.57   1562024  81352868  91065096     22.58  36088396  47882908      2760   1085184   3355836     10288     18888    279092
05:28:40 PM 306311288 389436976   2274240      0.58   1562028  81355880  91951168     22.80  36088680  47903556      4320   1103072   3355112     10272     19320    279092
05:28:45 PM 306316176 389443852   2268044      0.57   1562028  81357844  94777948     23.50  36089028  47895756      3124   1094176   3354456     10288     19652    279092
05:28:50 PM 306311428 389442168   2269240      0.57   1562028  81360860  94773972     23.50  36089388  47894212      3676   1090048   3354992     10272     19324    279060
05:28:55 PM 306412748 389546400   2164056      0.55   1562028  81363772  82993644     20.58  36089596  47806392      2568    998320   3355944     10192     17376    279044
05:29:00 PM 306300932 389436184   2274012      0.58   1562028  81365580  94756848     23.50  36089968  47906176      4036   1097284   3355996     10288     19304    279188
05:29:05 PM 306323836 389461452   2248856      0.57   1562028  81367896  88242580     21.88  36090304  47872760      2748   1061788   3355932     10288     18496    279076
05:29:10 PM 306264436 389404712   2304952      0.58   1562028  81370488  94757728     23.50  36090568  47926700      3296   1112864   3356644     10624     19000    279092
05:29:15 PM 306255072 389397796   2313204      0.59   1562032  81372872  97581952     24.20  36090932  47938496      3848   1123356   3355368     10368     20064    279092
05:29:20 PM 306265764 389411136   2300400      0.58   1562032  81375444  94776764     23.50  36091292  47930084      2760   1112608   3354908     10240     19644    279060
05:29:25 PM 306282424 389430240   2280464      0.58   1562032  81377792  91061164     22.58  36091584  47902508      2924   1081432   3355836     10352     18960    279028
05:29:30 PM 306255324 389405380   2306064      0.58   1562032  81380064  93883592     23.28  36091856  47910328      3264   1088660   3355064     10288     19592    279076
05:29:35 PM 306308308 389461476   2248368      0.57   1562032  81383204  91073880     22.59  36092240  47911348      4304   1086608   3356636     10352     19500    279076
05:29:40 PM 306329188 389484704   2225732      0.56   1562032  81385552  93898008     23.29  36092548  47917492      3496   1091020   3356044     10304     18980    279092
05:29:45 PM 306319208 389476952   2234236      0.57   1562032  81387776  93893944     23.28  36092848  47915264      3996   1087056   3355296     10336     19600    279092
05:29:50 PM 306296920 389457472   2253708      0.57   1562032  81390572  93883024     23.28  36093220  47917536      3148   1087300   3355316     10336     18964    279092
05:29:55 PM 306250720 389413424   2297448      0.58   1562032  81392704  94778100     23.50  36093520  47951704      4576   1118692   3355644     10352     19540    279012
05:30:00 PM 306283332 389448572   2261820      0.57   1562032  81395216  93897324     23.29  36093844  47920404      3164   1085152   3356148     10288     19112    279124
05:30:05 PM 306257528 389424900   2286024      0.58   1562032  81397596  97590020     24.20  36094172  47957600      4536   1120896   3355368     10352     19896    279108
05:30:10 PM 306284344 389453984   2257536      0.57   1562032  81399844  93886992     23.28  36094188  47926408      2988   1087224   3354792     10336     19120    278996
05:30:15 PM 306345156 389517276   2193200      0.56   1562032  81402244  87382448     21.67  36094464  47880240      4504   1039224   3355916     10320     18348    279140
05:30:20 PM 306273124 389447784   2263428      0.57   1562032  81404772  94765788     23.50  36094844  47956632      3404   1112876   3355192     10336     19592    279108
05:30:25 PM 306292708 389470152   2240992      0.57   1562032  81407508  93892596     23.28  36095164  47935188      4332   1089468   3355308     10352     19424    279108
05:30:30 PM 306300520 389480340   2230256      0.56   1562032  81409996  93888484     23.28  36095504  47938512      3480   1090736   3355744     10336     19432    279124
05:30:35 PM 306239568 389421764   2289596      0.58   1562032  81412204  97596668     24.20  36095792  47970908      3432   1120644   3355148     10352     19812    279092
05:30:40 PM 306233716 389418496   2292256      0.58   1562032  81414748  91957932     22.80  36096120  47958716      2772   1106844   3355796     10256     19048    279092
05:30:45 PM 306203604 389391000   2319256      0.59   1562032  81417380  94767308     23.50  36096444  47970868      3772   1116208   3356276     10304     19136    279124
05:30:50 PM 306282196 389472492   2237936      0.57   1562036  81420192  87388020     21.67  36096732  47916088      2888   1059280   3356188     10304     18724    279108
05:30:55 PM 306231564 389423968   2287388      0.58   1562036  81422256  93891340     23.28  36097096  47947972      3736   1089356   3355304     10496     19492    279172
05:31:00 PM 306247080 389441520   2270128      0.57   1562036  81424288  91943200     22.80  36097416  47956288      2476   1095544   3355016     10336     19228    279124
05:31:05 PM 306307148 389504508   2206040      0.56   1562036  81427228  86491760     21.45  36097644  47890024      3244   1027180   3356096     10400     18252    279044
05:31:10 PM 306228648 389428048   2283476      0.58   1562036  81429196  97593252     24.20  36098048  47981788      4116   1116948   3355192     10336     19748    279108
05:31:15 PM 306348288 389551520   2160336      0.55   1562040  81432972  75219592     18.65  36098288  47869180      2140   1001124   3354912     10240     16604    279124
05:31:20 PM 306256840 389461532   2250104      0.57   1562040  81434332  97585752     24.20  36098616  47991304      3968   1121756   3355232     10320     19632    279140
05:31:25 PM 306320680 389527772   2184468      0.55   1562040  81436624  88249452     21.88  36098980  47924148      2896   1053232   3354736     10336     18224    279076
05:31:30 PM 306274356 389484224   2228332      0.56   1562040  81439392  87374968     21.67  36099260  47932288      3848   1058936   3354428     10288     18648    279108
05:31:35 PM 306222040 389433816   2278508      0.58   1562040  81441308  94753068     23.50  36099600  47992624      3280   1117704   3354652     10304     19728    279044
05:31:40 PM 306231776 389446508   2265168      0.57   1562040  81444388  91086432     22.59  36099884  47963048      3308   1085196   3355176     10320     18844    279140
05:31:45 PM 306303356 389520180   2190780      0.55   1562040  81446436  81935264     20.32  36100164  47930296      2836   1050528   3355936     10368     17848    279076
05:31:50 PM 306225780 389444704   2266044      0.57   1562040  81448480  94773412     23.50  36100488  47996724      3852   1115376   3356204     10288     19268    279092
05:31:55 PM 306258452 389479372   2232648      0.57   1562040  81450464  91952320     22.80  36100792  47980848      2808   1097488   3354944     10320     18984    279060
05:32:00 PM 306292280 389515960   2195572      0.56   1562040  81453152  87368888     21.67  36101048  47919172      2776   1033868   3355504     10224     18556    279012
05:32:05 PM 306208204 389434464   2277224      0.58   1562040  81455672  97580016     24.20  36101356  48008880      3584   1121328   3355408     10336     19600    279044
05:32:10 PM 306207884 389436916   2275004      0.58   1562040  81458184  94789540     23.51  36101728  47993448      3928   1103708   3355436     10304     19776    279140
05:32:15 PM 306355216 389586464   2125164      0.54   1562040  81460372  70845300     17.57  36101932  47833548      2156    941620   3355756     10240     16788    279092
05:32:20 PM 306184532 389417732   2293776      0.58   1562040  81462280  97585556     24.20  36102256  48015616      4068   1122164   3355920     10320     19916    279108
05:32:25 PM 306187380 389422832   2288588      0.58   1562040  81464532  94771200     23.50  36102544  47998384      2720   1103236   3356008     10352     19596    279092
05:32:30 PM 306246500 389484692   2226312      0.56   1562040  81467264  88271004     21.89  36102828  47947476      3584   1049808   3356432     10288     18308    279124
05:32:35 PM 306198300 389438356   2273224      0.58   1562040  81469076  94781928     23.50  36103172  48016972      3096   1117668   3355908     10304     19764    279108
05:32:40 PM 306199132 389441592   2270168      0.57   1562040  81471432  91939656     22.80  36103472  47997136      3592   1095764   3355776     10432     18472    279044
05:32:45 PM 306207336 389452640   2259188      0.57   1562040  81474212  91094764     22.59  36103820  47995632      2844   1091832   3355772     10336     19420    279020
05:32:50 PM 306228276 389476584   2235384      0.57   1562040  81477212  87371964     21.67  36104092  47965196      2980   1057852   3355636     10352     18360    279092
05:32:55 PM 306230580 389481188   2229888      0.56   1562040  81479408  89126720     22.10  36104420  47984416      3276   1075996   3356632     10272     18016    279092
05:33:00 PM 306212236 389464668   2246748      0.57   1562040  81481204  94760440     23.50  36104728  48008632      3040   1098964   3356320     10304     19104    279060
05:33:05 PM 306229712 389485020   2226092      0.56   1562040  81483912  93883700     23.28  36104992  48006136      3980   1093776   3356792     10304     19200    279044
05:33:10 PM 306182520 389440216   2271260      0.58   1562040  81486300  97586656     24.20  36105400  48036760      3580   1122640   3356428     10288     19904    279044
05:33:15 PM 306243036 389503368   2207500      0.56   1562044  81488740  84558452     20.97  36105592  47957056      4228   1040400   3357228     10288     18592    279092
05:33:20 PM 306201884 389464232   2246168      0.57   1562044  81490688  91961212     22.81  36105960  48017732      3236   1099268   3357764     10288     19232    279044
05:33:25 PM 306252808 389517096   2194248      0.56   1562044  81492372  81742900     20.27  36106192  47951976      3152   1032352   3357076     10352     18452    279076
05:33:30 PM 306160032 389427076   2283444      0.58   1562044  81495168  94761492     23.50  36106516  48025600      3288   1103060   3357860     10288     18836    279044
05:33:35 PM 306155648 389425656   2284520      0.58   1562044  81497956  91080316     22.59  36106888  48012336      4044   1086664   3358380     10320     18992    279076
05:33:40 PM 306155896 389428192   2282744      0.58   1562044  81500176  90187952     22.37  36107076  47992880      3560   1065768   3357688     10272     18916    279124
05:33:45 PM 306158744 389432580   2278740      0.58   1562044  81501696  91767632     22.76  36107420  48014232      3920   1086656   3357324     10272     18972    279092
05:33:50 PM 306241016 389517740   2193048      0.56   1562044  81504568  73977064     18.35  36107628  47959088      2368   1028724   3357872     10240     16792    279060
05:33:55 PM 306151928 389430228   2279652      0.58   1562044  81506068  91735764     22.75  36107900  48018384      4240   1086480   3358856     10256     18880    279156
05:34:00 PM 306146256 389426920   2283408      0.58   1562044  81508388  91760436     22.76  36108248  48018512      2528   1084640   3358452     10256     18744    279076
05:34:05 PM 306140600 389423260   2287324      0.58   1562044  81510280  91748972     22.75  36108384  48028996      4464   1092708   3358300     10288     19056    279124
05:34:10 PM 306205380 389490588   2220180      0.56   1562044  81512820  85243628     21.14  36108740  47972492      2332   1035292   3358124     10224     17756    278948
05:34:15 PM 306253716 389541072   2169096      0.55   1562044  81514864  77842144     19.30  36108888  47920036      3668    980460   3358828     10240     17076    278996
05:34:20 PM 306186244 389475212   2235088      0.57   1562044  81516520  88053488     21.84  36109228  47999768      2708   1058252   3358652     10256     18460    279044
05:34:25 PM 306315292 389607388   2103192      0.53   1562044  81519396  70637096     17.52  36109388  47877920      3228    935000   3358624     10128     16220    279028
05:34:30 PM 306245240 389537704   2172756      0.55   1562044  81519768  80082848     19.86  36109684  47965352      2596   1021952   3358740     10160     17144    278948
05:34:35 PM 306378080 389672848   2037944      0.52   1562044  81522056  53033112     13.15  36109836  47801264      1936    855048   3358424     10544     13784    278916
05:34:40 PM 306484036 389778712   1933688      0.49   1562044  81521924  27549788      6.83  36109928  47658684       712    712580   3356856      9888      9232    278868
05:34:45 PM 306601188 389896512   1815848      0.46   1562044  81522584   6336308      1.57  36109928  47527012       196    580632   3356884      9776      6340    278740
05:34:50 PM 306609888 389907404   1804904      0.46   1562044  81524360   4201828      1.04  36109936  47528440      1576    580288   3357352      9744      5696    278628
05:34:55 PM 306489472 389788952   1919404      0.49   1562048  81526308  38532308      9.56  36127744  47679460       384    746856   3361316      9984     11692    278900
05:35:00 PM 306498304 389798116   1910220      0.48   1562048  81526544  38532308      9.56  36128024  47681812       440    749508   3361432     10016     11688    278948
05:35:05 PM 306491864 389791904   1916816      0.49   1562048  81526740  36386940      9.02  36128228  47672848       376    740652   3361080     10048     11380    278868
05:35:10 PM 306503796 389804460   1904596      0.48   1562048  81527220  36386940      9.02  36128452  47673988      1328    741432   3360888      9968     11216    278932
05:35:15 PM 306526092 389826744   1885032      0.48   1562048  81527152   4206420      1.04  36128492  47517308       268    584912   3358224      9744      5664    278724
05:35:20 PM 306542904 389843164   1868836      0.47   1562048  81526696   4206420      1.04  36128496  47516900      1380    584940   3358064      9776      5736    278772
05:35:25 PM 306544332 389845220   1866732      0.47   1562048  81527348   4210772      1.04  36128500  47522332       276    589768   3358088      9792      5772    278772
05:35:30 PM 306538016 389841212   1870436      0.47   1562048  81529608   4210772      1.04  36128504  47524620      1404    589796   3358440      9808      5804    278724
05:35:35 PM 306539988 389844752   1866992      0.47   1562048  81531136   4210772      1.04  36128500  47526032       284    589668   3358384      9776      5740    278740
05:35:40 PM 306531976 389838852   1872948      0.47   1562052  81533132   4210772      1.04  36128500  47528068      1332    589672   3358440      9776      5748    278708
05:35:45 PM 306531616 389840544   1871256      0.47   1562052  81535096   4210772      1.04  36128500  47530028       252    589672   3358528      9776      5744    278740
05:35:50 PM 305880232 389191724   2517204      0.64   1562052  81537528  98023732     24.31  36129092  48099560      1360   1157784   3361532     10320     21364    279140
05:35:55 PM 305886316 389197872   2511044      0.64   1562052  81537628  98026864     24.31  36129092  48101648       324   1159744   3361508     10288     21408    279156
05:36:00 PM 305901932 389213708   2495148      0.63   1562052  81537884  98027960     24.31  36129132  48108248      1248   1165908   3361532     10272     21412    279172
05:36:05 PM 305906564 389218652   2490156      0.63   1562052  81538228  98027960     24.31  36129144  48113792       236   1171496   3361548     10272     21412    279156
05:36:10 PM 305999100 389311668   2397180      0.61   1562052  81538632  98076980     24.32  36129176  48133080      1164   1189652   3361584     10288     21292    279204
05:36:15 PM 306002272 389315020   2393712      0.61   1562052  81538856  98091880     24.33  36129172  48140300       212   1197236   3361656     10240     21540    279140
05:36:20 PM 306004208 389317332   2391500      0.61   1562052  81539204  98091900     24.33  36129156  48141536       692   1197924   3361584     10464     21564    279188
05:36:25 PM 306003844 389317088   2391580      0.61   1562052  81539408  98091880     24.33  36129172  48142332       408   1198800   3361664     10272     21612    279172
05:36:30 PM 306024616 389338272   2370516      0.60   1562052  81539692  98145380     24.34  36129176  48167812       404   1223820   3361672     10272     21760    279156
05:36:35 PM 306020528 389334436   2373940      0.60   1562052  81540052  98165616     24.34  36129176  48175232      1392   1230976   3361976     10288     21680    279204
05:36:40 PM 306026104 389340664   2367984      0.60   1562052  81540544  98165616     24.34  36129176  48176628       888   1231516   3361864     10256     21616    279204
05:36:45 PM 306022736 389337532   2370972      0.60   1562052  81540904  98165616     24.34  36129176  48177412      1816   1232172   3361884     10336     21712    279220
05:36:50 PM 306062872 389378580   2331052      0.59   1562052  81541660  91531616     22.70  36129384  48105612      1260   1159764   3360912     10240     20368    279156
05:36:55 PM 305921616 389237420   2472516      0.63   1562052  81541672  98125836     24.33  36129680  48143988      1848   1198176   3360692     10336     21408    279188
05:37:00 PM 305936952 389253244   2456952      0.62   1562052  81542096  98014140     24.31  36129752  48116980       708   1171064   3360496     10288     20844    279108
05:37:05 PM 305907644 389223856   2485764      0.63   1562052  81542056  98028128     24.31  36129764  48125236      1876   1179684   3361032     10352     21392    279204
05:37:10 PM 305916792 389233352   2476268      0.63   1562052  81542372  98069052     24.32  36129800  48164836       664   1194620   3361064     10352     21492    279204
05:37:15 PM 306005004 389322032   2387824      0.60   1562052  81542820  98072788     24.32  36129824  48147336      1668   1200940   3360848     10368     21564    279220
05:37:20 PM 306017328 389334516   2375268      0.60   1562052  81543060  98085108     24.32  36129824  48153664       584   1207132   3360840     10336     21560    279268
05:37:25 PM 306019032 389336440   2373400      0.60   1562052  81543272  98089484     24.32  36129828  48155952      1436   1209044   3360792     10336     21536    279268
05:37:30 PM 305997232 389314896   2395120      0.61   1562052  81543512  98196944     24.35  36129832  48194848       564   1247796   3360632     10304     21540    279300
05:37:35 PM 306028136 389346280   2363252      0.60   1562052  81543964  98143396     24.34  36129836  48180784      1588   1233344   3361144     10320     21636    279300
05:37:40 PM 306025996 389344452   2365180      0.60   1562052  81544272  98156304     24.34  36129832  48188212       512   1240388   3361048     10336     21648    279204
05:37:45 PM 306021256 389340092   2369120      0.60   1562052  81544632  98161580     24.34  36129828  48191460      1408   1243224   3361488     10320     21672    279268
05:37:50 PM 306089340 389408896   2300232      0.58   1562052  81545512  86984964     21.57  36129876  48075336       604   1126444   3361412     10288     19772    279204
05:37:55 PM 305988528 389308340   2401184      0.61   1562052  81545472  98079048     24.32  36130084  48157620      1724   1208804   3361312     10432     21484    279220
05:38:00 PM 305956212 389276136   2433960      0.62   1562052  81545564  95215460     23.61  36130268  48111368      1420   1162684   3360760     10336     21136    279188
05:38:05 PM 305924372 389244668   2465380      0.62   1562052  81545888  98014452     24.31  36130416  48121308       760   1172596   3360856     10544     21416    279188
05:38:10 PM 305921552 389242236   2467604      0.62   1562052  81546256  98032168     24.31  36130420  48129048       192   1179892   3361084     10336     21476    279188
05:38:15 PM 305930388 389251344   2458428      0.62   1562052  81546540  98136968     24.34  36130468  48170388       228   1220344   3361140     10352     21540    279172
05:38:20 PM 305960808 389282096   2427840      0.61   1562052  81546852  98067648     24.32  36130468  48148764      1664   1199024   3360996     10352     21480    279156
05:38:25 PM 305995984 389317552   2392412      0.61   1562056  81547116  98088548     24.32  36130484  48157828       456   1207736   3360980     10352     21548    279172
05:38:30 PM 305985468 389307284   2402372      0.61   1562056  81547432  98092160     24.33  36130488  48160444      1444   1210296   3361220     10336     21548    279204
05:38:35 PM 305978860 389301012   2408756      0.61   1562056  81547696  98127612     24.33  36130492  48176356       456   1225808   3361180     10304     21620    279188
05:38:40 PM 306004944 389327256   2382788      0.60   1562056  81547968  98141340     24.34  36130492  48182704      1472   1231848   3360792     10336     21644    279268
05:38:45 PM 306034508 389357252   2352792      0.60   1562056  81548416  98169400     24.34  36130496  48195888       484   1244436   3360776     10304     21692    279284
05:38:50 PM 306026132 389349032   2360620      0.60   1562056  81548792  98169400     24.34  36130496  48196500      1596   1244952   3360948     10304     21704    279284
05:38:55 PM 306029008 389352416   2357532      0.60   1562056  81549068  98120636     24.33  36130588  48178976       716   1226876   3360884     10336     21236    279252
05:39:00 PM 305984796 389308508   2401440      0.61   1562056  81549576  98083296     24.32  36130776  48157532      1600   1205324   3360680     10272     21288    279252
05:39:05 PM 305981928 389305940   2404344      0.61   1562056  81549772  95311908     23.64  36130896  48140428      1092   1188160   3360448     10368     21224    279172
05:39:10 PM 305916036 389240352   2470396      0.63   1562056  81550100  98020016     24.31  36131076  48126264      1456   1173928   3359960     10320     21456    279204
05:39:15 PM 305924136 389248668   2462024      0.62   1562056  81550316  98038132     24.31  36131108  48133720       348   1180948   3360016     10320     21412    279236
05:39:20 PM 305937120 389261996   2448440      0.62   1562056  81550720  98050500     24.32  36131124  48143720      1464   1190740   3360212     10320     21456    279172
05:39:25 PM 305960296 389285472   2425088      0.61   1562056  81551012  98146316     24.34  36131144  48164220       344   1210916   3360096     10336     21472    279108
05:39:30 PM 305980316 389305716   2404452      0.61   1562056  81551292  98169344     24.34  36131144  48190192      1384   1236564   3360432     10336     21508    279124
05:39:35 PM 306010540 389336212   2374168      0.60   1562056  81551516  98105124     24.33  36131148  48170504       436   1216600   3360268     10336     21560    279172
05:39:40 PM 306008800 389334756   2375552      0.60   1562056  81551876  98126944     24.33  36131140  48179220      1212   1225052   3360264     10432     21732    279268
05:39:45 PM 306022072 389348384   2362004      0.60   1562056  81552168  98131916     24.34  36131152  48183376       252   1228700   3360248     10336     21608    279236
05:39:50 PM 305992868 389319376   2391020      0.61   1562056  81552484  98245904     24.36  36131148  48225032        24   1269232   3360120     10384     21656    279252
05:39:55 PM 306042888 389369872   2340668      0.59   1562056  81552812  98228872     24.36  36131256  48218216       148   1262932   3360124     10320     21468    279204
05:40:00 PM 306031236 389358660   2351796      0.60   1562056  81553360  98155592     24.34  36131268  48192356       400   1236860   3360100     10352     21700    279236
05:40:05 PM 305981900 389309652   2400608      0.61   1562056  81553580  98116744     24.33  36131416  48173448      1364   1217656   3360404     10336     21608    279284
05:40:10 PM 306031584 389359516   2350656      0.60   1562056  81553848  95243480     23.62  36131512  48152624       372   1197096   3360404     10352     21324    279252
05:40:15 PM 306013572 389342248   2367920      0.60   1562056  81554500  94320076     23.39  36131680  48103556      2116   1147276   3360500     10352     20856    279268
05:40:20 PM 305941144 389269796   2440344      0.62   1562056  81554504  98041712     24.31  36131768  48139568       552   1183112   3360500     10416     21532    279236
05:40:25 PM 305955160 389284080   2425492      0.61   1562056  81554740  98057440     24.32  36131784  48149252      1576   1192748   3361100     10384     21508    279252
05:40:30 PM 305975476 389304608   2405156      0.61   1562056  81554984  98057676     24.32  36131788  48152560       640   1196048   3360876     10368     21472    279204
05:40:35 PM 305996596 389326160   2383596      0.60   1562056  81555396  98084156     24.32  36131796  48163648      1592   1206432   3360904     10352     21516    279268
05:40:40 PM 306002144 389331952   2377768      0.60   1562056  81555684  98111560     24.33  36131804  48176480       620   1219388   3360896     10384     21600    279284
05:40:45 PM 305995280 389325440   2384412      0.60   1562056  81555944  98128856     24.33  36131808  48185932      1576   1228244   3360856     10384     21636    279284
05:40:50 PM 305986476 389316800   2393004      0.61   1562060  81556204  98132236     24.34  36131812  48188360       604   1230636   3360804     10368     21640    279284
05:40:55 PM 305973460 389304624   2405428      0.61   1562060  81556980  95310704     23.64  36131844  48188012      1628   1229132   3360620     10352     20984    279220
05:41:00 PM 305955152 389286324   2423584      0.61   1562060  81556988  98137532     24.34  36131892  48192564       740   1234176   3360764     10368     21644    279172
05:41:05 PM 306047380 389378980   2331112      0.59   1562060  81557316  82860484     20.55  36131948  48076584      1700   1117844   3360680     10256     19260    279124
05:41:10 PM 305971716 389303664   2406140      0.61   1562064  81557596  92242436     22.87  36132036  48138104       508   1179092   3361032     10304     20548    279076
05:41:15 PM 305945216 389277484   2432128      0.62   1562064  81557844  92211088     22.87  36132144  48124800      1664   1165732   3361296     10320     20508    279172
05:41:20 PM 305963356 389296236   2413620      0.61   1562064  81558404  92188368     22.86  36132236  48114248       488   1154672   3361104     10320     20352    279172
05:41:25 PM 305997484 389330716   2379120      0.60   1562064  81558780  92170304     22.86  36132368  48104264      1600   1144404   3361100     10464     20072    279252
05:41:30 PM 306019680 389352796   2357104      0.60   1562064  81558640  92189628     22.86  36132408  48113596       192   1154012   3361060     10304     20464    279204
05:41:35 PM 306041844 389375212   2334888      0.59   1562068  81558880  92202208     22.86  36132412  48120664       740   1160820   3360868     10384     20580    279220
05:41:40 PM 306041312 389374936   2335012      0.59   1562068  81559204  92214556     22.87  36132436  48127616      1052   1167488   3360952     10272     20532    279204
05:41:45 PM 306063576 389397460   2312564      0.59   1562068  81559444  92241832     22.87  36132436  48138776       444   1178004   3360896     10272     20704    279156
05:41:50 PM 306045540 389379940   2329968      0.59   1562068  81559980  92253564     22.88  36132436  48146132      1072   1185068   3360992     10272     20612    279092
05:41:55 PM 306057432 389392020   2317940      0.59   1562068  81560252  92265864     22.88  36132444  48152996       484   1191808   3360856     10272     20676    279012
05:42:00 PM 306063256 389398284   2311968      0.59   1562068  81560520  92264784     22.88  36132472  48152840       972   1191280   3360736     10256     20448    279108
05:42:05 PM 306075892 389411480   2298680      0.58   1562068  81561156  88554424     21.96  36132480  48122292       512   1160300   3360752     10224     20008    279028
05:42:10 PM 306026108 389362056   2348416      0.59   1562068  81561336  92234208     22.87  36132652  48136368      1180   1174212   3360620     10240     20528    279044
05:42:15 PM 305979360 389315424   2394944      0.61   1562068  81561656  92220068     22.87  36132724  48130724       608   1168652   3360520     10240     20528    279012
05:42:20 PM 305987504 389323824   2386316      0.60   1562068  81561792  89364180     22.16  36132840  48115056      1668   1152660   3360868     10256     20280    279172
05:42:25 PM 305929144 389265756   2444636      0.62   1562068  81562112  92186600     22.86  36132928  48115368       420   1152832   3360588     10240     20568    279092
05:42:30 PM 305980216 389317256   2393024      0.61   1562068  81562504  92176568     22.86  36133012  48111528      1008   1148604   3360736     10288     20480    279156
05:42:35 PM 305964204 389301420   2408876      0.61   1562068  81562704  92197944     22.86  36133016  48121284       328   1158460   3360696     10272     20516    279124
05:42:40 PM 305977596 389315320   2394928      0.61   1562068  81563188  92201928     22.86  36133044  48124932      1444   1161260   3360768     10272     20532    279108
05:42:45 PM 306009568 389347512   2362780      0.60   1562068  81563436  92222144     22.87  36133048  48134232       208   1170592   3360696     10240     20580    279060
05:42:50 PM 306040796 389379040   2331392      0.59   1562068  81563716  92242448     22.87  36133052  48143572       952   1179276   3360576     10304     20672    279108
05:42:55 PM 306040864 389379260   2331332      0.59   1562068  81563964  92265560     22.88  36133056  48154176       324   1189880   3360320     10272     20644    279076
05:43:00 PM 306051856 389390716   2319872      0.59   1562068  81564360  92270364     22.88  36133044  48157568      1208   1192656   3360392     10256     20656    279076
05:43:05 PM 306057096 389396120   2314400      0.59   1562068  81564680  89448892     22.18  36133068  48156144       264   1191208   3360304     10256     20216    279044
05:43:10 PM 306062300 389401732   2309036      0.58   1562068  81564960  92282768     22.88  36133120  48162140      1240   1196556   3360184     10288     20648    279044
05:43:15 PM 306041420 389381116   2329568      0.59   1562068  81565260  92266104     22.88  36133200  48153988       108   1188676   3360232     10256     20624    278980
05:43:20 PM 306024316 389364360   2346440      0.59   1562068  81565528  92216956     22.87  36133352  48133720       784   1167952   3360196     10544     20500    279076
05:43:25 PM 306012252 389352600   2357880      0.60   1562068  81565916  92215652     22.87  36133392  48131728      1400   1165880   3360432     10272     20520    279092
05:43:30 PM 305961436 389302232   2408656      0.61   1562068  81566212  92267328     22.88  36133560  48148600       480   1182504   3360176     10288     20472    279012
05:43:35 PM 305968212 389309336   2401860      0.61   1562068  81566596  92180188     22.86  36133624  48114692      1560   1148412   3359812     10272     20440    279060
05:43:40 PM 305999004 389340396   2370856      0.60   1562068  81566808  92197976     22.86  36133652  48124428       644   1157652   3359812     10304     20520    279028
05:43:45 PM 305991452 389332992   2378000      0.60   1562068  81567048  92201248     22.86  36133656  48128336      1584   1161624   3359980     10272     20496    279092
05:43:50 PM 306033624 389375492   2335536      0.59   1562068  81567332  92223044     22.87  36133672  48138260       372   1171008   3359988     10272     20536    279044
05:43:55 PM 306041416 389383672   2327196      0.59   1562068  81567696  92249100     22.88  36133672  48149864      1448   1182336   3360172     10272     20556    279156
05:44:00 PM 306032068 389374580   2336376      0.59   1562068  81567952  92265464     22.88  36133676  48157660       292   1189840   3360084     10256     20588    279092
05:44:05 PM 306028604 389371304   2339488      0.59   1562068  81568240  92270960     22.88  36133676  48160404      1644   1192484   3360148     10304     20636    279172
05:44:10 PM 306027280 389370220   2340496      0.59   1562068  81568412  92276276     22.88  36133680  48161576       600   1193272   3360292     10336     20436    279124
05:44:15 PM 306013372 389356856   2353820      0.60   1562068  81569012  92273784     22.88  36133776  48161524      1732   1192912   3360276     10304     20616    279188
05:44:20 PM 306021616 389365404   2345196      0.59   1562068  81569252  92228664     22.87  36133884  48142436       964   1173496   3360416     10320     20444    279076
05:44:25 PM 305996612 389340536   2370000      0.60   1562068  81569552  92210344     22.87  36134004  48133192      1836   1164188   3360316     10304     20588    279156
05:44:30 PM 306013432 389357632   2353120      0.60   1562068  81569776  92190992     22.86  36134072  48125340       520   1156164   3360152     10288     20300    279060
05:44:35 PM 305958268 389302912   2408016      0.61   1562068  81570188  92264824     22.88  36134212  48148428      1808   1179020   3360008     10288     20300    279172
05:44:40 PM 305967648 389312492   2398436      0.61   1562068  81570432  92184060     22.86  36134252  48120312       548   1150820   3359964     10304     20520    279204
05:44:45 PM 305967200 389312440   2398396      0.61   1562068  81570816  92192356     22.86  36134260  48126400      1388   1156476   3360068     10304     20492    279236
05:44:50 PM 305963752 389309220   2401668      0.61   1562068  81571016  92288516     22.89  36134268  48162784       372   1192636   3360044     10304     20504    279252
05:44:55 PM 305990580 389336288   2374860      0.60   1562068  81571284  92226400     22.87  36134284  48143588      1264   1173312   3359756     10480     20392    279284
05:45:00 PM 306023280 389369228   2341772      0.59   1562068  81571536  92249632     22.88  36134292  48153740       564   1183104   3359892     10320     20612    279236
05:45:05 PM 306022076 389368252   2342724      0.59   1562068  81571792  92249388     22.88  36134284  48154660       112   1183748   3359888     10544     20580    279252
05:45:10 PM 306012172 389358608   2352228      0.60   1562068  81572084  92271152     22.88  36134288  48165912      1652   1194624   3359996     10320     20648    279188
05:45:15 PM 306012592 389359364   2351516      0.60   1562068  81572360  92275032     22.88  36134300  48169376       532   1197812   3360012     10304     20676    279156
05:45:20 PM 305997964 389344996   2365556      0.60   1562068  81572656  92247700     22.88  36134440  48156260      2004   1184268   3360304     10336     20556    279188
05:45:25 PM 305982520 389329948   2380912      0.60   1562068  81573032  92239044     22.87  36134508  48148564       552   1176540   3360016     10320     20612    279140
05:45:30 PM 305969116 389317140   2393748      0.61   1562068  81573620  86545872     21.46  36134580  48126860      1692   1154468   3359996     10304     19536    279076
05:45:35 PM 305957392 389305760   2405232      0.61   1562068  81573844  92183600     22.86  36134752  48125264       568   1152888   3360012     10304     20460    279140
05:45:40 PM 305965400 389314256   2396656      0.61   1562068  81574356  92189504     22.86  36134752  48127248      1508   1154248   3360068     10256     19800    279092
05:45:45 PM 305983468 389332376   2378792      0.60   1562068  81574348  92186592     22.86  36134884  48125660       456   1152776   3359872     10320     20456    279092
05:45:50 PM 305980652 389329904   2381024      0.60   1562068  81574712  92190820     22.86  36134888  48129400      1476   1156304   3360092     10320     20488    279204
05:45:55 PM 306018780 389368296   2342720      0.59   1562068  81574952  92208148     22.87  36134904  48138236       388   1164740   3360028     10320     20512    279188
05:46:00 PM 306028892 389378740   2332212      0.59   1562076  81575228  92236348     22.87  36134896  48152212      1500   1178380   3360140     10320     20552    279172
05:46:05 PM 306038468 389388580   2322324      0.59   1562076  81575508  92245220     22.88  36134916  48156916       384   1182788   3360172     10304     20572    279124
05:46:10 PM 306030728 389381172   2329276      0.59   1562076  81575908  92255412     22.88  36134912  48161540      1496   1187120   3360560     10336     20632    279172
05:46:15 PM 306055432 389406284   2304336      0.58   1562076  81576200  92273864     22.88  36134924  48170564       416   1195880   3360504     10352     20688    279220
05:46:20 PM 306021964 389373108   2337688      0.59   1562076  81576512  89415184     22.17  36135028  48138720      1488   1163412   3360308     10320     20128    279220
05:46:25 PM 305958520 389309992   2400820      0.61   1562076  81576804  92253268     22.88  36135100  48158552       392   1183104   3360328     10352     20636    279220
05:46:30 PM 305954308 389306416   2404240      0.61   1562076  81577536  92221452     22.87  36135164  48147384      1352   1172044   3360388     10336     20232    279156
05:46:35 PM 305931944 389284644   2426084      0.61   1562076  81578040  92205584     22.87  36135268  48143820       272   1167512   3360404     10336     20536    279092
05:46:40 PM 305937428 389290380   2419692      0.61   1562076  81578320  92176168     22.86  36135404  48126860      1048   1150664   3361032     10464     20412    279156
05:46:45 PM 305950424 389303648   2406860      0.61   1562076  81578532  92187820     22.86  36135460  48130800       640   1154188   3360656     10352     20532    279108
05:46:50 PM 305919788 389273200   2436584      0.62   1562076  81578764  92184448     22.86  36135496  48129340       300   1152388   3361336     10448     20456    279220
05:46:55 PM 305953768 389307596   2402628      0.61   1562076  81579128  92197756     22.86  36135524  48136592        60   1159352   3360948     10336     20516    279188
05:47:00 PM 305954656 389308696   2401528      0.61   1562076  81579388  92306764     22.89  36135524  48177904       760   1200916   3360900     10320     20528    279172
05:47:05 PM 305996712 389351064   2359036      0.60   1562076  81579656  92241600     22.87  36135532  48159332      1336   1181696   3361068     10368     20640    279204
05:47:10 PM 306010344 389364860   2345124      0.59   1562076  81579928  92250512     22.88  36135536  48163652       744   1185896   3361076     10352     20656    279188
05:47:15 PM 306012152 389367232   2342620      0.59   1562076  81580312  92264856     22.88  36135536  48171676      1340   1193244   3361388     10352     20668    279236
05:47:20 PM 306020728 389375944   2333672      0.59   1562076  81580524  89438840     22.18  36135596  48167212       448   1188744   3361548     10304     19900    279188
05:47:25 PM 306015280 389370852   2337868      0.59   1562076  81580788  89419008     22.17  36135648  48159060      1212   1180276   3362536     10336     20308    279236
05:47:30 PM 305980528 389336404   2372716      0.60   1562076  81581164  92258388     22.88  36135720  48164604       392   1185748   3362064     10368     20660    279236
05:47:35 PM 305985872 389342492   2366904      0.60   1562080  81581636  92243332     22.88  36135772  48161668      1852   1182024   3362056     10304     20600    279236
05:47:40 PM 305979800 389336768   2372580      0.60   1562080  81582104  92221980     22.87  36135888  48150812      1048   1171376   3361984     10304     20556    279188
05:47:45 PM 305981392 389338864   2370956      0.60   1562080  81582296  92181964     22.86  36136036  48132216      2060   1152320   3361824     10304     20472    279204
05:47:50 PM 305970128 389327812   2382012      0.60   1562080  81582488  92203736     22.87  36136044  48140308       564   1160452   3361840     10304     20512    279204
05:47:55 PM 305989956 389347996   2362072      0.60   1562080  81582748  92187564     22.86  36136120  48134432      1760   1154316   3361692     10304     20468    279236
05:48:00 PM 306012168 389370432   2339660      0.59   1562080  81582996  92207400     22.87  36136140  48143640       564   1163420   3361644     10304     20512    279156
05:48:05 PM 306016584 389374796   2335296      0.59   1562080  81583096  92226888     22.87  36135844  48153116      1616   1172572   3361492     10288     20592    279252
05:48:10 PM 306056128 389414596   2295532      0.58   1562080  81583368  92242668     22.87  36135856  48160032       492   1179124   3361440     10320     20584    279188
05:48:15 PM 306065272 389423952   2286084      0.58   1562080  81583652  92255256     22.88  36135852  48166232      1576   1185048   3361460     10320     20600    279252
05:48:20 PM 306065196 389424232   2285844      0.58   1562080  81583916  92264044     22.88  36135892  48171908       584   1190524   3361512     10320     20616    279220
05:48:25 PM 306081280 389440892   2268912      0.57   1562080  81584576  89417492     22.17  36135924  48143692      1192   1161480   3361700     10368     20004    279220
05:48:30 PM 306027532 389387212   2322464      0.59   1562080  81584644  92232392     22.87  36136040  48160068       380   1178180   3361828     10336     20696    279188
05:48:35 PM 306024120 389384080   2325896      0.59   1562080  81584904  92233032     22.87  36136068  48156856       520   1175172   3361548     10528     20552    279204
05:48:40 PM 306052428 389413016   2297348      0.58   1562080  81585408  85674588     21.25  36136144  48113160       836   1130496   3361284     10304     19716    279140
05:48:45 PM 306029556 389390272   2320272      0.59   1562080  81585604  92215548     22.87  36136232  48149132       564   1166460   3361036     10288     20504    279140
05:48:50 PM 306061600 389423108   2287248      0.58   1562080  81586352  85655932     21.24  36136292  48102912      1844   1119356   3361268     10304     19128    279172
05:48:55 PM 306015616 389376880   2333300      0.59   1562080  81586104  92198556     22.86  36136396  48141072       544   1158088   3361448     10320     20520    279172
05:49:00 PM 306023992 389385660   2324576      0.59   1562080  81586472  92198600     22.86  36136448  48140812      1756   1157332   3361428     10304     20492    279188
05:49:05 PM 306052504 389414408   2295852      0.58   1562080  81586700  92215112     22.87  36136452  48150768       428   1167200   3361412     10304     20552    279172
05:49:10 PM 306050660 389412688   2297604      0.58   1562080  81586968  92229716     22.87  36136468  48158120      1592   1174144   3361236     10352     20704    279204
05:49:15 PM 306054456 389416704   2293652      0.58   1562080  81587240  92252268     22.88  36136472  48168180       452   1184168   3361120     10320     20616    279204
05:49:20 PM 306062032 389424528   2285940      0.58   1562088  81587492  86382540     21.42  36136480  48129888      1568   1145392   3360996     10336     19740    279228
05:49:25 PM 306067080 389429728   2280620      0.58   1562088  81587744  86400348     21.43  36136484  48138356       508   1153896   3361016     10304     19656    279140
05:49:30 PM 306137232 389500036   2210780      0.56   1562088  81587748  74655832     18.51  36136488  48057408      1504   1072544   3360700     10208     17596    279060
05:49:35 PM 306171516 389534380   2176432      0.55   1562088  81587872  68800672     17.06  36136492  48025124       432   1040328   3360640     10192     16708    279044
05:49:40 PM 306241284 389604256   2106896      0.53   1562092  81587968  57055516     14.15  36136488  47942592      1552    957500   3360308     10144     14712    278980
05:49:45 PM 306333120 389696704   2014428      0.51   1562092  81588620  41596100     10.32  36136504  47829028       448    843296   3360288     10096     12480    278980
05:49:50 PM 306427024 389789932   1923072      0.49   1562092  81587856  27701216      6.87  36136492  47740612      1500    755548   3358504     10000      9784    278868
05:49:55 PM 306484788 389847552   1865588      0.47   1562092  81587692  15956404      3.96  36136492  47658320       308    673364   3358388      9920      7736    278788
05:50:00 PM 306558872 389921880   1791096      0.45   1562092  81587904   6360492      1.58  36136496  47579020      1272    593796   3358584      9872      6128    278740
05:50:05 PM 306475372 389838908   1870048      0.47   1562092  81588376  38606292      9.57  36154408  47698792       164    731148   3362660     10096     11800    278948
05:50:10 PM 306467004 389831032   1878132      0.48   1562092  81588792  36456572      9.04  36154644  47692336      1156    724436   3362528     10112     11296    278932
05:50:15 PM 306465812 389830168   1879144      0.48   1562092  81589052  36456572      9.04  36154912  47694444         4    726496   3362448     10096     11404    278916
05:50:20 PM 306504304 389868904   1843376      0.47   1562092  81589156   4210772      1.04  36155044  47558624        32    589724   3359620     10304      5748    278772
05:50:25 PM 306505108 389869140   1843464      0.47   1562092  81588556   4210772      1.04  36155048  47557144       384    589844   3359328      9840      5780    278788
05:50:30 PM 306505136 389870804   1841772      0.47   1562092  81590164   4211284      1.04  36155052  47559256       408    590316   3359384      9808      5744    278788
05:50:35 PM 306508416 389876360   1836648      0.47   1562092  81592352   4211284      1.04  36155052  47561424      1384    590336   3359040      9824      5776    278820
05:50:40 PM 306510000 389880064   1832844      0.46   1562092  81594380   4211284      1.04  36155056  47563512       388    590336   3359232      9824      5780    278804
05:50:45 PM 306051048 389424776   2285564      0.58   1562092  81597864  97947664     24.29  36155556  48121340      1560   1145496   3361980     10336     21088    279140
05:50:50 PM 306429836 389808716   1901804      0.48   1562092  81603000  50622856     12.55  36155596  47732384      1844    751368   3361816     10144     13564    279044
05:50:55 PM 306069420 389449272   2260576      0.57   1562092  81603968  97967616     24.29  36156096  48140624      5776   1159076   3362492     10336     21308    279124
05:51:00 PM 306106588 389487480   2222912      0.56   1562092  81605044  83820196     20.79  36156508  48112904      2408   1130696   3361912     10368     19536    278996
05:51:05 PM 306216984 389603360   2107132      0.53   1562092  81610504  73751268     18.29  36156808  47978092      4920    990796   3361836     10320     17972    279092
05:51:10 PM 306045200 389433448   2277060      0.58   1562092  81612376  97966488     24.29  36157224  48148188      4576   1159328   3361820     10336     21156    279044
05:51:15 PM 306067292 389457692   2252852      0.57   1562092  81614476  82929176     20.57  36157648  48079988      3560   1090056   3361836     10304     18876    279012
05:51:20 PM 306158496 389553436   2157052      0.55   1562092  81619000  74427676     18.46  36157932  47988868      4280    994112   3361908     10304     17944    279028
05:51:25 PM 306098272 389495056   2216316      0.56   1562092  81620880  81866372     20.30  36158344  48034408      4836   1038248   3360988     10304     18668    279060
05:51:30 PM 306028976 389427424   2283148      0.58   1562092  81622548  80798648     20.04  36158700  48103544      3140   1106588   3361784     10320     18344    279124
05:51:35 PM 306064156 389466756   2244200      0.57   1562092  81626676  81851052     20.30  36159076  48056968      5312   1055720   3361424     10368     19012    279188
05:51:40 PM 306037664 389442936   2269440      0.57   1562096  81629352  88393492     21.92  36159572  48093840      4076   1090568   3359996     10320     19360    279092
05:51:45 PM 306029612 389436992   2273328      0.58   1562096  81631444  85563584     21.22  36159996  48092820      4224   1087680   3362068     10320     19108    279092
05:51:50 PM 306203504 389615604   2094360      0.53   1562096  81636124  63503480     15.75  36160244  47903364      2980    894316   3362464     10256     15944    278980
05:51:55 PM 305996116 389409164   2301568      0.58   1562096  81636968  92098868     22.84  36160716  48134496      4472   1124204   3361800     10448     20392    279108
05:52:00 PM 306057340 389472444   2238896      0.57   1562096  81639036  79897820     19.81  36161088  48061796      2672   1050280   3361180     10272     17440    279044
05:52:05 PM 306133508 389552836   2158048      0.55   1562096  81643188  71606728     17.76  36161376  47988260      3904    971680   3361708     10624     17140    279124
05:52:10 PM 306344880 389764032   1947548      0.49   1562096  81642992  23934400      5.94  36161496  47716812      1364    701752   3361032     10000      9544    278852
05:52:15 PM 306375476 389794632   1914332      0.48   1562096  81642836  38614996      9.58  36179240  47726972       228    729640   3363808     10112     11696    278964
05:52:20 PM 306047764 389467432   2241456      0.57   1562096  81643196  38614996      9.58  36179508  48077720      1296   1080272   3364036     10096     11752    279060
05:52:25 PM 306049360 389469428   2239596      0.57   1562096  81643476  36464764      9.04  36179816  48047776       320   1050352   3364020     10096     11416    279060
05:52:30 PM 306385632 389806140   1904704      0.48   1562096  81643744   8511748      2.11  36180028  47650852      1224    653288   3362372      9984      7996    278884
05:52:35 PM 306439064 389859032   1852372      0.47   1562100  81643200   4211284      1.04  36180048  47587400       264    590468   3361812      9904      5888    278836
05:52:40 PM 306447948 389868972   1842348      0.47   1562100  81644172   4223656      1.05  36180052  47600776      1232    602900   3361980      9936      5904    278804
05:52:45 PM 306440580 389862832   1848592      0.47   1562100  81645336   4232132      1.05  36180136  47608584       248    609604   3361940      9888      5888    278804
05:52:50 PM 306447140 389870660   1840896      0.47   1562100  81646440   4236364      1.05  36180184  47614336      1440    614316   3361972      9872      5832    278772
