Linux 5.15.0-91-generic (gl5) 	01/26/2024 	_x86_64_	(32 CPU)

03:54:03 AM kbmemfree   kbavail kbmemused  %memused kbbuffers  kbcached  kbcommit   %commit  kbactive   kbinact   kbdirty  kbanonpg    kbslab  kbkstack   kbpgtbl  kbvmused
03:54:08 AM 327492168 390071460   1707612      0.43   1494336  61385732   4661428      1.16  26924096  36500852       216    573412   2778700     10576      6096    277284
03:54:13 AM 327478640 390061440   1717052      0.43   1494336  61389168   4663452      1.16  26924572  36504388      1216    573744   2779352     10624      6152    277380
03:54:18 AM 327429072 390014944   1761788      0.45   1494336  61392244  25171680      6.24  26926020  36582060       580    633784   2781108      9808     10300    276580
03:54:23 AM 327488684 390075004   1702504      0.43   1494336  61392580   4188704      1.04  26926112  36506724       728    574200   2780444      9632      6004    276500
03:54:28 AM 327489312 390077836   1699636      0.43   1494336  61394660   4188704      1.04  26926152  36508824       196    574252   2780604      9632      6004    276468
03:54:33 AM 327480868 390071340   1706384      0.43   1494340  61396416   4188836      1.04  26926152  36510652      1224    574324   2780540      9680      6068    276468
03:54:38 AM 327481616 390073620   1704048      0.43   1494340  61397884   4188836      1.04  26926192  36512060        16    574328   2780660      9632      6000    276484
03:54:43 AM 327473164 390067476   1709920      0.43   1494340  61400132   4188836      1.04  26926192  36514408       816    574372   2780992      9632      6008    276484
03:54:48 AM 327474284 390070208   1707224      0.43   1494340  61401652   4188968      1.04  26926232  36515860        24    574400   2781048      9632      6004    276468
03:54:53 AM 327466632 390064468   1712876      0.43   1494340  61403456   4188968      1.04  26926268  36519224       740    575000   2781244     10128      6028    276484
03:54:58 AM 327465816 390065580   1711912      0.43   1494340  61405408   4188968      1.04  26926264  36519672      1472    574476   2781072      9632      6004    276468
03:55:03 AM 327467136 390068700   1708784      0.43   1494340  61407124   4188968      1.04  26926300  36521376       440    574512   2781164      9632      6008    276436
03:55:08 AM 327469192 390072632   1704896      0.43   1494340  61409076   4189100      1.04  26926344  36523336      1164    574576   2781044      9632      6008    276452
03:55:13 AM 327470668 390075916   1701580      0.43   1494340  61410796   4189100      1.04  26926344  36525092       332    574600   2781164      9632      6008    276468
03:55:18 AM 327464972 390071920   1705576      0.43   1494344  61412400   4189100      1.04  26926384  36526716      1484    574692   2781256      9664      6072    276436
03:55:23 AM 327465148 390073800   1703716      0.43   1494344  61414008   4189240      1.04  26926084  36528708       264    574748   2781332      9632      6004    276404
03:55:28 AM 327458984 390069604   1707856      0.43   1494344  61415824   4189240      1.04  26926128  36530564      1208    574812   2781540      9632      6008    276420
03:55:33 AM 327457104 390069688   1707772      0.43   1494344  61417652   4189240      1.04  26926164  36532392       292    574896   2781676      9632      6008    276436
03:55:38 AM 327456140 390070704   1707016      0.43   1494344  61419568   4189240      1.04  26926160  36534340      1324    574884   2781480      9616      5976    276420
03:55:43 AM 326486336 389103504   2666204      0.68   1494348  61422164 174087004     43.17  26928184  37552700      2124   1593296   2789496     10656     32404    277140
03:55:48 AM 326420360 389041916   2727812      0.69   1494348  61426324 190973220     47.36  26928452  37603580      2240   1639208   2789704     10656     33736    277412
03:55:53 AM 326622068 389247748   2522396      0.64   1494348  61430468 158551336     39.32  26928536  37381980      3244   1413568   2789268     10560     30148    277268
03:55:58 AM 326823760 389449576   2320776      0.59   1494348  61430944 117509224     29.14  26928832  37147600      3012   1179340   2788720     10496     24968    277188
03:56:03 AM 326395872 389024292   2746220      0.70   1494348  61433504 188117040     46.65  26929400  37617628      6012   1647244   2788604     10656     33316    277396
03:56:08 AM 326486756 389118500   2651772      0.67   1494348  61436792 177921700     44.12  26929660  37535260      6756   1562280   2788880     10736     32048    277364
03:56:13 AM 326523652 389159176   2611604      0.66   1494348  61440392 155578912     38.58  26930112  37445404      4168   1469976   2788552     10592     30148    277252
03:56:18 AM 326388780 389026848   2743128      0.69   1494352  61442908 184429676     45.74  26930652  37577676      6232   1598964   2789380     10656     33044    277316
03:56:23 AM 326454236 389096632   2674376      0.68   1494352  61447152 170513448     42.29  26930880  37512856      7216   1530200   2788432     10640     31076    277268
03:56:28 AM 326656524 389302888   2467888      0.63   1494352  61451176 141986592     35.21  26931212  37271844      4504   1285676   2788608     10512     27120    277220
03:56:33 AM 326405552 389052100   2719172      0.69   1494352  61451320 171425164     42.51  26931684  37498444      5324   1513300   2788152     10624     30436    277220
03:56:38 AM 326317032 388966648   2805396      0.71   1494352  61454500 190956508     47.35  26932156  37638284      6244   1650648   2787268     10672     33572    277300
03:56:43 AM 326394456 389047424   2725056      0.69   1494352  61457796 169475892     42.03  26932444  37568732      7624   1577848   2786888     10672     32452    277236
03:56:48 AM 326598184 389253460   2519176      0.64   1494352  61460348 144470652     35.83  26932780  37365168      4068   1371596   2786488     10592     28876    277140
03:56:53 AM 326298796 388957636   2813620      0.71   1494356  61463848 188146636     46.66  26933396  37645104      6920   1649300   2787928     10688     33700    277252
03:56:58 AM 326378184 389040292   2730644      0.69   1494356  61467060 174237116     43.21  26933620  37537732      5700   1539036   2788304     10640     31516    277284
03:57:03 AM 326460772 389125224   2645772      0.67   1494360  61469332 143426288     35.57  26934040  37453864      5028   1452392   2788312     10640     29380    277220
03:57:08 AM 326275416 388943408   2826952      0.72   1494360  61472868 188129244     46.65  26934568  37636584      5748   1633020   2788952     10736     33308    277284
03:57:13 AM 326356224 389027536   2742064      0.69   1494360  61476096 180772992     44.83  26934880  37595520      7152   1588524   2789804     10704     32264    277204
03:57:18 AM 326419080 389094416   2676308      0.68   1494360  61480268 165597404     41.07  26935384  37517640      5076   1506256   2788532     10656     31104    277108
03:57:23 AM 326405832 389084072   2686276      0.68   1494364  61483172 161882796     40.14  26935724  37488496      6256   1475736   2788904     10688     29776    277140
03:57:28 AM 326426084 389107868   2661544      0.67   1494368  61486560 157128888     38.97  26936176  37506796      4480   1489892   2789992     10656     30176    277092
03:57:33 AM 326341520 389026336   2743664      0.69   1494368  61489504 176674184     43.81  26936628  37600308      6844   1581576   2789492     10752     31940    277172
03:57:38 AM 326437472 389126272   2642948      0.67   1494368  61493460 164694776     40.84  26936984  37500668      5496   1478124   2790300     10624     30108    277140
03:57:43 AM 326343640 389036616   2733204      0.69   1494368  61497660 172977840     42.90  26937456  37571680      6056   1545988   2789676     10688     31248    277284
03:57:48 AM 326261356 388957048   2812672      0.71   1494368  61500396 185142656     45.91  26937904  37648820      6016   1620308   2789756     10720     32896    277268
03:57:53 AM 326448832 389148316   2621736      0.66   1494372  61504260 151664676     37.61  26938224  37461500      5564   1428944   2789348     10736     28960    277188
03:57:58 AM 326494240 389197332   2573128      0.65   1494372  61507872 142331068     35.30  26938636  37428864      4604   1394156   2788936     10672     28780    277220
03:58:03 AM 326281424 388986296   2785008      0.71   1494372  61509824 185146208     45.91  26939172  37659964      6404   1624444   2787920     10848     32892    277268
03:58:08 AM 326433168 389141944   2630308      0.67   1494376  61513648 167529144     41.55  26939412  37537088      5272   1497232   2787048     10656     30288    277220
03:58:13 AM 326399844 389110952   2660684      0.67   1494376  61515960 172083572     42.67  26939920  37555168      5104   1513164   2787684     10688     30480    277012
03:58:18 AM 326318856 389033848   2736540      0.69   1494376  61519736 172090856     42.68  26940344  37604776      7256   1559280   2789040     10688     31788    277124
03:58:23 AM 326339560 389057468   2713860      0.69   1494376  61522540 175773828     43.59  26940836  37616188      5688   1567596   2788212     10736     32132    277204
03:58:28 AM 326305592 389026824   2744680      0.70   1494376  61525824 185127308     45.91  26941192  37670420      7256   1619316   2788076     10736     32556    277220
03:58:33 AM 326460964 389186140   2584684      0.65   1494376  61529812 161014976     39.93  26941600  37513560      5456   1459300   2788712     10688     30436    277172
03:58:38 AM 326369452 389098052   2672256      0.68   1494376  61533156 165570600     41.06  26942052  37566876      5852   1510248   2789308     10752     30192    277284
03:58:43 AM 326323416 389054540   2716044      0.69   1494376  61535616 175810612     43.60  26942500  37611400      5724   1553448   2789096     10736     31332    277252
03:58:48 AM 326308196 389043012   2728616      0.69   1494376  61539140 165581852     41.06  26942936  37567596      6136   1505300   2788220     10704     30656    277236
03:58:53 AM 326328576 389067052   2704548      0.68   1494376  61542740 174891784     43.37  26943392  37608952      5596   1544172   2788308     10768     31600    277220
03:58:58 AM 326341224 389083536   2688168      0.68   1494380  61546412 169277056     41.98  26943744  37606324      6072   1537212   2788364     10768     31204    277284
03:59:03 AM 326260160 389005216   2766736      0.70   1494380  61549120 181440128     44.99  26944232  37658240      5820   1588508   2788152     10752     32224    277300
03:59:08 AM 326393616 389142340   2628512      0.67   1494380  61552448 161869380     40.14  26944548  37548876      5852   1474936   2789592     10736     29860    277316
03:59:13 AM 326424064 389175580   2595776      0.66   1494380  61555080 149728140     37.13  26944988  37511032      4276   1435392   2789248     10704     29224    277252
03:59:18 AM 326228176 388983108   2789016      0.71   1494380  61558288 181427480     44.99  26945448  37668776      7160   1589548   2788688     10752     32844    277300
03:59:23 AM 326343608 389102156   2668960      0.68   1494380  61561972 158185008     39.23  26945860  37539504      4680   1456876   2789628     10672     29812    277188
03:59:28 AM 326288468 389050684   2719904      0.69   1494380  61565500 172069588     42.67  26946296  37635464      6436   1550156   2790296     10768     31760    277236
03:59:33 AM 326348896 389114320   2656308      0.67   1494380  61568556 161875096     40.14  26946684  37564500      5464   1477172   2790408     10704     30552    277268
03:59:38 AM 326228052 388996452   2774620      0.70   1494380  61571568 179505960     44.52  26947180  37689908      6432   1599172   2789928     10640     31984    277236
03:59:43 AM 326333448 389104776   2666908      0.68   1494380  61574464 170189092     42.20  26947496  37627428      5376   1534844   2789348     10752     31152    277172
03:59:48 AM 326427520 389202404   2568976      0.65   1494380  61578024 160104120     39.70  26947892  37529160      4920   1434624   2789648     10720     29168    277300
03:59:53 AM 326304564 389082996   2687584      0.68   1494380  61581528 174910472     43.38  26948356  37644344      6192   1545472   2790492     10736     31420    277332
03:59:58 AM 326331428 389112964   2657368      0.67   1494384  61584540 170356916     42.25  26948800  37600064      5428   1498276   2790828     10752     30768    277396
04:00:03 AM 326306716 389091328   2678796      0.68   1494384  61587344 163646180     40.58  26949232  37620476      6220   1515324   2791308     10720     30564    277380
04:00:08 AM 326219884 389008632   2761148      0.70   1494384  61591388 181422400     44.99  26949660  37699476      6232   1591800   2791744     10752     32204    277380
04:00:13 AM 326306520 389098148   2672176      0.68   1494384  61594204 159939696     39.66  26950028  37609840      6004   1499056   2791264     10736     30288    277268
04:00:18 AM 326181252 388976032   2794796      0.71   1494384  61597208 185108572     45.90  26950576  37730904      5812   1619416   2790908     10768     32752    277300
04:00:23 AM 326272760 389071392   2699536      0.68   1494384  61600924 174904964     43.37  26950904  37666864      7500   1551440   2790944     10736     31912    277284
04:00:28 AM 326294860 389096244   2674960      0.68   1494384  61603792 166461304     41.28  26951344  37648440      5156   1530312   2790552     10784     31236    277252
04:00:33 AM 326327796 389133008   2637996      0.67   1494384  61607616 168418424     41.77  26951724  37634836      6744   1513420   2790756     10784     30952    277268
04:00:38 AM 326307560 389115592   2655892      0.67   1494384  61610292 172110660     42.68  26952188  37661348      5652   1537272   2790420     10784     31036    277268
04:00:43 AM 326270436 389082356   2689404      0.68   1494384  61614056 174042872     43.16  26952580  37661856      6496   1534940   2790268     10720     31056    277316
04:00:48 AM 326171692 388986160   2785268      0.71   1494384  61616524 185120276     45.91  26953088  37744500      5076   1614644   2790680     10800     32564    277348
04:00:53 AM 326242884 389061440   2709576      0.69   1494384  61620416 177739116     44.08  26953472  37692132      7368   1559384   2791288     10800     31904    277396
04:00:58 AM 326358788 389181136   2590240      0.66   1494384  61624100 150756152     37.39  26953740  37539040      5056   1402624   2791036     10672     28760    277300
04:01:03 AM 326219184 389043344   2728280      0.69   1494384  61625768 173857888     43.11  26954268  37713204      5940   1575708   2790932     10768     31620    277348
04:01:08 AM 326250648 389079144   2692092      0.68   1494384  61630084 169644600     42.07  26954640  37636600      5476   1495680   2791340     10752     30952    277268
04:01:13 AM 326523328 389355912   2415028      0.61   1494384  61634160 144421492     35.81  26954904  37433880      5672   1287908   2791648     10624     26972    277204
04:01:18 AM 326440324 389273560   2498376      0.63   1494384  61634740 137080064     33.99  26955400  37494752      3844   1349356   2790724     10592     25976    277204
04:01:23 AM 326593120 389429164   2343576      0.59   1494384  61637584 112273384     27.84  26955608  37348536      4972   1200984   2789884     10416     22376    277028
04:01:28 AM 327065044 389901316   1875012      0.47   1494384  61637800  23842404      5.91  26955700  36829980      1376    681976   2786308      9984      9472    276756
04:01:33 AM 327145012 389981116   1795940      0.45   1494384  61637640   4189372      1.04  26955692  36724468       948    575612   2785572     10400      6168    276628
04:01:38 AM 327164156 390003764   1772280      0.45   1494384  61641368   4197888      1.04  26960228  36730916       820    584304   2786360      9824      6116    276564
04:01:43 AM 326970616 389811212   1957912      0.50   1494384  61641716  66412896     16.47  26973748  37012068        20    877956   2793920     10288     16488    277028
04:01:48 AM 326969716 389810640   1958700      0.50   1494384  61641976  64268304     15.94  26973964  37004468      1488    870596   2793772     10272     16136    277044
04:01:53 AM 326978680 389819972   1949916      0.49   1494384  61642248  53541444     13.28  26974228  36947120       356    811984   2793320     10192     14624    276964
04:01:58 AM 327115912 389956996   1818856      0.46   1494384  61642048   4197888      1.04  26974244  36718212      1532    584284   2787348      9824      6048    276692
04:02:03 AM 327116800 389958372   1817548      0.46   1494384  61642540   4203168      1.04  26974244  36723424       340    589004   2787276      9824      6048    276676
04:02:08 AM 327113652 389957528   1818484      0.46   1494388  61644760   4202240      1.04  26974252  36725564      1520    588948   2787264      9808      6052    276612
04:02:13 AM 327110996 389957340   1818816      0.46   1494392  61647168   4202240      1.04  26974256  36727912       300    588900   2787176      9760      5980    276580
04:02:18 AM 327123792 389972780   1803384      0.46   1494392  61649716   4202240      1.04  26974260  36730640      1436    589104   2787264      9856      6160    276644
04:02:23 AM 326209044 389062400   2706380      0.69   1494392  61654068 174089768     43.17  26975284  37727268      3972   1583040   2794664     10736     33544    277316
04:02:28 AM 325842576 388696444   3072056      0.78   1494392  61654560 174240320     43.21  26975304  37766392      1628   1621768   2794964     10736     34016    277348
04:02:33 AM 325847912 388701980   3066676      0.78   1494392  61654732 174244588     43.21  26975308  37768308       608   1623660   2794836     10768     34092    277364
04:02:38 AM 325863360 388717640   3050792      0.77   1494392  61654876 174245436     43.21  26975312  37771616      1376   1626228   2795128     10752     34104    277364
04:02:43 AM 325893480 388748104   3020400      0.76   1494392  61655188 174246344     43.21  26975324  37786056       580   1640928   2795088     10736     34112    277364
04:02:48 AM 325913456 388768624   2999648      0.76   1494392  61655752 174249972     43.21  26975424  37792276      1576   1646500   2795300     10752     34144    277364
04:02:53 AM 325990660 388846208   2922060      0.74   1494400  61656200 174279428     43.22  26975440  37804028       572   1657952   2795228     10720     34272    277396
04:02:58 AM 326093740 388949792   2818368      0.71   1494400  61656576 174361592     43.24  26975436  37834432      1492   1687816   2795464     10736     34292    277444
04:03:03 AM 326073104 388929416   2838764      0.72   1494400  61656840 174365728     43.24  26975448  37839660       428   1692728   2795440     10736     34332    277396
04:03:08 AM 326078268 388934940   2833060      0.72   1494400  61657252 174365728     43.24  26975440  37841900      1264   1694376   2795568     10704     34316    277380
04:03:13 AM 326075108 388932004   2836344      0.72   1494400  61657496 174371316     43.24  26975440  37845288       824   1697864   2795200     10736     34336    277364
04:03:18 AM 326073692 388930884   2836076      0.72   1494400  61657744 174463712     43.26  26975440  37880436      1128   1732508   2796636     10736     34352    277316
04:03:23 AM 326093400 388950860   2817400      0.71   1494400  61658036 174414808     43.25  26975448  37866184       276   1718144   2795312     10736     34488    277348
04:03:28 AM 326066616 388924512   2843800      0.72   1494404  61658424 174560784     43.29  26975452  37922928       696   1774388   2795304     10752     34528    277364
04:03:33 AM 326086596 388944952   2823128      0.71   1494408  61658992 174498888     43.27  26975460  37904624      1644   1755568   2795424     10768     34592    277412
04:03:38 AM 326087804 388946648   2821552      0.71   1494412  61659384 174503356     43.27  26975464  37908504       688   1758772   2795396     10768     34596    277396
04:03:43 AM 326056056 388915360   2852532      0.72   1494412  61659924 174491576     43.27  26975500  37905848      1772   1755988   2795624     10768     34688    277324
04:03:49 AM 326043024 388903028   2865172      0.73   1494416  61660432 171648152     42.57  26975540  37894396       904   1743808   2795504     10736     34056    277268
04:03:54 AM 326041336 388901964   2866664      0.73   1494416  61661052 167895780     41.64  26975648  37830776      1712   1679404   2795080     10704     33692    277268
04:03:59 AM 325950000 388811016   2958484      0.75   1494416  61661204 174448140     43.26  26975904  37885044      1888   1734000   2794444     10736     33660    277364
04:04:04 AM 325947024 388808520   2960108      0.75   1494416  61661688 167719652     41.59  26976224  37761588      3900   1610228   2795312     10752     32900    277284
04:04:09 AM 325822396 388684196   3085052      0.78   1494416  61661948 174238092     43.21  26976504  37798624      3736   1647356   2794736     10736     34004    277268
04:04:14 AM 325821124 388683148   3086104      0.78   1494416  61662160 174242188     43.21  26976548  37803528      1464   1652352   2794744     10736     34040    277332
04:04:19 AM 325823968 388686396   3082872      0.78   1494416  61662564 174249612     43.21  26976592  37809936       368   1658100   2794728     10752     34084    277268
04:04:24 AM 325859576 388722252   3046884      0.77   1494416  61662884 174265608     43.22  26976596  37822448      1352   1670672   2794788     10768     34176    277300
04:04:29 AM 325924212 388787340   2982068      0.76   1494416  61663292 174287680     43.22  26976644  37833524       368   1680904   2794560     10720     34072    277316
04:04:34 AM 325974916 388838532   2930696      0.74   1494416  61663800 174314800     43.23  26976644  37845652      1356   1693028   2794720     10768     34184    277300
04:04:39 AM 326014876 388878848   2890456      0.73   1494416  61664096 174328148     43.23  26976652  37853504       328   1700128   2794704     10752     34264    277300
04:04:44 AM 326060596 388924812   2844424      0.72   1494420  61664412 174361528     43.24  26976640  37867812      1264   1713884   2794696     10752     34296    277324
04:04:49 AM 326064468 388929212   2840184      0.72   1494424  61664784 174371284     43.24  26976664  37873020       256   1718744   2794688     10768     34428    277252
04:04:54 AM 326063000 388927916   2841636      0.72   1494428  61665084 174391752     43.25  26976672  37884340       820   1730016   2794400     10672     34228    277364
04:04:59 AM 326088892 388954372   2815196      0.71   1494428  61665580 174422576     43.25  26976676  37898764       104   1743792   2794452     10752     34484    277284
04:05:04 AM 326075072 388940768   2828300      0.72   1494428  61665936 174438864     43.26  26976660  37907580      1068   1752680   2794812     10832     34376    277284
04:05:09 AM 326072120 388938548   2831396      0.72   1494428  61666548 174450312     43.26  26976672  37914840       112   1758984   2794056     10720     34468    277252
04:05:14 AM 326060544 388927108   2842892      0.72   1494428  61666856 174450424     43.26  26976708  37913788       312   1757604   2793828     10720     34532    277236
04:05:19 AM 326035716 388902936   2867312      0.73   1494428  61667388 174464256     43.26  26976744  37922080      1404   1765440   2793704     10736     34476    277268
04:05:24 AM 326032304 388899912   2870592      0.73   1494428  61667864 167865900     41.63  26976924  37852096      1264   1695532   2793360     10704     33276    277284
04:05:29 AM 325902096 388770660   3000272      0.76   1494428  61668644 174488340     43.27  26977088  37918268      1408   1761372   2793108     10752     34436    277348
04:05:34 AM 325919028 388787504   2983636      0.76   1494428  61668588 174513520     43.28  26977292  37916116       252   1759216   2792868     10768     34304    277340
04:05:39 AM 325942824 388811568   2959192      0.75   1494428  61668896 174321136     43.23  26977372  37849964      1608   1692980   2793208     10768     34344    277348
04:05:44 AM 325958940 388828024   2942564      0.75   1494428  61669196 174306080     43.23  26977496  37841952       980   1684760   2793420     10768     34240    277268
04:05:49 AM 326001828 388871440   2898628      0.73   1494432  61669644 174264708     43.22  26977608  37828900      1868   1671360   2794016     10736     33996    277252
04:05:54 AM 325988816 388858744   2911076      0.74   1494436  61669920 174243988     43.21  26977764  37820272       996   1662832   2794300     10736     33656    277284
04:05:59 AM 325996376 388866748   2903120      0.74   1494436  61670352 174280712     43.22  26977808  37833032      1496   1674780   2794264     10752     34152    277252
04:06:04 AM 325979000 388849660   2920300      0.74   1494436  61670632 174392932     43.25  26977828  37874024       596   1715636   2794180     10752     34264    277308
04:06:09 AM 325997964 388869048   2900692      0.73   1494436  61671056 174413444     43.25  26977832  37884456      1508   1725868   2794400     10800     34332    277292
04:06:14 AM 326021688 388893116   2876832      0.73   1494436  61671364 174335248     43.23  26977856  37862516       616   1703300   2794228     10784     34352    277372
04:06:19 AM 326018764 388890472   2879272      0.73   1494436  61671688 174343224     43.23  26977852  37866596      1464   1707276   2794388     10736     34244    277316
04:06:24 AM 325965040 388837224   2932588      0.74   1494436  61672164 174648784     43.31  26977852  37975808       532   1816084   2794320     10768     34364    277364
04:06:29 AM 326044160 388916956   2852888      0.72   1494436  61672756 174414584     43.25  26977856  37897288      1496   1736924   2794308     10784     34412    277364
04:06:34 AM 326003252 388876380   2893560      0.73   1494436  61673060 174516664     43.28  26977864  37937788       520   1777028   2794240     10800     34548    277404
04:06:39 AM 326020984 388894468   2875220      0.73   1494436  61673544 174459024     43.26  26977860  37920548      1424   1759464   2794364     10816     34536    277412
04:06:44 AM 326013688 388887672   2882200      0.73   1494436  61673940 174463076     43.26  26977864  37924000       540   1762108   2794284     10800     34540    277412
04:06:49 AM 326046068 388920164   2849156      0.72   1494436  61674176 171612708     42.56  26977892  37910328       952   1748544   2794712     10688     33976    277412
04:06:54 AM 326024528 388899656   2870216      0.73   1494436  61675052 170706036     42.33  26978004  37874288       760   1711636   2794316     10768     33808    277396
04:06:59 AM 325980420 388855512   2914532      0.74   1494436  61675076 171648596     42.57  26978188  37908808      1132   1746884   2794084     10752     33908    277348
04:07:04 AM 325940784 388816868   2953352      0.75   1494436  61675920 170678788     42.33  26978268  37855232      1688   1691860   2794056     10784     33908    277316
04:07:09 AM 325935540 388811676   2958880      0.75   1494436  61676020 174356228     43.24  26978412  37874400       932   1710880   2793672     10752     34260    277316
04:07:14 AM 325941440 388818032   2952284      0.75   1494436  61676360 174293020     43.22  26978648  37845596      2748   1682128   2794028     10752     34112    277284
04:07:19 AM 325894968 388771816   2998652      0.76   1494436  61676680 174298664     43.22  26978696  37848820       592   1685204   2793812     10736     34160    277268
04:07:24 AM 325971660 388849568   2920880      0.74   1494436  61677624 168646160     41.82  26978756  37791924      1836   1627232   2793948     10736     32876    277268
04:07:29 AM 325911220 388788956   2981328      0.76   1494436  61677460 174368836     43.24  26978892  37873420       620   1709392   2794104     10704     34012    277348
04:07:34 AM 325913416 388791532   2978828      0.75   1494436  61677836 174291220     43.22  26978968  37847996      1548   1683436   2794032     10688     34132    277316
04:07:39 AM 325941928 388820436   2949840      0.75   1494436  61678264 174299444     43.22  26979008  37849896       468   1685808   2794080     10704     34232    277284
04:07:44 AM 325952256 388831252   2938960      0.74   1494440  61678548 174319636     43.23  26979024  37859568      1548   1694232   2794344     10672     34204    277284
04:07:49 AM 326021912 388901144   2869084      0.73   1494440  61678832 174348084     43.24  26979028  37872244       448   1706980   2794280     10688     34292    277188
04:07:54 AM 326003868 388883620   2886572      0.73   1494440  61679268 174445632     43.26  26979044  37909196      1328   1743292   2794400     10704     34308    277188
04:07:59 AM 326032576 388912604   2857584      0.72   1494440  61679596 174385568     43.25  26979044  37892500       372   1726444   2794352     10704     34344    277188
04:08:04 AM 326070388 388950820   2819396      0.71   1494444  61679944 174418212     43.25  26979056  37906764      1364   1739952   2794376     10720     34432    277252
04:08:09 AM 326060076 388940768   2829520      0.72   1494448  61680288 174536164     43.28  26979052  37936336       352   1769572   2794216     10720     34536    277236
04:08:14 AM 326067408 388948704   2821792      0.71   1494448  61680768 174460976     43.26  26979064  37928388      1316   1760864   2794132     10704     34544    277300
04:08:19 AM 326044192 388925784   2844648      0.72   1494448  61681200 174473236     43.27  26979072  37937032       220   1768668   2794060     10704     34500    277348
04:08:24 AM 326040336 388922324   2847544      0.72   1494448  61681404 174451548     43.26  26979088  37927632       832   1759380   2794816     10528     34300    277348
04:08:29 AM 326073580 388956068   2814624      0.71   1494448  61682024 167890680     41.63  26979172  37879060       460   1710832   2793872     10704     33532    277300
04:08:34 AM 325986656 388869648   2901176      0.73   1494448  61682436 174403764     43.25  26979392  37906568       936   1737700   2793832     10880     34444    277300
04:08:39 AM 326014920 388898484   2872980      0.73   1494448  61683128 166952800     41.40  26979500  37820160        92   1650672   2793072     10704     33184    277252
04:08:44 AM 325960016 388843540   2928200      0.74   1494448  61683020 168573388     41.80  26979652  37867476       284   1698108   2792864     10704     33344    277268
04:08:49 AM 325946052 388829992   2941200      0.74   1494448  61683496 168460808     41.78  26979768  37825008      1496   1655576   2793352     10704     33256    277300
04:08:54 AM 325937084 388821404   2949856      0.75   1494448  61683820 168468752     41.78  26979784  37831532       812   1661604   2793340     10688     33352    277316
04:08:59 AM 325966532 388851204   2919400      0.74   1494452  61684204 168535384     41.79  26979916  37855204      2232   1685256   2793960     10688     33264    277316
04:09:04 AM 326041836 388927204   2843924      0.72   1494452  61684804 164712484     40.85  26980020  37785424      1076   1614828   2793532     10720     32804    277284
04:09:09 AM 326001184 388886756   2884328      0.73   1494452  61685028 168520232     41.79  26980124  37847476      1368   1677032   2793556     10720     33284    277284
04:09:14 AM 326027084 388912904   2858156      0.72   1494452  61685300 168447904     41.77  26980168  37823620       740   1652896   2793556     10688     33228    277284
04:09:19 AM 326056432 388942488   2828272      0.72   1494452  61685548 168457056     41.78  26980176  37828840      1700   1657812   2793844     10720     33288    277236
04:09:24 AM 326066108 388952420   2818376      0.71   1494452  61685832 168470372     41.78  26980184  37836244       596   1664960   2793780     10736     33356    277172
04:09:29 AM 326056864 388943720   2826804      0.72   1494452  61686284 168497524     41.79  26980188  37850184      1752   1678676   2794144     10688     33288    277204
04:09:34 AM 326066068 388953164   2817292      0.71   1494452  61686620 168520676     41.79  26980200  37862312       676   1690540   2794116     10656     33300    277156
04:09:39 AM 326070320 388957960   2812308      0.71   1494452  61687000 168552812     41.80  26980208  37876140      1592   1703804   2794468     10688     33384    277236
04:09:44 AM 326086956 388974888   2795392      0.71   1494452  61687340 168565472     41.80  26980220  37882672       880   1710028   2794408     10752     33660    277244
04:09:49 AM 326092960 388981468   2788528      0.71   1494452  61687856 168568936     41.80  26980244  37885956      1632   1712140   2794752     10688     33424    277236
04:09:54 AM 326088380 388977124   2792720      0.71   1494452  61688208 168556720     41.80  26980280  37881064       636   1707572   2794788     10656     33408    277188
04:09:59 AM 326102216 388991628   2777848      0.70   1494452  61688708 168536748     41.79  26980380  37874392      1920   1699980   2795324     10832     33600    277220
04:10:04 AM 326058440 388948280   2820828      0.71   1494452  61689076 168520460     41.79  26980508  37863468       796   1689396   2795752     10736     33504    277220
04:10:09 AM 326050520 388940724   2827740      0.72   1494452  61689408 168488708     41.78  26980632  37849440      1500   1675060   2796428     10864     33308    277252
04:10:14 AM 326030820 388921536   2848172      0.72   1494452  61689884 168499480     41.79  26980696  37850996       412   1676376   2795220     10768     33492    277252
04:10:19 AM 326025088 388916164   2853444      0.72   1494452  61690124 168467720     41.78  26980812  37840264      1292   1665000   2795440     10976     32892    277284
04:10:24 AM 325999132 388890716   2879132      0.73   1494452  61690720 168482460     41.78  26980888  37841100       628   1665848   2795112     10704     33404    277284
04:10:29 AM 326001012 388893036   2876852      0.73   1494452  61691056 168487292     41.78  26980952  37846408       876   1670560   2795176     10768     33548    277364
04:10:34 AM 326025352 388917856   2852116      0.72   1494456  61691300 165617500     41.07  26981036  37827736      2100   1651416   2795324     10720     32856    277316
04:10:39 AM 326010412 388903460   2866748      0.73   1494456  61691780 165594656     41.07  26981200  37799424       908   1623324   2795152     10720     32944    277252
04:10:44 AM 325999652 388893096   2877464      0.73   1494456  61692200 168453384     41.77  26981232  37830640      1676   1653564   2794776     10704     33264    277204
04:10:49 AM 326037036 388930780   2839872      0.72   1494456  61692476 168443092     41.77  26981276  37827796       740   1650904   2794708     10688     33256    277220
04:10:54 AM 326011968 388906424   2864336      0.73   1494456  61693164 168562276     41.80  26981320  37870904       616   1694128   2794624     10704     33348    277268
04:10:59 AM 326026036 388920856   2849912      0.72   1494456  61693488 168479500     41.78  26981348  37847400       648   1669572   2794656     10704     33324    277236
04:11:04 AM 326035556 388930744   2840004      0.72   1494456  61693940 168488256     41.78  26981348  37852424      1576   1674572   2794592     10704     33332    277236
04:11:09 AM 326038696 388934320   2836596      0.72   1494456  61694288 168523956     41.79  26981352  37869212       592   1690296   2794512     10688     33448    277188
04:11:14 AM 326033584 388929608   2841140      0.72   1494460  61694776 168547960     41.80  26981364  37879100      1648   1700164   2794588     10656     33412    277172
04:11:19 AM 326073156 388969596   2801352      0.71   1494460  61695112 168540812     41.80  26981436  37880252       760   1700732   2794468     10704     33288    277212
04:11:24 AM 326050052 388946808   2824152      0.72   1494460  61695532 168514004     41.79  26981544  37866744      1684   1686636   2794352     10656     33356    277108
04:11:29 AM 326014576 388911772   2859388      0.72   1494460  61695860 168541468     41.80  26981552  37877192       496   1696920   2794264     10688     33536    277100
04:11:34 AM 326007716 388905224   2865164      0.73   1494460  61696268 168512368     41.79  26981612  37864036      1480   1683568   2794940     10672     33188    277252
04:11:39 AM 325981404 388894040   2876560      0.73   1494472  61711256 168521780     41.79  26981672  37887208     14336   1691684   2794856     10656     33328    277228
04:11:44 AM 326096312 388875744   2895168      0.73   1494480  61578672 168467064     41.78  26979948  37733056       840   1668680   2793916     10640     33008    277292
04:11:49 AM 326087468 388867324   2903532      0.74   1494480  61579048 168475092     41.78  26980028  37729408      1508   1664436   2794020     10672     32764    277268
04:11:54 AM 326064744 388844816   2925768      0.74   1494480  61579388 165733120     41.10  26980068  37737184      1608   1672716   2794168     10672     32428    277252
04:11:59 AM 326086456 388867360   2903432      0.74   1494480  61580076 164766520     40.86  26980124  37701056       200   1635020   2794104     10688     32408    277220
04:12:04 AM 326086040 388866956   2903424      0.74   1494484  61580188 164745900     40.85  26980204  37695804       116   1629680   2794412     10752     32324    277268
04:12:09 AM 326041664 388823148   2947264      0.75   1494488  61580668 168465140     41.78  26980312  37728636        60   1662160   2794464     10704     32912    277276
04:12:14 AM 326000344 388782164   2988360      0.76   1494488  61581064 168550692     41.80  26980348  37760400       456   1694040   2794292     10672     32780    277220
04:12:19 AM 326075284 388857632   2912892      0.74   1494488  61581484 168470228     41.78  26980468  37730220        12   1663256   2794400     10736     33032    277204
04:12:24 AM 326096164 388878732   2891784      0.73   1494488  61581792 168496372     41.78  26980468  37742488       472   1675188   2794320     10720     33032    277228
04:12:29 AM 326089736 388872756   2897804      0.73   1494488  61582240 168459720     41.78  26980544  37732996       956   1665532   2794280     10688     32828    277236
04:12:34 AM 326078968 388862352   2908248      0.74   1494488  61582556 168482860     41.78  26980552  37739360       748   1671556   2794288     10688     32848    277156
04:12:39 AM 326082668 388866432   2903948      0.74   1494488  61582880 168496848     41.79  26980556  37746676       688   1678040   2794564     10736     32908    277268
04:12:44 AM 326165692 388949668   2821136      0.71   1494488  61583092 162668968     40.34  26980564  37723792       136   1655732   2794140     10672     32028    277220
04:12:49 AM 326180696 388965144   2805568      0.71   1494488  61583616 162692328     40.35  26980580  37736784      1276   1667736   2794180     10752     32244    277364
04:12:54 AM 326268432 389052896   2718316      0.69   1494488  61583592 145085976     35.98  26980580  37616016       588   1547332   2793720     10608     29144    277196
04:12:59 AM 326305196 389089996   2680964      0.68   1494492  61584008 139223396     34.53  26980576  37580524      1152   1511464   2793888     10560     28112    277220
04:13:04 AM 326353280 389138572   2632564      0.67   1494496  61584424 133360684     33.07  26980596  37546560       612   1476944   2793784     10560     27324    277244
04:13:09 AM 326528904 389313860   2457924      0.62   1494496  61584032  98136808     24.34  26980592  37305316       932   1236040   2793192     10368     21328    277124
04:13:14 AM 326594600 389379440   2393088      0.61   1494496  61583960  80533712     19.97  26980588  37187212       448   1117936   2792404     10240     18352    277092
04:13:19 AM 326625932 389410560   2362144      0.60   1494496  61583884  74667416     18.52  26980292  37150604      1028   1081292   2792092     10224     17472    277020
04:13:24 AM 326709792 389494440   2278908      0.58   1494496  61583816  62935828     15.61  26980296  37073216       460   1004336   2791536     10176     15580    276916
04:13:29 AM 326946428 389731360   2043788      0.52   1494496  61584236  31997272      7.93  26980304  36833796      1056    763864   2789600     10096     10660    276796
04:13:34 AM 327006960 389791196   1984660      0.50   1494496  61583492  15952332      3.96  26980308  36743984       300    674724   2788940      9888      7640    276652
04:13:39 AM 327002988 389787148   1988908      0.50   1494496  61583568  15948060      3.95  26980296  36742364       744    672940   2788588      9904      7540    276628
04:13:44 AM 327075764 389860472   1915736      0.49   1494496  61584108   4202240      1.04  26996516  36642604       168    588840   2788444      9840      5572    276628
04:13:49 AM 326937500 389722644   2045632      0.52   1494496  61584492  66544236     16.50  26998356  36897868       560    845832   2796428     10400     16152    276996
04:13:54 AM 326980536 389766064   2002304      0.51   1494500  61584724  66548508     16.50  26998604  36901164       212    849176   2796484     10352     16284    277020
04:13:59 AM 326986992 389772824   1995780      0.51   1494500  61584980  62248276     15.44  26998824  36885636        16    833372   2796296     10320     15512    277004
04:14:04 AM 327125424 389911356   1863276      0.47   1494500  61585040   4202240      1.04  26998856  36641240       984    588856   2790308      9856      5572    276724
04:14:09 AM 327127496 389913304   1861528      0.47   1494500  61584916   4202240      1.04  26998848  36640924       328    588616   2790108      9824      5528    276676
04:14:14 AM 327129860 389917044   1857804      0.47   1494500  61586252   4202752      1.04  26998860  36643088       884    589468   2790132      9872      5604    276676
04:14:19 AM 327130948 389919960   1854908      0.47   1494500  61588060   4202752      1.04  26998856  36644788       332    589400   2790132      9888      5644    276676
04:14:24 AM 327125284 389916464   1859064      0.47   1494500  61590156   4210876      1.04  26998868  36651068       832    593600   2789544      9872      5800    276708
04:14:29 AM 326379264 389173880   2594096      0.66   1494508  61593536  92170352     22.86  26999528  37493020      2464   1433192   2797144     10800     27196    277364
04:14:34 AM 326216504 389015548   2752728      0.70   1494512  61597900 174134496     43.18  26999816  37665912      3080   1601792   2796904     10768     33460    277420
04:14:39 AM 326475568 389281736   2486608      0.63   1494512  61605044 134186452     33.28  26999932  37358116      1840   1287376   2796816     10592     27688    277212
04:14:44 AM 326526408 389328488   2440648      0.62   1494512  61600944 102025928     25.30  27000400  37322496      3144   1256112   2796036     10608     25768    277156
04:14:49 AM 326187524 388995580   2773592      0.70   1494512  61606876 174127404     43.18  27000848  37693116      8000   1621080   2796044     10704     33320    277204
04:14:54 AM 326596652 389411408   2358680      0.60   1494512  61613820 113696344     28.20  27001148  37234764      5232   1156000   2794884     10528     24176    277236
04:14:59 AM 326249416 389062312   2708596      0.69   1494512  61611852 159987812     39.67  27001852  37658660      5028   1582816   2794172     10752     31800    277324
04:15:04 AM 326363148 389182576   2588512      0.66   1494512  61618392 155572268     38.58  27002196  37543100      7812   1460632   2793984     10720     30180    277204
04:15:09 AM 326606468 389429424   2341964      0.59   1494512  61621892 120073140     29.78  27002536  37317604      3864   1231724   2793712     10528     25632    277188
04:15:14 AM 326333236 389158248   2612380      0.66   1494512  61623896 158889096     39.40  27003252  37601684      6016   1515152   2794524     10768     31200    277356
04:15:19 AM 326431112 389262576   2507288      0.63   1494512  61630124 133801464     33.18  27003652  37444352      6244   1351324   2795512     10608     27900    277220
04:15:24 AM 326370316 389202308   2567528      0.65   1494512  61630596 133637936     33.14  27004160  37509156      4464   1416296   2795596     10640     27140    277188
04:15:29 AM 326268072 389105664   2664720      0.67   1494512  61636072 157159272     38.97  27004696  37605184      6808   1508324   2795172     10672     30476    277196
04:15:34 AM 326602540 389443316   2328028      0.59   1494512  61639092 110966136     27.52  27005076  37246132      4668   1146512   2794376     10784     23260    277244
04:15:39 AM 326842792 389684344   2089940      0.53   1494512  61639836  53224480     13.20  27005308  36981324      2424    880696   2791468     10160     14020    276924
04:15:44 AM 327000652 389841636   1926792      0.49   1494512  61639244  66558812     16.51  27023156  36795924       452    713924   2797348     10272     15200    277044
04:15:49 AM 326674628 389516144   2252008      0.57   1494512  61639780  66559596     16.51  27023404  37194000      1032   1111396   2797620     10272     16128    277044
04:15:54 AM 326334752 389176556   2591784      0.66   1494516  61640032  64417552     15.97  27023656  37530620       376   1447988   2797464     10256     15764    277012
04:15:59 AM 326844636 389687024   2084108      0.53   1494516  61640452  25717208      6.38  27023864  36981468      1000    898688   2794836     10016      9520    276844
04:16:04 AM 327114016 389956000   1817824      0.46   1494516  61640000   4210944      1.04  27023864  36672056       384    589648   2792192      9792      5548    276644
04:16:09 AM 327123080 389965620   1808164      0.46   1494516  61640612   4213124      1.04  27023860  36673944       952    591040   2792176      9792      5576    276612
04:16:14 AM 327094480 389938384   1835472      0.46   1494516  61641888   4234336      1.05  27023912  36694156       340    609908   2792192      9824      5740    276604
04:16:19 AM 327084812 389929808   1844628      0.47   1494516  61642928   4234892      1.05  27023956  36697940       984    612780   2791664      9760      5596    276596
