Linux 5.15.0-91-generic (gl5) 	01/27/2024 	_x86_64_	(32 CPU)

11:04:57 AM kbmemfree   kbavail kbmemused  %memused kbbuffers  kbcached  kbcommit   %commit  kbactive   kbinact   kbdirty  kbanonpg    kbslab  kbkstack   kbpgtbl  kbvmused
11:05:02 AM 316297400 389903364   1837924      0.47   1554852  72047516   4669988      1.16  31839168  42309012      2692    574208   3120856     10592      6068    278976
11:05:07 AM 316225336 389834856   1903400      0.48   1554852  72051052  34759596      8.62  31839656  42428116       332    690656   3123908     10432     11068    278304
11:05:12 AM 316365160 389976852   1763476      0.45   1554852  72053364   4197280      1.04  31841172  42313688      1404    574924   3121696      9616      5984    278064
11:05:17 AM 316363168 389976684   1763688      0.45   1554852  72055080   4197280      1.04  31841180  42315464       296    574992   3121760      9616      5988    278048
11:05:22 AM 316354368 389970320   1770128      0.45   1554852  72057408   4197280      1.04  31841216  42317808      1348    575048   3121792      9616      5984    278064
11:05:27 AM 316350228 389967976   1772484      0.45   1554852  72059096   4197412      1.04  31841216  42319544       440    575080   3121888      9600      5984    278016
11:05:32 AM 316358408 389978096   1762476      0.45   1554852  72060932   4197412      1.04  31841252  42321336      1332    575116   3121880      9600      5984    278000
11:05:37 AM 316358400 389980160   1760420      0.45   1554852  72062844   4201316      1.04  31841296  42325104       252    577040   3122032      9632      6096    278040
11:05:42 AM 316348964 389973040   1767624      0.45   1554852  72064912   4201448      1.04  31841328  42327172      1416    577088   3122196      9632      6116    278056
11:05:47 AM 316348940 389975332   1765312      0.45   1554852  72067120   4201816      1.04  31841332  42329860       268    577488   3122324      9632      6112    278056
11:05:52 AM 316357288 389985760   1754824      0.44   1554852  72068992   4197544      1.04  31841364  42329492      1124    575300   3122592      9600      5992    278032
11:05:57 AM 316357848 389988028   1752456      0.44   1554852  72070616   4201948      1.04  31841372  42332976       340    577228   3122776      9632      6116    278056
11:06:02 AM 316361464 389993796   1746840      0.44   1554852  72072736   4197676      1.04  31841404  42333224      1164    575372   3122656      9600      5988    277984
11:06:07 AM 316363300 389997764   1742864      0.44   1554852  72074728   4197676      1.04  31841444  42335304       164    575424   3122804      9600      5984    278000
11:06:12 AM 316367456 390003604   1737048      0.44   1554852  72076308   4197448      1.04  31841440  42336824       244    574924   3122884      9968      6064    277968
11:06:17 AM 316363044 390001072   1739744      0.44   1554852  72078440   4197808      1.04  31841484  42339128      1368    575600   3122468      9616      5992    278016
11:06:22 AM 316362040 390002484   1738312      0.44   1554852  72080724   4197808      1.04  31841520  42341448       392    575676   3122620      9616      5992    278032
11:06:27 AM 316025520 389668232   2069412      0.52   1554852  72082864  51643276     12.81  31842344  42754648      1156    987788   3125900     10096     16820    278320
11:06:32 AM 315900764 389546484   2191844      0.56   1554856  72085876  97574824     24.20  31842876  42876400      3852   1107312   3125208     10080     20036    278384
11:06:37 AM 315912076 389560012   2177952      0.55   1554860  72088024  89151952     22.11  31843700  42874800      2976   1104332   3125636     10128     19556    278384
11:06:42 AM 315933936 389584296   2154420      0.55   1554860  72090372  91061068     22.58  31843880  42840092      3264   1067372   3124960     10128     19192    278304
11:06:47 AM 315919544 389572492   2165668      0.55   1554860  72092940  91078792     22.59  31844280  42859528      3396   1084228   3125536     10176     19384    278408
11:06:52 AM 315991424 389646888   2090044      0.53   1554860  72095424  76116960     18.88  31844520  42795556      2844   1018396   3126796     10176     18360    278408
11:06:57 AM 315861860 389519664   2217568      0.56   1554860  72097732  97581496     24.20  31844856  42896472      4656   1116584   3126528     10160     20096    278496
11:07:02 AM 315899248 389560284   2176772      0.55   1554860  72100904  93878392     23.28  31845252  42868408      3496   1085956   3126764     10176     19692    278400
11:07:07 AM 315873252 389536364   2199776      0.56   1554860  72102992  97579236     24.20  31845576  42898272      3120   1114620   3127668     10192     19912    278528
11:07:12 AM 315926976 389592444   2144192      0.54   1554860  72105324  85445056     21.19  31845812  42851976      2748   1066740   3127196     10176     18888    278512
11:07:17 AM 315895516 389563520   2173988      0.55   1554860  72107836  93886700     23.28  31846168  42873504      4236   1085216   3126348     10176     19436    278496
11:07:22 AM 315876220 389546800   2191240      0.55   1554860  72110388  91944128     22.80  31846508  42886584      2880   1096452   3125840     10160     19260    278400
11:07:27 AM 315902372 389575996   2162188      0.55   1554860  72113380  90165304     22.36  31846784  42851680      4032   1058700   3125748     10160     19120    278448
11:07:32 AM 315844668 389519940   2218320      0.56   1554860  72115032  94766900     23.50  31847136  42901220      2716   1106668   3125668     10176     19532    278464
11:07:37 AM 315893808 389571508   2166644      0.55   1554860  72117808  88248148     21.88  31847388  42842680      3904   1044940   3125428     10176     18724    278464
11:07:42 AM 315824984 389504532   2233724      0.57   1554860  72119564  94748812     23.50  31847684  42914012      2912   1115376   3125416     10192     19784    278480
11:07:47 AM 315786872 389469096   2268012      0.57   1554860  72122320  97589020     24.20  31848076  42915064      3472   1114044   3126484     10208     19988    278560
11:07:52 AM 315808656 389493544   2243772      0.57   1554860  72124964  91055396     22.58  31848376  42885396      3000   1082724   3126296     10208     19276    278416
11:07:57 AM 315779512 389466596   2270560      0.58   1554860  72127128  89135684     22.10  31848660  42901420      3132   1095760   3126488     10432     19076    278624
11:08:02 AM 315778656 389468216   2269456      0.57   1554860  72129796  94762248     23.50  31849004  42901608      2544   1093616   3125780     10192     19868    278432
11:08:07 AM 315741612 389433280   2305160      0.58   1554864  72131876  97592160     24.20  31849300  42928424      3308   1119664   3125036     10208     20016    278448
11:08:12 AM 315762600 389456952   2280688      0.58   1554864  72134540  94781440     23.50  31849616  42905668      4320   1094056   3125856     10192     19360    278432
11:08:17 AM 315772292 389469548   2268452      0.57   1554864  72137436  93895108     23.28  31849964  42899900      3040   1085932   3125504     10192     19440    278368
11:08:22 AM 315715860 389415468   2321824      0.59   1554864  72139704  97591788     24.20  31850304  42934036      4396   1117588   3126296     10192     20020    278448
11:08:27 AM 315843852 389546300   2190876      0.55   1554864  72142512  80848776     20.05  31850544  42834980      2624   1017200   3126444     10144     18056    278432
11:08:32 AM 315764744 389469032   2268952      0.57   1554864  72144280  97589656     24.20  31850888  42937232      3908   1117216   3125708     10192     20092    278432
11:08:37 AM 315887384 389594872   2143508      0.54   1554864  72147448  79083808     19.61  31851136  42788788      2948    966292   3125344     10160     17448    278352
11:08:42 AM 315760580 389469688   2267344      0.57   1554864  72149056  91079988     22.59  31851456  42891368      3792   1066856   3126704     10208     19092    278496
11:08:47 AM 315748344 389459848   2277684      0.58   1554864  72151360  91067656     22.58  31851780  42907256      2868   1080888   3126296     10224     18824    278432
11:08:52 AM 315753828 389468036   2269448      0.57   1554864  72154068  88253352     21.89  31852100  42876524      3784   1047880   3126340     10224     18904    278448
11:08:57 AM 315726748 389442876   2293896      0.58   1554864  72156188  93909148     23.29  31852428  42919056      3136   1089096   3126852     10256     19220    278488
11:09:02 AM 315711416 389430040   2307512      0.58   1554864  72158640  94086012     23.33  31852736  42917928      3852   1085988   3126116     10224     19256    278464
11:09:07 AM 315700048 389421040   2317336      0.59   1554864  72160964  97595532     24.20  31853008  42955084      3568   1120352   3125336     10256     20148    278520
11:09:12 AM 315704764 389428004   2309032      0.58   1554864  72163212  97582388     24.20  31853392  42949120      3368   1112588   3126676     10240     19780    278464
11:09:17 AM 315755256 389481064   2256044      0.57   1554864  72165792  91071732     22.58  31853612  42910968      3084   1072536   3126592     10240     19268    278464
11:09:22 AM 315747620 389476292   2259600      0.57   1554864  72168596  93871396     23.28  31853976  42927400      4356   1086600   3127868     10240     19644    278624
11:09:27 AM 315802432 389533552   2202544      0.56   1554864  72171036  87363844     21.67  31854296  42894308      2424   1051232   3127672     10224     18496    278496
11:09:32 AM 315807436 389541284   2195592      0.56   1554864  72173764  84557716     20.97  31854560  42879424      3056   1033848   3126892     10208     17956    278576
11:09:37 AM 315750804 389486496   2249824      0.57   1554864  72175512  94765612     23.50  31854588  42936152      2860   1088992   3127544     10224     19464    278496
11:09:42 AM 315748412 389486520   2250304      0.57   1554864  72177856  91973800     22.81  31854936  42935952      2396   1086788   3127112     10288     19184    278560
11:09:47 AM 315758680 389498696   2238716      0.57   1554864  72179740  87382752     21.67  31855176  42891788      4348   1040552   3126548     10240     17788    278464
11:09:52 AM 315745128 389488016   2249776      0.57   1554864  72182712  93888284     23.28  31855544  42940420      3144   1086516   3126068     10240     19460    278432
11:09:57 AM 315696052 389441584   2295840      0.58   1554864  72185284  97575724     24.20  31855928  42975692      4112   1119524   3126508     10256     19804    278416
11:10:02 AM 315736280 389484992   2253084      0.57   1554864  72188392  90200016     22.37  31856228  42919048      3332   1060620   3125928     10224     18932    278432
11:10:07 AM 315740172 389490880   2247056      0.57   1554868  72190280  90192244     22.37  31856512  42918232      4240   1057756   3126172     10288     19004    278472
11:10:12 AM 315746392 389499536   2239028      0.57   1554868  72192620  91084392     22.59  31856848  42926892      2860   1064948   3125640     10256     19060    278432
11:10:17 AM 315763784 389519180   2219296      0.56   1554868  72194776  91088464     22.59  31857112  42934732      4184   1070892   3125824     10320     19304    278504
11:10:22 AM 315733436 389491396   2246632      0.57   1554868  72197288  94099016     23.34  31857460  42951128      3024   1084996   3126324     10288     19328    278528
11:10:27 AM 315710416 389470984   2265824      0.57   1554868  72200040  94762400     23.50  31857836  42981420      3832   1112616   3127400     10272     19628    278624
11:10:32 AM 315797792 389560972   2176280      0.55   1554868  72202624  87377252     21.67  31858016  42909484      3396   1038624   3126984     10272     18548    278560
11:10:37 AM 315706880 389471932   2265508      0.57   1554868  72204472  93898964     23.29  31858364  42963048      4172   1090348   3126820     10304     19664    278616
11:10:42 AM 315684000 389450816   2287364      0.58   1554868  72206168  94776788     23.50  31858684  42973080      2348   1099488   3126148     10288     19432    278464
11:10:47 AM 315717004 389486744   2251700      0.57   1554868  72209072  91074308     22.59  31858900  42946880      4616   1070424   3125904     10320     18784    278600
11:10:52 AM 315709660 389481532   2257156      0.57   1554868  72211168  97588884     24.20  31859304  42996348      3160   1117312   3125696     10336     19588    278528
11:10:57 AM 315743468 389517844   2220684      0.56   1554872  72213624  85422920     21.18  31859564  42947576      3580   1049592   3125900     10224     18600    278608
11:11:02 AM 315715460 389492224   2245968      0.57   1554872  72215952  97569516     24.20  31859892  42999688      3340   1117940   3126296     10288     19976    278592
11:11:07 AM 315707148 389486500   2251376      0.57   1554872  72218408  97595824     24.20  31860252  43002624      3976   1117868   3126744     10288     20112    278592
11:11:12 AM 315742436 389524216   2214660      0.56   1554872  72220788  91063156     22.58  31860468  42960420      3460   1073348   3125792     10352     20064    278600
11:11:17 AM 315677064 389461180   2277812      0.58   1554872  72223060  97590160     24.20  31860824  43008300      3936   1119820   3125740     10336     20068    278600
11:11:22 AM 315690340 389476508   2262560      0.57   1554872  72225068  97564752     24.19  31861064  43011080      3284   1120856   3125708     10288     20068    278528
11:11:27 AM 315688944 389477792   2260288      0.57   1554872  72227696  94775952     23.50  31861424  43006724      2512   1114460   3126748     10528     19284    278592
11:11:32 AM 315678060 389469428   2269804      0.57   1554876  72230128  94774832     23.50  31861728  43001140      2424   1105856   3125680     10272     19328    278448
11:11:37 AM 315679320 389473000   2266320      0.57   1554876  72232396  94769872     23.50  31862020  43013128      3416   1116716   3125636     10272     20016    278560
11:11:42 AM 315668316 389464780   2274496      0.58   1554876  72235116  97587172     24.20  31862400  43020980      4276   1121124   3125744     10272     20052    278480
11:11:47 AM 315776612 389575704   2163444      0.55   1554876  72237716  78045400     19.35  31862544  42906224      2960   1004868   3125900     10224     17152    278496
11:11:52 AM 315660756 389461992   2276952      0.58   1554880  72239816  94765116     23.50  31862940  43003148      4300   1100196   3126144     10272     19560    278496
11:11:57 AM 315650856 389454420   2284304      0.58   1554880  72242108  97590360     24.20  31863332  43021368      3004   1116472   3126400     10272     19996    278448
11:12:02 AM 315746312 389553000   2185500      0.55   1554880  72245184  83667800     20.75  31863540  42915672      3696   1006712   3126672     10240     17980    278448
11:12:07 AM 315623252 389431760   2306716      0.58   1554884  72246920  97576580     24.20  31863924  43029256      3320   1120124   3126776     10272     20088    278464
11:12:12 AM 315645320 389457056   2281280      0.58   1554884  72250020  93880032     23.28  31864272  43002308      4468   1089972   3127044     10288     19576    278448
11:12:17 AM 315711556 389525160   2213064      0.56   1554884  72251840  84555944     20.97  31864484  42947584      2756   1034540   3127204     10272     18372    278400
11:12:22 AM 315602996 389419012   2318348      0.59   1554884  72254196  97596924     24.20  31864868  43039904      4540   1123348   3128124     10304     20284    278584
11:12:27 AM 315652008 389470608   2267660      0.57   1554884  72256744  93890664     23.28  31865212  43001156      2912   1083532   3127252     10272     19332    278480
11:12:32 AM 315654612 389475728   2262684      0.57   1554884  72259356  94772712     23.50  31865480  43022488      4252   1102560   3127012     10288     20084    278528
11:12:37 AM 315626136 389449652   2288756      0.58   1554884  72261720  93883696     23.28  31865832  43013376      3180   1089252   3127052     10272     19448    278480
11:12:42 AM 315622072 389447864   2289816      0.58   1554884  72264072  91966000     22.81  31866168  43024716      4020   1099808   3127704     10304     19744    278552
11:12:47 AM 315630052 389458584   2279520      0.58   1554884  72266812  91077240     22.59  31866484  43017052      3160   1090596   3127280     10288     19556    278488
11:12:52 AM 315581744 389412648   2325128      0.59   1554884  72269056  97586128     24.20  31866804  43049620      4044   1120852   3127736     10272     20040    278512
11:12:57 AM 315661312 389494908   2242904      0.57   1554884  72271760  88263652     21.89  31867064  43008940      2872   1077084   3127688     10240     18468    278496
11:13:02 AM 315685384 389521536   2215996      0.56   1554888  72274384  90173508     22.36  31867364  42995228      4028   1062076   3127896     10240     19080    278544
11:13:07 AM 315727348 389565740   2172240      0.55   1554888  72276396  84364568     20.92  31867688  42957064      2432   1022200   3127676     10224     18052    278480
11:13:12 AM 315649096 389488888   2247636      0.57   1554888  72277784  88930280     22.05  31867956  43022176      3000   1085932   3129144     10336     18604    278528
11:13:17 AM 315663468 389506540   2230228      0.56   1554888  72281044  88042620     21.83  31868240  42997736      2972   1058732   3128920     10224     18792    278480
11:13:22 AM 315691228 389536284   2201268      0.56   1554888  72283012  88062056     21.84  31868572  42993064      2224   1051436   3128152     10208     18516    278464
11:13:27 AM 315668728 389515712   2221480      0.56   1554888  72284904  88065484     21.84  31868856  42997796      3760   1055184   3128548     10256     18628    278520
11:13:32 AM 315639280 389488272   2249824      0.57   1554888  72286864  88927184     22.05  31869104  43030060      3460   1085728   3127692     10256     19176    278512
11:13:37 AM 315630920 389482424   2255664      0.57   1554888  72289340  91745164     22.75  31869480  43031460      3832   1085328   3127736     10240     19032    278432
11:13:42 AM 315660172 389513680   2224064      0.56   1554888  72291320  83291084     20.66  31869736  43008088      2244   1060116   3128104     10208     18596    278368
11:13:47 AM 315619264 389475336   2262344      0.57   1554888  72293716  91763364     22.76  31869996  43043216      4336   1093264   3128336     10256     19296    278520
11:13:52 AM 315639644 389498296   2239596      0.57   1554888  72296252  88941876     22.06  31870344  43021648      3200   1069128   3128168     10240     18792    278504
11:13:57 AM 315751268 389612088   2126404      0.54   1554888  72298340  66828096     16.57  31870532  42876928      3228    922760   3127648     10064     15296    278400
11:14:02 AM 315882856 389744776   1994880      0.51   1554888  72299444  45447256     11.27  31870692  42756920      1444    801792   3126480      9952     12128    278336
11:14:07 AM 316003544 389866372   1873832      0.47   1554892  72300180  21714260      5.38  31870748  42634876      2240    678948   3126100      9824      8988    278240
11:14:12 AM 316061620 389924320   1816476      0.46   1554892  72300044  10032380      2.49  31870780  42566500       528    610648   3125516      9728      6896    278128
11:14:17 AM 316110632 389973940   1766476      0.45   1554892  72300344   4198204      1.04  31870780  42532632      1540    576492   3126204      9696      6016    278208
11:14:22 AM 315997816 389865128   1871852      0.47   1554892  72304108  38532264      9.56  31888600  42657404       364    715312   3129880      9984     11668    278400
11:14:27 AM 315967812 389835568   1901424      0.48   1554892  72304432  36390804      9.02  31888904  42683036      1420    740916   3129988     10016     11668    278408
11:14:32 AM 315953428 389821556   1915596      0.49   1554892  72304700  36386900      9.02  31889176  42682608       268    740460   3129932     10000     11584    278400
11:14:37 AM 315967116 389835640   1904528      0.48   1554892  72305000   4206440      1.04  31889324  42527248      1256    584924   3127012      9744      6036    278160
11:14:42 AM 315968292 389836536   1903624      0.48   1554892  72304728   4209000      1.04  31889332  42529664       340    587692   3127012      9744      6036    278096
11:14:47 AM 315968456 389839268   1900796      0.48   1554892  72307124   4210792      1.04  31889328  42534096      1256    589652   3127280      9744      6040    278160
11:14:52 AM 315969532 389842460   1897604      0.48   1554892  72309176   4210792      1.04  31889344  42536188        28    589812   3127344      9808      6104    278144
11:14:57 AM 315963108 389839128   1901160      0.48   1554892  72312108   4210792      1.04  31889332  42538944        32    590084   3127280     10096      6016    278192
11:15:02 AM 315349476 389228664   2508152      0.64   1554892  72315060  98326256     24.38  31889924  43194952       152   1243432   3130968     10240     21468    278560
11:15:07 AM 315334124 389213416   2523360      0.64   1554892  72315184  98026204     24.31  31889928  43110788        72   1159308   3130988     10240     21636    278560
11:15:12 AM 315363660 389243268   2493308      0.63   1554892  72315456  98028112     24.31  31889924  43118020      1620   1166184   3131232     10240     21640    278608
11:15:17 AM 315369312 389249204   2487284      0.63   1554892  72315812  98028112     24.31  31889940  43123076       416   1171032   3131248     10224     21644    278624
11:15:22 AM 315435388 389315864   2420872      0.61   1554892  72316328  98078784     24.32  31889996  43142012      1604   1189500   3131068     10192     21724    278608
11:15:27 AM 315474696 389355400   2381332      0.60   1554892  72316544  98091808     24.33  31889996  43149500       376   1196920   3131084     10192     21768    278592
11:15:32 AM 315467864 389348788   2388200      0.60   1554896  72316780  98091808     24.33  31890008  43151048      1616   1198044   3130808     10208     21808    278592
11:15:37 AM 315474464 389355544   2381584      0.60   1554896  72316968  98091808     24.33  31890004  43151888       508   1198780   3130636     10224     21804    278528
11:15:42 AM 315470644 389352244   2384440      0.60   1554896  72317400  98151080     24.34  31890004  43177716      1368   1224104   3131168     10192     21872    278464
11:15:47 AM 315478168 389359944   2376512      0.60   1554896  72317756  98170776     24.35  31890012  43187376       416   1233508   3131216     10224     22068    278520
11:15:52 AM 315473816 389356024   2380492      0.60   1554896  72318120  98166556     24.34  31890008  43186080      1304   1231640   3131224     10272     21980    278640
11:15:57 AM 315474796 389357220   2378464      0.60   1554896  72318456  98166556     24.34  31890008  43186476       284   1231872   3131936     10304     21920    278592
11:16:02 AM 315489132 389372632   2363656      0.60   1554900  72319268  94374016     23.40  31890244  43126840      1504   1171584   3131592     10304     21420    278624
11:16:07 AM 315380164 389263768   2472644      0.63   1554900  72319252  98044408     24.31  31890516  43135164       404   1180312   3131588     10336     21860    278696
11:16:12 AM 315384604 389268504   2467940      0.63   1554900  72319404  98014644     24.31  31890592  43126048      1256   1170960   3131700     10272     21628    278624
11:16:17 AM 315367012 389251104   2485332      0.63   1554900  72319628  98028072     24.31  31890608  43134612       200   1179580   3131676     10304     21720    278672
11:16:22 AM 315420760 389305404   2431164      0.62   1554900  72320100  98044404     24.31  31890652  43144152      1504   1188400   3131624     10272     21680    278640
11:16:27 AM 315486452 389371396   2365184      0.60   1554900  72320388  98076768     24.32  31890660  43157224       472   1201340   3131624     10272     21740    278640
11:16:32 AM 315486796 389372236   2364204      0.60   1554900  72320784  98085052     24.32  31890656  43163164      1364   1206720   3131864     10272     21772    278672
11:16:37 AM 315490992 389376600   2359688      0.60   1554900  72320992  98089428     24.32  31890668  43165700       396   1209248   3131976     10304     21840    278672
11:16:42 AM 315495600 389381528   2354760      0.60   1554900  72321220  98118068     24.33  31890664  43177032       492   1220236   3132068     10576     21920    278728
11:16:47 AM 315510204 389396440   2339620      0.59   1554900  72321544  98147664     24.34  31890672  43192692       896   1235684   3132280     10320     22004    278680
11:16:52 AM 315508724 389395296   2340992      0.59   1554900  72321872  98156384     24.34  31890668  43198272       772   1240636   3132060     10288     21900    278624
11:16:57 AM 315489152 389376280   2359480      0.60   1554900  72322480  98161644     24.34  31890664  43200932      1616   1242956   3132536     10240     21852    278608
11:17:02 AM 315491464 389379176   2356904      0.60   1554900  72322844  98138616     24.34  31890740  43191716      1024   1233420   3132436     10240     21804    278560
11:17:07 AM 315412468 389300596   2435040      0.62   1554900  72323180  98086668     24.32  31890956  43164068      2140   1205636   3132960     10288     21828    278560
11:17:12 AM 315417848 389306160   2429920      0.62   1554900  72323300  95207828     23.61  31891144  43117428      1848   1159036   3132580     10272     21364    278528
11:17:17 AM 315398932 389287768   2448272      0.62   1554900  72323768  98025040     24.31  31891264  43135876      1756   1177116   3132676     10304     21748    278664
11:17:22 AM 315383072 389272128   2464132      0.62   1554900  72324004  98032404     24.31  31891292  43139772       516   1181232   3132440     10304     21664    278656
11:17:27 AM 315395612 389284980   2451112      0.62   1554900  72324332  98060452     24.32  31891308  43153888      1552   1194688   3132592     10288     21704    278672
11:17:32 AM 315440636 389330444   2405676      0.61   1554900  72324744  98073992     24.32  31891316  43162380       516   1202696   3132592     10288     21732    278704
11:17:37 AM 315440716 389330744   2405396      0.61   1554900  72324992  98091972     24.33  31891316  43169016      1460   1209272   3132544     10256     21716    278736
11:17:42 AM 315441156 389331568   2404736      0.61   1554900  72325324  98096928     24.33  31891324  43172856       416   1212332   3132432     10288     21768    278736
11:17:47 AM 315476028 389366828   2368992      0.60   1554900  72325724  98139088     24.34  31891328  43191912      1208   1231348   3132904     10336     22008    278728
11:17:52 AM 315486836 389378000   2357880      0.60   1554900  72326020  98154280     24.34  31891328  43199536       524   1238368   3132912     10336     21988    278664
11:17:57 AM 315502840 389394288   2341424      0.59   1554904  72326500  98169248     24.34  31891332  43205568       936   1244144   3132880     10304     21900    278720
11:18:02 AM 315503744 389395708   2340244      0.59   1554904  72326832  98169248     24.34  31891332  43206656       360   1244576   3132824     10320     21928    278704
11:18:07 AM 315516540 389408748   2327052      0.59   1554904  72327208  95264524     23.62  31891456  43156652      1148   1194612   3132844     10320     21268    278640
11:18:12 AM 315426480 389319304   2416876      0.61   1554904  72327660  98062372     24.32  31891728  43152492      1620   1190052   3132628     10304     21480    278576
11:18:17 AM 315403764 389297068   2438576      0.62   1554904  72328116  94320664     23.39  31891836  43106028      2864   1143328   3133188     10288     21104    278656
11:18:22 AM 315356608 389249932   2485644      0.63   1554904  72328120  98027884     24.31  31891932  43139620       132   1177152   3133272     10352     21680    278688
11:18:27 AM 315340304 389234008   2501680      0.63   1554904  72328508  98126788     24.33  31891960  43179524       796   1216252   3133152     10480     21844    278744
11:18:32 AM 315395608 389289660   2446156      0.62   1554904  72328832  98063432     24.32  31891964  43159272      1300   1196168   3133048     10304     21672    278720
11:18:37 AM 315420816 389315096   2420652      0.61   1554904  72329104  98080648     24.32  31891984  43166992       392   1203772   3133072     10288     21764    278704
11:18:42 AM 315454276 389348984   2386616      0.60   1554904  72329468  98093588     24.33  31891984  43173840      1240   1210084   3133284     10240     21688    278640
11:18:47 AM 315458740 389353636   2381944      0.60   1554904  72329684  98105004     24.33  31891984  43180060       388   1216096   3133276     10304     21776    278640
11:18:52 AM 315474704 389369976   2365608      0.60   1554908  72329968  98140372     24.34  31892000  43195728      1644   1231656   3133360     10336     22056    278704
11:18:57 AM 315469148 389364764   2370872      0.60   1554908  72330268  98238120     24.36  31891992  43218280       524   1253740   3133352     10288     21856    278624
11:19:02 AM 315490444 389386540   2348896      0.59   1554908  72330756  98177024     24.35  31891984  43212040      1440   1247196   3133544     10304     21904    278672
11:19:07 AM 315478684 389375176   2360564      0.60   1554908  72331116  98148140     24.34  31892096  43198648       400   1233352   3133276     10256     21820    278656
11:19:12 AM 315457944 389354792   2380912      0.60   1554908  72331496  98096812     24.33  31892236  43177944      2104   1212528   3133288     10304     21424    278608
11:19:17 AM 315419740 389317140   2418964      0.61   1554908  72331916  98066976     24.32  31892356  43163976      1580   1198092   3133020     10304     21696    278624
11:19:22 AM 315485692 389384368   2351528      0.60   1554908  72333056  87778628     21.77  31892476  43075888      1472   1109020   3133364     10320     20372    278640
11:19:27 AM 315382804 389281220   2454804      0.62   1554908  72332820  98031632     24.31  31892600  43145416      1040   1178980   3133212     10336     21648    278672
11:19:32 AM 315376476 389275280   2460520      0.62   1554908  72333096  98049724     24.32  31892612  43155744      1080   1189064   3133548     10288     21592    278688
11:19:37 AM 315399684 389298740   2437136      0.62   1554908  72333360  98061488     24.32  31892636  43165004       668   1198048   3133460     10368     21828    278608
11:19:42 AM 315430928 389330468   2405208      0.61   1554908  72333900  98079384     24.32  31892644  43171980      1280   1204628   3133604     10320     21744    278608
11:19:47 AM 315476252 389376068   2359584      0.60   1554908  72334136  98101608     24.33  31892648  43181712       476   1214000   3133668     10352     21856    278640
11:19:52 AM 315442144 389342304   2393476      0.61   1554908  72334388  98132736     24.34  31892644  43197860      1364   1229876   3133632     10352     21948    278696
11:19:57 AM 315439916 389340328   2395456      0.61   1554908  72334644  98136076     24.34  31892648  43199940       468   1231640   3133624     10320     21848    278672
11:20:02 AM 315410364 389311164   2424484      0.61   1554908  72335088  98150424     24.34  31892640  43207788      1420   1238968   3133704     10336     21884    278656
11:20:07 AM 315420252 389321388   2414228      0.61   1554908  72335416  98152128     24.34  31892688  43209720       580   1240872   3133744     10336     21888    278624
11:20:12 AM 315468848 389370156   2365068      0.60   1554908  72335612  88532260     21.95  31892752  43121340       696   1151744   3134112     10544     20168    278656
11:20:17 AM 315375388 389277236   2458088      0.62   1554908  72336084  92241992     22.87  31892864  43147488      1808   1177948   3134080     10304     20876    278608
11:20:22 AM 315393876 389296272   2439160      0.62   1554908  72336688  88487584     21.94  31892976  43095912       852   1126072   3133916     10304     20252    278544
11:20:27 AM 315401396 389304208   2430984      0.62   1554908  72336972  88476892     21.94  31893072  43090512      1556   1120308   3134288     10320     20220    278672
11:20:32 AM 315358440 389261288   2474484      0.63   1554908  72336976  92167712     22.86  31893208  43111952       820   1142188   3133740     10320     20648    278624
11:20:37 AM 315399660 389302908   2432796      0.62   1554908  72337340  92189528     22.86  31893240  43123068      1312   1152884   3133844     10320     20704    278640
11:20:42 AM 315406580 389310056   2425576      0.61   1554908  72337572  92202108     22.86  31893248  43131412       488   1160836   3133912     10336     20720    278672
11:20:47 AM 315421568 389325464   2410176      0.61   1554908  72337980  92210148     22.87  31893264  43135932      1500   1164860   3133916     10352     20740    278720
11:20:52 AM 315430548 389334624   2400964      0.61   1554908  72338224  92230252     22.87  31893264  43144796       572   1173744   3133904     10368     20812    278656
11:20:57 AM 315418404 389322896   2412568      0.61   1554908  72338608  92257412     22.88  31893268  43160028      1700   1188212   3134060     10384     20944    278640
11:21:02 AM 315428852 389333488   2402024      0.61   1554908  72338864  92265796     22.88  31893264  43163508       440   1191576   3133900     10320     20844    278608
11:21:07 AM 315435512 389340628   2395052      0.61   1554908  72339160  92276376     22.88  31893264  43168104      1304   1195640   3133916     10320     20920    278656
11:21:12 AM 315434572 389339928   2395696      0.61   1554908  72339624  92286592     22.89  31893304  43171124       580   1199084   3133748     10304     20840    278608
11:21:17 AM 315422712 389328832   2407036      0.61   1554908  72340032  92328532     22.90  31893424  43181916      1868   1208804   3133860     10336     20348    278640
11:21:22 AM 315413144 389319424   2416668      0.61   1554912  72340248  89379272     22.16  31893564  43114504       484   1141620   3133576     10336     20308    278640
11:21:27 AM 315420408 389327448   2408848      0.61   1554916  72340840  88487292     21.94  31893644  43096468      1620   1122860   3133536     10352     20064    278688
11:21:32 AM 315433184 389340588   2395792      0.61   1554916  72341232  88473012     21.94  31893724  43092664      1024   1119076   3133424     10352     20208    278656
11:21:37 AM 315386496 389293968   2442448      0.62   1554916  72341260  92174316     22.86  31893856  43120344      1244   1146404   3133428     10368     20656    278704
11:21:42 AM 315385728 389293392   2443196      0.62   1554916  72341496  92193032     22.86  31893864  43129576       296   1155700   3133212     10368     20712    278720
11:21:47 AM 315398820 389306952   2429528      0.62   1554916  72341868  92206164     22.87  31893884  43138028      1240   1163688   3133416     10400     20848    278792
11:21:52 AM 315422940 389331236   2405304      0.61   1554916  72342092  92218152     22.87  31893892  43143500       248   1169032   3133296     10368     20860    278712
11:21:57 AM 315460164 389368680   2367300      0.60   1554916  72342344  92241292     22.87  31893888  43153132       344   1178608   3133824     10608     20912    278776
11:22:02 AM 315466044 389374848   2361236      0.60   1554916  72342584  92254820     22.88  31893892  43159396      1668   1184556   3133768     10352     20824    278720
11:22:07 AM 315466868 389375896   2360148      0.60   1554916  72342856  92270280     22.88  31893892  43167480       396   1192152   3133760     10352     20844    278704
11:22:12 AM 315453508 389362988   2372924      0.60   1554916  72343272  92285988     22.89  31893892  43173732      1496   1198232   3133928     10352     20932    278672
11:22:17 AM 315443280 389352988   2382540      0.60   1554916  72343592  92275832     22.88  31893964  43170772       432   1195180   3134220     10352     20832    278656
11:22:22 AM 315438144 389348292   2387360      0.60   1554916  72343856  92258420     22.88  31894028  43162456      1484   1186360   3134272     10368     20648    278640
11:22:27 AM 315491400 389402300   2333448      0.59   1554916  72344584  88509220     21.95  31894148  43111016       388   1134292   3134200     10352     20140    278608
11:22:32 AM 315414248 389325092   2410300      0.61   1554916  72344552  92215064     22.87  31894228  43141208      1320   1164600   3134532     10352     20752    278640
11:22:37 AM 315351156 389262356   2473836      0.63   1554916  72344832  92263652     22.88  31894368  43147832       328   1171212   3133808     10368     20668    278656
11:22:42 AM 315383012 389294608   2441628      0.62   1554916  72345228  92173968     22.86  31894472  43123880      1360   1146996   3133764     10368     20684    278656
11:22:47 AM 315387500 389299296   2436940      0.62   1554916  72345436  92190200     22.86  31894476  43132056       432   1155008   3133756     10400     20836    278672
11:22:52 AM 315403656 389315780   2420572      0.61   1554916  72345708  92201208     22.86  31894496  43138836      1324   1161488   3133696     10384     20732    278704
11:22:57 AM 315432860 389345188   2391084      0.61   1554916  72345960  92227008     22.87  31894504  43148908       244   1171332   3133728     10368     20760    278752
11:23:02 AM 315473480 389386324   2349872      0.60   1554916  72346296  92249144     22.88  31894508  43159684      1352   1181536   3133984     10368     20892    278640
11:23:07 AM 315470068 389383096   2353004      0.60   1554920  72346556  92254068     22.88  31894508  43163092       648   1184816   3134000     10368     20844    278656
11:23:12 AM 315481028 389394460   2341752      0.59   1554920  72346848  92271088     22.88  31894516  43170040      1616   1191336   3134000     10368     20872    278672
11:23:17 AM 315479504 389393148   2343000      0.59   1554924  72347136  92287956     22.89  31894516  43177508       592   1198704   3133984     10384     20944    278624
11:23:22 AM 315512204 389426728   2308784      0.58   1554924  72347712  89417796     22.17  31894660  43146416      1884   1167632   3134924     10352     20180    278624
11:23:27 AM 315462408 389376916   2358896      0.60   1554924  72347748  92255412     22.88  31894700  43161060      1280   1181848   3134572     10368     20828    278624
11:23:32 AM 315461912 389376784   2358944      0.60   1554924  72348092  89375236     22.16  31894804  43126820      1672   1147148   3134676     10384     20436    278720
11:23:37 AM 315433612 389348924   2386956      0.60   1554928  72348508  92197256     22.86  31894932  43137224      1300   1157504   3134544     10416     20716    278672
11:23:42 AM 315444440 389359952   2375448      0.60   1554928  72348708  92180072     22.86  31895008  43130076       416   1149476   3135024     10656     20472    278720
11:23:47 AM 315427456 389343412   2392688      0.61   1554928  72349124  92184004     22.86  31895096  43131272      1740   1150940   3134352     10384     20692    278704
11:23:52 AM 315406396 389322552   2413496      0.61   1554928  72349368  92276392     22.88  31895120  43165852       772   1185324   3134360     10384     20704    278688
11:23:57 AM 315463088 389379588   2356824      0.60   1554928  72349736  92203928     22.87  31895120  43143616      1544   1162748   3133972     10400     20732    278720
11:24:02 AM 315473116 389389888   2346568      0.59   1554928  72349956  92220776     22.87  31895136  43151168       592   1169948   3133980     10384     20832    278720
11:24:07 AM 315485080 389402232   2334128      0.59   1554928  72350348  92245828     22.88  31895136  43162860      1512   1181360   3134064     10400     20816    278736
11:24:12 AM 315483940 389401352   2335128      0.59   1554928  72350592  92258800     22.88  31895144  43169524       624   1187640   3133960     10432     20936    278776
11:24:17 AM 315483092 389400964   2335548      0.59   1554928  72351016  92278920     22.88  31895140  43179548      1644   1197456   3133964     10416     20920    278760
11:24:22 AM 315475336 389393572   2342920      0.59   1554932  72351324  92260392     22.88  31895180  43173448       792   1190872   3134036     10368     20816    278736
11:24:27 AM 315496060 389414704   2321412      0.59   1554932  72351600  89411764     22.17  31895280  43143848      2080   1161420   3134544     10416     20724    278656
11:24:32 AM 315456088 389375116   2361480      0.60   1554932  72351928  92246716     22.88  31895328  43163600      1180   1180444   3134120     10400     20824    278704
11:24:37 AM 315495472 389415228   2321260      0.59   1554936  72352540  85646576     21.24  31895468  43102964      1744   1119584   3134340     10400     19772    278752
11:24:42 AM 315414368 389334272   2402512      0.61   1554936  72352616  92193180     22.86  31895608  43137384      1356   1153988   3134116     10432     20724    278704
11:24:47 AM 315411072 389331340   2405488      0.61   1554936  72353096  88557664     21.96  31895648  43129956      1636   1146208   3133956     10432     20216    278720
11:24:52 AM 315445192 389365916   2370976      0.60   1554936  72353512  88473060     21.94  31895716  43105540       580   1121272   3133932     10464     20332    278728
11:24:57 AM 315423504 389344180   2392512      0.61   1554936  72353512  92191732     22.86  31895748  43140072      1504   1156192   3134084     10432     20740    278704
11:25:02 AM 315455812 389376844   2359996      0.60   1554936  72353760  92216052     22.87  31895756  43151804       436   1167200   3134044     10448     20764    278688
11:25:07 AM 315486864 389408196   2328348      0.59   1554936  72354136  92227148     22.87  31895756  43158772      1352   1174132   3134264     10416     20804    278720
11:25:12 AM 315501876 389423524   2313172      0.59   1554936  72354368  92244952     22.88  31895764  43167540       288   1182360   3134196     10416     20892    278736
11:25:17 AM 315512644 389434552   2302196      0.58   1554940  72354660  92259988     22.88  31895760  43173624      1376   1188476   3134108     10416     20868    278752
11:25:22 AM 315528536 389450784   2285880      0.58   1554940  72354940  92267640     22.88  31895808  43178100       240   1192524   3134252     10416     20916    278744
11:25:27 AM 315489812 389412372   2323652      0.59   1554940  72355272  92258668     22.88  31895880  43174236       436   1188668   3134872     10720     21060    278760
11:25:32 AM 315453812 389376844   2359584      0.60   1554940  72355692  92343756     22.90  31895920  43179676       104   1193524   3134520     10400     20856    278688
11:25:37 AM 315470644 389393904   2342124      0.59   1554940  72355984  92238052     22.87  31895992  43166048       424   1179824   3134856     10400     20836    278720
11:25:42 AM 315432988 389356812   2379360      0.60   1554940  72356388  92217864     22.87  31896104  43153796      1776   1167156   3134872     10448     20664    278640
11:25:47 AM 315425276 389349372   2386756      0.60   1554940  72356672  92183848     22.86  31896256  43137904       436   1151276   3134904     10416     20692    278688
11:25:52 AM 315410564 389335080   2401292      0.61   1554940  72357028  92190632     22.86  31896308  43140404      1588   1153552   3134724     10416     20704    278672
11:25:57 AM 315424776 389349600   2386804      0.60   1554940  72357320  92198988     22.86  31896316  43147736       640   1160556   3134708     10400     20780    278640
11:26:02 AM 315411516 389336704   2399864      0.61   1554940  72357652  92197768     22.86  31896364  43147616      1464   1160108   3134576     10400     20728    278688
11:26:07 AM 315421296 389346724   2389888      0.61   1554940  72357880  92313132     22.89  31896380  43189812       320   1202128   3134544     10432     20816    278672
11:26:12 AM 315464876 389390492   2346196      0.59   1554940  72358148  92237600     22.87  31896384  43167020      1416   1179024   3134388     10416     20812    278672
11:26:17 AM 315478936 389404784   2331880      0.59   1554940  72358408  92250692     22.88  31896384  43173752       272   1185444   3134384     10416     20832    278624
11:26:22 AM 315490420 389416672   2319752      0.59   1554944  72358800  92264692     22.88  31896392  43180968      1392   1192328   3134632     10416     20872    278720
11:26:27 AM 315525124 389451708   2284832      0.58   1554944  72359104  89447200     22.18  31896428  43182764       764   1193840   3134544     10432     20744    278736
11:26:32 AM 315491520 389418428   2318284      0.59   1554944  72359444  92256000     22.88  31896548  43176732      1532   1187680   3134356     10448     21064    278768
11:26:37 AM 315503380 389430764   2306236      0.58   1554944  72359812  92250644     22.88  31896572  43171492       676   1181868   3134176     10368     20832    278688
11:26:42 AM 315503644 389431080   2305732      0.58   1554944  72360064  92233544     22.87  31896652  43165676      1856   1175948   3134164     10448     20760    278688
11:26:47 AM 315495592 389423344   2313368      0.59   1554944  72360360  92211520     22.87  31896772  43151668       884   1161892   3134284     10368     20564    278672
11:26:52 AM 315477292 389405476   2331012      0.59   1554944  72360796  92203256     22.87  31896848  43149052      1720   1158896   3134504     10384     20768    278720
11:26:57 AM 315482708 389411212   2325420      0.59   1554944  72361080  92203448     22.87  31896904  43151868       816   1161516   3134396     10416     20876    278712
11:27:02 AM 315447416 389376132   2360624      0.60   1554944  72361284  89444772     22.18  31896928  43171684      1640   1181012   3134280     10352     20836    278608
11:27:07 AM 315471140 389400216   2336692      0.59   1554944  72361652  92202924     22.87  31896988  43152144       420   1161124   3134120     10368     20696    278608
11:27:12 AM 315498908 389428244   2308140      0.58   1554944  72361896  92230748     22.87  31896988  43165020       472   1174048   3134660     10480     20824    278688
11:27:17 AM 315489008 389418384   2318392      0.59   1554944  72362264  92234996     22.87  31897004  43168676      1036   1177100   3133940     10336     20796    278640
11:27:22 AM 315481392 389410996   2325672      0.59   1554944  72362560  92254884     22.88  31897004  43176892       620   1185104   3133980     10352     20836    278624
11:27:27 AM 315496024 389426076   2310580      0.59   1554944  72362932  88550652     21.96  31896708  43148472      1712   1155916   3134068     10336     20204    278656
11:27:32 AM 315486336 389416472   2319912      0.59   1554944  72363104  92261540     22.88  31896772  43182504       748   1190160   3134252     10368     20792    278672
11:27:37 AM 315448504 389379080   2357768      0.60   1554944  72363388  92259912     22.88  31896864  43180072      2040   1187184   3133944     10448     21056    278664
11:27:42 AM 315461608 389392392   2344128      0.59   1554948  72363688  92227224     22.87  31896932  43167828       836   1174892   3134176     10384     20824    278640
11:27:47 AM 315440040 389371436   2365376      0.60   1554948  72364156  89410300     22.17  31897016  43163492      1680   1169924   3134028     10416     20840    278640
11:27:52 AM 315402980 389334476   2402700      0.61   1554948  72364348  92211976     22.87  31897088  43157676       596   1164216   3133572     10368     20748    278640
11:27:57 AM 315451148 389383628   2353792      0.60   1554948  72365152  85650660     21.24  31897188  43089772       788   1095384   3133508     10368     19720    278632
11:28:02 AM 315408440 389340604   2396536      0.61   1554952  72364832  92194080     22.86  31897256  43150276       532   1156560   3133788     10352     20728    278640
11:28:07 AM 315416380 389348976   2388028      0.60   1554952  72365208  92209060     22.87  31897276  43158532      1484   1164092   3133980     10368     20748    278640
11:28:12 AM 315429988 389362772   2374008      0.60   1554952  72365464  92210724     22.87  31897316  43159252       560   1164964   3134136     10368     20760    278672
11:28:17 AM 315445056 389378136   2358844      0.60   1554952  72365840  92229660     22.87  31897328  43168612      1432   1173740   3133856     10368     20864    278640
11:28:22 AM 315445076 389378456   2358520      0.60   1554952  72366208  92246172     22.88  31897332  43176336       396   1181192   3133792     10368     20848    278656
11:28:27 AM 315459528 389393280   2343568      0.59   1554952  72366468  92252236     22.88  31897332  43180432      1432   1184636   3134032     10352     20848    278656
11:28:32 AM 315496316 389430100   2306816      0.58   1554952  72366608  86400364     21.43  31897328  43147744       400   1152244   3133856     10320     19904    278640
11:28:37 AM 315536384 389470368   2266308      0.57   1554952  72366888  80531612     19.97  31897336  43110668      1416   1115008   3134016     10288     18968    278704
11:28:42 AM 315643868 389577660   2159100      0.55   1554952  72366764  62934360     15.61  31897344  42996716       296   1001044   3133864     10208     16112    278648
11:28:47 AM 315634120 389568244   2168664      0.55   1554952  72366984  62930088     15.61  31897336  42995668       356    999388   3133828     10192     15964    278592
11:28:52 AM 315730452 389664324   2073180      0.53   1554952  72366808  45315112     11.24  31897348  42874436        56    878656   3133156     10128     13112    278520
11:28:57 AM 315805140 389738904   1999368      0.51   1554952  72366620  27705528      6.87  31897344  42753420       740    757636   3132468     10208     10116    278408
11:29:02 AM 315892932 389826536   1912096      0.48   1554956  72366488  10083756      2.50  31897344  42627588       688    631820   3132076      9888      7060    278352
11:29:07 AM 315894960 389828580   1910032      0.48   1554956  72366532  10083756      2.50  31897348  42627660       300    631820   3132068      9888      7060    278336
11:29:12 AM 315913948 389847980   1890832      0.48   1554956  72367184   4210792      1.04  31897352  42586156       640    589716   3131628      9856      6064    278320
11:29:17 AM 315831828 389766140   1968816      0.50   1554956  72367420  38606248      9.57  31915244  42709472       320    730672   3135528     10112     11980    278480
11:29:22 AM 315816956 389751676   1983256      0.50   1554960  72367960  36456532      9.04  31915512  42703816       808    724724   3135416     10112     11640    278496
11:29:27 AM 315808352 389743632   1991392      0.50   1554960  72368388  36456532      9.04  31915828  42705800       292    726668   3135456     10112     11640    278464
11:29:32 AM 315841336 389776448   1961328      0.50   1554960  72368160   4210792      1.04  31915904  42568792       824    589904   3132764      9872      6056    278320
11:29:37 AM 315842436 389777764   1960076      0.50   1554960  72368384   4211304      1.04  31915904  42569520       264    590408   3132692      9840      6032    278336
11:29:42 AM 315851100 389789284   1948816      0.49   1554960  72371124   4211304      1.04  31915908  42572292       896    590396   3132548      9888      6064    278384
11:29:47 AM 315853144 389793728   1944380      0.49   1554960  72373412   4215524      1.05  31915912  42576692       356    592584   3132652      9888      6188    278344
11:29:52 AM 315484316 389427908   2307456      0.58   1554960  72376344  52740244     13.08  31916332  43043020      2292   1056560   3135472     10368     18520    278592
11:29:57 AM 315442300 389390936   2344492      0.59   1554960  72381356  94243356     23.37  31916460  43110836       340   1120348   3135440     10416     21120    278680
11:30:02 AM 315431796 389380560   2355248      0.60   1554964  72381436  97974876     24.30  31916936  43149372      3312   1158412   3135104     10416     21488    278744
11:30:07 AM 315777848 389731604   2004208      0.51   1554964  72386396  52386252     12.99  31917052  42784792      1244    788820   3135132     10224     14580    278528
11:30:12 AM 315471376 389426760   2309928      0.59   1554964  72388028  94255848     23.37  31917528  43123196      5412   1126200   3134252     10384     20900    278624
11:30:17 AM 315488356 389445044   2291092      0.58   1554964  72389404  91425916     22.67  31918008  43117812      2648   1120076   3134732     10384     19956    278592
11:30:22 AM 315669800 389631468   2104640      0.53   1554964  72394328  69165384     17.15  31918208  42931776      3252    929092   3134816     10272     16836    278592
11:30:27 AM 315430392 389393608   2342484      0.59   1554964  72395836  97951016     24.29  31918708  43161868      4236   1158352   3134872     10384     21328    278560
11:30:32 AM 315476636 389442056   2293492      0.58   1554964  72398032  89278092     22.14  31919144  43116112      3748   1110664   3135424     10352     19848    278688
11:30:37 AM 315620300 389590368   2144980      0.54   1554964  72402632  68780760     17.06  31919472  42950916      1956    941280   3135672     10288     17220    278608
11:30:42 AM 315505560 389478216   2256928      0.57   1554964  72405140  86438484     21.44  31919892  43109588      4180   1097424   3135956     10448     19336    278656
11:30:47 AM 315496076 389471360   2265108      0.57   1554964  72407680  89264032     22.14  31920348  43116132      4368   1102248   3134720     10336     19700    278608
11:30:52 AM 315500396 389477756   2259240      0.57   1554964  72409748  82747836     20.52  31920776  43101184      3132   1085836   3134200     10320     19408    278520
11:30:57 AM 315572060 389553544   2184004      0.55   1554964  72413840  74429316     18.46  31921120  43006596      3732    987420   3133680     10272     17392    278512
11:31:02 AM 315527612 389511688   2225080      0.56   1554964  72416444  76195892     18.90  31921440  43042908      4160   1021488   3134448     10304     18380    278496
11:31:07 AM 315490156 389477360   2259360      0.57   1554964  72419696  85564044     21.22  31921908  43093728      5496   1070516   3134372     10304     19252    278488
11:31:12 AM 315486392 389475420   2261432      0.57   1554964  72421516  77548084     19.23  31922312  43075032      3556   1048828   3134244     10240     18424    278464
11:31:17 AM 315884016 389873200   1864584      0.47   1554964  72421680  10070272      2.50  31922352  42652680      1740    626736   3133304      9872      7036    278320
11:31:22 AM 315810208 389800208   1934172      0.49   1554964  72422348  38614952      9.58  31940168  42741100       280    732372   3136856     10096     11864    278448
11:31:27 AM 315495280 389485812   2248720      0.57   1554964  72422792  36464724      9.04  31940476  43059872      1324   1050868   3136792     10080     12012    278480
11:31:32 AM 315517260 389508064   2226728      0.56   1554964  72423060  36464724      9.04  31940736  43060508       256   1051484   3136536     10064     11640    278464
11:31:37 AM 315926268 389917300   1820412      0.46   1554968  72423168   4211304      1.04  31940904  42599480      1380    590536   3133732      9824      6064    278256
11:31:42 AM 315922184 389913212   1824416      0.46   1554968  72423172   4213096      1.04  31940904  42600844       256    591904   3133808      9856      6072    278240
11:31:47 AM 315894976 389887712   1849592      0.47   1554968  72424836   4232636      1.05  31940988  42620656      1308    610140   3134176      9856      6104    278272
11:31:52 AM 315890288 389884220   1853160      0.47   1554968  72425948   4236604      1.05  31941036  42626148       236    614552   3134184      9856      6116    278256
