Linux 5.15.30-2-pve (superserver2) 	01/28/2024 	_x86_64_	(32 CPU)

06:31:41 PM kbmemfree   kbavail kbmemused  %memused kbbuffers  kbcached  kbcommit   %commit  kbactive   kbinact   kbdirty  kbanonpg    kbslab  kbkstack   kbpgtbl  kbvmused
06:31:46 PM 313579340 389035144   2591392      0.66    857812  74767244   7111804      1.76  50385612  26170080        16   1096752   3077996     10656     10256    862924
06:31:51 PM 313297524 388755832   2867460      0.73    857812  74769688  39843680      9.88  50386876  26515920       696   1441528   3081300     10032     16772    862412
06:31:56 PM 313542156 389002252   2622468      0.66    857812  74771400   6637756      1.65  50388208  26172028        36   1097072   3079948      9680     10212    862204
06:32:01 PM 313543012 389004280   2621080      0.66    857812  74772524   6637756      1.65  50388216  26173172       260   1097072   3079356      9680     10208    862124
06:32:06 PM 313542096 389005204   2619964      0.66    857812  74774260   6637756      1.65  50388280  26174852        84   1097076   3079652      9680     10216    862156
06:32:11 PM 313544220 389008724   2616224      0.66    857812  74775552   6637756      1.65  50388284  26176184        92   1097080   3079976      9680     10208    862140
06:32:16 PM 313541756 389007824   2616996      0.66    857812  74777048   6637756      1.65  50388348  26177580        36   1097076   3080172      9680     10208    862140
06:32:21 PM 313539276 389007116   2617884      0.66    857812  74778672   6637756      1.65  50388348  26179240       192   1097080   3080140      9696     10212    862156
06:32:26 PM 313540600 389009884   2615216      0.66    857812  74780048   6637756      1.65  50388412  26180508        48   1097076   3080108      9696     10212    862124
06:32:31 PM 313541424 389012216   2613092      0.66    857812  74781448   6637756      1.65  50388412  26181912       208   1097080   3080008      9696     10208    862156
06:32:36 PM 313538464 389010880   2614456      0.66    857812  74782968   6637756      1.65  50388472  26183468        36   1097212   3080084      9760     10320    862124
06:32:41 PM 313539716 389013576   2611928      0.66    857812  74784316   6637756      1.65  50388476  26184756        96   1097084   3080012      9712     10204    862140
06:32:46 PM 313538780 389014144   2611516      0.66    857812  74785720   6637756      1.65  50388536  26186056        24   1097080   3079956      9712     10204    862140
06:32:51 PM 313541068 389017912   2607824      0.66    857812  74787128   6637756      1.65  50388540  26187488       212   1097080   3079952      9712     10200    862140
06:32:56 PM 313540116 389018308   2606964      0.66    857812  74788372   6637756      1.65  50388600  26188632       216   1097080   3080520      9744     10200    862172
06:33:01 PM 313541444 389020988   2604252      0.66    857812  74789636   6637756      1.65  50388600  26189920       248   1097080   3080640      9744     10204    862172
06:33:06 PM 313541248 389022276   2603112      0.66    857812  74791036   6637756      1.65  50388664  26191248         8   1097092   3080576      9744     10200    862156
06:33:11 PM 313542064 389024376   2601240      0.66    857812  74792216   6637756      1.65  50388668  26192512       296   1097120   3080452      9744     10200    862172
06:33:16 PM 313543892 389027552   2598120      0.66    857812  74793484   6637756      1.65  50388664  26193756        36   1097148   3080476      9744     10204    862140
06:33:21 PM 313543680 389028880   2596656      0.66    857812  74794948   6637756      1.65  50388732  26195232        92   1097176   3080688      9744     10200    862140
06:33:26 PM 313544504 389031220   2594312      0.66    857812  74796348   6637756      1.65  50388728  26196596        32   1097204   3080808      9744     10204    862156
06:33:31 PM 313546872 389034956   2590528      0.66    857812  74797636   6637756      1.65  50388796  26197920        52   1097236   3080936      9744     10200    862140
06:33:36 PM 313548672 389038144   2587328      0.66    857812  74798932   6637756      1.65  50388796  26199168        44   1097272   3081040      9744     10204    862124
06:33:41 PM 313081996 388574792   3047524      0.77    857812  74802108 100013148     24.80  50390028  26732808      2424   1627900   3084344     10256     24308    862460
06:33:46 PM 313337088 388832800   2789684      0.71    857812  74804980  71476652     17.72  50390196  26506912       816   1400256   3084220     10192     20336    862396
06:33:51 PM 313111872 388608680   3014108      0.76    857812  74806044  99991964     24.80  50390860  26746416      3252   1639700   3083948     10256     24292    862428
06:33:56 PM 313244384 388742676   2880052      0.73    857812  74807484  71118048     17.64  50391048  26589312      1516   1481352   3084052     10224     21208    862468
06:34:01 PM 313111436 388612628   3010948      0.76    857812  74810360 100006428     24.80  50391388  26748420      3324   1638028   3083228     10256     24340    862460
06:34:06 PM 313161276 388664280   2958820      0.75    857812  74812132  87843656     21.78  50391728  26693668      2112   1581892   3083744     10240     23012    862380
06:34:11 PM 313104044 388609552   3013840      0.76    857812  74814592 100000028     24.80  50392000  26749988      2900   1635020   3083496     10240     23976    862364
06:34:16 PM 313157020 388665136   2958332      0.75    857812  74817160  93487204     23.18  50392288  26724204      2748   1608000   3083460     10240     23524    862348
06:34:21 PM 313133556 388644000   2979540      0.75    857812  74819424 100008792     24.80  50392680  26756376      2836   1637792   3083452     10256     24192    862412
06:34:26 PM 313276720 388789952   2833252      0.72    857816  74822156  74989124     18.60  50392896  26570476      1944   1449368   3083840     10176     20852    862364
06:34:31 PM 313138340 388653460   2970040      0.75    857816  74824020  97192668     24.10  50393248  26741040      2952   1618844   3083568     10256     23904    862396
06:34:36 PM 313119340 388636916   2986140      0.76    857816  74826424  97180100     24.10  50393528  26755136      3092   1630396   3084064     10240     24344    862444
06:34:41 PM 313125164 388645276   2978156      0.75    857816  74828864  96287596     23.88  50393840  26736520      3092   1608728   3083784     10256     23728    862460
06:34:46 PM 313079228 388601588   3022376      0.77    857816  74831080 100003160     24.80  50394184  26767612      3068   1639572   3083284     10256     24316    862412
06:34:51 PM 313053368 388578256   3045316      0.77    857816  74833460  94378820     23.40  50394464  26761828      3160   1631536   3083824     10256     23644    862460
06:34:56 PM 313101484 388629384   2993392      0.76    857816  74836412  86957876     21.56  50394768  26684856      2700   1551784   3084680     10208     22196    862428
06:35:01 PM 313063740 388593304   3030152      0.77    857816  74837904  94367804     23.40  50395096  26753596      2692   1619288   3084172     10256     23492    862460
06:35:06 PM 313036628 388568440   3055672      0.77    857816  74840156  99996560     24.80  50395384  26776164      3168   1639624   3083512     10240     23940    862444
06:35:11 PM 313068264 388602764   3020744      0.76    857816  74842792  96315808     23.88  50395692  26748196      2844   1609416   3084168     10240     23752    862444
06:35:16 PM 313167456 388704272   2919444      0.74    857816  74845100  82382540     20.43  50395920  26638292      2860   1497648   3083968     10240     22040    862476
06:35:21 PM 313056568 388595380   3028252      0.77    857816  74847004  93498772     23.19  50396296  26747016      2648   1604104   3084144     10240     23644    862428
06:35:26 PM 313071584 388612532   3010804      0.76    857816  74849120  90871300     22.53  50396600  26731796      2632   1587492   3084460     10256     23272    862380
06:35:31 PM 313066172 388609560   3013048      0.76    857820  74851516  93487232     23.18  50396892  26755436      3124   1609568   3085228     10256     23628    862508
06:35:36 PM 313046228 388591908   3030428      0.77    857820  74853792  97182624     24.10  50397248  26767596      3164   1619268   3085516     10256     24104    862492
06:35:41 PM 313098024 388646372   2976904      0.75    857820  74856388  86971980     21.57  50397520  26708012      2636   1557692   3084648     10224     22676    862476
06:35:46 PM 313020964 388571472   3051148      0.77    857820  74858504  97198468     24.10  50397796  26790020      3048   1637956   3085348     10240     23788    862508
06:35:51 PM 312986012 388538728   3084652      0.78    857820  74860692  99995084     24.80  50398172  26791540      2348   1637612   3084608     10256     23976    862524
06:35:56 PM 313067316 388622972   3000464      0.76    857820  74863600  83269916     20.65  50398460  26701960      2324   1544884   3084584     10240     22396    862460
06:36:01 PM 312952916 388510416   3113504      0.79    857820  74865352 100022068     24.80  50398764  26797844      3216   1638436   3084192     10272     24328    862396
06:36:06 PM 313001400 388561832   3062144      0.78    857820  74868172  92598748     22.96  50399096  26740792      3032   1580496   3084248     10240     23416    862348
06:36:11 PM 312960184 388522444   3101536      0.79    857820  74870000  94375104     23.40  50399356  26781328      2888   1619380   3084244     10224     23560    862316
06:36:16 PM 312953376 388518036   3105680      0.79    857820  74872292  93495776     23.18  50399680  26771152      3272   1607260   3084616     10240     23764    862332
06:36:21 PM 312983196 388550712   3073424      0.78    857820  74875096  93485088     23.18  50400072  26771600      2808   1605388   3084248     10240     23664    862380
06:36:26 PM 312989644 388559456   3065268      0.78    857820  74877324  90660836     22.48  50400316  26757848      2560   1589412   3083728     10224     23196    862332
06:36:31 PM 312932252 388504388   3119648      0.79    857820  74879588 100000604     24.80  50400660  26811156      3208   1639796   3084476     10240     24164    862428
06:36:36 PM 312927800 388502388   3121884      0.79    857820  74882000  99996588     24.80  50400988  26813300      2712   1640464   3084280     10256     23900    862412
06:36:41 PM 312967704 388544932   3079548      0.78    857820  74884516  90660628     22.48  50401280  26780852      2620   1606160   3084196     10240     22804    862396
06:36:46 PM 312912732 388492484   3131932      0.79    857820  74886892 100022576     24.80  50401636  26817104      2992   1639888   3084408     10240     24112    862396
06:36:51 PM 312929392 388511372   3112624      0.79    857820  74889076  94365420     23.40  50401968  26809668      2480   1631144   3084872     10224     23880    862412
06:36:56 PM 312923268 388507508   3116284      0.79    857820  74891256  91543360     22.70  50402216  26810052      2676   1629080   3085156     10224     23476    862412
06:37:01 PM 312909432 388496004   3127156      0.79    857820  74893756  93482796     23.18  50402496  26793104      3052   1609560   3085620     10240     23492    862444
06:37:06 PM 312949932 388539424   3084260      0.78    857820  74896444  92614464     22.97  50402828  26764132      2476   1578848   3085328     10192     22988    862364
06:37:11 PM 312948600 388540752   3083932      0.78    857820  74899040  92597440     22.96  50403196  26763664      3104   1576544   3084392     10224     23196    862348
06:37:16 PM 312929968 388524752   3099696      0.78    857820  74901528  92623728     22.97  50403504  26769276      2988   1579692   3084772     10208     23204    862412
06:37:21 PM 312940948 388537668   3087248      0.78    857820  74903420  93517648     23.19  50403836  26776520      2292   1585032   3084348     10288     23132    862412
06:37:26 PM 312877060 388476676   3147800      0.80    857824  74906252 100007244     24.80  50404164  26838320      3372   1645344   3084848     10224     24384    862396
06:37:31 PM 312914364 388515996   3107756      0.79    857824  74908292  93482696     23.18  50404448  26804960      2784   1609272   3085548     10288     23748    862444
06:37:36 PM 312898800 388502740   3120724      0.79    857824  74910584  94362032     23.40  50404796  26822072      2844   1623004   3085852     10256     24000    862396
06:37:41 PM 312900400 388506832   3116132      0.79    857824  74913020 100001712     24.80  50405120  26841600      3156   1642000   3086408     10208     24344    862380
06:37:46 PM 312913616 388522500   3100032      0.79    857824  74915420  96300924     23.88  50405404  26813948      3128   1612408   3086892     10208     23796    862364
06:37:51 PM 312992692 388604280   3019344      0.76    857824  74918064  82396476     20.43  50405684  26719824      2612   1515592   3085860     10176     21832    862380
06:37:56 PM 312864184 388477556   3145652      0.80    857824  74919768 100017544     24.80  50406056  26844736      2576   1639004   3086356     10224     24000    862396
06:38:01 PM 312842924 388458716   3164100      0.80    857824  74922160 100002004     24.80  50406300  26848788      3260   1641084   3086776     10256     24972    862412
06:38:06 PM 312987932 388606216   3016172      0.76    857824  74924704  78697628     19.52  50406592  26696152      2988   1486060   3087152     10256     22480    862412
06:38:11 PM 312848388 388468688   3154860      0.80    857824  74926828  99995500     24.80  50406984  26851628      2992   1640008   3085884     10224     24200    862460
06:38:16 PM 312885140 388508132   3115964      0.79    857824  74929412  96318696     23.88  50407240  26823000      2540   1609384   3085444     10208     23408    862428
06:38:21 PM 312841316 388466524   3157188      0.80    857824  74931620 100005280     24.80  50407588  26853444      3016   1637520   3085836     10224     24044    862428
06:38:26 PM 312835148 388462936   3160452      0.80    857824  74934136  97186872     24.10  50407940  26858760      2860   1641104   3086224     10224     24252    862348
06:38:31 PM 312902312 388532456   3091476      0.78    857824  74936452  86985628     21.57  50408160  26779060      2752   1558756   3085720     10224     22708    862396
06:38:36 PM 312835936 388468344   3156156      0.80    857824  74938700  96311928     23.88  50408520  26830828      3024   1609400   3085168     10240     23796    862412
06:38:41 PM 312906196 388541464   3083404      0.78    857824  74941412  86084336     21.35  50408816  26769752      2256   1545636   3084948     10192     22388    862412
06:38:46 PM 312901788 388538892   3085032      0.78    857824  74943200  84163664     20.87  50409096  26787440      2336   1562540   3085940     10224     22720    862420
06:38:51 PM 312823796 388463208   3160764      0.80    857824  74945496 100011696     24.80  50409412  26868008      3052   1639144   3085904     10224     24088    862428
06:38:56 PM 312953360 388595980   3028196      0.77    857824  74948632  88909748     22.05  50409776  26780824      2800   1549220   3085772     10208     23256    862332
06:39:01 PM 312923516 388568436   3055708      0.77    857824  74950840  92617576     22.97  50410004  26813344      2820   1581040   3085896     10192     23012    862348
06:39:06 PM 312863452 388510144   3114092      0.79    857824  74952536  96283152     23.88  50410352  26843100      3304   1609168   3085880     10240     23784    862348
06:39:11 PM 313024832 388674024   2951092      0.75    857824  74954948  67421024     16.72  50410552  26696904      1876   1460912   3085088     10160     20792    862300
06:39:16 PM 312855504 388506232   3118620      0.79    857824  74956476  99994892     24.80  50410856  26880836      3224   1643340   3085360     10224     24244    862316
06:39:21 PM 312854376 388507524   3117196      0.79    857824  74958800 100009568     24.80  50411260  26879964      2544   1640428   3085588     10224     23992    862348
06:39:26 PM 312861916 388517320   3107264      0.79    857824  74961012  91548448     22.70  50411432  26878344      2704   1637212   3085768     10224     23068    862332
06:39:31 PM 312856592 388514712   3111056      0.79    857824  74963536  99999816     24.80  50411844  26884144      3080   1641080   3084776     10224     24264    862380
06:39:36 PM 312924668 388585628   3039736      0.77    857824  74966316  89792352     22.27  50412160  26821568      2268   1575952   3085240     10208     22588    862348
06:39:41 PM 312832984 388496556   3128660      0.79    857824  74968888  97190760     24.10  50412464  26886748      2864   1639036   3085428     10192     23088    862316
06:39:46 PM 312784360 388450052   3175456      0.80    857824  74970932  94367956     23.40  50412780  26886440      2748   1636884   3085212     10192     23440    862348
06:39:51 PM 312880448 388548460   3076716      0.78    857824  74973232  84152948     20.87  50413072  26822400      2548   1570848   3085564     10208     22552    862364
06:39:56 PM 312877152 388547988   3076708      0.78    857824  74976028  93501924     23.19  50413432  26860000      2412   1605568   3086072     10208     22852    862316
06:40:01 PM 312829640 388502576   3121756      0.79    857824  74978052  91556840     22.70  50413756  26873504      2240   1617288   3086512     10208     22876    862348
06:40:06 PM 312884240 388559552   3064792      0.78    857824  74980380  92607324     22.96  50414080  26837740      2976   1579980   3086548     10240     22860    862428
06:40:11 PM 312830228 388507964   3115748      0.79    857824  74982752  90658752     22.48  50414348  26866788      2632   1606996   3087232     10208     23384    862412
06:40:16 PM 312895984 388576264   3046856      0.77    857824  74985260  87651724     21.74  50414652  26822660      2560   1559680   3087860     10192     22540    862364
06:40:21 PM 312909160 388591576   3031956      0.77    857824  74987360  84848236     21.04  50414952  26805212      2596   1540908   3087484     10160     21708    862428
06:40:26 PM 312890644 388575160   3048776      0.77    857824  74989440  87648084     21.73  50415236  26836320      2108   1570264   3087100     10176     22416    862396
06:40:31 PM 312922672 388609476   3015244      0.76    857824  74991660  84834940     21.04  50415508  26822864      2764   1555224   3086384     10192     22440    862316
06:40:36 PM 312854508 388543476   3080336      0.78    857824  74993812  94159320     23.35  50415868  26877504      2604   1607216   3087304     10208     23316    862348
06:40:41 PM 312946356 388638128   2986128      0.76    857824  74996516  81135544     20.12  50416104  26817928      3096   1546088   3086960     10192     22292    862332
06:40:46 PM 312901156 388594668   3030004      0.77    857824  74998120  91337972     22.65  50416404  26878752      2696   1605844   3086680     10208     23084    862300
06:40:51 PM 312941764 388638200   2986176      0.76    857824  75000936  87645328     21.73  50416740  26834060      2576   1558292   3087084     10224     22620    862348
06:40:56 PM 312885688 388584032   3040276      0.77    857824  75002760  91360676     22.66  50417044  26871480      2504   1594360   3087236     10208     23144    862316
06:41:01 PM 312865084 388566436   3057820      0.77    857824  75005680  90466896     22.43  50417316  26862240      3236   1582292   3087376     10208     23380    862348
06:41:06 PM 312865420 388567980   3056272      0.77    857824  75006840  79882484     19.81  50417620  26849924      2108   1568472   3087428     10208     21968    862268
06:41:11 PM 312949636 388654472   2970036      0.75    857824  75009052  72971500     18.10  50417832  26759208      2440   1476960   3087236     10080     20204    862300
06:41:16 PM 313090372 388796352   2829000      0.72    857824  75010128  43786312     10.86  50417928  26591504      1408   1307644   3086460      9920     15880    862188
06:41:21 PM 313234620 388940428   2685412      0.68    857828  75009940  12471628      3.09  50417960  26416168       436   1132332   3085984      9744     11084    862124
06:41:26 PM 313256316 388962540   2663292      0.67    857828  75010080   6638020      1.65  50417956  26382252        40   1098392   3086268      9712     10200    862092
06:41:31 PM 312861564 388570328   3051276      0.77    857828  75012500  40895292     10.14  50451676  26788888        64   1536212   3090616      9984     16044    862316
06:41:36 PM 312858996 388568064   3053828      0.77    857828  75012704  38757348      9.61  50452332  26764496       156   1512352   3090428     10032     15860    862324
06:41:41 PM 312857604 388566964   3054824      0.77    857828  75012968  38754524      9.61  50453092  26764068       108   1512368   3090560      9968     15676    862316
06:41:46 PM 313220172 388929464   2695772      0.68    857828  75012868   6643004      1.65  50453440  26354972        56   1103748   3087144      9728     10220    862204
06:41:51 PM 313213960 388923320   2702216      0.68    857828  75012932   6646588      1.65  50453440  26358760       216   1107440   3086848      9728     10220    862188
06:41:56 PM 313208524 388921324   2703864      0.68    857828  75016256   6646588      1.65  50453436  26362048         4   1107440   3087312      9728     10220    862220
06:42:01 PM 313200516 388916740   2708648      0.69    857828  75019544   6646588      1.65  50453428  26366172       212   1108304   3087248      9728     10732    862172
06:42:06 PM 312737488 388457144   3164912      0.80    857828  75022908 100308104     24.87  50454024  26916124       156   1655616   3090648     10272     25584    862460
06:42:11 PM 312579876 388299676   3322620      0.84    857828  75023068 100374584     24.89  50454032  26936484       252   1676092   3090392     10272     25776    862428
06:42:16 PM 312593728 388313584   3308716      0.84    857828  75023140 100377056     24.89  50454032  26939200        80   1678580   3090372     10256     25776    862428
06:42:21 PM 312590580 388310724   3311772      0.84    857828  75023448 100377512     24.89  50454040  26948376       272   1687656   3090156     10288     25784    862476
06:42:26 PM 312573556 388294016   3328684      0.84    857828  75023820 100570760     24.94  50454076  27015796       112   1755192   3089896     10288     25788    862444
06:42:31 PM 312668984 388389764   3232916      0.82    857828  75024092 100441368     24.91  50454096  26975052        96   1713816   3089964     10288     25912    862540
06:42:36 PM 312674336 388395288   3227492      0.82    857828  75024304 100441036     24.91  50454092  26976568        56   1715008   3089824     10320     25948    862476
06:42:41 PM 312675824 388396936   3225860      0.82    857828  75024496 100441368     24.91  50454096  26977376        64   1715612   3089776     10304     25916    862524
06:42:46 PM 312693292 388414716   3208212      0.81    857828  75024744 100476272     24.92  50454096  26994532        40   1732544   3089708     10304     26040    862540
06:42:51 PM 312706720 388428396   3194372      0.81    857828  75025096 100509228     24.92  50454096  27007848        44   1745504   3089768     10304     26064    862540
06:42:56 PM 312701052 388423060   3199868      0.81    857828  75025448 100514876     24.93  50454092  27011176       436   1748376   3089588     10304     26068    862508
06:43:01 PM 312692784 388414992   3207308      0.81    857828  75025768 100514876     24.93  50454088  27011540       456   1748456   3090096     10320     26388    862540
06:43:06 PM 312702772 388425620   3197396      0.81    857828  75026152 100444252     24.91  50454272  26990316       968   1726980   3089636     10304     25964    862508
06:43:11 PM 312625608 388348748   3274388      0.83    857828  75026376 100373832     24.89  50454596  26953708      1312   1690388   3089584     10336     25720    862524
06:43:16 PM 312588460 388311816   3311168      0.84    857828  75026576 100398668     24.90  50454688  26959776       288   1696336   3089752     10368     25980    862572
06:43:21 PM 312600852 388324352   3298192      0.84    857828  75026736 100370812     24.89  50454680  26956868       552   1693516   3090176     10336     25844    862604
06:43:26 PM 312588652 388312444   3310152      0.84    857828  75027084 100389668     24.89  50454776  26966948       340   1703356   3090068     10368     26044    862588
06:43:31 PM 312655700 388379780   3242972      0.82    857828  75027332 100417744     24.90  50454732  26978916       352   1715028   3089952     10336     25948    862572
06:43:36 PM 312653832 388378144   3244480      0.82    857828  75027564 100432904     24.91  50454732  26987168       444   1723116   3090080     10368     26092    862596
06:43:41 PM 312660652 388385116   3237164      0.82    857828  75027780 100433440     24.91  50454736  26989952       296   1725728   3090360     10336     25984    862588
06:43:46 PM 312668832 388393596   3228760      0.82    857828  75027996 100453096     24.91  50454760  26997204       208   1732472   3090368     10352     26688    862588
06:43:51 PM 312681964 388406908   3215424      0.81    857828  75028232 100477088     24.92  50454732  27007456       420   1742696   3090336     10336     26044    862620
06:43:56 PM 312663660 388388948   3233420      0.82    857828  75028540 100501024     24.92  50454736  27020708       272   1755392   3090336     10320     26100    862636
06:44:01 PM 312613816 388339396   3283072      0.83    857828  75028876 100593804     24.95  50454728  27055580       468   1789912   3090192     10304     26288    862636
06:44:06 PM 312655156 388381420   3240940      0.82    857828  75029480  96784188     24.00  50454776  26985912       448   1719560   3090380     10320     25596    862652
06:44:11 PM 312653488 388380172   3242896      0.82    857828  75029944  90188640     22.36  50454884  26922632       576   1656116   3089628     10288     24300    862588
06:44:16 PM 312603596 388330380   3292612      0.83    857828  75029928  96000828     23.81  50455132  26912680       624   1646116   3089820     10304     24980    862540
06:44:21 PM 312524496 388251372   3371136      0.85    857828  75030004 100396492     24.90  50455240  26967096      1332   1700472   3090320     10320     25880    862556
06:44:26 PM 312525956 388253096   3369676      0.85    857828  75030248 100377212     24.89  50455344  26960760       432   1694216   3090076     10320     25892    862556
06:44:31 PM 312570796 388298152   3324808      0.84    857828  75030536 100393944     24.90  50455356  26970900       380   1704500   3089816     10320     25868    862588
06:44:36 PM 312583400 388311112   3311720      0.84    857828  75030820 100415260     24.90  50455376  26982852       184   1715672   3090016     10320     25980    862588
06:44:41 PM 312596360 388324280   3298388      0.84    857828  75031080 100433316     24.91  50455376  26989524       356   1722420   3090128     10320     25948    862556
06:44:46 PM 312593624 388321868   3300956      0.84    857828  75031300 100529320     24.93  50455376  27024624       160   1756884   3090076     10320     25964    862524
06:44:51 PM 312637192 388365620   3257320      0.82    857828  75031512 100465992     24.91  50455376  27005448       336   1737988   3089932     10320     26004    862572
06:44:56 PM 312641416 388370184   3252608      0.82    857828  75031796 100493936     24.92  50455372  27020420       176   1752264   3090136     10320     26072    862588
06:45:01 PM 312624560 388353488   3269348      0.83    857828  75032112 100510424     24.92  50455380  27026316       364   1757748   3089936     10304     26276    862588
06:45:06 PM 312638228 388367504   3255312      0.82    857828  75032464 100518924     24.93  50455372  27030384       216   1761780   3089952     10320     26120    862604
06:45:11 PM 312630592 388360244   3263600      0.83    857828  75032772 100478096     24.92  50455472  27014020       592   1745140   3088992     10336     25868    862508
06:45:16 PM 312613440 388343504   3280500      0.83    857828  75033188 100454500     24.91  50455632  26997880       320   1728912   3088828     10336     25968    862444
06:45:21 PM 312604244 388334580   3289332      0.83    857828  75033356 100380540     24.89  50455840  26968448       372   1699424   3089024     10336     25836    862476
06:45:26 PM 312608108 388338648   3285556      0.83    857828  75033572 100387040     24.89  50455880  26969584       272   1700608   3088720     10336     25840    862492
06:45:31 PM 312587976 388318776   3305240      0.84    857828  75033836 100383772     24.89  50455980  26967304       264   1698188   3088904     10336     25844    862556
06:45:36 PM 312583204 388314248   3309412      0.84    857828  75034112 100403576     24.90  50455988  26977464       164   1708124   3089228     10336     25868    862540
06:45:41 PM 312601444 388332732   3291152      0.83    857828  75034360 100417224     24.90  50456008  26985772       252   1716132   3089000     10336     25908    862572
06:45:46 PM 312628280 388359796   3264088      0.83    857828  75034616 100434236     24.91  50456012  26993876       152   1724108   3088972     10336     26000    862524
06:45:51 PM 312654372 388386132   3237472      0.82    857828  75034868 100454388     24.91  50456016  27003612       108   1733344   3089244     10336     25984    862540
06:45:56 PM 312670968 388402964   3220472      0.82    857828  75035120 100476364     24.92  50456012  27013564       172   1743140   3089396     10336     26032    862540
06:46:01 PM 312663768 388396052   3226912      0.82    857828  75035392 100494744     24.92  50456020  27021832       148   1750480   3089884     10336     26068    862572
06:46:06 PM 312677088 388409960   3212760      0.81    857828  75035988  96796256     24.00  50456020  26993816       224   1722456   3090120     10352     25564    862628
06:46:11 PM 312636372 388369328   3254008      0.82    857828  75036040 100491132     24.92  50456124  27019424        84   1748276   3089536     10336     26056    862572
06:46:16 PM 312596960 388330272   3293076      0.83    857828  75036344 100550640     24.93  50456228  27026616        44   1755212   3089576     10336     25984    862572
06:46:21 PM 312611932 388345724   3277324      0.83    857828  75036836  96743212     23.99  50456272  26968316       616   1696236   3089864     10320     25344    862668
06:46:26 PM 312565588 388299420   3323260      0.84    857828  75036896 100434688     24.91  50456380  26993004         4   1721096   3090212     10336     25900    862636
06:46:31 PM 312581640 388315804   3307092      0.84    857828  75037164 100394748     24.90  50456540  26975996        72   1704408   3090060     10336     25852    862636
06:46:36 PM 312545900 388280308   3342740      0.85    857828  75037412 100486724     24.92  50456612  27006308       548   1734280   3089904     10336     25856    862588
06:46:41 PM 312573144 388307748   3315136      0.84    857828  75037624 100407004     24.90  50456632  26982108       420   1709640   3090052     10336     25864    862652
06:46:46 PM 312599428 388334256   3288188      0.83    857828  75037892 100424840     24.90  50456632  26991556       308   1719032   3090448     10336     25900    862684
06:46:51 PM 312610904 388346008   3276440      0.83    857828  75038148 100437512     24.91  50456656  26998496       464   1725644   3090464     10336     25932    862684
06:46:56 PM 312636200 388371536   3250436      0.82    857828  75038416 100474184     24.92  50456652  27014764       280   1741768   3090904     10336     25984    862684
06:47:01 PM 312643284 388378924   3242956      0.82    857828  75038688 100478416     24.92  50456652  27017656       496   1743924   3091028     10336     25984    862764
06:47:06 PM 312634608 388370428   3251172      0.82    857828  75038964 100490160     24.92  50456656  27023720       292   1749976   3091212     10336     26016    862748
06:47:11 PM 312658212 388394456   3227572      0.82    857828  75039276 100493972     24.92  50456692  27025660       684   1751528   3090896     10336     26024    862716
06:47:16 PM 312715936 388452248   3170372      0.80    857828  75039396  94600076     23.46  50456792  26974968       588   1701080   3090252     10304     24684    862636
06:47:21 PM 312691280 388428008   3195212      0.81    857828  75039736  94597188     23.46  50456872  26969476       520   1695440   3089728     10304     24984    862588
06:47:26 PM 312690500 388427328   3196300      0.81    857828  75039980  94568756     23.45  50456936  26959104       440   1684720   3089176     10304     24948    862572
06:47:31 PM 312690448 388427708   3196212      0.81    857828  75040272  94571440     23.45  50457000  26961180       552   1686472   3089024     10288     24960    862572
06:47:36 PM 312670520 388407956   3216264      0.81    857828  75040404  91689696     22.74  50457176  26929288       788   1655208   3088768     10288     24568    862540
06:47:41 PM 312697836 388435656   3188428      0.81    857828  75040768  94543532     23.44  50457228  26943096       244   1667864   3088924     10288     24888    862588
06:47:46 PM 312694808 388432772   3191388      0.81    857828  75040944  94551968     23.45  50457228  26948908       192   1673824   3088816     10288     24900    862556
06:47:51 PM 312689512 388427776   3196984      0.81    857828  75041220  94556556     23.45  50457256  26954648       400   1679028   3088240     10288     24908    862524
06:47:56 PM 312710772 388449256   3175460      0.80    857828  75041492  94588796     23.46  50457256  26967592       232   1692100   3088232     10288     24964    862508
06:48:01 PM 312722452 388461236   3163672      0.80    857828  75041732  94608316     23.46  50457252  26977252       404   1701080   3088100     10256     24864    862540
06:48:06 PM 312728456 388467348   3157384      0.80    857828  75042008  94615744     23.46  50457244  26982200       264   1706016   3088108     10288     25024    862540
06:48:11 PM 312719012 388458388   3165992      0.80    857828  75042336  94615744     23.46  50457260  26984456       512   1707644   3088616     10288     25020    862620
06:48:16 PM 312766620 388506156   3117844      0.79    857828  75042628  90913156     22.54  50457292  26952804       260   1676064   3088864     10288     24556    862588
06:48:21 PM 312718972 388459156   3164552      0.80    857828  75043124  90875436     22.54  50457436  26935936       484   1658504   3089308     10256     24312    862556
06:48:26 PM 312650976 388391080   3232716      0.82    857828  75043152  94661888     23.47  50457540  26979248       552   1702204   3089112     10272     24944    862540
06:48:31 PM 312649916 388390308   3233892      0.82    857828  75043388  94581612     23.45  50457552  26965100       204   1687736   3088760     10272     24976    862524
06:48:36 PM 312668336 388409100   3215440      0.81    857828  75043692  94535720     23.44  50457692  26946752       668   1669340   3088488     10272     24872    862476
06:48:41 PM 312625708 388366700   3257888      0.83    857828  75043944  94533396     23.44  50457820  26941296       236   1663780   3088416     10272     24880    862508
06:48:46 PM 312632624 388373780   3250828      0.82    857828  75044120  94547812     23.45  50457828  26947520       140   1669924   3088384     10272     24916    862492
06:48:51 PM 312646160 388387504   3237024      0.82    857828  75044328  94552680     23.45  50457828  26953988       212   1676148   3088444     10272     24928    862476
06:48:56 PM 312663216 388404828   3219872      0.82    857828  75044572  94565124     23.45  50457852  26960668       156   1682548   3088296     10272     24928    862476
06:49:01 PM 312666588 388408468   3215868      0.81    857828  75044848  94618300     23.46  50457860  26973968       200   1694072   3088652     10272     24984    862524
06:49:06 PM 312680932 388423032   3201572      0.81    857828  75045092  94614928     23.46  50457848  26982584       176   1703820   3088360     10272     25048    862492
06:49:11 PM 312681328 388423576   3201088      0.81    857828  75045352  94620340     23.46  50457848  26985696       380   1706848   3088188     10272     25056    862556
06:49:16 PM 312698224 388441152   3183564      0.81    857828  75045972  91783020     22.76  50457884  26980500       196   1700840   3088196     10256     24540    862524
06:49:21 PM 312758328 388501484   3122876      0.79    857828  75046184  91786356     22.76  50457984  26967388       428   1687780   3088568     10272     24328    862540
06:49:26 PM 312738272 388481408   3142776      0.80    857828  75046180  94620940     23.46  50458000  26985408        88   1705804   3088728     10288     25068    862540
06:49:31 PM 312738140 388481564   3142988      0.80    857828  75046448  94564892     23.45  50458144  26963300       240   1683684   3088380     10288     24968    862524
06:49:36 PM 312737176 388480856   3143928      0.80    857828  75046704  94579288     23.45  50458152  26968080        44   1688016   3088148     10288     24980    862476
06:49:41 PM 312727352 388471384   3153408      0.80    857828  75046992  94530464     23.44  50458336  26947912       260   1667428   3088204     10304     24956    862412
06:49:46 PM 312687308 388431620   3193496      0.81    857828  75047224  94528040     23.44  50458424  26944104        20   1663836   3087928     10304     24848    862428
06:49:51 PM 312704544 388449004   3176016      0.80    857828  75047420  94553140     23.45  50458428  26953468       172   1673360   3087976     10304     24996    862508
06:49:56 PM 312704616 388449280   3175832      0.80    857828  75047648  94553140     23.45  50458448  26957696       300   1676904   3087860     10304     24944    862444
06:50:01 PM 312726300 388471244   3153748      0.80    857828  75048020  94576624     23.45  50458456  26970552       192   1688680   3087888     10352     25640    862492
06:50:06 PM 312751572 388496796   3128452      0.79    857828  75048188  94600484     23.46  50458456  26979568       368   1698352   3087744     10304     25036    862460
06:50:11 PM 312790336 388535776   3089552      0.78    857828  75048440  94620224     23.46  50458456  26988416       472   1706928   3087628     10304     25072    862460
06:50:16 PM 312795776 388541460   3083808      0.78    857828  75048700  94620224     23.46  50458456  26989524       312   1707628   3087672     10304     25072    862444
06:50:21 PM 312807540 388553704   3071444      0.78    857828  75049148  91774260     22.76  50458524  26967972       608   1685948   3087824     10304     24212    862508
06:50:26 PM 312774416 388520784   3103816      0.79    857828  75049240  94598924     23.46  50458632  26976024       496   1693800   3088484     10304     25016    862492
06:50:31 PM 312750736 388497228   3127220      0.79    857828  75049496  94610088     23.46  50458632  26981288       448   1699032   3088504     10304     25056    862476
06:50:36 PM 312724080 388470968   3153424      0.80    857828  75049772  94580972     23.45  50458752  26969244       656   1686676   3088680     10304     24992    862524
06:50:41 PM 312746028 388493144   3131200      0.79    857828  75050052  94565484     23.45  50458796  26965000       424   1682496   3088676     10304     24972    862572
06:50:46 PM 312719340 388466816   3158024      0.80    857828  75050320  94533220     23.44  50458932  26951620       712   1668796   3088272     10304     24920    862508
06:50:51 PM 312668100 388415768   3209180      0.81    857828  75050540  94541392     23.44  50459008  26950820       608   1667924   3088136     10336     25000    862500
06:50:56 PM 312666348 388414212   3210520      0.81    857828  75050708  94546792     23.45  50459024  26954516       456   1671376   3088380     10336     24912    862476
06:51:01 PM 312664288 388412340   3212024      0.81    857828  75050956  94551384     23.45  50459016  26960580       464   1677348   3088688     10368     25552    862524
06:51:06 PM 312684156 388432528   3191988      0.81    857828  75051208  94668980     23.48  50459056  27003720       292   1720040   3088604     10336     24968    862524
06:51:11 PM 312737068 388485616   3138848      0.79    857828  75051476  94597068     23.46  50459056  26980168       300   1696392   3088564     10336     25012    862588
06:51:16 PM 312750304 388499176   3125092      0.79    857828  75051728  94608956     23.46  50459056  26986684       228   1702380   3088832     10336     25040    862556
06:51:21 PM 312762512 388511492   3112704      0.79    857828  75051972  94613916     23.46  50459056  26989556       368   1705208   3088768     10336     25052    862556
06:51:26 PM 312779144 388528828   3095476      0.78    857828  75052500  91778684     22.76  50459096  26968140       364   1683156   3088836     10320     24272    862540
06:51:31 PM 312780704 388530356   3094216      0.78    857828  75052528  94581844     23.45  50459236  26976828       576   1692020   3088508     10336     25048    862492
06:51:36 PM 312760436 388510368   3114376      0.79    857828  75052744  94593336     23.46  50459268  26977960       260   1692724   3088400     10336     24824    862492
06:51:41 PM 312718140 388468236   3156560      0.80    857828  75053052  94585292     23.46  50459312  26976560       488   1691532   3088204     10336     24976    862476
06:51:46 PM 312765012 388515780   3109308      0.79    857828  75053584  90845004     22.53  50459404  26933056       380   1647160   3088052     10336     24416    862476
06:51:51 PM 312735492 388486044   3139088      0.79    857828  75053480  91706240     22.74  50459544  26943688       460   1658680   3087896     10336     24420    862460
06:51:56 PM 312709356 388460288   3165036      0.80    857828  75053800  94551492     23.45  50459592  26958988       172   1672984   3087764     10336     24900    862444
06:52:01 PM 312710252 388461324   3164064      0.80    857828  75053992  94545092     23.45  50459636  26957512       188   1671324   3087648     10336     24940    862380
06:52:06 PM 312718932 388470244   3155088      0.80    857828  75054240  94557440     23.45  50459644  26965420       156   1679296   3087696     10336     24912    862332
06:52:11 PM 312772072 388523624   3101860      0.79    857828  75054528  94582464     23.45  50459652  26977060       448   1691048   3087496     10336     24960    862332
06:52:16 PM 312780388 388532196   3093324      0.78    857828  75054792  94599692     23.46  50459656  26985208       180   1698688   3087452     10336     25004    862332
06:52:21 PM 312776280 388528308   3097092      0.78    857828  75055044  94610072     23.46  50459656  26989640       180   1702756   3087540     10336     25004    862364
06:52:26 PM 312788288 388540564   3084816      0.78    857828  75055304  94601392     23.46  50459688  26988456       132   1701392   3087548     10336     24992    862380
06:52:31 PM 312775876 388528488   3096680      0.78    857828  75055596  94611720     23.46  50459764  26989896       188   1702684   3087804     10336     25016    862396
06:52:36 PM 312736684 388489492   3135124      0.79    857828  75055816  94596332     23.46  50459832  26983736       148   1696364   3088332     10336     24840    862396
06:52:41 PM 312700288 388453588   3170764      0.80    857828  75056248  94591056     23.46  50459912  26980064       280   1691788   3088656     10336     25040    862476
06:52:46 PM 312721112 388474588   3149964      0.80    857828  75056508  94579660     23.45  50459944  26976960       120   1689172   3088372     10336     24796    862508
06:52:51 PM 312749632 388503524   3121168      0.79    857828  75056724  91734204     22.75  50460060  26964548       336   1676972   3088432     10352     25024    862540
06:52:56 PM 312751632 388505804   3119296      0.79    857828  75057056  94547440     23.45  50460140  26961940        84   1673688   3087972     10336     24904    862524
06:53:01 PM 312726808 388481240   3143392      0.80    857828  75057272  94557540     23.45  50460180  26966336       288   1677952   3088484     10368     25584    862572
06:53:06 PM 312685080 388439684   3184612      0.81    857828  75057496  94640216     23.47  50460232  26994944        68   1706464   3088768     10336     24920    862508
06:53:11 PM 312737544 388492396   3132376      0.79    857828  75057732  94574328     23.45  50460252  26975152       344   1686216   3088304     10336     24952    862492
06:53:16 PM 312757036 388512128   3112680      0.79    857828  75058004  94595180     23.46  50460252  26986920       208   1697860   3088236     10368     25116    862532
06:53:21 PM 312788840 388544212   3080672      0.78    857828  75058276  94610384     23.46  50460252  26993788        56   1704284   3088168     10336     25040    862540
06:53:26 PM 312801652 388557172   3067600      0.78    857828  75058528  94619712     23.46  50460256  26998604       364   1709104   3088176     10336     25116    862540
06:53:31 PM 312779808 388535732   3089196      0.78    857828  75058816  94614164     23.46  50460328  26995224       628   1705380   3088136     10320     25044    862572
06:53:36 PM 312790208 388546380   3078864      0.78    857828  75059084  94597892     23.46  50460392  26988404         0   1698464   3087800     10320     24996    862588
06:53:41 PM 312760752 388517220   3108676      0.79    857828  75059344  94591160     23.46  50460476  26985236       716   1694936   3087184     10320     24992    862540
06:53:46 PM 312730076 388486704   3139240      0.79    857828  75059616  94595868     23.46  50460512  26984932       412   1694488   3087024     10320     24988    862476
06:53:51 PM 312736528 388493552   3132316      0.79    857828  75059892  94583404     23.45  50460596  26979468       728   1688712   3087220     10320     24964    862476
06:53:56 PM 312752676 388509936   3115712      0.79    857828  75060152  94582008     23.45  50460628  26978964       412   1688060   3087416     10320     24960    862460
06:54:01 PM 312738384 388495940   3129728      0.79    857828  75060384  94555528     23.45  50460744  26968868       796   1677756   3087460     10320     24744    862428
06:54:06 PM 312740024 388497808   3127884      0.79    857828  75060612  94542516     23.44  50460812  26962136       412   1671104   3087436     10320     24728    862396
06:54:11 PM 312735032 388493064   3132412      0.79    857828  75060864  94561740     23.45  50460844  26971260       304   1679632   3087648     10320     24932    862396
06:54:16 PM 312743708 388501944   3123684      0.79    857828  75061096  94577252     23.45  50460844  26978552       264   1687048   3087468     10320     24992    862380
06:54:21 PM 312760524 388519080   3106648      0.79    857828  75061392  94600936     23.46  50460856  26989212       352   1697064   3087392     10288     25068    862412
06:54:26 PM 312771844 388530572   3095028      0.78    857828  75061680  94596348     23.46  50460892  26988332       364   1696296   3087404     10240     24912    862444
06:54:31 PM 312768348 388527456   3098244      0.78    857828  75061928  94614824     23.46  50460892  26996968       416   1704316   3087436     10320     25036    862508
06:54:36 PM 312768800 388528088   3097652      0.78    857828  75062192  94589340     23.46  50460988  26986304       568   1693752   3087312     10320     24784    862508
06:54:41 PM 312775228 388534920   3091016      0.78    857828  75062492  94575960     23.45  50461080  26980816       612   1687792   3087220     10320     24980    862556
06:54:46 PM 312753276 388513092   3112524      0.79    857828  75062752  94593704     23.46  50461068  26987884       260   1694896   3087404     10304     24948    862524
06:54:51 PM 312740624 388500876   3124232      0.79    857828  75063016  94568804     23.45  50461196  26977596       492   1684256   3088084     10336     25052    862540
06:54:56 PM 312743820 388504220   3120948      0.79    857828  75063256  94563780     23.45  50461220  26975044       292   1681580   3087932     10288     24736    862524
06:55:01 PM 312755616 388516424   3108468      0.79    857828  75063540  94544596     23.44  50461340  26968240       636   1674408   3088332     10336     25436    862524
06:55:06 PM 312728356 388489192   3134976      0.79    857828  75063648  94552440     23.45  50461352  26970016       240   1676484   3088976     10304     24628    862540
06:55:11 PM 312712704 388473964   3150416      0.80    857828  75064004  94567492     23.45  50461400  26976664       240   1682276   3088832     10288     24928    862524
06:55:16 PM 312713584 388474996   3149496      0.80    857828  75064232  94566288     23.45  50461448  26976692       204   1682676   3088644     10336     25040    862508
06:55:21 PM 312734404 388496172   3128428      0.79    857828  75064496  94592188     23.46  50461448  26989112       368   1694288   3088628     10320     25008    862540
06:55:26 PM 312764240 388526044   3098528      0.78    857828  75064628  88734292     22.00  50461456  26952456       196   1657920   3088560     10304     24076    862572
06:55:31 PM 312770808 388532916   3091672      0.78    857828  75064868  88742260     22.01  50461460  26957304       240   1662176   3088608     10304     24068    862540
06:55:36 PM 312765880 388528128   3096628      0.78    857828  75065116  88756232     22.01  50461464  26964160       180   1669200   3088332     10304     24124    862540
06:55:41 PM 312857700 388619776   3005080      0.76    857828  75064860  65388944     16.21  50461456  26836220       224   1541332   3088316     10240     20340    862516
06:55:46 PM 312889752 388651940   2973552      0.75    857828  75065052  65308668     16.20  50461452  26809424       136   1514304   3087600     10144     20080    862460
06:55:51 PM 312916380 388678600   2946860      0.75    857828  75065120  59442764     14.74  50461444  26770740       304   1475648   3087596     10128     19124    862412
06:55:56 PM 313024884 388786988   2839444      0.72    857828  75064920  41847704     10.38  50461452  26649244       128   1354092   3086708     10032     16168    862364
06:56:01 PM 313083116 388845132   2781012      0.70    857828  75064808  30115412      7.47  50461456  26568548       232   1273100   3087020      9952     14820    862252
06:56:06 PM 313137708 388899696   2727264      0.69    857828  75064656  18380464      4.56  50461448  26485484        96   1190504   3086328      9856     12200    862204
06:56:11 PM 313165608 388927580   2699808      0.68    857828  75064576  12514128      3.10  50461456  26444336       108   1149460   3085964      9824     11212    862188
06:56:16 PM 313131200 388893660   2729344      0.69    857828  75064948  40956220     10.16  50494924  26504948        16   1243148   3090464     10048     16108    862396
06:56:21 PM 312886696 388649456   2973632      0.75    857828  75065252  38811868      9.62  50495800  26790088        88   1528888   3090376     10032     15740    862396
06:56:26 PM 312881516 388644736   2978348      0.75    857828  75065520  38811868      9.62  50496668  26791280         4   1530640   3090572     10032     15740    862380
06:56:31 PM 313168728 388931736   2694356      0.68    857828  75065304   6646588      1.65  50496932  26367812       180   1107648   3087568      9792     10224    862172
06:56:36 PM 313168240 388931892   2694236      0.68    857828  75065932   6647100      1.65  50496936  26369164        44   1108308   3087548      9792     10224    862156
06:56:41 PM 313167280 388934052   2691900      0.68    857828  75068912   6647100      1.65  50496936  26372068       184   1108320   3087864      9792     10228    862172
06:56:46 PM 313167564 388937272   2688852      0.68    857828  75071732  13073032      3.24  50496932  26377972        48   1111340   3087808      9792     10732    862140
06:56:51 PM 312666136 388441024   3182312      0.81    857828  75076876 100297368     24.87  50497464  26936844        64   1665624   3090632     10304     25620    862492
06:56:56 PM 312641300 388416760   3206200      0.81    857828  75077460 100291508     24.87  50497924  26936896      2056   1666764   3090996     10304     24060    862476
06:57:01 PM 312803152 388583504   3040092      0.77    857828  75082308  82641212     20.49  50498180  26825460      4404   1549800   3090404     10288     23396    862428
06:57:06 PM 312707864 388489512   3134920      0.79    857828  75083568  97485652     24.17  50498636  26945984      3124   1669404   3089604     10304     25292    862428
06:57:11 PM 312750128 388534960   3089308      0.78    857828  75086836  88112248     21.85  50499072  26892776      2668   1613496   3089684     10272     23348    862428
06:57:16 PM 312806464 388594724   3029708      0.77    857828  75090240  84405684     20.93  50499420  26851388      3280   1569516   3089544     10272     23236    862460
06:57:21 PM 312721288 388513348   3110988      0.79    857828  75094040  93760164     23.25  50499868  26928556      4560   1642796   3089640     10288     24980    862524
06:57:26 PM 312768560 388562800   3062256      0.78    857828  75096112  91626952     22.72  50500344  26908424      3328   1621000   3089028     10272     24024    862444
06:57:31 PM 312780156 388577792   3045908      0.77    857828  75099448  87923176     21.80  50500780  26895340      2708   1604572   3090444     10256     22944    862412
06:57:36 PM 312862556 388663860   2960656      0.75    857828  75103076  73956836     18.34  50501144  26782320      2612   1488644   3089668     10240     21712    862396
06:57:41 PM 312717268 388520796   3102532      0.79    857828  75105348  94462944     23.42  50501572  26935500      3860   1640104   3090808     10272     24148    862364
06:57:46 PM 312753676 388560132   3063304      0.78    857828  75108276  91621080     22.72  50502032  26914656      3448   1616820   3090700     10272     24064    862380
06:57:51 PM 312741592 388551488   3072100      0.78    857828  75111648  87923576     21.80  50502464  26907996      3156   1607172   3090616     10272     23684    862380
06:57:56 PM 312739744 388552268   3070688      0.78    857828  75114232  87915564     21.80  50502868  26909296      3200   1605752   3091292     10272     23024    862412
06:58:01 PM 312763340 388579648   3043756      0.77    857828  75117288  79238192     19.65  50503328  26869420      3292   1563424   3091572     10256     22888    862476
06:58:06 PM 313197156 389012836   2612124      0.66    857828  75117344   6647100      1.65  50503344  26414188        56   1108436   3089332      9792     10228    862268
06:58:11 PM 313092376 388908848   2712604      0.69    857828  75117960  40967748     10.16  50537024  26516796       452   1244076   3093016     10064     16220    862404
06:58:16 PM 313090684 388907504   2713928      0.69    857828  75118236  38820060      9.63  50537852  26508908       168   1236768   3093108     10016     15748    862364
06:58:21 PM 313085196 388902484   2719308      0.69    857828  75118512  38820060      9.63  50538712  26510016        44   1238384   3092940     10016     15744    862380
06:58:26 PM 313138900 388955832   2669468      0.68    857828  75118128   6647100      1.65  50538832  26379596        56   1108444   3089460      9776     10224    862172
06:58:31 PM 313120340 388938612   2686804      0.68    857828  75119448   6664976      1.65  50538876  26398012       200   1125628   3089364      9776     10272    862156
06:58:36 PM 313120996 388940948   2684452      0.68    857828  75121040   6667624      1.65  50538960  26402148        32   1128216   3089468      9776     10268    862172
