[2024-01-27 07:23:16,125 cli INFO] 
##############################################
#                                            #
#                 HADDOCK 3                  #
#                                            #
##############################################

Starting HADDOCK 3.0.0 on 2024-01-27 07:23:00

Python 3.9.18 (main, Sep 11 2023, 13:41:44) 
[GCC 11.2.0]

[2024-01-27 07:23:21,278 libworkflow INFO] Reading instructions step 0_topoaa
[2024-01-27 07:23:21,278 libworkflow INFO] Reading instructions step 1_rigidbody
[2024-01-27 07:23:21,278 libworkflow INFO] Reading instructions step 2_caprieval
[2024-01-27 07:23:21,278 libworkflow INFO] Reading instructions step 3_seletop
[2024-01-27 07:23:21,278 libworkflow INFO] Reading instructions step 4_caprieval
[2024-01-27 07:23:21,278 libworkflow INFO] Reading instructions step 5_flexref
[2024-01-27 07:23:21,278 libworkflow INFO] Reading instructions step 6_caprieval
[2024-01-27 07:23:21,278 libworkflow INFO] Reading instructions step 7_emref
[2024-01-27 07:23:21,278 libworkflow INFO] Reading instructions step 8_caprieval
[2024-01-27 07:23:21,278 libworkflow INFO] Reading instructions step 9_clustfcc
[2024-01-27 07:23:21,278 libworkflow INFO] Reading instructions step 10_seletopclusts
[2024-01-27 07:23:21,279 libworkflow INFO] Reading instructions step 11_caprieval
[2024-01-27 07:23:21,416 base_cns_module INFO] Running [topoaa] module
[2024-01-27 07:23:21,417 __init__ INFO] [topoaa] Molecule 1: 4G6K_fv.pdb
[2024-01-27 07:23:21,423 __init__ INFO] [topoaa] Sanitizing molecule 4G6K_fv.pdb
[2024-01-27 07:23:21,561 __init__ INFO] [topoaa] Topology CNS input created in 4G6K_fv.inp
[2024-01-27 07:23:21,561 __init__ INFO] [topoaa] Molecule 2: 4I1B-matched.pdb
[2024-01-27 07:23:21,566 __init__ INFO] [topoaa] Sanitizing molecule 4I1B-matched.pdb
[2024-01-27 07:23:21,693 __init__ INFO] [topoaa] Topology CNS input created in 4I1B-matched.inp
[2024-01-27 07:23:21,693 __init__ INFO] [topoaa] Running CNS Jobs n=2
[2024-01-27 07:23:21,693 libutil INFO] Selected 2 cores to process 2 jobs, with 32 maximum available cores.
[2024-01-27 07:23:21,693 libparallel INFO] Using 2 cores
[2024-01-27 07:23:26,733 libparallel INFO] >> /4G6K_fv.inp completed 50% 
[2024-01-27 07:23:26,734 libparallel INFO] >> /4I1B-matched.inp completed 100% 
[2024-01-27 07:23:26,734 libparallel INFO] 2 tasks finished
[2024-01-27 07:23:26,734 __init__ INFO] [topoaa] CNS jobs have finished
[2024-01-27 07:23:26,785 base_cns_module INFO] Module [topoaa] finished.
[2024-01-27 07:23:26,785 __init__ INFO] [topoaa] took 5 seconds
[2024-01-27 07:23:27,791 base_cns_module INFO] Running [rigidbody] module
[2024-01-27 07:23:27,792 __init__ INFO] [rigidbody] crossdock=true
[2024-01-27 07:23:27,793 __init__ INFO] [rigidbody] Preparing jobs...
[2024-01-27 07:33:06,597 __init__ INFO] [rigidbody] Running CNS Jobs n=10000
[2024-01-27 07:33:06,598 libutil INFO] Selected 4 cores to process 10000 jobs, with 32 maximum available cores.
[2024-01-27 07:33:06,609 libparallel INFO] Using 4 cores
