[2024-01-03 01:05:10,171 cli INFO] 
##############################################
#                                            #
#                 HADDOCK 3                  #
#                                            #
##############################################

Starting HADDOCK 3.0.0 on 2024-01-03 01:05:00

Python 3.9.18 (main, Sep 11 2023, 13:41:44) 
[GCC 11.2.0]

[2024-01-03 01:05:14,174 libworkflow INFO] Reading instructions step 0_topoaa
[2024-01-03 01:05:14,174 libworkflow INFO] Reading instructions step 1_rigidbody
[2024-01-03 01:05:14,174 libworkflow INFO] Reading instructions step 2_seletop
[2024-01-03 01:05:14,174 libworkflow INFO] Reading instructions step 3_caprieval
[2024-01-03 01:05:14,174 libworkflow INFO] Reading instructions step 4_flexref
[2024-01-03 01:05:14,174 libworkflow INFO] Reading instructions step 5_caprieval
[2024-01-03 01:05:14,175 libworkflow INFO] Reading instructions step 6_emref
[2024-01-03 01:05:14,175 libworkflow INFO] Reading instructions step 7_caprieval
[2024-01-03 01:05:14,297 base_cns_module INFO] Running [topoaa] module
[2024-01-03 01:05:14,297 __init__ INFO] [topoaa] Molecule 1: e2aP_1F3G.pdb
[2024-01-03 01:05:14,304 __init__ INFO] [topoaa] Sanitizing molecule e2aP_1F3G.pdb
/mnt/nfs_share/greenBeansHaddock/exp-hpc/run.dpp-hpc-con1-ql36_gl2-gl5-gl6-9/0_topoaa/e2aP_1F3G.inp
e2aP_1F3G.inp
[2024-01-03 01:05:14,620 __init__ INFO] [topoaa] Topology CNS input created in e2aP_1F3G.inp
e2aP_1F3G.out
[2024-01-03 01:05:14,620 __init__ INFO] [topoaa] Molecule 2: hpr_ensemble.pdb
[2024-01-03 01:05:15,279 __init__ INFO] [topoaa] Sanitizing molecule hpr_ensemble_1.pdb
/mnt/nfs_share/greenBeansHaddock/exp-hpc/run.dpp-hpc-con1-ql36_gl2-gl5-gl6-9/0_topoaa/hpr_ensemble_1.inp
hpr_ensemble_1.inp
[2024-01-03 01:05:15,376 __init__ INFO] [topoaa] Topology CNS input created in hpr_ensemble_1.inp
hpr_ensemble_1.out
[2024-01-03 01:05:15,376 __init__ INFO] [topoaa] Sanitizing molecule hpr_ensemble_2.pdb
/mnt/nfs_share/greenBeansHaddock/exp-hpc/run.dpp-hpc-con1-ql36_gl2-gl5-gl6-9/0_topoaa/hpr_ensemble_2.inp
hpr_ensemble_2.inp
[2024-01-03 01:05:15,508 __init__ INFO] [topoaa] Topology CNS input created in hpr_ensemble_2.inp
hpr_ensemble_2.out
[2024-01-03 01:05:15,508 __init__ INFO] [topoaa] Sanitizing molecule hpr_ensemble_3.pdb
/mnt/nfs_share/greenBeansHaddock/exp-hpc/run.dpp-hpc-con1-ql36_gl2-gl5-gl6-9/0_topoaa/hpr_ensemble_3.inp
hpr_ensemble_3.inp
[2024-01-03 01:05:15,604 __init__ INFO] [topoaa] Topology CNS input created in hpr_ensemble_3.inp
hpr_ensemble_3.out
[2024-01-03 01:05:15,604 __init__ INFO] [topoaa] Sanitizing molecule hpr_ensemble_4.pdb
/mnt/nfs_share/greenBeansHaddock/exp-hpc/run.dpp-hpc-con1-ql36_gl2-gl5-gl6-9/0_topoaa/hpr_ensemble_4.inp
hpr_ensemble_4.inp
[2024-01-03 01:05:15,701 __init__ INFO] [topoaa] Topology CNS input created in hpr_ensemble_4.inp
hpr_ensemble_4.out
[2024-01-03 01:05:15,701 __init__ INFO] [topoaa] Sanitizing molecule hpr_ensemble_5.pdb
/mnt/nfs_share/greenBeansHaddock/exp-hpc/run.dpp-hpc-con1-ql36_gl2-gl5-gl6-9/0_topoaa/hpr_ensemble_5.inp
hpr_ensemble_5.inp
[2024-01-03 01:05:15,808 __init__ INFO] [topoaa] Topology CNS input created in hpr_ensemble_5.inp
hpr_ensemble_5.out
[2024-01-03 01:05:15,808 __init__ INFO] [topoaa] Sanitizing molecule hpr_ensemble_6.pdb
/mnt/nfs_share/greenBeansHaddock/exp-hpc/run.dpp-hpc-con1-ql36_gl2-gl5-gl6-9/0_topoaa/hpr_ensemble_6.inp
hpr_ensemble_6.inp
[2024-01-03 01:05:15,940 __init__ INFO] [topoaa] Topology CNS input created in hpr_ensemble_6.inp
hpr_ensemble_6.out
[2024-01-03 01:05:15,940 __init__ INFO] [topoaa] Sanitizing molecule hpr_ensemble_7.pdb
/mnt/nfs_share/greenBeansHaddock/exp-hpc/run.dpp-hpc-con1-ql36_gl2-gl5-gl6-9/0_topoaa/hpr_ensemble_7.inp
hpr_ensemble_7.inp
[2024-01-03 01:05:16,078 __init__ INFO] [topoaa] Topology CNS input created in hpr_ensemble_7.inp
hpr_ensemble_7.out
[2024-01-03 01:05:16,078 __init__ INFO] [topoaa] Sanitizing molecule hpr_ensemble_8.pdb
/mnt/nfs_share/greenBeansHaddock/exp-hpc/run.dpp-hpc-con1-ql36_gl2-gl5-gl6-9/0_topoaa/hpr_ensemble_8.inp
hpr_ensemble_8.inp
[2024-01-03 01:05:16,176 __init__ INFO] [topoaa] Topology CNS input created in hpr_ensemble_8.inp
hpr_ensemble_8.out
[2024-01-03 01:05:16,176 __init__ INFO] [topoaa] Sanitizing molecule hpr_ensemble_9.pdb
/mnt/nfs_share/greenBeansHaddock/exp-hpc/run.dpp-hpc-con1-ql36_gl2-gl5-gl6-9/0_topoaa/hpr_ensemble_9.inp
hpr_ensemble_9.inp
[2024-01-03 01:05:16,283 __init__ INFO] [topoaa] Topology CNS input created in hpr_ensemble_9.inp
hpr_ensemble_9.out
[2024-01-03 01:05:16,283 __init__ INFO] [topoaa] Sanitizing molecule hpr_ensemble_10.pdb
/mnt/nfs_share/greenBeansHaddock/exp-hpc/run.dpp-hpc-con1-ql36_gl2-gl5-gl6-9/0_topoaa/hpr_ensemble_10.inp
hpr_ensemble_10.inp
[2024-01-03 01:05:16,404 __init__ INFO] [topoaa] Topology CNS input created in hpr_ensemble_10.inp
hpr_ensemble_10.out
[2024-01-03 01:05:16,404 __init__ INFO] [topoaa] Running CNS Jobs n=11
[2024-01-03 01:05:16,404 libhpc INFO] > Running batch 1/1
#!/usr/bin/env bash
#SBATCH -J haddock3
#SBATCH --nodes=1
#SBATCH --tasks-per-node=1
#SBATCH --output=topoaa_1.out
#SBATCH --error=topoaa_1.err
#SBATCH --chdir=.
export MODDIR=.
export MODULE=/home/greenBeans/haddock3/src/haddock/modules/topology/topoaa/cns
export TOPPAR=/home/greenBeans/haddock3/src/haddock/cns/toppar

cd .
/home/greenBeans/haddock3/bin/cns < e2aP_1F3G.inp > e2aP_1F3G.out

b'Submitted batch job 46231\n' b''
#!/usr/bin/env bash
#SBATCH -J haddock3
#SBATCH --nodes=1
#SBATCH --tasks-per-node=1
#SBATCH --output=topoaa_2.out
#SBATCH --error=topoaa_2.err
#SBATCH --chdir=.
export MODDIR=.
export MODULE=/home/greenBeans/haddock3/src/haddock/modules/topology/topoaa/cns
export TOPPAR=/home/greenBeans/haddock3/src/haddock/cns/toppar

cd .
/home/greenBeans/haddock3/bin/cns < hpr_ensemble_1.inp > hpr_ensemble_1.out

b'Submitted batch job 46232\n' b''
#!/usr/bin/env bash
#SBATCH -J haddock3
#SBATCH --nodes=1
#SBATCH --tasks-per-node=1
#SBATCH --output=topoaa_3.out
#SBATCH --error=topoaa_3.err
#SBATCH --chdir=.
export MODDIR=.
export MODULE=/home/greenBeans/haddock3/src/haddock/modules/topology/topoaa/cns
export TOPPAR=/home/greenBeans/haddock3/src/haddock/cns/toppar

cd .
/home/greenBeans/haddock3/bin/cns < hpr_ensemble_2.inp > hpr_ensemble_2.out

b'Submitted batch job 46233\n' b''
#!/usr/bin/env bash
#SBATCH -J haddock3
#SBATCH --nodes=1
#SBATCH --tasks-per-node=1
#SBATCH --output=topoaa_4.out
#SBATCH --error=topoaa_4.err
#SBATCH --chdir=.
export MODDIR=.
export MODULE=/home/greenBeans/haddock3/src/haddock/modules/topology/topoaa/cns
export TOPPAR=/home/greenBeans/haddock3/src/haddock/cns/toppar

cd .
/home/greenBeans/haddock3/bin/cns < hpr_ensemble_3.inp > hpr_ensemble_3.out

b'Submitted batch job 46234\n' b''
#!/usr/bin/env bash
#SBATCH -J haddock3
#SBATCH --nodes=1
#SBATCH --tasks-per-node=1
#SBATCH --output=topoaa_5.out
#SBATCH --error=topoaa_5.err
#SBATCH --chdir=.
export MODDIR=.
export MODULE=/home/greenBeans/haddock3/src/haddock/modules/topology/topoaa/cns
export TOPPAR=/home/greenBeans/haddock3/src/haddock/cns/toppar

cd .
/home/greenBeans/haddock3/bin/cns < hpr_ensemble_4.inp > hpr_ensemble_4.out

b'Submitted batch job 46235\n' b''
#!/usr/bin/env bash
#SBATCH -J haddock3
#SBATCH --nodes=1
#SBATCH --tasks-per-node=1
#SBATCH --output=topoaa_6.out
#SBATCH --error=topoaa_6.err
#SBATCH --chdir=.
export MODDIR=.
export MODULE=/home/greenBeans/haddock3/src/haddock/modules/topology/topoaa/cns
export TOPPAR=/home/greenBeans/haddock3/src/haddock/cns/toppar

cd .
/home/greenBeans/haddock3/bin/cns < hpr_ensemble_5.inp > hpr_ensemble_5.out

b'Submitted batch job 46236\n' b''
#!/usr/bin/env bash
#SBATCH -J haddock3
#SBATCH --nodes=1
#SBATCH --tasks-per-node=1
#SBATCH --output=topoaa_7.out
#SBATCH --error=topoaa_7.err
#SBATCH --chdir=.
export MODDIR=.
export MODULE=/home/greenBeans/haddock3/src/haddock/modules/topology/topoaa/cns
export TOPPAR=/home/greenBeans/haddock3/src/haddock/cns/toppar

cd .
/home/greenBeans/haddock3/bin/cns < hpr_ensemble_6.inp > hpr_ensemble_6.out

b'Submitted batch job 46237\n' b''
#!/usr/bin/env bash
#SBATCH -J haddock3
#SBATCH --nodes=1
#SBATCH --tasks-per-node=1
#SBATCH --output=topoaa_8.out
#SBATCH --error=topoaa_8.err
#SBATCH --chdir=.
export MODDIR=.
export MODULE=/home/greenBeans/haddock3/src/haddock/modules/topology/topoaa/cns
export TOPPAR=/home/greenBeans/haddock3/src/haddock/cns/toppar

cd .
/home/greenBeans/haddock3/bin/cns < hpr_ensemble_7.inp > hpr_ensemble_7.out

b'Submitted batch job 46238\n' b''
#!/usr/bin/env bash
#SBATCH -J haddock3
#SBATCH --nodes=1
#SBATCH --tasks-per-node=1
#SBATCH --output=topoaa_9.out
#SBATCH --error=topoaa_9.err
#SBATCH --chdir=.
export MODDIR=.
export MODULE=/home/greenBeans/haddock3/src/haddock/modules/topology/topoaa/cns
export TOPPAR=/home/greenBeans/haddock3/src/haddock/cns/toppar

cd .
/home/greenBeans/haddock3/bin/cns < hpr_ensemble_8.inp > hpr_ensemble_8.out

b'Submitted batch job 46239\n' b''
#!/usr/bin/env bash
#SBATCH -J haddock3
#SBATCH --nodes=1
#SBATCH --tasks-per-node=1
#SBATCH --output=topoaa_10.out
#SBATCH --error=topoaa_10.err
#SBATCH --chdir=.
export MODDIR=.
export MODULE=/home/greenBeans/haddock3/src/haddock/modules/topology/topoaa/cns
export TOPPAR=/home/greenBeans/haddock3/src/haddock/cns/toppar

cd .
/home/greenBeans/haddock3/bin/cns < hpr_ensemble_9.inp > hpr_ensemble_9.out

b'Submitted batch job 46240\n' b''
#!/usr/bin/env bash
#SBATCH -J haddock3
#SBATCH --nodes=1
#SBATCH --tasks-per-node=1
#SBATCH --output=topoaa_11.out
#SBATCH --error=topoaa_11.err
#SBATCH --chdir=.
export MODDIR=.
export MODULE=/home/greenBeans/haddock3/src/haddock/modules/topology/topoaa/cns
export TOPPAR=/home/greenBeans/haddock3/src/haddock/cns/toppar

cd .
/home/greenBeans/haddock3/bin/cns < hpr_ensemble_10.inp > hpr_ensemble_10.out

b'Submitted batch job 46241\n' b''
[2024-01-03 01:05:17,531 libhpc INFO] >> topoaa_1.job failed
[2024-01-03 01:05:17,659 libhpc INFO] >> topoaa_2.job submitted
[2024-01-03 01:05:17,773 libhpc INFO] >> topoaa_3.job submitted
[2024-01-03 01:05:17,879 libhpc INFO] >> topoaa_4.job submitted
[2024-01-03 01:05:17,965 libhpc INFO] >> topoaa_5.job submitted
[2024-01-03 01:05:18,019 libhpc INFO] >> topoaa_6.job submitted
[2024-01-03 01:05:18,091 libhpc INFO] >> topoaa_7.job submitted
[2024-01-03 01:05:18,133 libhpc INFO] >> topoaa_8.job submitted
[2024-01-03 01:05:18,181 libhpc INFO] >> topoaa_9.job submitted
[2024-01-03 01:05:18,229 libhpc INFO] >> topoaa_10.job submitted
[2024-01-03 01:05:18,278 libhpc INFO] >> topoaa_11.job submitted
[2024-01-03 01:05:18,278 libhpc INFO] >> Waiting... (30.00s)
[2024-01-03 01:05:48,329 libhpc INFO] >> topoaa_1.job failed
[2024-01-03 01:05:48,397 libhpc INFO] >> topoaa_2.job failed
[2024-01-03 01:05:48,451 libhpc INFO] >> topoaa_3.job failed
[2024-01-03 01:05:48,509 libhpc INFO] >> topoaa_4.job failed
[2024-01-03 01:05:48,558 libhpc INFO] >> topoaa_5.job failed
[2024-01-03 01:05:48,624 libhpc INFO] >> topoaa_6.job failed
[2024-01-03 01:05:48,705 libhpc INFO] >> topoaa_7.job failed
[2024-01-03 01:05:48,770 libhpc INFO] >> topoaa_8.job failed
[2024-01-03 01:05:48,831 libhpc INFO] >> topoaa_9.job failed
[2024-01-03 01:05:48,895 libhpc INFO] >> topoaa_10.job failed
[2024-01-03 01:05:48,955 libhpc INFO] >> topoaa_11.job failed
[2024-01-03 01:05:48,955 libhpc INFO] >> Batch 1/1 took 32.55s to finish, 100.00% complete
[2024-01-03 01:05:48,955 __init__ INFO] [topoaa] CNS jobs have finished
[2024-01-03 01:05:48,961 libutil ERROR] 100.00% of output was not generated for this module and tolerance was set to 0.00%.
Traceback (most recent call last):
  File "/home/greenBeans/haddock3/src/haddock/libs/libutil.py", line 310, in log_error_and_exit
    yield
  File "/home/greenBeans/haddock3/src/haddock/clis/cli.py", line 178, in main
    workflow.run()
  File "/home/greenBeans/haddock3/src/haddock/libs/libworkflow.py", line 38, in run
    step.execute()
  File "/home/greenBeans/haddock3/src/haddock/libs/libworkflow.py", line 140, in execute
    self.module.run()
  File "/home/greenBeans/haddock3/src/haddock/modules/base_cns_module.py", line 59, in run
    self._run()
  File "/home/greenBeans/haddock3/src/haddock/modules/topology/topoaa/__init__.py", line 255, in _run
    self.export_output_models(faulty_tolerance=self.params["tolerance"])
  File "/home/greenBeans/haddock3/src/haddock/modules/__init__.py", line 271, in export_output_models
    self.finish_with_error(_msg)
  File "/home/greenBeans/haddock3/src/haddock/modules/__init__.py", line 280, in finish_with_error
    raise RuntimeError(reason)
RuntimeError: 100.00% of output was not generated for this module and tolerance was set to 0.00%.
[2024-01-03 01:05:48,962 libutil ERROR] 100.00% of output was not generated for this module and tolerance was set to 0.00%.
[2024-01-03 01:05:48,962 libutil ERROR] An error has occurred, see log file. And contact the developers if needed.
[2024-01-03 01:05:48,962 libutil INFO] Finished at 03/01/2024 01:05:48. For any help contact us at https://github.com/haddocking/haddock3/issues. Good bye! Au revoir! Até logo!.
