[2024-01-03 02:54:13,347 cli INFO] 
##############################################
#                                            #
#                 HADDOCK 3                  #
#                                            #
##############################################

Starting HADDOCK 3.0.0 on 2024-01-03 02:54:00

Python 3.9.18 (main, Sep 11 2023, 13:41:44) 
[GCC 11.2.0]

[2024-01-03 02:54:17,287 libworkflow INFO] Reading instructions step 0_topoaa
[2024-01-03 02:54:17,287 libworkflow INFO] Reading instructions step 1_rigidbody
[2024-01-03 02:54:17,287 libworkflow INFO] Reading instructions step 2_seletop
[2024-01-03 02:54:17,287 libworkflow INFO] Reading instructions step 3_caprieval
[2024-01-03 02:54:17,288 libworkflow INFO] Reading instructions step 4_flexref
[2024-01-03 02:54:17,288 libworkflow INFO] Reading instructions step 5_caprieval
[2024-01-03 02:54:17,288 libworkflow INFO] Reading instructions step 6_emref
[2024-01-03 02:54:17,288 libworkflow INFO] Reading instructions step 7_caprieval
[2024-01-03 02:54:17,384 base_cns_module INFO] Running [topoaa] module
[2024-01-03 02:54:17,384 __init__ INFO] [topoaa] Molecule 1: e2aP_1F3G.pdb
[2024-01-03 02:54:17,391 __init__ INFO] [topoaa] Sanitizing molecule e2aP_1F3G.pdb
/mnt/nfs_share/greenBeansHaddock/exp-hpc/run.dpp-hpc-con10-ql9_gl2-gl5-gl6-11/0_topoaa/e2aP_1F3G.inp
e2aP_1F3G.inp
[2024-01-03 02:54:17,503 __init__ INFO] [topoaa] Topology CNS input created in e2aP_1F3G.inp
e2aP_1F3G.out
[2024-01-03 02:54:17,504 __init__ INFO] [topoaa] Molecule 2: hpr_ensemble.pdb
[2024-01-03 02:54:18,123 __init__ INFO] [topoaa] Sanitizing molecule hpr_ensemble_1.pdb
/mnt/nfs_share/greenBeansHaddock/exp-hpc/run.dpp-hpc-con10-ql9_gl2-gl5-gl6-11/0_topoaa/hpr_ensemble_1.inp
hpr_ensemble_1.inp
[2024-01-03 02:54:18,244 __init__ INFO] [topoaa] Topology CNS input created in hpr_ensemble_1.inp
hpr_ensemble_1.out
[2024-01-03 02:54:18,244 __init__ INFO] [topoaa] Sanitizing molecule hpr_ensemble_2.pdb
/mnt/nfs_share/greenBeansHaddock/exp-hpc/run.dpp-hpc-con10-ql9_gl2-gl5-gl6-11/0_topoaa/hpr_ensemble_2.inp
hpr_ensemble_2.inp
[2024-01-03 02:54:18,370 __init__ INFO] [topoaa] Topology CNS input created in hpr_ensemble_2.inp
hpr_ensemble_2.out
[2024-01-03 02:54:18,370 __init__ INFO] [topoaa] Sanitizing molecule hpr_ensemble_3.pdb
/mnt/nfs_share/greenBeansHaddock/exp-hpc/run.dpp-hpc-con10-ql9_gl2-gl5-gl6-11/0_topoaa/hpr_ensemble_3.inp
hpr_ensemble_3.inp
[2024-01-03 02:54:18,478 __init__ INFO] [topoaa] Topology CNS input created in hpr_ensemble_3.inp
hpr_ensemble_3.out
[2024-01-03 02:54:18,478 __init__ INFO] [topoaa] Sanitizing molecule hpr_ensemble_4.pdb
/mnt/nfs_share/greenBeansHaddock/exp-hpc/run.dpp-hpc-con10-ql9_gl2-gl5-gl6-11/0_topoaa/hpr_ensemble_4.inp
hpr_ensemble_4.inp
[2024-01-03 02:54:18,574 __init__ INFO] [topoaa] Topology CNS input created in hpr_ensemble_4.inp
hpr_ensemble_4.out
[2024-01-03 02:54:18,575 __init__ INFO] [topoaa] Sanitizing molecule hpr_ensemble_5.pdb
/mnt/nfs_share/greenBeansHaddock/exp-hpc/run.dpp-hpc-con10-ql9_gl2-gl5-gl6-11/0_topoaa/hpr_ensemble_5.inp
hpr_ensemble_5.inp
[2024-01-03 02:54:18,674 __init__ INFO] [topoaa] Topology CNS input created in hpr_ensemble_5.inp
hpr_ensemble_5.out
[2024-01-03 02:54:18,674 __init__ INFO] [topoaa] Sanitizing molecule hpr_ensemble_6.pdb
/mnt/nfs_share/greenBeansHaddock/exp-hpc/run.dpp-hpc-con10-ql9_gl2-gl5-gl6-11/0_topoaa/hpr_ensemble_6.inp
hpr_ensemble_6.inp
[2024-01-03 02:54:18,791 __init__ INFO] [topoaa] Topology CNS input created in hpr_ensemble_6.inp
hpr_ensemble_6.out
[2024-01-03 02:54:18,791 __init__ INFO] [topoaa] Sanitizing molecule hpr_ensemble_7.pdb
/mnt/nfs_share/greenBeansHaddock/exp-hpc/run.dpp-hpc-con10-ql9_gl2-gl5-gl6-11/0_topoaa/hpr_ensemble_7.inp
hpr_ensemble_7.inp
[2024-01-03 02:54:18,884 __init__ INFO] [topoaa] Topology CNS input created in hpr_ensemble_7.inp
hpr_ensemble_7.out
[2024-01-03 02:54:18,884 __init__ INFO] [topoaa] Sanitizing molecule hpr_ensemble_8.pdb
/mnt/nfs_share/greenBeansHaddock/exp-hpc/run.dpp-hpc-con10-ql9_gl2-gl5-gl6-11/0_topoaa/hpr_ensemble_8.inp
hpr_ensemble_8.inp
[2024-01-03 02:54:18,989 __init__ INFO] [topoaa] Topology CNS input created in hpr_ensemble_8.inp
hpr_ensemble_8.out
[2024-01-03 02:54:18,989 __init__ INFO] [topoaa] Sanitizing molecule hpr_ensemble_9.pdb
/mnt/nfs_share/greenBeansHaddock/exp-hpc/run.dpp-hpc-con10-ql9_gl2-gl5-gl6-11/0_topoaa/hpr_ensemble_9.inp
hpr_ensemble_9.inp
[2024-01-03 02:54:19,109 __init__ INFO] [topoaa] Topology CNS input created in hpr_ensemble_9.inp
hpr_ensemble_9.out
[2024-01-03 02:54:19,109 __init__ INFO] [topoaa] Sanitizing molecule hpr_ensemble_10.pdb
/mnt/nfs_share/greenBeansHaddock/exp-hpc/run.dpp-hpc-con10-ql9_gl2-gl5-gl6-11/0_topoaa/hpr_ensemble_10.inp
hpr_ensemble_10.inp
[2024-01-03 02:54:19,236 __init__ INFO] [topoaa] Topology CNS input created in hpr_ensemble_10.inp
hpr_ensemble_10.out
[2024-01-03 02:54:19,236 __init__ INFO] [topoaa] Running CNS Jobs n=11
[2024-01-03 02:54:19,236 libhpc INFO] Concatenating, each .job will produce 10 (or less) models
[2024-01-03 02:54:19,236 libhpc INFO] > Running batch 1/1
#!/usr/bin/env bash
#SBATCH -J haddock3
#SBATCH --nodes=1
#SBATCH --tasks-per-node=1
#SBATCH --output=topoaa_1.out
#SBATCH --error=topoaa_1.err
#SBATCH --chdir=.
export MODDIR=.
export MODULE=/home/greenBeans/haddock3/src/haddock/modules/topology/topoaa/cns
export TOPPAR=/home/greenBeans/haddock3/src/haddock/cns/toppar

cd .
/home/greenBeans/haddock3/bin/cns < e2aP_1F3G.inp > e2aP_1F3G.out
/home/greenBeans/haddock3/bin/cns < hpr_ensemble_1.inp > hpr_ensemble_1.out
/home/greenBeans/haddock3/bin/cns < hpr_ensemble_2.inp > hpr_ensemble_2.out
/home/greenBeans/haddock3/bin/cns < hpr_ensemble_3.inp > hpr_ensemble_3.out
/home/greenBeans/haddock3/bin/cns < hpr_ensemble_4.inp > hpr_ensemble_4.out
/home/greenBeans/haddock3/bin/cns < hpr_ensemble_5.inp > hpr_ensemble_5.out
/home/greenBeans/haddock3/bin/cns < hpr_ensemble_6.inp > hpr_ensemble_6.out
/home/greenBeans/haddock3/bin/cns < hpr_ensemble_7.inp > hpr_ensemble_7.out
/home/greenBeans/haddock3/bin/cns < hpr_ensemble_8.inp > hpr_ensemble_8.out
/home/greenBeans/haddock3/bin/cns < hpr_ensemble_9.inp > hpr_ensemble_9.out

b'Submitted batch job 46304\n' b''
#!/usr/bin/env bash
#SBATCH -J haddock3
#SBATCH --nodes=1
#SBATCH --tasks-per-node=1
#SBATCH --output=topoaa_2.out
#SBATCH --error=topoaa_2.err
#SBATCH --chdir=.
export MODDIR=.
export MODULE=/home/greenBeans/haddock3/src/haddock/modules/topology/topoaa/cns
export TOPPAR=/home/greenBeans/haddock3/src/haddock/cns/toppar

cd .
/home/greenBeans/haddock3/bin/cns < hpr_ensemble_10.inp > hpr_ensemble_10.out

b'Submitted batch job 46305\n' b''
[2024-01-03 02:54:19,431 libhpc INFO] >> topoaa_1.job submitted
