[2024-01-02 19:48:21,645 cli INFO] 
##############################################
#                                            #
#                 HADDOCK 3                  #
#                                            #
##############################################

Starting HADDOCK 3.0.0 on 2024-01-02 19:48:00

Python 3.9.18 (main, Sep 11 2023, 13:41:44) 
[GCC 11.2.0]

[2024-01-02 19:48:25,631 libworkflow INFO] Reading instructions step 0_topoaa
[2024-01-02 19:48:25,632 libworkflow INFO] Reading instructions step 1_rigidbody
[2024-01-02 19:48:25,632 libworkflow INFO] Reading instructions step 2_seletop
[2024-01-02 19:48:25,632 libworkflow INFO] Reading instructions step 3_caprieval
[2024-01-02 19:48:25,632 libworkflow INFO] Reading instructions step 4_flexref
[2024-01-02 19:48:25,632 libworkflow INFO] Reading instructions step 5_caprieval
[2024-01-02 19:48:25,632 libworkflow INFO] Reading instructions step 6_emref
[2024-01-02 19:48:25,632 libworkflow INFO] Reading instructions step 7_caprieval
[2024-01-02 19:48:25,717 base_cns_module INFO] Running [topoaa] module
[2024-01-02 19:48:25,717 __init__ INFO] [topoaa] Molecule 1: e2aP_1F3G.pdb
[2024-01-02 19:48:25,724 __init__ INFO] [topoaa] Sanitizing molecule e2aP_1F3G.pdb
/mnt/nfs_share/greenBeansHaddock/exp-hpc/run.dpp-hpc-con1-ql72_gl2-gl5-gl6-2/0_topoaa/e2aP_1F3G.inp
e2aP_1F3G.inp
[2024-01-02 19:48:25,851 __init__ INFO] [topoaa] Topology CNS input created in e2aP_1F3G.inp
e2aP_1F3G.out
[2024-01-02 19:48:25,851 __init__ INFO] [topoaa] Molecule 2: hpr_ensemble.pdb
[2024-01-02 19:48:26,481 __init__ INFO] [topoaa] Sanitizing molecule hpr_ensemble_1.pdb
/mnt/nfs_share/greenBeansHaddock/exp-hpc/run.dpp-hpc-con1-ql72_gl2-gl5-gl6-2/0_topoaa/hpr_ensemble_1.inp
hpr_ensemble_1.inp
[2024-01-02 19:48:26,607 __init__ INFO] [topoaa] Topology CNS input created in hpr_ensemble_1.inp
hpr_ensemble_1.out
[2024-01-02 19:48:26,607 __init__ INFO] [topoaa] Sanitizing molecule hpr_ensemble_2.pdb
/mnt/nfs_share/greenBeansHaddock/exp-hpc/run.dpp-hpc-con1-ql72_gl2-gl5-gl6-2/0_topoaa/hpr_ensemble_2.inp
hpr_ensemble_2.inp
[2024-01-02 19:48:26,705 __init__ INFO] [topoaa] Topology CNS input created in hpr_ensemble_2.inp
hpr_ensemble_2.out
[2024-01-02 19:48:26,705 __init__ INFO] [topoaa] Sanitizing molecule hpr_ensemble_3.pdb
/mnt/nfs_share/greenBeansHaddock/exp-hpc/run.dpp-hpc-con1-ql72_gl2-gl5-gl6-2/0_topoaa/hpr_ensemble_3.inp
hpr_ensemble_3.inp
[2024-01-02 19:48:26,829 __init__ INFO] [topoaa] Topology CNS input created in hpr_ensemble_3.inp
hpr_ensemble_3.out
[2024-01-02 19:48:26,829 __init__ INFO] [topoaa] Sanitizing molecule hpr_ensemble_4.pdb
/mnt/nfs_share/greenBeansHaddock/exp-hpc/run.dpp-hpc-con1-ql72_gl2-gl5-gl6-2/0_topoaa/hpr_ensemble_4.inp
hpr_ensemble_4.inp
[2024-01-02 19:48:26,945 __init__ INFO] [topoaa] Topology CNS input created in hpr_ensemble_4.inp
hpr_ensemble_4.out
[2024-01-02 19:48:26,945 __init__ INFO] [topoaa] Sanitizing molecule hpr_ensemble_5.pdb
/mnt/nfs_share/greenBeansHaddock/exp-hpc/run.dpp-hpc-con1-ql72_gl2-gl5-gl6-2/0_topoaa/hpr_ensemble_5.inp
hpr_ensemble_5.inp
[2024-01-02 19:48:27,088 __init__ INFO] [topoaa] Topology CNS input created in hpr_ensemble_5.inp
hpr_ensemble_5.out
[2024-01-02 19:48:27,088 __init__ INFO] [topoaa] Sanitizing molecule hpr_ensemble_6.pdb
/mnt/nfs_share/greenBeansHaddock/exp-hpc/run.dpp-hpc-con1-ql72_gl2-gl5-gl6-2/0_topoaa/hpr_ensemble_6.inp
hpr_ensemble_6.inp
[2024-01-02 19:48:27,198 __init__ INFO] [topoaa] Topology CNS input created in hpr_ensemble_6.inp
hpr_ensemble_6.out
[2024-01-02 19:48:27,198 __init__ INFO] [topoaa] Sanitizing molecule hpr_ensemble_7.pdb
/mnt/nfs_share/greenBeansHaddock/exp-hpc/run.dpp-hpc-con1-ql72_gl2-gl5-gl6-2/0_topoaa/hpr_ensemble_7.inp
hpr_ensemble_7.inp
[2024-01-02 19:48:27,298 __init__ INFO] [topoaa] Topology CNS input created in hpr_ensemble_7.inp
hpr_ensemble_7.out
[2024-01-02 19:48:27,298 __init__ INFO] [topoaa] Sanitizing molecule hpr_ensemble_8.pdb
/mnt/nfs_share/greenBeansHaddock/exp-hpc/run.dpp-hpc-con1-ql72_gl2-gl5-gl6-2/0_topoaa/hpr_ensemble_8.inp
hpr_ensemble_8.inp
[2024-01-02 19:48:27,420 __init__ INFO] [topoaa] Topology CNS input created in hpr_ensemble_8.inp
hpr_ensemble_8.out
[2024-01-02 19:48:27,420 __init__ INFO] [topoaa] Sanitizing molecule hpr_ensemble_9.pdb
/mnt/nfs_share/greenBeansHaddock/exp-hpc/run.dpp-hpc-con1-ql72_gl2-gl5-gl6-2/0_topoaa/hpr_ensemble_9.inp
hpr_ensemble_9.inp
[2024-01-02 19:48:27,523 __init__ INFO] [topoaa] Topology CNS input created in hpr_ensemble_9.inp
hpr_ensemble_9.out
[2024-01-02 19:48:27,523 __init__ INFO] [topoaa] Sanitizing molecule hpr_ensemble_10.pdb
/mnt/nfs_share/greenBeansHaddock/exp-hpc/run.dpp-hpc-con1-ql72_gl2-gl5-gl6-2/0_topoaa/hpr_ensemble_10.inp
hpr_ensemble_10.inp
[2024-01-02 19:48:27,636 __init__ INFO] [topoaa] Topology CNS input created in hpr_ensemble_10.inp
hpr_ensemble_10.out
[2024-01-02 19:48:27,637 __init__ INFO] [topoaa] Running CNS Jobs n=11
[2024-01-02 19:48:27,637 libhpc INFO] > Running batch 1/1
#!/usr/bin/env bash
#SBATCH -J haddock3
#SBATCH --nodes=1
#SBATCH --tasks-per-node=1
#SBATCH --output=topoaa_1.out
#SBATCH --error=topoaa_1.err
#SBATCH --chdir=.
export MODDIR=.
export MODULE=/home/greenBeans/haddock3/src/haddock/modules/topology/topoaa/cns
export TOPPAR=/home/greenBeans/haddock3/src/haddock/cns/toppar

cd .
/home/greenBeans/haddock3/bin/cns < e2aP_1F3G.inp > e2aP_1F3G.out

b'Submitted batch job 46026\n' b''
#!/usr/bin/env bash
#SBATCH -J haddock3
#SBATCH --nodes=1
#SBATCH --tasks-per-node=1
#SBATCH --output=topoaa_2.out
#SBATCH --error=topoaa_2.err
#SBATCH --chdir=.
export MODDIR=.
export MODULE=/home/greenBeans/haddock3/src/haddock/modules/topology/topoaa/cns
export TOPPAR=/home/greenBeans/haddock3/src/haddock/cns/toppar

cd .
/home/greenBeans/haddock3/bin/cns < hpr_ensemble_1.inp > hpr_ensemble_1.out

b'Submitted batch job 46027\n' b''
#!/usr/bin/env bash
#SBATCH -J haddock3
#SBATCH --nodes=1
#SBATCH --tasks-per-node=1
#SBATCH --output=topoaa_3.out
#SBATCH --error=topoaa_3.err
#SBATCH --chdir=.
export MODDIR=.
export MODULE=/home/greenBeans/haddock3/src/haddock/modules/topology/topoaa/cns
export TOPPAR=/home/greenBeans/haddock3/src/haddock/cns/toppar

cd .
/home/greenBeans/haddock3/bin/cns < hpr_ensemble_2.inp > hpr_ensemble_2.out

b'Submitted batch job 46028\n' b''
#!/usr/bin/env bash
#SBATCH -J haddock3
#SBATCH --nodes=1
#SBATCH --tasks-per-node=1
#SBATCH --output=topoaa_4.out
#SBATCH --error=topoaa_4.err
#SBATCH --chdir=.
export MODDIR=.
export MODULE=/home/greenBeans/haddock3/src/haddock/modules/topology/topoaa/cns
export TOPPAR=/home/greenBeans/haddock3/src/haddock/cns/toppar

cd .
/home/greenBeans/haddock3/bin/cns < hpr_ensemble_3.inp > hpr_ensemble_3.out

b'Submitted batch job 46029\n' b''
#!/usr/bin/env bash
#SBATCH -J haddock3
#SBATCH --nodes=1
#SBATCH --tasks-per-node=1
#SBATCH --output=topoaa_5.out
#SBATCH --error=topoaa_5.err
#SBATCH --chdir=.
export MODDIR=.
export MODULE=/home/greenBeans/haddock3/src/haddock/modules/topology/topoaa/cns
export TOPPAR=/home/greenBeans/haddock3/src/haddock/cns/toppar

cd .
/home/greenBeans/haddock3/bin/cns < hpr_ensemble_4.inp > hpr_ensemble_4.out

b'Submitted batch job 46030\n' b''
#!/usr/bin/env bash
#SBATCH -J haddock3
#SBATCH --nodes=1
#SBATCH --tasks-per-node=1
#SBATCH --output=topoaa_6.out
#SBATCH --error=topoaa_6.err
#SBATCH --chdir=.
export MODDIR=.
export MODULE=/home/greenBeans/haddock3/src/haddock/modules/topology/topoaa/cns
export TOPPAR=/home/greenBeans/haddock3/src/haddock/cns/toppar

cd .
/home/greenBeans/haddock3/bin/cns < hpr_ensemble_5.inp > hpr_ensemble_5.out

b'Submitted batch job 46031\n' b''
#!/usr/bin/env bash
#SBATCH -J haddock3
#SBATCH --nodes=1
#SBATCH --tasks-per-node=1
#SBATCH --output=topoaa_7.out
#SBATCH --error=topoaa_7.err
#SBATCH --chdir=.
export MODDIR=.
export MODULE=/home/greenBeans/haddock3/src/haddock/modules/topology/topoaa/cns
export TOPPAR=/home/greenBeans/haddock3/src/haddock/cns/toppar

cd .
/home/greenBeans/haddock3/bin/cns < hpr_ensemble_6.inp > hpr_ensemble_6.out

b'Submitted batch job 46032\n' b''
#!/usr/bin/env bash
#SBATCH -J haddock3
#SBATCH --nodes=1
#SBATCH --tasks-per-node=1
#SBATCH --output=topoaa_8.out
#SBATCH --error=topoaa_8.err
#SBATCH --chdir=.
export MODDIR=.
export MODULE=/home/greenBeans/haddock3/src/haddock/modules/topology/topoaa/cns
export TOPPAR=/home/greenBeans/haddock3/src/haddock/cns/toppar

cd .
/home/greenBeans/haddock3/bin/cns < hpr_ensemble_7.inp > hpr_ensemble_7.out

b'Submitted batch job 46033\n' b''
#!/usr/bin/env bash
#SBATCH -J haddock3
#SBATCH --nodes=1
#SBATCH --tasks-per-node=1
#SBATCH --output=topoaa_9.out
#SBATCH --error=topoaa_9.err
#SBATCH --chdir=.
export MODDIR=.
export MODULE=/home/greenBeans/haddock3/src/haddock/modules/topology/topoaa/cns
export TOPPAR=/home/greenBeans/haddock3/src/haddock/cns/toppar

cd .
/home/greenBeans/haddock3/bin/cns < hpr_ensemble_8.inp > hpr_ensemble_8.out

b'Submitted batch job 46034\n' b''
#!/usr/bin/env bash
#SBATCH -J haddock3
#SBATCH --nodes=1
#SBATCH --tasks-per-node=1
#SBATCH --output=topoaa_10.out
#SBATCH --error=topoaa_10.err
#SBATCH --chdir=.
export MODDIR=.
export MODULE=/home/greenBeans/haddock3/src/haddock/modules/topology/topoaa/cns
export TOPPAR=/home/greenBeans/haddock3/src/haddock/cns/toppar

cd .
/home/greenBeans/haddock3/bin/cns < hpr_ensemble_9.inp > hpr_ensemble_9.out

b'Submitted batch job 46035\n' b''
#!/usr/bin/env bash
#SBATCH -J haddock3
#SBATCH --nodes=1
#SBATCH --tasks-per-node=1
#SBATCH --output=topoaa_11.out
#SBATCH --error=topoaa_11.err
#SBATCH --chdir=.
export MODDIR=.
export MODULE=/home/greenBeans/haddock3/src/haddock/modules/topology/topoaa/cns
export TOPPAR=/home/greenBeans/haddock3/src/haddock/cns/toppar

cd .
/home/greenBeans/haddock3/bin/cns < hpr_ensemble_10.inp > hpr_ensemble_10.out

b'Submitted batch job 46036\n' b''
[2024-01-02 19:48:28,671 libhpc INFO] >> topoaa_1.job failed
[2024-01-02 19:48:28,771 libhpc INFO] >> topoaa_2.job submitted
[2024-01-02 19:48:28,849 libhpc INFO] >> topoaa_3.job submitted
[2024-01-02 19:48:28,964 libhpc INFO] >> topoaa_4.job submitted
[2024-01-02 19:48:29,101 libhpc INFO] >> topoaa_5.job submitted
[2024-01-02 19:48:29,173 libhpc INFO] >> topoaa_6.job submitted
[2024-01-02 19:48:29,233 libhpc INFO] >> topoaa_7.job submitted
[2024-01-02 19:48:29,311 libhpc INFO] >> topoaa_8.job submitted
[2024-01-02 19:48:29,401 libhpc INFO] >> topoaa_9.job submitted
[2024-01-02 19:48:29,456 libhpc INFO] >> topoaa_10.job submitted
[2024-01-02 19:48:29,527 libhpc INFO] >> topoaa_11.job submitted
[2024-01-02 19:48:29,528 libhpc INFO] >> Waiting... (30.00s)
[2024-01-02 19:48:59,578 libhpc INFO] >> topoaa_1.job failed
[2024-01-02 19:48:59,654 libhpc INFO] >> topoaa_2.job failed
[2024-01-02 19:48:59,697 libhpc INFO] >> topoaa_3.job failed
[2024-01-02 19:48:59,759 libhpc INFO] >> topoaa_4.job failed
[2024-01-02 19:48:59,810 libhpc INFO] >> topoaa_5.job failed
[2024-01-02 19:48:59,882 libhpc INFO] >> topoaa_6.job failed
[2024-01-02 19:48:59,937 libhpc INFO] >> topoaa_7.job failed
[2024-01-02 19:48:59,991 libhpc INFO] >> topoaa_8.job failed
[2024-01-02 19:49:00,083 libhpc INFO] >> topoaa_9.job failed
[2024-01-02 19:49:00,138 libhpc INFO] >> topoaa_10.job failed
[2024-01-02 19:49:00,189 libhpc INFO] >> topoaa_11.job failed
[2024-01-02 19:49:00,189 libhpc INFO] >> Batch 1/1 took 32.55s to finish, 100.00% complete
[2024-01-02 19:49:00,189 __init__ INFO] [topoaa] CNS jobs have finished
[2024-01-02 19:49:00,194 libutil ERROR] 100.00% of output was not generated for this module and tolerance was set to 0.00%.
Traceback (most recent call last):
  File "/home/greenBeans/haddock3/src/haddock/libs/libutil.py", line 310, in log_error_and_exit
    yield
  File "/home/greenBeans/haddock3/src/haddock/clis/cli.py", line 178, in main
    workflow.run()
  File "/home/greenBeans/haddock3/src/haddock/libs/libworkflow.py", line 38, in run
    step.execute()
  File "/home/greenBeans/haddock3/src/haddock/libs/libworkflow.py", line 140, in execute
    self.module.run()
  File "/home/greenBeans/haddock3/src/haddock/modules/base_cns_module.py", line 59, in run
    self._run()
  File "/home/greenBeans/haddock3/src/haddock/modules/topology/topoaa/__init__.py", line 255, in _run
    self.export_output_models(faulty_tolerance=self.params["tolerance"])
  File "/home/greenBeans/haddock3/src/haddock/modules/__init__.py", line 271, in export_output_models
    self.finish_with_error(_msg)
  File "/home/greenBeans/haddock3/src/haddock/modules/__init__.py", line 280, in finish_with_error
    raise RuntimeError(reason)
RuntimeError: 100.00% of output was not generated for this module and tolerance was set to 0.00%.
[2024-01-02 19:49:00,195 libutil ERROR] 100.00% of output was not generated for this module and tolerance was set to 0.00%.
[2024-01-02 19:49:00,195 libutil ERROR] An error has occurred, see log file. And contact the developers if needed.
[2024-01-02 19:49:00,195 libutil INFO] Finished at 02/01/2024 19:49:00. For any help contact us at https://github.com/haddocking/haddock3/issues. Agur! Até logo! Good bye!.
