[2024-01-02 21:42:39,671 cli INFO] 
##############################################
#                                            #
#                 HADDOCK 3                  #
#                                            #
##############################################

Starting HADDOCK 3.0.0 on 2024-01-02 21:42:00

Python 3.9.18 (main, Sep 11 2023, 13:41:44) 
[GCC 11.2.0]

[2024-01-02 21:42:43,478 libworkflow INFO] Reading instructions step 0_topoaa
[2024-01-02 21:42:43,478 libworkflow INFO] Reading instructions step 1_rigidbody
[2024-01-02 21:42:43,479 libworkflow INFO] Reading instructions step 2_seletop
[2024-01-02 21:42:43,479 libworkflow INFO] Reading instructions step 3_caprieval
[2024-01-02 21:42:43,479 libworkflow INFO] Reading instructions step 4_flexref
[2024-01-02 21:42:43,479 libworkflow INFO] Reading instructions step 5_caprieval
[2024-01-02 21:42:43,479 libworkflow INFO] Reading instructions step 6_emref
[2024-01-02 21:42:43,479 libworkflow INFO] Reading instructions step 7_caprieval
[2024-01-02 21:42:43,590 base_cns_module INFO] Running [topoaa] module
[2024-01-02 21:42:43,590 __init__ INFO] [topoaa] Molecule 1: e2aP_1F3G.pdb
[2024-01-02 21:42:43,596 __init__ INFO] [topoaa] Sanitizing molecule e2aP_1F3G.pdb
/mnt/nfs_share/greenBeansHaddock/exp-hpc/run.dpp-hpc-con1-ql9_gl2-gl5-gl6-7/0_topoaa/e2aP_1F3G.inp
e2aP_1F3G.inp
[2024-01-02 21:42:43,713 __init__ INFO] [topoaa] Topology CNS input created in e2aP_1F3G.inp
e2aP_1F3G.out
[2024-01-02 21:42:43,713 __init__ INFO] [topoaa] Molecule 2: hpr_ensemble.pdb
[2024-01-02 21:42:44,320 __init__ INFO] [topoaa] Sanitizing molecule hpr_ensemble_1.pdb
/mnt/nfs_share/greenBeansHaddock/exp-hpc/run.dpp-hpc-con1-ql9_gl2-gl5-gl6-7/0_topoaa/hpr_ensemble_1.inp
hpr_ensemble_1.inp
[2024-01-02 21:42:44,410 __init__ INFO] [topoaa] Topology CNS input created in hpr_ensemble_1.inp
hpr_ensemble_1.out
[2024-01-02 21:42:44,410 __init__ INFO] [topoaa] Sanitizing molecule hpr_ensemble_2.pdb
/mnt/nfs_share/greenBeansHaddock/exp-hpc/run.dpp-hpc-con1-ql9_gl2-gl5-gl6-7/0_topoaa/hpr_ensemble_2.inp
hpr_ensemble_2.inp
[2024-01-02 21:42:44,525 __init__ INFO] [topoaa] Topology CNS input created in hpr_ensemble_2.inp
hpr_ensemble_2.out
[2024-01-02 21:42:44,525 __init__ INFO] [topoaa] Sanitizing molecule hpr_ensemble_3.pdb
/mnt/nfs_share/greenBeansHaddock/exp-hpc/run.dpp-hpc-con1-ql9_gl2-gl5-gl6-7/0_topoaa/hpr_ensemble_3.inp
hpr_ensemble_3.inp
[2024-01-02 21:42:44,634 __init__ INFO] [topoaa] Topology CNS input created in hpr_ensemble_3.inp
hpr_ensemble_3.out
[2024-01-02 21:42:44,634 __init__ INFO] [topoaa] Sanitizing molecule hpr_ensemble_4.pdb
/mnt/nfs_share/greenBeansHaddock/exp-hpc/run.dpp-hpc-con1-ql9_gl2-gl5-gl6-7/0_topoaa/hpr_ensemble_4.inp
hpr_ensemble_4.inp
[2024-01-02 21:42:44,765 __init__ INFO] [topoaa] Topology CNS input created in hpr_ensemble_4.inp
hpr_ensemble_4.out
[2024-01-02 21:42:44,765 __init__ INFO] [topoaa] Sanitizing molecule hpr_ensemble_5.pdb
/mnt/nfs_share/greenBeansHaddock/exp-hpc/run.dpp-hpc-con1-ql9_gl2-gl5-gl6-7/0_topoaa/hpr_ensemble_5.inp
hpr_ensemble_5.inp
[2024-01-02 21:42:44,865 __init__ INFO] [topoaa] Topology CNS input created in hpr_ensemble_5.inp
hpr_ensemble_5.out
[2024-01-02 21:42:44,865 __init__ INFO] [topoaa] Sanitizing molecule hpr_ensemble_6.pdb
/mnt/nfs_share/greenBeansHaddock/exp-hpc/run.dpp-hpc-con1-ql9_gl2-gl5-gl6-7/0_topoaa/hpr_ensemble_6.inp
hpr_ensemble_6.inp
[2024-01-02 21:42:44,987 __init__ INFO] [topoaa] Topology CNS input created in hpr_ensemble_6.inp
hpr_ensemble_6.out
[2024-01-02 21:42:44,987 __init__ INFO] [topoaa] Sanitizing molecule hpr_ensemble_7.pdb
/mnt/nfs_share/greenBeansHaddock/exp-hpc/run.dpp-hpc-con1-ql9_gl2-gl5-gl6-7/0_topoaa/hpr_ensemble_7.inp
hpr_ensemble_7.inp
[2024-01-02 21:42:45,093 __init__ INFO] [topoaa] Topology CNS input created in hpr_ensemble_7.inp
hpr_ensemble_7.out
[2024-01-02 21:42:45,094 __init__ INFO] [topoaa] Sanitizing molecule hpr_ensemble_8.pdb
/mnt/nfs_share/greenBeansHaddock/exp-hpc/run.dpp-hpc-con1-ql9_gl2-gl5-gl6-7/0_topoaa/hpr_ensemble_8.inp
hpr_ensemble_8.inp
[2024-01-02 21:42:45,222 __init__ INFO] [topoaa] Topology CNS input created in hpr_ensemble_8.inp
hpr_ensemble_8.out
[2024-01-02 21:42:45,222 __init__ INFO] [topoaa] Sanitizing molecule hpr_ensemble_9.pdb
/mnt/nfs_share/greenBeansHaddock/exp-hpc/run.dpp-hpc-con1-ql9_gl2-gl5-gl6-7/0_topoaa/hpr_ensemble_9.inp
hpr_ensemble_9.inp
[2024-01-02 21:42:45,334 __init__ INFO] [topoaa] Topology CNS input created in hpr_ensemble_9.inp
hpr_ensemble_9.out
[2024-01-02 21:42:45,334 __init__ INFO] [topoaa] Sanitizing molecule hpr_ensemble_10.pdb
/mnt/nfs_share/greenBeansHaddock/exp-hpc/run.dpp-hpc-con1-ql9_gl2-gl5-gl6-7/0_topoaa/hpr_ensemble_10.inp
hpr_ensemble_10.inp
[2024-01-02 21:42:45,451 __init__ INFO] [topoaa] Topology CNS input created in hpr_ensemble_10.inp
hpr_ensemble_10.out
[2024-01-02 21:42:45,451 __init__ INFO] [topoaa] Running CNS Jobs n=11
[2024-01-02 21:42:45,451 libhpc INFO] > Running batch 1/2
#!/usr/bin/env bash
#SBATCH -J haddock3
#SBATCH --nodes=1
#SBATCH --tasks-per-node=1
#SBATCH --output=topoaa_1.out
#SBATCH --error=topoaa_1.err
#SBATCH --chdir=.
export MODDIR=.
export MODULE=/home/greenBeans/haddock3/src/haddock/modules/topology/topoaa/cns
export TOPPAR=/home/greenBeans/haddock3/src/haddock/cns/toppar

cd .
/home/greenBeans/haddock3/bin/cns < e2aP_1F3G.inp > e2aP_1F3G.out

b'Submitted batch job 46100\n' b''
#!/usr/bin/env bash
#SBATCH -J haddock3
#SBATCH --nodes=1
#SBATCH --tasks-per-node=1
#SBATCH --output=topoaa_2.out
#SBATCH --error=topoaa_2.err
#SBATCH --chdir=.
export MODDIR=.
export MODULE=/home/greenBeans/haddock3/src/haddock/modules/topology/topoaa/cns
export TOPPAR=/home/greenBeans/haddock3/src/haddock/cns/toppar

cd .
/home/greenBeans/haddock3/bin/cns < hpr_ensemble_1.inp > hpr_ensemble_1.out

b'Submitted batch job 46101\n' b''
#!/usr/bin/env bash
#SBATCH -J haddock3
#SBATCH --nodes=1
#SBATCH --tasks-per-node=1
#SBATCH --output=topoaa_3.out
#SBATCH --error=topoaa_3.err
#SBATCH --chdir=.
export MODDIR=.
export MODULE=/home/greenBeans/haddock3/src/haddock/modules/topology/topoaa/cns
export TOPPAR=/home/greenBeans/haddock3/src/haddock/cns/toppar

cd .
/home/greenBeans/haddock3/bin/cns < hpr_ensemble_2.inp > hpr_ensemble_2.out

b'Submitted batch job 46102\n' b''
#!/usr/bin/env bash
#SBATCH -J haddock3
#SBATCH --nodes=1
#SBATCH --tasks-per-node=1
#SBATCH --output=topoaa_4.out
#SBATCH --error=topoaa_4.err
#SBATCH --chdir=.
export MODDIR=.
export MODULE=/home/greenBeans/haddock3/src/haddock/modules/topology/topoaa/cns
export TOPPAR=/home/greenBeans/haddock3/src/haddock/cns/toppar

cd .
/home/greenBeans/haddock3/bin/cns < hpr_ensemble_3.inp > hpr_ensemble_3.out

b'Submitted batch job 46103\n' b''
#!/usr/bin/env bash
#SBATCH -J haddock3
#SBATCH --nodes=1
#SBATCH --tasks-per-node=1
#SBATCH --output=topoaa_5.out
#SBATCH --error=topoaa_5.err
#SBATCH --chdir=.
export MODDIR=.
export MODULE=/home/greenBeans/haddock3/src/haddock/modules/topology/topoaa/cns
export TOPPAR=/home/greenBeans/haddock3/src/haddock/cns/toppar

cd .
/home/greenBeans/haddock3/bin/cns < hpr_ensemble_4.inp > hpr_ensemble_4.out

b'Submitted batch job 46104\n' b''
#!/usr/bin/env bash
#SBATCH -J haddock3
#SBATCH --nodes=1
#SBATCH --tasks-per-node=1
#SBATCH --output=topoaa_6.out
#SBATCH --error=topoaa_6.err
#SBATCH --chdir=.
export MODDIR=.
export MODULE=/home/greenBeans/haddock3/src/haddock/modules/topology/topoaa/cns
export TOPPAR=/home/greenBeans/haddock3/src/haddock/cns/toppar

cd .
/home/greenBeans/haddock3/bin/cns < hpr_ensemble_5.inp > hpr_ensemble_5.out

b'Submitted batch job 46105\n' b''
#!/usr/bin/env bash
#SBATCH -J haddock3
#SBATCH --nodes=1
#SBATCH --tasks-per-node=1
#SBATCH --output=topoaa_7.out
#SBATCH --error=topoaa_7.err
#SBATCH --chdir=.
export MODDIR=.
export MODULE=/home/greenBeans/haddock3/src/haddock/modules/topology/topoaa/cns
export TOPPAR=/home/greenBeans/haddock3/src/haddock/cns/toppar

cd .
/home/greenBeans/haddock3/bin/cns < hpr_ensemble_6.inp > hpr_ensemble_6.out

b'Submitted batch job 46106\n' b''
#!/usr/bin/env bash
#SBATCH -J haddock3
#SBATCH --nodes=1
#SBATCH --tasks-per-node=1
#SBATCH --output=topoaa_8.out
#SBATCH --error=topoaa_8.err
#SBATCH --chdir=.
export MODDIR=.
export MODULE=/home/greenBeans/haddock3/src/haddock/modules/topology/topoaa/cns
export TOPPAR=/home/greenBeans/haddock3/src/haddock/cns/toppar

cd .
/home/greenBeans/haddock3/bin/cns < hpr_ensemble_7.inp > hpr_ensemble_7.out

b'Submitted batch job 46107\n' b''
#!/usr/bin/env bash
#SBATCH -J haddock3
#SBATCH --nodes=1
#SBATCH --tasks-per-node=1
#SBATCH --output=topoaa_9.out
#SBATCH --error=topoaa_9.err
#SBATCH --chdir=.
export MODDIR=.
export MODULE=/home/greenBeans/haddock3/src/haddock/modules/topology/topoaa/cns
export TOPPAR=/home/greenBeans/haddock3/src/haddock/cns/toppar

cd .
/home/greenBeans/haddock3/bin/cns < hpr_ensemble_8.inp > hpr_ensemble_8.out

b'Submitted batch job 46108\n' b''
[2024-01-02 21:42:46,170 libhpc INFO] >> topoaa_1.job running
[2024-01-02 21:42:46,323 libhpc INFO] >> topoaa_2.job submitted
[2024-01-02 21:42:46,415 libhpc INFO] >> topoaa_3.job submitted
[2024-01-02 21:42:46,502 libhpc INFO] >> topoaa_4.job submitted
[2024-01-02 21:42:46,574 libhpc INFO] >> topoaa_5.job submitted
[2024-01-02 21:42:46,654 libhpc INFO] >> topoaa_6.job submitted
[2024-01-02 21:42:46,713 libhpc INFO] >> topoaa_7.job submitted
[2024-01-02 21:42:47,200 libhpc INFO] >> topoaa_8.job submitted
[2024-01-02 21:42:47,344 libhpc INFO] >> topoaa_9.job submitted
[2024-01-02 21:42:47,345 libhpc INFO] >> Waiting... (10.00s)
[2024-01-02 21:42:57,453 libhpc INFO] >> topoaa_1.job failed
[2024-01-02 21:42:57,538 libhpc INFO] >> topoaa_2.job failed
[2024-01-02 21:42:57,610 libhpc INFO] >> topoaa_3.job failed
[2024-01-02 21:42:57,718 libhpc INFO] >> topoaa_4.job failed
[2024-01-02 21:42:57,787 libhpc INFO] >> topoaa_5.job submitted
[2024-01-02 21:42:57,860 libhpc INFO] >> topoaa_6.job submitted
[2024-01-02 21:42:57,932 libhpc INFO] >> topoaa_7.job submitted
[2024-01-02 21:42:57,980 libhpc INFO] >> topoaa_8.job submitted
[2024-01-02 21:42:58,042 libhpc INFO] >> topoaa_9.job submitted
[2024-01-02 21:42:58,042 libhpc INFO] >> Waiting... (10.00s)
[2024-01-02 21:43:08,072 libhpc INFO] >> topoaa_1.job failed
[2024-01-02 21:43:08,163 libhpc INFO] >> topoaa_2.job failed
[2024-01-02 21:43:08,252 libhpc INFO] >> topoaa_3.job failed
[2024-01-02 21:43:08,343 libhpc INFO] >> topoaa_4.job failed
[2024-01-02 21:43:08,423 libhpc INFO] >> topoaa_5.job failed
[2024-01-02 21:43:08,528 libhpc INFO] >> topoaa_6.job failed
[2024-01-02 21:43:08,601 libhpc INFO] >> topoaa_7.job failed
[2024-01-02 21:43:08,704 libhpc INFO] >> topoaa_8.job failed
[2024-01-02 21:43:08,781 libhpc INFO] >> topoaa_9.job submitted
[2024-01-02 21:43:08,781 libhpc INFO] >> Waiting... (10.00s)
[2024-01-02 21:43:18,810 libhpc INFO] >> topoaa_1.job failed
[2024-01-02 21:43:18,884 libhpc INFO] >> topoaa_2.job failed
[2024-01-02 21:43:18,950 libhpc INFO] >> topoaa_3.job failed
[2024-01-02 21:43:19,005 libhpc INFO] >> topoaa_4.job failed
[2024-01-02 21:43:19,064 libhpc INFO] >> topoaa_5.job failed
[2024-01-02 21:43:19,119 libhpc INFO] >> topoaa_6.job failed
[2024-01-02 21:43:19,191 libhpc INFO] >> topoaa_7.job failed
[2024-01-02 21:43:19,256 libhpc INFO] >> topoaa_8.job failed
[2024-01-02 21:43:19,317 libhpc INFO] >> topoaa_9.job failed
[2024-01-02 21:43:19,318 libhpc INFO] >> Batch 1/2 took 33.87s to finish, 50.00% complete
[2024-01-02 21:43:19,318 libhpc INFO] > Running batch 2/2
#!/usr/bin/env bash
#SBATCH -J haddock3
#SBATCH --nodes=1
#SBATCH --tasks-per-node=1
#SBATCH --output=topoaa_10.out
#SBATCH --error=topoaa_10.err
#SBATCH --chdir=.
export MODDIR=.
export MODULE=/home/greenBeans/haddock3/src/haddock/modules/topology/topoaa/cns
export TOPPAR=/home/greenBeans/haddock3/src/haddock/cns/toppar

cd .
/home/greenBeans/haddock3/bin/cns < hpr_ensemble_9.inp > hpr_ensemble_9.out

b'Submitted batch job 46109\n' b''
#!/usr/bin/env bash
#SBATCH -J haddock3
#SBATCH --nodes=1
#SBATCH --tasks-per-node=1
#SBATCH --output=topoaa_11.out
#SBATCH --error=topoaa_11.err
#SBATCH --chdir=.
export MODDIR=.
export MODULE=/home/greenBeans/haddock3/src/haddock/modules/topology/topoaa/cns
export TOPPAR=/home/greenBeans/haddock3/src/haddock/cns/toppar

cd .
/home/greenBeans/haddock3/bin/cns < hpr_ensemble_10.inp > hpr_ensemble_10.out

b'Submitted batch job 46110\n' b''
[2024-01-02 21:43:19,535 libhpc INFO] >> topoaa_10.job submitted
[2024-01-02 21:43:19,654 libhpc INFO] >> topoaa_11.job submitted
[2024-01-02 21:43:19,654 libhpc INFO] >> Waiting... (34.00s)
[2024-01-02 21:43:53,712 libhpc INFO] >> topoaa_10.job failed
[2024-01-02 21:43:53,787 libhpc INFO] >> topoaa_11.job failed
[2024-01-02 21:43:53,787 libhpc INFO] >> Batch 2/2 took 34.47s to finish, 100.00% complete
[2024-01-02 21:43:53,787 __init__ INFO] [topoaa] CNS jobs have finished
[2024-01-02 21:43:53,792 libutil ERROR] 100.00% of output was not generated for this module and tolerance was set to 0.00%.
Traceback (most recent call last):
  File "/home/greenBeans/haddock3/src/haddock/libs/libutil.py", line 310, in log_error_and_exit
    yield
  File "/home/greenBeans/haddock3/src/haddock/clis/cli.py", line 178, in main
    workflow.run()
  File "/home/greenBeans/haddock3/src/haddock/libs/libworkflow.py", line 38, in run
    step.execute()
  File "/home/greenBeans/haddock3/src/haddock/libs/libworkflow.py", line 140, in execute
    self.module.run()
  File "/home/greenBeans/haddock3/src/haddock/modules/base_cns_module.py", line 59, in run
    self._run()
  File "/home/greenBeans/haddock3/src/haddock/modules/topology/topoaa/__init__.py", line 255, in _run
    self.export_output_models(faulty_tolerance=self.params["tolerance"])
  File "/home/greenBeans/haddock3/src/haddock/modules/__init__.py", line 271, in export_output_models
    self.finish_with_error(_msg)
  File "/home/greenBeans/haddock3/src/haddock/modules/__init__.py", line 280, in finish_with_error
    raise RuntimeError(reason)
RuntimeError: 100.00% of output was not generated for this module and tolerance was set to 0.00%.
[2024-01-02 21:43:53,793 libutil ERROR] 100.00% of output was not generated for this module and tolerance was set to 0.00%.
[2024-01-02 21:43:53,793 libutil ERROR] An error has occurred, see log file. And contact the developers if needed.
[2024-01-02 21:43:53,793 libutil INFO] Finished at 02/01/2024 21:43:53. For any help contact us at https://github.com/haddocking/haddock3/issues. Good bye! Au revoir! Agur!.
