Linux 5.15.30-2-pve (superserver2) 	01/28/2024 	_x86_64_	(32 CPU)

08:21:36 PM kbmemfree   kbavail kbmemused  %memused kbbuffers  kbcached  kbcommit   %commit  kbactive   kbinact   kbdirty  kbanonpg    kbslab  kbkstack   kbpgtbl  kbvmused
08:21:41 PM 312864048 389056332   2569476      0.65    857864  75483408   7111804      1.76  50692100  26579784       176   1096760   3098988     10704     10248    863584
08:21:46 PM 312820308 389016928   2606424      0.66    857864  75487636  31000900      7.69  50694508  26640340       672   1155484   3101552      9968     15296    862896
08:21:51 PM 312837336 389034956   2590496      0.66    857864  75488532   6637756      1.65  50694668  26582780        88   1097076   3099556      9712     10212    862704
08:21:56 PM 312840876 389041324   2584164      0.65    857864  75491280   6637756      1.65  50694772  26585428        44   1097080   3099600      9712     10212    862704
08:22:01 PM 312839056 389042376   2582800      0.65    857864  75493996   6637756      1.65  50694828  26588768       244   1097780   3100068      9744     10852    862672
08:22:06 PM 312839380 389045528   2580168      0.65    857864  75496632   6637756      1.65  50694900  26590660       120   1097084   3099740      9712     10216    862672
08:22:11 PM 312835244 389043684   2581976      0.65    857864  75498800   6640628      1.65  50694968  26594220       296   1098588   3099900      9744     10332    862680
08:22:16 PM 312840728 389051548   2574276      0.65    857864  75501044   6637756      1.65  50695024  26594968       212   1097084   3099872      9712     10212    862624
08:22:21 PM 312839628 389053360   2572264      0.65    857864  75503736   6637756      1.65  50695032  26597688       108   1097092   3100292      9712     10216    862672
08:22:26 PM 312835364 389051804   2573816      0.65    857864  75506288   6637756      1.65  50695088  26600144        32   1097096   3100452      9712     10212    862640
08:22:31 PM 312831444 389050432   2575080      0.65    857864  75508672   6640596      1.65  50695160  26603740       224   1098384   3100724      9728     10264    862664
08:22:36 PM 312832676 389054296   2571344      0.65    857864  75511144   6637756      1.65  50695216  26605004        40   1097208   3100756      9696     10212    862656
08:22:41 PM 312827032 389051384   2573940      0.65    857864  75513696   6637756      1.65  50695288  26607472       200   1097244   3101252      9696     10216    862576
08:22:46 PM 311851704 388079488   3537524      0.90    857864  75516792 162322188     40.25  50697064  27598860      1792   2087504   3109900     10720     36640    863376
08:22:51 PM 311783568 388015944   3600820      0.91    857864  75521288 193383776     47.95  50697332  27675700      1464   2160792   3110244     10752     38496    863456
08:22:56 PM 311926672 388162756   3453040      0.87    857864  75524976 174860560     43.36  50697468  27541656      2140   2022844   3111232     10720     35996    863440
08:23:01 PM 311989732 388225556   3389860      0.86    857864  75524600 126110092     31.27  50697796  27462344      2280   1944076   3111728     10688     32332    863408
08:23:06 PM 311760740 388000900   3614736      0.92    857864  75528868 193391324     47.96  50698340  27700960      6216   2179448   3111576     10784     38456    863520
08:23:11 PM 311909888 388155332   3460736      0.88    857864  75534132 167465780     41.53  50698656  27505304      6548   1978304   3111164     10720     35088    863456
08:23:16 PM 311811436 388058456   3558224      0.90    857864  75535592 179464456     44.50  50699172  27609240      4496   2080536   3110668     10752     36196    863472
08:23:21 PM 311748792 387998296   3618248      0.92    857864  75538004 193342876     47.94  50699512  27714532      6680   2184052   3110876     10816     38456    863512
08:23:26 PM 311926964 388181396   3435424      0.87    857864  75542908 151630884     37.60  50699844  27431128      5844   1896260   3110624     10704     33328    863448
08:23:31 PM 311948216 388204792   3412076      0.86    857864  75544884 165539176     41.05  50700392  27508904      4264   1972776   3110744     10688     34624    863376
08:23:36 PM 311725484 387984584   3632252      0.92    857864  75547268 190564140     47.26  50700776  27716928      6072   2178576   3110916     10784     38060    863456
08:23:41 PM 311833680 388096992   3519784      0.89    857864  75551244 170984656     42.40  50701136  27610508      5792   2069120   3111212     10720     36500    863408
08:23:46 PM 311833280 388100492   3516984      0.89    857864  75554844 168186060     41.71  50701680  27583292      4716   2038480   3110812     10704     35000    863392
08:23:51 PM 311672080 387942032   3674948      0.93    857864  75557276 190583400     47.26  50702092  27727312      6512   2181128   3111616     10816     38284    863528
08:23:56 PM 311899128 388173800   3442644      0.87    857864  75561932 158138044     39.21  50702360  27496680      6260   1945628   3112216     10688     34796    863376
08:24:01 PM 311861928 388138148   3478524      0.88    857864  75563336 157104648     38.96  50702848  27501792      3864   1949948   3112132     10688     33852    863344
08:24:06 PM 311642352 387921768   3695464      0.94    857864  75566356 189698324     47.04  50703264  27708452      6172   2153428   3111748     10784     37928    863392
08:24:11 PM 311920364 388203320   3413920      0.86    857864  75569744 151625608     37.60  50703512  27454092      5256   1896432   3111892     10640     33064    863328
08:24:16 PM 311775224 388060956   3557312      0.90    857864  75572412 168861012     41.87  50704124  27613984      4336   2054616   3110972     10720     35460    863376
08:24:21 PM 311782544 388072304   3545368      0.90    857864  75576424 170154900     42.19  50704464  27576184      5548   2012572   3111584     10720     35144    863408
08:24:26 PM 311886860 388180252   3437184      0.87    857864  75579868 152292496     37.77  50704824  27467216      4588   1900948   3112008     10656     33676    863408
08:24:31 PM 311745952 388041688   3575544      0.91    857864  75582016 178228348     44.20  50705452  27642040      4764   2074288   3112408     10720     35780    863440
08:24:36 PM 311694508 387993468   3624212      0.92    857864  75585224 184704372     45.80  50705744  27704652      6496   2132924   3111976     10736     37060    863456
08:24:41 PM 311920936 388224896   3392384      0.86    857864  75590240 149493092     37.07  50706100  27457192      4676   1881612   3112360     10640     32864    863360
08:24:46 PM 311763188 388068404   3548780      0.90    857864  75591400 176449460     43.76  50706656  27630920      5260   2054644   3112552     10752     35924    863360
08:24:51 PM 311701040 388009096   3608388      0.91    857864  75594152 178195668     44.19  50706980  27661056      6588   2082036   3112340     10768     36232    863328
08:24:56 PM 311715252 388027536   3589740      0.91    857864  75598324 168866916     41.88  50707448  27658388      4876   2075716   3112604     10720     35072    863376
08:25:01 PM 311669192 387984100   3633696      0.92    857864  75600804 187549604     46.51  50707904  27737116      5868   2153220   3112228     10768     37244    863440
08:25:06 PM 311788948 388107524   3510788      0.89    857864  75604464 166204256     41.21  50708256  27584020      5352   1996356   3111720     10720     35056    863360
08:25:11 PM 311752772 388075128   3542380      0.90    857864  75608212 169917412     42.14  50708748  27614792      5216   2024164   3112556     10688     35372    863440
08:25:16 PM 311669468 387994488   3621364      0.92    857864  75610816 184707336     45.80  50709184  27726080      5896   2133432   3114272     10752     37520    863400
08:25:21 PM 311685240 388013480   3603404      0.91    857864  75614048 183853428     45.59  50709656  27716408      6268   2120356   3113228     10768     37196    863416
08:25:26 PM 311729760 388061668   3555676      0.90    857864  75617760 174503248     43.27  50710068  27669184      5828   2069752   3112724     10704     35804    863360
08:25:31 PM 311739612 388074772   3542736      0.90    857864  75620984 167991476     41.66  50710512  27652924      5608   2051160   3112588     10704     35816    863360
08:25:36 PM 311742560 388081532   3537012      0.90    857864  75624644 164268924     40.73  50710956  27607004      4512   2002180   3111704     10688     34224    863360
08:25:41 PM 311764128 388106356   3512124      0.89    857864  75627784 164284156     40.74  50711316  27613820      5552   2006036   3111884     10688     34508    863296
08:25:46 PM 311888248 388235328   3383524      0.86    857864  75632488 152290064     37.76  50711800  27490940      4556   1879052   3111660     10672     32788    863240
08:25:51 PM 311678952 388027436   3591176      0.91    857864  75633796 181022252     44.89  50712288  27723376      5684   2109836   3111996     10704     36940    863248
08:25:56 PM 311644948 387996584   3621988      0.92    857864  75636936 184704580     45.80  50712624  27763704      6220   2148028   3112048     10736     37676    863344
08:26:01 PM 311628216 387983028   3635352      0.92    857864  75640084 178181456     44.18  50713180  27728452      5712   2110496   3112268     10704     36384    863264
08:26:06 PM 311676380 388034884   3583444      0.91    857864  75643660 180128132     44.67  50713496  27713720      6356   2093036   3112436     10704     36628    863264
08:26:11 PM 311714464 388077044   3541488      0.90    857864  75647848 167094268     41.44  50713988  27655900      5724   2030728   3112120     10720     35468    863312
08:26:16 PM 311589708 387954528   3663800      0.93    857864  75649988 183837060     45.59  50714460  27745924      5668   2118760   3112424     10720     36908    863328
08:26:21 PM 311602964 387971092   3647348      0.92    857864  75653244 187531860     46.50  50714860  27785820      6440   2155180   3112364     10720     37380    863376
08:26:26 PM 311678692 388050620   3567808      0.90    857864  75656956 174502968     43.27  50715288  27701224      5572   2067660   3112464     10688     36428    863328
08:26:31 PM 311648688 388023632   3594920      0.91    857864  75659900 181031644     44.89  50715736  27733000      5932   2097148   3112412     10720     36392    863312
08:26:36 PM 311779492 388158444   3459736      0.88    857864  75663844 166228976     41.22  50716052  27640296      5604   2000676   3112848     10624     34496    863328
08:26:41 PM 311769948 388150900   3466876      0.88    857864  75665852 160588376     39.82  50716532  27626264      4644   1984824   3113244     10624     34516    863312
08:26:46 PM 311609876 387994224   3623044      0.92    857864  75669168 183844376     45.59  50716972  27758580      6004   2115212   3113832     10704     36936    863264
08:26:51 PM 311771344 388159088   3458288      0.88    857864  75672492 159683068     39.60  50717292  27615372      6240   1968352   3113796     10704     34692    863224
08:26:56 PM 311672308 388062704   3555380      0.90    857864  75675036 175394596     43.49  50717804  27724676      4988   2076036   3113196     10704     35532    863320
08:27:01 PM 311610708 388004668   3611644      0.91    857864  75679072 187523520     46.50  50718208  27796064      5916   2144840   3114496     10736     37740    863376
08:27:06 PM 311718136 388115732   3501328      0.89    857864  75682124 170821112     42.36  50718576  27692244      5004   2037160   3114332     10656     35296    863328
08:27:11 PM 311674284 388075516   3540896      0.90    857864  75685484 181010668     44.89  50719104  27752736      6004   2085660   3115256     10704     36516    863360
08:27:16 PM 311699672 388104176   3512092      0.89    857864  75688756 174491216     43.27  50719432  27728760      5440   2067768   3115400     10624     35832    863344
08:27:21 PM 311610188 388017336   3598796      0.91    857864  75691160 187548516     46.51  50719968  27813704      5188   2151432   3115776     10704     37036    863376
08:27:26 PM 311671740 388082944   3533792      0.89    857864  75695204 177312920     43.97  50720332  27739772      5852   2073704   3115184     10688     36188    863312
08:27:31 PM 311734580 388149576   3466888      0.88    857864  75698640 166221780     41.22  50720816  27665860      4688   1996404   3115812     10672     34384    863320
08:27:36 PM 311624548 388042476   3573020      0.90    857864  75701536 174502304     43.27  50721204  27744304      6100   2072424   3116816     10688     36584    863376
08:27:41 PM 311761488 388182880   3431972      0.87    857864  75704944 158811184     39.38  50721552  27613828      5056   1939100   3117516     10624     33756    863360
08:27:46 PM 311740704 388165356   3450880      0.87    857864  75708004 167983940     41.66  50722048  27694868      4904   2017760   3116332     10656     35280    863360
08:27:51 PM 311650116 388077964   3539152      0.90    857864  75711168 178203972     44.19  50722512  27798960      5796   2118188   3115484     10672     36848    863344
08:27:56 PM 311729800 388161408   3454856      0.87    857864  75714752 164307836     40.74  50722852  27693088      5852   2009968   3116512     10672     35116    863312
08:28:01 PM 311711696 388145672   3470184      0.88    857864  75717716 164280376     40.74  50723320  27692440      4532   2006300   3116324     10640     34228    863344
08:28:06 PM 311579688 388016820   3600136      0.91    857864  75720208 181708808     45.06  50723788  27807736      6268   2119640   3115888     10688     36756    863320
08:28:11 PM 311724948 388165264   3452980      0.87    857864  75723344 148839676     36.91  50724092  27612552      5404   1922144   3114648     10480     31484    863200
08:28:16 PM 311989068 388431504   3188616      0.81    857864  75725432 102150936     25.33  50724404  27340004      3380   1646984   3112804     10224     24652    863056
08:28:21 PM 312462468 388905880   2716780      0.69    857864  75726332  16745472      4.15  50724436  26833596       568   1139872   3110340      9808     12196    862744
08:28:26 PM 312493320 388938272   2685592      0.68    857864  75727476   6643008      1.65  50724432  26798300       204   1103464   3109532      9680     10228    862640
08:28:31 PM 311806756 388252400   3363356      0.85    857864  75728080  68725396     17.04  50758428  27509396       248   1847920   3117728     10176     20668    863120
08:28:36 PM 311807924 388253904   3361672      0.85    857864  75728416  66584624     16.51  50759352  27521552        36   1860600   3117908     10176     20312    863072
08:28:41 PM 312468636 388915012   2707512      0.69    857864  75728716   6643008      1.65  50759912  26764864       288   1104220   3111056      9744     10448    862720
08:28:46 PM 312467232 388912872   2710016      0.69    857864  75727980   6643008      1.65  50759912  26763676        48   1103796   3110692      9728     10232    862704
08:28:51 PM 312465284 388913188   2710004      0.69    857864  75730248   6646592      1.65  50759916  26769416       112   1107220   3110384      9728     10228    862720
08:28:56 PM 312463696 388915508   2707616      0.69    857864  75734080   6646592      1.65  50759916  26773232        40   1107220   3110528      9744     10228    862720
08:29:01 PM 311636192 388093508   3520452      0.89    857864  75739248 130998788     32.48  50760832  27685764      3004   2016232   3120028     10704     34616    863392
08:29:06 PM 311213756 387672192   3942432      1.00    857864  75740340 176527056     43.77  50760968  27808904       344   2138440   3119392     10656     38340    863360
08:29:11 PM 311229116 387687640   3927300      0.99    857864  75740448 176531228     43.78  50760976  27810636       512   2140000   3119056     10656     38352    863328
08:29:16 PM 311231712 387690328   3924792      0.99    857864  75740580 176535972     43.78  50760976  27815216       384   2144316   3118836     10672     38408    863304
08:29:21 PM 311307268 387766164   3849244      0.97    857864  75740824 176533956     43.78  50760980  27827536       592   2156540   3118584     10672     38352    863312
08:29:26 PM 311333352 387792580   3822836      0.97    857864  75741264 176533956     43.78  50761060  27831980       500   2160812   3118468     10672     38356    863312
08:29:31 PM 311395284 387855008   3760652      0.95    857864  75741696 176561148     43.78  50761088  27843968       644   2172404   3118288     10704     38508    863304
08:29:36 PM 311437192 387897296   3718380      0.94    857864  75742072 176701508     43.82  50761092  27896424       584   2224676   3118276     10672     38588    863264
08:29:41 PM 311504000 387964360   3651248      0.92    857864  75742324 176653380     43.81  50761092  27882104       460   2209768   3118348     10672     38600    863280
08:29:46 PM 311501112 387961672   3653904      0.93    857864  75742568 176653380     43.81  50761088  27884100       352   2211368   3118336     10672     38600    863248
08:29:51 PM 311492084 387952880   3662904      0.93    857864  75742856 176653380     43.81  50761084  27885604       776   2212568   3118076     10672     38596    863248
08:29:56 PM 311510648 387971736   3644460      0.92    857864  75743080 176665360     43.81  50761092  27892140       312   2218560   3117732     10672     38616    863264
08:30:01 PM 311501932 387963260   3652996      0.93    857864  75743384 176709844     43.82  50761088  27911012       420   2237524   3117608     10672     38568    863264
08:30:06 PM 311495504 387957216   3658616      0.93    857864  75743740 176752032     43.83  50761092  27929616       424   2255712   3118060     10688     38776    863280
08:30:11 PM 311505972 387967956   3647888      0.92    857864  75744160 176780348     43.84  50761088  27944904       456   2270700   3117900     10688     38828    863280
08:30:16 PM 311517724 387980204   3635568      0.92    857864  75744564 176790300     43.84  50761088  27950784       468   2275856   3118064     10688     38852    863344
08:30:21 PM 311541548 388004320   3611332      0.91    857868  75745060 173070348     42.92  50761092  27914836       608   2239768   3117976     10688     38344    863344
08:30:26 PM 311465148 387928516   3687688      0.93    857868  75745416 176770160     43.84  50761168  27946592       632   2270908   3117664     10720     38912    863352
08:30:31 PM 311512480 387976700   3639588      0.92    857868  75746332 170168520     42.20  50761280  27868360       596   2191992   3117516     10688     37696    863344
08:30:36 PM 311448020 387912128   3704296      0.94    857868  75746188 173856564     43.11  50761640  27887496      1188   2211704   3117412     10704     37988    863360
08:30:41 PM 311428088 387892368   3724020      0.94    857868  75746368 173715304     43.08  50761908  27832912      2176   2157240   3117440     10704     38084    863384
08:30:46 PM 311330500 387795148   3821856      0.97    857868  75746700 173801420     43.10  50762064  27872344       540   2196420   3116860     10704     38132    863392
08:30:51 PM 311334380 387799380   3817244      0.97    857868  75747024 176522732     43.77  50762152  27843360       588   2167280   3117268     10704     38348    863360
08:30:56 PM 311346072 387811392   3805204      0.96    857868  75747328 176540368     43.78  50762216  27853944       304   2177576   3117312     10720     38388    863312
08:31:01 PM 311375024 387840652   3775648      0.96    857868  75747680 176560264     43.78  50762224  27865568       348   2188996   3117564     10704     38420    863296
08:31:06 PM 311392480 387858488   3758096      0.95    857868  75748028 176670412     43.81  50762248  27906676       276   2229428   3117312     10704     38464    863264
08:31:11 PM 311457896 387924160   3692220      0.94    857868  75748376 176611128     43.80  50762248  27890588       336   2213352   3117424     10704     38528    863312
08:31:16 PM 311504940 387971592   3644964      0.92    857868  75748672 176625504     43.80  50762256  27897948       108   2219940   3117340     10720     38608    863320
08:31:21 PM 311527852 387994668   3621832      0.92    857868  75748964 176640336     43.80  50762252  27904912       504   2227260   3117268     10704     38580    863312
08:31:26 PM 311540948 388008168   3608344      0.91    857868  75749228 176658940     43.81  50762256  27913992       228   2235492   3117396     10704     38620    863328
08:31:31 PM 311550356 388017800   3598968      0.91    857868  75749544 176689016     43.81  50762256  27928976       372   2250356   3117048     10704     38676    863344
08:31:36 PM 311536076 388003948   3613092      0.91    857868  75749868 176713404     43.82  50762264  27941076       412   2261736   3116880     10736     38832    863352
08:31:41 PM 311525596 387993660   3623520      0.92    857868  75750208 176730244     43.83  50762252  27949348       360   2270292   3116592     10704     38776    863408
08:31:46 PM 311511488 387979956   3637292      0.92    857868  75750484 176735348     43.83  50762256  27952776       164   2273036   3116652     10704     39012    863376
08:31:51 PM 311439520 387908352   3708708      0.94    857868  75751008 176742328     43.83  50762320  27954316       348   2274516   3116680     10704     38804    863360
08:31:56 PM 311425356 387894692   3722304      0.94    857868  75751396 176747460     43.83  50762352  27956516       144   2275896   3116860     10704     38884    863296
08:32:01 PM 311460648 387930892   3685736      0.93    857868  75752368 171027608     42.41  50762488  27893112       308   2211852   3117164     10736     38268    863280
08:32:06 PM 311356524 387826484   3790456      0.96    857868  75751944 176602164     43.79  50762812  27893440      1728   2212172   3116992     10720     38448    863296
08:32:11 PM 311286428 387756836   3859904      0.98    857868  75752500 176627980     43.80  50762876  27896580       164   2215688   3117084     10704     38580    863264
08:32:16 PM 311277488 387748208   3868408      0.98    857868  75752744 173769172     43.09  50763008  27875280       180   2194300   3117276     10704     38316    863328
08:32:21 PM 311254732 387725852   3890920      0.99    857868  75753096 176672260     43.81  50763108  27909372       172   2228012   3117168     10704     38564    863344
08:32:26 PM 311318236 387789468   3827508      0.97    857868  75753232 173731772     43.08  50763220  27857204       136   2175908   3116940     10704     38088    863296
08:32:31 PM 311362384 387834236   3782804      0.96    857868  75753840 176554524     43.78  50763328  27867232        76   2185512   3116888     10704     38504    863328
08:32:36 PM 311386788 387858848   3758208      0.95    857868  75754088 176584660     43.79  50763364  27878720       552   2196904   3116832     10736     38596    863320
08:32:41 PM 311400832 387873232   3744016      0.95    857868  75754372 176598028     43.79  50763384  27885972       636   2203796   3116696     10704     38516    863328
08:32:46 PM 311449968 387922676   3694460      0.94    857868  75754644 176613968     43.80  50763388  27895808       672   2213816   3116844     10768     38744    863416
08:32:51 PM 311408968 387881964   3735368      0.95    857868  75754956 176721244     43.82  50763412  27937692       892   2254940   3116624     10736     38740    863336
08:32:56 PM 311431792 387905076   3712136      0.94    857868  75755276 176643964     43.80  50763412  27913064       400   2230240   3116712     10704     38604    863328
08:33:01 PM 311413128 387886740   3730156      0.94    857868  75755704 176686488     43.81  50763412  27930424       484   2247040   3116928     10720     39032    863360
08:33:06 PM 311400124 387874016   3742892      0.95    857868  75755904 176704628     43.82  50763404  27939508       384   2255712   3116996     10704     38724    863360
08:33:11 PM 311411680 387885928   3731156      0.94    857868  75756232 176720412     43.82  50763416  27947660       644   2263672   3116848     10688     38752    863328
08:33:16 PM 311401488 387876012   3741156      0.95    857868  75756588 176733172     43.83  50763416  27955588       416   2271176   3116684     10688     38776    863328
08:33:21 PM 311365076 387840064   3777084      0.96    857868  75757028 176822852     43.85  50763452  27987900       660   2302848   3116728     10688     38844    863328
08:33:26 PM 311350856 387826068   3790816      0.96    857868  75757336 176805888     43.84  50763556  27977548       608   2292696   3116908     10688     38808    863312
08:33:31 PM 311396260 387872396   3744256      0.95    857868  75758048 176661400     43.81  50763720  27926600      1108   2240972   3117352     10720     38528    863336
08:33:36 PM 311320224 387796400   3820388      0.97    857868  75758096 176683316     43.81  50763812  27927500       676   2242000   3117208     10688     38636    863312
08:33:41 PM 311369572 387846464   3769976      0.95    857868  75758696 172922192     42.88  50763924  27877460       804   2191528   3117672     10672     38008    863328
08:33:46 PM 311302512 387779412   3837080      0.97    857868  75758764 176656340     43.81  50763956  27916696       428   2230788   3117560     10672     38628    863328
08:33:51 PM 311320916 387798340   3818180      0.97    857868  75759100 176603864     43.79  50764124  27899380       776   2213084   3117720     10688     38580    863352
08:33:56 PM 311343708 387821424   3794360      0.96    857868  75759400 176665412     43.81  50764268  27914120       776   2227732   3118448     10688     38284    863344
08:34:01 PM 311353848 387832012   3784200      0.96    857868  75759772 176595868     43.79  50764328  27891540       656   2204872   3118096     10656     38360    863344
08:34:06 PM 311367260 387845828   3770204      0.95    857868  75760084 176570968     43.79  50764480  27880100       576   2193364   3118368     10688     38444    863360
08:34:11 PM 311364256 387843108   3772768      0.96    857868  75760372 176577088     43.79  50764536  27882452       652   2195204   3118520     10688     38464    863360
08:34:16 PM 311335976 387815068   3800996      0.96    857868  75760652 176684152     43.81  50764548  27922184       472   2234828   3118292     10720     38636    863352
08:34:21 PM 311399084 387878524   3737580      0.95    857868  75760948 176611956     43.80  50764556  27900844       316   2213072   3118304     10688     38524    863328
08:34:26 PM 311407636 387887272   3728804      0.94    857868  75761240 176719836     43.82  50764548  27940944       548   2253084   3118236     10688     38572    863312
08:34:31 PM 311459292 387939336   3677164      0.93    857868  75761580 176658228     43.81  50764576  27924200       460   2235740   3117880     10688     38628    863296
08:34:36 PM 311463272 387943584   3672372      0.93    857868  75761928 176693436     43.82  50764576  27939472       504   2250888   3118344     10704     38872    863416
08:34:41 PM 311422948 387903692   3712196      0.94    857868  75762264 176713368     43.82  50764572  27947912       428   2258648   3118508     10688     38732    863456
08:34:46 PM 311421496 387902456   3713104      0.94    857868  75762604 176730248     43.83  50764572  27956072       244   2266724   3118712     10688     38772    863408
08:34:51 PM 311413160 387894596   3720560      0.94    857868  75762948 176824188     43.85  50764600  27989060       540   2299204   3119248     10688     38716    863424
08:34:56 PM 311422824 387904592   3710808      0.94    857868  75763392 176725868     43.82  50764648  27956340       268   2266272   3118892     10688     38960    863376
08:35:01 PM 311501404 387983872   3632320      0.92    857868  75763724 160600564     39.83  50764684  27840412       456   2149668   3118468     10656     36336    863344
08:35:06 PM 311410512 387892880   3723080      0.94    857868  75763928 170868736     42.37  50764792  27915008       316   2224576   3118396     10656     37852    863344
08:35:11 PM 311412724 387895568   3721116      0.94    857868  75764264 170919088     42.38  50764940  27909648       484   2218544   3117812     10672     37676    863360
08:35:16 PM 311386640 387869636   3746980      0.95    857868  75764524 170813064     42.36  50765004  27889528       480   2198664   3117772     10704     37700    863336
08:35:21 PM 311375860 387859060   3758072      0.95    857868  75764732 170759608     42.34  50765192  27869060       536   2178048   3117252     10688     37372    863360
08:35:26 PM 311414824 387898760   3717992      0.94    857868  75765516 167909908     41.64  50765324  27835192       148   2143600   3117584     10656     36724    863328
08:35:31 PM 311365748 387849848   3766552      0.95    857868  75765608 170758876     42.34  50765372  27865248       172   2173304   3118008     10672     37540    863360
08:35:36 PM 311370480 387854808   3760972      0.95    857868  75765864 170729132     42.34  50765480  27853892       116   2162208   3118600     10672     37464    863360
08:35:41 PM 311398348 387883136   3732440      0.95    857868  75766248 167888864     41.63  50765544  27830880       172   2138676   3118880     10688     36928    863416
08:35:46 PM 311365636 387850700   3764748      0.95    857868  75766560 170724872     42.34  50765620  27855600       804   2163300   3118972     10656     37468    863360
08:35:51 PM 311366112 387851496   3763952      0.95    857868  75766872 170752020     42.34  50765660  27865096       156   2172760   3118980     10656     37556    863344
08:35:56 PM 311364188 387849836   3765648      0.95    857868  75767152 170851640     42.37  50765672  27895252       124   2202560   3118928     10656     37540    863344
08:36:01 PM 311369888 387855816   3759616      0.95    857868  75767452 170873772     42.37  50765680  27916452       528   2223056   3118960     10624     37504    863344
08:36:06 PM 311411324 387897576   3717884      0.94    857868  75767788 170798168     42.35  50765692  27893508       732   2199704   3118920     10672     37680    863384
08:36:11 PM 311406404 387892944   3722488      0.94    857868  75768120 170902632     42.38  50765688  27931932       528   2238300   3118904     10688     37768    863400
08:36:16 PM 311438220 387925156   3690336      0.93    857868  75768444 170923148     42.39  50765692  27941448       728   2247496   3118916     10656     37700    863376
08:36:21 PM 311467456 387954904   3659992      0.93    857868  75769076 170894000     42.38  50765764  27904396       772   2209992   3119392     10656     37352    863408
08:36:26 PM 311431296 387918912   3696248      0.94    857868  75769164 170847264     42.37  50765804  27914188       444   2219556   3119208     10656     37712    863408
08:36:31 PM 311425836 387913780   3701116      0.94    857868  75769528 170845012     42.37  50765876  27912620       832   2217696   3119436     10656     37688    863392
08:36:36 PM 311462624 387951184   3663864      0.93    857868  75770080 167118712     41.44  50765908  27872264       528   2176556   3119348     10656     37048    863360
08:36:41 PM 311439636 387928308   3687368      0.93    857868  75770204 170827488     42.36  50765984  27906264       688   2210860   3118708     10656     37684    863328
08:36:46 PM 311453900 387942876   3673040      0.93    857868  75770444 170787904     42.35  50766104  27887640       716   2192512   3118532     10656     37828    863312
08:36:51 PM 311409160 387898628   3717596      0.94    857868  75770980 170863428     42.37  50766252  27912928       968   2216856   3118180     10656     37588    863328
08:36:56 PM 311428480 387918256   3698228      0.94    857868  75771248 170761468     42.35  50766364  27874532       556   2177784   3117960     10656     37664    863248
08:37:01 PM 311409492 387899472   3716556      0.94    857868  75771920 170753664     42.34  50766436  27871280       888   2174560   3117948     10672     37912    863360
08:37:06 PM 311422820 387913200   3703492      0.94    857868  75771864 170749872     42.34  50766540  27868088       720   2171384   3117740     10688     37668    863384
08:37:11 PM 311436448 387927336   3689772      0.93    857868  75772400 167016292     41.42  50766580  27830280       676   2132820   3117296     10688     37148    863352
08:37:16 PM 311396596 387887644   3729568      0.94    857868  75772532 170729084     42.34  50766676  27863828       644   2166608   3117220     10672     37576    863360
08:37:21 PM 311387012 387878452   3738868      0.95    857868  75772832 170825052     42.36  50766744  27896696       480   2199308   3117204     10656     37544    863328
08:37:26 PM 311429476 387921228   3696200      0.94    857868  75773132 170753368     42.34  50766792  27872368       444   2174716   3117108     10656     37564    863328
08:37:31 PM 311423224 387915228   3701708      0.94    857868  75773416 170774568     42.35  50766796  27883052       328   2185212   3117568     10656     37608    863328
08:37:36 PM 311426568 387918908   3697684      0.94    857868  75773740 170784720     42.35  50766804  27890596       320   2192248   3117924     10656     37632    863328
08:37:41 PM 311421476 387914120   3702476      0.94    857868  75774052 170884048     42.38  50766804  27928004       360   2229568   3117912     10656     37656    863296
08:37:46 PM 311414980 387907984   3708500      0.94    857868  75774388 170998800     42.40  50766812  27959492       284   2260544   3118048     10656     37688    863344
08:37:51 PM 311469348 387962676   3653580      0.93    857868  75774736 170825200     42.36  50766888  27908052       568   2208992   3118252     10656     37684    863360
08:37:56 PM 311464272 387958136   3658680      0.93    857868  75775156 170834940     42.36  50766924  27914668       512   2214900   3117808     10640     37688    863312
08:38:01 PM 311447904 387941960   3674644      0.93    857868  75775436 170838992     42.36  50767000  27915496       496   2215192   3117932     10704     38168    863352
08:38:06 PM 311471556 387965976   3650572      0.92    857868  75775728 167995796     41.66  50767016  27905452       640   2205008   3118060     10656     37536    863328
08:38:11 PM 311468388 387963076   3653232      0.93    857868  75776100 170825492     42.36  50767104  27909184       620   2208936   3118196     10672     37776    863328
08:38:16 PM 311410988 387906176   3709840      0.94    857868  75776436 170875308     42.37  50767232  27928816       240   2228092   3118652     10672     37724    863344
08:38:21 PM 311476804 387972188   3643832      0.92    857868  75776716 167942828     41.65  50767352  27873480       540   2173452   3118564     10656     36896    863312
08:38:26 PM 311452144 387948036   3668216      0.93    857868  75777076 170768924     42.35  50767452  27883744       636   2182596   3118480     10672     37236    863352
08:38:31 PM 311424400 387920492   3695500      0.94    857868  75777456 170862116     42.37  50767520  27912852       520   2211732   3118560     10656     37392    863376
08:38:36 PM 311417740 387914276   3701516      0.94    857868  75777776 170766864     42.35  50767580  27881156       216   2179200   3118884     10640     37496    863392
08:38:41 PM 311434440 387931220   3684188      0.93    857868  75778112 170758536     42.34  50767656  27878472       488   2176724   3119176     10672     37600    863416
08:38:46 PM 311453172 387950368   3665336      0.93    857868  75778484 167012132     41.42  50767752  27833960       324   2131512   3118924     10672     36924    863344
08:38:51 PM 311393664 387891204   3724380      0.94    857868  75778884 170753400     42.34  50767788  27877932       240   2175592   3118988     10672     37576    863376
08:38:56 PM 311421992 387919976   3695420      0.94    857868  75779248 170767816     42.35  50767836  27885036       216   2182004   3119256     10672     37616    863328
08:39:01 PM 311405184 387903424   3711668      0.94    857868  75779984 170763640     42.35  50767908  27883288       432   2180012   3119080     10720     38244    863376
08:39:06 PM 311425672 387924248   3691300      0.93    857868  75779792 170788700     42.35  50767920  27894648       256   2191116   3119152     10672     37592    863392
08:39:11 PM 311414084 387912928   3702668      0.94    857868  75780128 170793364     42.35  50767924  27897852       172   2194404   3119036     10624     37592    863360
08:39:16 PM 311473012 387972544   3643160      0.92    857868  75780692 167092220     41.44  50767932  27873632       244   2169280   3119052     10656     37192    863376
08:39:21 PM 311506720 388005956   3609968      0.91    857868  75780560 159099340     39.45  50767940  27836796       232   2133104   3118668     10640     35756    863376
08:39:26 PM 311530004 388029464   3586724      0.91    857868  75780800 153255812     38.00  50767940  27807420       144   2103252   3118388     10544     34760    863392
08:39:31 PM 311656288 388156108   3461236      0.88    857868  75781064 137824720     34.18  50767932  27697780       204   1993316   3117328     10544     32456    863256
08:39:36 PM 311706340 388205836   3411812      0.86    857868  75780852 123962168     30.74  50767932  27619316       648   1915148   3116912     10416     29976    863192
08:39:41 PM 311730496 388230264   3387340      0.86    857868  75781052 118103088     29.29  50767932  27582048       464   1877516   3117028     10416     28980    863104
08:39:46 PM 311883712 388383580   3234736      0.82    857868  75781216  94643260     23.47  50767928  27422420       312   1717844   3116252     10240     25364    863008
08:39:51 PM 311970276 388470468   3148808      0.80    857868  75781400  71176044     17.65  50767936  27262544       428   1557412   3115432     10128     21768    862928
08:39:56 PM 312090564 388590396   3029800      0.77    857868  75781108  47717028     11.83  50767936  27100940       368   1396288   3114444     10032     17924    862848
08:40:01 PM 312164120 388663556   2958024      0.75    857868  75780668  35982120      8.92  50767932  27017712       252   1313176   3113104      9904     15664    862800
08:40:06 PM 312228028 388727008   2895200      0.73    857868  75780204  24246308      6.01  50767924  26934868       156   1230828   3112484      9856     13152    862752
08:40:11 PM 312305304 388804212   2819136      0.71    857868  75780048  12516940      3.10  50767936  26854964        56   1151016   3111428      9856     11320    862744
08:40:16 PM 312196636 388696024   2919640      0.74    857868  75780400  68832916     17.07  50801524  26975020       212   1304428   3119240     10240     20344    863136
08:40:21 PM 311962300 388462128   3153264      0.80    857868  75780712  68832916     17.07  50802408  27257356       184   1587256   3119640     10240     20668    863120
08:40:26 PM 311726076 388226216   3389920      0.86    857868  75780988  64544204     16.01  50803224  27535180       108   1865648   3118932     10240     19980    863088
08:40:31 PM 312334580 388834584   2787300      0.71    857868  75780880   6646592      1.65  50803420  26776728       112   1107484   3113156      9760     10236    862784
08:40:36 PM 312331952 388832164   2789804      0.71    857868  75781068   6647104      1.65  50803408  26777728        64   1108236   3113092      9760     10192    862784
08:40:41 PM 312334788 388837872   2783952      0.71    857868  75783792   6647104      1.65  50803416  26780604        88   1108380   3113384      9744     10176    862768
08:40:46 PM 312333844 388839988   2781412      0.70    857868  75786736   6647104      1.65  50803416  26783576         0   1108356   3113924      9792     10260    862768
08:40:51 PM 311442480 387954972   3658540      0.93    857868  75792940 176417676     43.75  50804360  27796864      5784   2116752   3121956     10704     38112    863472
08:40:56 PM 311547692 388065460   3548416      0.90    857868  75798192 158732988     39.36  50804492  27686056      3168   2000528   3121616     10688     35768    863424
08:41:01 PM 311961380 388478944   3135796      0.79    857868  75798136  94454968     23.42  50804736  27259916      2292   1574568   3120604     10496     26828    863216
08:41:06 PM 311483896 388006584   3609376      0.91    857868  75803176 172728344     42.83  50805420  27798668      7892   2108720   3119468     10704     37444    863376
08:41:11 PM 311873452 388403096   3213600      0.81    857868  75810084 121647292     30.17  50805640  27383940      5172   1687768   3118780     10480     28700    863248
08:41:16 PM 311600828 388127056   3487708      0.88    857868  75806680 142655728     35.38  50806324  27681920      3536   1989984   3120700     10672     34076    863360
08:41:21 PM 311504220 388037620   3577552      0.91    857868  75813780 167059308     41.43  50806672  27785480      9068   2086788   3120364     10704     37300    863344
08:41:26 PM 312057476 388596044   3018940      0.76    857868  75818936  96572860     23.95  50806872  27174168      2772   1470344   3120564     10432     25296    863320
08:41:31 PM 311489548 388026132   3590268      0.91    857868  75816940 170554108     42.29  50807704  27802544      5528   2101144   3119160     10688     36876    863312
08:41:36 PM 311692528 388235868   3380400      0.86    857868  75823676 138926340     34.45  50807952  27571832      7484   1864668   3119312     10624     33084    863328
08:41:41 PM 311893396 388436384   3179984      0.81    857868  75823828 101493060     25.17  50808244  27404092      2532   1696888   3118708     10464     26476    863264
08:41:46 PM 311505308 388052960   3563268      0.90    857868  75827948 167735532     41.59  50808936  27808584      7368   2097884   3119392     10688     36812    863296
08:41:51 PM 311804984 388358412   3257868      0.83    857868  75833652 126929896     31.48  50809252  27466544      6496   1750396   3119412     10544     30024    863232
08:41:56 PM 311795004 388347888   3270272      0.83    857868  75833024 114345972     28.36  50809736  27457660      3208   1743688   3117616     10496     28580    863152
08:42:01 PM 312155636 388712528   2907136      0.74    857868  75837016  56778648     14.08  50809812  27070452      2600   1351052   3116128     10144     19388    862992
08:42:06 PM 312308612 388861628   2759616      0.70    857868  75833124  12499880      3.10  50809824  26860444       432   1145336   3114564      9808     11188    862768
08:42:11 PM 312148212 388701716   2912224      0.74    857868  75833512  68848276     17.07  50843560  27032772       452   1350980   3121968     10288     20732    863120
08:42:16 PM 312139136 388692972   2921144      0.74    857868  75833784  68848276     17.07  50844364  27038560        36   1357264   3121852     10256     20672    863120
08:42:21 PM 312148248 388702524   2912624      0.74    857868  75834096  55981908     13.88  50845204  26989928        56   1309160   3120948     10208     18988    863080
08:42:26 PM 312277772 388831828   2789512      0.71    857868  75833788   6647104      1.65  50845308  26788780        48   1108456   3114844      9792     10236    862784
08:42:31 PM 312276860 388831736   2790024      0.71    857868  75834580   6661764      1.65  50845352  26803584        48   1122456   3114452      9792     10268    862736
08:42:36 PM 312271148 388828020   2793960      0.71    857868  75836520   6667084      1.65  50845400  26810592        20   1127596   3114288      9792     10280    862752
