[2024-01-19 13:58:27,391 cli INFO] 
##############################################
#                                            #
#                 HADDOCK 3                  #
#                                            #
##############################################

Starting HADDOCK 3.0.0 on 2024-01-19 13:58:00

Python 3.9.18 (main, Sep 11 2023, 13:41:44) 
[GCC 11.2.0]

[2024-01-19 13:58:34,593 libworkflow INFO] Reading instructions step 0_topoaa
[2024-01-19 13:58:34,594 libworkflow INFO] Reading instructions step 1_rigidbody
[2024-01-19 13:58:34,596 libworkflow INFO] Reading instructions step 2_caprieval
[2024-01-19 13:58:34,596 libworkflow INFO] Reading instructions step 3_seletop
[2024-01-19 13:58:34,596 libworkflow INFO] Reading instructions step 4_caprieval
[2024-01-19 13:58:34,597 libworkflow INFO] Reading instructions step 5_flexref
[2024-01-19 13:58:34,599 libworkflow INFO] Reading instructions step 6_caprieval
[2024-01-19 13:58:34,599 libworkflow INFO] Reading instructions step 7_emref
[2024-01-19 13:58:34,602 libworkflow INFO] Reading instructions step 8_caprieval
[2024-01-19 13:58:34,602 libworkflow INFO] Reading instructions step 9_clustfcc
[2024-01-19 13:58:34,602 libworkflow INFO] Reading instructions step 10_seletopclusts
[2024-01-19 13:58:34,602 libworkflow INFO] Reading instructions step 11_caprieval
[2024-01-19 13:58:34,795 base_cns_module INFO] Running [topoaa] module
[2024-01-19 13:58:34,795 __init__ INFO] [topoaa] Molecule 1: 4G6K_fv.pdb
[2024-01-19 13:58:34,808 __init__ INFO] [topoaa] Sanitizing molecule 4G6K_fv.pdb
[2024-01-19 13:58:34,951 __init__ INFO] [topoaa] Topology CNS input created in 4G6K_fv.inp
[2024-01-19 13:58:34,951 __init__ INFO] [topoaa] Molecule 2: 4I1B-matched.pdb
[2024-01-19 13:58:34,960 __init__ INFO] [topoaa] Sanitizing molecule 4I1B-matched.pdb
[2024-01-19 13:58:35,137 __init__ INFO] [topoaa] Topology CNS input created in 4I1B-matched.inp
[2024-01-19 13:58:35,138 __init__ INFO] [topoaa] Running CNS Jobs n=2
[2024-01-19 13:58:35,138 libutil INFO] Selected 2 cores to process 2 jobs, with 32 maximum available cores.
[2024-01-19 13:58:35,138 libparallel INFO] Using 2 cores
[2024-01-19 13:58:40,382 libparallel INFO] >> /4G6K_fv.inp completed 50% 
[2024-01-19 13:58:40,383 libparallel INFO] >> /4I1B-matched.inp completed 100% 
[2024-01-19 13:58:40,383 libparallel INFO] 2 tasks finished
[2024-01-19 13:58:40,383 __init__ INFO] [topoaa] CNS jobs have finished
[2024-01-19 13:58:40,443 base_cns_module INFO] Module [topoaa] finished.
[2024-01-19 13:58:40,444 __init__ INFO] [topoaa] took 6 seconds
[2024-01-19 13:58:41,752 base_cns_module INFO] Running [rigidbody] module
[2024-01-19 13:58:41,753 __init__ INFO] [rigidbody] crossdock=true
[2024-01-19 13:58:41,754 __init__ INFO] [rigidbody] Preparing jobs...
[2024-01-19 14:10:49,600 __init__ INFO] [rigidbody] Running CNS Jobs n=10000
[2024-01-19 14:10:49,602 libutil INFO] Selected 8 cores to process 10000 jobs, with 32 maximum available cores.
[2024-01-19 14:10:49,725 libparallel INFO] Using 8 cores
