Linux 5.15.0-91-generic (gl5) 	01/22/2024 	_x86_64_	(32 CPU)

02:13:53 PM kbmemfree   kbavail kbmemused  %memused kbbuffers  kbcached  kbcommit   %commit  kbactive   kbinact   kbdirty  kbanonpg    kbslab  kbkstack   kbpgtbl  kbvmused
02:13:58 PM 356786228 390237024   1638368      0.41   1420200  32986596   4708712      1.17  14976076  19985112       532    581728   2027156     10656      6064    273196
02:14:03 PM 356773072 390227416   1647680      0.42   1420204  32990008   4710736      1.17  14976552  19988504      1564    582252   2027584     10672      6116    273260
02:14:08 PM 356673752 390129832   1744456      0.44   1420204  32991632  20587492      5.11  14977388  20123648       876    716640   2028504      9824      9812    272476
02:14:13 PM 356774124 390231016   1643052      0.42   1420208  32992432   4235856      1.05  14978000  19989448      1552    582116   2028732      9664      5956    272396
02:14:18 PM 356773248 390231276   1642928      0.42   1420208  32993508   4236000      1.05  14978100  19990860       352    582592   2028656      9696      6000    272412
02:14:23 PM 356780520 390240988   1633392      0.41   1420216  32995816   4236000      1.05  14978136  19993032      1412    582496   2028604      9648      5932    272300
02:14:28 PM 356779760 390242376   1632064      0.41   1420216  32997816   4240404      1.05  14978152  19997300       400    584792   2028692      9696      6068    272308
02:14:33 PM 356771704 390236568   1637964      0.41   1420220  32999880   4240404      1.05  14978188  19999316      1396    584824   2028780      9696      6040    272308
02:14:38 PM 356770712 390237432   1637068      0.41   1420224  33001620   4236132      1.05  14978224  19998960       328    582664   2028924      9680      5964    272252
02:14:43 PM 356764920 390233044   1641668      0.42   1420228  33002920   4236132      1.05  14978220  20000104      1420    582504   2028812      9616      5824    272284
02:14:48 PM 356763780 390233908   1640808      0.42   1420228  33004800   4236264      1.05  14978268  20002144       292    582708   2028932      9664      5936    272300
02:14:53 PM 356760784 390233168   1641808      0.42   1420228  33006892   4240536      1.05  14978012  20006772      1440    584984   2028836      9696      6048    272308
02:14:58 PM 356760104 390234588   1640320      0.42   1420228  33008864   4236264      1.05  14978012  20006600       392    582820   2029032      9680      5964    272268
02:15:03 PM 356770148 390245468   1629336      0.41   1420228  33009644   4236396      1.05  14978048  20007284      1372    582828   2029192      9648      5932    272316
02:15:08 PM 356770484 390246548   1628208      0.41   1420228  33010324   4236396      1.05  14978048  20008008       220    582824   2029304      9648      5936    272300
02:15:13 PM 356762976 390241248   1633628      0.41   1420228  33012404   4236396      1.05  14978048  20010128      1104    582884   2029312      9648      5928    272316
02:15:18 PM 356763860 390243220   1631684      0.41   1420228  33013420   4236396      1.05  14978088  20011160       172    582924   2029356      9648      5928    272300
02:15:23 PM 356757192 390237872   1637156      0.41   1420236  33014660   4236396      1.05  14978092  20012536       724    583064   2029304      9664      6024    272348
02:15:28 PM 356757060 390239400   1635540      0.41   1420240  33016196   4236528      1.05  14978144  20014088       532    583124   2029512      9648      5936    272284
02:15:33 PM 356758188 390241028   1633956      0.41   1420240  33016688   4236528      1.05  14978140  20014520       312    583064   2029476      9648      5928    272268
02:15:38 PM 356752960 390236984   1638092      0.41   1420244  33017752   4240432      1.05  14978148  20017388      1240    584932   2029500      9664      5980    272324
02:15:43 PM 356752812 390237784   1637348      0.41   1420244  33018664   4236528      1.05  14978180  20016500       492    583140   2029480      9648      5928    272300
02:15:48 PM 356744192 390230820   1644376      0.42   1420248  33020248   4236528      1.05  14978192  20018312      1180    583380   2029484      9680      6012    272348
02:15:53 PM 356510856 389999628   1873624      0.47   1420248  33022360  50935652     12.63  14978696  20284180      1436    847908   2031460      9904     12900    272460
02:15:58 PM 356568720 390059000   1814168      0.46   1420248  33023856  41598428     10.32  14978848  20242224      1884    804476   2031556      9920     12112    272460
02:16:03 PM 356528300 390019348   1854240      0.47   1420248  33024624  50927476     12.63  14979732  20291680      1896    854240   2031136      9920     12908    272492
02:16:08 PM 356516284 390008908   1864580      0.47   1420248  33026160  50933028     12.63  14980024  20292900      2512    854096   2031276      9904     12900    272460
02:16:13 PM 356578004 390071992   1801812      0.46   1420248  33027540  43531972     10.80  14980128  20229964      1204    789896   2030944      9904     11764    272460
02:16:18 PM 356582532 390077512   1796152      0.45   1420252  33028668  44413752     11.01  14980260  20248516      2564    807372   2030944      9920     12024    272524
02:16:23 PM 356539184 390035352   1838144      0.47   1420260  33029844  50935204     12.63  14980480  20297768      1820    855840   2031116      9888     12852    272508
02:16:28 PM 356544716 390042256   1830732      0.46   1420264  33031228  50937560     12.63  14980688  20299260      2412    856024   2031608      9936     13360    272516
02:16:33 PM 356590568 390090084   1783804      0.45   1420264  33033072  43533584     10.80  14980852  20235796      1468    790408   2030840      9904     11792    272460
02:16:38 PM 356539932 390040336   1833216      0.46   1420264  33033956  50934824     12.63  14980980  20304056      3096    858396   2031180      9920     12980    272460
02:16:43 PM 356530548 390031976   1841620      0.47   1420268  33034996  50924108     12.63  14981200  20300560      1472    854180   2031116      9936     12912    272444
02:16:48 PM 356539060 390042036   1831404      0.46   1420268  33036484  45308232     11.24  14981288  20280348      1080    832332   2031332      9968     12732    272628
02:16:53 PM 356520284 390024176   1849612      0.47   1420272  33037360  48114648     11.93  14981460  20283288      1516    834756   2031020      9952     12420    272556
02:16:58 PM 356494964 390000452   1872508      0.47   1420276  33039100  50917436     12.63  14981660  20306896      2796    856924   2031700      9968     13012    272492
02:17:03 PM 356524056 390030528   1842472      0.47   1420276  33040072  44418156     11.02  14981816  20273344      1024    822364   2031672      9984     12220    272492
02:17:08 PM 356500892 390008624   1864008      0.47   1420276  33041308  48103052     11.93  14981920  20288924       316    836856   2032064     10048     12708    272556
02:17:13 PM 356498428 390007552   1865188      0.47   1420276  33042732  50934892     12.63  14982136  20309872      2340    856168   2031924      9984     12932    272508
02:17:18 PM 356499868 390010380   1862500      0.47   1420276  33044128  50934348     12.63  14982336  20311100      1880    856728   2031776      9984     12944    272476
02:17:23 PM 356517512 390029512   1843280      0.47   1420276  33045592  48118804     11.93  14982536  20290776      2448    835244   2031888      9984     12680    272428
02:17:28 PM 356600564 390114208   1758648      0.45   1420280  33047240  37019588      9.18  14982584  20205948      1508    748268   2031816      9952     11020    272476
02:17:33 PM 356511004 390024900   1847956      0.47   1420280  33047500  50937760     12.63  14982788  20311472      2176    854080   2031808     10016     12948    272588
02:17:38 PM 356632300 390147316   1726028      0.44   1420280  33048592  28571624      7.09  14982840  20181184       616    723104   2031348      9952     10564    272508
02:17:43 PM 356497080 390013128   1859804      0.47   1420280  33049664  50936896     12.63  14983016  20316712      2840    857320   2031720     10000     12892    272524
02:17:48 PM 356502336 390019848   1853316      0.47   1420284  33051052  50928320     12.63  14983248  20315740      1648    855124   2031560     10000     12916    272524
02:17:53 PM 356558852 390077928   1795188      0.45   1420284  33052616  40713176     10.10  14983356  20237200      1404    775144   2031608      9984     11384    272524
02:17:58 PM 356538592 390058800   1814100      0.46   1420288  33053752  44419332     11.02  14983508  20271292      1628    808308   2031816     10048     12180    272596
02:18:03 PM 356476092 389997420   1875324      0.47   1420288  33054876  50932484     12.63  14983728  20318060      2636    854200   2031968     10000     12904    272604
02:18:08 PM 356475696 389998472   1874780      0.47   1420288  33056260  48115136     11.93  14983928  20320148      1512    855184   2031524     10000     12856    272572
02:18:13 PM 356517080 390041204   1832176      0.46   1420288  33057656  44422820     11.02  14984028  20273916      1736    807696   2031348     10000     12240    272540
02:18:18 PM 356473076 389998504   1874836      0.47   1420288  33058860  50933756     12.63  14984212  20324448      1872    857256   2031488     10000     12976    272524
02:18:23 PM 356461420 389988128   1884948      0.48   1420288  33060136  50938556     12.63  14984416  20324192      2572    855848   2031756     10000     12948    272524
02:18:28 PM 356516800 390044640   1828752      0.46   1420288  33061232  41608228     10.32  14984516  20279720      1144    810348   2031476     10000     11844    272524
02:18:33 PM 356453504 389982564   1890516      0.48   1420288  33062448  50937864     12.63  14984664  20326180      2852    855636   2031792      9968     12856    272604
02:18:38 PM 356448396 389978940   1893376      0.48   1420288  33063900  50941604     12.63  14984880  20326100      1520    854308   2032588     10016     12932    272588
02:18:43 PM 356569180 390101980   1770952      0.45   1420288  33066168  33321656      8.26  14984916  20194876      1780    721104   2031960     10352     10396    272644
02:18:48 PM 356441848 389974252   1899188      0.48   1420288  33065700  50934036     12.63  14985120  20328612      1552    855412   2031524     10016     12904    272588
02:18:53 PM 356441428 389975444   1897660      0.48   1420288  33067264  50932628     12.63  14985440  20330192      1492    855256   2031908     10160     13108    272604
02:18:58 PM 356507484 390043688   1829524      0.46   1420292  33069448  39833476      9.88  14985664  20243232      2764    766720   2031800      9984     11440    272540
02:19:03 PM 356441360 389978076   1895672      0.48   1420292  33069964  47237960     11.71  14985808  20304568      2084    827596   2031260     10000     12448    272540
02:19:08 PM 356473188 390009972   1863860      0.47   1420292  33069988  33158140      8.22  14985932  20258956      1660    782280   2031220     10032     11652    272548
02:19:13 PM 356403288 389941532   1932436      0.49   1420296  33071440  50927760     12.63  14986064  20333060      2156    854996   2031088     10016     12916    272588
02:19:18 PM 356441176 389980896   1893308      0.48   1420304  33072916  47230056     11.71  14986268  20303476      2292    824108   2030844     10000     12344    272572
02:19:23 PM 356513256 390054424   1819608      0.46   1420312  33074328  37018428      9.18  14986348  20228268      1168    747376   2031044     10000     10928    272604
02:19:28 PM 356415336 389957040   1916372      0.49   1420316  33075000  50928680     12.63  14986540  20339104      2784    857828   2031524     10016     12948    272620
02:19:33 PM 356454664 389997600   1875704      0.48   1420320  33076196  50933076     12.63  14986764  20336976      1524    854764   2031664     10032     12956    272540
02:19:38 PM 356565980 390110288   1762964      0.45   1420324  33077548  31389088      7.78  14986880  20223448      2116    739828   2031732     10048     11468    272652
02:19:43 PM 356515908 390061688   1811284      0.46   1420324  33079008  43534168     10.80  14987000  20280368      1544    794980   2032024     10016     11808    272588
02:19:48 PM 356450076 389996788   1875836      0.48   1420324  33079952  50933408     12.63  14987220  20342176      2348    856808   2032360     10032     12988    272652
02:19:53 PM 356484860 390033084   1839376      0.47   1420324  33081460  47232028     11.71  14987328  20315044      1668    828040   2032528     10016     12388    272620
02:19:58 PM 356447932 389997096   1875448      0.47   1420328  33082596  50922972     12.63  14987540  20345976      2708    857764   2032244     10032     12980    272652
02:20:03 PM 356473216 390024100   1848112      0.47   1420332  33084284  47251708     11.72  14987740  20314720      1540    825368   2032604     10016     12396    272636
02:20:08 PM 356478980 390031472   1841052      0.47   1420336  33085884  47230816     11.71  14987904  20317900      2424    827172   2032296     10016     12424    272620
02:20:13 PM 356475348 390028724   1843684      0.47   1420340  33086728  45296888     11.23  14988104  20325964      1420    834408   2032448     10064     12552    272548
02:20:18 PM 356503184 390058028   1814744      0.46   1420344  33088196  44427432     11.02  14988260  20299184      2060    806484   2032080     10048     12044    272668
02:20:23 PM 356481904 390038148   1834912      0.46   1420344  33089564  47235748     11.71  14988416  20316760      1360    822748   2031824     10048     12396    272604
02:20:28 PM 356472652 390030220   1842340      0.47   1420344  33090876  47234136     11.71  14988564  20320016      2872    824956   2032336     10256     12432    272636
02:20:33 PM 356429808 389988544   1883760      0.48   1420348  33092016  50932024     12.63  14988772  20351124      1684    855224   2032616     10032     12948    272636
02:20:38 PM 356407932 389968236   1903652      0.48   1420348  33093516  50922128     12.63  14988972  20354468      2480    857292   2033100     10000     12760    272652
02:20:43 PM 356462668 390024440   1848108      0.47   1420348  33095000  44423308     11.02  14989084  20305672      1192    807052   2032424     10016     12016    272588
02:20:48 PM 356407384 389970272   1902640      0.48   1420348  33096064  50936448     12.63  14989208  20361524      2320    861808   2032112     10048     13068    272604
02:20:53 PM 356408904 389972524   1900276      0.48   1420348  33096792  50948056     12.63  14989408  20353108      2628    853116   2032228     10064     12912    272572
02:20:58 PM 356404164 389969040   1903516      0.48   1420348  33097984  48125156     11.93  14989516  20360804      1996    859820   2032536     10096     12980    272564
02:21:03 PM 356423120 389989288   1883580      0.48   1420352  33099252  42481296     10.53  14989684  20337504      2568    834812   2032244     10112     12408    272540
02:21:08 PM 356392644 389960320   1912448      0.48   1420356  33100736  50934356     12.63  14989880  20360488      1848    856960   2032364     10064     12928    272524
02:21:13 PM 356378896 389948036   1924452      0.49   1420360  33102200  50929128     12.63  14990064  20364772      3020    859416   2032640     10064     13044    272476
02:21:18 PM 356504352 390074384   1798008      0.46   1420360  33103100  33158820      8.22  14990152  20256744       780    750940   2032728     10096     11224    272484
02:21:23 PM 356430404 390001436   1870988      0.47   1420360  33104172  44416132     11.01  14990292  20314468      1188    807844   2032624     10096     12276    272604
02:21:28 PM 356387668 389959908   1913468      0.48   1420360  33105324  48104948     11.93  14990484  20357536      1552    849960   2031728     10064     12744    272636
02:21:33 PM 356376756 389950368   1922888      0.49   1420360  33106908  50917532     12.63  14990672  20364736      2612    855788   2031636     10064     12920    272556
02:21:38 PM 356447412 390022200   1851908      0.47   1420364  33108036  35085452      8.70  14990800  20281352       832    771324   2030828     10032     11236    272508
02:21:43 PM 356379872 389955864   1917352      0.49   1420368  33109284  47231588     11.71  14990972  20337728      1184    826488   2031672     10048     12372    272636
02:21:48 PM 356406452 389983764   1888896      0.48   1420368  33110544  50914752     12.63  14991168  20366288      1532    854060   2032288     10080     12788    272604
02:21:53 PM 356404796 389983736   1889100      0.48   1420368  33112164  50918212     12.63  14991336  20371260      2868    857748   2032120     10048     12972    272620
02:21:58 PM 356441332 390021664   1851208      0.47   1420372  33113504  44421436     11.02  14991520  20336340      1240    821532   2032132     10048     12296    272540
02:22:03 PM 356505900 390087860   1784336      0.45   1420376  33115132  37020304      9.18  14991576  20261224      2364    744800   2032804     10032     11192    272620
02:22:08 PM 356408904 389990956   1881424      0.48   1420376  33115136  48118864     11.93  14991780  20370388      1440    854136   2032708     10000     12816    272540
02:22:13 PM 356414032 389997848   1874620      0.47   1420376  33117024  47235448     11.71  14991888  20351160      2988    833068   2032496     10000     12540    272636
02:22:18 PM 356424224 390008872   1863128      0.47   1420376  33117804  50931832     12.63  14992072  20375700      1808    857236   2033016     10016     12976    272588
02:22:23 PM 356470732 390056192   1816300      0.46   1420384  33118532  40721056     10.10  14992180  20316496      1696    796896   2032600     10496     11620    272620
02:22:28 PM 356402340 389989168   1883264      0.48   1420392  33119892  48112276     11.93  14992368  20376104      1592    855264   2032660     10032     12864    272620
02:22:33 PM 356413760 390001916   1870224      0.47   1420396  33121236  50922192     12.63  14992540  20381544      1564    860104   2032932     10032     12940    272588
02:22:38 PM 356449852 390039660   1832124      0.46   1420404  33122832  44411196     11.01  14992700  20333080      2676    810032   2033336     10016     12040    272572
02:22:43 PM 356429920 390021308   1851104      0.47   1420404  33124316  47231948     11.71  14992896  20353276      2176    829064   2032804     10016     12540    272604
02:22:48 PM 356462020 390054980   1816404      0.46   1420408  33125860  43529052     10.79  14993052  20324376      2648    798732   2033856     10000     11928    272604
02:22:53 PM 356423864 390017476   1854120      0.47   1420408  33126520  48118032     11.93  14993196  20365048      1668    838404   2033636     10032     12636    272572
02:22:58 PM 356395452 389989916   1882260      0.48   1420416  33127332  50944440     12.63  14993324  20384520      2248    857672   2033088     10016     12944    272588
02:23:03 PM 356404252 389999960   1872044      0.47   1420416  33128564  50929632     12.63  14993488  20387552      1856    859652   2033272     10016     13008    272604
02:23:08 PM 356379672 389976792   1895148      0.48   1420420  33129916  48123144     11.93  14993688  20384788      2652    855748   2033392     10016     12520    272604
02:23:13 PM 356430524 390029436   1842584      0.47   1420420  33131724  43535820     10.80  14993824  20329432      1472    798232   2033296      9968     11908    272572
02:23:18 PM 356431248 390030796   1841068      0.47   1420424  33132344  41597032     10.32  14993956  20338120      2268    806228   2033464     10000     11940    272636
02:23:23 PM 356384012 389984676   1887052      0.48   1420428  33133404  50923960     12.63  14994120  20389008      1712    857040   2033652     10048     13052    272612
02:23:28 PM 356369468 389971300   1900584      0.48   1420432  33134508  50926648     12.63  14994272  20389220      2876    856004   2033556      9968     12764    272524
02:23:33 PM 356372512 389975716   1896208      0.48   1420436  33135876  50937692     12.63  14994484  20392560      1664    857912   2033516      9968     12868    272572
02:23:38 PM 356471304 390076016   1795876      0.45   1420440  33137364  37022244      9.18  14994544  20283252      2012    747476   2033564      9968     11064    272556
02:23:43 PM 356361200 389966888   1905524      0.48   1420440  33138340  50928816     12.63  14994740  20396036      1988    859496   2033044     10016     12912    272556
02:23:48 PM 356354160 389961408   1910960      0.48   1420440  33139892  50917200     12.63  14994972  20397648      2716    859864   2033096     10016     12984    272652
02:23:53 PM 356507320 390115668   1756756      0.44   1420440  33140952  28573796      7.09  14995048  20262052       508    722624   2033080     10000     10364    272588
02:23:58 PM 356379248 389988788   1884104      0.48   1420444  33142128  50927588     12.63  14995220  20398040      2876    858296   2032624     10032     12948    272604
02:24:03 PM 356371488 389982532   1889972      0.48   1420452  33143620  50937944     12.63  14995460  20401016      1724    859544   2033016     10032     12924    272572
02:24:08 PM 356389812 390002108   1869416      0.47   1420452  33144892  48115852     11.93  14995632  20379060      1936    837220   2033976     10240     12736    272636
02:24:13 PM 356417508 390031452   1840372      0.47   1420456  33146496  40727216     10.10  14995732  20340712      1412    797048   2033716     10048     11828    272588
02:24:18 PM 356365452 389980240   1891348      0.48   1420460  33147288  50924788     12.63  14995916  20405012      1736    860744   2034000     10016     12952    272540
02:24:23 PM 356418876 390034972   1836404      0.47   1420464  33148572  37898912      9.40  14996044  20319676      1672    774324   2034232      9984     11380    272492
02:24:28 PM 356407216 390024896   1846544      0.47   1420464  33150140  43523900     10.79  14996160  20344524      1844    797624   2034184     10016     11824    272620
02:24:33 PM 356356800 389975712   1895220      0.48   1420464  33151272  47238088     11.71  14996376  20376796      2864    828992   2034792     10000     12388    272508
02:24:38 PM 356326928 389947068   1924716      0.49   1420464  33152460  50931872     12.63  14996592  20409360      1764    860792   2033980     10064     13072    272564
02:24:43 PM 356346812 389968516   1903248      0.48   1420472  33154076  47223716     11.71  14996752  20374576      2600    824848   2033940     10016     12192    272540
02:24:48 PM 356373076 389995904   1876528      0.48   1420472  33155208  41596644     10.32  14996876  20356952      1408    805204   2033264     10000     12020    272556
02:24:53 PM 356327100 389950992   1921328      0.49   1420476  33156240  50927844     12.63  14997080  20411676      2804    859644   2033404      9984     12844    272620
02:24:58 PM 356389888 390015308   1857024      0.47   1420476  33157764  40711756     10.10  14997180  20353036      1616    799496   2033396      9984     11852    272652
02:25:03 PM 356352612 389979052   1892940      0.48   1420476  33158772  47226416     11.71  14997324  20384080      2940    829700   2033748      9984     12432    272572
02:25:08 PM 356327808 389955240   1917312      0.49   1420480  33159756  50934496     12.63  14997528  20413336      1600    858320   2033192     10000     12820    272620
02:25:13 PM 356345996 389974656   1897072      0.48   1420480  33160964  45292644     11.23  14997684  20391640      2656    835396   2034036      9984     12412    272572
02:25:18 PM 356359868 389990084   1881228      0.48   1420484  33162496  47225312     11.71  14997808  20384672      1460    827164   2034472     10000     12300    272508
02:25:23 PM 356361308 389992416   1878408      0.48   1420484  33163368  45309092     11.24  14997968  20395412      2712    836948   2034980     10000     12476    272508
02:25:28 PM 356334120 389966564   1905292      0.48   1420488  33164720  50939564     12.63  14998164  20418396      1608    859016   2033928     10000     12932    272540
02:25:33 PM 356362208 389996536   1875172      0.47   1420488  33166604  47229272     11.71  14998364  20387284      2356    826292   2034076     10016     12456    272492
02:25:38 PM 356415408 390051472   1820760      0.46   1420488  33168224  39832300      9.88  14998496  20329092      1448    766528   2033668      9968     11400    272508
02:25:43 PM 356356672 389993460   1879112      0.48   1420488  33168896  47244876     11.72  14998632  20392800      2852    829532   2033380     10016     12472    272612
02:25:48 PM 356352872 389990388   1881684      0.48   1420488  33169604  45304944     11.24  14998792  20402028      1264    838408   2033900     10016     12428    272572
02:25:53 PM 356358156 389997188   1874816      0.47   1420488  33171144  44412952     11.01  14998916  20392056      2508    827104   2033944     10128     12268    272492
02:25:58 PM 356334784 389975088   1897112      0.48   1420488  33172388  50933224     12.63  14999116  20428308      1904    862268   2033776      9968     12960    272588
02:26:03 PM 356359136 390000704   1871788      0.47   1420488  33173596  48118128     11.93  14999312  20408716      1424    841564   2033540      9984     12760    272504
02:26:08 PM 356335004 389977900   1894968      0.48   1420492  33174896  50919980     12.63  14999492  20426332      2792    858040   2033188      9984     12832    272540
02:26:13 PM 356393640 390038212   1834868      0.46   1420492  33176540  43530056     10.79  14999572  20370664      1856    801112   2033008      9968     11856    272540
02:26:18 PM 356330600 389976156   1897232      0.48   1420492  33177504  50933900     12.63  14999796  20430932      2840    859872   2032720     10000     12996    272556
02:26:23 PM 356349928 389996716   1876040      0.48   1420500  33178732  48116920     11.93  14999996  20409564      1536    837944   2033348      9984     12536    272492
02:26:28 PM 356374404 390023040   1850060      0.47   1420500  33180544  40708328     10.10  15000100  20368412      2252    794476   2033040      9952     11692    272524
02:26:33 PM 356324384 389973680   1899480      0.48   1420504  33181192  50927520     12.63  15000256  20432340      2044    858460   2032988      9984     12948    272572
02:26:38 PM 356447008 390097468   1775240      0.45   1420504  33182352  27886900      6.92  15000352  20303788      1536    728748   2033444      9952     10452    272428
02:26:43 PM 356324372 389975444   1897180      0.48   1420504  33182964  50938580     12.63  15000492  20434560      1840    859180   2033528      9984     12940    272476
02:26:48 PM 356346484 389999268   1874400      0.47   1420508  33184588  47436296     11.76  15000680  20405892      2416    829016   2032568      9984     12360    272540
02:26:53 PM 356457928 390112604   1760912      0.45   1420508  33186432  36135784      8.96  15000768  20316024      1164    737256   2032768      9936     10704    272508
02:26:58 PM 356344168 389999864   1873844      0.47   1420508  33187464  50927676     12.63  15000996  20437756      2872    858492   2032564     10000     13024    272492
02:27:03 PM 356482120 390139580   1734088      0.44   1420508  33189176  30506836      7.57  15001056  20297248       724    716056   2032656      9952     10388    272508
02:27:08 PM 356354668 390012292   1860864      0.47   1420508  33189332  50940852     12.63  15001220  20442728      2848    861824   2033176      9984     12968    272524
02:27:13 PM 356412504 390071256   1801292      0.46   1420512  33190488  40718244     10.10  15001372  20375516       956    793892   2033752      9952     11740    272476
02:27:18 PM 356348464 390008476   1864428      0.47   1420516  33191640  50935472     12.63  15001504  20446432      3008    863364   2033500      9968     12996    272572
02:27:23 PM 356372168 390033856   1838840      0.47   1420520  33193228  44417176     11.01  15001708  20407712      1444    823136   2033792      9904     12240    272460
02:27:28 PM 356342968 390005804   1867188      0.47   1420520  33194448  50932680     12.63  15001892  20443668      2504    858308   2033424      9968     12868    272492
02:27:33 PM 356391184 390055300   1817876      0.46   1420520  33195732  45297736     11.23  15002040  20406720      1220    820176   2033236      9968     12220    272492
02:27:38 PM 356333144 389998880   1874484      0.47   1420520  33197300  50921344     12.63  15002196  20447616      2240    858996   2033100     10080     13076    272508
02:27:43 PM 356435220 390102500   1771484      0.45   1420520  33198840  37018824      9.18  15002276  20338328      1752    748752   2032484      9920     10852    272460
02:27:48 PM 356364500 390032460   1841668      0.47   1420520  33199516  47226188     11.71  15002448  20418288      1472    827852   2032344      9952     12472    272508
02:27:53 PM 356358548 390027776   1845784      0.47   1420532  33200772  47235480     11.71  15002636  20417032      2064    825992   2032912      9952     12416    272524
02:27:58 PM 356367128 390037664   1835924      0.46   1420536  33202040  44414108     11.01  15002788  20404832      1832    812712   2032920     10000     12240    272540
02:28:03 PM 356318052 389990020   1883604      0.48   1420540  33203420  50934740     12.63  15003008  20451248      3056    857932   2032932      9984     12952    272572
02:28:08 PM 356332504 390005800   1867592      0.47   1420544  33204708  48115400     11.93  15003212  20433388      1624    838932   2033200      9952     12560    272492
02:28:13 PM 356348440 390023368   1850048      0.47   1420548  33206176  48103888     11.93  15003320  20422164      2640    826488   2033336      9952     12292    272508
02:28:18 PM 356319748 389996308   1877104      0.48   1420556  33207780  50924072     12.63  15003540  20459328      2080    862084   2033360      9968     13036    272540
02:28:23 PM 356321972 389999484   1874640      0.47   1420556  33208688  50924072     12.63  15003748  20452152      2524    854348   2032692      9968     12888    272540
02:28:28 PM 356372752 390051488   1822156      0.46   1420560  33209888  37895424      9.40  15003828  20393496      1340    794488   2033192      9952     11772    272524
02:28:33 PM 356333960 390014024   1859140      0.47   1420560  33211136  47226552     11.71  15003980  20427428      2552    827180   2033752      9952     12404    272604
02:28:38 PM 356388172 390069828   1803092      0.46   1420560  33212724  39834616      9.88  15004056  20372400      1648    770624   2034000      9920     11432    272588
02:28:43 PM 356374080 390054600   1818496      0.46   1420560  33211848  29457336      7.31  15004160  20385308      1704    784576   2033564      9952     11392    272572
02:28:48 PM 356312820 389994736   1878664      0.48   1420564  33213224  50922496     12.63  15004300  20459692      1728    857764   2033276      9984     13024    272524
02:28:53 PM 356341024 390024276   1848760      0.47   1420564  33214524  38775268      9.62  15004456  20422976      1860    819880   2033676      9936     12104    272588
02:28:58 PM 356329132 390013720   1859364      0.47   1420568  33215840  47220236     11.71  15004544  20434248       204    829848   2033644      9920     12520    272540
02:29:03 PM 356288516 389974020   1897900      0.48   1420576  33216788  50926592     12.63  15004756  20464624      2720    859744   2034768      9952     13092    272548
02:29:08 PM 356311424 389998240   1874152      0.47   1420584  33218036  50937864     12.63  15004988  20460688      1240    854256   2034352      9968     12928    272460
02:29:13 PM 356294052 389982368   1890204      0.48   1420584  33219496  50926944     12.63  15005028  20471896      3184    864384   2034212      9952     13084    272588
02:29:18 PM 356297404 389986276   1886404      0.48   1420584  33220024  50943636     12.63  15005220  20464956      1188    857136   2034132      9952     12876    272492
02:29:23 PM 356409892 390100944   1771412      0.45   1420588  33222208  33323952      8.26  15005268  20342284      1496    732692   2034448     10192     10264    272476
02:29:28 PM 356302684 389993932   1878708      0.48   1420588  33222372  50933340     12.63  15005476  20466444      2676    856500   2034196      9952     12868    272524
02:29:33 PM 356339028 390031864   1841176      0.47   1420588  33223948  47224752     11.71  15005620  20436184      1768    824768   2033808      9952     12376    272444
02:29:38 PM 356347860 390042072   1831108      0.46   1420588  33225212  44417148     11.01  15005760  20436000      2608    823592   2033780      9968     12316    272524
02:29:43 PM 356325096 390020504   1852748      0.47   1420592  33226376  50919196     12.63  15005916  20474608      2224    861124   2033736      9968     13000    272524
02:29:48 PM 356315316 390012020   1861368      0.47   1420600  33227588  48108632     11.93  15006140  20470072      2520    855548   2033676      9984     12868    272604
02:29:53 PM 356338672 390037048   1836056      0.46   1420604  33229264  47241948     11.72  15006312  20443152      1764    827304   2033952      9984     12516    272444
02:29:58 PM 356346068 390046188   1826160      0.46   1420608  33230968  43531592     10.80  15006416  20418212      2620    800512   2034744      9968     11936    272444
02:30:03 PM 356293012 389993768   1878880      0.48   1420612  33231584  50933480     12.63  15006632  20476644      1804    858688   2034460      9984     13012    272492
02:30:08 PM 356430696 390133864   1738876      0.44   1420616  33234008  32439944      8.04  15006680  20328624      2068    708016   2034352      9888     10240    272476
02:30:13 PM 356281864 389984736   1887560      0.48   1420616  33233688  50935936     12.63  15006908  20478592      2072    858928   2034820     10064     13164    272516
02:30:18 PM 356257380 389961880   1910800      0.48   1420616  33235308  50943928     12.63  15007120  20480032      2308    858780   2034444      9952     12880    272492
02:30:23 PM 356306984 390012580   1859640      0.47   1420616  33236388  41589644     10.31  15007300  20443580      1104    821508   2034920     10016     12312    272460
02:30:28 PM 356269952 389976740   1895904      0.48   1420616  33237528  45301196     11.23  15007392  20479124      2472    855848   2034548      9952     12744    272508
02:30:33 PM 356271308 389979104   1893132      0.48   1420620  33238496  50928988     12.63  15007572  20481932      1124    858168   2034992      9968     12924    272556
02:30:38 PM 356361324 390070632   1801724      0.46   1420628  33240008  37019804      9.18  15007656  20375020      1836    749588   2034864      9952     11196    272604
02:30:43 PM 356315080 390025668   1847408      0.47   1420628  33241264  43538104     10.80  15007816  20423728      1476    797240   2034168      9984     11884    272572
02:30:48 PM 356294096 390005548   1867920      0.47   1420628  33242096  39252916      9.73  15007984  20418816      2164    790980   2033808      9904     11260    272524
02:30:53 PM 356363744 390076792   1796720      0.46   1420628  33243700  31865652      7.90  15008044  20360848      1084    732016   2033756      9904     10240    272492
02:30:58 PM 356372284 390085748   1788056      0.45   1420632  33244020  29726664      7.37  15008152  20354256      1788    725188   2033556      9872      9820    272492
02:31:03 PM 356434964 390148420   1725800      0.44   1420640  33244008  15911968      3.95  15008220  20281404       796    652352   2033136      9776      7772    272364
02:31:08 PM 356504612 390218888   1655460      0.42   1420644  33244776   6374584      1.58  15008240  20218448      1688    589124   2033056      9744      6228    272364
02:31:13 PM 356504492 390218760   1654960      0.42   1420656  33244548   4237056      1.05  15008232  20214012        12    584536   2033892      9728      6064    272332
02:31:18 PM 356444576 390162644   1709236      0.43   1420660  33248280  21408004      5.31  15025964  20277500       300    662632   2035796      9840      8736    272460
02:31:23 PM 356420392 390139024   1732796      0.44   1420664  33248604  21412276      5.31  15026204  20292888      1512    677116   2036092      9888      9016    272500
02:31:28 PM 356417788 390136788   1735188      0.44   1420664  33248928  21408004      5.31  15026392  20291872       372    676012   2035980      9872      8896    272476
02:31:33 PM 356409640 390129096   1742976      0.44   1420664  33249324  21408004      5.31  15026584  20293124      1372    677060   2035944      9904      8888    272460
02:31:38 PM 356408228 390127876   1744168      0.44   1420664  33249528  21408004      5.31  15026776  20294096       220    678024   2035960      9888      8888    272444
02:31:43 PM 356421872 390141236   1732620      0.44   1420664  33249256   4245156      1.05  15026824  20208176      1220    592432   2034136      9712      5944    272364
02:31:48 PM 356416708 390136496   1737236      0.44   1420664  33249692   4253780      1.05  15026832  20215580       320    599520   2034248      9808      6188    272388
02:31:53 PM 356409888 390131168   1742632      0.44   1420664  33251068   4249508      1.05  15026828  20214716      1240    597112   2034296      9792      6052    272396
02:31:58 PM 356411580 390134548   1739472      0.44   1420664  33252676   4250088      1.05  15026824  20216180       208    596948   2034156      9808      6028    272396
02:32:03 PM 356406524 390132596   1741408      0.44   1420668  33255572   4249508      1.05  15026832  20219248      1184    597204   2034376      9792      6072    272380
02:32:08 PM 356405900 390133108   1740976      0.44   1420672  33256668   4249508      1.05  15026840  20220308       192    597180   2034332      9776      6036    272364
02:32:13 PM 356166388 389896064   1976172      0.50   1420672  33258928  51105116     12.67  15027120  20491040      1316    866348   2036388     10032     13428    272492
02:32:18 PM 356056624 389786648   2085800      0.53   1420672  33259200  51159160     12.69  15027140  20507808       316    882644   2036252     10048     13768    272524
02:32:23 PM 356050164 389780428   2091512      0.53   1420672  33259424  51159160     12.69  15027144  20511440      1224    886124   2036776     10048     13760    272524
02:32:28 PM 356054520 389784956   2087096      0.53   1420672  33259640  51163432     12.69  15027148  20516108       340    890768   2036620     10080     13884    272564
02:32:33 PM 356135704 389866432   2005444      0.51   1420676  33259848  51187336     12.69  15027184  20524756      1076    898988   2036876     10064     13820    272508
02:32:38 PM 356139536 389870396   2001484      0.51   1420688  33259964  51187336     12.69  15027204  20526032       156    900240   2036876     10080     13916    272508
02:32:43 PM 356133780 389864916   2007084      0.51   1420688  33260232  51187336     12.69  15027192  20526548      1284    900268   2036764     10048     13836    272540
02:32:48 PM 356140488 389871500   2000524      0.51   1420688  33260084  51209660     12.70  15026896  20537208       324    910908   2036764     10064     13872    272540
02:32:53 PM 356144264 389875728   1995996      0.51   1420700  33260452  51219020     12.70  15026916  20543612      1220    916536   2037136      9984     13676    272556
02:32:58 PM 356149676 389881208   1990748      0.50   1420700  33260656  51219020     12.70  15026904  20543024       360    916288   2036768     10032     13848    272556
02:33:03 PM 356152428 389884448   1987324      0.50   1420700  33260928  51218368     12.70  15026912  20544572       756    917344   2037168     10080     13860    272572
02:33:08 PM 356245024 389977960   1893988      0.48   1420704  33261728  37194168      9.22  15027036  20398144      1704    770308   2037104     10048     11476    272572
02:33:13 PM 356063256 389795620   2076464      0.53   1420704  33261184  51157788     12.69  15027208  20515400      1408    888220   2036940     10080     13772    272556
02:33:18 PM 356060252 389792904   2078836      0.53   1420704  33261416  51158312     12.69  15027216  20518332      1368    891056   2037340     10048     13736    272604
02:33:23 PM 356086020 389818876   2052872      0.52   1420704  33261612  51171216     12.69  15027244  20525940       404    898360   2037340     10064     13760    272604
02:33:28 PM 356094768 389827888   2043772      0.52   1420704  33261796  51179024     12.69  15027248  20529620      1272    902020   2037508     10080     13816    272716
02:33:33 PM 356127576 389860860   2010800      0.51   1420704  33261924  51194724     12.70  15027252  20537396       504    909464   2037544     10112     13956    272708
02:33:38 PM 356126272 389859784   2011548      0.51   1420704  33262180  51190452     12.69  15027248  20535768      1296    907776   2037844     10064     13864    272700
02:33:43 PM 356071136 389804892   2066580      0.52   1420704  33262348  51380500     12.74  15027260  20604556       352    976248   2037780     10080     13988    272684
02:33:48 PM 356129756 389863432   2007700      0.51   1420704  33262536  51223064     12.70  15027252  20551252      1304    922912   2037852     10064     13896    272716
02:33:53 PM 356150164 389884284   1986932      0.50   1420704  33262892  51229272     12.70  15027252  20554736       388    925812   2037856     10064     13904    272732
02:33:58 PM 356136920 389871228   1999528      0.51   1420708  33263172  51229272     12.70  15027252  20556016      1416    927008   2038220     10080     13908    272732
02:34:03 PM 356143640 389878176   1993032      0.50   1420712  33263272  51152888     12.69  15027444  20525396       892    896152   2037892     10032     13740    272652
02:34:08 PM 356088760 389823528   2047860      0.52   1420716  33263544  51161332     12.69  15027524  20521308      1412    892140   2037668     10064     13796    272780
02:34:13 PM 356067712 389802628   2069108      0.52   1420716  33263652  51158856     12.69  15027580  20520672       408    891380   2037360     10064     13776    272748
02:34:18 PM 356081456 389816528   2055404      0.52   1420716  33263828  51159144     12.69  15027584  20522900      1256    893572   2037144     10032     13748    272700
02:34:23 PM 356112888 389848172   2023748      0.51   1420716  33264020  51183724     12.69  15027600  20534184       376    904356   2037176     10080     13932    272772
02:34:28 PM 356112124 389847676   2023896      0.51   1420720  33264308  51187460     12.69  15027588  20536012      1160    906108   2037500     10032     13836    272748
02:34:33 PM 356120232 389855936   2015664      0.51   1420724  33264432  51196176     12.70  15027612  20540460       244    910236   2037496     10064     13952    272724
02:34:38 PM 356096368 389832204   2039112      0.52   1420728  33264600  51293260     12.72  15027604  20577400      1028    946428   2037740     10176     13944    272684
02:34:43 PM 356144032 389880128   1991416      0.50   1420732  33264908  51226572     12.70  15027620  20554308       132    924004   2037460     10000     13880    272684
02:34:48 PM 356150064 389886412   1985040      0.50   1420736  33265236  51231800     12.70  15027624  20557436       372    926664   2037472     10032     13924    272684
02:34:53 PM 356180820 389917776   1953712      0.49   1420736  33265936  49660556     12.32  15027628  20520832      1532    889520   2037344     10016     13288    272652
02:34:58 PM 356201848 389939164   1932264      0.49   1420736  33266108  47470608     11.77  15027728  20502992       564    871424   2037592     10000     13120    272652
02:35:03 PM 356173820 389911240   1959900      0.50   1420740  33266076  44631388     11.07  15027784  20476072      1652    844564   2038012     10032     12824    272636
02:35:08 PM 356115012 389852600   2018128      0.51   1420740  33266216  51152608     12.69  15027924  20519532       484    888040   2038452     10032     13876    272652
02:35:13 PM 356106428 389844276   2026608      0.51   1420740  33266492  51163424     12.69  15027928  20525072      1304    893300   2038280     10016     13804    272668
02:35:18 PM 356116620 389854652   2016272      0.51   1420744  33266648  51175708     12.69  15027948  20532040       260    900216   2038264     10016     13888    272700
02:35:23 PM 356113608 389851808   2018808      0.51   1420744  33266832  51179972     12.69  15027948  20535008      1376    902972   2038556     10000     13756    272668
02:35:28 PM 356152700 389891072   1979584      0.50   1420744  33266972  51196492     12.70  15027972  20542300       432    910208   2038548     10096     14052    272692
02:35:33 PM 356148148 389886748   1983992      0.50   1420744  33267252  51206124     12.70  15027964  20547628      1412    915256   2038412     10080     13992    272708
02:35:38 PM 356147404 389886172   1984796      0.50   1420752  33267420  51219796     12.70  15027972  20552756       388    920204   2038176     10080     14032    272692
02:35:43 PM 356142176 389881484   1989332      0.50   1420756  33267968  51225888     12.70  15027976  20555712      1300    922484   2038316     10048     13928    272684
02:35:48 PM 356152664 389892260   1978564      0.50   1420756  33268232  51237284     12.71  15027980  20561292       240    927716   2038332     10032     13916    272716
02:35:53 PM 356120560 389860504   2010124      0.51   1420756  33268584  51219592     12.70  15028052  20552384      1280    918664   2038524     10048     13920    272700
02:35:58 PM 356115640 389855736   2015408      0.51   1420756  33268668  51190744     12.69  15028120  20540784       160    906912   2038076     10048     13876    272652
02:36:03 PM 356175144 389916412   1954484      0.49   1420756  33269852  43740496     10.85  15028156  20463528      1524    828524   2038312      9984     12496    272620
02:36:08 PM 356117936 389858820   2012160      0.51   1420756  33269492  51156260     12.69  15028276  20525728       684    891344   2038204     10032     13756    272636
02:36:13 PM 356100652 389841776   2029116      0.51   1420756  33269764  51165912     12.69  15028272  20529952      1364    895480   2038260     10048     13812    272556
02:36:18 PM 356114436 389855800   2015192      0.51   1420760  33269924  51178356     12.69  15028304  20537096       336    902228   2038236     10048     13844    272556
02:36:23 PM 356145124 389886544   1984412      0.50   1420760  33270112  51191272     12.69  15028304  20543772      1284    908832   2038140     10112     13956    272588
02:36:28 PM 356147468 389889188   1981940      0.50   1420760  33270368  51195276     12.70  15028316  20545336       160    909992   2038012     10016     13876    272556
02:36:33 PM 356167764 389909544   1961448      0.50   1420760  33270524  51205236     12.70  15028312  20548860       524    913604   2038052     10032     13884    272540
02:36:38 PM 356157572 389899672   1971532      0.50   1420760  33270704  51215316     12.70  15028316  20554448      1612    918840   2037980     10016     13904    272540
02:36:43 PM 356172324 389914544   1956728      0.50   1420760  33270888  51221096     12.70  15028356  20556956       760    921380   2037848     10048     14020    272500
02:36:48 PM 356162972 389905604   1965916      0.50   1420760  33271216  51221932     12.70  15028356  20557820      1680    921656   2037684     10048     14000    272540
02:36:53 PM 356146988 389889840   1981960      0.50   1420760  33271440  48374220     12.00  15028432  20547116       828    910572   2037400     10048     13796    272588
02:36:58 PM 356102724 389846056   2025852      0.51   1420760  33271840  51273868     12.72  15028508  20563468      1764    926876   2037372     10032     13828    272684
02:37:03 PM 356122628 389866196   2005468      0.51   1420760  33272100  51164668     12.69  15028580  20531840       704    895144   2037592     10064     13796    272700
02:37:08 PM 356089264 389833000   2038644      0.52   1420760  33272236  51250236     12.71  15028636  20560636      1620    923692   2037644     10080     13840    272716
02:37:13 PM 356121384 389865256   2006332      0.51   1420764  33272372  51167812     12.69  15028636  20534180       352    897352   2037696     10080     13868    272716
02:37:18 PM 356141436 389885612   1985544      0.50   1420764  33272664  51184612     12.69  15028652  20542392      1372    905028   2038140     10032     13832    272700
02:37:23 PM 356167840 389912132   1958952      0.50   1420764  33272836  51192620     12.70  15028652  20545772       316    908416   2038156     10032     13840    272668
02:37:28 PM 356176900 389921284   1950260      0.49   1420764  33272984  51201632     12.70  15028660  20550392      1376    912652   2037640     10032     13880    272636
02:37:33 PM 356187472 389931948   1939596      0.49   1420764  33273148  51213540     12.70  15028656  20555996       300    918312   2037568     10048     13924    272620
02:37:38 PM 356197644 389942428   1929040      0.49   1420764  33273372  48373648     12.00  15028680  20546948      1320    908876   2037728     10032     13632    272668
02:37:43 PM 356177204 389922092   1949492      0.49   1420764  33273612  51214064     12.70  15028692  20555920       348    917864   2037476     10032     13896    272700
02:37:48 PM 356188336 389933792   1938028      0.49   1420768  33274032  51209132     12.70  15028744  20554156      1444    915464   2037384     10064     13936    272716
02:37:53 PM 356133248 389878748   1993008      0.50   1420768  33274128  51285980     12.72  15028816  20579372       408    940860   2037396     10096     14020    272724
02:37:58 PM 356127520 389873224   1998636      0.51   1420768  33274284  51191804     12.69  15028844  20544992      1172    906204   2037340     10048     13848    272652
02:38:03 PM 356135800 389881576   1990292      0.50   1420768  33274396  51159348     12.69  15028928  20534060       360    895328   2037292     10048     13784    272620
02:38:08 PM 356128796 389874928   1996852      0.51   1420768  33274712  51165412     12.69  15028972  20535500      1304    896396   2037420     10128     13976    272636
02:38:13 PM 356135160 389881396   1990268      0.50   1420768  33274828  51180688     12.69  15028984  20540852       216    901604   2037524     10016     13812    272620
02:38:18 PM 356135504 389881872   1990088      0.50   1420768  33274984  51184236     12.69  15028980  20545008       352    905800   2037204     10000     13808    272524
02:38:23 PM 356128708 389875220   1996816      0.51   1420772  33275160  51193576     12.70  15028996  20549040      1484    909744   2037092     10016     13856    272572
02:38:28 PM 356136600 389883284   1988772      0.50   1420776  33275296  51208612     12.70  15029008  20555304       340    915864   2037104     10016     13880    272556
02:38:33 PM 356148176 389895056   1976948      0.50   1420776  33275612  51217532     12.70  15029012  20560280      1380    920432   2037036     10000     13936    272572
02:38:38 PM 356124912 389871928   1999980      0.51   1420780  33275784  51213812     12.70  15029048  20557172       324    917300   2037092     10016     13932    272492
02:38:43 PM 356117212 389864440   2007580      0.51   1420788  33275960  51220620     12.70  15029060  20560424      1340    920248   2037008     10000     13916    272524
02:38:48 PM 356134652 389882232   1989896      0.50   1420792  33276280  51176040     12.69  15029164  20544520       592    904208   2036928     10000     13832    272540
02:38:53 PM 356104408 389852052   2019876      0.51   1420800  33276448  51180368     12.69  15029216  20543060      1388    902628   2037016     10000     13848    272556
02:38:58 PM 356104356 389852188   2019616      0.51   1420800  33276584  51175588     12.69  15029256  20541036       308    900384   2037192     10000     13852    272524
02:39:03 PM 356082112 389830216   2041400      0.52   1420800  33276856  51164416     12.69  15029304  20537940      1300    897200   2037380     10032     13664    272588
02:39:08 PM 356107732 389856104   2015532      0.51   1420804  33277096  51187812     12.69  15029316  20547456       272    906508   2037384     10064     13976    272612
02:39:13 PM 356103140 389851616   2020212      0.51   1420808  33277176  51184540     12.69  15029360  20544652       376    903580   2037212     10016     13860    272604
02:39:18 PM 356118744 389867348   2004536      0.51   1420812  33277312  51189328     12.69  15029364  20547556       192    906328   2037144     10016     13848    272604
02:39:23 PM 356125252 389874032   1997804      0.51   1420816  33277604  51193712     12.70  15029380  20550540      1116    909092   2037072     10048     13884    272668
02:39:28 PM 356143900 389892812   1978952      0.50   1420820  33277772  51215268     12.70  15029384  20559672       172    918144   2037104     10048     13984    272652
02:39:33 PM 356146308 389895452   1976336      0.50   1420824  33277972  51204376     12.70  15029424  20556636      1108    914816   2037108     10048     13900    272668
02:39:38 PM 356127564 389876840   1994900      0.51   1420836  33278140  51215604     12.70  15029436  20560296       220    918424   2037108     10064     13968    272700
02:39:43 PM 356120320 389870000   2001572      0.51   1420840  33278460  51203508     12.70  15029476  20556988      1392    914664   2037356     10064     13912    272764
02:39:48 PM 356130760 389880632   1990644      0.50   1420840  33278712  51198064     12.70  15029556  20551844       628    909456   2037592     10064     13888    272748
02:39:53 PM 356132348 389882488   1988668      0.50   1420840  33278952  51194088     12.70  15029592  20550112      1000    907436   2037740     10128     14008    272684
02:39:58 PM 356139360 389889648   1981604      0.50   1420844  33279040  48346680     11.99  15029656  20522304      1644    879100   2037700     10048     13580    272636
02:40:03 PM 356162864 389913752   1957608      0.50   1420844  33279580  47453000     11.77  15029692  20506252       612    863016   2037652     10064     13200    272604
02:40:08 PM 356137068 389887912   1983624      0.50   1420844  33279528  51175480     12.69  15029728  20543552      1436    900436   2037484     10080     13844    272668
02:40:13 PM 356135852 389886804   1984716      0.50   1420844  33279652  51185000     12.69  15029740  20547924       504    904652   2037484     10080     13856    272684
02:40:18 PM 356153120 389904412   1966924      0.50   1420844  33279948  51193028     12.70  15029740  20552392       984    908908   2037712     10080     13900    272716
02:40:23 PM 356151656 389903140   1968276      0.50   1420848  33280104  51199572     12.70  15029748  20555252       432    911504   2037664     10064     13848    272716
02:40:28 PM 356160976 389912844   1958316      0.50   1420852  33280528  51213296     12.70  15029756  20562104      1304    918012   2037876     10048     13936    272716
02:40:33 PM 356157092 389909180   1961940      0.50   1420852  33280684  51206188     12.70  15029792  20560404       440    916172   2037980     10048     13916    272684
02:40:38 PM 356144680 389897076   1974140      0.50   1420856  33281012  51216976     12.70  15029792  20564396      1408    919888   2037860     10032     13936    272716
02:40:43 PM 356153504 389906208   1965016      0.50   1420868  33281208  51202404     12.70  15029840  20560328       444    915636   2037952     10080     13920    272668
02:40:48 PM 356099464 389852428   2018372      0.51   1420868  33281520  51192996     12.70  15029920  20554480      1384    909552   2038324     10048     13888    272684
02:40:53 PM 356102776 389855812   2015256      0.51   1420872  33281500  48344524     11.99  15029972  20539868       272    894888   2038144     10048     13416    272684
02:40:58 PM 356081100 389834400   2036692      0.52   1420876  33281780  51171684     12.69  15030044  20543176      1332    898152   2038100     10016     13784    272716
02:41:03 PM 356087616 389841128   2030160      0.51   1420884  33281940  51160312     12.69  15030108  20540356       408    895040   2037948     10080     13860    272748
02:41:08 PM 356107300 389861096   2010168      0.51   1420892  33282232  51177564     12.69  15030116  20546236      1196    900820   2037956     10080     13920    272716
02:41:13 PM 356120272 389874220   1997140      0.51   1420892  33282368  51181172     12.69  15030124  20548980       252    903280   2037876     10080     13868    272700
02:41:18 PM 356123364 389877712   1993584      0.50   1420892  33282792  51190644     12.69  15030128  20554108      1228    908104   2037916     10048     13848    272748
02:41:23 PM 356143412 389897972   1973412      0.50   1420892  33282948  51205368     12.70  15030132  20561336       252    915016   2037884     10064     13908    272748
02:41:28 PM 356133352 389888164   1983220      0.50   1420892  33283248  51299396     12.72  15030128  20582008      1208    935492   2037836     10080     13920    272796
02:41:33 PM 356148936 389904048   1967500      0.50   1420892  33283452  51220176     12.70  15030132  20568992       256    922072   2037768     10080     13928    272748
02:41:38 PM 356132024 389887360   1983700      0.50   1420896  33283760  51210800     12.70  15030172  20565504       844    918120   2038168     10240     14116    272780
02:41:43 PM 356166784 389922236   1949336      0.49   1420896  33283852  48344916     11.99  15030288  20527000       188    880044   2037680     10080     13368    272700
02:41:48 PM 356135644 389891320   1980400      0.50   1420896  33284056  48345108     11.99  15030344  20541420       372    894420   2037552     10080     13608    272636
02:41:53 PM 356119608 389875644   1996140      0.51   1420900  33284392  51159516     12.69  15030404  20541908      1644    894608   2037508     10080     13816    272652
02:41:58 PM 356117728 389873936   1998040      0.51   1420900  33284548  51171044     12.69  15030416  20546336       332    898836   2037332     10080     13840    272652
02:42:03 PM 356147852 389904308   1967592      0.50   1420900  33284728  51182576     12.69  15030468  20550656      1444    903132   2037476     10096     13948    272612
02:42:08 PM 356162312 389918876   1953104      0.49   1420900  33284868  51188172     12.69  15030476  20554080       404    906480   2037364     10128     14032    272580
02:42:13 PM 356169352 389926220   1945628      0.49   1420904  33285140  51193384     12.70  15030472  20557592      1232    909676   2037524     10064     13876    272572
02:42:18 PM 356169552 389926556   1945232      0.49   1420904  33285300  51202476     12.70  15030476  20562544       268    914352   2037560     10064     13900    272556
02:42:23 PM 356164668 389921916   1950032      0.49   1420912  33285536  51215972     12.70  15030492  20568328      1172    920040   2037400     10128     13972    272540
02:42:28 PM 356167048 389924536   1947472      0.49   1420924  33285704  51221328     12.70  15030504  20571868       196    922704   2037400     10112     13984    272524
02:42:33 PM 356169340 389927612   1944052      0.49   1420924  33286608  51210480     12.70  15030536  20567444      1076    918064   2037624     10080     13860    272572
02:42:38 PM 356158944 389917612   1954100      0.49   1420924  33286824  51208784     12.70  15030576  20564852       200    915196   2037756     10064     13888    272604
02:42:43 PM 356127516 389886216   1985400      0.50   1420924  33286836  48357412     11.99  15030656  20533460      1184    883996   2037872     10096     13488    272636
02:42:48 PM 356119608 389878612   1993136      0.50   1420928  33287068  51160416     12.69  15030728  20546548       604    896796   2037808     10096     13836    272636
02:42:53 PM 356098884 389858236   2013488      0.51   1420928  33287384  51176444     12.69  15030772  20550240      1508    900460   2037864     10096     13956    272628
02:42:58 PM 356111896 389871448   2000352      0.51   1420932  33287560  51176972     12.69  15030788  20551880       380    901700   2037808     10064     13848    272572
02:43:03 PM 356132716 389892412   1979452      0.50   1420932  33287744  51178548     12.69  15030828  20551804      1392    901584   2037704     10064     13848    272572
02:43:08 PM 356135564 389895556   1976284      0.50   1420936  33288008  51192800     12.70  15030844  20558804       384    908324   2037756     10096     14000    272596
02:43:13 PM 356136992 389897224   1974476      0.50   1420936  33288160  51188896     12.69  15030840  20558564      1348    907868   2037984     10048     13864    272572
02:43:18 PM 356150144 389910604   1961128      0.50   1420936  33288336  51209296     12.70  15030848  20565820       316    914840   2038004     10048     13912    272572
02:43:23 PM 356159260 389919964   1951492      0.49   1420936  33288656  51209128     12.70  15030876  20567144      1068    916016   2038204     10240     14088    272636
02:43:28 PM 356149280 389910192   1961148      0.50   1420940  33288836  51219640     12.70  15030888  20570236       332    918824   2038344     10048     13932    272588
02:43:33 PM 356151308 389912384   1958952      0.50   1420948  33289012  51219640     12.70  15030900  20571000       556    919456   2038328     10048     13924    272620
02:43:38 PM 356175012 389936544   1934820      0.49   1420948  33289476  51180828     12.69  15031008  20554068      1812    902212   2038292     10048     13772    272652
02:43:43 PM 356185536 389947320   1923848      0.49   1420948  33289692  48323572     11.98  15031104  20521884       740    870124   2038524     10048     13508    272604
02:43:48 PM 356120260 389882264   1988888      0.50   1420948  33289864  51169700     12.69  15031124  20548696      1864    896480   2038588     10032     13860    272732
02:43:53 PM 356121684 389883796   1987376      0.50   1420952  33290012  51170276     12.69  15031124  20551148       392    898996   2038524     10048     13860    272732
02:43:58 PM 356159476 389922160   1948820      0.49   1420952  33290604  47462388     11.77  15031156  20520656      1336    867652   2038696     10016     13224    272668
02:44:03 PM 356151672 389914240   1956848      0.50   1420952  33290512  51187616     12.69  15031192  20558996       340    906272   2038564     10032     13880    272668
02:44:08 PM 356174008 389936696   1934392      0.49   1420952  33290628  51191232     12.69  15031192  20560876      1380    907928   2038568     10032     13884    272668
02:44:13 PM 356181932 389944724   1926328      0.49   1420952  33290760  51200916     12.70  15031192  20565788       488    912892   2038576     10032     13928    272676
02:44:18 PM 356184808 389948084   1922940      0.49   1420956  33291220  51210528     12.70  15031204  20571052      1368    917576   2038624     10032     13924    272684
02:44:23 PM 356185264 389948832   1922380      0.49   1420960  33291516  51207948     12.70  15031244  20571308       280    917704   2038428     10032     13912    272700
02:44:28 PM 356177920 389941768   1929516      0.49   1420964  33291700  51214340     12.70  15031244  20573336      1220    918764   2038448     10048     13928    272732
02:44:33 PM 356194776 389958984   1912496      0.48   1420972  33292124  47482060     11.77  15031300  20531628       368    877404   2038180     10016     13396    272668
02:44:38 PM 356157216 389921568   1950272      0.49   1420976  33292180  51183996     12.69  15031376  20561036      1356    906624   2037904     10016     13868    272636
02:44:43 PM 356135212 389899692   1971728      0.50   1420976  33292344  51156764     12.69  15031484  20548056       400    893816   2038288     10032     13768    272588
02:44:48 PM 356113008 389877796   1993404      0.50   1420976  33292608  51174596     12.69  15031500  20554764      1160    900064   2038552     10064     13960    272756
02:44:53 PM 356126856 389891740   1979352      0.50   1420980  33292792  51178588     12.69  15031500  20557536       252    902980   2038568     10064     13924    272684
02:44:58 PM 356107040 389872236   1999180      0.51   1420980  33292964  51353660     12.74  15031552  20604080      1168    949028   2038384     10032     13840    272700
02:45:03 PM 356166212 389931508   1939944      0.49   1420980  33293120  51190548     12.69  15031556  20562160       228    907368   2038292     10032     13880    272700
02:45:08 PM 356162308 389927932   1943476      0.49   1420980  33293392  51194564     12.70  15031564  20566248      1216    910796   2038392     10032     13828    272732
02:45:13 PM 356161676 389927424   1943876      0.49   1420980  33293572  51199672     12.70  15031568  20568832       204    913484   2038444     10032     13920    272668
02:45:18 PM 356200888 389966780   1904508      0.48   1420980  33293724  51198644     12.70  15031592  20569624       416    914000   2038448     10016     13708    272604
02:45:23 PM 356206260 389972652   1898476      0.48   1420984  33294224  47495956     11.78  15031612  20538168      1496    882100   2038604     10000     13428    272652
02:45:28 PM 356186076 389952356   1918496      0.49   1420992  33294128  51193816     12.70  15031688  20564804       408    908928   2038856     10000     13880    272620
02:45:33 PM 356151676 389918432   1952828      0.49   1420996  33294544  51189700     12.69  15031720  20564876      1504    908612   2038504     10016     13768    272604
02:45:38 PM 356168412 389935332   1936056      0.49   1421000  33294672  48343384     11.99  15031780  20537104       272    880744   2038408     10048     13480    272604
02:45:43 PM 356129876 389896984   1974356      0.50   1421008  33294880  51169432     12.69  15031856  20554896      1396    898316   2038428     10016     13840    272684
02:45:48 PM 356128456 389895784   1975624      0.50   1421012  33295140  51180256     12.69  15031856  20559436       240    902728   2038316     10016     13864    272684
02:45:53 PM 356120508 389888120   1983116      0.50   1421020  33295368  51184560     12.69  15031880  20563996      1896    906948   2038536     10016     13876    272668
02:45:58 PM 356091840 389859584   2011540      0.51   1421020  33295480  51276400     12.72  15031932  20594152       572    937204   2038668     10032     13896    272652
02:46:03 PM 356103008 389870952   2000148      0.51   1421020  33295720  51199840     12.70  15031932  20569756      1316    912480   2038652     10032     13904    272668
02:46:08 PM 356104036 389872072   1999012      0.51   1421020  33295860  51199840     12.70  15031932  20571064       508    913640   2038620     10032     13912    272652
02:46:13 PM 356105188 389873604   1997456      0.51   1421024  33296160  51204752     12.70  15031940  20573412      1388    915664   2038720      9984     13904    272668
02:46:18 PM 356130620 389899252   1972020      0.50   1421028  33296344  51196064     12.70  15032020  20569408       572    911632   2038536     10000     13900    272716
02:46:23 PM 356137784 389906844   1964384      0.50   1421036  33296752  47483444     11.78  15032032  20535016      1348    876748   2038592     10000     13280    272748
02:46:28 PM 356124960 389893892   1977452      0.50   1421036  33296660  51197312     12.70  15032068  20569432       336    911388   2038440     10000     13896    272700
02:46:33 PM 356122940 389892460   1978556      0.50   1421036  33297236  51202236     12.70  15032080  20573620      1440    914964   2038780     10000     13920    272684
02:46:38 PM 356144064 389913756   1957532      0.50   1421036  33297372  51167388     12.69  15032220  20554172       836    895564   2038544     10000     13836    272636
02:46:43 PM 356106160 389876152   1995108      0.51   1421036  33297624  51180192     12.69  15032220  20559896      1952    900864   2038620     10000     13868    272652
02:46:48 PM 356108252 389878336   1992900      0.50   1421036  33297748  51181008     12.69  15032232  20563088       284    904116   2038612     10000     13876    272652
02:46:53 PM 356083340 389853688   2017208      0.51   1421040  33297936  51171388     12.69  15032284  20559436      1292    899728   2039024     10032     13892    272700
02:46:58 PM 356122204 389892944   1977920      0.50   1421040  33298224  51195924     12.70  15032284  20569476       132    910048   2039160     10048     13936    272652
02:47:03 PM 356132944 389903840   1967136      0.50   1421040  33298380  51199316     12.70  15032288  20572944       144    913324   2039048     10016     13880    272620
02:47:08 PM 356127852 389898864   1971924      0.50   1421044  33298544  51200100     12.70  15032296  20573644      1576    913988   2039184     10032     13916    272716
02:47:13 PM 356137148 389908420   1962628      0.50   1421044  33298720  51216176     12.70  15032300  20580968       492    921032   2039008     10032     13940    272700
02:47:18 PM 356106332 389877904   1993232      0.50   1421044  33299056  51202816     12.70  15032380  20574160      1680    914196   2038884     10016     13924    272604
02:47:23 PM 356089364 389861140   2009972      0.51   1421044  33299220  51194688     12.70  15032416  20570088       500    909700   2038948     10032     13920    272636
02:47:28 PM 356164608 389937068   1934028      0.49   1421052  33299916  43754056     10.85  15032420  20498476      1496    837480   2038944      9984     12644    272572
02:47:33 PM 356084044 389856196   2015380      0.51   1421056  33299548  51176824     12.69  15032544  20560988       524    900468   2038520     10016     13732    272588
02:47:38 PM 356088980 389861428   2010332      0.51   1421060  33299848  51178820     12.69  15032592  20562284      1596    901584   2038328     10064     14032    272644
02:47:43 PM 356085940 389858524   2013256      0.51   1421068  33299956  51183596     12.69  15032608  20565060       348    904296   2038328     10080     14020    272612
02:47:48 PM 356088716 389861576   2010364      0.51   1421068  33300260  51183868     12.69  15032604  20567388      1484    906232   2038140     10080     14004    272660
02:47:53 PM 356080912 389853968   2018172      0.51   1421072  33300440  51192972     12.70  15032656  20569008       560    907580   2037952     10048     13900    272668
02:47:58 PM 356071596 389844920   2027084      0.51   1421072  33300720  51206288     12.70  15032660  20575380      1388    913808   2038076     10096     14040    272596
02:48:03 PM 356083476 389857004   2015064      0.51   1421080  33300900  51202384     12.70  15032676  20574660       416    912832   2038028     10064     13944    272572
02:48:08 PM 356042020 389815820   2055896      0.52   1421084  33301204  51297816     12.72  15032676  20607356      1328    945332   2038344     10064     13944    272636
02:48:13 PM 356086264 389860320   2011944      0.51   1421088  33301408  51210604     12.70  15032752  20577628       260    914824   2037844     10064     13936    272668
02:48:18 PM 356077788 389851916   2019936      0.51   1421092  33301512  48370428     12.00  15032788  20568396      1264    906120   2038220     10080     13764    272668
02:48:23 PM 356086016 389860376   2011444      0.51   1421092  33301696  51201424     12.70  15032808  20574540       248    911984   2038300     10080     13940    272668
02:48:28 PM 356081344 389856000   2015876      0.51   1421092  33302016  51193936     12.70  15032840  20572980      1184    910208   2038220     10064     13896    272636
02:48:33 PM 356097136 389872280   1999616      0.51   1421092  33302464  47546204     11.79  15032920  20542376       208    879076   2038240     10064     13268    272660
02:48:38 PM 356046596 389821564   2050156      0.52   1421092  33302332  51178904     12.69  15032948  20565356       916    901376   2038372     10320     14024    272732
02:48:43 PM 356039580 389814872   2056684      0.52   1421096  33302596  51179192     12.69  15032968  20566100       240    902820   2038592     10048     13840    272700
02:48:48 PM 356018252 389793684   2078032      0.53   1421100  33302744  51254760     12.71  15033012  20593636       320    930380   2038420     10096     13944    272684
02:48:53 PM 356060092 389835756   2035996      0.52   1421100  33302924  51200004     12.70  15033020  20575364      1576    912020   2038436     10096     14016    272692
02:48:58 PM 356060472 389836332   2035536      0.52   1421100  33303076  51202772     12.70  15033028  20577912       456    914300   2038364     10096     14016    272644
02:49:03 PM 356052476 389828568   2043188      0.52   1421112  33303380  51198868     12.70  15033028  20576984      1580    913144   2038392     10096     13972    272668
02:49:08 PM 356040704 389816968   2054668      0.52   1421112  33303524  48379476     12.00  15033080  20576940       520    913004   2038540     10128     13980    272708
02:49:13 PM 356071340 389847948   2023552      0.51   1421112  33303856  48362984     11.99  15033148  20568296      1504    904100   2038688     10064     13752    272668
02:49:18 PM 356057828 389834600   2036996      0.52   1421112  33304028  51197884     12.70  15033156  20575124       288    910672   2038584     10096     14004    272692
02:49:23 PM 356043864 389820796   2050748      0.52   1421124  33304192  51203464     12.70  15033156  20579264      1588    914708   2038620     10096     14016    272692
02:49:28 PM 356091640 389869380   2002276      0.51   1421128  33304896  43752544     10.85  15033216  20501196       680    835796   2038608     10048     12648    272588
02:49:33 PM 355994992 389772492   2098684      0.53   1421128  33304680  51177216     12.69  15033328  20564940      1652    900156   2039064     10048     13868    272636
02:49:38 PM 356007240 389784876   2086284      0.53   1421132  33304800  51181712     12.69  15033332  20567620       332    902516   2039092     10048     13880    272588
02:49:43 PM 356045836 389824000   2047580      0.52   1421132  33305352  47458392     11.77  15033340  20532176      1340    866604   2038648     10000     13216    272572
02:49:48 PM 356022792 389800920   2070716      0.52   1421136  33305256  51188716     12.69  15033392  20572192       372    906796   2038648     10048     13892    272604
02:49:53 PM 356027980 389806196   2065456      0.52   1421136  33305392  51202732     12.70  15033392  20578320      1248    912848   2038584     10064     13920    272620
02:49:58 PM 356030544 389808932   2062748      0.52   1421144  33305560  51202732     12.70  15033408  20579764       372    914064   2038552     10048     13928    272588
02:50:03 PM 356045500 389824148   2047572      0.52   1421148  33305876  51214696     12.70  15033420  20585792      1244    920016   2038452     10096     14096    272628
02:50:08 PM 356065764 389844672   2027244      0.51   1421148  33306060  51212500     12.70  15033464  20585344       476    919224   2038332     10128     14172    272660
02:50:13 PM 356082308 389861476   2010248      0.51   1421148  33306328  48378724     12.00  15033456  20563128      1276    896704   2038516     10096     13604    272724
02:50:18 PM 356048256 389827576   2044024      0.52   1421156  33306412  51203768     12.70  15033528  20581388       272    914788   2038700     10096     14028    272740
02:50:23 PM 356061392 389840880   2030704      0.51   1421156  33306612  48358656     11.99  15033580  20553396       216    887108   2038684     10112     13452    272660
02:50:28 PM 356023316 389803112   2068504      0.52   1421160  33306896  51181160     12.69  15033664  20570412       520    903564   2038672     10112     13932    272620
02:50:33 PM 356034300 389814236   2057388      0.52   1421164  33307044  51168160     12.69  15033692  20566728       696    899832   2038652     10032     13824    272556
02:50:38 PM 356021772 389801704   2069420      0.52   1421164  33306996  51170800     12.69  15033448  20565124      1560    897956   2039196     10048     13680    272652
02:50:43 PM 356021120 389801208   2070008      0.52   1421164  33307176  51184012     12.69  15033452  20572132       456    904820   2039080     10048     13876    272668
02:50:48 PM 356031064 389811320   2060008      0.52   1421164  33307328  51187740     12.69  15033452  20574900      1508    907244   2038984     10000     13828    272620
02:50:53 PM 356041220 389821612   2049676      0.52   1421164  33307500  51203044     12.70  15033460  20581400       480    913720   2038988     10048     13920    272620
02:50:58 PM 356056704 389837424   2033928      0.52   1421168  33307812  51217168     12.70  15033468  20587100      1392    919088   2038936     10048     13952    272636
02:51:03 PM 356085188 389866068   2005108      0.51   1421168  33308004  51204940     12.70  15033504  20583592       572    915464   2039080     10048     13936    272652
02:51:08 PM 356074052 389855112   2015900      0.51   1421168  33308140  48371064     12.00  15033536  20576716      1608    908512   2039288     10032     13688    272636
02:51:13 PM 356063536 389844756   2026220      0.51   1421168  33308344  51196992     12.70  15033580  20578380       372    910196   2039280     10048     13888    272620
02:51:18 PM 356049256 389830796   2040384      0.52   1421168  33308620  48353912     11.99  15033652  20567716      1520    899116   2039120     10064     13708    272620
02:51:23 PM 356026292 389808180   2063000      0.52   1421168  33308936  51187420     12.69  15033712  20576604       688    907860   2039152     10160     14224    272692
02:51:28 PM 356026068 389808404   2062680      0.52   1421168  33309368  51185064     12.69  15033708  20574320      1424    904952   2039264     10048     13884    272604
02:51:33 PM 356046144 389828636   2042492      0.52   1421172  33309552  51192132     12.69  15033712  20578712       452    909412   2039188     10080     13920    272636
02:51:38 PM 356060944 389843684   2027428      0.51   1421172  33309756  51191756     12.69  15033760  20579324      1364    909596   2039248     10080     13896    272684
02:51:43 PM 356045856 389828648   2042292      0.52   1421172  33309848  51186160     12.69  15033796  20575212       244    905496   2039380     10080     13892    272716
02:51:48 PM 356051500 389834556   2036432      0.52   1421176  33310124  51194692     12.70  15033812  20580448      1260    910360   2039316     10112     13968    272748
02:51:53 PM 356053388 389836588   2034400      0.52   1421176  33310320  51199028     12.70  15033804  20583504       264    913332   2039264     10048     13900    272684
02:51:58 PM 356098836 389882532   1988828      0.50   1421176  33310772  47489276     11.78  15033804  20552240      1160    881508   2038936     10048     13292    272700
02:52:03 PM 356056480 389840080   2031268      0.51   1421176  33310696  51208204     12.70  15033848  20587852       240    917368   2038928     10064     13920    272684
02:52:08 PM 356079692 389863796   2007796      0.51   1421180  33311152  45706192     11.33  15033892  20520416      1212    849360   2038728     10048     12816    272556
02:52:13 PM 356003032 389787084   2084508      0.53   1421180  33311120  51190004     12.69  15033976  20578628        56    907940   2038708     10080     14016    272588
02:52:18 PM 355997396 389781648   2089860      0.53   1421180  33311296  51186668     12.69  15034008  20576532       344    905408   2038816     10048     13896    272508
02:52:23 PM 356004312 389788776   2083040      0.53   1421180  33311608  51184844     12.69  15034052  20577540      1640    906388   2038408     10080     13992    272660
02:52:28 PM 356008888 389793456   2078332      0.53   1421180  33311772  51204404     12.70  15034056  20584792       532    913636   2038376     10112     14156    272716
02:52:33 PM 356012516 389797328   2074260      0.53   1421180  33311936  51170200     12.69  15034128  20571128      1860    899892   2038656     10000     13776    272668
02:52:38 PM 356007788 389792732   2078900      0.53   1421180  33312080  51190448     12.69  15034132  20578796       424    907316   2038600     10080     13964    272668
02:52:43 PM 355995816 389780864   2090664      0.53   1421184  33312368  51198856     12.70  15034148  20584496      1308    912908   2038516     10064     14020    272708
02:52:48 PM 356021076 389806304   2065284      0.52   1421184  33312564  51203448     12.70  15034148  20587784       552    915904   2038440     10032     13928    272668
02:52:53 PM 356073772 389859176   2012516      0.51   1421184  33312748  51215972     12.70  15034160  20593164      1204    920972   2038328     10000     13920    272684
02:52:58 PM 356057472 389842960   2028772      0.51   1421188  33312848  45535792     11.29  15034224  20575248       548    903072   2038268     10016     13552    272684
02:53:03 PM 356015060 389800944   2070720      0.52   1421188  33313188  51201376     12.70  15034236  20586376      1184    913880   2038392     10016     13928    272636
02:53:08 PM 356012556 389798604   2072960      0.52   1421192  33313348  51194636     12.70  15034316  20581492       544    909004   2038492     10048     14008    272644
02:53:13 PM 356004280 389790540   2081096      0.53   1421196  33313524  51195800     12.70  15034324  20584852      1180    912012   2038452     10048     14024    272676
02:53:18 PM 355990788 389777288   2094404      0.53   1421196  33313828  51185636     12.69  15034360  20580128       456    907084   2038332     10016     13888    272652
02:53:23 PM 355992772 389779372   2092728      0.53   1421196  33314024  51180860     12.69  15034400  20577616      1424    904468   2037828     10016     13884    272700
02:53:28 PM 356004168 389790932   2081388      0.53   1421200  33314172  51174208     12.69  15034476  20572700       356    899480   2037620     10032     13864    272668
02:53:33 PM 356014052 389801072   2071312      0.52   1421208  33314424  51179356     12.69  15034500  20575728      1340    902152   2037552     10032     13872    272652
02:53:38 PM 355985928 389773084   2099288      0.53   1421208  33314572  51270496     12.71  15034500  20610280       304    936668   2037552     10032     13884    272684
02:53:43 PM 356032804 389820188   2051920      0.52   1421208  33314768  51197000     12.70  15034508  20586564      1260    912576   2037848     10032     13912    272620
02:53:48 PM 356067900 389855456   2016660      0.51   1421212  33314936  51220108     12.70  15034524  20595176       412    921040   2037840     10064     14076    272612
02:53:53 PM 356086924 389874764   1997320      0.51   1421216  33315252  51202808     12.70  15034560  20588816      1192    914352   2037836     10160     14092    272652
02:53:58 PM 356078136 389866252   2005812      0.51   1421220  33315528  51209660     12.70  15034564  20590268       260    915720   2037852     10032     13940    272652
02:54:03 PM 356116124 389904712   1967376      0.50   1421220  33315948  47490432     11.78  15034604  20552812       472    877720   2037880     10016     13288    272572
02:54:08 PM 356042764 389831380   2041104      0.52   1421224  33315972  51181720     12.69  15034716  20577932      1592    902992   2037484     10032     13872    272620
02:54:13 PM 356022388 389811132   2061396      0.52   1421224  33316108  51193400     12.70  15034728  20582756       616    907704   2037432     10064     14024    272676
02:54:18 PM 356025828 389814692   2057792      0.52   1421228  33316272  51192944     12.70  15034728  20584104      1448    909068   2037428     10048     13920    272636
02:54:23 PM 356049444 389838692   2033824      0.52   1421228  33316644  51180172     12.69  15034776  20578980       528    903488   2037408     10048     13820    272620
02:54:28 PM 356031064 389820724   2051872      0.52   1421228  33317020  51180244     12.69  15034852  20577988      1384    902192   2037364     10048     13892    272700
02:54:33 PM 356035476 389825252   2047376      0.52   1421232  33317124  51193640     12.70  15034864  20585224       540    909248   2037340     10112     14136    272732
02:54:38 PM 356043068 389832964   2039388      0.52   1421240  33317300  51189508     12.69  15034868  20584740      1520    908600   2037552     10016     13832    272684
02:54:43 PM 356085340 389875604   1996748      0.51   1421240  33317620  51210700     12.70  15034884  20593940       372    917364   2037600     10064     14016    272668
02:54:48 PM 356085268 389875908   1996468      0.51   1421240  33318052  51215932     12.70  15034884  20597684      1332    920816   2037520     10048     13960    272668
02:54:53 PM 356092504 389883404   1988896      0.50   1421244  33318236  51200684     12.70  15034924  20592436       452    915272   2037668     10048     13936    272716
02:54:58 PM 356068184 389859496   2013100      0.51   1421248  33318652  51207800     12.70  15034976  20596900      1320    919584   2037364     10096     14240    272684
02:55:03 PM 356071556 389862968   2009384      0.51   1421248  33318724  48361348     11.99  15035008  20564648       436    887152   2037636     10048     13532    272636
02:55:08 PM 356035324 389827044   2045016      0.52   1421248  33319080  48351564     11.99  15035068  20577716      1328    899992   2037880     10032     13716    272668
02:55:13 PM 356021584 389813580   2058684      0.52   1421252  33319284  51186856     12.69  15035092  20584748       228    906704   2037744     10032     13908    272636
02:55:18 PM 356044404 389836444   2035436      0.52   1421256  33319436  51174444     12.69  15035164  20576800      1164    898788   2038016     10032     13692    272652
02:55:23 PM 356031948 389824220   2047780      0.52   1421260  33319620  51175284     12.69  15035224  20578784       212    900648   2037940     10064     13908    272620
02:55:28 PM 356042088 389834664   2037216      0.52   1421260  33320000  51179388     12.69  15035212  20581792      1100    903380   2037984     10016     13892    272588
02:55:33 PM 356054116 389846908   2025088      0.51   1421260  33320132  51188148     12.69  15035236  20587320       156    908528   2037952     10048     14024    272548
02:55:38 PM 356064292 389857236   2014396      0.51   1421260  33320316  51207292     12.70  15035240  20596756      1136    917900   2038284     10032     14212    272612
02:55:43 PM 356084220 389877368   1994384      0.51   1421260  33320496  51211200     12.70  15035240  20597524       140    918404   2038188     10016     13940    272540
02:55:48 PM 356092668 389885856   1985956      0.50   1421260  33320644  51214160     12.70  15035240  20599868       492    920748   2038020     10016     13956    272492
02:55:53 PM 356107564 389901064   1970520      0.50   1421260  33320952  45341228     11.24  15035244  20560500      1620    881024   2038252      9984     13036    272476
02:55:58 PM 356154628 389948320   1923516      0.49   1421260  33321076  39483504      9.79  15035248  20526128       520    846512   2038068      9952     12016    272460
02:56:03 PM 356195268 389988940   1883652      0.48   1421264  33321024  27749188      6.88  15035260  20446972      1628    767608   2037340      9984     10340    272508
02:56:08 PM 356224432 390018016   1854516      0.47   1421268  33321000  21870024      5.42  15035252  20401912       516    722388   2037332      9888      9148    272460
02:56:13 PM 356276052 390069868   1802688      0.46   1421268  33321200  12273356      3.04  15035256  20322788      1468    642964   2037340      9840      7588    272364
02:56:18 PM 356301228 390095392   1777592      0.45   1421268  33321492   4250532      1.05  15043276  20269404       292    597344   2036968      9712      6056    272300
02:56:23 PM 356259632 390054140   1817104      0.46   1421268  33321760  21448196      5.32  15053092  20331748      1500    668732   2038784      9888      9068    272556
02:56:28 PM 356259972 390054708   1816620      0.46   1421268  33321888  21448196      5.32  15053220  20332664       264    670080   2038800      9920      9096    272508
02:56:33 PM 356252156 390047072   1824152      0.46   1421268  33322072  21448196      5.32  15053392  20333392      1392    670800   2038900      9888      9032    272524
02:56:38 PM 356250956 390046040   1825156      0.46   1421268  33322180  21452100      5.32  15053484  20334900       244    672800   2038988      9920      9072    272516
02:56:43 PM 356260780 390056216   1815284      0.46   1421268  33322440  21452468      5.32  15053600  20336904      1460    674152   2038776      9936      9160    272580
02:56:48 PM 356261880 390057500   1813912      0.46   1421272  33322616  21452468      5.32  15053756  20337320       268    674612   2038868      9904      9128    272564
02:56:53 PM 356277848 390073632   1799212      0.46   1421272  33322760   4250532      1.05  15053784  20260136      1244    597268   2037456      9760      6116    272492
02:56:58 PM 356279912 390075196   1797752      0.46   1421276  33322188   4254436      1.06  15053796  20261488       180    599260   2037420      9792      6232    272484
02:57:03 PM 356293980 390090368   1782684      0.45   1421280  33323280   4251044      1.05  15053796  20261280      1324    597864   2037324      9728      6056    272444
02:57:08 PM 356295260 390092400   1780664      0.45   1421288  33323992   4251044      1.05  15053804  20262084       164    597976   2037344      9808      6188    272444
02:57:13 PM 356294324 390092208   1781040      0.45   1421288  33324696   4254948      1.06  15053804  20264416       844    599948   2037200     10304      6216    272420
02:57:18 PM 356295416 390095772   1777700      0.45   1421296  33327028   4251044      1.05  15053812  20265080       180    597896   2037108      9760      6116    272412
02:57:23 PM 356290956 390092968   1780652      0.45   1421296  33328580   4251044      1.05  15053848  20266944       544    598132   2037064     10128      5972    272412
02:57:28 PM 356079396 389884864   1986968      0.50   1421296  33331968  51125496     12.68  15054120  20549540      1380    877328   2038920      9984     13748    272572
02:57:33 PM 356303264 390110180   1761756      0.45   1421296  33333424  22335092      5.54  15054120  20308652       392    635592   2038808      9888      8996    272380
02:57:38 PM 356083248 389890756   1980760      0.50   1421304  33334104  51121136     12.68  15054376  20556724      4296    883176   2039132     10016     13760    272556
02:57:43 PM 356090632 389899604   1971760      0.50   1421304  33335552  51126892     12.68  15054640  20559216      2856    884452   2039300     10032     13828    272580
02:57:48 PM 356094316 389904780   1966376      0.50   1421304  33336980  51132600     12.68  15054908  20560136      3608    884224   2039572     10080     13956    272548
02:57:53 PM 356105184 389917024   1954432      0.49   1421304  33338376  45469968     11.28  15055152  20554288      2012    877252   2039252     10048     13488    272580
02:57:58 PM 356132692 389945996   1925800      0.49   1421304  33339908  41754572     10.35  15055312  20519336      3128    840960   2038844     10000     12756    272604
02:58:03 PM 356091772 389906456   1965724      0.50   1421308  33341280  51126984     12.68  15055512  20561484      2320    881928   2038464     10016     13608    272556
02:58:08 PM 356229184 390045452   1826884      0.46   1421308  33342828  31515564      7.82  15055612  20421048      2016    740004   2038344     10000     10900    272556
02:58:13 PM 356110016 389928036   1944088      0.49   1421308  33344588  51126436     12.68  15055840  20566236      3024    883168   2038548     10032     13600    272556
02:58:18 PM 356129516 389948248   1924248      0.49   1421308  33345272  51116296     12.68  15056096  20565316      2948    882208   2038204     10032     13772    272460
02:58:23 PM 356131544 389951416   1920512      0.49   1421312  33346420  51117840     12.68  15056340  20557772      1252    874364   2038760     10064     13256    272532
02:58:28 PM 356209176 390031924   1840248      0.47   1421312  33349256  32398996      8.03  15056456  20473732      2432    786976   2038556      9984     11496    272524
02:58:33 PM 356212880 390036936   1835492      0.46   1421312  33350536  40887472     10.14  15056652  20487800      2592    800244   2038328     10048     12228    272556
02:58:38 PM 356151004 389976780   1895028      0.48   1421312  33352176  47423432     11.76  15056888  20542800      3440    853516   2039028     10064     13264    272628
02:58:43 PM 356121328 389948400   1923128      0.49   1421316  33353436  51104652     12.67  15057124  20570468      2288    880332   2039340     10048     13588    272556
02:58:48 PM 356119344 389947928   1923708      0.49   1421320  33354796  48292368     11.98  15057392  20569288      2848    878032   2039380     10096     13584    272628
02:58:53 PM 356197888 390027608   1844088      0.47   1421328  33355912  38921760      9.65  15057572  20492732       732    800528   2039332     10064     11884    272628
02:58:58 PM 356258296 390091840   1779708      0.45   1421332  33359664  32580380      8.08  15057684  20420720      2572    724836   2039548     10096     10876    272660
02:59:03 PM 356110756 389944208   1928036      0.49   1421336  33359548  51117176     12.68  15057924  20579192      2720    883696   2038872     10064     13768    272604
02:59:08 PM 356099352 389934148   1937904      0.49   1421336  33360904  51139368     12.68  15058180  20580684      2452    884220   2039052     10224     14132    272620
02:59:13 PM 356110944 389947360   1924752      0.49   1421336  33362476  51127068     12.68  15058452  20583620      1976    885952   2039040     10128     13980    272596
02:59:18 PM 356257676 390097080   1775052      0.45   1421340  33365456  32576068      8.08  15058488  20423920      1480    722944   2039024      9984     10708    272556
02:59:23 PM 356115648 389954012   1918332      0.49   1421340  33364428  48300816     11.98  15058716  20564116      3248    864488   2038800     10080     13464    272612
02:59:28 PM 356128960 389969180   1903268      0.48   1421340  33366216  47603632     11.81  15058956  20551424      1560    850232   2038764     10048     12932    272572
02:59:33 PM 356149828 389992624   1879616      0.48   1421344  33368800  43703868     10.84  15059024  20526980      4176    823352   2038960     10096     12640    272612
02:59:38 PM 356087524 389930588   1941200      0.49   1421344  33368984  51145116     12.68  15059248  20587192      2640    883572   2039496     10048     13732    272508
02:59:43 PM 356322164 390167928   1703764      0.43   1421344  33371644  21453644      5.32  15059260  20330784      1908    624404   2039632      9936      8936    272508
02:59:48 PM 356082796 389927156   1944944      0.49   1421344  33370196  51133436     12.68  15059516  20587396      1808    882800   2039268     10048     13776    272588
02:59:53 PM 356234856 390082548   1789352      0.45   1421344  33373448  32580168      8.08  15059532  20432628      1904    724772   2039548     10048     10776    272612
02:59:58 PM 356075540 389922772   1949128      0.49   1421344  33372944  51136052     12.68  15059784  20594880      2712    887996   2039592     10112     14064    272620
03:00:03 PM 356311460 390161436   1710436      0.43   1421344  33375664  22335292      5.54  15059776  20345440      1428    635564   2039644      9936      8840    272556
03:00:08 PM 356089708 389938412   1933400      0.49   1421344  33374416  51133584     12.68  15060032  20592072      2196    883796   2039680     10048     13764    272620
03:00:13 PM 356116064 389965932   1906412      0.48   1421348  33375596  45258080     11.22  15060260  20556344      2300    847176   2039128     10032     12776    272668
03:00:18 PM 356321444 390174308   1698120      0.43   1421352  33378540  17152784      4.25  15060268  20330332       216    618036   2039092      9904      8196    272524
03:00:23 PM 356232092 390083824   1789104      0.45   1421352  33377408  21825948      5.41  15060376  20416340      2312    705412   2038592      9888      8992    272524
03:00:28 PM 356315216 390167332   1704320      0.43   1421352  33377680  21456708      5.32  15078140  20329676       260    636416   2039980      9952      8904    272548
03:00:33 PM 356104468 389956760   1914460      0.48   1421356  33377820  21457076      5.32  15078252  20538728      1116    845160   2040444      9984      9160    272580
03:00:38 PM 356097156 389949624   1921552      0.49   1421356  33378000  21452804      5.32  15078424  20537336       192    843748   2040484      9936      9108    272508
03:00:43 PM 356089664 389942312   1928868      0.49   1421356  33378200  21452804      5.32  15078480  20537548      1184    843804   2040460      9936      9024    272572
03:00:48 PM 356092156 389944880   1926352      0.49   1421356  33378272  21452804      5.32  15078548  20537748       176    844028   2040412      9936      9028    272524
03:00:53 PM 356085992 389938916   1932164      0.49   1421356  33378436  21457076      5.32  15078676  20541252       756    847716   2040600      9984      9004    272580
03:00:58 PM 356088084 389941148   1930072      0.49   1421356  33378548  21452804      5.32  15078800  20538868       144    845124   2040488      9952      9100    272556
03:01:03 PM 356105700 389958996   1912396      0.48   1421356  33378696  19310760      4.79  15078916  20512268       524    818580   2040400      9968      8920    272508
03:01:08 PM 356329224 390182508   1689784      0.43   1421356  33378628   4251044      1.05  15078932  20291872      1500    598204   2039556      9808      6128    272444
03:01:13 PM 356327316 390180548   1691964      0.43   1421356  33378572   4256740      1.06  15078936  20295152       376    601584   2039340      9824      6244    272404
03:01:18 PM 356320000 390173716   1699088      0.43   1421356  33379164   4253220      1.05  15078932  20293768      1300    599572   2038940      9792      6132    272444
03:01:23 PM 356309724 390164112   1708752      0.43   1421356  33379808   4269168      1.06  15078980  20310040       392    615168   2038908      9792      6172    272396
03:01:28 PM 356302548 390157684   1715316      0.43   1421356  33380524   4276288      1.06  15079020  20315200      1332    619736   2038804      9808      6196    272452
03:01:33 PM 356300904 390157140   1715844      0.43   1421360  33381584   4276224      1.06  15079068  20318556       388    622024   2038856      9792      6180    272428
