Linux 5.15.0-91-generic (gl5) 	01/19/2024 	_x86_64_	(32 CPU)

04:41:29 PM kbmemfree   kbavail kbmemused  %memused kbbuffers  kbcached  kbcommit   %commit  kbactive   kbinact   kbdirty  kbanonpg    kbslab  kbkstack   kbpgtbl  kbvmused
04:41:34 PM 381237304 390339648   1616316      0.41   1235068   9377244   4649700      1.15   4214464   6938980       248    569728   1392616     10544      6040    268756
04:41:39 PM 381226076 390331972   1623688      0.41   1235076   9380752   4651712      1.15   4215220   6942404      1196    570064   1392956     10544      6040    268868
04:41:44 PM 381272348 390380432   1574004      0.40   1235076   9382932   4176832      1.04   4216636   6943016       224    569872   1394188      9536      5916    267892
04:41:49 PM 381267288 390377328   1577448      0.40   1235076   9384768   4177860      1.04   4216760   6945148      1236    570344   1393968      9520      5972    267844
04:41:54 PM 381267848 390380156   1574588      0.40   1235080   9386932   4177860      1.04   4216796   6947280       220    570360   1394100      9520      5964    267796
04:41:59 PM 381260424 390375200   1579560      0.40   1235080   9389180   4177860      1.04   4216840   6949508      1180    570372   1394304      9552      5968    267796
04:42:04 PM 381260440 390377244   1577552      0.40   1235084   9391128   4177860      1.04   4216840   6951428       200    570388   1394344      9552      5996    267796
04:42:09 PM 381259300 390378504   1576432      0.40   1235084   9393404   4177860      1.04   4216880   6953700      1200    570364   1394328      9536      5968    267860
04:42:14 PM 381259136 390380680   1574276      0.40   1235084   9395616   4177860      1.04   4216916   6955840       200    570364   1394436      9536      5968    267844
04:42:19 PM 381251960 390375804   1579332      0.40   1235084   9397800   4177860      1.04   4216960   6958000      1132    570364   1394372      9536      5964    267860
04:42:24 PM 381251108 390377132   1578036      0.40   1235084   9399896   4178884      1.04   4216956   6959808       256    570092   1394424      9488      5868    267828
04:42:29 PM 381243152 390371456   1583564      0.40   1235092   9402040   4178884      1.04   4217000   6962120      1236    570252   1394700      9536      5980    267844
04:42:34 PM 381242036 390372784   1582152      0.40   1235100   9404352   4178884      1.04   4217044   6964384       196    570288   1394908      9536      5976    267860
04:42:39 PM 381239092 390372040   1582804      0.40   1235100   9406412   4178884      1.04   4217072   6966016      1100    569828   1395140      9888      6120    267844
04:42:44 PM 381238068 390373024   1581672      0.40   1235104   9408344   4178884      1.04   4217088   6968392       192    570360   1395360      9504      5944    267812
04:42:49 PM 381238560 390375672   1579004      0.40   1235112   9410312   4178100      1.04   4217132   6970216        20    570164   1395560      9504      5916    267748
04:42:54 PM 380447696 389587684   2358720      0.60   1235124   9412768  97312980     24.13   4218636   7790940      2348   1390216   1404240     10496     28260    268484
04:42:59 PM 380209456 389354272   2592212      0.66   1235128   9417456 190948784     47.35   4219436   8037644      5940   1632708   1404296     10560     34424    268644
04:43:04 PM 380205456 389352636   2593596      0.66   1235128   9419628 187271340     46.44   4219444   8014520      2480   1609184   1404740     10576     33876    268788
04:43:09 PM 380738368 389891048   2056460      0.52   1235132   9425064 108513900     26.91   4219660   7422368      1784   1010924   1403524     10256     22244    268452
04:43:14 PM 380168400 389321192   2625548      0.66   1235132   9424964 187269748     46.44   4220404   8033512      6884   1622320   1404504     10592     33928    268628
04:43:19 PM 380220156 389375696   2570740      0.65   1235144   9427632 187247188     46.43   4220572   8043356      7232   1628916   1404876     10608     34064    268596
04:43:24 PM 380658260 389819028   2127892      0.54   1235144   9432580 116997504     29.01   4220836   7536592      3400   1118328   1404672     10384     24500    268420
04:43:29 PM 380165184 389326820   2621560      0.66   1235148   9433616 190947796     47.35   4221552   8069832      5560   1651576   1403040     10608     34224    268564
04:43:34 PM 380169012 389333440   2614120      0.66   1235152   9436632 188134672     46.65   4221760   8064928      7712   1643980   1403632     10608     33948    268628
04:43:39 PM 380534768 389703012   2244332      0.57   1235152   9440636 129664212     32.16   4222016   7699640      3604   1274716   1403660     10384     27208    268404
04:43:44 PM 380138408 389309012   2638208      0.67   1235160   9443024 190949664     47.35   4222712   8078820      6176   1652432   1403748     10592     33488    268580
04:43:49 PM 380129932 389303104   2643588      0.67   1235160   9445492 184457560     45.74   4222940   8049236      5728   1619988   1404376     10608     32988    268580
04:43:54 PM 380316228 389492912   2453516      0.62   1235164   9449024 152757088     37.88   4223372   7881784      5532   1449620   1404616     10544     30400    268548
04:43:59 PM 380150576 389330984   2616076      0.66   1235172   9452884 175117956     43.43   4223948   8003724      5464   1568576   1403840     10592     32668    268548
04:44:04 PM 380091336 389274192   2673192      0.68   1235172   9455236 188168500     46.66   4224268   8088916      7432   1651732   1403612     10608     34032    268564
04:44:09 PM 380244620 389431076   2516056      0.64   1235172   9458748 151883244     37.67   4224628   7903140      4536   1462456   1403952     10528     30300    268516
04:44:14 PM 380060380 389250924   2695988      0.68   1235172   9462640 185342404     45.96   4225236   8092584      6252   1648560   1404368     10656     33612    268644
04:44:19 PM 380153732 389347352   2600008      0.66   1235180   9465548 181632772     45.04   4225504   8042564      6828   1596160   1404080     10640     33192    268516
04:44:24 PM 380155264 389351596   2595420      0.66   1235188   9468216 169286872     41.98   4226020   7998756      4492   1548744   1404460     10816     31564    268644
04:44:29 PM 380200668 389400744   2546348      0.64   1235196   9472028 172109024     42.68   4226400   7974852      6656   1522572   1404308     10608     31332    268596
04:44:34 PM 380224188 389428248   2518356      0.64   1235200   9475848 161868736     40.14   4226888   7932916      5124   1476580   1404956     10592     30168    268580
04:44:39 PM 380130332 389337064   2609332      0.66   1235204   9478384 179497144     44.51   4227320   8058920      6916   1601276   1405296     10624     32596    268580
04:44:44 PM 380186600 389396904   2549336      0.65   1235212   9481840 172120804     42.68   4227764   8005232      5212   1544336   1405560     10576     31616    268564
04:44:49 PM 380194296 389408588   2537492      0.64   1235220   9485816 170315832     42.24   4228192   7967592      7436   1503736   1405724     10624     31988    268676
04:44:54 PM 380186276 389403316   2542936      0.64   1235228   9488508 169284176     41.98   4228620   8001628      5740   1534944   1405600     10640     31744    268580
04:44:59 PM 380140036 389360712   2585896      0.65   1235232   9491944 179517584     44.52   4229080   8070136      6520   1600948   1405440     10576     32284    268564
04:45:04 PM 380223464 389447688   2499068      0.63   1235244   9495404 161873600     40.14   4229468   7947284      5152   1475380   1405368     10608     30476    268612
04:45:09 PM 380287348 389515352   2430448      0.62   1235248   9499116 161888344     40.15   4229880   7910068      5780   1433872   1406388     10560     30468    268612
04:45:14 PM 380137812 389368324   2577828      0.65   1235252   9501508 185107744     45.90   4230352   8096032      6084   1618184   1406148     10640     33004    268612
04:45:19 PM 380144024 389377632   2568112      0.65   1235256   9504716 170173628     42.20   4230748   8049644      6416   1569024   1406440     10576     31360    268628
04:45:24 PM 380105684 389342132   2604976      0.66   1235256   9507536 185150412     45.91   4231224   8097684      5108   1614660   1405096     10608     32332    268612
04:45:29 PM 380168380 389409052   2537952      0.64   1235256   9511628 172088260     42.68   4231636   8027652      6300   1540220   1405332     10656     31984    268612
04:45:34 PM 380083752 389327928   2620124      0.66   1235264   9514924 182310464     45.21   4232156   8091240      5744   1602656   1404484     10672     33020    268660
04:45:39 PM 380237948 389485300   2462132      0.62   1235268   9517892 167517604     41.54   4232436   7979460      7360   1487044   1405308     10672     31616    268660
04:45:44 PM 380119788 389369904   2576696      0.65   1235280   9520456 172968736     42.89   4233000   8071940      4764   1578156   1406328     10624     31572    268612
04:45:49 PM 380065868 389320012   2626208      0.67   1235284   9524252 185131564     45.91   4233412   8119960      7020   1623564   1406936     10688     33624    268692
04:45:54 PM 380227904 389486248   2460204      0.62   1235288   9528492 154474836     38.31   4233784   7933860      4472   1432484   1406660     10608     29388    268580
04:45:59 PM 380124364 389385680   2561684      0.65   1235288   9531356 174924396     43.38   4234332   8050264      6284   1546408   1405856     10800     32440    268644
04:46:04 PM 380125656 389390256   2557800      0.65   1235296   9534564 172082440     42.67   4234688   8063580      5824   1556920   1405232     10672     31960    268676
04:46:09 PM 380023632 389291184   2657048      0.67   1235300   9537452 185110164     45.90   4235168   8137988      6156   1628620   1405116     10832     33528    268676
04:46:14 PM 380077484 389348724   2599400      0.66   1235308   9541104 179515888     44.52   4235580   8111624      5940   1599316   1405252     10704     32792    268772
04:46:19 PM 380098080 389372256   2575536      0.65   1235308   9544312 178582172     44.29   4236020   8108904      6448   1593772   1405312     10720     33176    268708
04:46:24 PM 380091004 389368740   2578840      0.65   1235316   9548100 176676256     43.81   4236472   8097976      6316   1579884   1405288     10672     32216    268628
04:46:29 PM 380066268 389346764   2601164      0.66   1235320   9550732 185124792     45.91   4236912   8147832      6348   1627600   1405064     10736     33536    268628
04:46:34 PM 380163704 389448068   2498768      0.63   1235328   9554488 168387220     41.76   4237332   8013520      5872   1489380   1406260     10688     30820    268660
04:46:39 PM 380069540 389357000   2589516      0.66   1235328   9557504 181470536     45.00   4237796   8116900      6024   1589708   1406660     10752     33488    268708
04:46:44 PM 380134024 389425344   2520804      0.64   1235332   9561288 172075812     42.67   4238192   8068112      6632   1538508   1407100     10752     31420    268708
04:46:49 PM 380113996 389408784   2537880      0.64   1235340   9564716 177735160     44.08   4238688   8095392      5756   1562564   1406616     10720     32472    268740
04:46:54 PM 380147004 389445124   2501332      0.63   1235348   9568028 176173492     43.69   4239024   8067476      6820   1531548   1406836     10784     31576    268756
04:46:59 PM 380077304 389378476   2568520      0.65   1235356   9571060 178609744     44.29   4239540   8114664      5992   1576256   1406308     10768     32360    268772
04:47:04 PM 380036916 389341444   2604724      0.66   1235364   9574356 179514980     44.52   4239972   8156224      6448   1614476   1407188     10768     32560    268852
04:47:09 PM 380136364 389444356   2502600      0.63   1235364   9577916 174930900     43.38   4240392   8086376      5280   1542508   1406304     10688     31356    268804
04:47:14 PM 380055848 389367076   2579136      0.65   1235364   9581100 175776436     43.59   4240856   8140488      7036   1593240   1407100     10800     32940    268852
04:47:19 PM 380022412 389336984   2609836      0.66   1235364   9584288 172100976     42.68   4241248   8111956      5528   1560984   1406648     10704     32548    268756
04:47:24 PM 380040096 389358664   2588696      0.66   1235364   9587940 174909840     43.38   4241672   8119244      7400   1565048   1406452     10784     33596    268660
04:47:29 PM 380073916 389396180   2551104      0.65   1235372   9591540 174882460     43.37   4242080   8104100      5820   1548336   1406616     10752     32152    268724
04:47:34 PM 380012364 389338408   2609292      0.66   1235372   9594768 178618372     44.30   4242576   8146468      7148   1586284   1406752     10768     32940    268804
04:47:39 PM 379970796 389299896   2647752      0.67   1235380   9597788 178592036     44.29   4243004   8153296      5560   1592052   1406832     10736     32200    268724
04:47:44 PM 380051772 389383864   2563176      0.65   1235388   9600700 169279552     41.98   4243344   8108100      6684   1544700   1407512     10816     31548    268724
04:47:49 PM 379962028 389297920   2649376      0.67   1235400   9604124 182319992     45.21   4243912   8182092      5116   1615496   1407620     10784     32676    268804
04:47:54 PM 380079072 389418620   2528552      0.64   1235408   9607640 165581732     41.06   4244264   8082000      5372   1512036   1407876     10912     31184    268820
04:47:59 PM 380022300 389365324   2582388      0.65   1235416   9610816 175793440     43.59   4244776   8145464      5272   1571864   1407628     10800     32424    268756
04:48:04 PM 379994656 389340980   2606364      0.66   1235420   9614016 182303024     45.21   4245232   8190816      5736   1615636   1408092     10752     32976    268788
04:48:09 PM 379996800 389346772   2599612      0.66   1235424   9617780 167343880     41.50   4245612   8145036      6784   1565760   1408932     10784     31824    268884
04:48:14 PM 380070596 389424404   2523288      0.64   1235428   9621020 167520492     41.54   4246136   8069356      5400   1486956   1408216     10736     31068    268772
04:48:19 PM 380035512 389391708   2555972      0.65   1235436   9623972 166029468     41.17   4246420   8084216      6964   1498688   1407656     10704     31284    268772
04:48:24 PM 380219088 389577580   2371148      0.60   1235440   9626180 129753708     32.18   4246824   7904592      4076   1317668   1406692     10496     25148    268612
04:48:29 PM 380661784 390022512   1928128      0.49   1235452   9628312  55145316     13.68   4246992   7440196      3252    851964   1404872     10112     13748    268388
04:48:34 PM 380894892 390255596   1696080      0.43   1235452   9628236  10015024      2.48   4246992   7196504       540    608160   1403888      9872      7200    268148
04:48:39 PM 380935084 390297912   1653280      0.42   1235464   9630104   4185252      1.04   4247008   7168044      1336    577796   1404616      9808      6004    268116
04:48:44 PM 380711500 390076444   1866920      0.47   1235468   9632160  66403324     16.47   4265040   7448008       304    873752   1412500     10320     17260    268532
04:48:49 PM 380705164 390070580   1872456      0.47   1235476   9632604  64257940     15.94   4265352   7441088       520    866660   1412848     10304     16876    268548
04:48:54 PM 380807124 390172928   1775276      0.45   1235488   9632952  10623340      2.63   4265632   7177008       188    601424   1407708      9872      7132    268212
04:48:59 PM 380843556 390208704   1740620      0.44   1235492   9632268   4187188      1.04   4265636   7153716      1196    579868   1406612      9856      6004    268164
04:49:04 PM 380836788 390203820   1745484      0.44   1235496   9634124   4191796      1.04   4265640   7160364       172    584668   1406656      9856      6008    268148
04:49:09 PM 380833168 390202896   1746736      0.44   1235500   9636748   4191796      1.04   4265640   7162968       508    584668   1406396      9856      6008    268196
04:49:14 PM 380833584 390206208   1743528      0.44   1235500   9639560   4191796      1.04   4265640   7165756       184    584664   1406376      9856      6012    268196
04:49:19 PM 380016556 389394332   2548996      0.65   1235504   9644496 174091224     43.17   4266680   8160744      4696   1576276   1412996     10784     33656    269124
04:49:24 PM 379667296 389045420   2897932      0.73   1235516   9644880 174237112     43.21   4266720   8202060       936   1617392   1412924     10768     34608    269108
04:49:29 PM 379674776 389053164   2889648      0.73   1235524   9645056 174241364     43.21   4266728   8204656       640   1619252   1413544     10864     34636    269108
04:49:34 PM 379678368 389056856   2886304      0.73   1235532   9645188 174242756     43.21   4266732   8206752       796   1621484   1413156     10784     34612    269092
04:49:39 PM 379684000 389062876   2880364      0.73   1235540   9645516 174243352     43.21   4266860   8223228       532   1637788   1413128     10912     34620    269028
04:49:44 PM 379686524 389065832   2877372      0.73   1235548   9645960 174248116     43.21   4266868   8227960      1828   1642312   1413144     10752     34620    269028
04:49:49 PM 379731272 389111316   2832016      0.72   1235548   9646664 174347984     43.24   4266876   8242228       836   1655364   1413048     10752     34632    269012
04:49:54 PM 379908212 389288636   2654892      0.67   1235556   9647040 174354740     43.24   4266884   8269272      1668   1682560   1412848     10752     34892    269012
04:49:59 PM 379929864 389310604   2632972      0.67   1235560   9647304 174363084     43.24   4266884   8276452       564   1688904   1412848     10752     34868    268900
04:50:04 PM 379897852 389279100   2664076      0.67   1235572   9647700 174367888     43.24   4266888   8280492      1612   1692996   1413348     10752     34872    268884
04:50:09 PM 379892900 389274536   2668776      0.68   1235580   9647972 174372000     43.24   4266916   8283940       632   1695628   1413320     10784     34984    268860
04:50:14 PM 379885328 389267348   2676180      0.68   1235588   9648244 174376276     43.24   4266924   8286508      1556   1698456   1413208     10784     34992    268844
04:50:19 PM 379898668 389281032   2662560      0.67   1235592   9648520 174415024     43.25   4266916   8303288       736   1714680   1413208     10752     34892    268828
04:50:24 PM 379895668 389278652   2665148      0.67   1235596   9649040 174475844     43.27   4266932   8331056      1696   1742272   1413096     10752     35064    268724
04:50:29 PM 379908324 389291592   2652040      0.67   1235600   9649460 174500644     43.27   4266932   8343108       552   1754104   1413124     10736     35132    268772
04:50:34 PM 379879464 389263164   2680156      0.68   1235604   9649888 174491188     43.27   4266976   8340408      1552   1750728   1413436     10736     35092    268740
04:50:39 PM 379880548 389264600   2678612      0.68   1235616   9650308 174491460     43.27   4266992   8341044       516   1751076   1413464     10704     35088    268708
04:50:44 PM 379869372 389254236   2689488      0.68   1235616   9650848 174462140     43.26   4267064   8332284      1716   1741616   1413224     10752     35068    268708
04:50:49 PM 379891556 389276660   2667248      0.68   1235620   9651148 164192256     40.72   4267080   8253552       636   1662772   1412976     10752     33620    268708
04:50:54 PM 379845344 389231312   2712652      0.69   1235624   9651660 168655992     41.82   4267468   8262860      3016   1671404   1413268     10752     34504    268740
04:50:59 PM 379771760 389158556   2785824      0.71   1235636   9652200 174225452     43.21   4267904   8233928      3404   1643000   1413128     10720     34408    268708
04:51:04 PM 379690052 389076988   2867372      0.73   1235644   9652468 174330976     43.23   4268036   8262884      4812   1671600   1413012     10720     34688    268724
04:51:09 PM 379723676 389110788   2833532      0.72   1235648   9652652 174246280     43.21   4268056   8239652       368   1648412   1413040     10736     34676    268708
04:51:14 PM 379737632 389125032   2819452      0.71   1235656   9652960 174250700     43.21   4268100   8250312      1312   1658856   1412848     10736     34428    268756
04:51:19 PM 379742592 389130448   2813816      0.71   1235660   9653476 174258872     43.21   4268108   8257776       776   1665980   1413004     10736     34684    268756
04:51:24 PM 379826176 389214404   2729908      0.69   1235660   9653852 174286980     43.22   4268168   8271212       652   1678384   1412952     10848     34724    268788
04:51:29 PM 379884364 389273148   2671096      0.68   1235668   9654348 174327128     43.23   4268176   8287000       560   1694304   1413072     10736     34916    268772
04:51:34 PM 379916792 389305892   2638324      0.67   1235672   9654656 174342464     43.23   4268188   8295772       468   1702516   1413104     10720     34836    268756
04:51:39 PM 379923296 389312752   2631476      0.67   1235676   9654984 174362572     43.24   4268196   8305276      1548   1711300   1413116     10688     34876    268788
04:51:44 PM 379936232 389325980   2618380      0.66   1235680   9655252 174372252     43.24   4268196   8310820       452   1716768   1413004     10704     34868    268820
04:51:49 PM 379915744 389305700   2638356      0.67   1235688   9655568 174390108     43.25   4268208   8319728      1512   1725760   1413192     10704     34932    268772
04:51:54 PM 379927144 389317516   2626732      0.67   1235692   9655868 174408196     43.25   4268212   8329908       408   1735304   1413112     10704     34960    268772
04:51:59 PM 379890920 389281692   2662376      0.67   1235692   9656304 174513536     43.28   4268244   8367668      1584   1772832   1413256     10736     35064    268772
04:52:04 PM 379883604 389274964   2669332      0.68   1235692   9656836 174527268     43.28   4268284   8375612       444   1780028   1413084     10704     35040    268708
04:52:09 PM 379909044 389300900   2642952      0.67   1235692   9657496 174461400     43.26   4268288   8352816      1424   1756928   1413364     10704     35096    268788
04:52:14 PM 379907844 389300272   2643744      0.67   1235704   9657900 174471416     43.27   4268300   8358828       320   1762140   1413356     10704     35116    268868
04:52:19 PM 379880724 389273376   2670064      0.68   1235708   9658208 171579208     42.55   4268456   8322388      1404   1725736   1413844     10656     34468    268852
04:52:24 PM 379898784 389292304   2651524      0.67   1235708   9658908 164339908     40.75   4268504   8238372       260   1640884   1413624     10688     33300    268724
04:52:29 PM 379854672 389249792   2695056      0.68   1235712   9660320 174322992     43.23   4268820   8288012      2800   1689648   1412788     10688     33768    268644
04:52:34 PM 379788644 389184056   2760652      0.70   1235720   9660544 174395056     43.25   4269020   8282036       236   1683556   1412988     10704     34752    268660
04:52:39 PM 379764452 389160880   2783872      0.71   1235724   9661460 174281124     43.22   4269140   8268232      1260   1669084   1413040     10720     34712    268596
04:52:44 PM 379745780 389142532   2802160      0.71   1235740   9661644 174245256     43.21   4269296   8252688       904   1652828   1413224     10736     34332    268660
04:52:49 PM 379750896 389148256   2796676      0.71   1235744   9662260 174256300     43.21   4269360   8259996      1240   1660384   1412972     10720     34656    268740
04:52:54 PM 379754908 389152764   2792216      0.71   1235744   9662724 174268320     43.22   4269420   8267676       156   1667448   1412956     10720     34688    268756
04:52:59 PM 379767380 389165504   2779096      0.70   1235748   9663060 174383668     43.24   4269424   8309820      1532   1709508   1413264     10720     34820    268724
04:53:04 PM 379832748 389231284   2713444      0.69   1235756   9663380 174326112     43.23   4269452   8295724       716   1694600   1413220     10704     34784    268724
04:53:09 PM 379862580 389261372   2683396      0.68   1235760   9663704 174346804     43.24   4269452   8304780       396   1703724   1413108     10736     34860    268708
04:53:14 PM 379866116 389265488   2679320      0.68   1235772   9664136 174355428     43.24   4269472   8310304       752   1708324   1413204     10720     34852    268740
04:53:19 PM 379877956 389277520   2667104      0.68   1235776   9664428 174387784     43.25   4269480   8323440       720   1721548   1413284     10720     34900    268756
04:53:24 PM 379877352 389277368   2666928      0.68   1235780   9664752 174398632     43.25   4269484   8330316      1812   1727692   1413736     10704     34908    268756
04:53:29 PM 379892972 389293184   2650844      0.67   1235780   9665060 174409376     43.25   4269516   8336020       840   1733692   1413892     10720     34904    268804
04:53:34 PM 379865212 389266076   2677936      0.68   1235788   9665552 174448480     43.26   4269532   8352988      1728   1750200   1414060     10720     35028    268740
04:53:39 PM 379887960 389289312   2654572      0.67   1235796   9666216 171616192     42.56   4269536   8331564       664   1728152   1414004     10704     34408    268612
04:53:44 PM 379847224 389248956   2695044      0.68   1235804   9666316 174461208     43.26   4269588   8360976      1668   1756892   1414160     10752     35100    268644
04:53:49 PM 379832252 389234320   2709524      0.69   1235808   9666780 174458312     43.26   4269632   8363152       832   1759024   1414184     10720     35032    268628
04:53:54 PM 379874668 389277684   2666248      0.68   1235816   9667500 170690112     42.33   4269776   8305644      2144   1700800   1414316     10720     34260    268596
04:53:59 PM 379777744 389180844   2763176      0.70   1235820   9667640 174387260     43.25   4269896   8331008       856   1726444   1414168     10720     34752    268676
04:54:04 PM 379734132 389137728   2806296      0.71   1235824   9668028 174328812     43.23   4270100   8305544      2004   1700252   1414268     10720     34672    268708
04:54:09 PM 379711512 389115832   2828056      0.72   1235828   9668720 170564384     42.30   4270300   8245028      1844   1639624   1414432     10704     34040    268692
04:54:14 PM 379670456 389074740   2869532      0.73   1235832   9668800 174313336     43.23   4270352   8290640      3272   1685316   1413928     10688     34760    268692
04:54:19 PM 379694180 389098916   2845660      0.72   1235836   9669132 174264884     43.22   4270524   8273196       744   1667588   1413740     10672     34676    268580
04:54:24 PM 379694152 389099340   2844472      0.72   1235844   9669592 174270604     43.22   4270612   8273664      1416   1668216   1414488     10688     34720    268596
04:54:29 PM 379733728 389139212   2804992      0.71   1235856   9669876 174285224     43.22   4270688   8278528       416   1672440   1414096     10688     34652    268596
04:54:34 PM 379760124 389166080   2778128      0.70   1235864   9670316 174299548     43.22   4270708   8286980      1472   1680624   1414116     10720     34740    268644
04:54:39 PM 379801204 389207492   2736972      0.69   1235876   9670624 174327108     43.23   4270744   8300372       420   1693516   1413872     10704     34788    268660
04:54:44 PM 379821208 389227956   2716268      0.69   1235880   9671096 174342648     43.23   4270752   8309728      1464   1702516   1414096     10720     34820    268644
04:54:49 PM 379835816 389242856   2701412      0.68   1235888   9671396 174360236     43.24   4270776   8318324       228   1710692   1414036     10720     34840    268612
04:54:54 PM 379823236 389230540   2713676      0.69   1235892   9671708 174481496     43.27   4270780   8361088       676   1753172   1414036     10864     35036    268660
04:54:59 PM 379852296 389260116   2684044      0.68   1235900   9672144 174410148     43.25   4270792   8341736       200   1733732   1414164     10736     34964    268708
04:55:04 PM 379866300 389274384   2669784      0.68   1235908   9672472 174425184     43.26   4270796   8348512       664   1739728   1414084     10736     34984    268676
04:55:09 PM 379872940 389281560   2662832      0.67   1235920   9672960 174436024     43.26   4270832   8352120      1656   1743020   1413896     10736     34948    268708
04:55:14 PM 379846744 389255672   2688688      0.68   1235924   9673312 174460204     43.26   4270844   8366360       508   1757032   1413880     10736     35068    268724
04:55:19 PM 379811916 389221164   2722900      0.69   1235936   9673664 174453524     43.26   4270936   8361972      1568   1751944   1414132     10752     34888    268756
04:55:24 PM 379816312 389225904   2718244      0.69   1235944   9674116 171627136     42.56   4270980   8339956       516   1729836   1413932     10720     34752    268676
04:55:29 PM 379740132 389150192   2794208      0.71   1235956   9674640 174442576     43.26   4271112   8356368      1532   1745556   1413612     10720     35000    268772
04:55:34 PM 379762248 389172448   2772260      0.70   1235960   9674884 168546052     41.80   4271192   8306888       392   1695488   1413196     10752     34032    268692
04:55:39 PM 379822948 389234640   2710576      0.69   1235972   9676308 158242208     39.24   4271328   8193140      2076   1580788   1412744     10688     32268    268660
04:55:44 PM 379723148 389134192   2811328      0.71   1235980   9675748 168508328     41.79   4271436   8287448       324   1676204   1412344     10704     33896    268772
04:55:49 PM 379728624 389140136   2805364      0.71   1235980   9676080 168422528     41.77   4271704   8248180      1380   1636512   1412500     10672     33672    268788
04:55:54 PM 379719340 389131192   2814576      0.71   1235988   9676424 168394052     41.76   4271852   8236228      1096   1624500   1412220     10656     33596    268836
04:55:59 PM 379712164 389124428   2821036      0.71   1235988   9676840 168408092     41.76   4271928   8240012      1156   1627836   1412520     10704     33684    268852
04:56:04 PM 379712240 389124792   2820448      0.71   1235992   9677128 168503696     41.79   4271984   8276504       208   1664212   1412740     10704     33716    268820
04:56:09 PM 379758888 389171488   2773616      0.70   1235996   9677156 168437856     41.77   4271712   8258616      1212   1645448   1412892     10752     33848    268868
04:56:14 PM 379765740 389178596   2766624      0.70   1235996   9677476 168537324     41.80   4271708   8295448       180   1682628   1412712     10736     33752    268820
04:56:19 PM 379813548 389226928   2718156      0.69   1235996   9677948 168468648     41.78   4271720   8275040      1152   1661576   1412900     10752     33860    268900
04:56:24 PM 379859076 389272760   2672308      0.68   1236004   9678252 168500048     41.79   4271732   8289660       168   1676132   1412908     10720     33872    268852
04:56:29 PM 379842940 389256856   2688216      0.68   1236008   9678540 168601248     41.81   4271736   8327136       796   1712784   1412844     10704     33928    268756
04:56:34 PM 379847848 389261936   2683336      0.68   1236012   9678792 168608236     41.81   4271772   8327500       464   1713448   1412560     10720     33488    268708
04:56:39 PM 379870372 389285064   2660372      0.67   1236016   9679308 168542252     41.80   4271784   8311976       988   1696632   1412480     10816     33884    268740
04:56:44 PM 379842576 389257480   2687472      0.68   1236024   9679664 168571676     41.80   4271800   8322220       412   1707364   1412812     10704     33992    268708
04:56:49 PM 379849028 389264512   2680672      0.68   1236024   9680128 168557224     41.80   4271840   8320320       912   1704540   1412696     10704     33988    268660
04:56:54 PM 379821872 389237936   2707412      0.69   1236028   9680732 165746632     41.10   4271884   8303580      1916   1687580   1412504     10688     33388    268708
04:56:59 PM 379763092 389179472   2766132      0.70   1236028   9680932 168579188     41.81   4271952   8326744       940   1710232   1412364     10704     34072    268692
04:57:04 PM 379747948 389164924   2779832      0.70   1236036   9681584 168548864     41.80   4272068   8313156      2192   1696632   1413148     10720     33936    268836
04:57:09 PM 379744004 389161964   2782616      0.70   1236036   9682444 164902060     40.89   4272192   8298368      1132   1680440   1413448     10720     33252    268788
04:57:14 PM 379757664 389175440   2768988      0.70   1236036   9682420 168472296     41.78   4272372   8281168      2116   1663932   1413440     10720     33812    268836
04:57:19 PM 379783960 389202156   2742140      0.69   1236040   9682752 168467240     41.78   4272468   8274964       804   1657100   1413656     10752     33860    268740
04:57:24 PM 379806464 389225132   2718948      0.69   1236048   9683260 165598036     41.07   4272584   8238792      2016   1620972   1413828     10720     33068    268772
04:57:29 PM 379790660 389209708   2734504      0.69   1236056   9683544 165583660     41.06   4272744   8247740       916   1629512   1413784     10720     33504    268788
04:57:34 PM 379749088 389168412   2776080      0.70   1236060   9683860 168498212     41.79   4272844   8279672      1684   1661652   1413460     10784     33816    268740
04:57:39 PM 379777092 389196840   2747840      0.70   1236060   9684288 168418664     41.77   4272888   8254568       584   1636032   1413268     10768     33772    268756
04:57:44 PM 379779968 389200056   2744516      0.70   1236064   9684604 168434448     41.77   4272908   8262664      1460   1643900   1413396     10720     33744    268804
04:57:49 PM 379826260 389246652   2698036      0.68   1236072   9684912 168454676     41.77   4272928   8273760       484   1654568   1413268     10720     33772    268804
04:57:54 PM 379837396 389258176   2686568      0.68   1236076   9685292 168559152     41.80   4272948   8313112      1428   1693564   1413216     10672     33740    268788
04:57:59 PM 379889584 389310796   2633876      0.67   1236084   9685768 168499960     41.79   4272952   8296832       496   1677000   1413236     10720     33900    268820
04:58:04 PM 379903084 389324792   2619820      0.66   1236084   9686228 168516436     41.79   4272964   8303640      1384   1683104   1413332     10704     33896    268820
04:58:09 PM 379866272 389288320   2656412      0.67   1236092   9686548 168619120     41.82   4273012   8342480       464   1722016   1413224     10688     33944    268788
04:58:14 PM 379882100 389304448   2640224      0.67   1236092   9686908 168553060     41.80   4273012   8321412      1432   1700308   1413224     10688     33976    268772
04:58:19 PM 379879604 389302180   2642720      0.67   1236096   9687136 168548636     41.80   4273028   8321304       264   1699868   1412992     10688     33536    268724
04:58:24 PM 379867880 389291100   2653868      0.67   1236104   9687728 168571976     41.80   4273060   8331484       136   1709068   1412968     10784     33984    268724
04:58:29 PM 379893356 389317000   2627692      0.67   1236108   9688240 165692508     41.09   4273144   8292960      1012   1670236   1413152     10688     32696    268724
04:58:34 PM 379827508 389251600   2693472      0.68   1236112   9688604 165789080     41.11   4273260   8324140       748   1701516   1412852     10688     33472    268772
04:58:39 PM 379808992 389233536   2711252      0.69   1236116   9689040 168577268     41.80   4273480   8319620      1740   1696936   1413148     10720     33872    268692
04:58:44 PM 379804940 389229860   2715132      0.69   1236116   9689376 168479672     41.78   4273556   8287960       640   1664788   1412984     10672     33820    268660
04:58:49 PM 379749060 389174192   2770236      0.70   1236120   9689556 168460304     41.78   4273600   8279332      1488   1656112   1413576     10672     33532    268756
04:58:54 PM 379739740 389165548   2779132      0.70   1236128   9690124 168431920     41.77   4273800   8268160       540   1644580   1413424     10672     33572    268772
04:58:59 PM 379721068 389147224   2797392      0.71   1236140   9690496 168517788     41.79   4273868   8298244      1524   1674324   1413452     10624     33708    268820
04:59:04 PM 379752228 389178760   2765980      0.70   1236144   9690784 168408196     41.76   4274000   8259316       616   1635284   1413412     10640     33352    268772
04:59:09 PM 379826596 389253408   2690600      0.68   1236148   9691164 168422588     41.77   4274056   8262572      1512   1638228   1414040     10672     33936    268724
04:59:14 PM 379822952 389250220   2694168      0.68   1236148   9691620 168454344     41.77   4274112   8276508       420   1651600   1413660     10672     33964    268764
04:59:19 PM 379787044 389214592   2729920      0.69   1236148   9691916 168452344     41.77   4274144   8276044      1324   1650980   1413520     10640     33732    268692
04:59:24 PM 379802860 389230752   2713928      0.69   1236152   9692208 168468736     41.78   4274164   8285268       312   1659828   1413400     10640     33744    268708
04:59:29 PM 379821468 389249724   2694800      0.68   1236160   9692664 168490048     41.78   4274176   8295180      1308   1669552   1413456     10640     33920    268676
04:59:34 PM 379824808 389253504   2691176      0.68   1236168   9693004 168605484     41.81   4274192   8338640       284   1712484   1413392     10608     33912    268740
04:59:39 PM 379886120 389315100   2629376      0.67   1236168   9693348 162672076     40.34   4274188   8279128      1152   1652956   1413536     10560     32904    268756
04:59:44 PM 379880184 389309552   2635048      0.67   1236172   9693688 162680772     40.34   4274200   8284744       164   1657668   1413456     10640     33028    268804
04:59:49 PM 379873304 389303132   2641268      0.67   1236172   9694192 162696256     40.35   4274200   8292796      1172   1665492   1413612     10608     33032    268884
04:59:54 PM 379991624 389421520   2523764      0.64   1236180   9694180 145098500     35.98   4274212   8179244       436   1551768   1412800     10512     30060    268740
04:59:59 PM 380074240 389504080   2441820      0.62   1236184   9694180 127484736     31.61   4274208   8058612      1304   1431192   1412124     10416     27068    268660
05:00:04 PM 380135772 389566172   2380348      0.60   1236184   9694664 115755576     28.71   4274224   7985708         0   1357600   1411580     10336     25080    268580
05:00:09 PM 380267020 389696928   2249784      0.57   1236192   9694272  92272236     22.88   4274228   7824416      1136   1196328   1411280     10368     21088    268452
05:00:14 PM 380461476 389892256   2054900      0.52   1236196   9694988  70938044     17.59   4274236   7666720      1652   1038152   1410988     10160     17796    268356
05:00:19 PM 380568788 389998600   1949576      0.49   1236200   9694112  51169744     12.69   4274236   7540540       772    912944   1409872     10000     14064    268196
05:00:24 PM 380716396 390146144   1803280      0.46   1236208   9693824  21810588      5.41   4274252   7336760      1448    709264   1408840      9872      9056    268116
05:00:29 PM 380798264 390227888   1722140      0.44   1236216   9693676  10065008      2.50   4274252   7254360       392    627124   1408252      9808      7044    268068
05:00:34 PM 380795796 390225692   1724616      0.44   1236228   9693848  10065008      2.50   4274272   7254640      1488    627164   1408060      9808      7040    268068
05:00:39 PM 380782792 390213544   1729660      0.44   1236240   9694512  66541564     16.50   4292100   7332648       324    722660   1415344     10256     16408    268468
05:00:44 PM 380696372 390127572   1815640      0.46   1236252   9694820  66541564     16.50   4292404   7452160       812    841780   1415464     10272     17420    268500
05:00:49 PM 380675544 390107132   1836436      0.47   1236252   9695148  64391572     15.97   4292768   7446184       276    835880   1415168     10288     17084    268516
05:00:54 PM 380772264 390204084   1745480      0.44   1236256   9695208   4191796      1.04   4292852   7195476      1352    585100   1409340      9824      6040    268180
05:00:59 PM 380771176 390202924   1746656      0.44   1236256   9695132   4191796      1.04   4292852   7195368       244    585096   1409328      9824      6040    268132
05:01:04 PM 380769580 390203472   1746232      0.44   1236260   9697084   4192308      1.04   4292856   7197836       712    585608   1409392      9824      6040    268068
05:01:09 PM 380770448 390206388   1743336      0.44   1236272   9699084   4192308      1.04   4292856   7199796       212    585628   1409408      9824      6072    268036
05:01:14 PM 380776252 390214876   1734868      0.44   1236276   9701500   4192308      1.04   4292876   7202264      1168    585612   1409652      9808      6048    268100
05:01:19 PM 379902912 389347764   2595012      0.66   1236284   9707584 174138816     43.18   4293828   8217188      5940   1595656   1416756     10736     34388    268756
05:01:24 PM 380107584 389558912   2383756      0.60   1236292   9713920 143368832     35.55   4294032   8010448      3772   1383084   1416996     10592     29804    268676
05:01:29 PM 379990032 389442048   2502428      0.63   1236300   9714612 163010656     40.42   4294720   8137180      4476   1509472   1415176     10656     30960    268628
05:01:34 PM 380021656 389479884   2464128      0.62   1236304   9720780 159276224     39.50   4295064   8121920      9240   1488604   1415680     10720     31960    268708
05:01:39 PM 380376616 389836152   2108796      0.53   1236304   9722148 110863160     27.49   4295432   7740004      2568   1105492   1414684     10528     24056    268676
05:01:44 PM 379968588 389432320   2512564      0.64   1236308   9726200 166706612     41.34   4296140   8190104      7944   1552180   1414888     10672     32968    268772
05:01:49 PM 380137532 389607220   2338728      0.59   1236320   9732120 132251212     32.80   4296608   7959880      5604   1316672   1413848     10592     28376    268612
05:01:54 PM 379995536 389466272   2479668      0.63   1236320   9733112 152578980     37.84   4297184   8114548      4420   1470828   1413912     10848     30348    268804
05:01:59 PM 379916560 389391436   2552568      0.65   1236324   9737208 162587208     40.32   4297692   8208960      6732   1561636   1415888     10688     32648    268708
05:02:04 PM 380081820 389561348   2383400      0.60   1236324   9741800 144055236     35.72   4298340   8057312      5516   1406160   1415204     10640     29916    268628
05:02:09 PM 379941160 389425248   2518900      0.64   1236328   9746320 158001640     39.18   4298932   8168568      7956   1513348   1415840     10672     31276    268644
05:02:14 PM 380335236 389823832   2121932      0.54   1236328   9750912 104971512     26.03   4299352   7794880      4484   1135528   1414140     10432     23560    268468
05:02:19 PM 380774724 390260340   1688812      0.43   1236340   9747936   4192308      1.04   4299372   7242364      1440    585800   1410736      9792      6048    268068
05:02:24 PM 380588120 390074716   1867796      0.47   1236344   9748784  66556924     16.51   4317332   7492780       296    853232   1417504     10256     17416    268548
05:02:29 PM 380035588 389522668   2419984      0.61   1236356   9749204  66556924     16.51   4317624   8113780      1344   1474232   1417416     10256     17412    268468
05:02:34 PM 380021252 389508656   2434240      0.62   1236360   9749464  64406420     15.97   4317852   8084288       304   1444596   1417232     10224     16988    268468
05:02:39 PM 380824600 390312080   1637184      0.41   1236368   9749488   4192308      1.04   4317948   7225392      1324    585816   1410908      9776      6048    268068
05:02:44 PM 380824948 390312700   1636592      0.41   1236368   9749764   4194088      1.04   4317948   7227036       256    587180   1410876      9776      6048    268068
05:02:49 PM 380812764 390301752   1647796      0.42   1236372   9750964   4211328      1.04   4318004   7244988      1200    604012   1410652      9760      6088    268036
05:02:54 PM 380806584 390296864   1652948      0.42   1236384   9752212   4216672      1.05   4318048   7251572       208    609416   1410420      9776      6100    268052
