Linux 5.15.0-91-generic (gl5) 	01/19/2024 	_x86_64_	(32 CPU)

12:06:58 PM kbmemfree   kbavail kbmemused  %memused kbbuffers  kbcached  kbcommit   %commit  kbactive   kbinact   kbdirty  kbanonpg    kbslab  kbkstack   kbpgtbl  kbvmused
12:07:03 PM 383815964 390373656   1590084      0.40   1215148   6919380   4655564      1.15   3775576   4905140       396    574484   1317972     10720      5948    268400
12:07:08 PM 383773864 390335464   1624544      0.41   1215160   6923168  33356740      8.27   3777112   4978704      1596    645928   1321812     10624     10292    267888
12:07:13 PM 383855188 390418892   1543820      0.39   1215168   6925296   4182448      1.04   3778596   4907960       336    574412   1319076      9776      5968    267584
12:07:18 PM 383848456 390413976   1549008      0.39   1215180   6927032   4182836      1.04   3778700   4910228      1412    575008   1318872      9712      5872    267504
12:07:23 PM 383850740 390418444   1544792      0.39   1215184   6929080   4182968      1.04   3778764   4912320       292    575132   1318752      9712      5876    267504
12:07:28 PM 383844044 390413572   1549892      0.39   1215184   6930824   4182968      1.04   3778764   4913992      1428    575052   1318604      9728      5876    267440
12:07:33 PM 383845676 390417200   1546268      0.39   1215188   6932716   4187240      1.04   3778812   4918136       348    577320   1318700      9744      5988    267448
12:07:38 PM 383854332 390427956   1535516      0.39   1215196   6934720   4186872      1.04   3778856   4919576      1380    576952   1318784      9728      6004    267464
12:07:43 PM 383856116 390431964   1531668      0.39   1215200   6936784   4183100      1.04   3778892   4919992       404    575140   1318780      9648      5812    267456
12:07:48 PM 383852880 390430960   1533188      0.39   1215208   6938920   4183100      1.04   3778900   4922164      1384    575248   1318352      9712      5908    267472
12:07:53 PM 383855584 390435712   1528448      0.39   1215216   6940836   4183100      1.04   3778948   4924116       204    575264   1318464      9680      5812    267456
12:07:58 PM 383848180 390430384   1533624      0.39   1215224   6942772   4183232      1.04   3778996   4925984      1164    575276   1318748      9648      5816    267456
12:08:03 PM 383848284 390432700   1531304      0.39   1215232   6944796   4183232      1.04   3779000   4928032       188    575244   1318932      9664      5812    267440
12:08:08 PM 383842036 390428044   1535772      0.39   1215236   6946320   4183232      1.04   3779028   4929596       904    575268   1319184      9904      6156    267488
12:08:13 PM 383841696 390430296   1533596      0.39   1215244   6948744   4187640      1.04   3779096   4934316       336    577736   1319268      9712      6000    267512
12:08:18 PM 383835068 390425748   1538184      0.39   1215248   6950752   4187272      1.04   3779068   4934696       624    576468   1319296     10016      6084    267480
12:08:23 PM 383834512 390426932   1536972      0.39   1215260   6952432   4183368      1.04   3779140   4935996       532    575796   1319372      9728      5940    267440
12:08:28 PM 383359584 389954924   2004400      0.51   1215264   6955236  77869420     19.31   3780236   5442472      1516   1080728   1324064     10176     18844    267680
12:08:33 PM 383324076 389922028   2037236      0.52   1215264   6957816  97567536     24.20   3780512   5471012      2624   1106988   1324156     10208     20228    267888
12:08:38 PM 383379776 389979072   1980076      0.50   1215264   6959164  86323304     21.41   3781164   5433212      2056   1068660   1324268     10240     18776    267848
12:08:43 PM 383366768 389969348   1989740      0.50   1215272   6962360  91065120     22.58   3781508   5433048      5136   1065508   1324408     10240     19516    267856
12:08:48 PM 383324716 389929948   2029712      0.51   1215276   6965000  94746320     23.50   3781896   5466912      2948   1097456   1323844     10224     19784    267800
12:08:53 PM 383358600 389966548   1992692      0.50   1215284   6967704  84538552     20.96   3782092   5409948      4200   1037564   1324268     10224     18036    267872
12:08:58 PM 383287740 389897492   2061216      0.52   1215288   6969556  97568760     24.20   3782512   5490444      3664   1116912   1324748     10224     20308    267896
12:09:03 PM 383304444 389916616   2041624      0.52   1215296   6971980  80669272     20.00   3782744   5443444      3788   1067716   1325204     10240     18384    267856
12:09:08 PM 383266296 389881320   2078228      0.53   1215300   6974800  93893272     23.28   3783112   5463896      3280   1085608   1323924     10224     19340    267872
12:09:13 PM 383277884 389895132   2064200      0.52   1215312   6977060  93854848     23.27   3783448   5466916      4416   1086672   1324092     10208     19708    267872
12:09:18 PM 383282120 389902124   2057256      0.52   1215316   6979808  91044960     22.58   3783744   5469520      3368   1085896   1324048     10240     19300    267872
12:09:23 PM 383261816 389883988   2075556      0.53   1215324   6981936  93876900     23.28   3784144   5469724      4408   1085300   1323916     10336     19888    267960
12:09:28 PM 383314024 389939224   2020500      0.51   1215332   6984968  90182608     22.36   3784404   5442432      3160   1055148   1323724     10240     19272    267872
12:09:33 PM 383295004 389922056   2036800      0.52   1215340   6986752  88243456     21.88   3784692   5472336      4156   1083988   1324652     10256     19444    267896
12:09:38 PM 383285560 389914900   2044556      0.52   1215352   6989188  96016652     23.81   3785044   5476148      3068   1084932   1323892     10304     19664    267872
12:09:43 PM 383342292 389974272   1985376      0.50   1215360   6991768  84540924     20.97   3785356   5426208      3428   1033184   1323752     10240     18700    267888
12:09:48 PM 383284816 389919288   2039976      0.52   1215372   6994152  91057720     22.58   3785652   5479884      2844   1084620   1324232     10288     19808    267960
12:09:53 PM 383234284 389871168   2088284      0.53   1215380   6996452  97581436     24.20   3786032   5517308      3984   1119872   1324148     10480     20464    267992
12:09:58 PM 383321320 389960732   1999672      0.51   1215392   6999124  80852088     20.05   3786320   5421472      2736   1021364   1323040     10288     18516    267936
12:10:03 PM 383279304 389921076   2038204      0.52   1215400   7001392  91047616     22.58   3786592   5468488      4040   1066924   1324248     10416     19160    267968
12:10:08 PM 383212076 389855752   2103492      0.53   1215412   7003224  97552616     24.19   3786952   5518640      3068   1115700   1324344     10336     19836    267984
12:10:13 PM 383312256 389959024   2000716      0.51   1215416   7006272  83657864     20.75   3787252   5426780      2564   1020980   1323888     10256     18444    267824
12:10:18 PM 383224552 389873380   2086312      0.53   1215440   7008276  94756528     23.50   3787608   5521856      2992   1114356   1323968     10288     19820    267960
12:10:23 PM 383219528 389870624   2089132      0.53   1215448   7010528  97556552     24.19   3787964   5529944      3644   1120720   1323912     10336     20388    267888
12:10:28 PM 383257552 389911244   2047712      0.52   1215456   7013040  87359112     21.66   3788196   5463024      4448   1050760   1324788     10320     19032    267856
12:10:33 PM 383208104 389863740   2095728      0.53   1215460   7014904  93890096     23.28   3788268   5503036      3772   1090216   1324352     10352     19988    267912
12:10:38 PM 383213836 389871812   2088044      0.53   1215472   7017252  89134008     22.10   3788616   5526576      4304   1111056   1323944     10320     20004    267872
12:10:43 PM 383303984 389965072   1995152      0.51   1215476   7020260  87350284     21.66   3788900   5459788      3136   1040660   1323676     10288     19124    267816
12:10:48 PM 383238216 389901636   2057588      0.52   1215484   7022552  94764600     23.50   3789208   5514868      4248   1094708   1324708     10272     19648    267936
12:10:53 PM 383230400 389895840   2064004      0.52   1215484   7024544  94763568     23.50   3789568   5512696      2608   1090904   1324116     10288     19452    267936
12:10:58 PM 383200808 389868960   2090468      0.53   1215484   7027312  97588040     24.20   3789872   5542640      4476   1118292   1324476     10288     19968    267968
12:11:03 PM 383220500 389890568   2069252      0.52   1215492   7029412  94754928     23.50   3790172   5543696      3496   1117156   1323892     10336     20196    267944
12:11:08 PM 383245776 389919128   2041704      0.52   1215496   7032616  93876688     23.28   3790552   5511940      3976   1083016   1322956     10224     19244    267936
12:11:13 PM 383281816 389957352   2002852      0.51   1215500   7034792  87348204     21.66   3790776   5463148      2876   1032128   1323588     10256     18340    267888
12:11:18 PM 383209784 389887160   2071776      0.52   1215504   7036608  94751704     23.50   3791128   5533112      4056   1100812   1324876     10240     19872    267840
12:11:23 PM 383188924 389868944   2090008      0.53   1215512   7039232  97570928     24.20   3791496   5552288      3240   1117748   1324872     10288     20148    267792
12:11:28 PM 383235512 389918592   2040668      0.52   1215516   7042184  91032568     22.57   3791776   5502372      3772   1065112   1324668     10240     18716    267840
12:11:33 PM 383198300 389883704   2075152      0.53   1215528   7044512  94751276     23.50   3792064   5537716      3124   1098512   1325056     10272     19420    267888
12:11:38 PM 383153604 389841512   2117724      0.54   1215536   7046848  93873044     23.28   3792456   5533816      3716   1092344   1324836     10544     19840    268048
12:11:43 PM 383237732 389928512   2031872      0.51   1215548   7049692  84553272     20.97   3792764   5496444      3532   1052724   1323704     10288     19152    267904
12:11:48 PM 383200268 389893280   2067264      0.52   1215556   7051888  93870452     23.28   3793076   5534212      4480   1087608   1323572     10560     19724    267984
12:11:53 PM 383204620 389900020   2060284      0.52   1215568   7054224  91059580     22.58   3793436   5533444      3072   1085344   1323852     10304     19556    267888
12:11:58 PM 383202344 389900516   2059244      0.52   1215568   7056924  91069568     22.58   3793724   5540092      3024   1089784   1324468     10304     19668    267848
12:12:03 PM 383191508 389892052   2067128      0.52   1215576   7059232  93879204     23.28   3794052   5540492      2916   1088576   1325104     10288     19680    267952
12:12:08 PM 383218756 389921984   2037492      0.52   1215576   7061848  88235784     21.88   3794388   5523236      2968   1068908   1324876     10272     19272    267912
12:12:13 PM 383161248 389866908   2093176      0.53   1215584   7064196  94069096     23.33   3794740   5545588      4956   1089180   1324344     10320     19800    267936
12:12:18 PM 383215544 389923844   2036604      0.52   1215588   7066776  91045568     22.58   3795048   5532400      3284   1073684   1324036     10288     19508    267856
12:12:23 PM 383259476 389970016   1990636      0.50   1215600   7068984  86314348     21.40   3795352   5521188      3808   1060628   1323852     10256     19052    267936
12:12:28 PM 383235212 389948416   2011800      0.51   1215604   7071556  93866452     23.28   3795700   5551016      3136   1088372   1324376     10272     19684    267920
12:12:33 PM 383212328 389928476   2031340      0.51   1215612   7074388  94750724     23.50   3795976   5565876      4188   1100624   1324880     10272     19700    267968
12:12:38 PM 383297176 390016416   1943584      0.49   1215616   7077460  82777008     20.53   3796296   5465504      2996    996732   1324712     10256     17984    267904
12:12:43 PM 383190652 389911272   2048392      0.52   1215628   7078748  91055952     22.58   3796664   5555788      4412   1086720   1325128     10320     19532    267968
12:12:48 PM 383235416 389959316   2000176      0.51   1215628   7081984  86475580     21.44   3796968   5500528      3432   1029060   1325344     10304     18736    267824
12:12:53 PM 383155008 389881116   2076792      0.53   1215628   7084184  93876476     23.28   3797264   5564236      4052   1090492   1326936     10352     19524    267880
12:12:58 PM 383149336 389878236   2079708      0.53   1215636   7086828  93887476     23.28   3797640   5568288      3696   1092140   1327040     10320     19916    267904
12:13:03 PM 383184852 389917048   2040700      0.52   1215644   7090100  91928472     22.80   3797972   5547160      3888   1068188   1327252     10272     18400    267952
12:13:08 PM 383130288 389864108   2093712      0.53   1215648   7091664  97579296     24.20   3798264   5602836      3600   1122612   1327236     10400     20400    268000
12:13:13 PM 383188616 389925484   2033220      0.51   1215656   7094644  88257084     21.89   3798572   5539548      3880   1056552   1326412     10352     19556    268008
12:13:18 PM 383129744 389868480   2091052      0.53   1215668   7096488  97587656     24.20   3798908   5604416      3308   1119836   1325596     10320     20248    267952
12:13:23 PM 383178396 389919548   2039396      0.52   1215676   7098804  93890032     23.28   3799184   5577344      4012   1090592   1326276     10416     19712    267968
12:13:28 PM 383186232 389930160   2029876      0.51   1215680   7101572  91945744     22.80   3799536   5585220      2668   1095324   1325188     10288     20196    267904
12:13:33 PM 383144000 389890552   2069732      0.52   1215688   7104088  97581700     24.20   3799844   5609808      4236   1119116   1325040     10240     19440    267920
12:13:38 PM 383112444 389861260   2098988      0.53   1215692   7106356  97579784     24.20   3800196   5611160      2936   1118108   1325068     10320     20284    267936
12:13:43 PM 383129596 389881040   2079420      0.53   1215692   7108944  91052244     22.58   3800472   5584188      3188   1088712   1324896     10272     19304    267832
12:13:48 PM 383129308 389883232   2076460      0.53   1215692   7111384  93876256     23.28   3800812   5585308      2828   1087412   1325704     10240     19672    267904
12:13:53 PM 383189212 389946060   2013408      0.51   1215692   7114316  84540796     20.97   3801064   5536712      2860   1036372   1325920     10272     18284    267888
12:13:58 PM 383107476 389866452   2092392      0.53   1215696   7116304  97579328     24.20   3801456   5621048      4368   1119264   1326680     10272     19844    267904
12:14:03 PM 383109108 389870480   2087784      0.53   1215696   7118644  94745716     23.50   3801772   5622256      3120   1118440   1327316     10304     19816    267888
12:14:08 PM 383188344 389951896   2007200      0.51   1215696   7120788  81733008     20.27   3802044   5541596      4340   1035024   1326520     10304     18144    267848
12:14:13 PM 383070664 389836976   2122556      0.54   1215700   7123444  97572624     24.20   3802420   5630516      3676   1121996   1326184     10288     20452    267816
12:14:18 PM 383063784 389832788   2126480      0.54   1215712   7126020  94763420     23.50   3802724   5630760      4616   1119928   1326552     10240     20220    267808
12:14:23 PM 383040108 389811448   2147164      0.54   1215720   7128292  97567640     24.20   3803080   5635912      3636   1123652   1327264     10288     20460    267840
12:14:28 PM 383043132 389816920   2141916      0.54   1215728   7130684  97581064     24.20   3803412   5634936      4280   1120588   1327088     10256     20196    267888
12:14:33 PM 383159260 389935628   2023060      0.51   1215732   7133264  85438688     21.19   3803648   5570736      2552   1053876   1327232     10224     18456    267824
12:14:38 PM 383057288 389836008   2122824      0.54   1215744   7135784  97587500     24.20   3804040   5640076      4252   1120876   1326908     10224     20308    267920
12:14:43 PM 383066036 389847440   2111848      0.53   1215748   7138280  93858444     23.28   3804356   5614228      3352   1093312   1326636     10256     19868    267888
12:14:48 PM 383057044 389840988   2118504      0.54   1215756   7140640  91924728     22.80   3804700   5640488      4140   1116984   1326604     10304     19920    267896
12:14:53 PM 383091724 389878264   2081676      0.53   1215760   7143232  89129452     22.10   3804992   5611516      3216   1085760   1326156     10256     19148    267856
12:14:58 PM 383083428 389873032   2086780      0.53   1215768   7146144  93867520     23.28   3805328   5620528      4148   1092528   1326428     10240     19776    267872
12:15:03 PM 383056912 389848860   2110848      0.53   1215776   7148356  97556292     24.19   3805724   5648128      3228   1118340   1326656     10256     20264    267888
12:15:08 PM 383098992 389893336   2066616      0.52   1215776   7150644  88917900     22.05   3805948   5601276      4136   1069544   1326520     10224     18816    267872
12:15:13 PM 383125672 389922092   2038340      0.52   1215784   7152668  85202668     21.13   3806228   5587316      2620   1054136   1326084     10224     18740    267792
12:15:18 PM 383171060 389969984   1989716      0.50   1215788   7155124  81532940     20.22   3806484   5542340      3268   1006644   1326860     10224     17704    267840
12:15:23 PM 383098816 389899536   2060384      0.52   1215800   7156896  88920208     22.05   3806832   5623408      2440   1086224   1326652     10256     19604    267880
12:15:28 PM 383117080 389920352   2037888      0.52   1215808   7159492  88049228     21.84   3807140   5604720      3116   1065300   1328280     10416     19212    268000
12:15:33 PM 383128500 389934036   2024808      0.51   1215812   7161896  82397124     20.43   3807464   5576944      3968   1035252   1327532     10240     18720    267864
12:15:38 PM 383142840 389951244   2008820      0.51   1215816   7164776  85240528     21.14   3807736   5583284      2952   1039096   1326296     10160     18268    267808
12:15:43 PM 383092288 389902280   2058144      0.52   1215824   7166224  91728036     22.75   3808048   5631604      4072   1085748   1326068     10256     19352    267792
12:15:48 PM 383133524 389946080   2014404      0.51   1215824   7168796  88034544     21.83   3808360   5603304      2884   1055280   1326000     10208     18716    267744
12:15:53 PM 383144940 389960024   2000540      0.51   1215836   7171316  83094668     20.61   3808696   5602272      3900   1052356   1325916     10176     18076    267808
12:15:58 PM 383326096 390142520   1817900      0.46   1215840   7172652  55155612     13.68   3808816   5405968      1844    854752   1326060     10016     13812    267680
12:16:03 PM 383449396 390266568   1694320      0.43   1215848   7173368  29666908      7.36   3808928   5267700      2188    715868   1325616      9856      9768    267552
12:16:08 PM 383588156 390405220   1557124      0.39   1215848   7173260   4183500      1.04   3808956   5128288       312    576528   1324160      9760      6004    267488
12:16:13 PM 383555500 390376960   1585036      0.40   1215852   7177252   4192012      1.04   3818452   5131220      1300    584964   1324908      9776      5968    267552
12:16:18 PM 383429752 390251500   1706628      0.43   1215852   7177444  38517900      9.55   3826928   5286844       280    748792   1328872     10064     12304    267760
12:16:23 PM 383422832 390245080   1713276      0.43   1215856   7177972  36372532      9.02   3827320   5279452      1352    740796   1328612     10016     11852    267776
12:16:28 PM 383412632 390235388   1722932      0.44   1215860   7178328  36376436      9.02   3827552   5282376       248    743988   1328796     10000     11916    267800
12:16:33 PM 383428420 390251432   1709596      0.43   1215872   7178556   4192012      1.04   3827968   5123616      1404    585492   1326104      9824      6108    267568
12:16:38 PM 383429772 390252692   1708388      0.43   1215876   7178440   4196364      1.04   3827964   5127260       248    589188   1326072      9792      5972    267584
12:16:43 PM 383430856 390256612   1704724      0.43   1215888   7181156   4200636      1.04   3828008   5132656      1424    591972   1325924      9824      6124    267624
12:16:48 PM 383430992 390259624   1701736      0.43   1215892   7183932   4196364      1.04   3828020   5133564       440    590084   1325996      9760      6012    267584
12:16:53 PM 383398332 390229864   1727228      0.44   1215896   7186640  45041044     11.17   3828012   5165728      1344    619712   1330452     10032     12408    267792
12:16:58 PM 382819380 389653140   2305112      0.58   1215904   7188832  98009296     24.31   3828620   5705188       372   1157736   1329320     10288     22072    267888
12:17:03 PM 382832268 389666184   2292180      0.58   1215912   7188964  98012432     24.31   3828624   5708292      1228   1160316   1329224     10432     21744    268000
12:17:08 PM 382833964 389668216   2289900      0.58   1215924   7189244  98013696     24.31   3828644   5716436       344   1168704   1329516     10336     21988    268048
12:17:13 PM 382829788 389664320   2293628      0.58   1215932   7189640  98014168     24.31   3828652   5721180       488   1172044   1329560     10768     21880    268080
12:17:18 PM 382927480 389762604   2195184      0.56   1215940   7190104  98068588     24.32   3828724   5740052       640   1191508   1329840     10272     21956    268000
12:17:23 PM 382952376 389787700   2169520      0.55   1215944   7190316  98077480     24.32   3828720   5745872       432   1197076   1330392     10320     22016    267968
12:17:28 PM 382950220 389786160   2170724      0.55   1215956   7190944  98077480     24.32   3828736   5747684      1576   1198116   1330704     10336     22060    267952
12:17:33 PM 382939052 389775128   2181716      0.55   1215960   7191124  98166044     24.34   3828752   5780764       516   1231256   1330696     10320     22060    267984
12:17:38 PM 382986796 389823292   2133684      0.54   1215972   7191476  98144564     24.34   3828768   5778956      1544   1228964   1330620     10384     22304    268008
12:17:43 PM 382983216 389819988   2136732      0.54   1215972   7191960  98151048     24.34   3828772   5782016       536   1231580   1330668     10352     22252    268016
12:17:48 PM 382989148 389826436   2130472      0.54   1215976   7192340  98151048     24.34   3828776   5783300      1524   1232292   1330612     10336     22260    268048
12:17:53 PM 383020608 389858228   2098580      0.53   1215976   7192776  94430436     23.42   3828772   5747264       468   1196040   1330608     10336     21740    267984
12:17:58 PM 382936860 389775780   2182076      0.55   1215980   7193732  92457852     22.93   3829160   5742988      2920   1191516   1329900     10288     21072    267944
12:18:03 PM 382869040 389707640   2249448      0.57   1215984   7193388  98036404     24.31   3829280   5733444       408   1182056   1330688     10352     22024    267976
12:18:08 PM 382875076 389714000   2243256      0.57   1215988   7193576  98006568     24.30   3829380   5726044      1476   1174360   1330652     10256     21832    268064
12:18:13 PM 382874392 389713528   2243648      0.57   1215988   7193868  98013956     24.31   3829400   5732624       728   1181068   1330652     10336     21980    268128
12:18:18 PM 382936376 389776108   2180764      0.55   1215996   7194316  98131384     24.34   3829428   5751020      1644   1198672   1331096     10304     21944    268048
12:18:23 PM 382972140 389812228   2144676      0.54   1216000   7194732  98066296     24.32   3829440   5756572       388   1204164   1331000     10336     22000    268064
12:18:28 PM 382959744 389800240   2156796      0.55   1216008   7194968  98158772     24.34   3829440   5790308      1400   1237240   1331032     10368     22068    268096
12:18:33 PM 382991308 389832088   2124916      0.54   1216012   7195312  98083576     24.32   3829448   5765584       292   1212336   1331000     10288     21972    268112
12:18:38 PM 382962304 389803528   2153180      0.55   1216020   7195568  98114464     24.33   3829460   5779860      1488   1226244   1331476     10336     22108    268064
12:18:43 PM 382980536 389821960   2134612      0.54   1216028   7195904  98137324     24.34   3829476   5791436       644   1237708   1331468     10352     22184    268048
12:18:48 PM 382979512 389821800   2134488      0.54   1216032   7196508  98151292     24.34   3829472   5798940      1612   1244236   1332008     10448     22272    268168
12:18:53 PM 382982180 389824632   2132028      0.54   1216036   7196824  98134404     24.34   3829508   5792340       328   1237608   1331480     10352     21920    268112
12:18:58 PM 382947576 389791008   2166448      0.55   1216044   7197636  98092908     24.33   3829664   5775904      1724   1220472   1330844     10544     21660    268080
12:19:03 PM 382914912 389758536   2199008      0.56   1216056   7197872  98042344     24.31   3829876   5747408      1060   1192036   1330700     10320     21280    268032
12:19:08 PM 382859632 389703292   2254132      0.57   1216064   7197740  98019780     24.31   3830064   5734120      2060   1178748   1330980     10304     21952    268056
12:19:13 PM 382850980 389695052   2262260      0.57   1216072   7198108  98013400     24.31   3830112   5733268      3140   1178000   1331128     10368     21928    268048
12:19:18 PM 382875320 389719712   2237608      0.57   1216072   7198388  98031212     24.31   3830156   5744640       644   1188692   1331160     10368     22036    268072
12:19:23 PM 382921780 389766420   2190432      0.55   1216080   7198716  98049688     24.32   3830160   5752856      1776   1197016   1331540     10352     21972    268048
12:19:28 PM 382964184 389809204   2147664      0.54   1216084   7199100  98074052     24.32   3830184   5762740       556   1206580   1331516     10352     22016    268016
12:19:33 PM 382946244 389791508   2165652      0.55   1216096   7199308  98077528     24.32   3830184   5765756      1444   1209180   1331248     10368     21988    268048
12:19:38 PM 382956740 389802240   2154928      0.55   1216100   7199540  98097136     24.33   3830208   5775076       448   1218488   1331240     10368     22140    268096
12:19:43 PM 382910472 389756376   2200680      0.56   1216104   7199976  98213116     24.36   3830196   5818548      1660   1261296   1331316     10320     22032    268112
12:19:48 PM 382958976 389805112   2151856      0.54   1216104   7200288  98147268     24.34   3830212   5797240       448   1239892   1331324     10384     22180    268128
12:19:53 PM 382948864 389795504   2161440      0.55   1216112   7200792  98158860     24.34   3830200   5803856      1440   1245872   1331340     10400     22184    268104
12:19:58 PM 382970888 389818040   2138704      0.54   1216116   7201192  95298116     23.63   3830284   5773172       632   1214816   1331648     10384     21892    268128
12:20:03 PM 382921820 389769692   2187456      0.55   1216124   7201780  98056312     24.32   3830508   5761632      2148   1202872   1331368     10384     21980    268080
12:20:08 PM 382891080 389739528   2217984      0.56   1216128   7202244  94314352     23.39   3830660   5708376      1636   1149328   1331112     10384     21376    268016
12:20:13 PM 382817700 389666208   2291440      0.58   1216140   7202224  98009076     24.30   3830840   5732880      1740   1174068   1331044     10416     21864    268088
12:20:18 PM 382801348 389650248   2307592      0.58   1216152   7202636  98017476     24.31   3830856   5739616       464   1180472   1330820     10384     21960    268048
12:20:23 PM 382788112 389637416   2320212      0.59   1216156   7202916  98124024     24.33   3830892   5753896      1424   1194400   1331152     10384     21956    268080
12:20:28 PM 382803592 389653132   2304448      0.58   1216160   7203200  98057588     24.32   3830896   5760036       360   1200464   1331148     10384     22040    268080
12:20:33 PM 382848764 389698608   2258940      0.57   1216160   7203452  98070968     24.32   3830916   5767248      1636   1206668   1331232     10384     21760    268096
12:20:38 PM 382872200 389722400   2235356      0.57   1216172   7203816  98090652     24.33   3830924   5776980       320   1216132   1331004     10368     22040    268128
12:20:43 PM 382886524 389737032   2220796      0.56   1216180   7204064  98112336     24.33   3830936   5785424       416   1224752   1330984     10784     22068    268176
12:20:48 PM 382897568 389748140   2209452      0.56   1216192   7204368  98135152     24.34   3830952   5796704       976   1235468   1330968     10416     22208    268144
12:20:53 PM 382896508 389747488   2210176      0.56   1216196   7204680  98235932     24.36   3830960   5805308       472   1243880   1330988     10384     22172    268160
12:20:58 PM 382879968 389731116   2226680      0.56   1216200   7205072  98126572     24.33   3831028   5793396      1520   1231952   1330628     10320     22300    268080
12:21:03 PM 382851288 389702832   2255408      0.57   1216204   7205384  95303984     23.63   3831080   5789836       560   1227824   1330264     10384     21932    268136
12:21:08 PM 382807080 389659040   2299292      0.58   1216208   7205812  98102880     24.33   3831228   5779456      1620   1217344   1330156     10384     22080    268128
12:21:13 PM 382772424 389624916   2333196      0.59   1216216   7206224  98059904     24.32   3831392   5759256      1056   1196756   1330488     10352     21972    268080
12:21:18 PM 382770032 389623136   2333988      0.59   1216224   7206768  98013312     24.31   3831584   5739288      2620   1176684   1331536     10448     22004    268088
12:21:23 PM 382761580 389614932   2342232      0.59   1216224   7206996  98027932     24.31   3831608   5748180       456   1185136   1331516     10416     21976    268128
12:21:28 PM 382804684 389658248   2298692      0.58   1216232   7207244  98043116     24.31   3831604   5756140      1516   1193056   1331696     10400     21968    268208
12:21:33 PM 382845084 389698984   2258136      0.57   1216240   7207536  98059548     24.32   3831652   5765704       368   1202184   1331552     10400     22008    268208
12:21:38 PM 382837004 389690828   2265692      0.57   1216240   7208036  98166908     24.34   3831640   5804504      1388   1240708   1331576     10400     22048    268208
12:21:43 PM 382895272 389749952   2207180      0.56   1216244   7208300  98101036     24.33   3831656   5785960       608   1221576   1331552     10416     22080    268176
12:21:48 PM 382893608 389748576   2208604      0.56   1216252   7208692  98118784     24.33   3831668   5794980      1720   1230560   1331392     10432     22232    268168
12:21:53 PM 382902604 389757968   2199384      0.56   1216252   7208988  98126760     24.33   3831672   5799600       384   1234420   1331320     10384     22104    268176
12:21:58 PM 382896500 389752332   2204428      0.56   1216260   7209584  98129004     24.33   3831712   5802504      1292   1237112   1331776     10400     22132    268112
12:22:03 PM 382902876 389759488   2197496      0.56   1216268   7210220  94410760     23.41   3831776   5766520       316   1200288   1331688     10368     21576    268096
12:22:08 PM 382941440 389797896   2159412      0.55   1216280   7210244  92212800     22.87   3831904   5743060      1404   1176756   1331172     10400     21184    268104
12:22:13 PM 382915032 389771992   2185852      0.55   1216288   7210520  92199688     22.86   3832004   5734900       244   1168532   1330856     10368     21036    268096
12:22:18 PM 382899904 389757548   2200108      0.56   1216296   7211236  89354264     22.16   3832116   5718968      1512   1152128   1331004     10528     20436    268096
12:22:23 PM 382897760 389755328   2202816      0.56   1216304   7211172  92175716     22.86   3832220   5720700       904   1153980   1330496     10336     20972    268096
12:22:28 PM 382881852 389739772   2217436      0.56   1216308   7211596  92171456     22.86   3832292   5716688       620   1149956   1331356     10448     20944    268000
12:22:33 PM 382911440 389769808   2188420      0.55   1216312   7211976  92182732     22.86   3832336   5724852       836   1157408   1330400     10368     20992    268048
12:22:38 PM 382934640 389793332   2164936      0.55   1216316   7212352  92191316     22.86   3832344   5730428       588   1162864   1330304     10368     21008    267984
12:22:43 PM 382952532 389811684   2146152      0.54   1216324   7212736  92211676     22.87   3832360   5739956      1452   1172108   1330804     10368     21060    268096
12:22:48 PM 382951488 389810812   2146996      0.54   1216328   7212988  92239088     22.87   3832364   5752648       556   1184524   1330748     10368     21108    268112
12:22:53 PM 382958952 389818776   2139256      0.54   1216340   7213384  92246588     22.88   3832368   5758172       652   1189144   1330616     10368     21104    268096
12:22:58 PM 382961116 389821084   2136800      0.54   1216340   7213684  92257152     22.88   3832384   5762628       480   1193596   1330608     10368     21128    268064
12:23:03 PM 382962296 389822592   2135284      0.54   1216344   7214012  92266804     22.88   3832420   5766532      1604   1197284   1330612     10400     21192    268160
12:23:08 PM 382969540 389830892   2127528      0.54   1216348   7214952  92214556     22.87   3832528   5746344      1016   1176140   1330180     10352     20588    268096
12:23:13 PM 382956688 389818040   2140076      0.54   1216356   7215012  88491916     21.94   3832652   5704344      1348   1134316   1330416     10368     20528    268048
12:23:18 PM 382899420 389761080   2197084      0.56   1216360   7215260  92190624     22.86   3832732   5730608      1212   1160536   1330424     10416     20520    268056
12:23:23 PM 382879220 389741068   2217332      0.56   1216368   7215332  92169004     22.86   3832844   5724812      1800   1154632   1330296     10384     20984    268000
12:23:28 PM 382853752 389715968   2242224      0.57   1216376   7215676  92153368     22.85   3832984   5715016       552   1144576   1330520     10368     20960    268000
12:23:33 PM 382857428 389720016   2237932      0.57   1216388   7215912  92182920     22.86   3833000   5727576      1088   1157016   1330888     10432     21124    268120
12:23:38 PM 382901892 389764728   2193200      0.56   1216396   7216120  92187508     22.86   3833028   5731960       416   1160628   1330940     10384     20988    268048
12:23:43 PM 382928480 389791660   2165948      0.55   1216408   7216524  92197008     22.86   3833040   5736944      1488   1165896   1331188     10400     21032    268096
12:23:48 PM 382958864 389822316   2135268      0.54   1216412   7216744  92219996     22.87   3833064   5747184       340   1175764   1331260     10416     21108    268064
12:23:53 PM 382964836 389828532   2128596      0.54   1216420   7217004  92237980     22.87   3833060   5755716      1228   1184216   1331692     10400     21120    268144
12:23:58 PM 382962452 389826436   2130832      0.54   1216424   7217260  92255924     22.88   3833076   5763840       872   1191904   1331580     10384     21172    268128
12:24:03 PM 382969464 389833844   2123448      0.54   1216428   7217664  92262648     22.88   3833084   5767900      1676   1195136   1331544     10544     21124    268080
12:24:08 PM 382916280 389780992   2176548      0.55   1216428   7218052  92355168     22.90   3833164   5799844       624   1227248   1331240     10416     21240    268080
12:24:13 PM 382921736 389786528   2170892      0.55   1216432   7218276  92260708     22.88   3833196   5766988       404   1193860   1331212     10640     21184    268080
12:24:18 PM 382928376 389793892   2163332      0.55   1216436   7218808  88486472     21.94   3833360   5708356      1580   1135020   1331596     10416     20608    268104
12:24:23 PM 382860712 389726188   2230608      0.56   1216444   7218844  92204728     22.87   3833432   5740644       500   1167524   1331940     10480     21216    268056
12:24:28 PM 382843732 389709832   2246980      0.57   1216452   7219368  92243192     22.88   3833556   5751984      1432   1178456   1332016     10416     21184    267952
12:24:33 PM 382851588 389718080   2239196      0.57   1216456   7219748  92161768     22.85   3833684   5720292       436   1146652   1331560     10416     20972    268048
12:24:38 PM 382872032 389738888   2218424      0.56   1216464   7220252  92175544     22.86   3833704   5727944      1196   1153604   1331376     10400     20968    268080
12:24:43 PM 382877068 389744136   2213140      0.56   1216472   7220492  92186868     22.86   3833712   5735620       392   1161340   1331376     10400     20996    268032
12:24:48 PM 382888740 389756160   2201496      0.56   1216480   7220772  92204648     22.87   3833760   5744216      1416   1169276   1331060     10384     21060    268080
12:24:53 PM 382904312 389771980   2185736      0.55   1216484   7221028  92229328     22.87   3833752   5755492       416   1180068   1330988     10352     21008    268016
12:24:58 PM 382908380 389776456   2181076      0.55   1216488   7221412  92239648     22.87   3833752   5760772      1216   1185252   1331192     10384     21092    268064
12:25:03 PM 382899676 389767896   2189492      0.55   1216492   7221676  92256612     22.88   3833760   5767508       480   1191880   1331212     10384     21124    268000
12:25:08 PM 382887788 389756608   2200856      0.56   1216504   7222108  92278604     22.88   3833772   5777236      1416   1201008   1331292     10336     21140    268016
12:25:13 PM 382913532 389783140   2174248      0.55   1216508   7222964  92241468     22.87   3833916   5758280       496   1181372   1331296     10336     20704    268016
12:25:18 PM 382861824 389731476   2225724      0.56   1216524   7222876  92239936     22.87   3833984   5758680       452   1181660   1331600     10368     21104    268016
12:25:23 PM 382848820 389719108   2238092      0.57   1216528   7223488  89358364     22.16   3834116   5734436       404   1157100   1331620     10400     20448    267952
12:25:28 PM 382844888 389715548   2241172      0.57   1216532   7223844  89364276     22.16   3834152   5722644      1360   1144968   1332112     10352     20392    268080
12:25:33 PM 382848080 389718744   2237772      0.57   1216540   7223780  92158280     22.85   3834312   5722692       116   1145404   1332376     10448     21028    268088
12:25:38 PM 382856792 389727984   2228932      0.56   1216544   7224240  92170352     22.86   3834404   5728672      1356   1150784   1332040     10368     20980    268144
12:25:43 PM 382863440 389734924   2222032      0.56   1216548   7224576  92173436     22.86   3834412   5733152         0   1155288   1331952     10368     20972    268096
12:25:48 PM 382890440 389762268   2194708      0.56   1216556   7224856  92186176     22.86   3834440   5740244      1596   1161600   1331988     10464     21188    268144
12:25:53 PM 382911692 389783812   2173380      0.55   1216568   7225200  92205496     22.87   3834452   5748148       608   1169616   1331708     10384     21112    268136
12:25:58 PM 382923972 389796452   2160392      0.55   1216576   7225464  92231564     22.87   3834452   5760880      1640   1181568   1332144     10560     21044    268064
12:26:03 PM 382933848 389806416   2150568      0.54   1216588   7225696  92235324     22.87   3834468   5763236      1660   1184140   1331848     10384     21096    268080
12:26:08 PM 382934544 389807508   2149580      0.54   1216596   7225980  92253248     22.88   3834492   5772788       568   1193040   1331848     10400     21156    268080
12:26:13 PM 382948144 389821440   2135544      0.54   1216600   7226416  92264584     22.88   3834488   5778352      1568   1198420   1331844     10368     21204    268048
12:26:18 PM 382979828 389853592   2103800      0.53   1216608   7226692  92226720     22.87   3834640   5760944      1000   1180812   1331620     10368     20888    268000
12:26:23 PM 382963008 389837308   2119952      0.54   1216612   7227264  88512112     21.95   3834676   5724016      1688   1143612   1331712     10432     20644    268016
12:26:28 PM 382935824 389810168   2147500      0.54   1216616   7227236  92192020     22.86   3834784   5742328      1064   1161736   1331372     10384     20836    268016
12:26:33 PM 382873028 389747820   2209768      0.56   1216620   7227720  92168416     22.86   3834932   5731460      2412   1150952   1331412     10384     20860    268048
12:26:38 PM 382876412 389751532   2205988      0.56   1216624   7227968  92152668     22.85   3835048   5726420       716   1145720   1331556     10352     20908    267968
12:26:43 PM 382871572 389746988   2210504      0.56   1216632   7228216  92166284     22.86   3835100   5731916      2132   1150788   1331624     10368     20924    268016
12:26:48 PM 382859796 389735416   2221972      0.56   1216636   7228464  92173124     22.86   3835108   5736292       500   1155172   1331680     10368     20948    268000
12:26:53 PM 382903712 389779740   2177792      0.55   1216648   7228864  92192340     22.86   3835112   5745552      1696   1163804   1331532     10368     20956    268112
12:26:58 PM 382907388 389783652   2173916      0.55   1216656   7229112  92216888     22.87   3835156   5756912       508   1175120   1331476     10368     21020    268096
12:27:03 PM 382914676 389791300   2166376      0.55   1216664   7229488  92230572     22.87   3835168   5764128      1408   1181840   1331344     10400     21064    268128
12:27:08 PM 382917708 389794472   2163072      0.55   1216668   7229756  92240000     22.87   3835172   5768988       408   1186064   1331344     10416     21108    268128
12:27:13 PM 382918044 389795268   2162164      0.55   1216676   7230068  92263608     22.88   3835196   5779868      1604   1196928   1331596     10432     21224    268112
12:27:18 PM 382947052 389824592   2132792      0.54   1216684   7230384  92251684     22.88   3835260   5776368       528   1193128   1331636     10400     21112    268080
12:27:23 PM 382921108 389799236   2157676      0.55   1216696   7230840  92226160     22.87   3835356   5762528      1712   1178984   1332228     10400     21088    268080
12:27:28 PM 382923916 389802280   2154432      0.55   1216696   7231100  92230324     22.87   3835412   5762856       424   1179312   1332404     10400     21092    268096
12:27:33 PM 382895340 389774376   2182624      0.55   1216700   7231632  89451584     22.18   3835532   5755192      1380   1171000   1332252     10480     20432    268032
12:27:38 PM 382926740 389805932   2150740      0.54   1216712   7231776  88458908     21.94   3835656   5703228      1392   1119180   1332580     10368     20436    268000
12:27:43 PM 382878128 389757496   2199204      0.56   1216720   7231896  92176532     22.86   3835764   5738640       924   1153996   1332600     10624     20948    268096
12:27:48 PM 382891280 389770972   2185884      0.55   1216728   7232212  92167432     22.86   3835800   5736860       620   1152532   1332444     10416     20856    268064
12:27:53 PM 382897600 389777588   2179280      0.55   1216728   7232512  92183344     22.86   3835836   5744620       456   1159852   1332428     10432     21032    268064
12:27:58 PM 382936136 389816428   2140556      0.54   1216728   7232812  92208904     22.87   3835836   5755736      1480   1170804   1332316     10400     21096    268080
12:28:03 PM 382976600 389857184   2099908      0.53   1216732   7233072  92227916     22.87   3835856   5766184       452   1180880   1332236     10400     21088    268064
12:28:08 PM 382969232 389850028   2106836      0.53   1216740   7233332  92240700     22.87   3835856   5773824      1372   1188444   1332408     10400     21224    268088
12:28:13 PM 382965600 389846736   2110376      0.53   1216748   7233568  92244852     22.88   3835880   5778240       504   1192368   1332256     10352     21188    268080
12:28:18 PM 382954036 389835452   2121764      0.54   1216756   7233872  92262768     22.88   3835908   5782740      1664   1196752   1332120     10400     21024    268048
12:28:23 PM 382967596 389849324   2107928      0.53   1216760   7234132  88541636     21.96   3835660   5746692       636   1159920   1332132     10368     20660    268000
12:28:28 PM 382917436 389799308   2157628      0.55   1216768   7234372  92230424     22.87   3835760   5768560      1492   1181920   1332344     10368     21116    268048
12:28:33 PM 382917548 389800120   2157452      0.55   1216772   7234936  89394600     22.17   3835852   5743524       412   1156284   1331840     10416     20568    267952
12:28:38 PM 382909024 389791748   2165692      0.55   1216776   7235048  92183724     22.86   3835968   5747844      1556   1160640   1332008     10352     20916    267936
12:28:43 PM 382885936 389769032   2188128      0.55   1216780   7235332  92185588     22.86   3836068   5745692       380   1158120   1332372     10288     21012    267952
12:28:48 PM 382868960 389752272   2204924      0.56   1216780   7235600  92172324     22.86   3836128   5740632      1440   1153248   1332284     10304     20976    267904
12:28:53 PM 382875024 389758772   2198352      0.56   1216780   7235956  92255032     22.88   3836204   5771584       256   1183716   1332436     10240     20912    267872
12:28:58 PM 382906468 389790404   2166600      0.55   1216792   7236196  92189008     22.86   3836196   5750280      1144   1161588   1332492     10304     21048    267920
12:29:03 PM 382900756 389785028   2172116      0.55   1216796   7236468  92208672     22.87   3836236   5759772       316   1171248   1332412     10336     21176    267904
12:29:08 PM 382908496 389793136   2163832      0.55   1216804   7236876  92231260     22.87   3836232   5768280      1404   1179468   1332540     10288     21092    267936
12:29:13 PM 382891876 389776872   2180260      0.55   1216808   7237136  92240252     22.87   3836248   5774588        96   1185292   1332468     10304     21108    267936
12:29:18 PM 382903484 389789096   2168288      0.55   1216812   7237812  92237040     22.87   3836292   5777216       964   1187756   1332152     10336     20732    267904
12:29:23 PM 382907252 389792940   2164248      0.55   1216820   7237792  92246816     22.88   3836336   5780164       832   1190364   1332436     10336     21192    267888
12:29:28 PM 382899460 389785284   2171840      0.55   1216824   7238012  92238924     22.87   3836404   5775132      1000   1185464   1332412     10560     20948    268008
12:29:33 PM 382866936 389753592   2203840      0.56   1216828   7238792  92201716     22.86   3836528   5757632       948   1167128   1332152     10288     20520    267936
12:29:38 PM 382855360 389741988   2215372      0.56   1216832   7238732  92198704     22.86   3836608   5756904      1508   1167164   1332252     10304     21012    267968
12:29:43 PM 382841304 389728412   2228784      0.56   1216840   7239132  92197384     22.86   3836672   5756428      2764   1165636   1332488     10304     21052    267968
12:29:48 PM 382825536 389712904   2244908      0.57   1216844   7239392  92207956     22.87   3836788   5777856      1964   1180220   1331868     10304     20992    267968
12:29:53 PM 382873732 389761488   2196180      0.56   1216852   7239652  92184760     22.86   3836856   5749512      3452   1158288   1332132     10320     21000    267984
12:29:58 PM 382877924 389765880   2191736      0.56   1216860   7239860  92270672     22.88   3836892   5777112       552   1186048   1332168     10320     20996    267888
12:30:03 PM 382899940 389788340   2169100      0.55   1216864   7240248  92196608     22.86   3836908   5756996      1540   1165312   1332396     10352     21060    267952
12:30:08 PM 382895628 389784220   2173124      0.55   1216872   7240488  92219252     22.87   3836920   5767316       608   1175616   1332436     10352     21144    267968
12:30:13 PM 382917728 389806676   2150428      0.54   1216884   7240764  92231808     22.87   3836936   5773948      1612   1181948   1332744     10320     21088    268016
12:30:18 PM 382946376 389835848   2121260      0.54   1216888   7241272  86373448     21.42   3836932   5739544       624   1146916   1332752     10336     20460    268000
12:30:23 PM 382954164 389843784   2113452      0.54   1216896   7241300  86385936     21.42   3836956   5745976      1488   1153300   1332736     10304     20128    268064
12:30:28 PM 383026112 389916504   2040804      0.52   1216896   7242072  76795576     19.04   3836960   5670816       460   1077368   1332664     10288     18996    267984
12:30:33 PM 383079556 389969336   1988300      0.50   1216904   7241324  62915620     15.60   3836960   5591440      1756    998752   1332464     10144     16120    267936
12:30:38 PM 383082324 389972384   1985384      0.50   1216912   7241568  62915568     15.60   3836976   5592716       428    999704   1332360     10160     16124    267904
12:30:43 PM 383222324 390112328   1846256      0.47   1216912   7241416  39429844      9.78   3836972   5430332      1564    837452   1331640     10032     12040    267840
12:30:48 PM 383296572 390186472   1772532      0.45   1216916   7241252  27686876      6.87   3836968   5348028       392    755264   1331276     10000     10080    267744
12:30:53 PM 383354036 390244220   1715584      0.43   1216924   7241344  10069364      2.50   3836980   5225168      1360    632232   1330660      9920      7488    267664
12:30:58 PM 383357828 390247772   1712100      0.43   1216932   7241068  10069364      2.50   3837000   5225424       276    632724   1330620      9872      7052    267632
12:31:03 PM 383309344 390200164   1755416      0.44   1216940   7241748  38591884      9.57   3854788   5306264      1276    730748   1335100     10352     12236    267840
12:31:08 PM 383330012 390221132   1734968      0.44   1216948   7241968  36442164      9.04   3855012   5299800       340    724276   1334652     10080     11968    267808
12:31:13 PM 383317116 390208576   1747384      0.44   1216952   7242228  36444192      9.04   3855300   5303688       844    727768   1334868     10240     11924    267856
12:31:18 PM 383326508 390218652   1739444      0.44   1216952   7242716   4196364      1.04   3855576   5168216         0    592412   1332928      9936      8004    267648
12:31:23 PM 383329600 390221088   1737664      0.44   1216952   7242056   4196364      1.04   3855580   5165000       304    589852   1332276      9824      6032    267648
12:31:28 PM 383337888 390231096   1727800      0.44   1216960   7243740   4196876      1.04   3855596   5167196      1216    590380   1332160      9824      6032    267648
12:31:33 PM 383339512 390234944   1723968      0.44   1216968   7245856   4196876      1.04   3855604   5169436       248    590532   1332244      9840      6068    267648
12:31:38 PM 383356512 390254224   1704692      0.43   1216980   7248064   4196876      1.04   3855616   5171536      1472    590380   1332300      9824      6040    267600
12:31:43 PM 382903328 389805504   2149864      0.54   1216984   7252496  97950604     24.29   3856148   5731620      3632   1146712   1335876     10384     21852    268000
12:31:48 PM 383402028 390309492   1646040      0.42   1216984   7257720  39486496      9.79   3856164   5246652      1612    656676   1335776     10160     12680    267888
12:31:53 PM 382948620 389856040   2100116      0.53   1216988   7257680  97940120     24.29   3856676   5748144      5056   1158584   1335144     10384     21836    267888
12:31:58 PM 382956588 389864636   2091980      0.53   1216996   7258320  83774864     20.78   3857112   5713656      2984   1123876   1334664     10336     19264    267968
12:32:03 PM 383037168 389950988   2005944      0.51   1217000   7264056  77436292     19.20   3857348   5613216      4172   1005456   1334380     10352     19172    267872
12:32:08 PM 382924928 389839708   2116788      0.54   1217008   7265000  95119752     23.59   3857804   5749656      5708   1154608   1334824     10416     21732    267984
12:32:13 PM 383002308 389918920   2037992      0.52   1217012   7266828  83116208     20.61   3858208   5676516      2528   1079436   1334408     10304     19680    267920
12:32:18 PM 383077848 389999784   1956812      0.50   1217012   7272152  77430852     19.20   3858512   5591068      4304    988828   1334724     10256     17384    267920
12:32:23 PM 382974408 389898480   2058948      0.52   1217020   7274304  88380908     21.92   3858952   5695996      4452   1092156   1333868     10320     20180    267888
12:32:28 PM 382957848 389884232   2072692      0.52   1217032   7276560  89249264     22.13   3859428   5724744      4648   1119136   1334416     10256     20764    267856
12:32:33 PM 382974252 389903708   2053204      0.52   1217036   7279676  89272556     22.14   3859876   5723980      3312   1116148   1334380     10240     19576    267856
12:32:38 PM 383068740 390002568   1953488      0.49   1217040   7284108  72469180     17.97   3860152   5610028      3784    997580   1335172     10272     17364    267840
12:32:43 PM 383019208 389955032   2001264      0.51   1217044   7286100  92077076     22.83   3860648   5738948      4700   1125024   1334932     10320     20744    267888
12:32:48 PM 383001724 389940728   2016400      0.51   1217044   7289292  92070380     22.83   3861120   5740148      4844   1123316   1334088     10432     20560    267824
12:32:53 PM 382998236 389939960   2016220      0.51   1217052   7291956  89255708     22.13   3861544   5738044      3072   1119148   1335084     10272     19460    267872
12:32:58 PM 383060600 390005412   1950404      0.49   1217056   7295020  72456280     17.97   3861920   5621836      3212   1000716   1335468     10480     16804    267984
12:33:03 PM 383195244 390143844   1812748      0.46   1217060   7298736  42970024     10.66   3862164   5435852      3768    810688   1334760     10144     13980    267808
12:33:08 PM 383339676 390286164   1668820      0.42   1217068   7296484  38600588      9.57   3879876   5303680         0    698756   1336500     10096     11844    267872
12:33:13 PM 383007052 389954092   2000860      0.51   1217080   7296960  36450356      9.04   3880392   5657312      1500   1051996   1336596     10080     11944    267888
12:33:18 PM 382999752 389947216   2007844      0.51   1217088   7297276  36450356      9.04   3880736   5658600       300   1053372   1336588     10048     11952    267872
12:33:23 PM 383420000 390367380   1590412      0.40   1217096   7297124   4196876      1.04   3880856   5195588      1508    590512   1333916      9840      6032    267648
12:33:28 PM 383408752 390356932   1600868      0.41   1217100   7297912   4211048      1.04   3890652   5199900       300    603808   1333916      9824      6064    267696
12:33:33 PM 383410916 390360484   1597620      0.40   1217108   7299224   4219048      1.05   3890728   5208404      1304    611156   1333680      9856      6112    267568
12:33:38 PM 383409716 390360788   1597388      0.40   1217112   7300660   4221992      1.05   3890796   5213548       200    614852   1333672      9840      6120    267568
