[2023-12-16 09:09:01,445 cli INFO] 
##############################################
#                                            #
#                 HADDOCK 3                  #
#                                            #
##############################################

Starting HADDOCK 3.0.0 on 2023-12-16 09:09:00

Python 3.9.18 (main, Sep 11 2023, 13:41:44) 
[GCC 11.2.0]

[2023-12-16 09:09:07,777 libworkflow INFO] Reading instructions step 0_topoaa
[2023-12-16 09:09:07,777 libworkflow INFO] Reading instructions step 1_rigidbody
[2023-12-16 09:09:07,778 libworkflow INFO] Reading instructions step 2_seletop
[2023-12-16 09:09:07,778 libworkflow INFO] Reading instructions step 3_caprieval
[2023-12-16 09:09:07,778 libworkflow INFO] Reading instructions step 4_flexref
[2023-12-16 09:09:07,779 libworkflow INFO] Reading instructions step 5_caprieval
[2023-12-16 09:09:07,779 libworkflow INFO] Reading instructions step 6_emref
[2023-12-16 09:09:07,780 libworkflow INFO] Reading instructions step 7_caprieval
[2023-12-16 09:09:07,874 base_cns_module INFO] Running [topoaa] module
[2023-12-16 09:09:07,875 __init__ INFO] [topoaa] Molecule 1: e2aP_1F3G.pdb
[2023-12-16 09:09:07,883 __init__ INFO] [topoaa] Sanitizing molecule e2aP_1F3G.pdb
[2023-12-16 09:09:08,023 __init__ INFO] [topoaa] Topology CNS input created in e2aP_1F3G.inp
[2023-12-16 09:09:08,023 __init__ INFO] [topoaa] Molecule 2: hpr_ensemble.pdb
[2023-12-16 09:09:08,682 __init__ INFO] [topoaa] Sanitizing molecule hpr_ensemble_1.pdb
[2023-12-16 09:09:08,815 __init__ INFO] [topoaa] Topology CNS input created in hpr_ensemble_1.inp
[2023-12-16 09:09:08,815 __init__ INFO] [topoaa] Sanitizing molecule hpr_ensemble_2.pdb
[2023-12-16 09:09:08,925 __init__ INFO] [topoaa] Topology CNS input created in hpr_ensemble_2.inp
[2023-12-16 09:09:08,925 __init__ INFO] [topoaa] Sanitizing molecule hpr_ensemble_3.pdb
[2023-12-16 09:09:09,055 __init__ INFO] [topoaa] Topology CNS input created in hpr_ensemble_3.inp
[2023-12-16 09:09:09,055 __init__ INFO] [topoaa] Sanitizing molecule hpr_ensemble_4.pdb
[2023-12-16 09:09:09,183 __init__ INFO] [topoaa] Topology CNS input created in hpr_ensemble_4.inp
[2023-12-16 09:09:09,184 __init__ INFO] [topoaa] Sanitizing molecule hpr_ensemble_5.pdb
[2023-12-16 09:09:09,295 __init__ INFO] [topoaa] Topology CNS input created in hpr_ensemble_5.inp
[2023-12-16 09:09:09,295 __init__ INFO] [topoaa] Sanitizing molecule hpr_ensemble_6.pdb
[2023-12-16 09:09:09,425 __init__ INFO] [topoaa] Topology CNS input created in hpr_ensemble_6.inp
[2023-12-16 09:09:09,425 __init__ INFO] [topoaa] Sanitizing molecule hpr_ensemble_7.pdb
[2023-12-16 09:09:09,532 __init__ INFO] [topoaa] Topology CNS input created in hpr_ensemble_7.inp
[2023-12-16 09:09:09,533 __init__ INFO] [topoaa] Sanitizing molecule hpr_ensemble_8.pdb
[2023-12-16 09:09:09,648 __init__ INFO] [topoaa] Topology CNS input created in hpr_ensemble_8.inp
[2023-12-16 09:09:09,648 __init__ INFO] [topoaa] Sanitizing molecule hpr_ensemble_9.pdb
[2023-12-16 09:09:09,737 __init__ INFO] [topoaa] Topology CNS input created in hpr_ensemble_9.inp
[2023-12-16 09:09:09,737 __init__ INFO] [topoaa] Sanitizing molecule hpr_ensemble_10.pdb
[2023-12-16 09:09:09,847 __init__ INFO] [topoaa] Topology CNS input created in hpr_ensemble_10.inp
[2023-12-16 09:09:09,847 __init__ INFO] [topoaa] Running CNS Jobs n=11
[2023-12-16 09:09:09,847 libutil INFO] Selected 4 cores to process 11 jobs, with 32 maximum available cores.
[2023-12-16 09:09:09,848 libparallel INFO] Using 4 cores
[2023-12-16 09:09:15,880 libparallel INFO] >> /e2aP_1F3G.inp completed 9% 
[2023-12-16 09:09:15,882 libparallel INFO] >> /hpr_ensemble_1.inp completed 18% 
[2023-12-16 09:09:15,882 libparallel INFO] >> /hpr_ensemble_2.inp completed 27% 
[2023-12-16 09:09:15,882 libparallel INFO] >> /hpr_ensemble_3.inp completed 36% 
[2023-12-16 09:09:15,882 libparallel INFO] >> /hpr_ensemble_4.inp completed 45% 
[2023-12-16 09:09:15,882 libparallel INFO] >> /hpr_ensemble_5.inp completed 55% 
[2023-12-16 09:09:15,882 libparallel INFO] >> /hpr_ensemble_6.inp completed 64% 
[2023-12-16 09:09:15,883 libparallel INFO] >> /hpr_ensemble_7.inp completed 73% 
[2023-12-16 09:09:15,883 libparallel INFO] >> /hpr_ensemble_8.inp completed 82% 
[2023-12-16 09:09:15,883 libparallel INFO] >> /hpr_ensemble_9.inp completed 91% 
[2023-12-16 09:09:15,883 libparallel INFO] >> /hpr_ensemble_10.inp completed 100% 
[2023-12-16 09:09:15,883 libparallel INFO] 11 tasks finished
[2023-12-16 09:09:15,883 __init__ INFO] [topoaa] CNS jobs have finished
[2023-12-16 09:09:15,971 base_cns_module INFO] Module [topoaa] finished.
[2023-12-16 09:09:15,971 __init__ INFO] [topoaa] took 8 seconds
[2023-12-16 09:09:17,086 base_cns_module INFO] Running [rigidbody] module
[2023-12-16 09:09:17,088 __init__ INFO] [rigidbody] crossdock=true
[2023-12-16 09:09:17,088 __init__ INFO] [rigidbody] Preparing jobs...
[2023-12-16 09:10:11,964 __init__ INFO] [rigidbody] Running CNS Jobs n=1000
[2023-12-16 09:10:11,965 libutil INFO] Selected 4 cores to process 1000 jobs, with 32 maximum available cores.
[2023-12-16 09:10:11,967 libparallel INFO] Using 4 cores
Process Worker-6:
Traceback (most recent call last):
  File "/home/greenBeans/anaconda3/envs/haddock3/lib/python3.9/multiprocessing/process.py", line 315, in _bootstrap
    self.run()
  File "/home/greenBeans/haddock3/src/haddock/libs/libparallel.py", line 28, in run
    task.run()
  File "/home/greenBeans/haddock3/src/haddock/libs/libsubprocess.py", line 192, in run
    p.kill()
OSError: [Errno 28] No space left on device
Process Worker-8:
Traceback (most recent call last):
  File "/home/greenBeans/anaconda3/envs/haddock3/lib/python3.9/multiprocessing/process.py", line 315, in _bootstrap
    self.run()
  File "/home/greenBeans/haddock3/src/haddock/libs/libparallel.py", line 28, in run
    task.run()
  File "/home/greenBeans/haddock3/src/haddock/libs/libsubprocess.py", line 192, in run
    p.kill()
OSError: [Errno 28] No space left on device
Process Worker-5:
Traceback (most recent call last):
  File "/home/greenBeans/anaconda3/envs/haddock3/lib/python3.9/multiprocessing/process.py", line 315, in _bootstrap
    self.run()
  File "/home/greenBeans/haddock3/src/haddock/libs/libparallel.py", line 28, in run
    task.run()
  File "/home/greenBeans/haddock3/src/haddock/libs/libsubprocess.py", line 192, in run
    p.kill()
OSError: [Errno 28] No space left on device
[2023-12-16 09:14:57,066 libparallel INFO] >> /rigidbody_1.inp completed 0% 
[2023-12-16 09:14:57,067 libparallel INFO] >> /rigidbody_2.inp completed 0% 
[2023-12-16 09:14:57,067 libparallel INFO] >> /rigidbody_3.inp completed 0% 
[2023-12-16 09:14:57,068 libparallel INFO] >> /rigidbody_4.inp completed 0% 
[2023-12-16 09:14:57,068 libparallel INFO] >> /rigidbody_5.inp completed 0% 
[2023-12-16 09:14:57,068 libparallel INFO] >> /rigidbody_6.inp completed 1% 
[2023-12-16 09:14:57,068 libparallel INFO] >> /rigidbody_7.inp completed 1% 
[2023-12-16 09:14:57,068 libparallel INFO] >> /rigidbody_8.inp completed 1% 
[2023-12-16 09:14:57,068 libparallel INFO] >> /rigidbody_9.inp completed 1% 
[2023-12-16 09:14:57,068 libparallel INFO] >> /rigidbody_10.inp completed 1% 
[2023-12-16 09:14:57,069 libparallel INFO] >> /rigidbody_11.inp completed 1% 
[2023-12-16 09:14:57,069 libparallel INFO] >> /rigidbody_12.inp completed 1% 
[2023-12-16 09:14:57,069 libparallel INFO] >> /rigidbody_13.inp completed 1% 
[2023-12-16 09:14:57,069 libparallel INFO] >> /rigidbody_14.inp completed 1% 
[2023-12-16 09:14:57,069 libparallel INFO] >> /rigidbody_15.inp completed 2% 
[2023-12-16 09:14:57,069 libparallel INFO] >> /rigidbody_16.inp completed 2% 
[2023-12-16 09:14:57,069 libparallel INFO] >> /rigidbody_17.inp completed 2% 
[2023-12-16 09:14:57,069 libparallel INFO] >> /rigidbody_18.inp completed 2% 
[2023-12-16 09:14:57,070 libparallel INFO] >> /rigidbody_19.inp completed 2% 
[2023-12-16 09:14:57,070 libparallel INFO] >> /rigidbody_20.inp completed 2% 
[2023-12-16 09:14:57,070 libparallel INFO] >> /rigidbody_21.inp completed 2% 
[2023-12-16 09:14:57,070 libparallel INFO] >> /rigidbody_22.inp completed 2% 
[2023-12-16 09:14:57,070 libparallel INFO] >> /rigidbody_23.inp completed 2% 
