[2023-11-27 19:09:48,312 cli INFO] 
##############################################
#                                            #
#                 HADDOCK 3                  #
#                                            #
##############################################

Starting HADDOCK 3.0.0 on 2023-11-27 19:09:00

Python 3.9.18 (main, Sep 11 2023, 13:41:44) 
[GCC 11.2.0]

[2023-11-27 19:09:55,338 libworkflow INFO] Reading instructions step 0_topoaa
[2023-11-27 19:09:55,338 libworkflow INFO] Reading instructions step 1_rigidbody
[2023-11-27 19:09:55,339 libworkflow INFO] Reading instructions step 2_caprieval
[2023-11-27 19:09:55,339 libworkflow INFO] Reading instructions step 3_seletop
[2023-11-27 19:09:55,339 libworkflow INFO] Reading instructions step 4_caprieval
[2023-11-27 19:09:55,340 libworkflow INFO] Reading instructions step 5_flexref
[2023-11-27 19:09:55,340 libworkflow INFO] Reading instructions step 6_caprieval
[2023-11-27 19:09:55,341 libworkflow INFO] Reading instructions step 7_emref
[2023-11-27 19:09:55,341 libworkflow INFO] Reading instructions step 8_caprieval
[2023-11-27 19:09:55,342 libworkflow INFO] Reading instructions step 9_clustfcc
[2023-11-27 19:09:55,342 libworkflow INFO] Reading instructions step 10_seletopclusts
[2023-11-27 19:09:55,342 libworkflow INFO] Reading instructions step 11_caprieval
[2023-11-27 19:09:55,447 base_cns_module INFO] Running [topoaa] module
[2023-11-27 19:09:55,447 __init__ INFO] [topoaa] Molecule 1: 4G6K_fv.pdb
[2023-11-27 19:09:55,455 __init__ INFO] [topoaa] Sanitizing molecule 4G6K_fv.pdb
[2023-11-27 19:09:55,578 __init__ INFO] [topoaa] Topology CNS input created in 4G6K_fv.inp
[2023-11-27 19:09:55,579 __init__ INFO] [topoaa] Molecule 2: 4I1B-matched.pdb
[2023-11-27 19:09:55,584 __init__ INFO] [topoaa] Sanitizing molecule 4I1B-matched.pdb
[2023-11-27 19:09:55,711 __init__ INFO] [topoaa] Topology CNS input created in 4I1B-matched.inp
[2023-11-27 19:09:55,711 __init__ INFO] [topoaa] Running CNS Jobs n=2
[2023-11-27 19:09:55,711 libutil INFO] Selected 2 cores to process 2 jobs, with 32 maximum available cores.
[2023-11-27 19:09:55,712 libparallel INFO] Using 2 cores
[2023-11-27 19:10:00,892 libparallel INFO] >> /4G6K_fv.inp completed 50% 
[2023-11-27 19:10:00,893 libparallel INFO] >> /4I1B-matched.inp completed 100% 
[2023-11-27 19:10:00,893 libparallel INFO] 2 tasks finished
[2023-11-27 19:10:00,893 __init__ INFO] [topoaa] CNS jobs have finished
[2023-11-27 19:10:00,940 base_cns_module INFO] Module [topoaa] finished.
[2023-11-27 19:10:00,940 __init__ INFO] [topoaa] took 6 seconds
[2023-11-27 19:10:02,011 base_cns_module INFO] Running [rigidbody] module
[2023-11-27 19:10:02,013 __init__ INFO] [rigidbody] crossdock=true
[2023-11-27 19:10:02,014 __init__ INFO] [rigidbody] Preparing jobs...
[2023-11-27 19:20:24,338 __init__ INFO] [rigidbody] Running CNS Jobs n=10000
[2023-11-27 19:20:24,339 libutil INFO] Selected 8 cores to process 10000 jobs, with 32 maximum available cores.
[2023-11-27 19:20:24,403 libparallel INFO] Using 8 cores
Process Worker-9:
Traceback (most recent call last):
  File "/home/greenBeans/anaconda3/envs/haddock3/lib/python3.9/multiprocessing/process.py", line 315, in _bootstrap
    self.run()
  File "/home/greenBeans/haddock3/src/haddock/libs/libparallel.py", line 28, in run
    task.run()
  File "/home/greenBeans/haddock3/src/haddock/libs/libsubprocess.py", line 198, in run
    gzip_files(self.output_file, remove_original=True)
  File "/home/greenBeans/haddock3/src/haddock/libs/libio.py", line 330, in gzip_files
    content = fin.read(block_size)
  File "/home/greenBeans/anaconda3/envs/haddock3/lib/python3.9/gzip.py", line 343, in close
    myfileobj.close()
OSError: [Errno 28] No space left on device
Process Worker-4:
Process Worker-5:
Traceback (most recent call last):
Process Worker-8:
  File "/home/greenBeans/anaconda3/envs/haddock3/lib/python3.9/multiprocessing/process.py", line 315, in _bootstrap
    self.run()
  File "/home/greenBeans/haddock3/src/haddock/libs/libparallel.py", line 28, in run
    task.run()
  File "/home/greenBeans/haddock3/src/