[2023-12-07 16:12:19,398 cli INFO] 
##############################################
#                                            #
#                 HADDOCK 3                  #
#                                            #
##############################################

Starting HADDOCK 3.0.0 on 2023-12-07 16:12:00

Python 3.9.18 (main, Sep 11 2023, 13:41:44) 
[GCC 11.2.0]

[2023-12-07 16:12:25,610 libworkflow INFO] Reading instructions step 0_topoaa
[2023-12-07 16:12:25,611 libworkflow INFO] Reading instructions step 1_rigidbody
[2023-12-07 16:12:25,611 libworkflow INFO] Reading instructions step 2_seletop
[2023-12-07 16:12:25,611 libworkflow INFO] Reading instructions step 3_caprieval
[2023-12-07 16:12:25,612 libworkflow INFO] Reading instructions step 4_flexref
[2023-12-07 16:12:25,613 libworkflow INFO] Reading instructions step 5_caprieval
[2023-12-07 16:12:25,613 libworkflow INFO] Reading instructions step 6_emref
[2023-12-07 16:12:25,613 libworkflow INFO] Reading instructions step 7_caprieval
[2023-12-07 16:12:25,740 base_cns_module INFO] Running [topoaa] module
[2023-12-07 16:12:25,740 __init__ INFO] [topoaa] Molecule 1: e2aP_1F3G.pdb
[2023-12-07 16:12:25,748 __init__ INFO] [topoaa] Sanitizing molecule e2aP_1F3G.pdb
[2023-12-07 16:12:25,893 __init__ INFO] [topoaa] Topology CNS input created in e2aP_1F3G.inp
[2023-12-07 16:12:25,893 __init__ INFO] [topoaa] Molecule 2: hpr_ensemble.pdb
[2023-12-07 16:12:26,516 __init__ INFO] [topoaa] Sanitizing molecule hpr_ensemble_1.pdb
[2023-12-07 16:12:26,687 __init__ INFO] [topoaa] Topology CNS input created in hpr_ensemble_1.inp
[2023-12-07 16:12:26,687 __init__ INFO] [topoaa] Sanitizing molecule hpr_ensemble_2.pdb
[2023-12-07 16:12:26,801 __init__ INFO] [topoaa] Topology CNS input created in hpr_ensemble_2.inp
[2023-12-07 16:12:26,801 __init__ INFO] [topoaa] Sanitizing molecule hpr_ensemble_3.pdb
[2023-12-07 16:12:26,940 __init__ INFO] [topoaa] Topology CNS input created in hpr_ensemble_3.inp
[2023-12-07 16:12:26,940 __init__ INFO] [topoaa] Sanitizing molecule hpr_ensemble_4.pdb
[2023-12-07 16:12:27,059 __init__ INFO] [topoaa] Topology CNS input created in hpr_ensemble_4.inp
[2023-12-07 16:12:27,059 __init__ INFO] [topoaa] Sanitizing molecule hpr_ensemble_5.pdb
[2023-12-07 16:12:27,209 __init__ INFO] [topoaa] Topology CNS input created in hpr_ensemble_5.inp
[2023-12-07 16:12:27,209 __init__ INFO] [topoaa] Sanitizing molecule hpr_ensemble_6.pdb
[2023-12-07 16:12:27,347 __init__ INFO] [topoaa] Topology CNS input created in hpr_ensemble_6.inp
[2023-12-07 16:12:27,347 __init__ INFO] [topoaa] Sanitizing molecule hpr_ensemble_7.pdb
[2023-12-07 16:12:27,475 __init__ INFO] [topoaa] Topology CNS input created in hpr_ensemble_7.inp
[2023-12-07 16:12:27,475 __init__ INFO] [topoaa] Sanitizing molecule hpr_ensemble_8.pdb
[2023-12-07 16:12:27,625 __init__ INFO] [topoaa] Topology CNS input created in hpr_ensemble_8.inp
[2023-12-07 16:12:27,625 __init__ INFO] [topoaa] Sanitizing molecule hpr_ensemble_9.pdb
[2023-12-07 16:12:27,745 __init__ INFO] [topoaa] Topology CNS input created in hpr_ensemble_9.inp
[2023-12-07 16:12:27,745 __init__ INFO] [topoaa] Sanitizing molecule hpr_ensemble_10.pdb
[2023-12-07 16:12:27,871 __init__ INFO] [topoaa] Topology CNS input created in hpr_ensemble_10.inp
[2023-12-07 16:12:27,871 __init__ INFO] [topoaa] Running CNS Jobs n=11
[2023-12-07 16:12:27,871 libutil INFO] Selected 4 cores to process 11 jobs, with 32 maximum available cores.
[2023-12-07 16:12:27,872 libparallel INFO] Using 4 cores
[2023-12-07 16:12:33,715 libparallel INFO] >> /e2aP_1F3G.inp completed 9% 
[2023-12-07 16:12:33,716 libparallel INFO] >> /hpr_ensemble_1.inp completed 18% 
[2023-12-07 16:12:33,716 libparallel INFO] >> /hpr_ensemble_2.inp completed 27% 
[2023-12-07 16:12:33,717 libparallel INFO] >> /hpr_ensemble_3.inp completed 36% 
[2023-12-07 16:12:33,717 libparallel INFO] >> /hpr_ensemble_4.inp completed 45% 
[2023-12-07 16:12:33,717 libparallel INFO] >> /hpr_ensemble_5.inp completed 55% 
[2023-12-07 16:12:33,717 libparallel INFO] >> /hpr_ensemble_6.inp completed 64% 
[2023-12-07 16:12:33,717 libparallel INFO] >> /hpr_ensemble_7.inp completed 73% 
[2023-12-07 16:12:33,717 libparallel INFO] >> /hpr_ensemble_8.inp completed 82% 
[2023-12-07 16:12:33,717 libparallel INFO] >> /hpr_ensemble_9.inp completed 91% 
[2023-12-07 16:12:33,717 libparallel INFO] >> /hpr_ensemble_10.inp completed 100% 
[2023-12-07 16:12:33,718 libparallel INFO] 11 tasks finished
[2023-12-07 16:12:33,718 __init__ INFO] [topoaa] CNS jobs have finished
[2023-12-07 16:12:33,788 base_cns_module INFO] Module [topoaa] finished.
[2023-12-07 16:12:33,788 __init__ INFO] [topoaa] took 8 seconds
[2023-12-07 16:12:34,900 base_cns_module INFO] Running [rigidbody] module
[2023-12-07 16:12:34,901 __init__ INFO] [rigidbody] crossdock=true
[2023-12-07 16:12:34,902 __init__ INFO] [rigidbody] Preparing jobs...
[2023-12-07 16:13:30,380 __init__ INFO] [rigidbody] Running CNS Jobs n=1000
[2023-12-07 16:13:30,380 libutil INFO] Selected 4 cores to process 1000 jobs, with 32 maximum available cores.
[2023-12-07 16:13:30,382 libparallel INFO] Using 4 cores
Process Worker-6:
Traceback (most recent call last):
  File "/home/greenBeans/anaconda3/envs/haddock3/lib/python3.9/multiprocessing/process.py", line 315, in _bootstrap
    self.run()
  File "/home/greenBeans/haddock3/src/haddock/libs/libparallel.py", line 28, in run
    task.run()
  File "/home/greenBeans/haddock3/src/haddock/libs/libsubprocess.py", line 192, in run
    p.kill()
OSError: [Errno 28] No space left on device
Process Worker-8:
Traceback (most recent call last):
  File "/home/greenBeans/anaconda3/envs/haddock3/lib/python3.9/multiprocessing/process.py", line 315, in _bootstrap
    self.run()
  File "/home/greenBeans/haddock3/src/haddock/libs/libparallel.py", line 28, in run
    task.run()
  File "/home/greenBeans/haddock3/src/haddock/libs/libsubprocess.py", line 192, in run
    p.kill()
OSError: [Errno 28] No space left on device
Process Worker-5:
Traceback (most recent call last):
  File "/home/greenBeans/anaconda3/envs/haddock3/lib/python3.9/multiprocessing/process.py", line 315, in _bootstrap
    self.run()
  File "/home/greenBeans/haddock3/src/haddock/libs/libparallel.py", line 28, in run
    task.run()
  File "/home/greenBeans/haddock3/src/haddock/libs/libsubprocess.py", line 192, in run
    p.kill()
OSError: [Errno 28] No space left on device
[2023-12-07 16:22:15,136 libparallel INFO] >> /rigidbody_1.inp completed 0% 
[2023-12-07 16:22:15,137 libparallel INFO] >> /rigidbody_2.inp completed 0% 
[2023-12-07 16:22:15,137 libparallel INFO] >> /rigidbody_3.inp completed 0% 
[2023-12-07 16:22:15,138 libparallel INFO] >> /rigidbody_4.inp completed 0% 
[2023-12-07 16:22:15,138 libparallel INFO] >> /rigidbody_5.inp completed 0% 
[2023-12-07 16:22:15,138 libparallel INFO] >> /rigidbody_6.inp completed 1% 
[2023-12-07 16:22:15,138 libparallel INFO] >> /rigidbody_7.inp completed 1% 
[2023-12-07 16:22:15,138 libparallel INFO] >> /rigidbody_8.inp completed 1% 
[2023-12-07 16:22:15,138 libparallel INFO] >> /rigidbody_9.inp completed 1% 
[2023-12-07 16:22:15,138 libparallel INFO] >> /rigidbody_10.inp completed 1% 
[2023-12-07 16:22:15,138 libparallel INFO] >> /rigidbody_11.inp completed 1% 
[2023-12-07 16:22:15,139 libparallel INFO] >> /rigidbody_12.inp completed 1% 
[2023-12-07 16:22:15,139 libparallel INFO] >> /rigidbody_13.inp completed 1% 
[2023-12-07 16:22:15,139 libparallel INFO] >> /rigidbody_14.inp completed 1% 
[2023-12-07 16:22:15,139 libparallel INFO] >> /rigidbody_15.inp completed 2% 
[2023-12-07 16:22:15,139 libparallel INFO] >> /rigidbody_16.inp completed 2% 
[2023-12-07 16:22:15,139 libparallel INFO] >> /rigidbody_17.inp completed 2% 
[2023-12-07 16:22:15,139 libparallel INFO] >> /rigidbody_18.inp completed 2% 
[2023-12-07 16:22:15,139 libparallel INFO] >> /rigidbody_19.inp completed 2% 
[2023-12-07 16:22:15,140 libparallel INFO] >> /rigidbody_20.inp completed 2% 
[2023-12-07 16:22:15,140 libparallel INFO] >> /rigidbody_21.inp completed 2% 
[2023-12-07 16:22:15,140 libparallel INFO] >> /rigidbody_22.inp completed 2% 
[2023-12-07 16:22:15,140 libparallel INFO] >> /rigidbody_23.inp completed 2% 
