[2023-12-16 07:42:16,068 cli INFO] 
##############################################
#                                            #
#                 HADDOCK 3                  #
#                                            #
##############################################

Starting HADDOCK 3.0.0 on 2023-12-16 07:42:00

Python 3.9.18 (main, Sep 11 2023, 13:41:44) 
[GCC 11.2.0]

[2023-12-16 07:42:21,511 libworkflow INFO] Reading instructions step 0_topoaa
[2023-12-16 07:42:21,512 libworkflow INFO] Reading instructions step 1_rigidbody
[2023-12-16 07:42:21,512 libworkflow INFO] Reading instructions step 2_caprieval
[2023-12-16 07:42:21,512 libworkflow INFO] Reading instructions step 3_seletop
[2023-12-16 07:42:21,512 libworkflow INFO] Reading instructions step 4_caprieval
[2023-12-16 07:42:21,512 libworkflow INFO] Reading instructions step 5_flexref
[2023-12-16 07:42:21,512 libworkflow INFO] Reading instructions step 6_caprieval
[2023-12-16 07:42:21,513 libworkflow INFO] Reading instructions step 7_emref
[2023-12-16 07:42:21,513 libworkflow INFO] Reading instructions step 8_caprieval
[2023-12-16 07:42:21,513 libworkflow INFO] Reading instructions step 9_clustfcc
[2023-12-16 07:42:21,513 libworkflow INFO] Reading instructions step 10_seletopclusts
[2023-12-16 07:42:21,513 libworkflow INFO] Reading instructions step 11_caprieval
[2023-12-16 07:42:21,759 base_cns_module INFO] Running [topoaa] module
[2023-12-16 07:42:21,759 __init__ INFO] [topoaa] Molecule 1: 4G6K_fv.pdb
[2023-12-16 07:42:21,765 __init__ INFO] [topoaa] Sanitizing molecule 4G6K_fv.pdb
/mnt/nfs_share/greenBeansHaddock/exp-local/run.daa-local-nc8_gl2-12/00_topoaa/4G6K_fv.inp
4G6K_fv.inp
[2023-12-16 07:42:21,867 __init__ INFO] [topoaa] Topology CNS input created in 4G6K_fv.inp
4G6K_fv.out
[2023-12-16 07:42:21,867 __init__ INFO] [topoaa] Molecule 2: 4I1B-matched.pdb
[2023-12-16 07:42:21,872 __init__ INFO] [topoaa] Sanitizing molecule 4I1B-matched.pdb
/mnt/nfs_share/greenBeansHaddock/exp-local/run.daa-local-nc8_gl2-12/00_topoaa/4I1B-matched.inp
4I1B-matched.inp
[2023-12-16 07:42:22,017 __init__ INFO] [topoaa] Topology CNS input created in 4I1B-matched.inp
4I1B-matched.out
[2023-12-16 07:42:22,017 __init__ INFO] [topoaa] Running CNS Jobs n=2
[2023-12-16 07:42:22,017 libutil INFO] Selected 2 cores to process 2 jobs, with 8 maximum available cores.
[2023-12-16 07:42:22,017 libparallel INFO] Using 2 cores
4I1B-matched.inp
4G6K_fv.inp
[2023-12-16 07:42:26,500 libparallel INFO] >> /4G6K_fv.inp completed 50% 
[2023-12-16 07:42:26,500 libparallel INFO] >> /4I1B-matched.inp completed 100% 
[2023-12-16 07:42:26,500 libparallel INFO] 2 tasks finished
[2023-12-16 07:42:26,500 __init__ INFO] [topoaa] CNS jobs have finished
[2023-12-16 07:42:26,541 base_cns_module INFO] Module [topoaa] finished.
[2023-12-16 07:42:26,541 __init__ INFO] [topoaa] took 5 seconds
[2023-12-16 07:42:27,489 base_cns_module INFO] Running [rigidbody] module
[2023-12-16 07:42:27,491 __init__ INFO] [rigidbody] crossdock=true
[2023-12-16 07:42:27,491 __init__ INFO] [rigidbody] Preparing jobs...
[2023-12-16 07:54:23,579 __init__ INFO] [rigidbody] Running CNS Jobs n=10000
[2023-12-16 07:54:23,580 libutil INFO] Selected 8 cores to process 10000 jobs, with 8 maximum available cores.
[2023-12-16 07:54:23,591 libparallel INFO] Using 8 cores
Process Worker-5:
Process Worker-3:
Traceback (most recent call last):
  File "/home/greenBeans/anaconda3/envs/haddock3/lib/python3.9/multiprocessing/process.py", line 315, in _bootstrap
    self.run()
  File "/home/greenBeans/haddock3/src/haddock/libs/libparallel.py", line 28, in run
    task.run()
  File "/home/greenBeans/haddock3/src/haddock/libs/libsubprocess.py", line 193, in run
    p.kill()
OSError: [Errno 28] No space left on device
rigidbody_1.inp
rigidbody_2.inp
rigidbody_3.inp
rigidbody_4.inp
rigidbody_5.inp
rigidbody_6.inp
rigidbody_7.inp
rigidbody_8.inp
rigidbody_9.inp
rigidbody_10.inp
rigidbody_11.inp
rigidbody_12.inp
rigidbody_13.inp
rigidbody_14.inp
rigidbody_15.inp
rigidbody_16.inp
rigidbody_17.inp
rigidbody_18.inp
rigidbody_19.inp
rigidbody_20.inp
rigidbody_21.in