[2023-11-28 02:36:10,370 cli INFO] 
##############################################
#                                            #
#                 HADDOCK 3                  #
#                                            #
##############################################

Starting HADDOCK 3.0.0 on 2023-11-28 02:36:00

Python 3.9.18 (main, Sep 11 2023, 13:41:44) 
[GCC 11.2.0]

[2023-11-28 02:36:15,369 libworkflow INFO] Reading instructions step 0_topoaa
[2023-11-28 02:36:15,370 libworkflow INFO] Reading instructions step 1_rigidbody
[2023-11-28 02:36:15,370 libworkflow INFO] Reading instructions step 2_seletop
[2023-11-28 02:36:15,370 libworkflow INFO] Reading instructions step 3_caprieval
[2023-11-28 02:36:15,370 libworkflow INFO] Reading instructions step 4_flexref
[2023-11-28 02:36:15,370 libworkflow INFO] Reading instructions step 5_caprieval
[2023-11-28 02:36:15,370 libworkflow INFO] Reading instructions step 6_emref
[2023-11-28 02:36:15,370 libworkflow INFO] Reading instructions step 7_caprieval
[2023-11-28 02:36:15,526 base_cns_module INFO] Running [topoaa] module
[2023-11-28 02:36:15,526 __init__ INFO] [topoaa] Molecule 1: e2aP_1F3G.pdb
[2023-11-28 02:36:15,533 __init__ INFO] [topoaa] Sanitizing molecule e2aP_1F3G.pdb
/mnt/nfs_share/greenBeansHaddock/exp-local/run.dpp-local-nc8_gl2-3/0_topoaa/e2aP_1F3G.inp
e2aP_1F3G.inp
[2023-11-28 02:36:15,731 __init__ INFO] [topoaa] Topology CNS input created in e2aP_1F3G.inp
e2aP_1F3G.out
[2023-11-28 02:36:15,732 __init__ INFO] [topoaa] Molecule 2: hpr_ensemble.pdb
[2023-11-28 02:36:16,603 __init__ INFO] [topoaa] Sanitizing molecule hpr_ensemble_1.pdb
/mnt/nfs_share/greenBeansHaddock/exp-local/run.dpp-local-nc8_gl2-3/0_topoaa/hpr_ensemble_1.inp
hpr_ensemble_1.inp
[2023-11-28 02:36:16,731 __init__ INFO] [topoaa] Topology CNS input created in hpr_ensemble_1.inp
hpr_ensemble_1.out
[2023-11-28 02:36:16,731 __init__ INFO] [topoaa] Sanitizing molecule hpr_ensemble_2.pdb
/mnt/nfs_share/greenBeansHaddock/exp-local/run.dpp-local-nc8_gl2-3/0_topoaa/hpr_ensemble_2.inp
hpr_ensemble_2.inp
[2023-11-28 02:36:16,881 __init__ INFO] [topoaa] Topology CNS input created in hpr_ensemble_2.inp
hpr_ensemble_2.out
[2023-11-28 02:36:16,881 __init__ INFO] [topoaa] Sanitizing molecule hpr_ensemble_3.pdb
/mnt/nfs_share/greenBeansHaddock/exp-local/run.dpp-local-nc8_gl2-3/0_topoaa/hpr_ensemble_3.inp
hpr_ensemble_3.inp
[2023-11-28 02:36:17,049 __init__ INFO] [topoaa] Topology CNS input created in hpr_ensemble_3.inp
hpr_ensemble_3.out
[2023-11-28 02:36:17,050 __init__ INFO] [topoaa] Sanitizing molecule hpr_ensemble_4.pdb
/mnt/nfs_share/greenBeansHaddock/exp-local/run.dpp-local-nc8_gl2-3/0_topoaa/hpr_ensemble_4.inp
hpr_ensemble_4.inp
[2023-11-28 02:36:17,213 __init__ INFO] [topoaa] Topology CNS input created in hpr_ensemble_4.inp
hpr_ensemble_4.out
[2023-11-28 02:36:17,213 __init__ INFO] [topoaa] Sanitizing molecule hpr_ensemble_5.pdb
/mnt/nfs_share/greenBeansHaddock/exp-local/run.dpp-local-nc8_gl2-3/0_topoaa/hpr_ensemble_5.inp
hpr_ensemble_5.inp
[2023-11-28 02:36:17,364 __init__ INFO] [topoaa] Topology CNS input created in hpr_ensemble_5.inp
hpr_ensemble_5.out
[2023-11-28 02:36:17,364 __init__ INFO] [topoaa] Sanitizing molecule hpr_ensemble_6.pdb
/mnt/nfs_share/greenBeansHaddock/exp-local/run.dpp-local-nc8_gl2-3/0_topoaa/hpr_ensemble_6.inp
hpr_ensemble_6.inp
[2023-11-28 02:36:17,484 __init__ INFO] [topoaa] Topology CNS input created in hpr_ensemble_6.inp
hpr_ensemble_6.out
[2023-11-28 02:36:17,484 __init__ INFO] [topoaa] Sanitizing molecule hpr_ensemble_7.pdb
/mnt/nfs_share/greenBeansHaddock/exp-local/run.dpp-local-nc8_gl2-3/0_topoaa/hpr_ensemble_7.inp
hpr_ensemble_7.inp
[2023-11-28 02:36:17,598 __init__ INFO] [topoaa] Topology CNS input created in hpr_ensemble_7.inp
hpr_ensemble_7.out
[2023-11-28 02:36:17,598 __init__ INFO] [topoaa] Sanitizing molecule hpr_ensemble_8.pdb
/mnt/nfs_share/greenBeansHaddock/exp-local/run.dpp-local-nc8_gl2-3/0_topoaa/hpr_ensemble_8.inp
hpr_ensemble_8.inp
[2023-11-28 02:36:17,701 __init__ INFO] [topoaa] Topology CNS input created in hpr_ensemble_8.inp
hpr_ensemble_8.out
[2023-11-28 02:36:17,701 __init__ INFO] [topoaa] Sanitizing molecule hpr_ensemble_9.pdb
/mnt/nfs_share/greenBeansHaddock/exp-local/run.dpp-local-nc8_gl2-3/0_topoaa/hpr_ensemble_9.inp
hpr_ensemble_9.inp
[2023-11-28 02:36:17,784 __init__ INFO] [topoaa] Topology CNS input created in hpr_ensemble_9.inp
hpr_ensemble_9.out
[2023-11-28 02:36:17,784 __init__ INFO] [topoaa] Sanitizing molecule hpr_ensemble_10.pdb
/mnt/nfs_share/greenBeansHaddock/exp-local/run.dpp-local-nc8_gl2-3/0_topoaa/hpr_ensemble_10.inp
hpr_ensemble_10.inp
[2023-11-28 02:36:17,875 __init__ INFO] [topoaa] Topology CNS input created in hpr_ensemble_10.inp
hpr_ensemble_10.out
[2023-11-28 02:36:17,875 __init__ INFO] [topoaa] Running CNS Jobs n=11
[2023-11-28 02:36:17,875 libutil INFO] Selected 8 cores to process 11 jobs, with 8 maximum available cores.
[2023-11-28 02:36:17,876 libparallel INFO] Using 8 cores
hpr_ensemble_10.inp
hpr_ensemble_4.inp
hpr_ensemble_5.inp
hpr_ensemble_6.inp
hpr_ensemble_7.inp
hpr_ensemble_8.inp
hpr_ensemble_9.inp
hpr_ensemble_2.inp
hpr_ensemble_3.inp
e2aP_1F3G.inp
hpr_ensemble_1.inp
[2023-11-28 02:36:22,881 libparallel INFO] >> /e2aP_1F3G.inp completed 9% 
[2023-11-28 02:36:22,882 libparallel INFO] >> /hpr_ensemble_1.inp completed 18% 
[2023-11-28 02:36:22,882 libparallel INFO] >> /hpr_ensemble_2.inp completed 27% 
[2023-11-28 02:36:22,882 libparallel INFO] >> /hpr_ensemble_3.inp completed 36% 
[2023-11-28 02:36:22,882 libparallel INFO] >> /hpr_ensemble_4.inp completed 45% 
[2023-11-28 02:36:22,882 libparallel INFO] >> /hpr_ensemble_5.inp completed 55% 
[2023-11-28 02:36:22,882 libparallel INFO] >> /hpr_ensemble_6.inp completed 64% 
[2023-11-28 02:36:22,882 libparallel INFO] >> /hpr_ensemble_7.inp completed 73% 
[2023-11-28 02:36:22,882 libparallel INFO] >> /hpr_ensemble_8.inp completed 82% 
[2023-11-28 02:36:22,882 libparallel INFO] >> /hpr_ensemble_9.inp completed 91% 
[2023-11-28 02:36:22,882 libparallel INFO] >> /hpr_ensemble_10.inp completed 100% 
[2023-11-28 02:36:22,882 libparallel INFO] 11 tasks finished
[2023-11-28 02:36:22,882 __init__ INFO] [topoaa] CNS jobs have finished
[2023-11-28 02:36:22,984 base_cns_module INFO] Module [topoaa] finished.
[2023-11-28 02:36:22,984 __init__ INFO] [topoaa] took 8 seconds
[2023-11-28 02:36:23,959 base_cns_module INFO] Running [rigidbody] module
[2023-11-28 02:36:23,960 __init__ INFO] [rigidbody] crossdock=true
[2023-11-28 02:36:23,960 __init__ INFO] [rigidbody] Preparing jobs...
[2023-11-28 02:37:49,489 __init__ INFO] [rigidbody] Running CNS Jobs n=1000
[2023-11-28 02:37:49,489 libutil INFO] Selected 8 cores to process 1000 jobs, with 8 maximum available cores.
[2023-11-28 02:37:49,491 libparallel INFO] Using 8 cores
Process Worker-10:
Traceback (most recent call last):
  File "/home/greenBeans/anaconda3/envs/haddock3/lib/python3.9/multiprocessing/process.py", line 315, in _bootstrap
    self.run()
  File "/home/greenBeans/haddock3/src/haddock/libs/libparallel.py", line 28, in run
    task.run()
  File "/home/greenBeans/haddock3/src/haddock/libs/libsubprocess.py", line 193, in run
    p.kill()
OSError: [Errno 28] No space left on device
rigidbody_376.inp
rigidbody_377.inp
rigidbody_378.inp
rigidbody_379.inp
rigidbody_380.inp
rigidbody_381.inp
rigidbody_382.inp
rigidbody_383.inp
rigidbody_384.inp
rigidbody_385.inp
rigidbody_386.inp
rigidbody_387.inp
rigidbody_388.inp
rigidbody_389.inp
rigidbody_390.inp
rigidbody_391.inp
rigidbody_392.inp
rigidbody_393.inp
Process Worker-8:
Traceback (most recent call last):
  File "/home/greenBeans/anaconda3/envs/haddock3/lib/python3.9/multiprocessing/process.py", line 315, in _bootstrap
    self.run()
  File "/home/greenBeans/haddock3/src/haddock/libs/libparallel.py", line 28, in run
    task.run()
  File "/home/greenBeans/haddock3/src/haddock/libs/libsubprocess.py", line 193, in run
    p.kill()
OSError: [Errno 28] No space left on device
rigidbody_126.inp
rigidbody_127.inp
rigidbody_128.inp
rigidbody_129.inp
rigidbody_130.inp
rigidbody_131.inp
rigidbody_132.inp
rigidbody_133.inp
rigidbody_134.inp
rigidbody_135.inp
rigidbody_136.inp
rigidbody_137.inp
rigidbody_138.inp