[2023-11-29 17:08:54,457 cli INFO] 
##############################################
#                                            #
#                 HADDOCK 3                  #
#                                            #
##############################################

Starting HADDOCK 3.0.0 on 2023-11-29 17:08:00

Python 3.9.18 (main, Sep 11 2023, 13:41:44) 
[GCC 11.2.0]

[2023-11-29 17:09:01,322 libworkflow INFO] Reading instructions step 0_topoaa
[2023-11-29 17:09:01,322 libworkflow INFO] Reading instructions step 1_rigidbody
[2023-11-29 17:09:01,323 libworkflow INFO] Reading instructions step 2_caprieval
[2023-11-29 17:09:01,324 libworkflow INFO] Reading instructions step 3_seletop
[2023-11-29 17:09:01,324 libworkflow INFO] Reading instructions step 4_caprieval
[2023-11-29 17:09:01,324 libworkflow INFO] Reading instructions step 5_flexref
[2023-11-29 17:09:01,325 libworkflow INFO] Reading instructions step 6_caprieval
[2023-11-29 17:09:01,325 libworkflow INFO] Reading instructions step 7_emref
[2023-11-29 17:09:01,326 libworkflow INFO] Reading instructions step 8_caprieval
[2023-11-29 17:09:01,326 libworkflow INFO] Reading instructions step 9_clustfcc
[2023-11-29 17:09:01,326 libworkflow INFO] Reading instructions step 10_seletopclusts
[2023-11-29 17:09:01,326 libworkflow INFO] Reading instructions step 11_caprieval
[2023-11-29 17:09:01,434 base_cns_module INFO] Running [topoaa] module
[2023-11-29 17:09:01,434 __init__ INFO] [topoaa] Molecule 1: 4G6K_fv.pdb
[2023-11-29 17:09:01,441 __init__ INFO] [topoaa] Sanitizing molecule 4G6K_fv.pdb
[2023-11-29 17:09:01,551 __init__ INFO] [topoaa] Topology CNS input created in 4G6K_fv.inp
[2023-11-29 17:09:01,551 __init__ INFO] [topoaa] Molecule 2: 4I1B-matched.pdb
[2023-11-29 17:09:01,556 __init__ INFO] [topoaa] Sanitizing molecule 4I1B-matched.pdb
[2023-11-29 17:09:01,662 __init__ INFO] [topoaa] Topology CNS input created in 4I1B-matched.inp
[2023-11-29 17:09:01,663 __init__ INFO] [topoaa] Running CNS Jobs n=2
[2023-11-29 17:09:01,663 libutil INFO] Selected 2 cores to process 2 jobs, with 32 maximum available cores.
[2023-11-29 17:09:01,663 libparallel INFO] Using 2 cores
[2023-11-29 17:09:06,728 libparallel INFO] >> /4G6K_fv.inp completed 50% 
[2023-11-29 17:09:06,729 libparallel INFO] >> /4I1B-matched.inp completed 100% 
[2023-11-29 17:09:06,729 libparallel INFO] 2 tasks finished
[2023-11-29 17:09:06,730 __init__ INFO] [topoaa] CNS jobs have finished
[2023-11-29 17:09:06,786 base_cns_module INFO] Module [topoaa] finished.
[2023-11-29 17:09:06,786 __init__ INFO] [topoaa] took 5 seconds
[2023-11-29 17:09:07,879 base_cns_module INFO] Running [rigidbody] module
[2023-11-29 17:09:07,881 __init__ INFO] [rigidbody] crossdock=true
[2023-11-29 17:09:07,881 __init__ INFO] [rigidbody] Preparing jobs...
[2023-11-29 17:19:14,492 __init__ INFO] [rigidbody] Running CNS Jobs n=10000
[2023-11-29 17:19:14,493 libutil INFO] Selected 2 cores to process 10000 jobs, with 32 maximum available cores.
[2023-11-29 17:19:14,554 libparallel INFO] Using 2 cores
slurmstepd: error: *** JOB 43000 ON gl6 CANCELLED AT 2023-11-30T15:28:56 ***
