[2023-12-21 11:19:30,786 cli INFO] 
##############################################
#                                            #
#                 HADDOCK 3                  #
#                                            #
##############################################

Starting HADDOCK 3.0.0 on 2023-12-21 11:19:00

Python 3.9.18 (main, Sep 11 2023, 13:41:44) 
[GCC 11.2.0]

[2023-12-21 11:19:37,643 libworkflow INFO] Reading instructions step 0_topoaa
[2023-12-21 11:19:37,644 libworkflow INFO] Reading instructions step 1_rigidbody
[2023-12-21 11:19:37,646 libworkflow INFO] Reading instructions step 2_caprieval
[2023-12-21 11:19:37,647 libworkflow INFO] Reading instructions step 3_seletop
[2023-12-21 11:19:37,647 libworkflow INFO] Reading instructions step 4_caprieval
[2023-12-21 11:19:37,647 libworkflow INFO] Reading instructions step 5_flexref
[2023-12-21 11:19:37,650 libworkflow INFO] Reading instructions step 6_caprieval
[2023-12-21 11:19:37,650 libworkflow INFO] Reading instructions step 7_emref
[2023-12-21 11:19:37,652 libworkflow INFO] Reading instructions step 8_caprieval
[2023-12-21 11:19:37,653 libworkflow INFO] Reading instructions step 9_clustfcc
[2023-12-21 11:19:37,653 libworkflow INFO] Reading instructions step 10_seletopclusts
[2023-12-21 11:19:37,653 libworkflow INFO] Reading instructions step 11_caprieval
[2023-12-21 11:19:37,806 base_cns_module INFO] Running [topoaa] module
[2023-12-21 11:19:37,807 __init__ INFO] [topoaa] Molecule 1: 4G6K_fv.pdb
[2023-12-21 11:19:37,816 __init__ INFO] [topoaa] Sanitizing molecule 4G6K_fv.pdb
[2023-12-21 11:19:37,985 __init__ INFO] [topoaa] Topology CNS input created in 4G6K_fv.inp
[2023-12-21 11:19:37,985 __init__ INFO] [topoaa] Molecule 2: 4I1B-matched.pdb
[2023-12-21 11:19:37,993 __init__ INFO] [topoaa] Sanitizing molecule 4I1B-matched.pdb
[2023-12-21 11:19:38,093 __init__ INFO] [topoaa] Topology CNS input created in 4I1B-matched.inp
[2023-12-21 11:19:38,093 __init__ INFO] [topoaa] Running CNS Jobs n=2
[2023-12-21 11:19:38,094 libutil INFO] Selected 2 cores to process 2 jobs, with 32 maximum available cores.
[2023-12-21 11:19:38,094 libparallel INFO] Using 2 cores
[2023-12-21 11:19:43,318 libparallel INFO] >> /4G6K_fv.inp completed 50% 
[2023-12-21 11:19:43,319 libparallel INFO] >> /4I1B-matched.inp completed 100% 
[2023-12-21 11:19:43,319 libparallel INFO] 2 tasks finished
[2023-12-21 11:19:43,320 __init__ INFO] [topoaa] CNS jobs have finished
[2023-12-21 11:19:43,382 base_cns_module INFO] Module [topoaa] finished.
[2023-12-21 11:19:43,383 __init__ INFO] [topoaa] took 6 seconds
[2023-12-21 11:19:44,645 base_cns_module INFO] Running [rigidbody] module
[2023-12-21 11:19:44,647 __init__ INFO] [rigidbody] crossdock=true
[2023-12-21 11:19:44,647 __init__ INFO] [rigidbody] Preparing jobs...
[2023-12-21 11:31:28,307 __init__ INFO] [rigidbody] Running CNS Jobs n=10000
[2023-12-21 11:31:28,308 libutil INFO] Selected 32 cores to process 10000 jobs, with 32 maximum available cores.
[2023-12-21 11:31:28,404 libparallel INFO] Using 32 cores
