[2023-12-07 22:53:40,079 cli INFO] 
##############################################
#                                            #
#                 HADDOCK 3                  #
#                                            #
##############################################

Starting HADDOCK 3.0.0 on 2023-12-07 22:53:00

Python 3.9.18 (main, Sep 11 2023, 13:41:44) 
[GCC 11.2.0]

[2023-12-07 22:53:45,487 libworkflow INFO] Reading instructions step 0_topoaa
[2023-12-07 22:53:45,487 libworkflow INFO] Reading instructions step 1_rigidbody
[2023-12-07 22:53:45,487 libworkflow INFO] Reading instructions step 2_caprieval
[2023-12-07 22:53:45,487 libworkflow INFO] Reading instructions step 3_seletop
[2023-12-07 22:53:45,487 libworkflow INFO] Reading instructions step 4_caprieval
[2023-12-07 22:53:45,487 libworkflow INFO] Reading instructions step 5_flexref
[2023-12-07 22:53:45,487 libworkflow INFO] Reading instructions step 6_caprieval
[2023-12-07 22:53:45,488 libworkflow INFO] Reading instructions step 7_emref
[2023-12-07 22:53:45,488 libworkflow INFO] Reading instructions step 8_caprieval
[2023-12-07 22:53:45,488 libworkflow INFO] Reading instructions step 9_clustfcc
[2023-12-07 22:53:45,488 libworkflow INFO] Reading instructions step 10_seletopclusts
[2023-12-07 22:53:45,488 libworkflow INFO] Reading instructions step 11_caprieval
[2023-12-07 22:53:45,620 base_cns_module INFO] Running [topoaa] module
[2023-12-07 22:53:45,621 __init__ INFO] [topoaa] Molecule 1: 4G6K_fv.pdb
[2023-12-07 22:53:45,627 __init__ INFO] [topoaa] Sanitizing molecule 4G6K_fv.pdb
/mnt/nfs_share/greenBeansHaddock/exp-local/run.daa-local-nc4_gl2-10/00_topoaa/4G6K_fv.inp
4G6K_fv.inp
[2023-12-07 22:53:45,795 __init__ INFO] [topoaa] Topology CNS input created in 4G6K_fv.inp
4G6K_fv.out
[2023-12-07 22:53:45,795 __init__ INFO] [topoaa] Molecule 2: 4I1B-matched.pdb
[2023-12-07 22:53:45,801 __init__ INFO] [topoaa] Sanitizing molecule 4I1B-matched.pdb
/mnt/nfs_share/greenBeansHaddock/exp-local/run.daa-local-nc4_gl2-10/00_topoaa/4I1B-matched.inp
4I1B-matched.inp
[2023-12-07 22:53:46,066 __init__ INFO] [topoaa] Topology CNS input created in 4I1B-matched.inp
4I1B-matched.out
[2023-12-07 22:53:46,066 __init__ INFO] [topoaa] Running CNS Jobs n=2
[2023-12-07 22:53:46,066 libutil INFO] Selected 2 cores to process 2 jobs, with 8 maximum available cores.
[2023-12-07 22:53:46,066 libparallel INFO] Using 2 cores
Process Worker-2:
Traceback (most recent call last):
  File "/home/greenBeans/anaconda3/envs/haddock3/lib/python3.9/multiprocessing/process.py", line 315, in _bootstrap
    self.run()
  File "/home/greenBeans/haddock3/src/haddock/libs/libparallel.py", line 28, in run
    task.run()
  File "/home/greenBeans/haddock3/src/haddock/libs/libsubprocess.py", line 193, in run
    p.kill()
OSError: [Errno 28] No space left on device
4I1B-matched.inp
Process Worker-1:
Traceback (most recent call last):
  File "/home/greenBeans/anaconda3/envs/haddock3/lib/python3.9/multiprocessing/process.py", line 315, in _bootstrap
    self.run()
  File "/home/greenBeans/haddock3/src/haddock/libs/libparallel.py", line 28, in run
    task.run()
  File "/home/greenBeans/haddock3/src/haddock/libs/libsubprocess.py", line 193, in run
    p.kill()
OSError: [Errno 28] No space left on device
4G6K_fv.inp
[2023-12-07 22:53:50,507 libparallel INFO] >> /4G6K_fv.inp completed 50% 
[2023-12-07 22:53:50,508 libparallel INFO] >> /4I1B-matched.inp completed 100% 
[2023-12-07 22:53:50,508 libparallel INFO] 2 tasks finished
[2023-12-07 22:53:50,508 __init__ INFO] [topoaa] CNS jobs have finished
[2023-12-07 22:53:50,525 libutil ERROR] [Errno 28] No space left on device
Traceback (most recent call last):
  File "/home/greenBeans/haddock3/src/haddock/libs/libutil.py", line 310, in log_error_and_exit
    yield
  File "/home/greenBeans/haddock3/src/haddock/clis/cli.py", line 178, in main
    workflow.run()
  File "/home/greenBeans/haddock3/src/haddock/libs/libworkflow.py", line 38, in run
    step.execute()
  File "/home/greenBeans/haddock3/src/haddock/libs/libworkflow.py", line 140, in execute
    self.module.run()
  F