[2023-12-07 17:14:48,932 cli INFO] 
##############################################
#                                            #
#                 HADDOCK 3                  #
#                                            #
##############################################

Starting HADDOCK 3.0.0 on 2023-12-07 17:14:00

Python 3.9.18 (main, Sep 11 2023, 13:41:44) 
[GCC 11.2.0]

[2023-12-07 17:14:54,288 libworkflow INFO] Reading instructions step 0_topoaa
[2023-12-07 17:14:54,289 libworkflow INFO] Reading instructions step 1_rigidbody
[2023-12-07 17:14:54,289 libworkflow INFO] Reading instructions step 2_caprieval
[2023-12-07 17:14:54,289 libworkflow INFO] Reading instructions step 3_seletop
[2023-12-07 17:14:54,289 libworkflow INFO] Reading instructions step 4_caprieval
[2023-12-07 17:14:54,289 libworkflow INFO] Reading instructions step 5_flexref
[2023-12-07 17:14:54,289 libworkflow INFO] Reading instructions step 6_caprieval
[2023-12-07 17:14:54,289 libworkflow INFO] Reading instructions step 7_emref
[2023-12-07 17:14:54,289 libworkflow INFO] Reading instructions step 8_caprieval
[2023-12-07 17:14:54,289 libworkflow INFO] Reading instructions step 9_clustfcc
[2023-12-07 17:14:54,290 libworkflow INFO] Reading instructions step 10_seletopclusts
[2023-12-07 17:14:54,290 libworkflow INFO] Reading instructions step 11_caprieval
[2023-12-07 17:14:54,389 base_cns_module INFO] Running [topoaa] module
[2023-12-07 17:14:54,390 __init__ INFO] [topoaa] Molecule 1: 4G6K_fv.pdb
[2023-12-07 17:14:54,396 __init__ INFO] [topoaa] Sanitizing molecule 4G6K_fv.pdb
/mnt/nfs_share/greenBeansHaddock/exp-local/run.daa-local-nc4_gl2-9/00_topoaa/4G6K_fv.inp
4G6K_fv.inp
[2023-12-07 17:14:54,559 __init__ INFO] [topoaa] Topology CNS input created in 4G6K_fv.inp
4G6K_fv.out
[2023-12-07 17:14:54,559 __init__ INFO] [topoaa] Molecule 2: 4I1B-matched.pdb
[2023-12-07 17:14:54,564 __init__ INFO] [topoaa] Sanitizing molecule 4I1B-matched.pdb
/mnt/nfs_share/greenBeansHaddock/exp-local/run.daa-local-nc4_gl2-9/00_topoaa/4I1B-matched.inp
4I1B-matched.inp
[2023-12-07 17:14:54,679 __init__ INFO] [topoaa] Topology CNS input created in 4I1B-matched.inp
4I1B-matched.out
[2023-12-07 17:14:54,679 __init__ INFO] [topoaa] Running CNS Jobs n=2
[2023-12-07 17:14:54,679 libutil INFO] Selected 2 cores to process 2 jobs, with 8 maximum available cores.
[2023-12-07 17:14:54,679 libparallel INFO] Using 2 cores
4I1B-matched.inp
4G6K_fv.inp
[2023-12-07 17:14:59,082 libparallel INFO] >> /4G6K_fv.inp completed 50% 
[2023-12-07 17:14:59,082 libparallel INFO] >> /4I1B-matched.inp completed 100% 
[2023-12-07 17:14:59,082 libparallel INFO] 2 tasks finished
[2023-12-07 17:14:59,082 __init__ INFO] [topoaa] CNS jobs have finished
[2023-12-07 17:14:59,139 base_cns_module INFO] Module [topoaa] finished.
[2023-12-07 17:14:59,139 __init__ INFO] [topoaa] took 5 seconds
[2023-12-07 17:15:00,103 base_cns_module INFO] Running [rigidbody] module
[2023-12-07 17:15:00,104 __init__ INFO] [rigidbody] crossdock=true
[2023-12-07 17:15:00,104 __init__ INFO] [rigidbody] Preparing jobs...
[2023-12-07 17:22:13,739 libutil ERROR] [Errno 28] No space left on device
Traceback (most recent call last):
  File "/home/greenBeans/haddock3/src/haddock/libs/libutil.py", line 310, in log_error_and_exit
    yield
  File "/home/greenBeans/haddock3/src/haddock/clis/cli.py", line 178, in main
    workflow.run()
  File "/home/greenBeans/haddock3/src/haddock/libs/libworkflow.py", line 38, in run
    step.execute()
  File "/home/greenBeans/haddock3/src/haddock/libs/libworkflow.py", line 140, in execute
    self.module.run()
  File "/home/greenBeans/haddock3/src/haddock/modules/base_cns_module.py", line 59, in run
    self._run()
  File "/home/greenBeans/haddock3/src/haddock/modules/sampling/rigidbody/__init__.py", line 108, in _run
    inp_file = prepare_cns_input(
  File "/home/greenBeans/haddock3/src/haddock/libs/libcns.py", line 350, in prepare_cns_input
    inp_file.write_text(inp)
  File "/home/greenBeans/anaconda3/envs/haddock3/lib/python3.9/pathlib.py", line 1286, in write_text
    return f.write(data)
OSError: [Errno 