Linux 5.15.0-91-generic (gl5) 	01/19/2024 	_x86_64_	(32 CPU)

11:34:57 AM kbmemfree   kbavail kbmemused  %memused kbbuffers  kbcached  kbcommit   %commit  kbactive   kbinact   kbdirty  kbanonpg    kbslab  kbkstack   kbpgtbl  kbvmused
11:35:02 AM 384204268 390344936   1624692      0.41   1212788   6516564   4643452      1.15   3634328   4642964      1480    576492   1300236     10768      5992    268376
11:35:07 AM 384103380 390253820   1713856      0.43   1212800   6526208  35647724      8.84   3635892   4781536      1472    706848   1302304     10032     10936    267776
11:35:12 AM 384215516 390368956   1599928      0.41   1212808   6529184   4170592      1.03   3644988   4645484       484    576776   1301112      9776      5908    267592
11:35:17 AM 384207924 390363760   1605384      0.41   1212820   6531412   4182840      1.04   3645116   4645888      1132    575056   1301008      9760      5800    267536
11:35:22 AM 384208776 390367140   1602084      0.41   1212828   6533852   4182972      1.04   3645156   4648320       384    575108   1301008      9696      5796    267456
11:35:27 AM 384205412 390365976   1603212      0.41   1212832   6535876   4182972      1.04   3645208   4650388      1144    575164   1301216      9696      5792    267472
11:35:32 AM 384204708 390367304   1601804      0.41   1212844   6537784   4187244      1.04   3645208   4654352       504    577312   1301408      9696      5892    267384
11:35:37 AM 384207428 390372208   1597212      0.40   1212848   6539888   4183104      1.04   3645264   4654444      1128    575252   1301172      9664      5796    267424
11:35:42 AM 384207868 390374712   1594696      0.40   1212856   6541852   4183104      1.04   3645308   4656384       200    575288   1301276      9664      5796    267392
11:35:47 AM 384199112 390367924   1601404      0.41   1212860   6543668   4183104      1.04   3645312   4658168      1064    575216   1301504      9664      5764    267440
11:35:52 AM 384198412 390369404   1599912      0.41   1212868   6545748   4183236      1.04   3645352   4660348       220    575380   1301608      9680      5804    267392
11:35:57 AM 384191672 390364884   1604688      0.41   1212872   6547824   4183236      1.04   3645400   4662480      1152    575420   1301492      9664      5796    267456
11:36:02 AM 384189740 390365316   1604236      0.41   1212872   6550052   4191044      1.04   3645444   4668312       212    579236   1301648      9728      6032    267440
11:36:07 AM 384198740 390376380   1593180      0.40   1212876   6552192   4187640      1.04   3645440   4669168      1080    577820   1301560      9712      5960    267464
11:36:12 AM 384197356 390376984   1592564      0.40   1212876   6554080   4183368      1.04   3645476   4668848       184    575672   1301672      9632      5828    267392
11:36:17 AM 384194100 390376524   1592672      0.40   1212880   6556728   4183368      1.04   3645520   4671592      1476    575740   1302168      9632      5804    267440
11:36:22 AM 384199024 390383556   1585700      0.40   1212888   6558696   4191912      1.04   3645532   4677964       300    580264   1302240      9696      6060    267488
11:36:27 AM 383720076 389908168   2056484      0.52   1212896   6562188  97577476     24.20   3647000   5207248      4228   1107864   1306904     10400     20444    267928
11:36:32 AM 383808984 389999624   1964988      0.50   1212900   6564700  76985504     19.09   3647628   5143432      1460   1042168   1306976     10160     18320    267824
11:36:37 AM 383744044 389936432   2029128      0.51   1212908   6566424  97598344     24.20   3648140   5221776      3540   1118764   1306044     10176     20112    267776
11:36:42 AM 383773116 389968288   1996980      0.51   1212920   6569080  93889468     23.28   3648552   5195484      2656   1090372   1306452     10208     19744    267832
11:36:47 AM 383790052 389987568   1978436      0.50   1212924   6571388  81714800     20.26   3648736   5151668      3100   1044704   1305748     10160     18284    267744
11:36:52 AM 383700240 389899808   2064964      0.52   1212924   6573524  97571168     24.20   3649140   5224740      4436   1116096   1306896     10208     20120    267872
11:36:57 AM 383764224 389966016   1999184      0.51   1212928   6575780  85410156     21.18   3649404   5153756      2340   1043008   1306432     10160     18584    267776
11:37:02 AM 383765732 389970088   1994364      0.51   1212940   6578252  85411544     21.18   3649716   5146404      3612   1032964   1307260     10224     18680    267792
11:37:07 AM 383678480 389885152   2080192      0.53   1212948   6580648  97569964     24.20   3650096   5233524      3060   1118164   1306280     10240     19952    267824
11:37:12 AM 383697024 389906604   2058356      0.52   1212956   6583504  94760084     23.50   3650452   5218048      4288   1100396   1306708     10256     19496    267896
11:37:17 AM 383704372 389916196   2049264      0.52   1212960   6585716  89114364     22.10   3650764   5212048      2892   1093248   1306236     10240     19440    267816
11:37:22 AM 383678796 389893308   2071884      0.52   1212964   6588176  97553264     24.19   3651100   5237396      4008   1115664   1306728     10240     19976    267888
11:37:27 AM 383762780 389979680   1985440      0.50   1212976   6590480  91058168     22.58   3651388   5195852      2960   1072436   1306872     10256     19260    267800
11:37:32 AM 383693680 389912912   2051588      0.52   1212984   6592904  94756572     23.50   3651716   5243932      3972   1117928   1307392     10272     20060    267880
11:37:37 AM 383738424 389960576   2004560      0.51   1212996   6595784  90185884     22.36   3652072   5182368      2676   1054272   1306784     10224     19040    267856
11:37:42 AM 383757344 389982020   1982452      0.50   1213004   6598476  83670764     20.75   3652336   5152068      3576   1021492   1307272     10208     18336    267904
11:37:47 AM 383695420 389922064   2042640      0.52   1213016   6600424  93862800     23.28   3652704   5220156      3336   1088040   1307048     10240     19712    267856
11:37:52 AM 383758456 389987632   1977952      0.50   1213024   6602884  80843212     20.05   3652952   5137032      2872   1002740   1306232     10208     17976    267840
11:37:57 AM 383645920 389877076   2088828      0.53   1213028   6604784  97558756     24.19   3653312   5253512      3164   1117772   1305988     10272     20120    267840
11:38:02 AM 383662804 389896384   2069692      0.52   1213028   6607188  94767156     23.50   3653624   5239536      4176   1101164   1305836     10256     19716    267952
11:38:07 AM 383623852 389859972   2105704      0.53   1213040   6609616  94747952     23.50   3653944   5260140      3124   1120172   1306336     10304     19980    267968
11:38:12 AM 383612972 389851640   2113472      0.54   1213044   6612216  97563296     24.19   3654244   5262384      3872   1120584   1306844     10384     19808    267952
11:38:17 AM 383608460 389850072   2115724      0.54   1213052   6615028  97574200     24.20   3654604   5263436      2832   1118308   1306284     10336     20260    267880
11:38:22 AM 383665940 389909628   2055704      0.52   1213060   6617028  90365712     22.41   3654848   5208528      3988   1061656   1306816     10336     19380    267768
11:38:27 AM 383594016 389840304   2124852      0.54   1213068   6619468  97594172     24.20   3655276   5269676      3560   1121764   1307144     10368     20304    267872
11:38:32 AM 383669900 389918172   2047176      0.52   1213072   6621444  79782492     19.79   3655468   5195128      2476   1044272   1306956     10304     18252    267872
11:38:37 AM 383618328 389869588   2095584      0.53   1213076   6624256  88223340     21.88   3655816   5234944      3428   1082072   1307304     10352     19360    267984
11:38:42 AM 383596992 389850516   2114344      0.54   1213080   6626380  97585784     24.20   3656192   5276424      3276   1121424   1307752     10352     20188    267896
11:38:47 AM 383630948 389887152   2076992      0.53   1213088   6629016  91941344     22.80   3656512   5254416      3400   1097064   1308504     10320     19032    268016
11:38:52 AM 383688692 389947360   2016416      0.51   1213092   6631332  85430984     21.19   3656800   5207024      2668   1048012   1309016     10336     18768    267872
11:38:57 AM 383606472 389867708   2096480      0.53   1213100   6633860  97576240     24.20   3657168   5281296      3500   1119120   1308636     10384     20156    267984
11:39:02 AM 383622920 389887168   2076504      0.53   1213108   6636856  91926620     22.80   3657500   5247520      2948   1083652   1309160     10320     19540    268000
11:39:07 AM 383655152 389921904   2041448      0.52   1213112   6639228  87350652     21.66   3657780   5222292      3068   1056380   1309608     10336     18940    267968
11:39:12 AM 383598280 389867440   2096000      0.53   1213120   6641540  94760800     23.50   3658136   5270856      2996   1102972   1309608     10352     19416    267984
11:39:17 AM 383604452 389875936   2087748      0.53   1213124   6643904  97555472     24.19   3658464   5292400      3676   1122104   1309320     10368     20064    268064
11:39:22 AM 383678428 389953000   2011264      0.51   1213132   6646936  86493340     21.45   3658800   5199096      2704   1026452   1308788     10336     18416    267952
11:39:27 AM 383585708 389862100   2101588      0.53   1213136   6648768  94763244     23.50   3659128   5292516      3292   1118472   1309348     10368     19896    268000
11:39:32 AM 383647396 389926824   2036736      0.52   1213148   6651800  87346696     21.66   3659460   5234276      3104   1057324   1309468     10352     18956    268016
11:39:37 AM 383592808 389874300   2088988      0.53   1213152   6653864  93875676     23.28   3659832   5271536      3288   1092980   1309736     10416     19632    268112
11:39:42 AM 383645684 389930080   2033656      0.52   1213156   6656780  88259420     21.89   3660100   5250904      2656   1069624   1309272     10336     18772    268024
11:39:47 AM 383586184 389872640   2090892      0.53   1213164   6658820  91058812     22.58   3660432   5272076      4008   1088768   1309488     10352     19524    268016
11:39:52 AM 383644328 389933932   2030064      0.51   1213168   6661920  86471300     21.44   3660768   5211064      2540   1025252   1309068     10336     18452    268000
11:39:57 AM 383583440 389875300   2087764      0.53   1213176   6664084  93875352     23.28   3661144   5276592      3424   1088112   1310084     10432     19788    268088
11:40:02 AM 383588672 389883144   2079356      0.53   1213184   6666704  91073940     22.59   3661372   5283080      4036   1093196   1310632     10384     19708    268112
11:40:07 AM 383609536 389906468   2056496      0.52   1213188   6669080  91063860     22.58   3661724   5261368      2984   1069540   1310248     10384     18936    267920
11:40:12 AM 383593516 389892304   2071644      0.52   1213192   6671024  93879480     23.28   3662040   5281756      3200   1088212   1309172     10384     19228    268016
11:40:17 AM 383555624 389856736   2106460      0.53   1213192   6673324  97574276     24.20   3662352   5314468      3476   1119008   1309948     10384     20196    268016
11:40:22 AM 383580788 389884696   2078056      0.53   1213192   6676072  91959448     22.80   3662740   5297140      3376   1098884   1310440     10416     19544    267968
11:40:27 AM 383667420 389973568   1989468      0.50   1213200   6678232  78907860     19.57   3662924   5214960      2388   1014044   1310228     10336     17984    268016
11:40:32 AM 383537384 389845604   2117160      0.54   1213204   6680436  97567968     24.20   3663292   5324708      4456   1122068   1310364     10368     20132    268064
11:40:37 AM 383574048 389884740   2077480      0.53   1213208   6682752  89140148     22.11   3663608   5282672      2052   1078388   1311060     10432     18804    268056
11:40:42 AM 383556620 389869268   2092640      0.53   1213212   6684836  94757416     23.50   3663844   5332716      4424   1126904   1311240     10480     20352    268120
11:40:47 AM 383550844 389865828   2096440      0.53   1213216   6687052  97587972     24.20   3664216   5330136      2944   1121948   1310996     10432     19944    268088
11:40:52 AM 383629104 389946880   2015024      0.51   1213220   6689716  81722072     20.27   3664484   5239588      3248   1030292   1311484     10400     18472    268088
11:40:57 AM 383570588 389890876   2071880      0.52   1213224   6692196  88247528     21.88   3664760   5282784      2844   1070384   1310660     10384     18772    268000
11:41:02 AM 383495944 389818620   2144192      0.54   1213232   6694432  97597620     24.20   3665160   5335556      3708   1120768   1310748     10432     20240    268080
11:41:07 AM 383618728 389944708   2017632      0.51   1213244   6697668  82772132     20.53   3665420   5218472      2396   1001788   1311276     10432     17968    268040
11:41:12 AM 383511344 389838804   2122860      0.54   1213252   6698912  85466448     21.19   3665692   5306960      3844   1089056   1312180     10384     19332    268080
11:41:17 AM 383506396 389836268   2126356      0.54   1213260   6701280  97560636     24.19   3666100   5340484      3124   1120360   1311256     10432     20224    268072
11:41:22 AM 383527776 389860336   2102068      0.53   1213264   6704072  93876184     23.28   3666408   5313692      3884   1090584   1311368     10400     19624    268128
11:41:27 AM 383599124 389934444   2027904      0.51   1213268   6706736  86476768     21.45   3666640   5256108      3460   1031460   1311516     10432     18780    268048
11:41:32 AM 383509544 389847100   2114560      0.54   1213268   6709080  94766016     23.50   3667040   5325920      3792   1099284   1312096     10400     19508    268192
11:41:37 AM 383571640 389911108   2051848      0.52   1213276   6710964  88235272     21.88   3667344   5298120      2452   1069868   1310820     10416     18816    267984
11:41:42 AM 383534512 389876644   2085596      0.53   1213284   6713568  93874000     23.28   3667636   5320872      4248   1090296   1311588     10384     19380    268096
11:41:47 AM 383492304 389836564   2125844      0.54   1213288   6715688  97569744     24.20   3667976   5352260      3720   1119384   1311424     10368     19948    268048
11:41:52 AM 383563396 389911116   2052328      0.52   1213296   6719028  81734112     20.27   3668272   5271440      2348   1035964   1310500     10368     17512    267984
11:41:57 AM 383565136 389915020   2047116      0.52   1213304   6721340  86476844     21.45   3668600   5271944      4416   1034572   1311652     10432     18776    268040
11:42:02 AM 383469280 389821184   2140988      0.54   1213308   6723272  97568956     24.20   3668980   5360044      3236   1120156   1311700     10416     19960    267984
11:42:07 AM 383464596 389819556   2142684      0.54   1213316   6726228  97586616     24.20   3669312   5364492      4424   1123136   1311724     10448     20172    268072
11:42:12 AM 383552812 389910544   2052040      0.52   1213316   6728996  91060880     22.58   3669580   5324156      3492   1079564   1311384     10400     18768    267992
11:42:17 AM 383490488 389850124   2111732      0.53   1213324   6730876  97582228     24.20   3669944   5369240      4308   1123192   1312128     10416     20088    268000
11:42:22 AM 383494568 389856708   2106004      0.53   1213328   6733368  94747384     23.50   3670268   5364292      2888   1116536   1311280     10416     19504    268000
11:42:27 AM 383481308 389845960   2116376      0.54   1213336   6735848  97584364     24.20   3670608   5368048      4136   1118268   1311680     10384     20008    268016
11:42:32 AM 383505628 389873356   2088060      0.53   1213340   6738856  94747288     23.50   3670928   5358108      3132   1104648   1312664     10400     19676    267920
11:42:37 AM 383512768 389882732   2079360      0.53   1213348   6740900  94754320     23.50   3671240   5360004      3816   1105596   1312172     10384     19272    267952
11:42:42 AM 383499732 389872008   2090940      0.53   1213356   6743148  94750556     23.50   3671564   5375128      3084   1118544   1311372     10400     19828    267968
11:42:47 AM 383530500 389905880   2055608      0.52   1213364   6746028  88243212     21.88   3671872   5324236      3540   1065420   1313048     10416     18704    268072
11:42:52 AM 383482372 389859860   2102112      0.53   1213376   6748000  97577640     24.20   3672200   5383116      3304   1122708   1312688     10352     20088    267984
11:42:57 AM 383501132 389881872   2080268      0.53   1213384   6750980  91049652     22.58   3672536   5345896      4220   1082168   1312784     10384     19176    267968
11:43:02 AM 383482000 389864428   2097356      0.53   1213392   6752652  91725452     22.75   3672832   5357020      2660   1091476   1313148     10432     18888    268040
11:43:07 AM 383519116 389904068   2057592      0.52   1213396   6754960  88044392     21.83   3673104   5327192      4180   1059952   1313484     10384     18856    268008
11:43:12 AM 383533256 389920644   2040752      0.52   1213404   6757284  88245612     21.88   3673444   5325320      2672   1056236   1313852     10352     18668    267968
11:43:17 AM 383545036 389934976   2026492      0.51   1213408   6759648  85224964     21.13   3673696   5326820      3268   1055416   1313964     10320     18440    268000
11:43:22 AM 383494508 389886508   2075228      0.53   1213420   6761628  91748140     22.75   3674008   5363980      3032   1090736   1313764     10368     19300    268040
11:43:27 AM 383485964 389880668   2081428      0.53   1213424   6764132  91750444     22.75   3674360   5366812      3776   1092200   1313600     10416     19376    268048
11:43:32 AM 383509136 389905844   2056940      0.52   1213428   6766100  82393628     20.43   3674596   5321948      2184   1045072   1312944     10336     17780    268016
11:43:37 AM 383457896 389856908   2105836      0.53   1213428   6768372  91736788     22.75   3674900   5363956      2676   1086364   1313016     10592     19144    268048
11:43:42 AM 383463860 389865440   2097980      0.53   1213432   6770808  91736308     22.75   3675236   5371832      4096   1091660   1312468     10352     19340    268016
11:43:47 AM 383549580 389953128   2010436      0.51   1213436   6772752  73555316     18.24   3675412   5266452      2656    983604   1312344     10288     16612    267904
11:43:52 AM 383604480 390010072   1953804      0.49   1213436   6774664  64683596     16.04   3675680   5204780      3320    921044   1312164     10224     15144    267936
11:43:57 AM 383797416 390203548   1761656      0.45   1213440   6775140  30569136      7.58   3675800   5031780      1180    747536   1310896     10112     10428    267824
11:44:02 AM 383812956 390219836   1745568      0.44   1213452   6775900  27528484      6.83   3675844   4998912      2308    713908   1310672     10016      9412    267760
11:44:07 AM 383919588 390327444   1637716      0.41   1213460   6776136   4191940      1.04   3675864   4866456       628    580728   1311648      9936      6052    267664
11:44:12 AM 383868228 390279632   1681196      0.43   1213464   6779884  38521804      9.55   3693624   4928356      1500    657124   1315776     10160     11640    267928
11:44:17 AM 383799124 390212588   1748248      0.44   1213468   6781796  38517900      9.55   3693848   5021608       400    748600   1315912     10144     12240    267920
11:44:22 AM 383794952 390208948   1751832      0.44   1213472   6782176  36372532      9.02   3694108   5013356      1292    740144   1316116     10112     11780    267968
11:44:27 AM 383783452 390197756   1763120      0.45   1213480   6782444  36372532      9.02   3694372   5014928       384    741744   1316052     10112     11784    267952
11:44:32 AM 383849048 390263200   1700072      0.43   1213480   6782164   4196284      1.04   3698816   4855688      1344    587276   1313784      9904      5964    267688
11:44:37 AM 383848560 390263144   1700652      0.43   1213496   6782584   4200636      1.04   3698828   4860940       332    592008   1313256      9904      5960    267736
11:44:42 AM 383845440 390262660   1701368      0.43   1213504   6785076   4196364      1.04   3698828   4861224      1236    589784   1313160      9872      5844    267760
11:44:47 AM 383842768 390262724   1701428      0.43   1213516   6787732   4196364      1.04   3698828   4863880       208    589788   1313104      9872      5844    267696
11:44:52 AM 383835284 390257520   1706568      0.43   1213516   6790044   4200636      1.04   3698856   4868296      1412    592008   1313136      9904      5952    267720
11:44:57 AM 383207488 389632704   2326808      0.59   1213520   6793000  98050660     24.32   3699564   5459800       460   1181324   1317732     10416     21616    268000
11:45:02 AM 383174956 389600368   2358704      0.60   1213528   6793144  98012432     24.31   3699592   5439432      1320   1160744   1318216     10400     21752    268112
11:45:07 AM 383175352 389600912   2358172      0.60   1213540   6793288  98017972     24.31   3699616   5448760       444   1170344   1318196     10432     21884    268152
11:45:12 AM 383165872 389591752   2367060      0.60   1213540   6793644  98017604     24.31   3699676   5453220      1288   1174492   1318432     10432     21880    268216
11:45:17 AM 383274220 389700596   2258324      0.57   1213548   6794108  98072516     24.32   3699684   5473820       144   1194688   1318348     10432     21972    268216
11:45:22 AM 383307784 389734416   2224548      0.56   1213556   6794336  98081556     24.32   3699708   5481628       544   1200728   1318324     10992     22052    268248
11:45:27 AM 383313724 389740600   2218228      0.56   1213560   6794624  98077504     24.32   3699708   5478880        96   1199240   1318412     10416     21892    268160
11:45:32 AM 383316692 389743848   2215088      0.56   1213568   6794812  98077504     24.32   3699720   5479996       352   1199732   1318388     10416     21888    268160
11:45:37 AM 383340452 389768368   2190528      0.55   1213580   6795664  98144576     24.34   3699736   5510292      1512   1229656   1318324     10448     22128    268184
11:45:42 AM 383356308 389784616   2174508      0.55   1213584   6796016  98154996     24.34   3699748   5515532       488   1234120   1318132     10448     22148    268168
11:45:47 AM 383347664 389776336   2182508      0.55   1213592   6796644  98151092     24.34   3699736   5514840      1484   1233100   1318140     10400     22040    268144
11:45:52 AM 383349080 389778372   2181020      0.55   1213596   6797004  98151092     24.34   3699760   5515884       476   1233500   1317848     10400     22044    268112
11:45:57 AM 383357084 389786828   2172808      0.55   1213608   6797368  88679708     21.99   3700228   5408088      2492   1126124   1317680     10400     20432    268000
11:46:02 AM 383178648 389608864   2351348      0.60   1213612   6797792  98032184     24.31   3700488   5463484       260   1180960   1317148     10400     21748    268032
11:46:07 AM 383189316 389619684   2340684      0.59   1213616   6797960  98006532     24.30   3700568   5456964      1692   1174672   1316972     10400     21808    268160
11:46:12 AM 383179860 389610496   2350020      0.60   1213620   6798228  98017808     24.31   3700628   5466856       344   1184180   1316820     10416     21820    268120
11:46:17 AM 383194880 389625956   2334288      0.59   1213624   6798684  98037288     24.31   3700636   5476684      1684   1193708   1317072     10448     21908    268168
11:46:22 AM 383266728 389698144   2262140      0.57   1213632   6798976  98066184     24.32   3700652   5489308       640   1205836   1317072     10432     21924    268128
11:46:27 AM 383287204 389718820   2241204      0.57   1213632   6799252  98083272     24.32   3700660   5497236      1612   1213876   1317256     10480     22128    268192
11:46:32 AM 383302456 389734396   2225856      0.56   1213640   6799484  98077948     24.32   3700664   5496576       432   1212388   1317112     10416     21888    268144
11:46:37 AM 383320240 389752468   2207624      0.56   1213648   6799852  98102868     24.33   3700664   5506312      1456   1222164   1317184     10416     21996    268160
11:46:42 AM 383346300 389778860   2181352      0.55   1213648   6800172  98145768     24.34   3700680   5528016       680   1243532   1317076     10448     22240    268192
11:46:47 AM 383354708 389787556   2172548      0.55   1213652   6800544  98147272     24.34   3700672   5529492      1592   1244632   1317096     10400     22024    268160
11:46:52 AM 383355156 389788448   2171336      0.55   1213660   6801040  98134288     24.34   3700724   5525396       620   1239956   1317356     10368     22000    268064
11:46:57 AM 383326640 389760356   2199080      0.56   1213660   6801456  98098796     24.33   3700816   5511980      1876   1226188   1317712     10368     21840    268112
11:47:02 AM 383225160 389659568   2299932      0.58   1213664   6802084  98240032     24.36   3701032   5553460       916   1267280   1317708     10416     21904    268016
11:47:07 AM 383221740 389656060   2304448      0.58   1213668   6801936  98015516     24.31   3701228   5464132      1736   1177976   1316756     10512     21760    268128
11:47:12 AM 383212428 389647076   2313616      0.59   1213680   6802272  98013396     24.31   3701300   5464876       320   1179040   1316552     10368     21764    268080
11:47:17 AM 383194436 389629392   2331376      0.59   1213688   6802548  98114336     24.33   3701336   5504756       624   1218568   1316500     10400     21952    268088
11:47:22 AM 383265520 389700764   2259780      0.57   1213696   6802868  98046032     24.31   3701356   5484536      1804   1197568   1316684     10384     21860    268032
11:47:27 AM 383301416 389736904   2223632      0.56   1213696   6803144  98073900     24.32   3701364   5495724       756   1208976   1316660     10384     21972    268040
11:47:32 AM 383323460 389759348   2200644      0.56   1213700   6803496  98085952     24.32   3701388   5502236      1712   1215156   1317248     10416     22128    268064
11:47:37 AM 383321248 389757380   2202656      0.56   1213708   6803712  98091916     24.33   3701392   5506252       780   1218864   1317224     10384     22076    268072
11:47:42 AM 383318244 389754756   2205184      0.56   1213720   6804132  98121352     24.33   3701396   5518976      1668   1231556   1317268     10352     21972    268096
11:47:47 AM 383277608 389714448   2245480      0.57   1213724   6804436  98230524     24.36   3701404   5558728       480   1270684   1317300     10304     21948    268112
11:47:52 AM 383303672 389740812   2219124      0.56   1213732   6804792  98155012     24.34   3701412   5534832      1448   1246412   1317228     10352     22040    268160
11:47:57 AM 383309640 389747116   2212752      0.56   1213740   6805108  98138820     24.34   3701444   5529980       840   1241244   1317308     10384     21960    268128
11:48:02 AM 383279400 389717412   2242188      0.57   1213748   6805516  98068904     24.32   3701652   5498096      2296   1209184   1317696     10368     21360    268032
11:48:07 AM 383245340 389683804   2275800      0.58   1213756   6805908  98029508     24.31   3701868   5478532      2180   1189492   1317744     10400     21704    268040
11:48:12 AM 383190060 389628816   2330916      0.59   1213760   6806136  98008736     24.30   3702016   5463284      3512   1174204   1317676     10400     21704    268152
11:48:17 AM 383202396 389641416   2318444      0.59   1213772   6806392  98016540     24.31   3702060   5470308       424   1180944   1317544     10368     21792    268112
11:48:22 AM 383231356 389670928   2288776      0.58   1213772   6806796  98028248     24.31   3702056   5478176      1628   1188284   1317848     10384     21820    268128
11:48:27 AM 383276532 389716384   2243288      0.57   1213780   6807100  98056216     24.32   3702120   5492564       508   1202644   1317848     10448     22072    268176
11:48:32 AM 383279416 389719656   2239792      0.57   1213784   6807500  98071000     24.32   3702100   5499156      1356   1208736   1318056     10400     21940    268096
11:48:37 AM 383287540 389728060   2231428      0.57   1213788   6807732  98094524     24.33   3702124   5509836       312   1219008   1318060     10384     21920    268088
11:48:42 AM 383280804 389721596   2237736      0.57   1213796   6807980  98099928     24.33   3702120   5513484      1408   1222476   1318232     10384     21940    268112
11:48:47 AM 383277496 389718576   2240968      0.57   1213796   6808240  98125116     24.33   3702132   5522616       268   1231160   1318048     10368     21984    268080
11:48:52 AM 383279444 389720744   2238712      0.57   1213796   6808556  98189296     24.35   3702120   5534216       332   1242752   1318040     10400     22028    268192
11:48:57 AM 383318716 389760864   2198308      0.56   1213804   6809272  94419452     23.41   3702216   5493976      1688   1201716   1318448     10384     21364    268144
11:49:02 AM 383258556 389700696   2258668      0.57   1213808   6809372  98145508     24.34   3702260   5531512       512   1239344   1318144     10384     22152    268120
11:49:07 AM 383255892 389698700   2260600      0.57   1213816   6809820  98089060     24.32   3702416   5509056      1104   1216468   1318420     10400     22016    268080
11:49:12 AM 383256428 389699460   2260008      0.57   1213820   6810100  98041056     24.31   3702548   5488536      1040   1196048   1318192     10384     21836    268080
11:49:17 AM 383251504 389694924   2264728      0.57   1213820   6810268  95265396     23.62   3702692   5499096      1168   1206264   1318228     10400     21288    268072
11:49:22 AM 383246136 389689908   2270004      0.57   1213824   6810624  98027236     24.31   3702768   5477324       340   1184924   1317960     10352     21756    268048
11:49:27 AM 383283300 389727464   2232252      0.57   1213832   6811012  98047288     24.31   3702808   5490004      1092   1196636   1318152     10416     22044    268104
11:49:32 AM 383283444 389727812   2231860      0.57   1213840   6811292  98055436     24.32   3702824   5495692       368   1202188   1318112     10416     22100    268120
11:49:37 AM 383290384 389735128   2224500      0.56   1213848   6811568  98074692     24.32   3702844   5504216       872   1210052   1318248     10384     21908    268080
11:49:42 AM 383306656 389751624   2207936      0.56   1213860   6811832  98097260     24.33   3702864   5516364       284   1222128   1318264     10400     22092    268048
11:49:47 AM 383293140 389738536   2220976      0.56   1213868   6812216  98127260     24.33   3702872   5531044       960   1236400   1318348     10512     22400    268216
11:49:52 AM 383298380 389743916   2215508      0.56   1213872   6812476  98121684     24.33   3702872   5529084       596   1234496   1318312     10464     22156    268080
11:49:57 AM 383295080 389741220   2218512      0.56   1213872   6812936  98141124     24.34   3702872   5538852      1204   1243292   1318148     10400     22044    268112
11:50:02 AM 383299544 389745912   2213940      0.56   1213880   6813272  98127020     24.33   3702956   5533376       736   1237868   1317912     10384     22004    268048
11:50:07 AM 383294684 389741492   2218616      0.56   1213884   6813492  92237676     22.87   3703036   5483340      1172   1187312   1317872     10368     20968    268048
11:50:12 AM 383288036 389735312   2224928      0.56   1213892   6814052  89392868     22.17   3703100   5451408       664   1155332   1317640     10368     20416    268040
11:50:17 AM 383299412 389746712   2213292      0.56   1213896   6814048  92186440     22.86   3703232   5456556      1188   1160428   1317900     10384     20432    268048
11:50:22 AM 383262772 389710460   2249188      0.57   1213908   6814412  89344768     22.16   3703400   5445756      1088   1149460   1318268     10400     20788    268008
11:50:27 AM 383250660 389698736   2261328      0.57   1213912   6814688  92171032     22.86   3703476   5448260      1208   1151824   1317960     10352     20956    268104
11:50:32 AM 383265284 389713648   2246488      0.57   1213916   6815040  92175120     22.86   3703500   5452096       204   1155400   1317820     10352     20916    268048
11:50:37 AM 383305704 389754344   2206104      0.56   1213920   6815296  92187524     22.86   3703508   5460080       604   1162700   1317524     10640     20880    268032
11:50:42 AM 383335492 389784332   2175884      0.55   1213928   6815552  92209028     22.87   3703532   5469912      1404   1172668   1317692     10368     21028    268040
11:50:47 AM 383354484 389803612   2156676      0.55   1213932   6815812  92236264     22.87   3703544   5482136       756   1184792   1317644     10368     21100    268024
11:50:52 AM 383348008 389797472   2162524      0.55   1213936   6816196  92242732     22.87   3703536   5486260      1364   1188452   1317884     10352     20984    268144
11:50:57 AM 383346984 389796688   2163436      0.55   1213940   6816488  92257204     22.88   3703548   5493768       556   1195672   1317700     10384     21068    268128
11:51:02 AM 383344844 389794956   2165396      0.55   1213948   6816788  92279084     22.88   3703572   5504416      1420   1205980   1317572     10416     21328    268224
11:51:07 AM 383358312 389808788   2151236      0.54   1213952   6817252  92257044     22.88   3703640   5494364       760   1195644   1317796     10352     21020    268064
11:51:12 AM 383316244 389767240   2192856      0.56   1213952   6817584  92221000     22.87   3703768   5475776      1644   1176792   1317912     10352     21020    268112
11:51:17 AM 383304512 389755732   2204264      0.56   1213956   6817836  92196128     22.86   3703876   5463132      1164   1163944   1317980     10352     20852    268032
11:51:22 AM 383294196 389745908   2214044      0.56   1213968   6818212  92190644     22.86   3703976   5460712      1672   1161356   1318128     10400     20960    268072
11:51:27 AM 383286404 389738396   2221680      0.56   1213972   6818488  92248000     22.88   3704100   5480460       808   1180920   1318004     10400     20892    268088
11:51:32 AM 383304272 389756664   2203348      0.56   1213980   6818732  92169428     22.86   3704180   5451756      1080   1151476   1318216     10352     20800    268000
11:51:37 AM 383321540 389774280   2185872      0.55   1213992   6819072  92183528     22.86   3704196   5459840       340   1159712   1318072     10352     20832    268000
11:51:42 AM 383315516 389768508   2191576      0.56   1213996   6819336  92275492     22.88   3704216   5477284      1064   1176856   1318124     10368     20836    268096
11:51:47 AM 383355548 389808772   2151332      0.54   1214008   6819584  92211776     22.87   3704220   5474072       320   1173460   1318076     10368     20876    268080
11:51:52 AM 383382828 389836480   2123524      0.54   1214012   6819944  92231960     22.87   3704240   5484056      1112   1183008   1318240     10400     21036    268152
11:51:57 AM 383372588 389826432   2133576      0.54   1214016   6820208  92251236     22.88   3704232   5492680       272   1191472   1318160     10352     20960    268096
11:52:02 AM 383358184 389812400   2147972      0.54   1214020   6820476  92260444     22.88   3704236   5498056      1264   1196348   1317896     10384     21092    268120
11:52:07 AM 383325476 389779888   2180600      0.55   1214024   6820680  92345708     22.90   3704268   5527520       308   1225716   1317768     10352     20708    268048
11:52:12 AM 383329224 389784160   2175924      0.55   1214032   6821188  86598256     21.48   3704404   5487196      1520   1185024   1318180     10432     20848    268192
11:52:17 AM 383295108 389750300   2209676      0.56   1214040   6821516  92256052     22.88   3704412   5495720       304   1192884   1318208     10432     21100    268136
11:52:22 AM 383253176 389708708   2251592      0.57   1214044   6821760  92198892     22.86   3704592   5467564       592   1164912   1317976     10592     20628    268160
11:52:27 AM 383267960 389723956   2236068      0.57   1214044   6822288  88471604     21.94   3704652   5429704      1432   1126216   1318188     10368     20344    268128
11:52:32 AM 383226508 389682760   2277496      0.58   1214048   6822408  89417332     22.17   3704804   5476504       488   1173544   1318088     10368     20592    268144
11:52:37 AM 383238256 389694768   2264972      0.57   1214060   6822688  92170640     22.86   3704852   5457112      1552   1154028   1318572     10416     20972    268136
11:52:42 AM 383283604 389740124   2219772      0.56   1214064   6822628  92183904     22.86   3704600   5463788       580   1160268   1318480     10384     20872    268128
11:52:47 AM 383278808 389735608   2224164      0.56   1214076   6823016  92191564     22.86   3704608   5468940      1456   1165324   1318484     10384     20840    268176
11:52:52 AM 383304652 389761856   2198392      0.56   1214080   6823256  92217428     22.87   3704628   5480184       360   1176016   1318168     10384     20892    268096
11:52:57 AM 383324396 389781832   2178264      0.55   1214088   6823516  92234740     22.87   3704624   5488072      1344   1183680   1318284     10384     20940    268128
11:53:02 AM 383323112 389780880   2179264      0.55   1214096   6823780  92260616     22.88   3704652   5499076       312   1194396   1318296     10416     21088    268088
11:53:07 AM 383323972 389782120   2178140      0.55   1214108   6824200  92262592     22.88   3704640   5500812      1396   1195864   1318128     10384     20992    268096
11:53:12 AM 383330976 389789712   2170756      0.55   1214112   6824572  92273096     22.88   3704708   5505328       228   1199852   1318132     10400     21056    268120
11:53:17 AM 383268996 389728060   2231736      0.57   1214116   6825000  92226836     22.87   3704844   5486284      1260   1180612   1318700     10400     20932    268112
11:53:22 AM 383272268 389732044   2227788      0.56   1214124   6825556  88527120     21.95   3704868   5457252       772   1150864   1318812     10464     20680    268144
11:53:27 AM 383189900 389649480   2309668      0.58   1214128   6825532  92207040     22.87   3704980   5475276      2008   1169432   1319320     10416     21008    268168
11:53:32 AM 383259168 389719192   2240740      0.57   1214140   6825804  92154276     22.85   3705192   5454976       940   1148616   1318696     10416     20872    268104
11:53:37 AM 383274404 389734780   2225012      0.56   1214148   6826436  88449380     21.93   3705236   5423536      2124   1116892   1318548     10400     20304    268136
11:53:42 AM 383235152 389695488   2264204      0.57   1214156   6826384  92169940     22.86   3705296   5460284       632   1153452   1318652     10384     20840    268032
11:53:47 AM 383260064 389720652   2238904      0.57   1214156   6826652  92186000     22.86   3705280   5467956      1408   1161128   1318772     10384     20860    268112
11:53:52 AM 383265440 389726460   2233184      0.57   1214156   6827024  92205512     22.87   3705324   5478252       448   1170752   1318744     10416     21016    268104
11:53:57 AM 383288352 389749524   2209736      0.56   1214164   6827268  92214548     22.87   3705312   5482840      1376   1175396   1319028     10368     20916    268144
11:54:02 AM 383312132 389773588   2185676      0.55   1214172   6827512  92231540     22.87   3705332   5490796       404   1183168   1319056     10368     20956    268096
11:54:07 AM 383310264 389771932   2187300      0.55   1214180   6827748  92244072     22.88   3705332   5497104       744   1189300   1319056     10480     20932    268144
11:54:12 AM 383329284 389791340   2167824      0.55   1214188   6828180  92264840     22.88   3705348   5507816      1728   1199552   1319072     10400     21124    268184
11:54:17 AM 383324276 389786540   2172712      0.55   1214196   6828344  89498240     22.19   3705404   5512372       776   1203760   1319020     10368     20564    268128
11:54:22 AM 383311768 389774452   2184800      0.55   1214204   6828820  92238672     22.87   3705512   5496756      1904   1188156   1318956     10400     21064    268136
11:54:27 AM 383281968 389745080   2214436      0.56   1214208   6829212  92229228     22.87   3705592   5488820       828   1179640   1318724     10384     21028    268104
11:54:32 AM 383275200 389738648   2220360      0.56   1214220   6829484  92174332     22.86   3705740   5468600      2200   1159872   1319284     10400     20768    268104
11:54:37 AM 383225912 389689768   2270060      0.57   1214228   6829784  92262624     22.88   3705876   5491356       836   1182088   1318564     10400     20948    268056
11:54:42 AM 383262596 389726784   2232932      0.57   1214240   6830156  92169712     22.86   3705908   5461876      1712   1152204   1318624     10368     20848    268048
11:54:47 AM 383279024 389743520   2216568      0.56   1214248   6830384  92181436     22.86   3706008   5469092       756   1159784   1318324     10432     21076    268080
11:54:52 AM 383286400 389751156   2208580      0.56   1214256   6830672  92184300     22.86   3706012   5472832      1620   1162744   1318640     10400     20984    268120
11:54:57 AM 383314180 389779244   2180592      0.55   1214260   6830936  92204984     22.87   3706040   5481768       584   1171284   1318580     10368     20912    268080
11:55:02 AM 383322900 389788324   2171496      0.55   1214268   6831312  92221268     22.87   3706048   5489416      1472   1178668   1318572     10352     20940    268080
11:55:07 AM 383333432 389799144   2160624      0.55   1214276   6831572  92235500     22.87   3706052   5496688       368   1185476   1318644     10352     20980    268096
11:55:12 AM 383326448 389792496   2167272      0.55   1214276   6831968  92245136     22.88   3706064   5501552      1296   1190112   1318584     10352     20984    268160
11:55:17 AM 383321260 389788072   2171604      0.55   1214300   6832620  92250836     22.88   3706120   5505304       564   1193152   1318764     10288     20864    268080
11:55:22 AM 383287876 389754656   2205188      0.56   1214308   6832608  92248604     22.88   3706200   5504820      1368   1192864   1318568     10368     21104    268088
11:55:27 AM 383269824 389736940   2222804      0.56   1214312   6832880  92242620     22.87   3706284   5499440       332   1187004   1318728     10368     21076    268056
11:55:32 AM 383283284 389750800   2208708      0.56   1214316   6833288  92212016     22.87   3706356   5489912      1312   1177372   1318952     10368     21016    268104
11:55:37 AM 383289232 389757180   2202112      0.56   1214320   6833520  92181100     22.86   3706500   5473428       464   1160752   1319364     10384     20644    268112
11:55:42 AM 383255540 389723784   2234808      0.57   1214324   6833852  92166004     22.86   3706624   5464752      1380   1151812   1320024     10384     20928    268104
11:55:47 AM 383272952 389741540   2217120      0.56   1214332   6834176  92180296     22.86   3706660   5470644       272   1157404   1319968     10352     20848    268048
11:55:52 AM 383270452 389739260   2219204      0.56   1214336   6834404  92178568     22.86   3706696   5471888       368   1158288   1320152     10560     20936    268040
11:55:57 AM 383287864 389757212   2201828      0.56   1214336   6834876  92192576     22.86   3706732   5479828       816   1165952   1319644     10352     20984    268056
11:56:02 AM 383340852 389810428   2148708      0.54   1214340   6835116  92218136     22.87   3706736   5491120       508   1177188   1319532     10320     20908    268016
11:56:07 AM 383352028 389821960   2136804      0.54   1214348   6835380  92236120     22.87   3706752   5501796      1660   1187392   1319988     10352     21076    268168
11:56:12 AM 383355792 389825896   2132832      0.54   1214356   6835628  92244940     22.88   3706760   5505892       556   1191480   1319940     10368     21164    268136
11:56:17 AM 383336832 389807492   2151200      0.54   1214368   6836020  92261000     22.88   3706772   5513728      1592   1198692   1320128     10320     20988    268128
11:56:22 AM 383321844 389792808   2165912      0.55   1214376   6836332  92248572     22.88   3706852   5508948       400   1194188   1320084     10336     20976    268112
11:56:27 AM 383310516 389782008   2176860      0.55   1214388   6836608  89396464     22.17   3706976   5494612      1508   1179056   1320176     10352     20872    268056
11:56:32 AM 383276996 389748812   2209968      0.56   1214392   6837024  92244316     22.88   3706976   5502856       452   1187048   1320168     10336     20968    268112
11:56:37 AM 383281424 389753952   2205000      0.56   1214400   6837532  88513156     21.95   3707036   5462960      1380   1146452   1320192     10320     20444    268096
11:56:42 AM 383286588 389759428   2199844      0.56   1214408   6837844  88474236     21.94   3707188   5446220       448   1129936   1319864     10352     20476    268024
11:56:47 AM 383261236 389734396   2224612      0.56   1214412   6838024  92191780     22.86   3707324   5477748      1540   1161116   1320264     10416     21164    268152
11:56:52 AM 383257948 389731256   2228176      0.56   1214416   6838228  92179484     22.86   3707344   5473636       600   1157124   1319780     10368     20900    268080
11:56:57 AM 383264792 389738352   2220956      0.56   1214416   6838484  92173372     22.86   3707416   5473124      1196   1156164   1319900     10288     20816    268080
11:57:02 AM 383262780 389736556   2222608      0.56   1214424   6838744  92197112     22.86   3707408   5484804       664   1167784   1319992     10336     20984    268072
11:57:07 AM 383279756 389753992   2205232      0.56   1214432   6839124  92216804     22.87   3707452   5493432      1452   1175632   1320004     10304     20896    267952
11:57:12 AM 383283404 389757768   2201264      0.56   1214444   6839400  92231440     22.87   3707448   5500240       480   1182524   1320036     10304     20948    267968
11:57:17 AM 383277968 389752880   2206076      0.56   1214448   6839800  92240920     22.87   3707468   5505624      1536   1187148   1320256     10288     20964    268064
11:57:22 AM 383278804 389753864   2205032      0.56   1214456   6840088  92250016     22.88   3707508   5510444       576   1192036   1320168     10288     20980    268000
11:57:27 AM 383293980 389769380   2189320      0.55   1214460   6840368  92255596     22.88   3707544   5514604      1476   1195840   1320420     10320     20932    268024
11:57:32 AM 383259916 389735696   2223376      0.56   1214464   6840672  92221816     22.87   3707672   5500012       728   1181212   1320120     10272     20944    267936
11:57:37 AM 383258688 389734636   2223908      0.56   1214468   6840936  92216604     22.87   3707708   5497344       876   1178416   1320548     10432     21076    267976
11:57:42 AM 383289952 389766692   2192304      0.56   1214468   6841584  89531100     22.20   3707812   5448700       920   1129300   1320240     10256     19916    267824
11:57:47 AM 383239448 389716232   2242964      0.57   1214476   6841612  92197600     22.86   3707880   5487032       616   1167552   1320048     10256     20888    267888
11:57:52 AM 383254712 389731828   2226756      0.56   1214480   6841852  92184480     22.86   3708048   5479320      2132   1159804   1320748     10384     21144    267952
11:57:57 AM 383241380 389718676   2239864      0.57   1214484   6842240  92189000     22.86   3708044   5482648       820   1163000   1320580     10368     21132    267864
11:58:02 AM 383248396 389726020   2232908      0.57   1214488   6842484  92174200     22.86   3708100   5478756      1704   1158652   1320272     10272     20844    267872
11:58:07 AM 383251196 389729096   2229872      0.56   1214492   6842708  92200476     22.86   3708120   5489332       472   1168972   1320280     10304     20992    267928
11:58:12 AM 383265420 389743560   2215548      0.56   1214500   6843096  92223488     22.87   3708128   5499220      1768   1178584   1319984     10320     21032    268072
11:58:17 AM 383294096 389772508   2186736      0.55   1214500   6843360  92237832     22.87   3708124   5506656       488   1185744   1319856     10256     20888    268016
11:58:22 AM 383295484 389773960   2184968      0.55   1214504   6843484  86363884     21.42   3708128   5465936      1580   1144760   1320108     10224     19944    267920
11:58:27 AM 383320340 389799192   2159968      0.55   1214512   6843872  86386004     21.42   3708148   5476552       480   1155112   1319856     10224     19984    267840
11:58:32 AM 383368492 389847564   2111560      0.53   1214520   6844032  80517184     19.97   3708164   5438416      1560   1116792   1319944     10208     18988    267888
11:58:37 AM 383458576 389937472   2022260      0.51   1214532   6843904  62915752     15.60   3708176   5321724       328   1000140   1319276     10128     15988    267824
11:58:42 AM 383498824 389978036   1982252      0.50   1214540   6844116  57045604     14.15   3708184   5282768      1444    960904   1318816     10112     15076    267800
11:58:47 AM 383582920 390062516   1898220      0.48   1214552   6844472  47452796     11.77   3708184   5205760       336    883436   1318384     10032     13328    267696
11:58:52 AM 383676880 390155904   1805424      0.46   1214560   6843852  27686816      6.87   3708204   5077808      1208    756000   1317832      9904      9920    267680
11:58:57 AM 383769500 390248328   1713540      0.43   1214572   6843588  10069332      2.50   3708224   4953624       212    632044   1317348      9808      6880    267632
11:59:02 AM 383761328 390240356   1721776      0.44   1214580   6843768  10081780      2.50   3708232   4960108      1228    638412   1317096      9904      7236    267640
11:59:07 AM 383777280 390256980   1701576      0.43   1214588   6844436  38596156      9.57   3725996   4984588       316    680592   1320668     10064     11912    267816
11:59:12 AM 383735472 390215720   1742732      0.44   1214596   6844804  38591884      9.57   3726256   5037348      1224    732496   1320944     10048     12280    267776
11:59:17 AM 383732800 390213384   1745304      0.44   1214604   6845060  36450708      9.04   3726516   5035120       360    730496   1320780     10096     12096    267744
11:59:22 AM 383725772 390206716   1752132      0.44   1214608   6845296  36442032      9.04   3726768   5032552        16    727744   1320740     10352     11844    267728
11:59:27 AM 383763644 390244204   1717836      0.44   1214612   6844920   4196364      1.04   3726812   4894300         0    589872   1317536      9808      5864    267536
11:59:32 AM 383764500 390245980   1716440      0.43   1214616   6845796   4196876      1.04   3726816   4895704       316    590372   1317196      9808      5868    267568
11:59:37 AM 383763472 390247244   1715360      0.43   1214616   6848028   4201148      1.04   3726820   4900020      1524    592596   1317072      9840      6004    267592
11:59:42 AM 383764532 390250488   1712252      0.43   1214620   6850088   4196876      1.04   3726828   4899984       448    590376   1317056      9792      5868    267536
11:59:47 AM 383351400 389840672   2118140      0.54   1214632   6853324  83800264     20.78   3727292   5425828      2812   1113564   1321052     10320     19160    267920
11:59:52 AM 383396860 389891764   2066940      0.52   1214636   6858932  86802144     21.53   3727516   5371792       700   1054408   1321180     10304     19968    267952
11:59:57 AM 383308128 389803132   2155984      0.55   1214644   6859020  97950620     24.29   3728016   5475848      4656   1158644   1320772     10336     21644    267968
12:00:02 PM 383661800 390161316   1797396      0.46   1214648   6863528  58010764     14.39   3728184   5132760      1352    811176   1321176     10160     14812    267888
12:00:07 PM 383382400 389884076   2074220      0.53   1214656   6865668  90529688     22.45   3728640   5420484      5636   1097292   1321604     10400     20504    268040
12:00:12 PM 383312124 389815508   2143712      0.54   1214656   6867424  97939840     24.29   3729140   5482676      3964   1158212   1320632     10368     21456    267920
12:00:17 PM 383508012 390015676   1944184      0.49   1214660   6871716  70905908     17.58   3729440   5287792      3216    959268   1319976     10304     16956    267928
12:00:22 PM 383379776 389890584   2068592      0.52   1214672   6874848  90528992     22.45   3729896   5430552      5504   1099352   1320660     10416     20768    268040
12:00:27 PM 383354356 389866636   2092228      0.53   1214680   6876308  88380372     21.92   3730352   5424380      4612   1091796   1320976     10336     19968    268032
12:00:32 PM 383332560 389847280   2112092      0.53   1214692   6878700  89236348     22.13   3730808   5446736      2884   1112696   1320504     10320     19488    267936
12:00:37 PM 383471480 389990940   1968776      0.50   1214696   6883448  65067312     16.14   3731152   5291784      4248    953340   1320148     10288     17304    267872
12:00:42 PM 383325932 389847792   2112348      0.53   1214708   6885764  88376076     21.92   3731548   5434468      4708   1093444   1319796     10352     19964    267920
12:00:47 PM 383302908 389826976   2132844      0.54   1214716   6887984  92074988     22.83   3732032   5467172      4648   1125056   1320096     10320     20568    268016
12:00:52 PM 383373208 389899952   2059900      0.52   1214728   6890572  79898096     19.81   3732420   5401504      2348   1057072   1320140     10304     18452    267936
12:00:57 PM 383517272 390048328   1910884      0.48   1214732   6894956  69834564     17.32   3732700   5279544      4184    931012   1320704     10240     17000    267840
12:01:02 PM 383354768 389887252   2071012      0.52   1214740   6896296  92088644     22.84   3733208   5473660      3600   1124800   1321732     10320     20396    267904
12:01:07 PM 383492168 390026872   1932412      0.49   1214744   6898440  56927600     14.12   3733500   5263032      2728    911716   1320784     10160     14796    267856
12:01:12 PM 383787348 390322812   1637940      0.41   1214744   6899056   4201148      1.04   3733520   4944732      1544    592708   1319460      9872      5992    267672
12:01:17 PM 383426760 389962596   1994504      0.51   1214752   6899384  38600588      9.57   3751472   5329428       508    995084   1323148     10096     12280    267872
12:01:22 PM 383373856 389910008   2047244      0.52   1214764   6899632  36458532      9.04   3751712   5390116      1480   1055808   1323052     10160     12104    267856
12:01:27 PM 383369340 389905852   2051536      0.52   1214768   6899852  36450356      9.04   3751948   5387040       528   1052740   1323052     10096     11868    267904
12:01:32 PM 383809552 390346260   1613984      0.41   1214780   6900020   4196876      1.04   3755436   4921580      1456    590500   1320212      9856      5872    267664
12:01:37 PM 383806160 390345548   1614708      0.41   1214788   6902684   4198664      1.04   3755432   4925596       312    591872   1320208      9856      5876    267664
12:01:42 PM 383770752 390320904   1640052      0.42   1214792   6913276   4219404      1.05   3755492   4954000      1648    609760   1319676      9888      6032    267720
12:01:47 PM 383766908 390318452   1642512      0.42   1214804   6914560   4220508      1.05   3755532   4958424      1424    612908   1319764      9856      5920    267648
