Linux 5.15.0-91-generic (gl5) 	01/31/2024 	_x86_64_	(32 CPU)

12:56:09 PM kbmemfree   kbavail kbmemused  %memused kbbuffers  kbcached  kbcommit   %commit  kbactive   kbinact   kbdirty  kbanonpg    kbslab  kbkstack   kbpgtbl  kbvmused
12:56:14 PM 296304156 389838664   1842972      0.47   1570652  91530556   4669432      1.16  40770724  52877500       280    575400   3610212     10592      6120    279912
12:56:19 PM 296286772 389823300   1857964      0.47   1570652  91532552   4675740      1.16  40770776  52882236      1236    578160   3610608     10624      6252    280064
12:56:24 PM 296265204 389802568   1878828      0.48   1570652  91533348   7223104      1.79  40771064  52917876       536    613236   3610516      9696      6984    279200
12:56:29 PM 296302352 389840788   1840736      0.47   1570652  91534292   4196640      1.04  40771216  52881620      1360    576192   3610516      9584      6036    279080
12:56:34 PM 296301212 389841260   1840308      0.47   1570652  91535812   4196640      1.04  40771220  52883184       304    576200   3610564      9568      6008    279048
12:56:39 PM 296296968 389838848   1843108      0.47   1570652  91537428   4200544      1.04  40771228  52886584      1144    578120   3610392      9616      6156    279056
12:56:44 PM 296296400 389839968   1842028      0.47   1570652  91539012   4196640      1.04  40771220  52886364       360    576188   3610456      9600      6008    279032
12:56:49 PM 296293800 389838896   1843004      0.47   1570652  91540464   4200676      1.04  40771228  52890396       776    578640   3610628     10000      5764    279120
12:56:54 PM 296294384 389841364   1840528      0.47   1570652  91542160   4196772      1.04  40771228  52889656       124    576340   3610824      9600      6076    279080
12:56:59 PM 296293712 389842408   1839420      0.47   1570652  91543644   4196772      1.04  40771220  52891264      1180    576984   3611120      9776      6008    279064
12:57:04 PM 296293824 389844064   1837536      0.47   1570652  91545028   4196772      1.04  40771228  52892592         0    576424   3611508      9616      6048    279032
12:57:09 PM 296294628 389846440   1835132      0.46   1570652  91546540   4195988      1.04  40771220  52893924       580    576212   3611596      9568      5984    279000
12:57:14 PM 296287652 389840968   1840844      0.47   1570652  91547852   4196920      1.04  40771232  52895472        28    576460   3611548      9568      6016    278984
12:57:19 PM 296286992 389841952   1839956      0.47   1570652  91549408   4196920      1.04  40771236  52897156       304    576668   3611540      9616      6124    278984
12:57:24 PM 296290400 389846956   1835148      0.46   1570652  91550896   4196920      1.04  40771232  52898336      1400    576268   3611452      9600      6016    279000
12:57:29 PM 296288728 389846964   1835112      0.46   1570652  91552468   4196920      1.04  40771232  52899920       332    576304   3611588      9600      6016    279032
12:57:34 PM 296282548 389842456   1839664      0.47   1570652  91553936   4196920      1.04  40771236  52901552      1256    576480   3611748      9616      6052    279064
12:57:39 PM 296281372 389842804   1839336      0.47   1570652  91555400   4197052      1.04  40771232  52902988       232    576424   3611788      9600      6020    279080
12:57:44 PM 296270876 389834112   1848080      0.47   1570652  91557008   4197052      1.04  40771236  52904656      1264    576512   3611932      9632      6048    279016
12:57:49 PM 296272136 389837024   1845172      0.47   1570652  91558560   4197052      1.04  40771240  52906344       208    576692   3612028      9616      6080    279032
12:57:54 PM 296262036 389828564   1853208      0.47   1570652  91559976   4201272      1.04  40771244  52910032      1244    578972   3612676      9648      6204    279088
12:57:59 PM 296264632 389832676   1849224      0.47   1570652  91561412   4197184      1.04  40771236  52909168       348    576628   3612628      9552      5948    279048
12:58:04 PM 296263824 389835644   1846500      0.47   1570652  91564936   4197184      1.04  40771248  52913000      1620    576964   3612636      9568      6048    279000
12:58:09 PM 296266084 389839088   1843048      0.47   1570656  91566072   4197184      1.04  40771248  52914112       204    576908   3612688      9584      6052    279000
12:58:14 PM 296259536 389834216   1847076      0.47   1570656  91567616   4197184      1.04  40771252  52915840       420    577104   3613664      9600      6116    279064
12:58:19 PM 296260196 389836308   1844972      0.47   1570656  91568972   4197316      1.04  40771252  52917144       172    577060   3613752      9600      6080    279032
12:58:24 PM 296260980 389838764   1842584      0.47   1570656  91570520   4197316      1.04  40771256  52918728      1196    577108   3613808      9600      6084    279032
12:58:29 PM 296259780 389839040   1842308      0.47   1570656  91571900   4197316      1.04  40771252  52920100       216    577072   3613904      9600      6056    278984
12:58:34 PM 296265988 389846504   1835112      0.46   1570656  91573160   4197316      1.04  40771244  52922264       564    577840   3613632     10208      6132    279000
12:58:39 PM 296253636 389835708   1845784      0.47   1570660  91574620   4201536      1.04  40771264  52925116         8    579432   3613848      9616      6172    279024
12:58:44 PM 296256336 389839900   1841532      0.47   1570660  91576056   4197448      1.04  40771252  52925160      1200    577916   3613964     10128      6136    279048
12:58:49 PM 296256984 389842152   1839208      0.47   1570660  91577548   4197448      1.04  40771260  52925912        16    577280   3614148      9600      6080    279032
12:58:54 PM 296258240 389844824   1836556      0.47   1570660  91578872   4196664      1.04  40771256  52927072       568    577044   3614220      9552      5984    278984
12:58:59 PM 296273020 389861096   1820708      0.46   1570660  91580308   4197448      1.04  40771268  52928728       932    577336   3613852      9616      6076    279032
12:59:04 PM 296271848 389861456   1820380      0.46   1570660  91581744   4197580      1.04  40771272  52930264       376    577392   3613916      9600      6076    279016
12:59:09 PM 296272960 389864040   1817840      0.46   1570660  91583024   4199532      1.04  40771276  52933112      1396    579024   3614064      9600      6116    279064
12:59:14 PM 296286056 389878736   1803108      0.46   1570660  91584564   4201800      1.04  40771276  52935308       420    579660   3614160      9632      6232    279056
12:59:19 PM 296300232 389894416   1787336      0.45   1570660  91585888   4197580      1.04  40771276  52934432       888    577432   3614432      9568      6048    279032
12:59:24 PM 296300596 389896024   1785720      0.45   1570660  91587076   4201484      1.04  40771280  52937456       304    579452   3614496      9600      6160    279072
12:59:29 PM 296300796 389897844   1783936      0.45   1570660  91588516   4197724      1.04  40771276  52937196      1328    577612   3614640      9536      6020    279032
12:59:34 PM 296300960 389899796   1782008      0.45   1570660  91590204   4201628      1.04  40771284  52940696       344    579572   3614716      9632      6196    279024
12:59:39 PM 296293404 389893640   1788136      0.45   1570660  91591420   4201944      1.04  40771284  52942568       872    580064   3614928      9600      6164    279056
12:59:44 PM 296296372 389898120   1783724      0.45   1570660  91592832   4197724      1.04  40771284  52941644       276    577712   3614960      9568      6044    279000
12:59:49 PM 296288076 389891724   1789964      0.45   1570660  91594492   4197864      1.04  40771284  52943332       968    577760   3615356      9584      6052    279048
12:59:54 PM 296286132 389891260   1790404      0.45   1570660  91595876   4197864      1.04  40771284  52944708       308    577780   3615476      9600      6048    279016
12:59:59 PM 296279920 389887016   1794868      0.45   1570660  91597592   4199144      1.04  40771288  52947744       924    579088   3615508      9584      6048    279032
01:00:04 PM 296277996 389886784   1795096      0.45   1570660  91599188   4199144      1.04  40771288  52949400       256    579116   3615608      9584      6052    279016
01:00:09 PM 296275544 389885788   1796116      0.45   1570660  91600596   4199144      1.04  40771288  52950792       968    579144   3615632      9584      6052    279080
01:00:14 PM 296273196 389885100   1796812      0.46   1570660  91602144   4199276      1.04  40771292  52952388       304    579172   3615736      9552      6024    279096
01:00:19 PM 296264796 389878372   1803480      0.46   1570660  91603748   4199276      1.04  40771288  52954036      1008    579212   3615864      9584      6048    279064
01:00:24 PM 296264364 389879448   1802344      0.46   1570660  91605160   4199276      1.04  40771292  52955444        44    579244   3616020      9584      6048    279048
01:00:29 PM 296264432 389880940   1800840      0.46   1570660  91606444   4199276      1.04  40771296  52956580       968    579160   3616172      9840      5740    279080
01:00:34 PM 296278016 389896268   1785692      0.45   1570660  91608100   4199276      1.04  40771292  52958404        36    579300   3616080      9584      6056    279032
01:00:39 PM 296278844 389898432   1783444      0.45   1570660  91609344   4199276      1.04  40771288  52960240         0    579372   3616256      9904      6028    279080
01:00:44 PM 296277044 389898732   1783084      0.45   1570660  91611220   4199408      1.04  40771292  52961532      1244    579268   3616540      9552      5984    279080
01:00:49 PM 296276112 389899568   1782264      0.45   1570660  91612852   4199408      1.04  40771296  52963364       284    579448   3616660      9552      6056    279048
01:00:54 PM 296271472 389896664   1785308      0.45   1570660  91614560   4203312      1.04  40771300  52966028      1272    580964   3616548      9552      6012    279088
01:00:59 PM 296268596 389895040   1786852      0.45   1570660  91615736   4203760      1.04  40771308  52968412       484    581672   3616704      9616      6172    279088
01:01:04 PM 296273716 389901556   1780436      0.45   1570660  91617048   4199540      1.04  40771308  52968016      1412    579932   3616688      9600      6144    279048
01:01:09 PM 296273312 389902552   1779460      0.45   1570660  91618348   4199540      1.04  40771308  52969060       252    579648   3616768      9616      6156    279064
01:01:14 PM 296262972 389894312   1787652      0.45   1570660  91620324   4199540      1.04  40771304  52970976      1228    579608   3616940      9584      6084    279064
01:01:19 PM 296262036 389894980   1786892      0.45   1570660  91621820   4199676      1.04  40771308  52972456       224    579568   3617140      9520      5984    279048
01:01:24 PM 296260860 389895540   1786388      0.45   1570660  91623516   4199676      1.04  40771312  52974196      1276    579604   3617124      9520      5996    279032
01:01:29 PM 296260168 389896584   1785308      0.45   1570660  91625152   4203580      1.04  40771316  52977724       220    581544   3617260      9600      6180    279104
01:01:34 PM 296247560 389885536   1796024      0.45   1570660  91626892   4203896      1.04  40771316  52979776      1424    581896   3617412      9584      6140    279104
01:01:39 PM 296245964 389885548   1796300      0.45   1570660  91628360   4199808      1.04  40771320  52979256       212    579832   3617264      9536      6040    279048
01:01:44 PM 296250900 389891704   1790324      0.45   1570660  91629552   4199808      1.04  40771324  52980652      1248    580112   3617112      9568      6116    279064
01:01:49 PM 296250064 389892204   1789760      0.45   1570660  91630772   4200660      1.04  40771012  52982096       184    579972   3617292      9648      6200    279080
01:01:54 PM 296248356 389892476   1789872      0.45   1570660  91632628   4199808      1.04  40771016  52983920      1240    579960   3617032      9520      6036    279048
01:01:59 PM 296247720 389893500   1788960      0.45   1570660  91634148   4199808      1.04  40771020  52985532       196    580000   3617060      9536      6068    279032
01:02:04 PM 296246352 389893476   1789000      0.45   1570660  91635632   4199940      1.04  40771012  52987008      1276    580028   3616904      9552      6064    279064
01:02:09 PM 296245388 389894168   1788312      0.45   1570660  91637172   4199940      1.04  40771024  52988584       200    580064   3617016      9552      6068    279080
01:02:14 PM 296235664 389886212   1796232      0.45   1570660  91638876   4199940      1.04  40771028  52990968      1184    580364   3617116      9728      6328    279096
01:02:19 PM 296235104 389887056   1795356      0.45   1570660  91640184   4199940      1.04  40771024  52991636       168    580104   3617244      9520      6036    279064
01:02:24 PM 296226876 389880244   1802156      0.46   1570660  91641508   4199852      1.04  40771028  52993220       224    579940   3617348      9792      6080    279048
01:02:29 PM 296223120 389878312   1803968      0.46   1570660  91643192   4200072      1.04  40771028  52994492      1360    579924   3617608      9552      6068    279064
01:02:34 PM 296215900 389872796   1809716      0.46   1570664  91644804   4204292      1.04  40771036  52998600       524    582504   3617464      9600      6252    279072
01:02:39 PM 296212332 389870968   1811780      0.46   1570664  91646392   4200072      1.04  40771032  52997660      1312    579892   3617380      9600      6068    279080
01:02:44 PM 296211968 389871964   1810780      0.46   1570664  91647660   4200204      1.04  40771036  52999044       408    580032   3617476      9584      6100    279048
01:02:49 PM 296207784 389869520   1813172      0.46   1570664  91649324   4200204      1.04  40771040  53000676      1172    580040   3617604      9584      6076    279128
01:02:54 PM 296206212 389869724   1812996      0.46   1570664  91650956   4200204      1.04  40771040  53002388       388    580076   3617720      9584      6076    279128
01:02:59 PM 296203392 389868264   1814532      0.46   1570664  91652120   4200204      1.04  40771040  53003540      1232    580096   3617840      9568      6068    279112
01:03:04 PM 296201724 389868272   1814424      0.46   1570664  91653672   4200336      1.04  40771040  53005064       332    580016   3618064      9584      6044    279096
01:03:09 PM 296202936 389870916   1811780      0.46   1570664  91655084   4200336      1.04  40771040  53006572      1212    580148   3618084      9584      6076    279096
01:03:14 PM 296203172 389872676   1809996      0.46   1570664  91656544   4200336      1.04  40771044  53008096       220    580176   3618172      9568      6044    279080
01:03:19 PM 296204080 389875384   1807504      0.46   1570664  91658264   4204556      1.04  40771052  53011972      1232    582464   3618036      9632      6224    279088
01:03:24 PM 296208920 389881244   1801636      0.46   1570664  91659224   4200336      1.04  40771048  53010780       400    580232   3618104      9584      6076    279032
01:03:29 PM 296224516 389898724   1784036      0.45   1570664  91660956   4200468      1.04  40771044  53012544      1216    580268   3618376      9584      6076    279112
01:03:34 PM 296224348 389900064   1782712      0.45   1570664  91662360   4200468      1.04  40771048  53013968       272    580256   3618464      9552      6008    279080
01:03:39 PM 296218480 389896064   1786772      0.45   1570664  91664108   4200468      1.04  40771052  53015752      1112    580328   3618524      9600      6072    279096
01:03:44 PM 296217616 389896708   1786072      0.45   1570664  91665512   4200724      1.04  40771052  53017232       292    580396   3618684      9616      6100    279080
01:03:49 PM 296224864 389905664   1777240      0.45   1570664  91667048   4200856      1.04  40771052  53018844      1108    580456   3618732      9600      6072    279176
01:03:54 PM 296223208 389905292   1777644      0.45   1570664  91668228   4205076      1.04  40771056  53022340       364    582784   3618804      9632      6192    279136
01:03:59 PM 296219692 389903732   1779152      0.45   1570664  91669964   4205076      1.04  40771052  53025048      1216    583908   3619076     10064      6508    279136
01:04:04 PM 296208396 389893844   1788984      0.45   1570664  91671280   4205076      1.04  40771064  53025460         0    582884   3619224      9616      6172    279072
01:04:09 PM 296205020 389891768   1791180      0.45   1570664  91672520   4200636      1.04  40771052  53024760       532    581024   3619164      9968      6120    279112
01:04:14 PM 296204896 389893484   1789756      0.45   1570664  91674152   4201268      1.04  40771060  53026308       508    580840   3619080      9584      6072    279080
01:04:19 PM 296203628 389894004   1789236      0.45   1570664  91675844   4201268      1.04  40771064  53028092       336    580928   3619176      9600      6072    279064
01:04:24 PM 296200212 389892172   1791236      0.45   1570664  91677448   4201268      1.04  40771060  53029860      1500    581048   3618988      9568      6008    279032
01:04:29 PM 296200080 389893900   1789500      0.45   1570664  91679220   4201268      1.04  40771060  53031712       296    581180   3619084      9616      6068    279064
01:04:34 PM 296195032 389890248   1793224      0.45   1570664  91680504   4201268      1.04  40771068  53033172      1252    581352   3619124      9600      6080    279032
01:04:39 PM 296196072 389892948   1790504      0.45   1570664  91682104   4201656      1.04  40771064  53034740       380    581320   3619204      9600      6040    279016
01:04:44 PM 296194960 389893320   1790284      0.45   1570664  91683488   4201656      1.04  40771072  53036316      1328    581492   3619152      9600      6076    279064
01:04:49 PM 296194740 389894704   1788776      0.45   1570664  91685008   4201656      1.04  40771072  53037892       252    581588   3619360      9616      6112    279064
01:04:54 PM 296195352 389896660   1786780      0.45   1570664  91686232   4201656      1.04  40771072  53039204      1384    581640   3619520      9600      6072    279064
01:04:59 PM 296197236 389899900   1783532      0.45   1570664  91687500   4201788      1.04  40771072  53040536       228    581732   3619616      9616      6104    279112
01:05:04 PM 296197336 389901924   1781384      0.45   1570664  91689248   4202044      1.04  40771084  53042508      1420    582004   3619916      9584      6076    279096
01:05:09 PM 296198176 389904356   1779048      0.45   1570664  91690740   4202044      1.04  40771076  53043904       228    581904   3619920      9616      6104    279128
01:05:14 PM 296194436 389902176   1781408      0.45   1570664  91692244   4202044      1.04  40771080  53045484      1388    581948   3619796      9600      6068    279048
01:05:19 PM 296196792 389905724   1777840      0.45   1570664  91693368   4202044      1.04  40771076  53046552       200    581856   3619884      9552      5976    279096
01:05:24 PM 296193120 389903644   1779980      0.45   1570664  91694732   4202176      1.04  40771072  53048056      1340    581992   3620052      9632      6072    279128
01:05:29 PM 296193820 389906060   1777576      0.45   1570672  91696396   4206336      1.04  40771080  53051624       192    583936   3620084      9648      6160    279152
01:05:34 PM 296184528 389898624   1785184      0.45   1570672  91697940   4202432      1.04  40771088  53051456      1284    582248   3620224      9616      6080    279128
01:05:39 PM 296172288 389887764   1796012      0.45   1570672  91699240   4210556      1.04  40771104  53056820       288    586408   3620336      9680      6308    279112
01:05:44 PM 296158992 389875992   1807716      0.46   1570672  91700692   4202564      1.04  40771092  53054332       988    582372   3620476      9760      6132    279080
01:05:49 PM 296160472 389879152   1804804      0.46   1570672  91702156   4202564      1.04  40771096  53055848         8    582444   3620444      9648      6108    279096
01:05:54 PM 296161560 389881736   1802204      0.46   1570672  91703568   4202432      1.04  40771096  53057276       352    582476   3620544     10112      6064    279080
01:05:59 PM 296162856 389884752   1798952      0.46   1570672  91705168   4202564      1.04  40771100  53059024         4    582588   3620900      9616      6080    279048
01:06:04 PM 296164112 389887532   1796204      0.45   1570672  91706640   4202820      1.04  40771100  53060648       396    582680   3620920      9600      6076    279048
01:06:09 PM 296170908 389895736   1787784      0.45   1570672  91707948   4202952      1.04  40771100  53061980      1432    582760   3621236      9600      6108    279080
01:06:14 PM 296169072 389895668   1787860      0.45   1570672  91709592   4206856      1.04  40771104  53065408       412    584564   3621352      9632      6152    279088
01:06:19 PM 296154356 389882276   1801128      0.46   1570672  91710900   4207172      1.04  40771108  53067272      1520    585096   3621492      9632      6192    279104
01:06:24 PM 296157764 389887180   1796252      0.45   1570672  91712316   4202952      1.04  40771104  53066540       440    582948   3621544      9600      6072    279048
01:06:29 PM 296164972 389896148   1787064      0.45   1570672  91714056   4203340      1.04  40771108  53068380      1308    583056   3621784      9616      6108    279128
01:06:34 PM 296165888 389898396   1784644      0.45   1570672  91715324   4203340      1.04  40771108  53069696       336    583108   3622020      9600      6072    279112
01:06:39 PM 296164892 389899000   1784136      0.45   1570672  91716804   4203340      1.04  40771112  53071264      1288    583192   3622044      9600      6076    279064
01:06:44 PM 296164220 389899980   1783140      0.45   1570672  91718348   4203340      1.04  40771112  53072888       288    583280   3622168      9600      6080    279064
01:06:49 PM 296162924 389900588   1782396      0.45   1570672  91720092   4203472      1.04  40771112  53074728      1380    583368   3622464      9600      6008    279064
01:06:54 PM 296163152 389902192   1780776      0.45   1570672  91721396   4203728      1.04  40771104  53075924       320    583196   3622552      9568      6004    279048
01:06:59 PM 296158100 389898820   1784228      0.45   1570672  91722952   4203728      1.04  40771116  53077764      1280    583564   3622596      9648      6108    279048
01:07:04 PM 296159656 389902032   1781024      0.45   1570672  91724520   4203728      1.04  40771116  53079436       284    583772   3622676      9680      6108    279080
01:07:09 PM 296157140 389901044   1782048      0.45   1570672  91725940   4203728      1.04  40771120  53081068      1228    583868   3622748      9664      6144    279032
01:07:14 PM 296149988 389895148   1787920      0.45   1570672  91727148   4208080      1.04  40771124  53084508       296    586196   3622820      9744      6284    279072
01:07:19 PM 296149740 389896396   1786388      0.45   1570672  91728504   4203860      1.04  40771116  53083736      1176    583960   3623244      9616      6048    279144
01:07:24 PM 296151628 389899916   1783092      0.45   1570672  91730084   4204116      1.04  40771120  53085020       272    583684   3623072      9616      6048    279112
01:07:29 PM 296150492 389900272   1782780      0.45   1570672  91731448   4204248      1.04  40771116  53087376      1080    584292   3623156      9856      5832    279112
01:07:34 PM 296150948 389902300   1780644      0.45   1570672  91732972   4204248      1.04  40771120  53088072      1168    583848   3623312      9632      6040    279096
01:07:39 PM 296158836 389911868   1771188      0.45   1570672  91734568   4204248      1.04  40771120  53090304       408    584500   3623284      9984      6064    279064
01:07:44 PM 296156792 389911464   1771656      0.45   1570672  91736064   4204504      1.04  40771124  53091344       612    584032   3623364      9616      6080    279064
01:07:49 PM 296156468 389912600   1770496      0.45   1570672  91737448   4204504      1.04  40771128  53092916       304    584244   3623464      9648      6148    279032
01:07:54 PM 296155316 389913328   1769880      0.45   1570672  91739192   4204636      1.04  40771128  53094604      1448    584216   3623488      9616      6076    279064
01:07:59 PM 296154704 389913964   1769264      0.45   1570672  91740320   4204636      1.04  40771128  53095784       292    584152   3623588      9600      6068    279032
01:08:04 PM 296150232 389911128   1772000      0.45   1570672  91741752   4208856      1.04  40771136  53099532      1640    586576   3623892      9648      6196    279088
01:08:09 PM 296153032 389915524   1767684      0.45   1570672  91743240   4204636      1.04  40771136  53098972       400    584456   3623920      9616      6076    279096
01:08:14 PM 296151952 389916060   1767088      0.45   1570672  91744756   4204892      1.04  40771128  53100388      1416    584324   3624080      9632      6068    279080
01:08:19 PM 296151568 389917644   1765488      0.45   1570672  91746648   4208928      1.04  40771148  53104460       260    586704   3624172      9696      6296    279088
01:08:24 PM 296154800 389922096   1760884      0.45   1570672  91747876   4205024      1.04  40771140  53103872      1504    584760   3624316      9616      6080    279112
01:08:29 PM 296153368 389922176   1760716      0.45   1570672  91749308   4205280      1.04  40771140  53105420       200    584856   3624484      9616      6080    279096
01:08:34 PM 296146332 389916704   1766356      0.45   1570672  91750944   4209184      1.04  40771144  53108904      1232    586748   3624244      9664      6188    279104
01:08:39 PM 296146064 389918084   1764940      0.45   1570672  91752516   4205412      1.04  40771144  53109156       340    585388   3624356      9648      6144    279080
01:08:44 PM 296131620 389905536   1777260      0.45   1570672  91754276   4209632      1.04  40771144  53112852      1416    587364   3624720      9648      6192    279152
01:08:49 PM 296137156 389912464   1770476      0.45   1570672  91755592   4205668      1.04  40771148  53112044       220    585208   3624652      9616      6084    279128
01:08:54 PM 296137476 389914336   1768460      0.45   1570672  91757036   4205804      1.04  40771152  53113664      1256    585484   3624904      9648      6152    279080
01:08:59 PM 296138004 389915992   1766852      0.45   1570672  91758092   4205804      1.04  40771144  53114652       184    585260   3624928      9568      5984    279096
01:09:04 PM 296133576 389913152   1769624      0.45   1570672  91759888   4205804      1.04  40771140  53116648       528    585512   3624788      9616      6088    279096
01:09:09 PM 296134836 389915576   1767184      0.45   1570672  91761072   4206060      1.04  40771152  53117896         8    585604   3624784      9632      6120    279096
01:09:14 PM 296134348 389917012   1765784      0.45   1570672  91762888   4206060      1.04  40771148  53120068       400    586016   3624856      9984      6044    279096
01:09:19 PM 296133660 389917884   1764984      0.45   1570672  91764336   4206060      1.04  40771156  53121484         0    585928   3624896      9648      6152    279096
01:09:24 PM 296132760 389918408   1764428      0.45   1570672  91765656   4206412      1.04  40771148  53123496       760    586664   3625032      9920      6036    279112
01:09:29 PM 296133284 389920404   1762356      0.45   1570672  91767096   4206448      1.04  40771156  53124492       732    586124   3625140      9616      6084    279016
01:09:34 PM 296132668 389921260   1761516      0.45   1570672  91768512   4206448      1.04  40771156  53125844       368    586080   3625180      9584      6016    279016
01:09:39 PM 296131968 389922676   1760012      0.45   1570672  91770500   4210352      1.04  40771164  53129896       868    588164   3625396      9600      6132    278992
01:09:44 PM 296133092 389925060   1757604      0.45   1570672  91771760   4210484      1.04  40771160  53131140       376    588196   3625420      9664      6208    279056
01:09:49 PM 296129740 389923312   1759456      0.45   1570672  91773532   4210740      1.04  40771168  53133188       888    588404   3625148      9648      6212    279072
01:09:54 PM 296131792 389926672   1756048      0.44   1570672  91774776   4210740      1.04  40771168  53134492       312    588488   3625260      9648      6208    279072
01:09:59 PM 296129108 389925796   1757080      0.44   1570672  91776448   4210740      1.04  40771168  53136168      1244    588560   3625240      9616      6176    279088
01:10:04 PM 296126176 389923980   1758784      0.45   1570672  91777508   4206836      1.04  40771164  53135220       564    586544   3625408      9584      5996    279000
01:10:09 PM 296118508 389918208   1764584      0.45   1570672  91779284   4207224      1.04  40771168  53137360       760    586896   3625500      9616      6088    279016
01:10:14 PM 296116732 389917964   1764912      0.45   1570672  91780696   4207224      1.04  40771168  53138956       196    587028   3625536      9584      6020    279000
01:10:19 PM 296108484 389911180   1771272      0.45   1570672  91782028   4211128      1.04  40771168  53141488      1196    588728   3626092      9616      6064    279056
01:10:24 PM 296107976 389912196   1770248      0.45   1570672  91783472   4207224      1.04  40771168  53141752       404    587064   3626180      9616      6092    279016
01:10:29 PM 296221184 389908136   1774640      0.45   1570672  91666688   4215412      1.05  40771324  53024944     18556    587236   3625364      9616      5576    279016
01:10:34 PM 296221644 389910112   1772624      0.45   1570672  91668120   4215412      1.05  40771336  53026648       144    587544   3625488      9648      5652    279000
01:10:39 PM 296214980 389905084   1777580      0.45   1570672  91669700   4215412      1.05  40771332  53028148       992    587412   3625616      9600      5584    279032
01:10:44 PM 296217228 389908656   1774028      0.45   1570672  91670968   4215412      1.05  40771336  53029508      1164    587496   3625652      9600      5584    279064
01:10:49 PM 296210640 389903384   1779212      0.45   1570672  91672320   4215924      1.05  40771332  53030960       484    587572   3625704      9600      5580    279112
01:10:54 PM 296213312 389907336   1775260      0.45   1570672  91673560   4215924      1.05  40771340  53032240       140    587652   3625744      9600      5576    279080
01:10:59 PM 296210068 389905268   1777376      0.45   1570672  91674704   4219960      1.05  40771324  53035760       728    590528   3625728     10048      5808    279120
01:11:04 PM 296205824 389902828   1779800      0.45   1570672  91676436   4220276      1.05  40771344  53037556         8    590084   3625816      9664      5720    279072
01:11:09 PM 296206732 389905132   1777684      0.45   1570672  91677764   4216084      1.05  40771336  53036884       300    588652   3625696     10000      5648    279112
01:11:14 PM 296207436 389907540   1774956      0.45   1570672  91679536   4216312      1.05  40771344  53038648       716    588044   3625948      9600      5580    279128
01:11:19 PM 296207460 389908868   1773608      0.45   1570672  91680800   4216444      1.05  40771344  53039988       244    588144   3626008      9616      5608    279096
01:11:24 PM 296199860 389903028   1779692      0.45   1570672  91682464   4216444      1.05  40771344  53041784       840    588260   3625860      9616      5612    279096
01:11:29 PM 296200516 389905168   1777536      0.45   1570672  91683840   4216700      1.05  40771344  53043216       280    588336   3625984      9616      5588    279144
01:11:34 PM 296204132 389910144   1772716      0.45   1570672  91685120   4216700      1.05  40771348  53044592       816    588428   3625908      9616      5588    279128
01:11:39 PM 296204096 389911756   1771092      0.45   1570672  91686672   4216700      1.05  40771352  53046248       256    588564   3626016      9616      5588    279128
01:11:44 PM 296200808 389909944   1772520      0.45   1570672  91688464   4216832      1.05  40771352  53048236       928    588712   3626084      9632      5612    279096
01:11:49 PM 296202288 389913132   1769304      0.45   1570672  91690068   4217088      1.05  40771352  53049900       260    588840   3626216      9648      5652    279112
01:11:54 PM 296206428 389919232   1763332      0.45   1570672  91691896   4220992      1.05  40771360  53053652       872    590796   3626220      9648      5700    279184
01:11:59 PM 296203596 389917616   1765008      0.45   1570672  91693052   4221308      1.05  40771360  53055180       288    591084   3626220      9616      5664    279168
01:12:04 PM 296205296 389921072   1761472      0.45   1570672  91694720   4217312      1.05  40771356  53054796       880    589052   3626388      9552      5548    279096
01:12:09 PM 296202364 389920008   1762532      0.45   1570672  91696456   4221788      1.05  40771356  53058872       284    591436   3626524      9632      5708    279136
01:12:14 PM 296209276 389928992   1753448      0.44   1570672  91698324   4217568      1.05  40771360  53058596       780    589248   3626828      9584      5584    279096
01:12:19 PM 296208272 389929716   1752620      0.44   1570672  91699956   4217568      1.05  40771360  53060360       236    589368   3627028      9584      5584    279112
01:12:24 PM 296199824 389923024   1759008      0.45   1570672  91701560   4217824      1.05  40771364  53062036       728    589424   3627484      9536      5516    279096
01:12:29 PM 296198716 389923744   1758268      0.45   1570672  91703272   4217824      1.05  40771364  53063824       180    589576   3627620      9600      5612    279080
01:12:34 PM 296193152 389919732   1762228      0.45   1570672  91704752   4217956      1.05  40771364  53065440       720    589664   3627744      9568      5584    279128
01:12:39 PM 296194844 389923144   1758780      0.45   1570672  91706328   4217956      1.05  40771368  53067068       148    589768   3627924      9568      5584    279112
01:12:44 PM 296185048 389915056   1766836      0.45   1570672  91708080   4218212      1.05  40771360  53069944       676    590224   3627912      9808      5648    279096
01:12:49 PM 295725760 389459372   2218536      0.56   1570672  91711640  98924924     24.53  40772308  53604616      2864   1123204   3631940     10112     19724    279368
01:12:54 PM 295685048 389420288   2256920      0.57   1570672  91713452  99049308     24.56  40772492  53635984       344   1152456   3632456     10288     20152    279448
01:12:59 PM 295687916 389424004   2253984      0.57   1570672  91714040  98951012     24.54  40772492  53639112      1512   1155516   3631936     10112     20120    279384
01:13:04 PM 295715968 389453156   2224920      0.56   1570672  91715128  95250564     23.62  40772500  53605440       860   1120624   3631860     10112     19640    279464
01:13:09 PM 295705036 389443760   2234428      0.57   1570672  91716812  91927768     22.80  40772548  53614344      1976   1127824   3631600     10128     19852    279416
01:13:14 PM 295623908 389363996   2314808      0.59   1570672  91718140  99054872     24.56  40772864  53644648      3524   1157312   3631020     10064     20068    279464
01:13:19 PM 295600488 389341736   2336888      0.59   1570672  91719336  98849944     24.51  40772956  53649984      5052   1161460   3631164     10160     20212    279568
01:13:24 PM 295587144 389329276   2349448      0.60   1570672  91720200  99156760     24.59  40772976  53652240      5072   1162256   3631084     10112     19740    279560
01:13:29 PM 295583040 389325660   2352432      0.60   1570672  91720996  98752840     24.49  40773040  53656628      5788   1166732   3631408     10176     20276    279584
01:13:34 PM 295627268 389371772   2305780      0.58   1570672  91723368  92233784     22.87  40773140  53606392      5260   1114348   3631460     10208     19568    279536
01:13:39 PM 295579020 389325316   2353400      0.60   1570672  91724760  93123728     23.09  40773324  53637300      5264   1143776   3630696     10144     19232    279496
01:13:44 PM 295551928 389298904   2380104      0.60   1570672  91725432  99054676     24.56  40773432  53658948      4912   1164992   3630412     10160     20072    279496
01:13:49 PM 295555484 389303496   2375168      0.60   1570672  91726472  98854076     24.51  40773492  53661092      5692   1166160   3630752     10176     20120    279576
01:13:54 PM 295555284 389304904   2373568      0.60   1570672  91728108  96039432     23.82  40773536  53660448      5480   1163856   3630916     10160     19552    279608
01:13:59 PM 295646116 389398436   2279900      0.58   1570672  91730780  85721432     21.26  40773688  53573780      4776   1075216   3631080     10192     18452    279576
01:14:04 PM 295598776 389351460   2327168      0.59   1570672  91731104  96037256     23.82  40773888  53634308      4436   1135172   3630828     10192     19536    279544
01:14:09 PM 295563356 389316832   2361956      0.60   1570672  91731908  99052052     24.56  40773916  53661412      5548   1161436   3630656     10240     20096    279672
01:14:14 PM 295586328 389341112   2337640      0.59   1570672  91733252  98645172     24.46  40774044  53661336      4688   1159728   3630656     10240     20036    279696
01:14:19 PM 295613048 389370068   2308400      0.58   1570672  91735444  92136828     22.85  40774084  53615872      5040   1112428   3630984     10240     19080    279664
01:14:24 PM 295609968 389369460   2309364      0.58   1570672  91737876  91361876     22.66  40774264  53609084      4440   1103216   3630668     10240     19196    279648
01:14:29 PM 295536292 389296052   2382700      0.60   1570672  91738148  99061068     24.57  40774384  53676364      5848   1171124   3630736     10192     19908    279704
01:14:34 PM 295535656 389296936   2381980      0.60   1570672  91739640  96353220     23.89  40774444  53661092      4692   1153788   3630600     10208     19608    279720
01:14:39 PM 295551316 389312964   2364616      0.60   1570672  91740100  95628260     23.71  40774532  53643176      4336   1135436   3631844     10416     19152    279656
01:14:44 PM 295537468 389301228   2377596      0.60   1570672  91742264  98968128     24.54  40774712  53681412      5912   1171832   3630548     10256     20304    279600
01:14:49 PM 295534412 389299280   2379936      0.60   1570672  91743348  99069676     24.57  40774820  53678372      4928   1167576   3630180     10256     20256    279600
01:14:54 PM 295528772 389294520   2384404      0.60   1570672  91744232  96043452     23.82  40774888  53655772      5404   1144492   3630468     10208     19720    279592
01:14:59 PM 295503856 389271176   2407648      0.61   1570672  91745800  98654492     24.47  40774920  53682928      6212   1170100   3630572     10224     20180    279656
01:15:04 PM 295581888 389351664   2326108      0.59   1570672  91748172  88922004     22.05  40775124  53608652      5452   1093804   3631708     10272     19168    279632
01:15:09 PM 295553384 389324292   2353328      0.60   1570672  91749300  95946840     23.79  40775252  53664484      5036   1148516   3631864     10224     19572    279640
01:15:14 PM 295542140 389313636   2363732      0.60   1570672  91749876  99171052     24.59  40775336  53687628      5612   1170932   3632128     10256     20184    279592
01:15:19 PM 295555848 389328168   2349076      0.59   1570672  91750704  98962600     24.54  40775388  53682512      5108   1165084   3632248     10224     20056    279592
01:15:24 PM 295541404 389315968   2361128      0.60   1570672  91753044  98550200     24.44  40775576  53681120      5796   1161724   3632300     10240     20028    279576
01:15:29 PM 295516632 389292744   2384936      0.60   1570672  91754568  98861780     24.52  40775740  53686796      4772   1165856   3631740     10288     20220    279560
01:15:34 PM 295495512 389272532   2405584      0.61   1570672  91755472  98854588     24.51  40775780  53682980      5512   1161240   3631308     10256     20072    279544
01:15:39 PM 295506096 389284048   2394636      0.61   1570672  91756360  98655240     24.47  40775852  53687060      4748   1163584   3630784     10336     19956    279616
01:15:44 PM 295517316 389297716   2380708      0.60   1570672  91758752  90565144     22.46  40775944  53641460      5812   1116016   3631100     10192     19276    279592
01:15:49 PM 295487624 389268680   2409968      0.61   1570672  91759376  98755096     24.49  40776100  53691200      4912   1165344   3630908     10256     20160    279608
01:15:54 PM 295493524 389276352   2402304      0.61   1570672  91761152  98451964     24.41  40776220  53693228      5884   1165776   3630896     10256     20124    279592
01:15:59 PM 295509292 389293600   2384572      0.60   1570672  91762628  98859384     24.52  40776324  53692244      4420   1163304   3631384     10240     19524    279592
01:16:04 PM 295488724 389273996   2403648      0.61   1570672  91763572  98455516     24.42  40776420  53697824      5576   1168700   3631932     10256     20100    279608
01:16:09 PM 295544468 389331588   2346600      0.59   1570672  91765380  95057912     23.57  40776560  53661812      4880   1131320   3631428     10288     19664    279640
01:16:14 PM 295512648 389301336   2377180      0.60   1570672  91767076  95942908     23.79  40776692  53680492      5124   1148416   3630972     10288     19872    279592
01:16:19 PM 295498212 389287748   2390880      0.61   1570672  91767912  99066072     24.57  40776784  53702980      5368   1169756   3630872     10304     20168    279592
01:16:24 PM 295487312 389277960   2400656      0.61   1570672  91769020  98652160     24.46  40776868  53698888      4524   1164748   3630888     10416     19896    279640
01:16:29 PM 295540448 389333560   2345632      0.59   1570672  91771640  95259256     23.62  40777004  53664076      4628   1127016   3630156     10288     19668    279608
01:16:34 PM 295535076 389329728   2349284      0.59   1570672  91773224  94752312     23.50  40777136  53670428      5392   1131996   3630292     10304     19728    279688
01:16:39 PM 295499432 389294404   2384972      0.60   1570672  91773376  98965108     24.54  40777244  53708504      5688   1170348   3630096     10304     20160    279688
01:16:44 PM 295500252 389296388   2382972      0.60   1570672  91774544  93235748     23.12  40777264  53705860       628   1166400   3630108     10288     19640    279648
01:16:49 PM 295531892 389329632   2349412      0.60   1570676  91776096  96046332     23.82  40777428  53688028      2932   1147716   3630472     10256     19504    279624
01:16:54 PM 295556136 389355524   2323264      0.59   1570676  91777736  98963464     24.54  40777596  53707944      3980   1165800   3630736     10272     20108    279656
01:16:59 PM 295553028 389353620   2325316      0.59   1570676  91778888  98959188     24.54  40777692  53703808      5520   1160600   3630640     10288     20108    279720
01:17:04 PM 295576852 389378900   2299900      0.58   1570676  91780304  92176556     22.86  40777704  53677200      5548   1132452   3630816     10336     19448    279688
01:17:09 PM 295545604 389349260   2329728      0.59   1570676  91781912  95846628     23.77  40777868  53713932      6472   1167864   3630628     10320     20108    279768
01:17:14 PM 295588732 389393296   2284876      0.58   1570676  91783320  92647564     22.98  40777952  53660152      4528   1112648   3630944     10336     19128    279776
01:17:19 PM 295540580 389346036   2332448      0.59   1570676  91783636  98656912     24.47  40778064  53716192      5644   1168028   3631208     10352     20216    279824
01:17:24 PM 295547752 389355108   2323576      0.59   1570676  91785516  98860436     24.52  40778216  53715516      4976   1166140   3631028     10352     20132    279776
01:17:29 PM 295555120 389364868   2314172      0.59   1570676  91787848  94851304     23.52  40778344  53683844      5184   1131324   3630732     10304     19532    279688
01:17:34 PM 295548548 389359884   2319240      0.59   1570676  91789440  94753424     23.50  40778408  53688400      5416   1135228   3630644     10320     19632    279672
01:17:39 PM 295497340 389309440   2368948      0.60   1570676  91790116  98654556     24.47  40778548  53722448      6036   1168740   3631468     10368     20192    279688
01:17:44 PM 295500784 389314376   2364344      0.60   1570676  91791632  99074196     24.57  40778692  53730660      5296   1176168   3631112     10352     20216    279688
01:17:49 PM 295500004 389314976   2363872      0.60   1570676  91793000  99065536     24.57  40778768  53723580      6056   1167220   3630996     10336     20144    279688
01:17:54 PM 295508464 389323980   2354744      0.60   1570676  91793544  98750968     24.49  40778844  53716344      5036   1159604   3631120     10368     20188    279688
01:17:59 PM 295546072 389365036   2313964      0.59   1570676  91796960  88341568     21.91  40778940  53639488      4828   1079260   3630876     10288     18356    279688
01:18:04 PM 295482784 389301724   2377216      0.60   1570676  91796880  98552160     24.44  40779140  53727028      4812   1167292   3630992     10352     20200    279696
01:18:09 PM 295494832 389315176   2363712      0.60   1570676  91798256  98657004     24.47  40779200  53733452      5684   1172100   3631072     10656     20204    279752
01:18:14 PM 295489200 389310472   2368064      0.60   1570676  91799128  98962140     24.54  40779308  53727484      4812   1165472   3631480     10336     20120    279704
01:18:19 PM 295571180 389395628   2283144      0.58   1570676  91802276  91154900     22.61  40779452  53660784      3972   1095880   3631272     10304     19028    279712
01:18:24 PM 295493352 389318356   2360268      0.60   1570676  91802804  98758416     24.49  40779596  53734200      6048   1168352   3631448     10336     20168    279720
01:18:29 PM 295486600 389312344   2366004      0.60   1570676  91803544  99167808     24.59  40779676  53734260      4948   1168448   3631724     10336     20164    279704
01:18:34 PM 295532344 389359796   2317936      0.59   1570676  91805132  89021192     22.08  40779700  53696028      5552   1128516   3632460     10288     19280    279672
01:18:39 PM 295485496 389313788   2363872      0.60   1570676  91805948  98858656     24.52  40779840  53729284      4380   1161192   3632556     10320     19912    279576
01:18:44 PM 295498340 389327648   2349532      0.60   1570676  91807672  94183440     23.36  40779928  53686620      5128   1116868   3632328     10224     19136    279624
01:18:49 PM 295464484 389295324   2382240      0.60   1570676  91808700  98654460     24.47  40780116  53734072      4532   1163392   3632448     10224     19992    279608
01:18:54 PM 295473380 389305452   2371824      0.60   1570676  91809944  98756616     24.49  40780188  53740320      5760   1168432   3632724     10240     20152    279608
01:18:59 PM 295475372 389308612   2368808      0.60   1570676  91811108  99170604     24.59  40780264  53741476      5124   1168476   3632584     10240     20144    279608
01:19:04 PM 295497744 389333044   2344912      0.59   1570676  91813200  95942960     23.79  40780392  53736332      5308   1161416   3632016     10192     19684    279512
01:19:09 PM 295495776 389332280   2345416      0.59   1570676  91814396  95941760     23.79  40780544  53736024      4440   1160228   3632284     10176     19580    279576
01:19:14 PM 295512532 389350928   2326924      0.59   1570676  91816232  95265220     23.62  40780640  53712008      5196   1134976   3632184     10192     19548    279688
01:19:19 PM 295492316 389331112   2347156      0.59   1570676  91816616  98967480     24.54  40780728  53748540      4956   1170640   3631784     10208     20148    279640
01:19:24 PM 295510572 389350376   2327732      0.59   1570676  91817684  96043376     23.82  40780800  53725216      5160   1146444   3631884     10160     19812    279608
01:19:29 PM 295502220 389343896   2334332      0.59   1570676  91819428  95637996     23.72  40780928  53743764      4696   1163276   3631892     10192     20012    279624
01:19:34 PM 295473640 389317544   2360448      0.60   1570676  91821628  98854332     24.51  40781120  53748904      5716   1166516   3632156     10224     20184    279608
01:19:39 PM 295461624 389306240   2371584      0.60   1570676  91822352  98851956     24.51  40781156  53754408      5420   1171104   3632312     10224     20204    279608
01:19:44 PM 295466040 389310928   2366940      0.60   1570676  91822588  99060260     24.57  40780916  53754624      5796   1171012   3632304     10272     20212    279672
01:19:49 PM 295470680 389317632   2360244      0.60   1570676  91824636  98548532     24.44  40781024  53756328      5572   1170228   3632312     10224     19816    279608
01:19:54 PM 295433888 389282296   2394792      0.61   1570676  91826096  99158484     24.59  40781240  53753136      4996   1166308   3633096     10480     20276    279704
01:19:59 PM 295453068 389302532   2374384      0.60   1570676  91827200  99267568     24.62  40781332  53758836      4496   1171156   3633220     10304     20272    279680
01:20:04 PM 295447436 389297708   2379500      0.60   1570676  91828004  99163360     24.59  40781360  53762300      4812   1173492   3632932     10240     20044    279656
01:20:09 PM 295467756 389319720   2357232      0.60   1570676  91829664  95254692     23.62  40781408  53726192      5784   1135832   3633220     10256     19496    279704
01:20:14 PM 295458680 389312036   2364876      0.60   1570680  91831020  99050524     24.56  40781644  53754040      4804   1162496   3633292     10288     20092    279704
01:20:19 PM 295449928 389305008   2372376      0.60   1570680  91832736  98749184     24.49  40781752  53761360      5364   1168528   3632828     10304     19896    279672
01:20:24 PM 295446424 389302164   2374932      0.60   1570680  91833388  98856708     24.52  40781836  53764668      4948   1171040   3633124     10336     20268    279680
01:20:29 PM 295424276 389280880   2396096      0.61   1570680  91834204  98858128     24.52  40781856  53766936      1272   1172016   3633292     10352     20308    279744
01:20:34 PM 295403100 389260380   2417168      0.61   1570680  91834812  98850096     24.51  40781964  53759140      2096   1164252   3632788     10320     20136    279608
01:20:39 PM 295458580 389319180   2358616      0.60   1570680  91838140  91351976     22.65  40782052  53699772      3672   1101576   3632532     10272     19028    279624
01:20:44 PM 295419484 389281244   2396436      0.61   1570680  91839264  96034244     23.82  40782212  53763352      4384   1163648   3632684     10288     19744    279576
01:20:49 PM 295446744 389309500   2368064      0.60   1570680  91840228  92233856     22.87  40782308  53728668      4896   1128756   3632832     10320     19448    279640
01:20:54 PM 295420300 389283864   2393836      0.61   1570680  91841028  98783936     24.50  40782400  53771476      5488   1170764   3632704     10336     20264    279688
01:20:59 PM 295442088 389306780   2370480      0.60   1570680  91842092  95930812     23.79  40782488  53741724      5056   1139996   3633208     10304     19524    279704
01:21:04 PM 295511712 389379980   2297528      0.58   1570680  91845660  87039476     21.58  40782564  53674884      4944   1069656   3632968     10288     18940    279704
01:21:09 PM 295412720 389280492   2396940      0.61   1570680  91845172  96137304     23.84  40782752  53769428      5208   1164900   3633036     10320     20008    279704
01:21:14 PM 295418160 389287004   2390676      0.61   1570680  91846216  96140976     23.84  40782812  53772984      4880   1167372   3632816     10336     20064    279656
01:21:19 PM 295409736 389280948   2396308      0.61   1570680  91848616  98645568     24.46  40782944  53773020      5136   1165288   3633208     10304     19760    279688
01:21:24 PM 295407048 389279480   2397808      0.61   1570680  91849768  98745464     24.49  40783032  53772376      5324   1163580   3633244     10320     20072    279608
01:21:29 PM 295406576 389281072   2396136      0.61   1570680  91851788  94743164     23.50  40783136  53743580      5452   1132872   3633368     10384     20020    279720
01:21:34 PM 295404028 389279220   2398620      0.61   1570680  91852456  98948348     24.54  40783268  53773532      5284   1162324   3632764     10320     20132    279656
01:21:39 PM 295413848 389291184   2386112      0.60   1570680  91854600  95627528     23.71  40783324  53764392      5516   1151320   3633308     10544     19576    279736
01:21:44 PM 295397500 389276028   2402264      0.61   1570680  91855636  98854452     24.51  40783524  53784592      5300   1170400   3632468     10304     20144    279736
01:21:49 PM 295380232 389260316   2417812      0.61   1570680  91857184  98645512     24.46  40783612  53782780      5360   1167112   3632640     10304     20136    279640
01:21:54 PM 295385824 389266928   2410992      0.61   1570684  91858108  98850460     24.51  40783724  53785556      5480   1169128   3632940     10256     19996    279656
01:21:59 PM 295400476 389282968   2394920      0.61   1570684  91859504  98748864     24.49  40783808  53786808      5332   1168920   3632964     10320     20156    279704
01:22:04 PM 295405464 389289356   2388592      0.60   1570684  91860816  98849180     24.51  40783924  53785668      5640   1166628   3632992     10288     20132    279704
01:22:09 PM 295389756 389275636   2402636      0.61   1570684  91862740  99052416     24.56  40784060  53786728      5576   1165924   3632732     10256     20132    279624
01:22:14 PM 295404856 389292156   2386188      0.60   1570684  91864016  98848168     24.51  40784116  53787472      6192   1165448   3632804     10272     20136    279704
01:22:19 PM 295416820 389305404   2372980      0.60   1570684  91865264  98955568     24.54  40784248  53792644      5544   1169720   3632800     10304     20208    279608
01:22:24 PM 295419824 389310484   2367772      0.60   1570684  91867296  98648948     24.46  40784348  53795764      6588   1170812   3632972     10272     20192    279640
01:22:29 PM 295438204 389329432   2349040      0.59   1570684  91867864  98747760     24.49  40784480  53789520      4836   1164176   3632756     10272     20152    279688
01:22:34 PM 295433340 389325740   2352480      0.60   1570684  91868988  98747856     24.49  40784548  53791808      5448   1164780   3633056     10224     20044    279656
01:22:39 PM 295446108 389339776   2338544      0.59   1570684  91870264  99054524     24.56  40784652  53793744      4888   1165612   3632948     10240     20092    279608
01:22:44 PM 295460480 389355724   2322400      0.59   1570684  91871820  95356332     23.65  40784764  53760448      4320   1131224   3633164     10256     18988    279624
01:22:49 PM 295434196 389330924   2347392      0.59   1570684  91873284  98546168     24.44  40784888  53798184      4892   1167792   3632992     10304     20136    279624
01:22:54 PM 295433784 389331804   2346696      0.59   1570684  91874596  98956480     24.54  40784964  53801004      5456   1169416   3632788     10288     20144    279736
01:22:59 PM 295422800 389322636   2355592      0.60   1570684  91876396  98548432     24.44  40785096  53805412      5404   1171500   3633076     10336     20392    279760
01:23:04 PM 295434232 389335336   2343304      0.59   1570684  91877596  98642632     24.46  40785224  53801020      5440   1165908   3632732     10304     20152    279800
01:23:09 PM 295448584 389351060   2327568      0.59   1570684  91878948  98545052     24.44  40785344  53804156      4840   1167968   3632764     10288     20128    279736
01:23:14 PM 295480756 389385448   2292968      0.58   1570684  91881044  95054080     23.57  40785412  53773680      5320   1135916   3633096     10480     19756    279760
01:23:19 PM 295445152 389350564   2328284      0.59   1570684  91881680  95829632     23.76  40785540  53801172      4508   1162812   3632748     10288     19944    279720
01:23:24 PM 295443616 389351552   2327044      0.59   1570684  91884184  98740940     24.49  40785696  53800180      4984   1159544   3633020     10320     19644    279736
01:23:29 PM 295411128 389320000   2358612      0.60   1570684  91884952  99052008     24.56  40785828  53803700      5284   1162508   3633172     10288     19992    279656
01:23:34 PM 295401456 389311736   2367024      0.60   1570684  91886328  99057228     24.56  40785884  53815284      5592   1172724   3633056     10304     20196    279656
01:23:39 PM 295418920 389329996   2348160      0.59   1570684  91887084  95929604     23.79  40785964  53786044      5416   1142868   3633700     10224     19356    279656
01:23:44 PM 295475476 389389928   2288100      0.58   1570684  91890456  87454320     21.69  40786028  53721796      4712   1075116   3633832     10224     18448    279608
01:23:49 PM 295411044 389325264   2352652      0.60   1570684  91890156  99159228     24.59  40786248  53814100      5532   1168016   3634012     10272     20160    279608
01:23:54 PM 295463516 389380092   2297796      0.58   1570684  91892524  91351440     22.65  40786300  53750716      4352   1102400   3634028     10256     19036    279656
01:23:59 PM 295421392 389339140   2338468      0.59   1570684  91893660  95254024     23.62  40786420  53784952      5884   1135544   3634344     10272     19636    279672
01:24:04 PM 295432388 389351948   2325684      0.59   1570684  91895444  90200664     22.37  40786520  53793556      4800   1142540   3634348     10256     19052    279640
01:24:09 PM 295417604 389337904   2339400      0.59   1570684  91896200  98955120     24.54  40786700  53821396      5960   1169976   3634660     10288     20188    279704
01:24:14 PM 295451980 389373624   2303952      0.58   1570684  91897492  95465184     23.67  40786760  53792176      4744   1139200   3634440     10240     19576    279656
01:24:19 PM 295427160 389348956   2329340      0.59   1570684  91897648  95937304     23.79  40786852  53821644      5688   1168716   3633716     10304     19880    279656
01:24:24 PM 295412768 389337236   2341700      0.59   1570684  91900216  98648380     24.46  40787012  53822400      5408   1167156   3633180     10240     20028    279656
01:24:29 PM 295410344 389336388   2342272      0.59   1570684  91901712  95623596     23.71  40787124  53818188      5320   1161072   3633536     10288     19740    279624
01:24:34 PM 295413672 389340476   2337832      0.59   1570684  91902468  98821404     24.51  40787176  53831484      5568   1173860   3633892     10256     20088    279640
01:24:39 PM 295405164 389333260   2344564      0.59   1570684  91903736  96036644     23.82  40787340  53821612      5168   1162756   3634400     10304     20044    279624
01:24:44 PM 295401544 389330772   2346672      0.59   1570684  91904828  90104648     22.34  40787440  53784656      3980   1125192   3634820     10320     19472    279584
01:24:49 PM 295347564 389278824   2398364      0.61   1570684  91906864  98955104     24.54  40787552  53833868      6028   1172360   3635072     10272     20116    279688
01:24:54 PM 295381004 389313496   2363708      0.60   1570684  91908100  92140424     22.85  40787644  53783772      4412   1120760   3635052     10288     19096    279664
01:24:59 PM 295384156 389318308   2359340      0.60   1570684  91909716  95260468     23.62  40787764  53806876      5268   1143440   3634652     10448     19532    279736
01:25:04 PM 295394596 389329592   2347144      0.59   1570684  91910564  92133476     22.85  40787892  53794468      4256   1129648   3635560     10336     19372    279672
01:25:09 PM 295368468 389305672   2370808      0.60   1570684  91912792  98949620     24.54  40787992  53832796      4608   1164952   3635796     10416     19876    279752
01:25:14 PM 295382264 389320472   2356252      0.60   1570684  91913792  96036232     23.82  40788088  53833612      6028   1165868   3635556     10272     19724    279688
01:25:19 PM 295373112 389312340   2364388      0.60   1570684  91914820  98853232     24.51  40788232  53837948      4968   1169336   3635544     10288     20120    279672
01:25:24 PM 295442580 389383428   2292896      0.58   1570684  91916404  89314644     22.15  40788304  53778548      4416   1107756   3635984     10256     18304    279608
01:25:29 PM 295379436 389322108   2354612      0.60   1570684  91918228  98748052     24.49  40788472  53839584      5508   1167808   3635588     10336     20264    279672
01:25:34 PM 295352460 389296212   2380348      0.60   1570684  91919252  99156244     24.59  40788552  53842464      6184   1169764   3635804     10288     20172    279688
01:25:39 PM 295356356 389301188   2375212      0.60   1570684  91920344  99056016     24.56  40788600  53845168      5564   1171288   3635952     10288     20156    279736
01:25:44 PM 295347160 389292752   2383420      0.60   1570684  91921120  98951756     24.54  40788736  53839064      5492   1164692   3636164     10256     20012    279752
01:25:49 PM 295370016 389317872   2358292      0.60   1570684  91923360  92445184     22.93  40788828  53813624      4748   1136996   3636196     10272     19112    279672
01:25:54 PM 295309096 389258736   2417856      0.61   1570684  91925152  98553740     24.44  40788964  53856520      7200   1178228   3635760     10304     20376    279744
01:25:59 PM 295349148 389298768   2378368      0.60   1570684  91925080  98746264     24.49  40789076  53845168      4976   1167240   3635268     10304     20176    279688
01:26:04 PM 295336444 389287488   2390144      0.61   1570684  91926492  99063380     24.57  40789168  53855664      5564   1176196   3634784     10320     20224    279672
01:26:09 PM 295374184 389327612   2350532      0.60   1570684  91928876  98958344     24.54  40789292  53853632      5844   1172116   3634272     10272     20228    279592
01:26:14 PM 295363836 389317876   2360284      0.60   1570684  91929440  98541716     24.44  40789420  53842984      5260   1161212   3634304     10256     20004    279576
01:26:19 PM 295384812 389340044   2338368      0.59   1570684  91930652  98951460     24.54  40789512  53848828      4456   1165736   3634032     10256     20004    279608
01:26:24 PM 295342272 389298944   2379340      0.60   1570684  91932036  99260864     24.62  40789596  53854292      5840   1169916   3634216     10256     20192    279656
01:26:29 PM 295304888 389263464   2415068      0.61   1570684  91933876  98853724     24.51  40789692  53859252      6060   1173064   3634032     10304     20376    279600
01:26:34 PM 295263244 389223324   2455112      0.62   1570684  91935356  98852640     24.51  40789868  53855500      5584   1168020   3634152     10240     20072    279576
01:26:39 PM 295241812 389202532   2476124      0.63   1570684  91935976  98955980     24.54  40789924  53858940      4488   1170832   3633952     10256     20432    279608
01:26:44 PM 295236380 389198564   2479680      0.63   1570684  91937456  98850300     24.51  40790056  53855460      5112   1165944   3634348     10352     19796    279752
01:26:49 PM 295269156 389232520   2446276      0.62   1570684  91938696  98852248     24.51  40790172  53862032      4920   1171496   3633736     10320     20560    279752
01:26:54 PM 295294908 389260104   2418040      0.61   1570684  91940544  98954604     24.54  40790320  53862244      4488   1169932   3634372     10448     20000    279720
01:26:59 PM 295306312 389272696   2406512      0.61   1570684  91941704  98540952     24.44  40790384  53859588      4652   1165596   3633336     10272     20120    279704
01:27:04 PM 295316176 389283192   2395488      0.61   1570684  91942804  98843932     24.51  40790464  53855816      4760   1162396   3633396     10288     19968    279688
01:27:09 PM 295296836 389266672   2411940      0.61   1570684  91945124  95732400     23.74  40790624  53857788      5688   1161692   3633964     10288     20148    279656
01:27:14 PM 295313960 389285476   2393068      0.61   1570684  91946788  95155508     23.60  40790712  53837492      5188   1139248   3634048     10336     19756    279728
01:27:19 PM 295264796 389236656   2441520      0.62   1570684  91947112  98644888     24.46  40790808  53864208      5728   1165340   3634436     10304     20128    279768
01:27:24 PM 295274728 389248268   2429824      0.62   1570684  91948744  98435700     24.41  40790920  53861516      5264   1161612   3634568     10320     20076    279672
01:27:29 PM 295285140 389260284   2417580      0.61   1570684  91950328  95561148     23.70  40791016  53838280      5684   1135684   3634816     10304     19688    279704
01:27:34 PM 295267620 389243820   2434180      0.62   1570684  91951376  96137076     23.84  40791100  53867064      4800   1164168   3634688     10320     20084    279656
01:27:39 PM 295260388 389237444   2440276      0.62   1570684  91952136  98857336     24.52  40791216  53874512      5780   1171436   3635064     10304     20140    279688
01:27:44 PM 295256780 389235112   2442492      0.62   1570684  91953424  96136080     23.84  40791284  53854180      4764   1150000   3635168     10288     19592    279640
01:27:49 PM 295270356 389250856   2426652      0.61   1570684  91955576  92341232     22.90  40791460  53842828      5184   1136732   3635280     10240     19560    279576
01:27:54 PM 295244008 389225112   2452632      0.62   1570684  91956168  98848236     24.51  40791532  53874992      4616   1167704   3635056     10208     20068    279592
01:27:59 PM 295259180 389241768   2436340      0.62   1570684  91957604  99156096     24.59  40791668  53878064      5420   1170148   3634740     10256     20164    279592
01:28:04 PM 295323148 389307096   2370764      0.60   1570684  91958964  92543304     22.95  40791708  53827036      4552   1117084   3634988     10272     19332    279552
01:28:09 PM 295231968 389217300   2460256      0.62   1570684  91960304  98542388     24.44  40791836  53881880      5976   1171400   3635336     10192     20124    279688
01:28:14 PM 295236428 389223416   2454096      0.62   1570684  91961956  98958140     24.54  40791988  53883264      5376   1171240   3635384     10256     20180    279656
01:28:19 PM 295247448 389235576   2441488      0.62   1570684  91963108  99197540     24.60  40792064  53890536      6036   1177552   3635820     10240     20208    279688
01:28:24 PM 295253768 389243200   2433956      0.62   1570684  91964396  98740764     24.49  40792212  53875788      4716   1161688   3635744     10256     20060    279608
01:28:29 PM 295250832 389241316   2435768      0.62   1570684  91965420  98543376     24.44  40792264  53883424      5532   1168196   3635844     10256     20084    279672
01:28:34 PM 295241548 389233148   2444172      0.62   1570684  91966512  98950880     24.54  40792368  53885076      4776   1168984   3635632     10272     20284    279608
01:28:39 PM 295241192 389235048   2442044      0.62   1570684  91968740  98649564     24.46  40792488  53890252      6228   1172432   3635888     10432     20136    279640
01:28:44 PM 295269016 389263696   2413888      0.61   1570688  91969536  99088464     24.57  40792644  53886780      4368   1167896   3635420     10272     20128    279576
01:28:49 PM 295284756 389281136   2396548      0.61   1570692  91971172  98819008     24.51  40792776  53887700      4876   1166708   3635380     10288     20240    279536
01:28:54 PM 295287884 389286040   2391636      0.61   1570692  91972924  96143268     23.84  40792812  53878208      6400   1156000   3635412     10320     20120    279560
01:28:59 PM 295320968 389321608   2356048      0.60   1570692  91975372  93504780     23.19  40792880  53831032      5584   1106380   3635468     10256     19192    279544
01:29:04 PM 295231336 389231816   2446304      0.62   1570692  91975188  98844936     24.51  40793076  53888228      5524   1164012   3635028     10256     19704    279576
01:29:09 PM 295247188 389249172   2429708      0.62   1570692  91976688  98746820     24.49  40793188  53895304      5424   1169188   3634272     10320     20276    279576
01:29:14 PM 295264652 389267212   2411588      0.61   1570692  91977260  96026884     23.81  40793232  53869884      5476   1143768   3634356     10240     19544    279656
01:29:19 PM 295259328 389263492   2415432      0.61   1570692  91978836  96039104     23.82  40793324  53878932      5288   1151264   3634260     10240     19616    279560
01:29:24 PM 295226164 389231900   2447452      0.62   1570692  91980460  98956064     24.54  40793540  53897796      5540   1168848   3633780     10272     20140    279512
01:29:29 PM 295236652 389243472   2435884      0.62   1570692  91981544  98746848     24.49  40793628  53900600      4828   1170516   3633776     10240     20180    279576
01:29:34 PM 295255956 389263956   2415076      0.61   1570696  91982708  98851872     24.51  40793724  53899376      5564   1168468   3634112     10272     20212    279672
01:29:39 PM 295273332 389283064   2395856      0.61   1570696  91984440  95057528     23.57  40793752  53879524      5292   1146616   3634224     10272     19792    279744
01:29:44 PM 295255544 389266556   2411868      0.61   1570696  91985664  96138188     23.84  40793920  53881776      5368   1147752   3634776     10240     19624    279672
01:29:49 PM 295289552 389302052   2376272      0.60   1570696  91987124  92711272     22.99  40794004  53862780      4376   1127472   3634904     10240     19336    279592
01:29:54 PM 295241656 389255992   2422528      0.61   1570696  91988960  98435212     24.41  40794148  53900896      5248   1163944   3634708     10256     19720    279608
01:29:59 PM 295235224 389250568   2428696      0.62   1570696  91989952  98849004     24.51  40794268  53908968      5316   1171096   3633980     10224     20208    279640
01:30:04 PM 295227908 389244412   2434636      0.62   1570696  91991148  98949164     24.54  40794344  53905944      5524   1166480   3634160     10240     20060    279624
01:30:09 PM 295211752 389229812   2449184      0.62   1570696  91992668  98646572     24.46  40794500  53909172      4828   1168876   3634248     10272     20240    279640
01:30:14 PM 295217284 389237104   2441496      0.62   1570696  91994444  98854460     24.51  40794588  53915156      6432   1174108   3634628     10096     20080    279624
01:30:19 PM 295253828 389274468   2404324      0.61   1570696  91995228  98848532     24.51  40794724  53908880      4456   1166192   3634472     10192     20016    279592
01:30:24 PM 295236200 389258064   2420616      0.61   1570696  91996436  99156632     24.59  40794812  53912160      4760   1168592   3634600     10576     20056    279704
01:30:29 PM 295248688 389271796   2406760      0.61   1570696  91997660  98746792     24.49  40794908  53911592      4704   1166244   3634744     10256     20144    279656
01:30:34 PM 295240464 389265032   2413476      0.61   1570696  91999072  98746936     24.49  40795012  53913856      5116   1167724   3634840     10240     19796    279656
01:30:39 PM 295243096 389269692   2408500      0.61   1570696  92001092  96240144     23.87  40795176  53912644      5128   1164640   3635164     10272     19996    279688
01:30:44 PM 295237376 389264752   2413620      0.61   1570696  92001864  99057744     24.57  40795252  53921620      5036   1172940   3634992     10224     20048    279656
01:30:49 PM 295239268 389267336   2410932      0.61   1570696  92002548  98641696     24.46  40795316  53912256      5348   1163020   3635104     10256     19908    279672
01:30:54 PM 295270180 389300040   2378512      0.60   1570696  92004364  98750508     24.49  40795424  53920504      5144   1169424   3634796     10224     19824    279688
01:30:59 PM 295273004 389304012   2374064      0.60   1570696  92005468  96234116     23.86  40795576  53896304      4900   1144236   3635316     10288     19844    279688
01:31:04 PM 295236784 389269416   2408704      0.61   1570696  92007052  98962116     24.54  40795676  53931716      5024   1177780   3635312     10272     20188    279720
01:31:09 PM 295232064 389265804   2412260      0.61   1570696  92008160  98950788     24.54  40795780  53922492      5908   1167944   3635368     10288     20096    279688
01:31:14 PM 295215044 389250028   2428468      0.62   1570696  92009356  98954748     24.54  40795844  53928220       496   1172656   3634984     10304     20136    279688
01:31:19 PM 295225280 389261980   2416536      0.61   1570696  92011068  98644476     24.46  40795992  53924148      2812   1167096   3634968     10384     20308    279760
01:31:24 PM 295234560 389272256   2406216      0.61   1570696  92012036  98437404     24.41  40796056  53925560      2960   1168124   3635040     10336     20192    279672
01:31:29 PM 295243680 389282960   2395324      0.61   1570696  92013632  98642520     24.46  40796208  53923936      4220   1164636   3635216     10320     20112    279720
01:31:34 PM 295251924 389293124   2385160      0.60   1570696  92015540  95152532     23.60  40796252  53899972       780   1138488   3635228     10288     20164    279688
01:31:39 PM 295233416 389275564   2402648      0.61   1570696  92016492  93120540     23.09  40796340  53913288      2360   1144380   3635296     10320     19996    279736
01:31:44 PM 295214020 389256924   2421396      0.61   1570696  92017172  98962524     24.54  40796476  53939440      2820   1176672   3635264     10304     20180    279728
01:31:49 PM 295224076 389268452   2409512      0.61   1570696  92018684  98756968     24.49  40796600  53938596      3828   1174512   3635580     10352     20252    279712
01:31:54 PM 295209288 389255628   2422400      0.61   1570696  92020588  98966568     24.54  40796680  53949712      6000   1183664   3635576     10336     20340    279728
01:31:59 PM 295266380 389314984   2362416      0.60   1570696  92022828  88645464     21.98  40796784  53869028      5188   1101500   3636228     10336     18792    279768
01:32:04 PM 295226128 389274724   2402720      0.61   1570696  92022760  98643656     24.46  40796940  53933540      4644   1165668   3636244     10304     19996    279736
01:32:09 PM 295183716 389233572   2443420      0.62   1570696  92024016  98955940     24.54  40797032  53941600      5100   1171996   3636700     10400     20284    279840
01:32:14 PM 295199272 389250396   2427048      0.61   1570696  92025264  99061876     24.57  40797124  53947168      5656   1176896   3636268     10320     20336    279792
01:32:19 PM 295198456 389250732   2426952      0.61   1570696  92026380  98641152     24.46  40797224  53936528      5152   1164792   3636064     10368     20324    279736
01:32:24 PM 295209904 389264776   2413072      0.61   1570696  92028900  94843480     23.52  40797380  53911192      5012   1137700   3635976     10304     19604    279672
01:32:29 PM 295199240 389255464   2422544      0.61   1570696  92030268  95153148     23.60  40797440  53915100      5196   1140140   3635800     10288     19672    279640
01:32:34 PM 295193144 389249936   2427956      0.61   1570700  92030808  98750448     24.49  40797556  53948364      5736   1172552   3635940     10272     20212    279656
01:32:39 PM 295221608 389279196   2398944      0.61   1570700  92031588  96033124     23.81  40797632  53921192      4536   1144988   3635708     10256     19592    279672
01:32:44 PM 295223404 389283336   2394704      0.61   1570700  92033792  95664548     23.72  40797776  53916964      5000   1138844   3635948     10240     19544    279592
01:32:49 PM 295226352 389288092   2389984      0.61   1570700  92035592  98948296     24.54  40797876  53944496      4928   1164624   3635920     10240     19088    279624
01:32:54 PM 295239380 389301620   2375704      0.60   1570700  92035980  98850100     24.51  40798000  53948904      5140   1168792   3636784     10304     20452    279640
01:32:59 PM 295214680 389278620   2398712      0.61   1570700  92037696  96033736     23.82  40798116  53946940      4784   1165188   3636760     10288     20176    279624
01:33:04 PM 295209564 389274704   2401860      0.61   1570700  92038828  99052084     24.56  40798216  53949700      5312   1166992   3637596     10224     19912    279688
01:33:09 PM 295208020 389274892   2401620      0.61   1570700  92040560  98956372     24.54  40798352  53956644      5188   1172204   3637648     10192     20156    279688
01:33:14 PM 295223880 389291876   2384560      0.60   1570700  92041696  95461332     23.67  40798404  53926304      5288   1140844   3637712     10240     19556    279704
01:33:19 PM 295226596 389297108   2379120      0.60   1570700  92044204  92134060     22.85  40798496  53924248      5312   1136388   3637928     10224     19264    279720
01:33:24 PM 295195276 389265652   2410640      0.61   1570700  92044032  99058632     24.57  40798656  53960196      5348   1172284   3637900     10288     20224    279752
01:33:29 PM 295168524 389241132   2435336      0.62   1570700  92046244  98537832     24.44  40798752  53952896      4836   1163296   3637744     10256     20028    279736
01:33:34 PM 295186104 389258920   2418180      0.61   1570700  92046408  98645536     24.46  40798844  53958932      5420   1169348   3637156     10272     20100    279736
01:33:39 PM 295183708 389258140   2419072      0.61   1570700  92047992  99056632     24.56  40798952  53962960      5556   1171912   3637076     10288     20176    279640
01:33:44 PM 295175668 389251360   2425884      0.61   1570700  92049304  98649688     24.46  40799020  53965760      5928   1173744   3636992     10560     20208    279736
01:33:49 PM 295197232 389274920   2402928      0.61   1570700  92051212  98742496     24.49  40799224  53959908      4540   1165988   3636476     10304     19884    279688
01:33:54 PM 295232264 389311800   2365616      0.60   1570700  92053004  95252840     23.62  40799308  53935308      4588   1140004   3636964     10352     19804    279688
01:33:59 PM 295203748 389283628   2393476      0.61   1570700  92053344  98746900     24.49  40799376  53966804      6244   1170752   3637280     10288     20164    279704
01:34:04 PM 295222040 389304492   2372484      0.60   1570700  92055892  94949536     23.55  40799484  53940132      5976   1141216   3637432     10256     19712    279608
01:34:09 PM 295188976 389272132   2405044      0.61   1570700  92056576  99062712     24.57  40799652  53976380      5500   1177564   3637252     10208     20040    279560
01:34:14 PM 295186788 389270736   2406568      0.61   1570700  92057312  99058984     24.57  40799748  53975568      5036   1175772   3637180     10288     20236    279608
01:34:19 PM 295251684 389337536   2339728      0.59   1570700  92059216  88228656     21.88  40799764  53902068      4736   1100500   3637220     10240     18356    279608
01:34:24 PM 295190744 389277964   2399104      0.61   1570700  92060604  98850616     24.51  40799952  53972692      5192   1169952   3637396     10272     20160    279624
01:34:29 PM 295172824 389260828   2416120      0.61   1570700  92061368  98947368     24.54  40800084  53968040      5236   1164572   3637536     10272     20048    279624
01:34:34 PM 295161504 389250724   2426252      0.61   1570700  92062532  98952180     24.54  40800172  53975476      4704   1171096   3637560     10272     20472    279640
01:34:39 PM 295223792 389315024   2361912      0.60   1570700  92064568  92130232     22.85  40800228  53935804      4588   1129596   3637576     10288     19096    279632
01:34:44 PM 295163420 389255252   2422152      0.61   1570700  92065148  98965828     24.54  40800372  53986104      5200   1179204   3637128     10336     20404    279640
01:34:49 PM 295200708 389294488   2382908      0.60   1570700  92067120  95936976     23.79  40800464  53962336      5156   1153720   3637112     10256     19372    279544
01:34:54 PM 295180080 389274520   2402452      0.61   1570700  92067768  99158260     24.59  40800592  53980172      4968   1171032   3637548     10224     20140    279624
01:34:59 PM 295217548 389314308   2362644      0.60   1570700  92070032  93118776     23.09  40800632  53957948      5316   1146104   3637624     10272     19028    279608
01:35:04 PM 295221960 389318788   2358148      0.60   1570700  92070076  98544156     24.44  40800760  53981812      5180   1170288   3637664     10256     20124    279560
01:35:09 PM 295273712 389373348   2303632      0.58   1570700  92072836  87654800     21.74  40800820  53886952      5076   1072812   3637668     10256     18556    279576
01:35:14 PM 295247172 389348316   2329244      0.59   1570700  92074308  95048144     23.57  40801012  53950708      5132   1135216   3637124     10224     19228    279528
01:35:19 PM 295261180 389362224   2315424      0.59   1570700  92074176  98647572     24.46  40801092  53986832      5656   1171544   3637068     10256     20188    279576
01:35:24 PM 295249140 389351544   2326084      0.59   1570700  92075536  98755296     24.49  40801160  53995440      5652   1178932   3637088     10240     20208    279624
01:35:29 PM 295234188 389338960   2338752      0.59   1570700  92077788  96042620     23.82  40801284  53993408      5840   1174752   3637120     10176     19352    279608
01:35:34 PM 295244024 389350444   2327416      0.59   1570700  92079432  92034492     22.82  40801416  53961108      5612   1141428   3636976     10224     19664    279608
01:35:39 PM 295251988 389358896   2318696      0.59   1570700  92079916  96035640     23.82  40801536  53971000      5380   1150692   3637248     10256     19204    279656
01:35:44 PM 295277852 389387004   2290488      0.58   1570700  92082140  88434628     21.93  40801588  53908512      4464   1085904   3637368     10192     19244    279560
01:35:49 PM 295197816 389307628   2369900      0.60   1570700  92082788  98952124     24.54  40801788  53993040      4656   1170092   3637344     10192     20060    279432
01:35:54 PM 295249268 389360288   2317592      0.59   1570700  92084120  95831372     23.76  40801876  53973172      5364   1148824   3636868     10192     19536    279576
01:35:59 PM 295229508 389341612   2336068      0.59   1570700  92085204  98848236     24.51  40801980  53994352      5100   1168980   3637068     10224     20164    279592
01:36:04 PM 295212940 389326348   2350440      0.60   1570700  92086464  96036756     23.82  40802084  53993412      5720   1166844   3638004     10192     20048    279544
01:36:09 PM 295221300 389337076   2339952      0.59   1570700  92088828  94948108     23.55  40802200  53964060      5092   1135248   3637768     10176     19668    279576
01:36:14 PM 295201232 389318432   2358528      0.60   1570700  92090208  98850808     24.51  40802328  54000040      5784   1169916   3637880     10176     19648    279528
01:36:19 PM 295212744 389330000   2347096      0.59   1570700  92090244  98748324     24.49  40802376  54001100      5204   1171112   3637764     10208     20176    279496
01:36:24 PM 295203236 389322004   2355080      0.60   1570700  92091672  98855064     24.51  40802488  54003880      2480   1172608   3637860     10208     20132    279544
01:36:29 PM 295219724 389340496   2336544      0.59   1570700  92093688  95733248     23.74  40802580  54008188      2988   1174852   3637892     10208     20116    279528
01:36:34 PM 295211736 389334268   2342436      0.59   1570700  92095364  98754588     24.49  40802748  54009788      5952   1175176   3638312     10176     20100    279464
01:36:39 PM 295236180 389360240   2316156      0.59   1570700  92096884  95359524     23.65  40802812  53977996      4896   1141816   3638628     10160     19620    279480
01:36:44 PM 295196288 389320540   2355784      0.60   1570700  92097044  98546616     24.44  40802900  54009996      6508   1174372   3638732     10256     20240    279688
01:36:49 PM 295259692 389386296   2289840      0.58   1570700  92099372  92237200     22.87  40803000  53959376      4924   1120820   3638944     10192     19068    279624
01:36:54 PM 295223180 389350468   2326084      0.59   1570700  92100080  98649672     24.46  40803168  54014644      6140   1175736   3638504     10256     20276    279592
01:36:59 PM 295195980 389324656   2352092      0.60   1570700  92101448  98749060     24.49  40803260  54011360      5400   1171108   3638328     10224     20092    279576
01:37:04 PM 295192544 389322048   2354764      0.60   1570700  92102236  98955244     24.54  40803352  54014016      5628   1173152   3638304     10240     20160    279592
01:37:09 PM 295183076 389314080   2362776      0.60   1570700  92103680  98849108     24.51  40803476  54009644      4896   1167284   3638316     10208     20048    279544
01:37:14 PM 295203724 389336588   2340336      0.59   1570700  92105444  99057968     24.57  40803612  54014556      5328   1170940   3638344     10304     19552    279592
01:37:19 PM 295188172 389322416   2354560      0.60   1570700  92106716  98949980     24.54  40803740  54013208      4576   1168184   3638400     10208     20192    279576
